[2024-10-22T09:23:21.255+0000] {processor.py:186} INFO - Started process (PID=76) to work on /home/airflow/.local/lib/python3.12/site-packages/airflow/example_dags/example_params_trigger_ui.py
[2024-10-22T09:23:21.257+0000] {processor.py:914} INFO - Processing file /home/airflow/.local/lib/python3.12/site-packages/airflow/example_dags/example_params_trigger_ui.py for tasks to queue
[2024-10-22T09:23:21.263+0000] {logging_mixin.py:190} INFO - [2024-10-22T09:23:21.262+0000] {dagbag.py:588} INFO - Filling up the DagBag from /home/airflow/.local/lib/python3.12/site-packages/airflow/example_dags/example_params_trigger_ui.py
[2024-10-22T09:23:21.301+0000] {processor.py:925} INFO - DAG(s) 'example_params_trigger_ui' retrieved from /home/airflow/.local/lib/python3.12/site-packages/airflow/example_dags/example_params_trigger_ui.py
[2024-10-22T09:23:21.458+0000] {logging_mixin.py:190} INFO - [2024-10-22T09:23:21.457+0000] {dag.py:3239} INFO - Sync 1 DAGs
[2024-10-22T09:23:21.497+0000] {logging_mixin.py:190} INFO - [2024-10-22T09:23:21.496+0000] {dag.py:4180} INFO - Setting next_dagrun for example_params_trigger_ui to None, run_after=None
[2024-10-22T09:23:23.151+0000] {processor.py:208} INFO - Processing /home/airflow/.local/lib/python3.12/site-packages/airflow/example_dags/example_params_trigger_ui.py took 1.909 seconds
[2024-10-22T09:24:00.637+0000] {processor.py:186} INFO - Started process (PID=138) to work on /home/airflow/.local/lib/python3.12/site-packages/airflow/example_dags/example_params_trigger_ui.py
[2024-10-22T09:24:00.649+0000] {processor.py:914} INFO - Processing file /home/airflow/.local/lib/python3.12/site-packages/airflow/example_dags/example_params_trigger_ui.py for tasks to queue
[2024-10-22T09:24:00.803+0000] {logging_mixin.py:190} INFO - [2024-10-22T09:24:00.769+0000] {dagbag.py:588} INFO - Filling up the DagBag from /home/airflow/.local/lib/python3.12/site-packages/airflow/example_dags/example_params_trigger_ui.py
[2024-10-22T09:24:00.945+0000] {processor.py:925} INFO - DAG(s) 'example_params_trigger_ui' retrieved from /home/airflow/.local/lib/python3.12/site-packages/airflow/example_dags/example_params_trigger_ui.py
[2024-10-22T09:24:01.557+0000] {logging_mixin.py:190} INFO - [2024-10-22T09:24:01.556+0000] {dag.py:3239} INFO - Sync 1 DAGs
[2024-10-22T09:24:01.738+0000] {logging_mixin.py:190} INFO - [2024-10-22T09:24:01.738+0000] {dag.py:4180} INFO - Setting next_dagrun for example_params_trigger_ui to None, run_after=None
[2024-10-22T09:24:01.997+0000] {processor.py:208} INFO - Processing /home/airflow/.local/lib/python3.12/site-packages/airflow/example_dags/example_params_trigger_ui.py took 1.409 seconds
[2024-10-22T09:24:39.101+0000] {processor.py:186} INFO - Started process (PID=201) to work on /home/airflow/.local/lib/python3.12/site-packages/airflow/example_dags/example_params_trigger_ui.py
[2024-10-22T09:24:39.104+0000] {processor.py:914} INFO - Processing file /home/airflow/.local/lib/python3.12/site-packages/airflow/example_dags/example_params_trigger_ui.py for tasks to queue
[2024-10-22T09:24:39.120+0000] {logging_mixin.py:190} INFO - [2024-10-22T09:24:39.120+0000] {dagbag.py:588} INFO - Filling up the DagBag from /home/airflow/.local/lib/python3.12/site-packages/airflow/example_dags/example_params_trigger_ui.py
[2024-10-22T09:24:39.213+0000] {processor.py:925} INFO - DAG(s) 'example_params_trigger_ui' retrieved from /home/airflow/.local/lib/python3.12/site-packages/airflow/example_dags/example_params_trigger_ui.py
[2024-10-22T09:24:39.747+0000] {logging_mixin.py:190} INFO - [2024-10-22T09:24:39.746+0000] {dag.py:3239} INFO - Sync 1 DAGs
[2024-10-22T09:24:39.853+0000] {logging_mixin.py:190} INFO - [2024-10-22T09:24:39.852+0000] {dag.py:4180} INFO - Setting next_dagrun for example_params_trigger_ui to None, run_after=None
[2024-10-22T09:24:40.458+0000] {processor.py:208} INFO - Processing /home/airflow/.local/lib/python3.12/site-packages/airflow/example_dags/example_params_trigger_ui.py took 1.389 seconds
[2024-10-22T09:25:15.824+0000] {processor.py:186} INFO - Started process (PID=269) to work on /home/airflow/.local/lib/python3.12/site-packages/airflow/example_dags/example_params_trigger_ui.py
[2024-10-22T09:25:15.830+0000] {processor.py:914} INFO - Processing file /home/airflow/.local/lib/python3.12/site-packages/airflow/example_dags/example_params_trigger_ui.py for tasks to queue
[2024-10-22T09:25:15.838+0000] {logging_mixin.py:190} INFO - [2024-10-22T09:25:15.837+0000] {dagbag.py:588} INFO - Filling up the DagBag from /home/airflow/.local/lib/python3.12/site-packages/airflow/example_dags/example_params_trigger_ui.py
[2024-10-22T09:25:15.884+0000] {processor.py:925} INFO - DAG(s) 'example_params_trigger_ui' retrieved from /home/airflow/.local/lib/python3.12/site-packages/airflow/example_dags/example_params_trigger_ui.py
[2024-10-22T09:25:16.090+0000] {logging_mixin.py:190} INFO - [2024-10-22T09:25:16.089+0000] {dag.py:3239} INFO - Sync 1 DAGs
[2024-10-22T09:25:16.146+0000] {logging_mixin.py:190} INFO - [2024-10-22T09:25:16.145+0000] {dag.py:4180} INFO - Setting next_dagrun for example_params_trigger_ui to None, run_after=None
[2024-10-22T09:25:16.342+0000] {processor.py:208} INFO - Processing /home/airflow/.local/lib/python3.12/site-packages/airflow/example_dags/example_params_trigger_ui.py took 0.556 seconds
[2024-10-22T09:25:47.260+0000] {processor.py:186} INFO - Started process (PID=331) to work on /home/airflow/.local/lib/python3.12/site-packages/airflow/example_dags/example_params_trigger_ui.py
[2024-10-22T09:25:47.288+0000] {processor.py:914} INFO - Processing file /home/airflow/.local/lib/python3.12/site-packages/airflow/example_dags/example_params_trigger_ui.py for tasks to queue
[2024-10-22T09:25:47.305+0000] {logging_mixin.py:190} INFO - [2024-10-22T09:25:47.304+0000] {dagbag.py:588} INFO - Filling up the DagBag from /home/airflow/.local/lib/python3.12/site-packages/airflow/example_dags/example_params_trigger_ui.py
[2024-10-22T09:25:47.398+0000] {processor.py:925} INFO - DAG(s) 'example_params_trigger_ui' retrieved from /home/airflow/.local/lib/python3.12/site-packages/airflow/example_dags/example_params_trigger_ui.py
[2024-10-22T09:25:47.790+0000] {logging_mixin.py:190} INFO - [2024-10-22T09:25:47.784+0000] {dag.py:3239} INFO - Sync 1 DAGs
[2024-10-22T09:25:47.865+0000] {logging_mixin.py:190} INFO - [2024-10-22T09:25:47.865+0000] {dag.py:4180} INFO - Setting next_dagrun for example_params_trigger_ui to None, run_after=None
[2024-10-22T09:25:48.009+0000] {processor.py:208} INFO - Processing /home/airflow/.local/lib/python3.12/site-packages/airflow/example_dags/example_params_trigger_ui.py took 0.800 seconds
[2024-10-22T09:26:18.344+0000] {processor.py:186} INFO - Started process (PID=394) to work on /home/airflow/.local/lib/python3.12/site-packages/airflow/example_dags/example_params_trigger_ui.py
[2024-10-22T09:26:18.347+0000] {processor.py:914} INFO - Processing file /home/airflow/.local/lib/python3.12/site-packages/airflow/example_dags/example_params_trigger_ui.py for tasks to queue
[2024-10-22T09:26:18.356+0000] {logging_mixin.py:190} INFO - [2024-10-22T09:26:18.355+0000] {dagbag.py:588} INFO - Filling up the DagBag from /home/airflow/.local/lib/python3.12/site-packages/airflow/example_dags/example_params_trigger_ui.py
[2024-10-22T09:26:18.402+0000] {processor.py:925} INFO - DAG(s) 'example_params_trigger_ui' retrieved from /home/airflow/.local/lib/python3.12/site-packages/airflow/example_dags/example_params_trigger_ui.py
[2024-10-22T09:26:18.560+0000] {logging_mixin.py:190} INFO - [2024-10-22T09:26:18.559+0000] {dag.py:3239} INFO - Sync 1 DAGs
[2024-10-22T09:26:18.602+0000] {logging_mixin.py:190} INFO - [2024-10-22T09:26:18.601+0000] {dag.py:4180} INFO - Setting next_dagrun for example_params_trigger_ui to None, run_after=None
[2024-10-22T09:26:18.662+0000] {processor.py:208} INFO - Processing /home/airflow/.local/lib/python3.12/site-packages/airflow/example_dags/example_params_trigger_ui.py took 0.340 seconds
[2024-10-22T09:27:02.560+0000] {processor.py:186} INFO - Started process (PID=460) to work on /home/airflow/.local/lib/python3.12/site-packages/airflow/example_dags/example_params_trigger_ui.py
[2024-10-22T09:27:02.566+0000] {processor.py:914} INFO - Processing file /home/airflow/.local/lib/python3.12/site-packages/airflow/example_dags/example_params_trigger_ui.py for tasks to queue
[2024-10-22T09:27:02.591+0000] {logging_mixin.py:190} INFO - [2024-10-22T09:27:02.590+0000] {dagbag.py:588} INFO - Filling up the DagBag from /home/airflow/.local/lib/python3.12/site-packages/airflow/example_dags/example_params_trigger_ui.py
[2024-10-22T09:27:02.667+0000] {processor.py:925} INFO - DAG(s) 'example_params_trigger_ui' retrieved from /home/airflow/.local/lib/python3.12/site-packages/airflow/example_dags/example_params_trigger_ui.py
[2024-10-22T09:27:02.980+0000] {logging_mixin.py:190} INFO - [2024-10-22T09:27:02.979+0000] {dag.py:3239} INFO - Sync 1 DAGs
[2024-10-22T09:27:03.095+0000] {logging_mixin.py:190} INFO - [2024-10-22T09:27:03.094+0000] {dag.py:4180} INFO - Setting next_dagrun for example_params_trigger_ui to None, run_after=None
[2024-10-22T09:27:03.215+0000] {processor.py:208} INFO - Processing /home/airflow/.local/lib/python3.12/site-packages/airflow/example_dags/example_params_trigger_ui.py took 0.697 seconds
[2024-10-22T09:27:33.747+0000] {processor.py:186} INFO - Started process (PID=521) to work on /home/airflow/.local/lib/python3.12/site-packages/airflow/example_dags/example_params_trigger_ui.py
[2024-10-22T09:27:33.759+0000] {processor.py:914} INFO - Processing file /home/airflow/.local/lib/python3.12/site-packages/airflow/example_dags/example_params_trigger_ui.py for tasks to queue
[2024-10-22T09:27:33.768+0000] {logging_mixin.py:190} INFO - [2024-10-22T09:27:33.767+0000] {dagbag.py:588} INFO - Filling up the DagBag from /home/airflow/.local/lib/python3.12/site-packages/airflow/example_dags/example_params_trigger_ui.py
[2024-10-22T09:27:33.831+0000] {processor.py:925} INFO - DAG(s) 'example_params_trigger_ui' retrieved from /home/airflow/.local/lib/python3.12/site-packages/airflow/example_dags/example_params_trigger_ui.py
[2024-10-22T09:27:34.073+0000] {logging_mixin.py:190} INFO - [2024-10-22T09:27:34.072+0000] {dag.py:3239} INFO - Sync 1 DAGs
[2024-10-22T09:27:34.132+0000] {logging_mixin.py:190} INFO - [2024-10-22T09:27:34.132+0000] {dag.py:4180} INFO - Setting next_dagrun for example_params_trigger_ui to None, run_after=None
[2024-10-22T09:27:34.198+0000] {processor.py:208} INFO - Processing /home/airflow/.local/lib/python3.12/site-packages/airflow/example_dags/example_params_trigger_ui.py took 0.475 seconds
[2024-10-22T09:28:04.354+0000] {processor.py:186} INFO - Started process (PID=583) to work on /home/airflow/.local/lib/python3.12/site-packages/airflow/example_dags/example_params_trigger_ui.py
[2024-10-22T09:28:04.357+0000] {processor.py:914} INFO - Processing file /home/airflow/.local/lib/python3.12/site-packages/airflow/example_dags/example_params_trigger_ui.py for tasks to queue
[2024-10-22T09:28:04.363+0000] {logging_mixin.py:190} INFO - [2024-10-22T09:28:04.363+0000] {dagbag.py:588} INFO - Filling up the DagBag from /home/airflow/.local/lib/python3.12/site-packages/airflow/example_dags/example_params_trigger_ui.py
[2024-10-22T09:28:04.394+0000] {processor.py:925} INFO - DAG(s) 'example_params_trigger_ui' retrieved from /home/airflow/.local/lib/python3.12/site-packages/airflow/example_dags/example_params_trigger_ui.py
[2024-10-22T09:28:04.531+0000] {logging_mixin.py:190} INFO - [2024-10-22T09:28:04.530+0000] {dag.py:3239} INFO - Sync 1 DAGs
[2024-10-22T09:28:04.569+0000] {logging_mixin.py:190} INFO - [2024-10-22T09:28:04.569+0000] {dag.py:4180} INFO - Setting next_dagrun for example_params_trigger_ui to None, run_after=None
[2024-10-22T09:28:04.664+0000] {processor.py:208} INFO - Processing /home/airflow/.local/lib/python3.12/site-packages/airflow/example_dags/example_params_trigger_ui.py took 0.326 seconds
[2024-10-22T09:28:35.950+0000] {processor.py:186} INFO - Started process (PID=645) to work on /home/airflow/.local/lib/python3.12/site-packages/airflow/example_dags/example_params_trigger_ui.py
[2024-10-22T09:28:35.953+0000] {processor.py:914} INFO - Processing file /home/airflow/.local/lib/python3.12/site-packages/airflow/example_dags/example_params_trigger_ui.py for tasks to queue
[2024-10-22T09:28:35.964+0000] {logging_mixin.py:190} INFO - [2024-10-22T09:28:35.963+0000] {dagbag.py:588} INFO - Filling up the DagBag from /home/airflow/.local/lib/python3.12/site-packages/airflow/example_dags/example_params_trigger_ui.py
[2024-10-22T09:28:36.019+0000] {processor.py:925} INFO - DAG(s) 'example_params_trigger_ui' retrieved from /home/airflow/.local/lib/python3.12/site-packages/airflow/example_dags/example_params_trigger_ui.py
[2024-10-22T09:28:36.331+0000] {logging_mixin.py:190} INFO - [2024-10-22T09:28:36.330+0000] {dag.py:3239} INFO - Sync 1 DAGs
[2024-10-22T09:28:36.450+0000] {logging_mixin.py:190} INFO - [2024-10-22T09:28:36.449+0000] {dag.py:4180} INFO - Setting next_dagrun for example_params_trigger_ui to None, run_after=None
[2024-10-22T09:28:36.566+0000] {processor.py:208} INFO - Processing /home/airflow/.local/lib/python3.12/site-packages/airflow/example_dags/example_params_trigger_ui.py took 0.648 seconds
[2024-10-22T09:29:06.986+0000] {processor.py:186} INFO - Started process (PID=707) to work on /home/airflow/.local/lib/python3.12/site-packages/airflow/example_dags/example_params_trigger_ui.py
[2024-10-22T09:29:06.990+0000] {processor.py:914} INFO - Processing file /home/airflow/.local/lib/python3.12/site-packages/airflow/example_dags/example_params_trigger_ui.py for tasks to queue
[2024-10-22T09:29:07.001+0000] {logging_mixin.py:190} INFO - [2024-10-22T09:29:07.000+0000] {dagbag.py:588} INFO - Filling up the DagBag from /home/airflow/.local/lib/python3.12/site-packages/airflow/example_dags/example_params_trigger_ui.py
[2024-10-22T09:29:07.032+0000] {processor.py:925} INFO - DAG(s) 'example_params_trigger_ui' retrieved from /home/airflow/.local/lib/python3.12/site-packages/airflow/example_dags/example_params_trigger_ui.py
[2024-10-22T09:29:07.356+0000] {logging_mixin.py:190} INFO - [2024-10-22T09:29:07.355+0000] {dag.py:3239} INFO - Sync 1 DAGs
[2024-10-22T09:29:07.438+0000] {logging_mixin.py:190} INFO - [2024-10-22T09:29:07.438+0000] {dag.py:4180} INFO - Setting next_dagrun for example_params_trigger_ui to None, run_after=None
[2024-10-22T09:29:07.522+0000] {processor.py:208} INFO - Processing /home/airflow/.local/lib/python3.12/site-packages/airflow/example_dags/example_params_trigger_ui.py took 0.558 seconds
[2024-10-22T09:29:37.739+0000] {processor.py:186} INFO - Started process (PID=770) to work on /home/airflow/.local/lib/python3.12/site-packages/airflow/example_dags/example_params_trigger_ui.py
[2024-10-22T09:29:37.742+0000] {processor.py:914} INFO - Processing file /home/airflow/.local/lib/python3.12/site-packages/airflow/example_dags/example_params_trigger_ui.py for tasks to queue
[2024-10-22T09:29:37.749+0000] {logging_mixin.py:190} INFO - [2024-10-22T09:29:37.748+0000] {dagbag.py:588} INFO - Filling up the DagBag from /home/airflow/.local/lib/python3.12/site-packages/airflow/example_dags/example_params_trigger_ui.py
[2024-10-22T09:29:37.779+0000] {processor.py:925} INFO - DAG(s) 'example_params_trigger_ui' retrieved from /home/airflow/.local/lib/python3.12/site-packages/airflow/example_dags/example_params_trigger_ui.py
[2024-10-22T09:29:37.880+0000] {logging_mixin.py:190} INFO - [2024-10-22T09:29:37.879+0000] {dag.py:3239} INFO - Sync 1 DAGs
[2024-10-22T09:29:37.913+0000] {logging_mixin.py:190} INFO - [2024-10-22T09:29:37.913+0000] {dag.py:4180} INFO - Setting next_dagrun for example_params_trigger_ui to None, run_after=None
[2024-10-22T09:29:37.957+0000] {processor.py:208} INFO - Processing /home/airflow/.local/lib/python3.12/site-packages/airflow/example_dags/example_params_trigger_ui.py took 0.235 seconds
[2024-10-22T09:30:08.288+0000] {processor.py:186} INFO - Started process (PID=832) to work on /home/airflow/.local/lib/python3.12/site-packages/airflow/example_dags/example_params_trigger_ui.py
[2024-10-22T09:30:08.290+0000] {processor.py:914} INFO - Processing file /home/airflow/.local/lib/python3.12/site-packages/airflow/example_dags/example_params_trigger_ui.py for tasks to queue
[2024-10-22T09:30:08.295+0000] {logging_mixin.py:190} INFO - [2024-10-22T09:30:08.295+0000] {dagbag.py:588} INFO - Filling up the DagBag from /home/airflow/.local/lib/python3.12/site-packages/airflow/example_dags/example_params_trigger_ui.py
[2024-10-22T09:30:08.321+0000] {processor.py:925} INFO - DAG(s) 'example_params_trigger_ui' retrieved from /home/airflow/.local/lib/python3.12/site-packages/airflow/example_dags/example_params_trigger_ui.py
[2024-10-22T09:30:08.432+0000] {logging_mixin.py:190} INFO - [2024-10-22T09:30:08.432+0000] {dag.py:3239} INFO - Sync 1 DAGs
[2024-10-22T09:30:08.464+0000] {logging_mixin.py:190} INFO - [2024-10-22T09:30:08.463+0000] {dag.py:4180} INFO - Setting next_dagrun for example_params_trigger_ui to None, run_after=None
[2024-10-22T09:30:08.514+0000] {processor.py:208} INFO - Processing /home/airflow/.local/lib/python3.12/site-packages/airflow/example_dags/example_params_trigger_ui.py took 0.239 seconds
[2024-10-22T09:30:43.046+0000] {processor.py:186} INFO - Started process (PID=894) to work on /home/airflow/.local/lib/python3.12/site-packages/airflow/example_dags/example_params_trigger_ui.py
[2024-10-22T09:30:43.054+0000] {processor.py:914} INFO - Processing file /home/airflow/.local/lib/python3.12/site-packages/airflow/example_dags/example_params_trigger_ui.py for tasks to queue
[2024-10-22T09:30:43.075+0000] {logging_mixin.py:190} INFO - [2024-10-22T09:30:43.074+0000] {dagbag.py:588} INFO - Filling up the DagBag from /home/airflow/.local/lib/python3.12/site-packages/airflow/example_dags/example_params_trigger_ui.py
[2024-10-22T09:30:43.167+0000] {processor.py:925} INFO - DAG(s) 'example_params_trigger_ui' retrieved from /home/airflow/.local/lib/python3.12/site-packages/airflow/example_dags/example_params_trigger_ui.py
[2024-10-22T09:30:43.469+0000] {logging_mixin.py:190} INFO - [2024-10-22T09:30:43.468+0000] {dag.py:3239} INFO - Sync 1 DAGs
[2024-10-22T09:30:43.647+0000] {logging_mixin.py:190} INFO - [2024-10-22T09:30:43.646+0000] {dag.py:4180} INFO - Setting next_dagrun for example_params_trigger_ui to None, run_after=None
[2024-10-22T09:30:43.875+0000] {processor.py:208} INFO - Processing /home/airflow/.local/lib/python3.12/site-packages/airflow/example_dags/example_params_trigger_ui.py took 0.876 seconds
[2024-10-22T09:31:16.898+0000] {processor.py:186} INFO - Started process (PID=956) to work on /home/airflow/.local/lib/python3.12/site-packages/airflow/example_dags/example_params_trigger_ui.py
[2024-10-22T09:31:16.911+0000] {processor.py:914} INFO - Processing file /home/airflow/.local/lib/python3.12/site-packages/airflow/example_dags/example_params_trigger_ui.py for tasks to queue
[2024-10-22T09:31:16.930+0000] {logging_mixin.py:190} INFO - [2024-10-22T09:31:16.929+0000] {dagbag.py:588} INFO - Filling up the DagBag from /home/airflow/.local/lib/python3.12/site-packages/airflow/example_dags/example_params_trigger_ui.py
[2024-10-22T09:31:17.059+0000] {processor.py:925} INFO - DAG(s) 'example_params_trigger_ui' retrieved from /home/airflow/.local/lib/python3.12/site-packages/airflow/example_dags/example_params_trigger_ui.py
[2024-10-22T09:31:17.713+0000] {logging_mixin.py:190} INFO - [2024-10-22T09:31:17.712+0000] {dag.py:3239} INFO - Sync 1 DAGs
[2024-10-22T09:31:17.950+0000] {logging_mixin.py:190} INFO - [2024-10-22T09:31:17.950+0000] {dag.py:4180} INFO - Setting next_dagrun for example_params_trigger_ui to None, run_after=None
[2024-10-22T09:31:18.304+0000] {processor.py:208} INFO - Processing /home/airflow/.local/lib/python3.12/site-packages/airflow/example_dags/example_params_trigger_ui.py took 1.458 seconds
[2024-10-22T09:31:52.472+0000] {processor.py:186} INFO - Started process (PID=1018) to work on /home/airflow/.local/lib/python3.12/site-packages/airflow/example_dags/example_params_trigger_ui.py
[2024-10-22T09:31:52.486+0000] {processor.py:914} INFO - Processing file /home/airflow/.local/lib/python3.12/site-packages/airflow/example_dags/example_params_trigger_ui.py for tasks to queue
[2024-10-22T09:31:52.503+0000] {logging_mixin.py:190} INFO - [2024-10-22T09:31:52.502+0000] {dagbag.py:588} INFO - Filling up the DagBag from /home/airflow/.local/lib/python3.12/site-packages/airflow/example_dags/example_params_trigger_ui.py
[2024-10-22T09:31:52.615+0000] {processor.py:925} INFO - DAG(s) 'example_params_trigger_ui' retrieved from /home/airflow/.local/lib/python3.12/site-packages/airflow/example_dags/example_params_trigger_ui.py
[2024-10-22T09:31:53.305+0000] {logging_mixin.py:190} INFO - [2024-10-22T09:31:53.304+0000] {dag.py:3239} INFO - Sync 1 DAGs
[2024-10-22T09:31:53.496+0000] {logging_mixin.py:190} INFO - [2024-10-22T09:31:53.496+0000] {dag.py:4180} INFO - Setting next_dagrun for example_params_trigger_ui to None, run_after=None
[2024-10-22T09:31:53.745+0000] {processor.py:208} INFO - Processing /home/airflow/.local/lib/python3.12/site-packages/airflow/example_dags/example_params_trigger_ui.py took 1.325 seconds
[2024-10-22T09:32:31.233+0000] {processor.py:186} INFO - Started process (PID=1085) to work on /home/airflow/.local/lib/python3.12/site-packages/airflow/example_dags/example_params_trigger_ui.py
[2024-10-22T09:32:31.246+0000] {processor.py:914} INFO - Processing file /home/airflow/.local/lib/python3.12/site-packages/airflow/example_dags/example_params_trigger_ui.py for tasks to queue
[2024-10-22T09:32:31.262+0000] {logging_mixin.py:190} INFO - [2024-10-22T09:32:31.261+0000] {dagbag.py:588} INFO - Filling up the DagBag from /home/airflow/.local/lib/python3.12/site-packages/airflow/example_dags/example_params_trigger_ui.py
[2024-10-22T09:32:31.358+0000] {processor.py:925} INFO - DAG(s) 'example_params_trigger_ui' retrieved from /home/airflow/.local/lib/python3.12/site-packages/airflow/example_dags/example_params_trigger_ui.py
[2024-10-22T09:32:31.782+0000] {logging_mixin.py:190} INFO - [2024-10-22T09:32:31.781+0000] {dag.py:3239} INFO - Sync 1 DAGs
[2024-10-22T09:32:32.018+0000] {logging_mixin.py:190} INFO - [2024-10-22T09:32:32.017+0000] {dag.py:4180} INFO - Setting next_dagrun for example_params_trigger_ui to None, run_after=None
[2024-10-22T09:32:32.146+0000] {processor.py:208} INFO - Processing /home/airflow/.local/lib/python3.12/site-packages/airflow/example_dags/example_params_trigger_ui.py took 0.961 seconds
[2024-10-22T09:33:07.250+0000] {processor.py:186} INFO - Started process (PID=1146) to work on /home/airflow/.local/lib/python3.12/site-packages/airflow/example_dags/example_params_trigger_ui.py
[2024-10-22T09:33:07.253+0000] {processor.py:914} INFO - Processing file /home/airflow/.local/lib/python3.12/site-packages/airflow/example_dags/example_params_trigger_ui.py for tasks to queue
[2024-10-22T09:33:07.267+0000] {logging_mixin.py:190} INFO - [2024-10-22T09:33:07.266+0000] {dagbag.py:588} INFO - Filling up the DagBag from /home/airflow/.local/lib/python3.12/site-packages/airflow/example_dags/example_params_trigger_ui.py
[2024-10-22T09:33:07.333+0000] {processor.py:925} INFO - DAG(s) 'example_params_trigger_ui' retrieved from /home/airflow/.local/lib/python3.12/site-packages/airflow/example_dags/example_params_trigger_ui.py
[2024-10-22T09:33:07.549+0000] {logging_mixin.py:190} INFO - [2024-10-22T09:33:07.549+0000] {dag.py:3239} INFO - Sync 1 DAGs
[2024-10-22T09:33:07.586+0000] {logging_mixin.py:190} INFO - [2024-10-22T09:33:07.585+0000] {dag.py:4180} INFO - Setting next_dagrun for example_params_trigger_ui to None, run_after=None
[2024-10-22T09:33:07.629+0000] {processor.py:208} INFO - Processing /home/airflow/.local/lib/python3.12/site-packages/airflow/example_dags/example_params_trigger_ui.py took 0.413 seconds
[2024-10-22T09:33:38.446+0000] {processor.py:186} INFO - Started process (PID=1208) to work on /home/airflow/.local/lib/python3.12/site-packages/airflow/example_dags/example_params_trigger_ui.py
[2024-10-22T09:33:38.448+0000] {processor.py:914} INFO - Processing file /home/airflow/.local/lib/python3.12/site-packages/airflow/example_dags/example_params_trigger_ui.py for tasks to queue
[2024-10-22T09:33:38.455+0000] {logging_mixin.py:190} INFO - [2024-10-22T09:33:38.455+0000] {dagbag.py:588} INFO - Filling up the DagBag from /home/airflow/.local/lib/python3.12/site-packages/airflow/example_dags/example_params_trigger_ui.py
[2024-10-22T09:33:38.487+0000] {processor.py:925} INFO - DAG(s) 'example_params_trigger_ui' retrieved from /home/airflow/.local/lib/python3.12/site-packages/airflow/example_dags/example_params_trigger_ui.py
[2024-10-22T09:33:38.597+0000] {logging_mixin.py:190} INFO - [2024-10-22T09:33:38.597+0000] {dag.py:3239} INFO - Sync 1 DAGs
[2024-10-22T09:33:38.631+0000] {logging_mixin.py:190} INFO - [2024-10-22T09:33:38.630+0000] {dag.py:4180} INFO - Setting next_dagrun for example_params_trigger_ui to None, run_after=None
[2024-10-22T09:33:38.682+0000] {processor.py:208} INFO - Processing /home/airflow/.local/lib/python3.12/site-packages/airflow/example_dags/example_params_trigger_ui.py took 0.255 seconds
[2024-10-22T09:34:09.536+0000] {processor.py:186} INFO - Started process (PID=1270) to work on /home/airflow/.local/lib/python3.12/site-packages/airflow/example_dags/example_params_trigger_ui.py
[2024-10-22T09:34:09.537+0000] {processor.py:914} INFO - Processing file /home/airflow/.local/lib/python3.12/site-packages/airflow/example_dags/example_params_trigger_ui.py for tasks to queue
[2024-10-22T09:34:09.543+0000] {logging_mixin.py:190} INFO - [2024-10-22T09:34:09.542+0000] {dagbag.py:588} INFO - Filling up the DagBag from /home/airflow/.local/lib/python3.12/site-packages/airflow/example_dags/example_params_trigger_ui.py
[2024-10-22T09:34:09.567+0000] {processor.py:925} INFO - DAG(s) 'example_params_trigger_ui' retrieved from /home/airflow/.local/lib/python3.12/site-packages/airflow/example_dags/example_params_trigger_ui.py
[2024-10-22T09:34:09.666+0000] {logging_mixin.py:190} INFO - [2024-10-22T09:34:09.666+0000] {dag.py:3239} INFO - Sync 1 DAGs
[2024-10-22T09:34:09.698+0000] {logging_mixin.py:190} INFO - [2024-10-22T09:34:09.698+0000] {dag.py:4180} INFO - Setting next_dagrun for example_params_trigger_ui to None, run_after=None
[2024-10-22T09:34:09.743+0000] {processor.py:208} INFO - Processing /home/airflow/.local/lib/python3.12/site-packages/airflow/example_dags/example_params_trigger_ui.py took 0.222 seconds
[2024-10-22T09:34:40.829+0000] {processor.py:186} INFO - Started process (PID=1332) to work on /home/airflow/.local/lib/python3.12/site-packages/airflow/example_dags/example_params_trigger_ui.py
[2024-10-22T09:34:40.831+0000] {processor.py:914} INFO - Processing file /home/airflow/.local/lib/python3.12/site-packages/airflow/example_dags/example_params_trigger_ui.py for tasks to queue
[2024-10-22T09:34:40.837+0000] {logging_mixin.py:190} INFO - [2024-10-22T09:34:40.836+0000] {dagbag.py:588} INFO - Filling up the DagBag from /home/airflow/.local/lib/python3.12/site-packages/airflow/example_dags/example_params_trigger_ui.py
[2024-10-22T09:34:40.860+0000] {processor.py:925} INFO - DAG(s) 'example_params_trigger_ui' retrieved from /home/airflow/.local/lib/python3.12/site-packages/airflow/example_dags/example_params_trigger_ui.py
[2024-10-22T09:34:40.968+0000] {logging_mixin.py:190} INFO - [2024-10-22T09:34:40.967+0000] {dag.py:3239} INFO - Sync 1 DAGs
[2024-10-22T09:34:41.010+0000] {logging_mixin.py:190} INFO - [2024-10-22T09:34:41.009+0000] {dag.py:4180} INFO - Setting next_dagrun for example_params_trigger_ui to None, run_after=None
[2024-10-22T09:34:41.047+0000] {processor.py:208} INFO - Processing /home/airflow/.local/lib/python3.12/site-packages/airflow/example_dags/example_params_trigger_ui.py took 0.232 seconds
[2024-10-22T09:35:13.767+0000] {processor.py:186} INFO - Started process (PID=1394) to work on /home/airflow/.local/lib/python3.12/site-packages/airflow/example_dags/example_params_trigger_ui.py
[2024-10-22T09:35:13.771+0000] {processor.py:914} INFO - Processing file /home/airflow/.local/lib/python3.12/site-packages/airflow/example_dags/example_params_trigger_ui.py for tasks to queue
[2024-10-22T09:35:13.801+0000] {logging_mixin.py:190} INFO - [2024-10-22T09:35:13.800+0000] {dagbag.py:588} INFO - Filling up the DagBag from /home/airflow/.local/lib/python3.12/site-packages/airflow/example_dags/example_params_trigger_ui.py
[2024-10-22T09:35:13.913+0000] {processor.py:925} INFO - DAG(s) 'example_params_trigger_ui' retrieved from /home/airflow/.local/lib/python3.12/site-packages/airflow/example_dags/example_params_trigger_ui.py
[2024-10-22T09:35:14.168+0000] {logging_mixin.py:190} INFO - [2024-10-22T09:35:14.166+0000] {dag.py:3239} INFO - Sync 1 DAGs
[2024-10-22T09:35:14.214+0000] {logging_mixin.py:190} INFO - [2024-10-22T09:35:14.213+0000] {dag.py:4180} INFO - Setting next_dagrun for example_params_trigger_ui to None, run_after=None
[2024-10-22T09:35:14.279+0000] {processor.py:208} INFO - Processing /home/airflow/.local/lib/python3.12/site-packages/airflow/example_dags/example_params_trigger_ui.py took 0.551 seconds
[2024-10-22T09:35:44.364+0000] {processor.py:186} INFO - Started process (PID=1456) to work on /home/airflow/.local/lib/python3.12/site-packages/airflow/example_dags/example_params_trigger_ui.py
[2024-10-22T09:35:44.366+0000] {processor.py:914} INFO - Processing file /home/airflow/.local/lib/python3.12/site-packages/airflow/example_dags/example_params_trigger_ui.py for tasks to queue
[2024-10-22T09:35:44.371+0000] {logging_mixin.py:190} INFO - [2024-10-22T09:35:44.371+0000] {dagbag.py:588} INFO - Filling up the DagBag from /home/airflow/.local/lib/python3.12/site-packages/airflow/example_dags/example_params_trigger_ui.py
[2024-10-22T09:35:44.391+0000] {processor.py:925} INFO - DAG(s) 'example_params_trigger_ui' retrieved from /home/airflow/.local/lib/python3.12/site-packages/airflow/example_dags/example_params_trigger_ui.py
[2024-10-22T09:35:44.478+0000] {logging_mixin.py:190} INFO - [2024-10-22T09:35:44.478+0000] {dag.py:3239} INFO - Sync 1 DAGs
[2024-10-22T09:35:44.514+0000] {logging_mixin.py:190} INFO - [2024-10-22T09:35:44.513+0000] {dag.py:4180} INFO - Setting next_dagrun for example_params_trigger_ui to None, run_after=None
[2024-10-22T09:35:44.548+0000] {processor.py:208} INFO - Processing /home/airflow/.local/lib/python3.12/site-packages/airflow/example_dags/example_params_trigger_ui.py took 0.195 seconds
[2024-10-22T09:36:15.706+0000] {processor.py:186} INFO - Started process (PID=1518) to work on /home/airflow/.local/lib/python3.12/site-packages/airflow/example_dags/example_params_trigger_ui.py
[2024-10-22T09:36:15.708+0000] {processor.py:914} INFO - Processing file /home/airflow/.local/lib/python3.12/site-packages/airflow/example_dags/example_params_trigger_ui.py for tasks to queue
[2024-10-22T09:36:15.714+0000] {logging_mixin.py:190} INFO - [2024-10-22T09:36:15.714+0000] {dagbag.py:588} INFO - Filling up the DagBag from /home/airflow/.local/lib/python3.12/site-packages/airflow/example_dags/example_params_trigger_ui.py
[2024-10-22T09:36:15.742+0000] {processor.py:925} INFO - DAG(s) 'example_params_trigger_ui' retrieved from /home/airflow/.local/lib/python3.12/site-packages/airflow/example_dags/example_params_trigger_ui.py
[2024-10-22T09:36:15.837+0000] {logging_mixin.py:190} INFO - [2024-10-22T09:36:15.837+0000] {dag.py:3239} INFO - Sync 1 DAGs
[2024-10-22T09:36:15.877+0000] {logging_mixin.py:190} INFO - [2024-10-22T09:36:15.874+0000] {dag.py:4180} INFO - Setting next_dagrun for example_params_trigger_ui to None, run_after=None
[2024-10-22T09:36:15.938+0000] {processor.py:208} INFO - Processing /home/airflow/.local/lib/python3.12/site-packages/airflow/example_dags/example_params_trigger_ui.py took 0.248 seconds
[2024-10-22T09:36:46.255+0000] {processor.py:186} INFO - Started process (PID=1581) to work on /home/airflow/.local/lib/python3.12/site-packages/airflow/example_dags/example_params_trigger_ui.py
[2024-10-22T09:36:46.258+0000] {processor.py:914} INFO - Processing file /home/airflow/.local/lib/python3.12/site-packages/airflow/example_dags/example_params_trigger_ui.py for tasks to queue
[2024-10-22T09:36:46.267+0000] {logging_mixin.py:190} INFO - [2024-10-22T09:36:46.266+0000] {dagbag.py:588} INFO - Filling up the DagBag from /home/airflow/.local/lib/python3.12/site-packages/airflow/example_dags/example_params_trigger_ui.py
[2024-10-22T09:36:46.296+0000] {processor.py:925} INFO - DAG(s) 'example_params_trigger_ui' retrieved from /home/airflow/.local/lib/python3.12/site-packages/airflow/example_dags/example_params_trigger_ui.py
[2024-10-22T09:36:46.383+0000] {logging_mixin.py:190} INFO - [2024-10-22T09:36:46.383+0000] {dag.py:3239} INFO - Sync 1 DAGs
[2024-10-22T09:36:46.435+0000] {logging_mixin.py:190} INFO - [2024-10-22T09:36:46.434+0000] {dag.py:4180} INFO - Setting next_dagrun for example_params_trigger_ui to None, run_after=None
[2024-10-22T09:36:46.493+0000] {processor.py:208} INFO - Processing /home/airflow/.local/lib/python3.12/site-packages/airflow/example_dags/example_params_trigger_ui.py took 0.258 seconds
[2024-10-22T09:37:17.013+0000] {processor.py:186} INFO - Started process (PID=1643) to work on /home/airflow/.local/lib/python3.12/site-packages/airflow/example_dags/example_params_trigger_ui.py
[2024-10-22T09:37:17.016+0000] {processor.py:914} INFO - Processing file /home/airflow/.local/lib/python3.12/site-packages/airflow/example_dags/example_params_trigger_ui.py for tasks to queue
[2024-10-22T09:37:17.023+0000] {logging_mixin.py:190} INFO - [2024-10-22T09:37:17.022+0000] {dagbag.py:588} INFO - Filling up the DagBag from /home/airflow/.local/lib/python3.12/site-packages/airflow/example_dags/example_params_trigger_ui.py
[2024-10-22T09:37:17.052+0000] {processor.py:925} INFO - DAG(s) 'example_params_trigger_ui' retrieved from /home/airflow/.local/lib/python3.12/site-packages/airflow/example_dags/example_params_trigger_ui.py
[2024-10-22T09:37:17.160+0000] {logging_mixin.py:190} INFO - [2024-10-22T09:37:17.160+0000] {dag.py:3239} INFO - Sync 1 DAGs
[2024-10-22T09:37:17.188+0000] {logging_mixin.py:190} INFO - [2024-10-22T09:37:17.187+0000] {dag.py:4180} INFO - Setting next_dagrun for example_params_trigger_ui to None, run_after=None
[2024-10-22T09:37:17.243+0000] {processor.py:208} INFO - Processing /home/airflow/.local/lib/python3.12/site-packages/airflow/example_dags/example_params_trigger_ui.py took 0.245 seconds
[2024-10-22T09:37:48.610+0000] {processor.py:186} INFO - Started process (PID=1705) to work on /home/airflow/.local/lib/python3.12/site-packages/airflow/example_dags/example_params_trigger_ui.py
[2024-10-22T09:37:48.613+0000] {processor.py:914} INFO - Processing file /home/airflow/.local/lib/python3.12/site-packages/airflow/example_dags/example_params_trigger_ui.py for tasks to queue
[2024-10-22T09:37:48.620+0000] {logging_mixin.py:190} INFO - [2024-10-22T09:37:48.619+0000] {dagbag.py:588} INFO - Filling up the DagBag from /home/airflow/.local/lib/python3.12/site-packages/airflow/example_dags/example_params_trigger_ui.py
[2024-10-22T09:37:48.650+0000] {processor.py:925} INFO - DAG(s) 'example_params_trigger_ui' retrieved from /home/airflow/.local/lib/python3.12/site-packages/airflow/example_dags/example_params_trigger_ui.py
[2024-10-22T09:37:48.772+0000] {logging_mixin.py:190} INFO - [2024-10-22T09:37:48.771+0000] {dag.py:3239} INFO - Sync 1 DAGs
[2024-10-22T09:37:48.810+0000] {logging_mixin.py:190} INFO - [2024-10-22T09:37:48.810+0000] {dag.py:4180} INFO - Setting next_dagrun for example_params_trigger_ui to None, run_after=None
[2024-10-22T09:37:48.862+0000] {processor.py:208} INFO - Processing /home/airflow/.local/lib/python3.12/site-packages/airflow/example_dags/example_params_trigger_ui.py took 0.269 seconds
[2024-10-22T09:38:20.154+0000] {processor.py:186} INFO - Started process (PID=1767) to work on /home/airflow/.local/lib/python3.12/site-packages/airflow/example_dags/example_params_trigger_ui.py
[2024-10-22T09:38:20.156+0000] {processor.py:914} INFO - Processing file /home/airflow/.local/lib/python3.12/site-packages/airflow/example_dags/example_params_trigger_ui.py for tasks to queue
[2024-10-22T09:38:20.174+0000] {logging_mixin.py:190} INFO - [2024-10-22T09:38:20.173+0000] {dagbag.py:588} INFO - Filling up the DagBag from /home/airflow/.local/lib/python3.12/site-packages/airflow/example_dags/example_params_trigger_ui.py
[2024-10-22T09:38:20.212+0000] {processor.py:925} INFO - DAG(s) 'example_params_trigger_ui' retrieved from /home/airflow/.local/lib/python3.12/site-packages/airflow/example_dags/example_params_trigger_ui.py
[2024-10-22T09:38:20.361+0000] {logging_mixin.py:190} INFO - [2024-10-22T09:38:20.361+0000] {dag.py:3239} INFO - Sync 1 DAGs
[2024-10-22T09:38:20.405+0000] {logging_mixin.py:190} INFO - [2024-10-22T09:38:20.405+0000] {dag.py:4180} INFO - Setting next_dagrun for example_params_trigger_ui to None, run_after=None
[2024-10-22T09:38:20.457+0000] {processor.py:208} INFO - Processing /home/airflow/.local/lib/python3.12/site-packages/airflow/example_dags/example_params_trigger_ui.py took 0.322 seconds
[2024-10-22T09:38:50.684+0000] {processor.py:186} INFO - Started process (PID=1829) to work on /home/airflow/.local/lib/python3.12/site-packages/airflow/example_dags/example_params_trigger_ui.py
[2024-10-22T09:38:50.685+0000] {processor.py:914} INFO - Processing file /home/airflow/.local/lib/python3.12/site-packages/airflow/example_dags/example_params_trigger_ui.py for tasks to queue
[2024-10-22T09:38:50.692+0000] {logging_mixin.py:190} INFO - [2024-10-22T09:38:50.691+0000] {dagbag.py:588} INFO - Filling up the DagBag from /home/airflow/.local/lib/python3.12/site-packages/airflow/example_dags/example_params_trigger_ui.py
[2024-10-22T09:38:50.716+0000] {processor.py:925} INFO - DAG(s) 'example_params_trigger_ui' retrieved from /home/airflow/.local/lib/python3.12/site-packages/airflow/example_dags/example_params_trigger_ui.py
[2024-10-22T09:38:50.832+0000] {logging_mixin.py:190} INFO - [2024-10-22T09:38:50.831+0000] {dag.py:3239} INFO - Sync 1 DAGs
[2024-10-22T09:38:50.872+0000] {logging_mixin.py:190} INFO - [2024-10-22T09:38:50.871+0000] {dag.py:4180} INFO - Setting next_dagrun for example_params_trigger_ui to None, run_after=None
[2024-10-22T09:38:50.976+0000] {processor.py:208} INFO - Processing /home/airflow/.local/lib/python3.12/site-packages/airflow/example_dags/example_params_trigger_ui.py took 0.308 seconds
[2024-10-22T09:39:21.143+0000] {processor.py:186} INFO - Started process (PID=1891) to work on /home/airflow/.local/lib/python3.12/site-packages/airflow/example_dags/example_params_trigger_ui.py
[2024-10-22T09:39:21.146+0000] {processor.py:914} INFO - Processing file /home/airflow/.local/lib/python3.12/site-packages/airflow/example_dags/example_params_trigger_ui.py for tasks to queue
[2024-10-22T09:39:21.152+0000] {logging_mixin.py:190} INFO - [2024-10-22T09:39:21.151+0000] {dagbag.py:588} INFO - Filling up the DagBag from /home/airflow/.local/lib/python3.12/site-packages/airflow/example_dags/example_params_trigger_ui.py
[2024-10-22T09:39:21.195+0000] {processor.py:925} INFO - DAG(s) 'example_params_trigger_ui' retrieved from /home/airflow/.local/lib/python3.12/site-packages/airflow/example_dags/example_params_trigger_ui.py
[2024-10-22T09:39:21.297+0000] {logging_mixin.py:190} INFO - [2024-10-22T09:39:21.296+0000] {dag.py:3239} INFO - Sync 1 DAGs
[2024-10-22T09:39:21.337+0000] {logging_mixin.py:190} INFO - [2024-10-22T09:39:21.336+0000] {dag.py:4180} INFO - Setting next_dagrun for example_params_trigger_ui to None, run_after=None
[2024-10-22T09:39:22.501+0000] {processor.py:208} INFO - Processing /home/airflow/.local/lib/python3.12/site-packages/airflow/example_dags/example_params_trigger_ui.py took 1.378 seconds
[2024-10-22T09:39:53.251+0000] {processor.py:186} INFO - Started process (PID=1952) to work on /home/airflow/.local/lib/python3.12/site-packages/airflow/example_dags/example_params_trigger_ui.py
[2024-10-22T09:39:53.253+0000] {processor.py:914} INFO - Processing file /home/airflow/.local/lib/python3.12/site-packages/airflow/example_dags/example_params_trigger_ui.py for tasks to queue
[2024-10-22T09:39:53.258+0000] {logging_mixin.py:190} INFO - [2024-10-22T09:39:53.257+0000] {dagbag.py:588} INFO - Filling up the DagBag from /home/airflow/.local/lib/python3.12/site-packages/airflow/example_dags/example_params_trigger_ui.py
[2024-10-22T09:39:53.279+0000] {processor.py:925} INFO - DAG(s) 'example_params_trigger_ui' retrieved from /home/airflow/.local/lib/python3.12/site-packages/airflow/example_dags/example_params_trigger_ui.py
[2024-10-22T09:39:53.356+0000] {logging_mixin.py:190} INFO - [2024-10-22T09:39:53.356+0000] {dag.py:3239} INFO - Sync 1 DAGs
[2024-10-22T09:39:53.416+0000] {logging_mixin.py:190} INFO - [2024-10-22T09:39:53.416+0000] {dag.py:4180} INFO - Setting next_dagrun for example_params_trigger_ui to None, run_after=None
[2024-10-22T09:39:53.549+0000] {processor.py:208} INFO - Processing /home/airflow/.local/lib/python3.12/site-packages/airflow/example_dags/example_params_trigger_ui.py took 0.310 seconds
[2024-10-22T09:40:23.776+0000] {processor.py:186} INFO - Started process (PID=2014) to work on /home/airflow/.local/lib/python3.12/site-packages/airflow/example_dags/example_params_trigger_ui.py
[2024-10-22T09:40:23.778+0000] {processor.py:914} INFO - Processing file /home/airflow/.local/lib/python3.12/site-packages/airflow/example_dags/example_params_trigger_ui.py for tasks to queue
[2024-10-22T09:40:23.782+0000] {logging_mixin.py:190} INFO - [2024-10-22T09:40:23.781+0000] {dagbag.py:588} INFO - Filling up the DagBag from /home/airflow/.local/lib/python3.12/site-packages/airflow/example_dags/example_params_trigger_ui.py
[2024-10-22T09:40:23.806+0000] {processor.py:925} INFO - DAG(s) 'example_params_trigger_ui' retrieved from /home/airflow/.local/lib/python3.12/site-packages/airflow/example_dags/example_params_trigger_ui.py
[2024-10-22T09:40:23.881+0000] {logging_mixin.py:190} INFO - [2024-10-22T09:40:23.880+0000] {dag.py:3239} INFO - Sync 1 DAGs
[2024-10-22T09:40:23.907+0000] {logging_mixin.py:190} INFO - [2024-10-22T09:40:23.906+0000] {dag.py:4180} INFO - Setting next_dagrun for example_params_trigger_ui to None, run_after=None
[2024-10-22T09:40:23.938+0000] {processor.py:208} INFO - Processing /home/airflow/.local/lib/python3.12/site-packages/airflow/example_dags/example_params_trigger_ui.py took 0.175 seconds
[2024-10-22T09:40:54.333+0000] {processor.py:186} INFO - Started process (PID=2076) to work on /home/airflow/.local/lib/python3.12/site-packages/airflow/example_dags/example_params_trigger_ui.py
[2024-10-22T09:40:54.335+0000] {processor.py:914} INFO - Processing file /home/airflow/.local/lib/python3.12/site-packages/airflow/example_dags/example_params_trigger_ui.py for tasks to queue
[2024-10-22T09:40:54.340+0000] {logging_mixin.py:190} INFO - [2024-10-22T09:40:54.339+0000] {dagbag.py:588} INFO - Filling up the DagBag from /home/airflow/.local/lib/python3.12/site-packages/airflow/example_dags/example_params_trigger_ui.py
[2024-10-22T09:40:54.359+0000] {processor.py:925} INFO - DAG(s) 'example_params_trigger_ui' retrieved from /home/airflow/.local/lib/python3.12/site-packages/airflow/example_dags/example_params_trigger_ui.py
[2024-10-22T09:40:54.433+0000] {logging_mixin.py:190} INFO - [2024-10-22T09:40:54.433+0000] {dag.py:3239} INFO - Sync 1 DAGs
[2024-10-22T09:40:54.458+0000] {logging_mixin.py:190} INFO - [2024-10-22T09:40:54.457+0000] {dag.py:4180} INFO - Setting next_dagrun for example_params_trigger_ui to None, run_after=None
[2024-10-22T09:40:54.488+0000] {processor.py:208} INFO - Processing /home/airflow/.local/lib/python3.12/site-packages/airflow/example_dags/example_params_trigger_ui.py took 0.167 seconds
[2024-10-22T09:41:25.069+0000] {processor.py:186} INFO - Started process (PID=2138) to work on /home/airflow/.local/lib/python3.12/site-packages/airflow/example_dags/example_params_trigger_ui.py
[2024-10-22T09:41:25.070+0000] {processor.py:914} INFO - Processing file /home/airflow/.local/lib/python3.12/site-packages/airflow/example_dags/example_params_trigger_ui.py for tasks to queue
[2024-10-22T09:41:25.076+0000] {logging_mixin.py:190} INFO - [2024-10-22T09:41:25.075+0000] {dagbag.py:588} INFO - Filling up the DagBag from /home/airflow/.local/lib/python3.12/site-packages/airflow/example_dags/example_params_trigger_ui.py
[2024-10-22T09:41:25.100+0000] {processor.py:925} INFO - DAG(s) 'example_params_trigger_ui' retrieved from /home/airflow/.local/lib/python3.12/site-packages/airflow/example_dags/example_params_trigger_ui.py
[2024-10-22T09:41:25.200+0000] {logging_mixin.py:190} INFO - [2024-10-22T09:41:25.199+0000] {dag.py:3239} INFO - Sync 1 DAGs
[2024-10-22T09:41:25.228+0000] {logging_mixin.py:190} INFO - [2024-10-22T09:41:25.227+0000] {dag.py:4180} INFO - Setting next_dagrun for example_params_trigger_ui to None, run_after=None
[2024-10-22T09:41:25.266+0000] {processor.py:208} INFO - Processing /home/airflow/.local/lib/python3.12/site-packages/airflow/example_dags/example_params_trigger_ui.py took 0.209 seconds
[2024-10-22T09:41:55.908+0000] {processor.py:186} INFO - Started process (PID=2200) to work on /home/airflow/.local/lib/python3.12/site-packages/airflow/example_dags/example_params_trigger_ui.py
[2024-10-22T09:41:55.911+0000] {processor.py:914} INFO - Processing file /home/airflow/.local/lib/python3.12/site-packages/airflow/example_dags/example_params_trigger_ui.py for tasks to queue
[2024-10-22T09:41:55.917+0000] {logging_mixin.py:190} INFO - [2024-10-22T09:41:55.916+0000] {dagbag.py:588} INFO - Filling up the DagBag from /home/airflow/.local/lib/python3.12/site-packages/airflow/example_dags/example_params_trigger_ui.py
[2024-10-22T09:41:55.948+0000] {processor.py:925} INFO - DAG(s) 'example_params_trigger_ui' retrieved from /home/airflow/.local/lib/python3.12/site-packages/airflow/example_dags/example_params_trigger_ui.py
[2024-10-22T09:41:56.081+0000] {logging_mixin.py:190} INFO - [2024-10-22T09:41:56.081+0000] {dag.py:3239} INFO - Sync 1 DAGs
[2024-10-22T09:41:56.109+0000] {logging_mixin.py:190} INFO - [2024-10-22T09:41:56.108+0000] {dag.py:4180} INFO - Setting next_dagrun for example_params_trigger_ui to None, run_after=None
[2024-10-22T09:41:56.147+0000] {processor.py:208} INFO - Processing /home/airflow/.local/lib/python3.12/site-packages/airflow/example_dags/example_params_trigger_ui.py took 0.255 seconds
[2024-10-22T09:42:26.934+0000] {processor.py:186} INFO - Started process (PID=2262) to work on /home/airflow/.local/lib/python3.12/site-packages/airflow/example_dags/example_params_trigger_ui.py
[2024-10-22T09:42:26.936+0000] {processor.py:914} INFO - Processing file /home/airflow/.local/lib/python3.12/site-packages/airflow/example_dags/example_params_trigger_ui.py for tasks to queue
[2024-10-22T09:42:26.941+0000] {logging_mixin.py:190} INFO - [2024-10-22T09:42:26.940+0000] {dagbag.py:588} INFO - Filling up the DagBag from /home/airflow/.local/lib/python3.12/site-packages/airflow/example_dags/example_params_trigger_ui.py
[2024-10-22T09:42:26.962+0000] {processor.py:925} INFO - DAG(s) 'example_params_trigger_ui' retrieved from /home/airflow/.local/lib/python3.12/site-packages/airflow/example_dags/example_params_trigger_ui.py
[2024-10-22T09:42:27.046+0000] {logging_mixin.py:190} INFO - [2024-10-22T09:42:27.045+0000] {dag.py:3239} INFO - Sync 1 DAGs
[2024-10-22T09:42:27.072+0000] {logging_mixin.py:190} INFO - [2024-10-22T09:42:27.071+0000] {dag.py:4180} INFO - Setting next_dagrun for example_params_trigger_ui to None, run_after=None
[2024-10-22T09:42:27.102+0000] {processor.py:208} INFO - Processing /home/airflow/.local/lib/python3.12/site-packages/airflow/example_dags/example_params_trigger_ui.py took 0.182 seconds
[2024-10-22T09:42:57.324+0000] {processor.py:186} INFO - Started process (PID=2324) to work on /home/airflow/.local/lib/python3.12/site-packages/airflow/example_dags/example_params_trigger_ui.py
[2024-10-22T09:42:57.326+0000] {processor.py:914} INFO - Processing file /home/airflow/.local/lib/python3.12/site-packages/airflow/example_dags/example_params_trigger_ui.py for tasks to queue
[2024-10-22T09:42:57.330+0000] {logging_mixin.py:190} INFO - [2024-10-22T09:42:57.330+0000] {dagbag.py:588} INFO - Filling up the DagBag from /home/airflow/.local/lib/python3.12/site-packages/airflow/example_dags/example_params_trigger_ui.py
[2024-10-22T09:42:57.350+0000] {processor.py:925} INFO - DAG(s) 'example_params_trigger_ui' retrieved from /home/airflow/.local/lib/python3.12/site-packages/airflow/example_dags/example_params_trigger_ui.py
[2024-10-22T09:42:57.434+0000] {logging_mixin.py:190} INFO - [2024-10-22T09:42:57.433+0000] {dag.py:3239} INFO - Sync 1 DAGs
[2024-10-22T09:42:57.460+0000] {logging_mixin.py:190} INFO - [2024-10-22T09:42:57.460+0000] {dag.py:4180} INFO - Setting next_dagrun for example_params_trigger_ui to None, run_after=None
[2024-10-22T09:42:57.492+0000] {processor.py:208} INFO - Processing /home/airflow/.local/lib/python3.12/site-packages/airflow/example_dags/example_params_trigger_ui.py took 0.178 seconds
[2024-10-22T09:43:27.594+0000] {processor.py:186} INFO - Started process (PID=2386) to work on /home/airflow/.local/lib/python3.12/site-packages/airflow/example_dags/example_params_trigger_ui.py
[2024-10-22T09:43:27.599+0000] {processor.py:914} INFO - Processing file /home/airflow/.local/lib/python3.12/site-packages/airflow/example_dags/example_params_trigger_ui.py for tasks to queue
[2024-10-22T09:43:27.606+0000] {logging_mixin.py:190} INFO - [2024-10-22T09:43:27.605+0000] {dagbag.py:588} INFO - Filling up the DagBag from /home/airflow/.local/lib/python3.12/site-packages/airflow/example_dags/example_params_trigger_ui.py
[2024-10-22T09:43:27.633+0000] {processor.py:925} INFO - DAG(s) 'example_params_trigger_ui' retrieved from /home/airflow/.local/lib/python3.12/site-packages/airflow/example_dags/example_params_trigger_ui.py
[2024-10-22T09:43:27.736+0000] {logging_mixin.py:190} INFO - [2024-10-22T09:43:27.736+0000] {dag.py:3239} INFO - Sync 1 DAGs
[2024-10-22T09:43:27.774+0000] {logging_mixin.py:190} INFO - [2024-10-22T09:43:27.773+0000] {dag.py:4180} INFO - Setting next_dagrun for example_params_trigger_ui to None, run_after=None
[2024-10-22T09:43:27.826+0000] {processor.py:208} INFO - Processing /home/airflow/.local/lib/python3.12/site-packages/airflow/example_dags/example_params_trigger_ui.py took 0.247 seconds
[2024-10-22T09:43:58.195+0000] {processor.py:186} INFO - Started process (PID=2448) to work on /home/airflow/.local/lib/python3.12/site-packages/airflow/example_dags/example_params_trigger_ui.py
[2024-10-22T09:43:58.197+0000] {processor.py:914} INFO - Processing file /home/airflow/.local/lib/python3.12/site-packages/airflow/example_dags/example_params_trigger_ui.py for tasks to queue
[2024-10-22T09:43:58.201+0000] {logging_mixin.py:190} INFO - [2024-10-22T09:43:58.201+0000] {dagbag.py:588} INFO - Filling up the DagBag from /home/airflow/.local/lib/python3.12/site-packages/airflow/example_dags/example_params_trigger_ui.py
[2024-10-22T09:43:58.219+0000] {processor.py:925} INFO - DAG(s) 'example_params_trigger_ui' retrieved from /home/airflow/.local/lib/python3.12/site-packages/airflow/example_dags/example_params_trigger_ui.py
[2024-10-22T09:43:58.294+0000] {logging_mixin.py:190} INFO - [2024-10-22T09:43:58.294+0000] {dag.py:3239} INFO - Sync 1 DAGs
[2024-10-22T09:43:58.323+0000] {logging_mixin.py:190} INFO - [2024-10-22T09:43:58.323+0000] {dag.py:4180} INFO - Setting next_dagrun for example_params_trigger_ui to None, run_after=None
[2024-10-22T09:43:58.354+0000] {processor.py:208} INFO - Processing /home/airflow/.local/lib/python3.12/site-packages/airflow/example_dags/example_params_trigger_ui.py took 0.169 seconds
