[2024-10-22T09:23:00.782+0000] {processor.py:186} INFO - Started process (PID=53) to work on /home/airflow/.local/lib/python3.12/site-packages/airflow/example_dags/example_inlet_event_extra.py
[2024-10-22T09:23:00.785+0000] {processor.py:914} INFO - Processing file /home/airflow/.local/lib/python3.12/site-packages/airflow/example_dags/example_inlet_event_extra.py for tasks to queue
[2024-10-22T09:23:00.815+0000] {logging_mixin.py:190} INFO - [2024-10-22T09:23:00.814+0000] {dagbag.py:588} INFO - Filling up the DagBag from /home/airflow/.local/lib/python3.12/site-packages/airflow/example_dags/example_inlet_event_extra.py
[2024-10-22T09:23:03.470+0000] {processor.py:925} INFO - DAG(s) 'read_dataset_event', 'read_dataset_event_from_classic' retrieved from /home/airflow/.local/lib/python3.12/site-packages/airflow/example_dags/example_inlet_event_extra.py
[2024-10-22T09:23:03.905+0000] {logging_mixin.py:190} INFO - [2024-10-22T09:23:03.905+0000] {dag.py:3239} INFO - Sync 2 DAGs
[2024-10-22T09:23:04.061+0000] {logging_mixin.py:190} INFO - [2024-10-22T09:23:04.060+0000] {dag.py:4180} INFO - Setting next_dagrun for read_dataset_event to 2024-10-21 00:00:00+00:00, run_after=2024-10-22 00:00:00+00:00
[2024-10-22T09:23:04.097+0000] {logging_mixin.py:190} INFO - [2024-10-22T09:23:04.096+0000] {dag.py:4180} INFO - Setting next_dagrun for read_dataset_event_from_classic to 2024-10-21 00:00:00+00:00, run_after=2024-10-22 00:00:00+00:00
[2024-10-22T09:23:04.390+0000] {processor.py:208} INFO - Processing /home/airflow/.local/lib/python3.12/site-packages/airflow/example_dags/example_inlet_event_extra.py took 3.650 seconds
[2024-10-22T09:23:36.705+0000] {processor.py:186} INFO - Started process (PID=115) to work on /home/airflow/.local/lib/python3.12/site-packages/airflow/example_dags/example_inlet_event_extra.py
[2024-10-22T09:23:36.709+0000] {processor.py:914} INFO - Processing file /home/airflow/.local/lib/python3.12/site-packages/airflow/example_dags/example_inlet_event_extra.py for tasks to queue
[2024-10-22T09:23:36.726+0000] {logging_mixin.py:190} INFO - [2024-10-22T09:23:36.726+0000] {dagbag.py:588} INFO - Filling up the DagBag from /home/airflow/.local/lib/python3.12/site-packages/airflow/example_dags/example_inlet_event_extra.py
[2024-10-22T09:23:37.692+0000] {processor.py:925} INFO - DAG(s) 'read_dataset_event', 'read_dataset_event_from_classic' retrieved from /home/airflow/.local/lib/python3.12/site-packages/airflow/example_dags/example_inlet_event_extra.py
[2024-10-22T09:23:37.785+0000] {logging_mixin.py:190} INFO - [2024-10-22T09:23:37.784+0000] {dag.py:3239} INFO - Sync 2 DAGs
[2024-10-22T09:23:37.895+0000] {logging_mixin.py:190} INFO - [2024-10-22T09:23:37.894+0000] {dag.py:4180} INFO - Setting next_dagrun for read_dataset_event to 2024-10-21 00:00:00+00:00, run_after=2024-10-22 00:00:00+00:00
[2024-10-22T09:23:37.919+0000] {logging_mixin.py:190} INFO - [2024-10-22T09:23:37.918+0000] {dag.py:4180} INFO - Setting next_dagrun for read_dataset_event_from_classic to 2024-10-21 00:00:00+00:00, run_after=2024-10-22 00:00:00+00:00
[2024-10-22T09:23:37.973+0000] {processor.py:208} INFO - Processing /home/airflow/.local/lib/python3.12/site-packages/airflow/example_dags/example_inlet_event_extra.py took 1.322 seconds
[2024-10-22T09:24:12.243+0000] {processor.py:186} INFO - Started process (PID=160) to work on /home/airflow/.local/lib/python3.12/site-packages/airflow/example_dags/example_inlet_event_extra.py
[2024-10-22T09:24:12.246+0000] {processor.py:914} INFO - Processing file /home/airflow/.local/lib/python3.12/site-packages/airflow/example_dags/example_inlet_event_extra.py for tasks to queue
[2024-10-22T09:24:12.252+0000] {logging_mixin.py:190} INFO - [2024-10-22T09:24:12.252+0000] {dagbag.py:588} INFO - Filling up the DagBag from /home/airflow/.local/lib/python3.12/site-packages/airflow/example_dags/example_inlet_event_extra.py
[2024-10-22T09:24:12.582+0000] {processor.py:925} INFO - DAG(s) 'read_dataset_event', 'read_dataset_event_from_classic' retrieved from /home/airflow/.local/lib/python3.12/site-packages/airflow/example_dags/example_inlet_event_extra.py
[2024-10-22T09:24:12.631+0000] {logging_mixin.py:190} INFO - [2024-10-22T09:24:12.631+0000] {dag.py:3239} INFO - Sync 2 DAGs
[2024-10-22T09:24:12.726+0000] {logging_mixin.py:190} INFO - [2024-10-22T09:24:12.725+0000] {dag.py:4180} INFO - Setting next_dagrun for read_dataset_event to 2024-10-21 00:00:00+00:00, run_after=2024-10-22 00:00:00+00:00
[2024-10-22T09:24:12.736+0000] {logging_mixin.py:190} INFO - [2024-10-22T09:24:12.735+0000] {dag.py:4180} INFO - Setting next_dagrun for read_dataset_event_from_classic to 2024-10-21 00:00:00+00:00, run_after=2024-10-22 00:00:00+00:00
[2024-10-22T09:24:13.538+0000] {processor.py:208} INFO - Processing /home/airflow/.local/lib/python3.12/site-packages/airflow/example_dags/example_inlet_event_extra.py took 1.308 seconds
[2024-10-22T09:24:49.734+0000] {processor.py:186} INFO - Started process (PID=221) to work on /home/airflow/.local/lib/python3.12/site-packages/airflow/example_dags/example_inlet_event_extra.py
[2024-10-22T09:24:49.747+0000] {processor.py:914} INFO - Processing file /home/airflow/.local/lib/python3.12/site-packages/airflow/example_dags/example_inlet_event_extra.py for tasks to queue
[2024-10-22T09:24:49.764+0000] {logging_mixin.py:190} INFO - [2024-10-22T09:24:49.763+0000] {dagbag.py:588} INFO - Filling up the DagBag from /home/airflow/.local/lib/python3.12/site-packages/airflow/example_dags/example_inlet_event_extra.py
[2024-10-22T09:24:50.896+0000] {processor.py:925} INFO - DAG(s) 'read_dataset_event', 'read_dataset_event_from_classic' retrieved from /home/airflow/.local/lib/python3.12/site-packages/airflow/example_dags/example_inlet_event_extra.py
[2024-10-22T09:24:51.150+0000] {logging_mixin.py:190} INFO - [2024-10-22T09:24:51.149+0000] {dag.py:3239} INFO - Sync 2 DAGs
[2024-10-22T09:24:51.628+0000] {logging_mixin.py:190} INFO - [2024-10-22T09:24:51.628+0000] {dag.py:4180} INFO - Setting next_dagrun for read_dataset_event to 2024-10-21 00:00:00+00:00, run_after=2024-10-22 00:00:00+00:00
[2024-10-22T09:24:51.684+0000] {logging_mixin.py:190} INFO - [2024-10-22T09:24:51.683+0000] {dag.py:4180} INFO - Setting next_dagrun for read_dataset_event_from_classic to 2024-10-21 00:00:00+00:00, run_after=2024-10-22 00:00:00+00:00
[2024-10-22T09:24:51.818+0000] {processor.py:208} INFO - Processing /home/airflow/.local/lib/python3.12/site-packages/airflow/example_dags/example_inlet_event_extra.py took 2.136 seconds
[2024-10-22T09:25:22.326+0000] {processor.py:186} INFO - Started process (PID=283) to work on /home/airflow/.local/lib/python3.12/site-packages/airflow/example_dags/example_inlet_event_extra.py
[2024-10-22T09:25:22.343+0000] {processor.py:914} INFO - Processing file /home/airflow/.local/lib/python3.12/site-packages/airflow/example_dags/example_inlet_event_extra.py for tasks to queue
[2024-10-22T09:25:22.380+0000] {logging_mixin.py:190} INFO - [2024-10-22T09:25:22.379+0000] {dagbag.py:588} INFO - Filling up the DagBag from /home/airflow/.local/lib/python3.12/site-packages/airflow/example_dags/example_inlet_event_extra.py
[2024-10-22T09:25:23.757+0000] {processor.py:925} INFO - DAG(s) 'read_dataset_event_from_classic', 'read_dataset_event' retrieved from /home/airflow/.local/lib/python3.12/site-packages/airflow/example_dags/example_inlet_event_extra.py
[2024-10-22T09:25:23.997+0000] {logging_mixin.py:190} INFO - [2024-10-22T09:25:23.996+0000] {dag.py:3239} INFO - Sync 2 DAGs
[2024-10-22T09:25:24.629+0000] {logging_mixin.py:190} INFO - [2024-10-22T09:25:24.629+0000] {dag.py:4180} INFO - Setting next_dagrun for read_dataset_event to 2024-10-21 00:00:00+00:00, run_after=2024-10-22 00:00:00+00:00
[2024-10-22T09:25:24.687+0000] {logging_mixin.py:190} INFO - [2024-10-22T09:25:24.686+0000] {dag.py:4180} INFO - Setting next_dagrun for read_dataset_event_from_classic to 2024-10-21 00:00:00+00:00, run_after=2024-10-22 00:00:00+00:00
[2024-10-22T09:25:25.006+0000] {processor.py:208} INFO - Processing /home/airflow/.local/lib/python3.12/site-packages/airflow/example_dags/example_inlet_event_extra.py took 2.760 seconds
[2024-10-22T09:25:55.372+0000] {processor.py:186} INFO - Started process (PID=344) to work on /home/airflow/.local/lib/python3.12/site-packages/airflow/example_dags/example_inlet_event_extra.py
[2024-10-22T09:25:55.395+0000] {processor.py:914} INFO - Processing file /home/airflow/.local/lib/python3.12/site-packages/airflow/example_dags/example_inlet_event_extra.py for tasks to queue
[2024-10-22T09:25:55.415+0000] {logging_mixin.py:190} INFO - [2024-10-22T09:25:55.413+0000] {dagbag.py:588} INFO - Filling up the DagBag from /home/airflow/.local/lib/python3.12/site-packages/airflow/example_dags/example_inlet_event_extra.py
[2024-10-22T09:25:56.496+0000] {processor.py:925} INFO - DAG(s) 'read_dataset_event_from_classic', 'read_dataset_event' retrieved from /home/airflow/.local/lib/python3.12/site-packages/airflow/example_dags/example_inlet_event_extra.py
[2024-10-22T09:25:56.667+0000] {logging_mixin.py:190} INFO - [2024-10-22T09:25:56.667+0000] {dag.py:3239} INFO - Sync 2 DAGs
[2024-10-22T09:25:57.009+0000] {logging_mixin.py:190} INFO - [2024-10-22T09:25:56.995+0000] {dag.py:4180} INFO - Setting next_dagrun for read_dataset_event to 2024-10-21 00:00:00+00:00, run_after=2024-10-22 00:00:00+00:00
[2024-10-22T09:25:57.050+0000] {logging_mixin.py:190} INFO - [2024-10-22T09:25:57.050+0000] {dag.py:4180} INFO - Setting next_dagrun for read_dataset_event_from_classic to 2024-10-21 00:00:00+00:00, run_after=2024-10-22 00:00:00+00:00
[2024-10-22T09:25:57.136+0000] {processor.py:208} INFO - Processing /home/airflow/.local/lib/python3.12/site-packages/airflow/example_dags/example_inlet_event_extra.py took 1.802 seconds
[2024-10-22T09:26:27.465+0000] {processor.py:186} INFO - Started process (PID=407) to work on /home/airflow/.local/lib/python3.12/site-packages/airflow/example_dags/example_inlet_event_extra.py
[2024-10-22T09:26:27.468+0000] {processor.py:914} INFO - Processing file /home/airflow/.local/lib/python3.12/site-packages/airflow/example_dags/example_inlet_event_extra.py for tasks to queue
[2024-10-22T09:26:27.479+0000] {logging_mixin.py:190} INFO - [2024-10-22T09:26:27.476+0000] {dagbag.py:588} INFO - Filling up the DagBag from /home/airflow/.local/lib/python3.12/site-packages/airflow/example_dags/example_inlet_event_extra.py
[2024-10-22T09:26:28.020+0000] {processor.py:925} INFO - DAG(s) 'read_dataset_event_from_classic', 'read_dataset_event' retrieved from /home/airflow/.local/lib/python3.12/site-packages/airflow/example_dags/example_inlet_event_extra.py
[2024-10-22T09:26:28.120+0000] {logging_mixin.py:190} INFO - [2024-10-22T09:26:28.119+0000] {dag.py:3239} INFO - Sync 2 DAGs
[2024-10-22T09:26:28.248+0000] {logging_mixin.py:190} INFO - [2024-10-22T09:26:28.247+0000] {dag.py:4180} INFO - Setting next_dagrun for read_dataset_event to 2024-10-21 00:00:00+00:00, run_after=2024-10-22 00:00:00+00:00
[2024-10-22T09:26:28.274+0000] {logging_mixin.py:190} INFO - [2024-10-22T09:26:28.274+0000] {dag.py:4180} INFO - Setting next_dagrun for read_dataset_event_from_classic to 2024-10-21 00:00:00+00:00, run_after=2024-10-22 00:00:00+00:00
[2024-10-22T09:26:28.373+0000] {processor.py:208} INFO - Processing /home/airflow/.local/lib/python3.12/site-packages/airflow/example_dags/example_inlet_event_extra.py took 0.950 seconds
[2024-10-22T09:27:05.865+0000] {processor.py:186} INFO - Started process (PID=470) to work on /home/airflow/.local/lib/python3.12/site-packages/airflow/example_dags/example_inlet_event_extra.py
[2024-10-22T09:27:05.876+0000] {processor.py:914} INFO - Processing file /home/airflow/.local/lib/python3.12/site-packages/airflow/example_dags/example_inlet_event_extra.py for tasks to queue
[2024-10-22T09:27:05.886+0000] {logging_mixin.py:190} INFO - [2024-10-22T09:27:05.885+0000] {dagbag.py:588} INFO - Filling up the DagBag from /home/airflow/.local/lib/python3.12/site-packages/airflow/example_dags/example_inlet_event_extra.py
[2024-10-22T09:27:06.607+0000] {processor.py:925} INFO - DAG(s) 'read_dataset_event', 'read_dataset_event_from_classic' retrieved from /home/airflow/.local/lib/python3.12/site-packages/airflow/example_dags/example_inlet_event_extra.py
[2024-10-22T09:27:06.774+0000] {logging_mixin.py:190} INFO - [2024-10-22T09:27:06.773+0000] {dag.py:3239} INFO - Sync 2 DAGs
[2024-10-22T09:27:07.069+0000] {logging_mixin.py:190} INFO - [2024-10-22T09:27:07.059+0000] {dag.py:4180} INFO - Setting next_dagrun for read_dataset_event to 2024-10-21 00:00:00+00:00, run_after=2024-10-22 00:00:00+00:00
[2024-10-22T09:27:07.140+0000] {logging_mixin.py:190} INFO - [2024-10-22T09:27:07.140+0000] {dag.py:4180} INFO - Setting next_dagrun for read_dataset_event_from_classic to 2024-10-21 00:00:00+00:00, run_after=2024-10-22 00:00:00+00:00
[2024-10-22T09:27:07.301+0000] {processor.py:208} INFO - Processing /home/airflow/.local/lib/python3.12/site-packages/airflow/example_dags/example_inlet_event_extra.py took 1.470 seconds
[2024-10-22T09:27:37.542+0000] {processor.py:186} INFO - Started process (PID=531) to work on /home/airflow/.local/lib/python3.12/site-packages/airflow/example_dags/example_inlet_event_extra.py
[2024-10-22T09:27:37.546+0000] {processor.py:914} INFO - Processing file /home/airflow/.local/lib/python3.12/site-packages/airflow/example_dags/example_inlet_event_extra.py for tasks to queue
[2024-10-22T09:27:37.555+0000] {logging_mixin.py:190} INFO - [2024-10-22T09:27:37.554+0000] {dagbag.py:588} INFO - Filling up the DagBag from /home/airflow/.local/lib/python3.12/site-packages/airflow/example_dags/example_inlet_event_extra.py
[2024-10-22T09:27:38.205+0000] {processor.py:925} INFO - DAG(s) 'read_dataset_event', 'read_dataset_event_from_classic' retrieved from /home/airflow/.local/lib/python3.12/site-packages/airflow/example_dags/example_inlet_event_extra.py
[2024-10-22T09:27:38.258+0000] {logging_mixin.py:190} INFO - [2024-10-22T09:27:38.257+0000] {dag.py:3239} INFO - Sync 2 DAGs
[2024-10-22T09:27:38.319+0000] {logging_mixin.py:190} INFO - [2024-10-22T09:27:38.319+0000] {dag.py:4180} INFO - Setting next_dagrun for read_dataset_event to 2024-10-21 00:00:00+00:00, run_after=2024-10-22 00:00:00+00:00
[2024-10-22T09:27:38.333+0000] {logging_mixin.py:190} INFO - [2024-10-22T09:27:38.333+0000] {dag.py:4180} INFO - Setting next_dagrun for read_dataset_event_from_classic to 2024-10-21 00:00:00+00:00, run_after=2024-10-22 00:00:00+00:00
[2024-10-22T09:27:38.382+0000] {processor.py:208} INFO - Processing /home/airflow/.local/lib/python3.12/site-packages/airflow/example_dags/example_inlet_event_extra.py took 0.866 seconds
[2024-10-22T09:28:08.859+0000] {processor.py:186} INFO - Started process (PID=593) to work on /home/airflow/.local/lib/python3.12/site-packages/airflow/example_dags/example_inlet_event_extra.py
[2024-10-22T09:28:08.891+0000] {processor.py:914} INFO - Processing file /home/airflow/.local/lib/python3.12/site-packages/airflow/example_dags/example_inlet_event_extra.py for tasks to queue
[2024-10-22T09:28:08.898+0000] {logging_mixin.py:190} INFO - [2024-10-22T09:28:08.897+0000] {dagbag.py:588} INFO - Filling up the DagBag from /home/airflow/.local/lib/python3.12/site-packages/airflow/example_dags/example_inlet_event_extra.py
[2024-10-22T09:28:09.556+0000] {processor.py:925} INFO - DAG(s) 'read_dataset_event', 'read_dataset_event_from_classic' retrieved from /home/airflow/.local/lib/python3.12/site-packages/airflow/example_dags/example_inlet_event_extra.py
[2024-10-22T09:28:09.610+0000] {logging_mixin.py:190} INFO - [2024-10-22T09:28:09.609+0000] {dag.py:3239} INFO - Sync 2 DAGs
[2024-10-22T09:28:09.689+0000] {logging_mixin.py:190} INFO - [2024-10-22T09:28:09.688+0000] {dag.py:4180} INFO - Setting next_dagrun for read_dataset_event to 2024-10-21 00:00:00+00:00, run_after=2024-10-22 00:00:00+00:00
[2024-10-22T09:28:09.712+0000] {logging_mixin.py:190} INFO - [2024-10-22T09:28:09.711+0000] {dag.py:4180} INFO - Setting next_dagrun for read_dataset_event_from_classic to 2024-10-21 00:00:00+00:00, run_after=2024-10-22 00:00:00+00:00
[2024-10-22T09:28:09.953+0000] {processor.py:208} INFO - Processing /home/airflow/.local/lib/python3.12/site-packages/airflow/example_dags/example_inlet_event_extra.py took 1.111 seconds
[2024-10-22T09:28:40.739+0000] {processor.py:186} INFO - Started process (PID=655) to work on /home/airflow/.local/lib/python3.12/site-packages/airflow/example_dags/example_inlet_event_extra.py
[2024-10-22T09:28:40.814+0000] {processor.py:914} INFO - Processing file /home/airflow/.local/lib/python3.12/site-packages/airflow/example_dags/example_inlet_event_extra.py for tasks to queue
[2024-10-22T09:28:40.822+0000] {logging_mixin.py:190} INFO - [2024-10-22T09:28:40.822+0000] {dagbag.py:588} INFO - Filling up the DagBag from /home/airflow/.local/lib/python3.12/site-packages/airflow/example_dags/example_inlet_event_extra.py
[2024-10-22T09:28:41.425+0000] {processor.py:925} INFO - DAG(s) 'read_dataset_event_from_classic', 'read_dataset_event' retrieved from /home/airflow/.local/lib/python3.12/site-packages/airflow/example_dags/example_inlet_event_extra.py
[2024-10-22T09:28:41.471+0000] {logging_mixin.py:190} INFO - [2024-10-22T09:28:41.471+0000] {dag.py:3239} INFO - Sync 2 DAGs
[2024-10-22T09:28:41.526+0000] {logging_mixin.py:190} INFO - [2024-10-22T09:28:41.526+0000] {dag.py:4180} INFO - Setting next_dagrun for read_dataset_event to 2024-10-21 00:00:00+00:00, run_after=2024-10-22 00:00:00+00:00
[2024-10-22T09:28:41.538+0000] {logging_mixin.py:190} INFO - [2024-10-22T09:28:41.538+0000] {dag.py:4180} INFO - Setting next_dagrun for read_dataset_event_from_classic to 2024-10-21 00:00:00+00:00, run_after=2024-10-22 00:00:00+00:00
[2024-10-22T09:28:41.582+0000] {processor.py:208} INFO - Processing /home/airflow/.local/lib/python3.12/site-packages/airflow/example_dags/example_inlet_event_extra.py took 0.875 seconds
[2024-10-22T09:29:11.819+0000] {processor.py:186} INFO - Started process (PID=717) to work on /home/airflow/.local/lib/python3.12/site-packages/airflow/example_dags/example_inlet_event_extra.py
[2024-10-22T09:29:11.837+0000] {processor.py:914} INFO - Processing file /home/airflow/.local/lib/python3.12/site-packages/airflow/example_dags/example_inlet_event_extra.py for tasks to queue
[2024-10-22T09:29:11.855+0000] {logging_mixin.py:190} INFO - [2024-10-22T09:29:11.854+0000] {dagbag.py:588} INFO - Filling up the DagBag from /home/airflow/.local/lib/python3.12/site-packages/airflow/example_dags/example_inlet_event_extra.py
[2024-10-22T09:29:12.956+0000] {processor.py:925} INFO - DAG(s) 'read_dataset_event', 'read_dataset_event_from_classic' retrieved from /home/airflow/.local/lib/python3.12/site-packages/airflow/example_dags/example_inlet_event_extra.py
[2024-10-22T09:29:13.415+0000] {logging_mixin.py:190} INFO - [2024-10-22T09:29:13.414+0000] {dag.py:3239} INFO - Sync 2 DAGs
[2024-10-22T09:29:13.493+0000] {logging_mixin.py:190} INFO - [2024-10-22T09:29:13.493+0000] {dag.py:4180} INFO - Setting next_dagrun for read_dataset_event to 2024-10-21 00:00:00+00:00, run_after=2024-10-22 00:00:00+00:00
[2024-10-22T09:29:13.520+0000] {logging_mixin.py:190} INFO - [2024-10-22T09:29:13.519+0000] {dag.py:4180} INFO - Setting next_dagrun for read_dataset_event_from_classic to 2024-10-21 00:00:00+00:00, run_after=2024-10-22 00:00:00+00:00
[2024-10-22T09:29:14.461+0000] {processor.py:208} INFO - Processing /home/airflow/.local/lib/python3.12/site-packages/airflow/example_dags/example_inlet_event_extra.py took 2.675 seconds
[2024-10-22T09:29:45.010+0000] {processor.py:186} INFO - Started process (PID=780) to work on /home/airflow/.local/lib/python3.12/site-packages/airflow/example_dags/example_inlet_event_extra.py
[2024-10-22T09:29:45.014+0000] {processor.py:914} INFO - Processing file /home/airflow/.local/lib/python3.12/site-packages/airflow/example_dags/example_inlet_event_extra.py for tasks to queue
[2024-10-22T09:29:45.022+0000] {logging_mixin.py:190} INFO - [2024-10-22T09:29:45.021+0000] {dagbag.py:588} INFO - Filling up the DagBag from /home/airflow/.local/lib/python3.12/site-packages/airflow/example_dags/example_inlet_event_extra.py
[2024-10-22T09:29:45.387+0000] {processor.py:925} INFO - DAG(s) 'read_dataset_event_from_classic', 'read_dataset_event' retrieved from /home/airflow/.local/lib/python3.12/site-packages/airflow/example_dags/example_inlet_event_extra.py
[2024-10-22T09:29:45.470+0000] {logging_mixin.py:190} INFO - [2024-10-22T09:29:45.469+0000] {dag.py:3239} INFO - Sync 2 DAGs
[2024-10-22T09:29:45.554+0000] {logging_mixin.py:190} INFO - [2024-10-22T09:29:45.554+0000] {dag.py:4180} INFO - Setting next_dagrun for read_dataset_event to 2024-10-21 00:00:00+00:00, run_after=2024-10-22 00:00:00+00:00
[2024-10-22T09:29:45.570+0000] {logging_mixin.py:190} INFO - [2024-10-22T09:29:45.569+0000] {dag.py:4180} INFO - Setting next_dagrun for read_dataset_event_from_classic to 2024-10-21 00:00:00+00:00, run_after=2024-10-22 00:00:00+00:00
[2024-10-22T09:29:45.621+0000] {processor.py:208} INFO - Processing /home/airflow/.local/lib/python3.12/site-packages/airflow/example_dags/example_inlet_event_extra.py took 0.631 seconds
[2024-10-22T09:30:15.775+0000] {processor.py:186} INFO - Started process (PID=842) to work on /home/airflow/.local/lib/python3.12/site-packages/airflow/example_dags/example_inlet_event_extra.py
[2024-10-22T09:30:15.778+0000] {processor.py:914} INFO - Processing file /home/airflow/.local/lib/python3.12/site-packages/airflow/example_dags/example_inlet_event_extra.py for tasks to queue
[2024-10-22T09:30:15.784+0000] {logging_mixin.py:190} INFO - [2024-10-22T09:30:15.783+0000] {dagbag.py:588} INFO - Filling up the DagBag from /home/airflow/.local/lib/python3.12/site-packages/airflow/example_dags/example_inlet_event_extra.py
[2024-10-22T09:30:16.105+0000] {processor.py:925} INFO - DAG(s) 'read_dataset_event_from_classic', 'read_dataset_event' retrieved from /home/airflow/.local/lib/python3.12/site-packages/airflow/example_dags/example_inlet_event_extra.py
[2024-10-22T09:30:16.148+0000] {logging_mixin.py:190} INFO - [2024-10-22T09:30:16.148+0000] {dag.py:3239} INFO - Sync 2 DAGs
[2024-10-22T09:30:16.210+0000] {logging_mixin.py:190} INFO - [2024-10-22T09:30:16.210+0000] {dag.py:4180} INFO - Setting next_dagrun for read_dataset_event to 2024-10-21 00:00:00+00:00, run_after=2024-10-22 00:00:00+00:00
[2024-10-22T09:30:16.222+0000] {logging_mixin.py:190} INFO - [2024-10-22T09:30:16.221+0000] {dag.py:4180} INFO - Setting next_dagrun for read_dataset_event_from_classic to 2024-10-21 00:00:00+00:00, run_after=2024-10-22 00:00:00+00:00
[2024-10-22T09:30:16.257+0000] {processor.py:208} INFO - Processing /home/airflow/.local/lib/python3.12/site-packages/airflow/example_dags/example_inlet_event_extra.py took 0.496 seconds
[2024-10-22T09:30:48.079+0000] {processor.py:186} INFO - Started process (PID=904) to work on /home/airflow/.local/lib/python3.12/site-packages/airflow/example_dags/example_inlet_event_extra.py
[2024-10-22T09:30:48.083+0000] {processor.py:914} INFO - Processing file /home/airflow/.local/lib/python3.12/site-packages/airflow/example_dags/example_inlet_event_extra.py for tasks to queue
[2024-10-22T09:30:48.104+0000] {logging_mixin.py:190} INFO - [2024-10-22T09:30:48.103+0000] {dagbag.py:588} INFO - Filling up the DagBag from /home/airflow/.local/lib/python3.12/site-packages/airflow/example_dags/example_inlet_event_extra.py
[2024-10-22T09:30:50.471+0000] {processor.py:925} INFO - DAG(s) 'read_dataset_event_from_classic', 'read_dataset_event' retrieved from /home/airflow/.local/lib/python3.12/site-packages/airflow/example_dags/example_inlet_event_extra.py
[2024-10-22T09:30:50.708+0000] {logging_mixin.py:190} INFO - [2024-10-22T09:30:50.708+0000] {dag.py:3239} INFO - Sync 2 DAGs
[2024-10-22T09:30:51.062+0000] {logging_mixin.py:190} INFO - [2024-10-22T09:30:51.051+0000] {dag.py:4180} INFO - Setting next_dagrun for read_dataset_event to 2024-10-21 00:00:00+00:00, run_after=2024-10-22 00:00:00+00:00
[2024-10-22T09:30:51.171+0000] {logging_mixin.py:190} INFO - [2024-10-22T09:30:51.159+0000] {dag.py:4180} INFO - Setting next_dagrun for read_dataset_event_from_classic to 2024-10-21 00:00:00+00:00, run_after=2024-10-22 00:00:00+00:00
[2024-10-22T09:30:51.353+0000] {processor.py:208} INFO - Processing /home/airflow/.local/lib/python3.12/site-packages/airflow/example_dags/example_inlet_event_extra.py took 3.339 seconds
[2024-10-22T09:31:22.696+0000] {processor.py:186} INFO - Started process (PID=966) to work on /home/airflow/.local/lib/python3.12/site-packages/airflow/example_dags/example_inlet_event_extra.py
[2024-10-22T09:31:22.710+0000] {processor.py:914} INFO - Processing file /home/airflow/.local/lib/python3.12/site-packages/airflow/example_dags/example_inlet_event_extra.py for tasks to queue
[2024-10-22T09:31:22.741+0000] {logging_mixin.py:190} INFO - [2024-10-22T09:31:22.740+0000] {dagbag.py:588} INFO - Filling up the DagBag from /home/airflow/.local/lib/python3.12/site-packages/airflow/example_dags/example_inlet_event_extra.py
[2024-10-22T09:31:24.672+0000] {processor.py:925} INFO - DAG(s) 'read_dataset_event', 'read_dataset_event_from_classic' retrieved from /home/airflow/.local/lib/python3.12/site-packages/airflow/example_dags/example_inlet_event_extra.py
[2024-10-22T09:31:24.932+0000] {logging_mixin.py:190} INFO - [2024-10-22T09:31:24.931+0000] {dag.py:3239} INFO - Sync 2 DAGs
[2024-10-22T09:31:25.429+0000] {logging_mixin.py:190} INFO - [2024-10-22T09:31:25.429+0000] {dag.py:4180} INFO - Setting next_dagrun for read_dataset_event to 2024-10-21 00:00:00+00:00, run_after=2024-10-22 00:00:00+00:00
[2024-10-22T09:31:25.526+0000] {logging_mixin.py:190} INFO - [2024-10-22T09:31:25.525+0000] {dag.py:4180} INFO - Setting next_dagrun for read_dataset_event_from_classic to 2024-10-21 00:00:00+00:00, run_after=2024-10-22 00:00:00+00:00
[2024-10-22T09:31:25.781+0000] {processor.py:208} INFO - Processing /home/airflow/.local/lib/python3.12/site-packages/airflow/example_dags/example_inlet_event_extra.py took 3.145 seconds
[2024-10-22T09:31:58.833+0000] {processor.py:186} INFO - Started process (PID=1033) to work on /home/airflow/.local/lib/python3.12/site-packages/airflow/example_dags/example_inlet_event_extra.py
[2024-10-22T09:31:58.852+0000] {processor.py:914} INFO - Processing file /home/airflow/.local/lib/python3.12/site-packages/airflow/example_dags/example_inlet_event_extra.py for tasks to queue
[2024-10-22T09:31:58.877+0000] {logging_mixin.py:190} INFO - [2024-10-22T09:31:58.869+0000] {dagbag.py:588} INFO - Filling up the DagBag from /home/airflow/.local/lib/python3.12/site-packages/airflow/example_dags/example_inlet_event_extra.py
[2024-10-22T09:32:00.596+0000] {processor.py:925} INFO - DAG(s) 'read_dataset_event', 'read_dataset_event_from_classic' retrieved from /home/airflow/.local/lib/python3.12/site-packages/airflow/example_dags/example_inlet_event_extra.py
[2024-10-22T09:32:00.869+0000] {logging_mixin.py:190} INFO - [2024-10-22T09:32:00.856+0000] {dag.py:3239} INFO - Sync 2 DAGs
[2024-10-22T09:32:01.186+0000] {logging_mixin.py:190} INFO - [2024-10-22T09:32:01.186+0000] {dag.py:4180} INFO - Setting next_dagrun for read_dataset_event to 2024-10-21 00:00:00+00:00, run_after=2024-10-22 00:00:00+00:00
[2024-10-22T09:32:01.248+0000] {logging_mixin.py:190} INFO - [2024-10-22T09:32:01.247+0000] {dag.py:4180} INFO - Setting next_dagrun for read_dataset_event_from_classic to 2024-10-21 00:00:00+00:00, run_after=2024-10-22 00:00:00+00:00
[2024-10-22T09:32:01.444+0000] {processor.py:208} INFO - Processing /home/airflow/.local/lib/python3.12/site-packages/airflow/example_dags/example_inlet_event_extra.py took 2.651 seconds
[2024-10-22T09:32:39.497+0000] {processor.py:186} INFO - Started process (PID=1095) to work on /home/airflow/.local/lib/python3.12/site-packages/airflow/example_dags/example_inlet_event_extra.py
[2024-10-22T09:32:39.542+0000] {processor.py:914} INFO - Processing file /home/airflow/.local/lib/python3.12/site-packages/airflow/example_dags/example_inlet_event_extra.py for tasks to queue
[2024-10-22T09:32:39.560+0000] {logging_mixin.py:190} INFO - [2024-10-22T09:32:39.559+0000] {dagbag.py:588} INFO - Filling up the DagBag from /home/airflow/.local/lib/python3.12/site-packages/airflow/example_dags/example_inlet_event_extra.py
[2024-10-22T09:32:41.336+0000] {processor.py:925} INFO - DAG(s) 'read_dataset_event_from_classic', 'read_dataset_event' retrieved from /home/airflow/.local/lib/python3.12/site-packages/airflow/example_dags/example_inlet_event_extra.py
[2024-10-22T09:32:41.684+0000] {logging_mixin.py:190} INFO - [2024-10-22T09:32:41.683+0000] {dag.py:3239} INFO - Sync 2 DAGs
[2024-10-22T09:32:41.996+0000] {logging_mixin.py:190} INFO - [2024-10-22T09:32:41.996+0000] {dag.py:4180} INFO - Setting next_dagrun for read_dataset_event to 2024-10-21 00:00:00+00:00, run_after=2024-10-22 00:00:00+00:00
[2024-10-22T09:32:42.045+0000] {logging_mixin.py:190} INFO - [2024-10-22T09:32:42.045+0000] {dag.py:4180} INFO - Setting next_dagrun for read_dataset_event_from_classic to 2024-10-21 00:00:00+00:00, run_after=2024-10-22 00:00:00+00:00
[2024-10-22T09:32:42.318+0000] {processor.py:208} INFO - Processing /home/airflow/.local/lib/python3.12/site-packages/airflow/example_dags/example_inlet_event_extra.py took 2.919 seconds
[2024-10-22T09:33:12.894+0000] {processor.py:186} INFO - Started process (PID=1157) to work on /home/airflow/.local/lib/python3.12/site-packages/airflow/example_dags/example_inlet_event_extra.py
[2024-10-22T09:33:12.899+0000] {processor.py:914} INFO - Processing file /home/airflow/.local/lib/python3.12/site-packages/airflow/example_dags/example_inlet_event_extra.py for tasks to queue
[2024-10-22T09:33:12.916+0000] {logging_mixin.py:190} INFO - [2024-10-22T09:33:12.915+0000] {dagbag.py:588} INFO - Filling up the DagBag from /home/airflow/.local/lib/python3.12/site-packages/airflow/example_dags/example_inlet_event_extra.py
[2024-10-22T09:33:14.037+0000] {processor.py:925} INFO - DAG(s) 'read_dataset_event', 'read_dataset_event_from_classic' retrieved from /home/airflow/.local/lib/python3.12/site-packages/airflow/example_dags/example_inlet_event_extra.py
[2024-10-22T09:33:14.115+0000] {logging_mixin.py:190} INFO - [2024-10-22T09:33:14.114+0000] {dag.py:3239} INFO - Sync 2 DAGs
[2024-10-22T09:33:14.298+0000] {logging_mixin.py:190} INFO - [2024-10-22T09:33:14.286+0000] {dag.py:4180} INFO - Setting next_dagrun for read_dataset_event to 2024-10-21 00:00:00+00:00, run_after=2024-10-22 00:00:00+00:00
[2024-10-22T09:33:14.346+0000] {logging_mixin.py:190} INFO - [2024-10-22T09:33:14.345+0000] {dag.py:4180} INFO - Setting next_dagrun for read_dataset_event_from_classic to 2024-10-21 00:00:00+00:00, run_after=2024-10-22 00:00:00+00:00
[2024-10-22T09:33:14.511+0000] {processor.py:208} INFO - Processing /home/airflow/.local/lib/python3.12/site-packages/airflow/example_dags/example_inlet_event_extra.py took 1.664 seconds
[2024-10-22T09:33:44.871+0000] {processor.py:186} INFO - Started process (PID=1220) to work on /home/airflow/.local/lib/python3.12/site-packages/airflow/example_dags/example_inlet_event_extra.py
[2024-10-22T09:33:44.873+0000] {processor.py:914} INFO - Processing file /home/airflow/.local/lib/python3.12/site-packages/airflow/example_dags/example_inlet_event_extra.py for tasks to queue
[2024-10-22T09:33:44.878+0000] {logging_mixin.py:190} INFO - [2024-10-22T09:33:44.877+0000] {dagbag.py:588} INFO - Filling up the DagBag from /home/airflow/.local/lib/python3.12/site-packages/airflow/example_dags/example_inlet_event_extra.py
[2024-10-22T09:33:45.117+0000] {processor.py:925} INFO - DAG(s) 'read_dataset_event', 'read_dataset_event_from_classic' retrieved from /home/airflow/.local/lib/python3.12/site-packages/airflow/example_dags/example_inlet_event_extra.py
[2024-10-22T09:33:45.162+0000] {logging_mixin.py:190} INFO - [2024-10-22T09:33:45.161+0000] {dag.py:3239} INFO - Sync 2 DAGs
[2024-10-22T09:33:45.204+0000] {logging_mixin.py:190} INFO - [2024-10-22T09:33:45.203+0000] {dag.py:4180} INFO - Setting next_dagrun for read_dataset_event to 2024-10-21 00:00:00+00:00, run_after=2024-10-22 00:00:00+00:00
[2024-10-22T09:33:45.212+0000] {logging_mixin.py:190} INFO - [2024-10-22T09:33:45.212+0000] {dag.py:4180} INFO - Setting next_dagrun for read_dataset_event_from_classic to 2024-10-21 00:00:00+00:00, run_after=2024-10-22 00:00:00+00:00
[2024-10-22T09:33:45.241+0000] {processor.py:208} INFO - Processing /home/airflow/.local/lib/python3.12/site-packages/airflow/example_dags/example_inlet_event_extra.py took 0.384 seconds
[2024-10-22T09:34:15.379+0000] {processor.py:186} INFO - Started process (PID=1282) to work on /home/airflow/.local/lib/python3.12/site-packages/airflow/example_dags/example_inlet_event_extra.py
[2024-10-22T09:34:15.382+0000] {processor.py:914} INFO - Processing file /home/airflow/.local/lib/python3.12/site-packages/airflow/example_dags/example_inlet_event_extra.py for tasks to queue
[2024-10-22T09:34:15.397+0000] {logging_mixin.py:190} INFO - [2024-10-22T09:34:15.396+0000] {dagbag.py:588} INFO - Filling up the DagBag from /home/airflow/.local/lib/python3.12/site-packages/airflow/example_dags/example_inlet_event_extra.py
[2024-10-22T09:34:15.697+0000] {processor.py:925} INFO - DAG(s) 'read_dataset_event', 'read_dataset_event_from_classic' retrieved from /home/airflow/.local/lib/python3.12/site-packages/airflow/example_dags/example_inlet_event_extra.py
[2024-10-22T09:34:15.742+0000] {logging_mixin.py:190} INFO - [2024-10-22T09:34:15.742+0000] {dag.py:3239} INFO - Sync 2 DAGs
[2024-10-22T09:34:15.794+0000] {logging_mixin.py:190} INFO - [2024-10-22T09:34:15.794+0000] {dag.py:4180} INFO - Setting next_dagrun for read_dataset_event to 2024-10-21 00:00:00+00:00, run_after=2024-10-22 00:00:00+00:00
[2024-10-22T09:34:15.803+0000] {logging_mixin.py:190} INFO - [2024-10-22T09:34:15.803+0000] {dag.py:4180} INFO - Setting next_dagrun for read_dataset_event_from_classic to 2024-10-21 00:00:00+00:00, run_after=2024-10-22 00:00:00+00:00
[2024-10-22T09:34:15.883+0000] {processor.py:208} INFO - Processing /home/airflow/.local/lib/python3.12/site-packages/airflow/example_dags/example_inlet_event_extra.py took 0.525 seconds
[2024-10-22T09:34:46.180+0000] {processor.py:186} INFO - Started process (PID=1343) to work on /home/airflow/.local/lib/python3.12/site-packages/airflow/example_dags/example_inlet_event_extra.py
[2024-10-22T09:34:46.182+0000] {processor.py:914} INFO - Processing file /home/airflow/.local/lib/python3.12/site-packages/airflow/example_dags/example_inlet_event_extra.py for tasks to queue
[2024-10-22T09:34:46.186+0000] {logging_mixin.py:190} INFO - [2024-10-22T09:34:46.186+0000] {dagbag.py:588} INFO - Filling up the DagBag from /home/airflow/.local/lib/python3.12/site-packages/airflow/example_dags/example_inlet_event_extra.py
[2024-10-22T09:34:46.493+0000] {processor.py:925} INFO - DAG(s) 'read_dataset_event', 'read_dataset_event_from_classic' retrieved from /home/airflow/.local/lib/python3.12/site-packages/airflow/example_dags/example_inlet_event_extra.py
[2024-10-22T09:34:46.547+0000] {logging_mixin.py:190} INFO - [2024-10-22T09:34:46.546+0000] {dag.py:3239} INFO - Sync 2 DAGs
[2024-10-22T09:34:46.602+0000] {logging_mixin.py:190} INFO - [2024-10-22T09:34:46.602+0000] {dag.py:4180} INFO - Setting next_dagrun for read_dataset_event to 2024-10-21 00:00:00+00:00, run_after=2024-10-22 00:00:00+00:00
[2024-10-22T09:34:46.612+0000] {logging_mixin.py:190} INFO - [2024-10-22T09:34:46.612+0000] {dag.py:4180} INFO - Setting next_dagrun for read_dataset_event_from_classic to 2024-10-21 00:00:00+00:00, run_after=2024-10-22 00:00:00+00:00
[2024-10-22T09:34:46.646+0000] {processor.py:208} INFO - Processing /home/airflow/.local/lib/python3.12/site-packages/airflow/example_dags/example_inlet_event_extra.py took 0.478 seconds
[2024-10-22T09:35:16.883+0000] {processor.py:186} INFO - Started process (PID=1405) to work on /home/airflow/.local/lib/python3.12/site-packages/airflow/example_dags/example_inlet_event_extra.py
[2024-10-22T09:35:16.886+0000] {processor.py:914} INFO - Processing file /home/airflow/.local/lib/python3.12/site-packages/airflow/example_dags/example_inlet_event_extra.py for tasks to queue
[2024-10-22T09:35:16.895+0000] {logging_mixin.py:190} INFO - [2024-10-22T09:35:16.894+0000] {dagbag.py:588} INFO - Filling up the DagBag from /home/airflow/.local/lib/python3.12/site-packages/airflow/example_dags/example_inlet_event_extra.py
[2024-10-22T09:35:17.367+0000] {processor.py:925} INFO - DAG(s) 'read_dataset_event_from_classic', 'read_dataset_event' retrieved from /home/airflow/.local/lib/python3.12/site-packages/airflow/example_dags/example_inlet_event_extra.py
[2024-10-22T09:35:17.431+0000] {logging_mixin.py:190} INFO - [2024-10-22T09:35:17.430+0000] {dag.py:3239} INFO - Sync 2 DAGs
[2024-10-22T09:35:17.524+0000] {logging_mixin.py:190} INFO - [2024-10-22T09:35:17.523+0000] {dag.py:4180} INFO - Setting next_dagrun for read_dataset_event to 2024-10-21 00:00:00+00:00, run_after=2024-10-22 00:00:00+00:00
[2024-10-22T09:35:17.563+0000] {logging_mixin.py:190} INFO - [2024-10-22T09:35:17.563+0000] {dag.py:4180} INFO - Setting next_dagrun for read_dataset_event_from_classic to 2024-10-21 00:00:00+00:00, run_after=2024-10-22 00:00:00+00:00
[2024-10-22T09:35:17.673+0000] {processor.py:208} INFO - Processing /home/airflow/.local/lib/python3.12/site-packages/airflow/example_dags/example_inlet_event_extra.py took 0.808 seconds
[2024-10-22T09:35:48.482+0000] {processor.py:186} INFO - Started process (PID=1467) to work on /home/airflow/.local/lib/python3.12/site-packages/airflow/example_dags/example_inlet_event_extra.py
[2024-10-22T09:35:48.484+0000] {processor.py:914} INFO - Processing file /home/airflow/.local/lib/python3.12/site-packages/airflow/example_dags/example_inlet_event_extra.py for tasks to queue
[2024-10-22T09:35:48.495+0000] {logging_mixin.py:190} INFO - [2024-10-22T09:35:48.494+0000] {dagbag.py:588} INFO - Filling up the DagBag from /home/airflow/.local/lib/python3.12/site-packages/airflow/example_dags/example_inlet_event_extra.py
[2024-10-22T09:35:48.950+0000] {processor.py:925} INFO - DAG(s) 'read_dataset_event_from_classic', 'read_dataset_event' retrieved from /home/airflow/.local/lib/python3.12/site-packages/airflow/example_dags/example_inlet_event_extra.py
[2024-10-22T09:35:49.000+0000] {logging_mixin.py:190} INFO - [2024-10-22T09:35:49.000+0000] {dag.py:3239} INFO - Sync 2 DAGs
[2024-10-22T09:35:49.055+0000] {logging_mixin.py:190} INFO - [2024-10-22T09:35:49.054+0000] {dag.py:4180} INFO - Setting next_dagrun for read_dataset_event to 2024-10-21 00:00:00+00:00, run_after=2024-10-22 00:00:00+00:00
[2024-10-22T09:35:49.070+0000] {logging_mixin.py:190} INFO - [2024-10-22T09:35:49.070+0000] {dag.py:4180} INFO - Setting next_dagrun for read_dataset_event_from_classic to 2024-10-21 00:00:00+00:00, run_after=2024-10-22 00:00:00+00:00
[2024-10-22T09:35:49.128+0000] {processor.py:208} INFO - Processing /home/airflow/.local/lib/python3.12/site-packages/airflow/example_dags/example_inlet_event_extra.py took 0.661 seconds
[2024-10-22T09:36:19.417+0000] {processor.py:186} INFO - Started process (PID=1529) to work on /home/airflow/.local/lib/python3.12/site-packages/airflow/example_dags/example_inlet_event_extra.py
[2024-10-22T09:36:19.419+0000] {processor.py:914} INFO - Processing file /home/airflow/.local/lib/python3.12/site-packages/airflow/example_dags/example_inlet_event_extra.py for tasks to queue
[2024-10-22T09:36:19.464+0000] {logging_mixin.py:190} INFO - [2024-10-22T09:36:19.463+0000] {dagbag.py:588} INFO - Filling up the DagBag from /home/airflow/.local/lib/python3.12/site-packages/airflow/example_dags/example_inlet_event_extra.py
[2024-10-22T09:36:20.283+0000] {processor.py:925} INFO - DAG(s) 'read_dataset_event_from_classic', 'read_dataset_event' retrieved from /home/airflow/.local/lib/python3.12/site-packages/airflow/example_dags/example_inlet_event_extra.py
[2024-10-22T09:36:20.345+0000] {logging_mixin.py:190} INFO - [2024-10-22T09:36:20.344+0000] {dag.py:3239} INFO - Sync 2 DAGs
[2024-10-22T09:36:20.421+0000] {logging_mixin.py:190} INFO - [2024-10-22T09:36:20.421+0000] {dag.py:4180} INFO - Setting next_dagrun for read_dataset_event to 2024-10-21 00:00:00+00:00, run_after=2024-10-22 00:00:00+00:00
[2024-10-22T09:36:20.435+0000] {logging_mixin.py:190} INFO - [2024-10-22T09:36:20.434+0000] {dag.py:4180} INFO - Setting next_dagrun for read_dataset_event_from_classic to 2024-10-21 00:00:00+00:00, run_after=2024-10-22 00:00:00+00:00
[2024-10-22T09:36:20.476+0000] {processor.py:208} INFO - Processing /home/airflow/.local/lib/python3.12/site-packages/airflow/example_dags/example_inlet_event_extra.py took 1.088 seconds
[2024-10-22T09:36:50.890+0000] {processor.py:186} INFO - Started process (PID=1592) to work on /home/airflow/.local/lib/python3.12/site-packages/airflow/example_dags/example_inlet_event_extra.py
[2024-10-22T09:36:50.892+0000] {processor.py:914} INFO - Processing file /home/airflow/.local/lib/python3.12/site-packages/airflow/example_dags/example_inlet_event_extra.py for tasks to queue
[2024-10-22T09:36:50.899+0000] {logging_mixin.py:190} INFO - [2024-10-22T09:36:50.898+0000] {dagbag.py:588} INFO - Filling up the DagBag from /home/airflow/.local/lib/python3.12/site-packages/airflow/example_dags/example_inlet_event_extra.py
[2024-10-22T09:36:51.513+0000] {processor.py:925} INFO - DAG(s) 'read_dataset_event', 'read_dataset_event_from_classic' retrieved from /home/airflow/.local/lib/python3.12/site-packages/airflow/example_dags/example_inlet_event_extra.py
[2024-10-22T09:36:51.563+0000] {logging_mixin.py:190} INFO - [2024-10-22T09:36:51.563+0000] {dag.py:3239} INFO - Sync 2 DAGs
[2024-10-22T09:36:51.606+0000] {logging_mixin.py:190} INFO - [2024-10-22T09:36:51.606+0000] {dag.py:4180} INFO - Setting next_dagrun for read_dataset_event to 2024-10-21 00:00:00+00:00, run_after=2024-10-22 00:00:00+00:00
[2024-10-22T09:36:51.617+0000] {logging_mixin.py:190} INFO - [2024-10-22T09:36:51.616+0000] {dag.py:4180} INFO - Setting next_dagrun for read_dataset_event_from_classic to 2024-10-21 00:00:00+00:00, run_after=2024-10-22 00:00:00+00:00
[2024-10-22T09:36:51.648+0000] {processor.py:208} INFO - Processing /home/airflow/.local/lib/python3.12/site-packages/airflow/example_dags/example_inlet_event_extra.py took 0.776 seconds
[2024-10-22T09:37:21.792+0000] {processor.py:186} INFO - Started process (PID=1654) to work on /home/airflow/.local/lib/python3.12/site-packages/airflow/example_dags/example_inlet_event_extra.py
[2024-10-22T09:37:21.794+0000] {processor.py:914} INFO - Processing file /home/airflow/.local/lib/python3.12/site-packages/airflow/example_dags/example_inlet_event_extra.py for tasks to queue
[2024-10-22T09:37:21.800+0000] {logging_mixin.py:190} INFO - [2024-10-22T09:37:21.800+0000] {dagbag.py:588} INFO - Filling up the DagBag from /home/airflow/.local/lib/python3.12/site-packages/airflow/example_dags/example_inlet_event_extra.py
[2024-10-22T09:37:22.122+0000] {processor.py:925} INFO - DAG(s) 'read_dataset_event', 'read_dataset_event_from_classic' retrieved from /home/airflow/.local/lib/python3.12/site-packages/airflow/example_dags/example_inlet_event_extra.py
[2024-10-22T09:37:22.185+0000] {logging_mixin.py:190} INFO - [2024-10-22T09:37:22.184+0000] {dag.py:3239} INFO - Sync 2 DAGs
[2024-10-22T09:37:22.238+0000] {logging_mixin.py:190} INFO - [2024-10-22T09:37:22.238+0000] {dag.py:4180} INFO - Setting next_dagrun for read_dataset_event to 2024-10-21 00:00:00+00:00, run_after=2024-10-22 00:00:00+00:00
[2024-10-22T09:37:22.247+0000] {logging_mixin.py:190} INFO - [2024-10-22T09:37:22.247+0000] {dag.py:4180} INFO - Setting next_dagrun for read_dataset_event_from_classic to 2024-10-21 00:00:00+00:00, run_after=2024-10-22 00:00:00+00:00
[2024-10-22T09:37:22.276+0000] {processor.py:208} INFO - Processing /home/airflow/.local/lib/python3.12/site-packages/airflow/example_dags/example_inlet_event_extra.py took 0.498 seconds
[2024-10-22T09:37:52.422+0000] {processor.py:186} INFO - Started process (PID=1716) to work on /home/airflow/.local/lib/python3.12/site-packages/airflow/example_dags/example_inlet_event_extra.py
[2024-10-22T09:37:52.424+0000] {processor.py:914} INFO - Processing file /home/airflow/.local/lib/python3.12/site-packages/airflow/example_dags/example_inlet_event_extra.py for tasks to queue
[2024-10-22T09:37:52.431+0000] {logging_mixin.py:190} INFO - [2024-10-22T09:37:52.431+0000] {dagbag.py:588} INFO - Filling up the DagBag from /home/airflow/.local/lib/python3.12/site-packages/airflow/example_dags/example_inlet_event_extra.py
[2024-10-22T09:37:52.809+0000] {processor.py:925} INFO - DAG(s) 'read_dataset_event', 'read_dataset_event_from_classic' retrieved from /home/airflow/.local/lib/python3.12/site-packages/airflow/example_dags/example_inlet_event_extra.py
[2024-10-22T09:37:52.854+0000] {logging_mixin.py:190} INFO - [2024-10-22T09:37:52.853+0000] {dag.py:3239} INFO - Sync 2 DAGs
[2024-10-22T09:37:52.902+0000] {logging_mixin.py:190} INFO - [2024-10-22T09:37:52.902+0000] {dag.py:4180} INFO - Setting next_dagrun for read_dataset_event to 2024-10-21 00:00:00+00:00, run_after=2024-10-22 00:00:00+00:00
[2024-10-22T09:37:52.914+0000] {logging_mixin.py:190} INFO - [2024-10-22T09:37:52.913+0000] {dag.py:4180} INFO - Setting next_dagrun for read_dataset_event_from_classic to 2024-10-21 00:00:00+00:00, run_after=2024-10-22 00:00:00+00:00
[2024-10-22T09:37:52.946+0000] {processor.py:208} INFO - Processing /home/airflow/.local/lib/python3.12/site-packages/airflow/example_dags/example_inlet_event_extra.py took 0.542 seconds
[2024-10-22T09:38:23.854+0000] {processor.py:186} INFO - Started process (PID=1778) to work on /home/airflow/.local/lib/python3.12/site-packages/airflow/example_dags/example_inlet_event_extra.py
[2024-10-22T09:38:23.856+0000] {processor.py:914} INFO - Processing file /home/airflow/.local/lib/python3.12/site-packages/airflow/example_dags/example_inlet_event_extra.py for tasks to queue
[2024-10-22T09:38:23.863+0000] {logging_mixin.py:190} INFO - [2024-10-22T09:38:23.862+0000] {dagbag.py:588} INFO - Filling up the DagBag from /home/airflow/.local/lib/python3.12/site-packages/airflow/example_dags/example_inlet_event_extra.py
[2024-10-22T09:38:24.207+0000] {processor.py:925} INFO - DAG(s) 'read_dataset_event', 'read_dataset_event_from_classic' retrieved from /home/airflow/.local/lib/python3.12/site-packages/airflow/example_dags/example_inlet_event_extra.py
[2024-10-22T09:38:24.271+0000] {logging_mixin.py:190} INFO - [2024-10-22T09:38:24.270+0000] {dag.py:3239} INFO - Sync 2 DAGs
[2024-10-22T09:38:24.340+0000] {logging_mixin.py:190} INFO - [2024-10-22T09:38:24.339+0000] {dag.py:4180} INFO - Setting next_dagrun for read_dataset_event to 2024-10-21 00:00:00+00:00, run_after=2024-10-22 00:00:00+00:00
[2024-10-22T09:38:24.353+0000] {logging_mixin.py:190} INFO - [2024-10-22T09:38:24.352+0000] {dag.py:4180} INFO - Setting next_dagrun for read_dataset_event_from_classic to 2024-10-21 00:00:00+00:00, run_after=2024-10-22 00:00:00+00:00
[2024-10-22T09:38:24.397+0000] {processor.py:208} INFO - Processing /home/airflow/.local/lib/python3.12/site-packages/airflow/example_dags/example_inlet_event_extra.py took 0.556 seconds
[2024-10-22T09:38:54.822+0000] {processor.py:186} INFO - Started process (PID=1840) to work on /home/airflow/.local/lib/python3.12/site-packages/airflow/example_dags/example_inlet_event_extra.py
[2024-10-22T09:38:54.824+0000] {processor.py:914} INFO - Processing file /home/airflow/.local/lib/python3.12/site-packages/airflow/example_dags/example_inlet_event_extra.py for tasks to queue
[2024-10-22T09:38:54.834+0000] {logging_mixin.py:190} INFO - [2024-10-22T09:38:54.833+0000] {dagbag.py:588} INFO - Filling up the DagBag from /home/airflow/.local/lib/python3.12/site-packages/airflow/example_dags/example_inlet_event_extra.py
[2024-10-22T09:38:55.159+0000] {processor.py:925} INFO - DAG(s) 'read_dataset_event', 'read_dataset_event_from_classic' retrieved from /home/airflow/.local/lib/python3.12/site-packages/airflow/example_dags/example_inlet_event_extra.py
[2024-10-22T09:38:55.208+0000] {logging_mixin.py:190} INFO - [2024-10-22T09:38:55.208+0000] {dag.py:3239} INFO - Sync 2 DAGs
[2024-10-22T09:38:55.267+0000] {logging_mixin.py:190} INFO - [2024-10-22T09:38:55.267+0000] {dag.py:4180} INFO - Setting next_dagrun for read_dataset_event to 2024-10-21 00:00:00+00:00, run_after=2024-10-22 00:00:00+00:00
[2024-10-22T09:38:55.280+0000] {logging_mixin.py:190} INFO - [2024-10-22T09:38:55.280+0000] {dag.py:4180} INFO - Setting next_dagrun for read_dataset_event_from_classic to 2024-10-21 00:00:00+00:00, run_after=2024-10-22 00:00:00+00:00
[2024-10-22T09:38:55.319+0000] {processor.py:208} INFO - Processing /home/airflow/.local/lib/python3.12/site-packages/airflow/example_dags/example_inlet_event_extra.py took 0.526 seconds
[2024-10-22T09:39:25.598+0000] {processor.py:186} INFO - Started process (PID=1898) to work on /home/airflow/.local/lib/python3.12/site-packages/airflow/example_dags/example_inlet_event_extra.py
[2024-10-22T09:39:25.600+0000] {processor.py:914} INFO - Processing file /home/airflow/.local/lib/python3.12/site-packages/airflow/example_dags/example_inlet_event_extra.py for tasks to queue
[2024-10-22T09:39:25.604+0000] {logging_mixin.py:190} INFO - [2024-10-22T09:39:25.604+0000] {dagbag.py:588} INFO - Filling up the DagBag from /home/airflow/.local/lib/python3.12/site-packages/airflow/example_dags/example_inlet_event_extra.py
[2024-10-22T09:39:25.880+0000] {processor.py:925} INFO - DAG(s) 'read_dataset_event_from_classic', 'read_dataset_event' retrieved from /home/airflow/.local/lib/python3.12/site-packages/airflow/example_dags/example_inlet_event_extra.py
[2024-10-22T09:39:25.916+0000] {logging_mixin.py:190} INFO - [2024-10-22T09:39:25.915+0000] {dag.py:3239} INFO - Sync 2 DAGs
[2024-10-22T09:39:25.962+0000] {logging_mixin.py:190} INFO - [2024-10-22T09:39:25.962+0000] {dag.py:4180} INFO - Setting next_dagrun for read_dataset_event to 2024-10-21 00:00:00+00:00, run_after=2024-10-22 00:00:00+00:00
[2024-10-22T09:39:25.974+0000] {logging_mixin.py:190} INFO - [2024-10-22T09:39:25.973+0000] {dag.py:4180} INFO - Setting next_dagrun for read_dataset_event_from_classic to 2024-10-21 00:00:00+00:00, run_after=2024-10-22 00:00:00+00:00
[2024-10-22T09:39:26.269+0000] {processor.py:208} INFO - Processing /home/airflow/.local/lib/python3.12/site-packages/airflow/example_dags/example_inlet_event_extra.py took 0.683 seconds
[2024-10-22T09:39:56.977+0000] {processor.py:186} INFO - Started process (PID=1959) to work on /home/airflow/.local/lib/python3.12/site-packages/airflow/example_dags/example_inlet_event_extra.py
[2024-10-22T09:39:56.979+0000] {processor.py:914} INFO - Processing file /home/airflow/.local/lib/python3.12/site-packages/airflow/example_dags/example_inlet_event_extra.py for tasks to queue
[2024-10-22T09:39:56.983+0000] {logging_mixin.py:190} INFO - [2024-10-22T09:39:56.983+0000] {dagbag.py:588} INFO - Filling up the DagBag from /home/airflow/.local/lib/python3.12/site-packages/airflow/example_dags/example_inlet_event_extra.py
[2024-10-22T09:39:57.290+0000] {processor.py:925} INFO - DAG(s) 'read_dataset_event_from_classic', 'read_dataset_event' retrieved from /home/airflow/.local/lib/python3.12/site-packages/airflow/example_dags/example_inlet_event_extra.py
[2024-10-22T09:39:57.330+0000] {logging_mixin.py:190} INFO - [2024-10-22T09:39:57.330+0000] {dag.py:3239} INFO - Sync 2 DAGs
[2024-10-22T09:39:57.383+0000] {logging_mixin.py:190} INFO - [2024-10-22T09:39:57.383+0000] {dag.py:4180} INFO - Setting next_dagrun for read_dataset_event to 2024-10-21 00:00:00+00:00, run_after=2024-10-22 00:00:00+00:00
[2024-10-22T09:39:57.654+0000] {logging_mixin.py:190} INFO - [2024-10-22T09:39:57.654+0000] {dag.py:4180} INFO - Setting next_dagrun for read_dataset_event_from_classic to 2024-10-21 00:00:00+00:00, run_after=2024-10-22 00:00:00+00:00
[2024-10-22T09:39:57.683+0000] {processor.py:208} INFO - Processing /home/airflow/.local/lib/python3.12/site-packages/airflow/example_dags/example_inlet_event_extra.py took 0.721 seconds
[2024-10-22T09:40:28.254+0000] {processor.py:186} INFO - Started process (PID=2021) to work on /home/airflow/.local/lib/python3.12/site-packages/airflow/example_dags/example_inlet_event_extra.py
[2024-10-22T09:40:28.259+0000] {processor.py:914} INFO - Processing file /home/airflow/.local/lib/python3.12/site-packages/airflow/example_dags/example_inlet_event_extra.py for tasks to queue
[2024-10-22T09:40:28.265+0000] {logging_mixin.py:190} INFO - [2024-10-22T09:40:28.264+0000] {dagbag.py:588} INFO - Filling up the DagBag from /home/airflow/.local/lib/python3.12/site-packages/airflow/example_dags/example_inlet_event_extra.py
[2024-10-22T09:40:28.659+0000] {processor.py:925} INFO - DAG(s) 'read_dataset_event_from_classic', 'read_dataset_event' retrieved from /home/airflow/.local/lib/python3.12/site-packages/airflow/example_dags/example_inlet_event_extra.py
[2024-10-22T09:40:28.696+0000] {logging_mixin.py:190} INFO - [2024-10-22T09:40:28.695+0000] {dag.py:3239} INFO - Sync 2 DAGs
[2024-10-22T09:40:28.753+0000] {logging_mixin.py:190} INFO - [2024-10-22T09:40:28.753+0000] {dag.py:4180} INFO - Setting next_dagrun for read_dataset_event to 2024-10-21 00:00:00+00:00, run_after=2024-10-22 00:00:00+00:00
[2024-10-22T09:40:28.765+0000] {logging_mixin.py:190} INFO - [2024-10-22T09:40:28.765+0000] {dag.py:4180} INFO - Setting next_dagrun for read_dataset_event_from_classic to 2024-10-21 00:00:00+00:00, run_after=2024-10-22 00:00:00+00:00
[2024-10-22T09:40:28.797+0000] {processor.py:208} INFO - Processing /home/airflow/.local/lib/python3.12/site-packages/airflow/example_dags/example_inlet_event_extra.py took 0.561 seconds
[2024-10-22T09:40:58.895+0000] {processor.py:186} INFO - Started process (PID=2082) to work on /home/airflow/.local/lib/python3.12/site-packages/airflow/example_dags/example_inlet_event_extra.py
[2024-10-22T09:40:58.897+0000] {processor.py:914} INFO - Processing file /home/airflow/.local/lib/python3.12/site-packages/airflow/example_dags/example_inlet_event_extra.py for tasks to queue
[2024-10-22T09:40:58.902+0000] {logging_mixin.py:190} INFO - [2024-10-22T09:40:58.902+0000] {dagbag.py:588} INFO - Filling up the DagBag from /home/airflow/.local/lib/python3.12/site-packages/airflow/example_dags/example_inlet_event_extra.py
[2024-10-22T09:40:59.228+0000] {processor.py:925} INFO - DAG(s) 'read_dataset_event_from_classic', 'read_dataset_event' retrieved from /home/airflow/.local/lib/python3.12/site-packages/airflow/example_dags/example_inlet_event_extra.py
[2024-10-22T09:40:59.269+0000] {logging_mixin.py:190} INFO - [2024-10-22T09:40:59.269+0000] {dag.py:3239} INFO - Sync 2 DAGs
[2024-10-22T09:40:59.322+0000] {logging_mixin.py:190} INFO - [2024-10-22T09:40:59.322+0000] {dag.py:4180} INFO - Setting next_dagrun for read_dataset_event to 2024-10-21 00:00:00+00:00, run_after=2024-10-22 00:00:00+00:00
[2024-10-22T09:40:59.336+0000] {logging_mixin.py:190} INFO - [2024-10-22T09:40:59.336+0000] {dag.py:4180} INFO - Setting next_dagrun for read_dataset_event_from_classic to 2024-10-21 00:00:00+00:00, run_after=2024-10-22 00:00:00+00:00
[2024-10-22T09:40:59.372+0000] {processor.py:208} INFO - Processing /home/airflow/.local/lib/python3.12/site-packages/airflow/example_dags/example_inlet_event_extra.py took 0.492 seconds
[2024-10-22T09:41:29.696+0000] {processor.py:186} INFO - Started process (PID=2144) to work on /home/airflow/.local/lib/python3.12/site-packages/airflow/example_dags/example_inlet_event_extra.py
[2024-10-22T09:41:29.698+0000] {processor.py:914} INFO - Processing file /home/airflow/.local/lib/python3.12/site-packages/airflow/example_dags/example_inlet_event_extra.py for tasks to queue
[2024-10-22T09:41:29.702+0000] {logging_mixin.py:190} INFO - [2024-10-22T09:41:29.702+0000] {dagbag.py:588} INFO - Filling up the DagBag from /home/airflow/.local/lib/python3.12/site-packages/airflow/example_dags/example_inlet_event_extra.py
[2024-10-22T09:41:29.986+0000] {processor.py:925} INFO - DAG(s) 'read_dataset_event_from_classic', 'read_dataset_event' retrieved from /home/airflow/.local/lib/python3.12/site-packages/airflow/example_dags/example_inlet_event_extra.py
[2024-10-22T09:41:30.019+0000] {logging_mixin.py:190} INFO - [2024-10-22T09:41:30.018+0000] {dag.py:3239} INFO - Sync 2 DAGs
[2024-10-22T09:41:30.276+0000] {logging_mixin.py:190} INFO - [2024-10-22T09:41:30.275+0000] {dag.py:4180} INFO - Setting next_dagrun for read_dataset_event to 2024-10-21 00:00:00+00:00, run_after=2024-10-22 00:00:00+00:00
[2024-10-22T09:41:30.285+0000] {logging_mixin.py:190} INFO - [2024-10-22T09:41:30.284+0000] {dag.py:4180} INFO - Setting next_dagrun for read_dataset_event_from_classic to 2024-10-21 00:00:00+00:00, run_after=2024-10-22 00:00:00+00:00
[2024-10-22T09:41:30.309+0000] {processor.py:208} INFO - Processing /home/airflow/.local/lib/python3.12/site-packages/airflow/example_dags/example_inlet_event_extra.py took 0.626 seconds
[2024-10-22T09:42:01.007+0000] {processor.py:186} INFO - Started process (PID=2207) to work on /home/airflow/.local/lib/python3.12/site-packages/airflow/example_dags/example_inlet_event_extra.py
[2024-10-22T09:42:01.009+0000] {processor.py:914} INFO - Processing file /home/airflow/.local/lib/python3.12/site-packages/airflow/example_dags/example_inlet_event_extra.py for tasks to queue
[2024-10-22T09:42:01.016+0000] {logging_mixin.py:190} INFO - [2024-10-22T09:42:01.015+0000] {dagbag.py:588} INFO - Filling up the DagBag from /home/airflow/.local/lib/python3.12/site-packages/airflow/example_dags/example_inlet_event_extra.py
[2024-10-22T09:42:01.349+0000] {processor.py:925} INFO - DAG(s) 'read_dataset_event', 'read_dataset_event_from_classic' retrieved from /home/airflow/.local/lib/python3.12/site-packages/airflow/example_dags/example_inlet_event_extra.py
[2024-10-22T09:42:01.390+0000] {logging_mixin.py:190} INFO - [2024-10-22T09:42:01.390+0000] {dag.py:3239} INFO - Sync 2 DAGs
[2024-10-22T09:42:01.458+0000] {logging_mixin.py:190} INFO - [2024-10-22T09:42:01.457+0000] {dag.py:4180} INFO - Setting next_dagrun for read_dataset_event to 2024-10-21 00:00:00+00:00, run_after=2024-10-22 00:00:00+00:00
[2024-10-22T09:42:01.766+0000] {logging_mixin.py:190} INFO - [2024-10-22T09:42:01.766+0000] {dag.py:4180} INFO - Setting next_dagrun for read_dataset_event_from_classic to 2024-10-21 00:00:00+00:00, run_after=2024-10-22 00:00:00+00:00
[2024-10-22T09:42:01.801+0000] {processor.py:208} INFO - Processing /home/airflow/.local/lib/python3.12/site-packages/airflow/example_dags/example_inlet_event_extra.py took 0.806 seconds
[2024-10-22T09:42:32.292+0000] {processor.py:186} INFO - Started process (PID=2272) to work on /home/airflow/.local/lib/python3.12/site-packages/airflow/example_dags/example_inlet_event_extra.py
[2024-10-22T09:42:32.294+0000] {processor.py:914} INFO - Processing file /home/airflow/.local/lib/python3.12/site-packages/airflow/example_dags/example_inlet_event_extra.py for tasks to queue
[2024-10-22T09:42:32.301+0000] {logging_mixin.py:190} INFO - [2024-10-22T09:42:32.300+0000] {dagbag.py:588} INFO - Filling up the DagBag from /home/airflow/.local/lib/python3.12/site-packages/airflow/example_dags/example_inlet_event_extra.py
[2024-10-22T09:42:32.634+0000] {processor.py:925} INFO - DAG(s) 'read_dataset_event_from_classic', 'read_dataset_event' retrieved from /home/airflow/.local/lib/python3.12/site-packages/airflow/example_dags/example_inlet_event_extra.py
[2024-10-22T09:42:32.683+0000] {logging_mixin.py:190} INFO - [2024-10-22T09:42:32.682+0000] {dag.py:3239} INFO - Sync 2 DAGs
[2024-10-22T09:42:32.739+0000] {logging_mixin.py:190} INFO - [2024-10-22T09:42:32.739+0000] {dag.py:4180} INFO - Setting next_dagrun for read_dataset_event to 2024-10-21 00:00:00+00:00, run_after=2024-10-22 00:00:00+00:00
[2024-10-22T09:42:32.752+0000] {logging_mixin.py:190} INFO - [2024-10-22T09:42:32.752+0000] {dag.py:4180} INFO - Setting next_dagrun for read_dataset_event_from_classic to 2024-10-21 00:00:00+00:00, run_after=2024-10-22 00:00:00+00:00
[2024-10-22T09:42:32.805+0000] {processor.py:208} INFO - Processing /home/airflow/.local/lib/python3.12/site-packages/airflow/example_dags/example_inlet_event_extra.py took 0.526 seconds
[2024-10-22T09:43:03.001+0000] {processor.py:186} INFO - Started process (PID=2334) to work on /home/airflow/.local/lib/python3.12/site-packages/airflow/example_dags/example_inlet_event_extra.py
[2024-10-22T09:43:03.003+0000] {processor.py:914} INFO - Processing file /home/airflow/.local/lib/python3.12/site-packages/airflow/example_dags/example_inlet_event_extra.py for tasks to queue
[2024-10-22T09:43:03.008+0000] {logging_mixin.py:190} INFO - [2024-10-22T09:43:03.007+0000] {dagbag.py:588} INFO - Filling up the DagBag from /home/airflow/.local/lib/python3.12/site-packages/airflow/example_dags/example_inlet_event_extra.py
[2024-10-22T09:43:03.445+0000] {processor.py:925} INFO - DAG(s) 'read_dataset_event_from_classic', 'read_dataset_event' retrieved from /home/airflow/.local/lib/python3.12/site-packages/airflow/example_dags/example_inlet_event_extra.py
[2024-10-22T09:43:03.491+0000] {logging_mixin.py:190} INFO - [2024-10-22T09:43:03.490+0000] {dag.py:3239} INFO - Sync 2 DAGs
[2024-10-22T09:43:03.543+0000] {logging_mixin.py:190} INFO - [2024-10-22T09:43:03.543+0000] {dag.py:4180} INFO - Setting next_dagrun for read_dataset_event to 2024-10-21 00:00:00+00:00, run_after=2024-10-22 00:00:00+00:00
[2024-10-22T09:43:03.565+0000] {logging_mixin.py:190} INFO - [2024-10-22T09:43:03.565+0000] {dag.py:4180} INFO - Setting next_dagrun for read_dataset_event_from_classic to 2024-10-21 00:00:00+00:00, run_after=2024-10-22 00:00:00+00:00
[2024-10-22T09:43:03.614+0000] {processor.py:208} INFO - Processing /home/airflow/.local/lib/python3.12/site-packages/airflow/example_dags/example_inlet_event_extra.py took 0.627 seconds
[2024-10-22T09:43:34.092+0000] {processor.py:186} INFO - Started process (PID=2396) to work on /home/airflow/.local/lib/python3.12/site-packages/airflow/example_dags/example_inlet_event_extra.py
[2024-10-22T09:43:34.101+0000] {processor.py:914} INFO - Processing file /home/airflow/.local/lib/python3.12/site-packages/airflow/example_dags/example_inlet_event_extra.py for tasks to queue
[2024-10-22T09:43:34.109+0000] {logging_mixin.py:190} INFO - [2024-10-22T09:43:34.108+0000] {dagbag.py:588} INFO - Filling up the DagBag from /home/airflow/.local/lib/python3.12/site-packages/airflow/example_dags/example_inlet_event_extra.py
[2024-10-22T09:43:34.664+0000] {processor.py:925} INFO - DAG(s) 'read_dataset_event', 'read_dataset_event_from_classic' retrieved from /home/airflow/.local/lib/python3.12/site-packages/airflow/example_dags/example_inlet_event_extra.py
[2024-10-22T09:43:35.003+0000] {logging_mixin.py:190} INFO - [2024-10-22T09:43:35.003+0000] {dag.py:3239} INFO - Sync 2 DAGs
[2024-10-22T09:43:35.049+0000] {logging_mixin.py:190} INFO - [2024-10-22T09:43:35.049+0000] {dag.py:4180} INFO - Setting next_dagrun for read_dataset_event to 2024-10-21 00:00:00+00:00, run_after=2024-10-22 00:00:00+00:00
[2024-10-22T09:43:35.058+0000] {logging_mixin.py:190} INFO - [2024-10-22T09:43:35.057+0000] {dag.py:4180} INFO - Setting next_dagrun for read_dataset_event_from_classic to 2024-10-21 00:00:00+00:00, run_after=2024-10-22 00:00:00+00:00
[2024-10-22T09:43:35.086+0000] {processor.py:208} INFO - Processing /home/airflow/.local/lib/python3.12/site-packages/airflow/example_dags/example_inlet_event_extra.py took 1.028 seconds
[2024-10-22T09:44:05.611+0000] {processor.py:186} INFO - Started process (PID=2465) to work on /home/airflow/.local/lib/python3.12/site-packages/airflow/example_dags/example_inlet_event_extra.py
[2024-10-22T09:44:05.614+0000] {processor.py:914} INFO - Processing file /home/airflow/.local/lib/python3.12/site-packages/airflow/example_dags/example_inlet_event_extra.py for tasks to queue
[2024-10-22T09:44:05.621+0000] {logging_mixin.py:190} INFO - [2024-10-22T09:44:05.619+0000] {dagbag.py:588} INFO - Filling up the DagBag from /home/airflow/.local/lib/python3.12/site-packages/airflow/example_dags/example_inlet_event_extra.py
[2024-10-22T09:44:05.949+0000] {processor.py:925} INFO - DAG(s) 'read_dataset_event_from_classic', 'read_dataset_event' retrieved from /home/airflow/.local/lib/python3.12/site-packages/airflow/example_dags/example_inlet_event_extra.py
[2024-10-22T09:44:06.002+0000] {logging_mixin.py:190} INFO - [2024-10-22T09:44:06.002+0000] {dag.py:3239} INFO - Sync 2 DAGs
[2024-10-22T09:44:06.608+0000] {logging_mixin.py:190} INFO - [2024-10-22T09:44:06.607+0000] {dag.py:4180} INFO - Setting next_dagrun for read_dataset_event to 2024-10-21 00:00:00+00:00, run_after=2024-10-22 00:00:00+00:00
[2024-10-22T09:44:06.698+0000] {logging_mixin.py:190} INFO - [2024-10-22T09:44:06.697+0000] {dag.py:4180} INFO - Setting next_dagrun for read_dataset_event_from_classic to 2024-10-21 00:00:00+00:00, run_after=2024-10-22 00:00:00+00:00
[2024-10-22T09:44:06.823+0000] {processor.py:208} INFO - Processing /home/airflow/.local/lib/python3.12/site-packages/airflow/example_dags/example_inlet_event_extra.py took 1.235 seconds
