[2024-10-22T09:23:18.637+0000] {processor.py:186} INFO - Started process (PID=73) to work on /home/airflow/.local/lib/python3.12/site-packages/airflow/example_dags/example_dataset_alias.py
[2024-10-22T09:23:18.639+0000] {processor.py:914} INFO - Processing file /home/airflow/.local/lib/python3.12/site-packages/airflow/example_dags/example_dataset_alias.py for tasks to queue
[2024-10-22T09:23:18.646+0000] {logging_mixin.py:190} INFO - [2024-10-22T09:23:18.645+0000] {dagbag.py:588} INFO - Filling up the DagBag from /home/airflow/.local/lib/python3.12/site-packages/airflow/example_dags/example_dataset_alias.py
[2024-10-22T09:23:18.943+0000] {processor.py:925} INFO - DAG(s) 'dataset_s3_bucket_consumer', 'dataset_alias_example_alias_consumer', 'dataset_alias_example_alias_producer', 'dataset_s3_bucket_producer' retrieved from /home/airflow/.local/lib/python3.12/site-packages/airflow/example_dags/example_dataset_alias.py
[2024-10-22T09:23:18.985+0000] {logging_mixin.py:190} INFO - [2024-10-22T09:23:18.985+0000] {dag.py:3239} INFO - Sync 4 DAGs
[2024-10-22T09:23:19.028+0000] {logging_mixin.py:190} INFO - [2024-10-22T09:23:19.028+0000] {dag.py:4180} INFO - Setting next_dagrun for dataset_alias_example_alias_consumer to None, run_after=None
[2024-10-22T09:23:19.033+0000] {logging_mixin.py:190} INFO - [2024-10-22T09:23:19.033+0000] {dag.py:4180} INFO - Setting next_dagrun for dataset_alias_example_alias_producer to None, run_after=None
[2024-10-22T09:23:19.037+0000] {logging_mixin.py:190} INFO - [2024-10-22T09:23:19.036+0000] {dag.py:4180} INFO - Setting next_dagrun for dataset_s3_bucket_consumer to None, run_after=None
[2024-10-22T09:23:19.040+0000] {logging_mixin.py:190} INFO - [2024-10-22T09:23:19.039+0000] {dag.py:4180} INFO - Setting next_dagrun for dataset_s3_bucket_producer to None, run_after=None
[2024-10-22T09:23:20.187+0000] {processor.py:208} INFO - Processing /home/airflow/.local/lib/python3.12/site-packages/airflow/example_dags/example_dataset_alias.py took 1.561 seconds
[2024-10-22T09:23:55.262+0000] {processor.py:186} INFO - Started process (PID=135) to work on /home/airflow/.local/lib/python3.12/site-packages/airflow/example_dags/example_dataset_alias.py
[2024-10-22T09:23:55.484+0000] {processor.py:914} INFO - Processing file /home/airflow/.local/lib/python3.12/site-packages/airflow/example_dags/example_dataset_alias.py for tasks to queue
[2024-10-22T09:23:55.634+0000] {logging_mixin.py:190} INFO - [2024-10-22T09:23:55.633+0000] {dagbag.py:588} INFO - Filling up the DagBag from /home/airflow/.local/lib/python3.12/site-packages/airflow/example_dags/example_dataset_alias.py
[2024-10-22T09:23:58.412+0000] {processor.py:925} INFO - DAG(s) 'dataset_alias_example_alias_producer', 'dataset_s3_bucket_producer', 'dataset_alias_example_alias_consumer', 'dataset_s3_bucket_consumer' retrieved from /home/airflow/.local/lib/python3.12/site-packages/airflow/example_dags/example_dataset_alias.py
[2024-10-22T09:23:58.488+0000] {logging_mixin.py:190} INFO - [2024-10-22T09:23:58.487+0000] {dag.py:3239} INFO - Sync 4 DAGs
[2024-10-22T09:23:58.996+0000] {logging_mixin.py:190} INFO - [2024-10-22T09:23:58.995+0000] {dag.py:4180} INFO - Setting next_dagrun for dataset_alias_example_alias_consumer to None, run_after=None
[2024-10-22T09:23:59.028+0000] {logging_mixin.py:190} INFO - [2024-10-22T09:23:59.027+0000] {dag.py:4180} INFO - Setting next_dagrun for dataset_alias_example_alias_producer to None, run_after=None
[2024-10-22T09:23:59.043+0000] {logging_mixin.py:190} INFO - [2024-10-22T09:23:59.043+0000] {dag.py:4180} INFO - Setting next_dagrun for dataset_s3_bucket_consumer to None, run_after=None
[2024-10-22T09:23:59.051+0000] {logging_mixin.py:190} INFO - [2024-10-22T09:23:59.050+0000] {dag.py:4180} INFO - Setting next_dagrun for dataset_s3_bucket_producer to None, run_after=None
[2024-10-22T09:23:59.805+0000] {processor.py:208} INFO - Processing /home/airflow/.local/lib/python3.12/site-packages/airflow/example_dags/example_dataset_alias.py took 4.664 seconds
[2024-10-22T09:24:36.603+0000] {processor.py:186} INFO - Started process (PID=198) to work on /home/airflow/.local/lib/python3.12/site-packages/airflow/example_dags/example_dataset_alias.py
[2024-10-22T09:24:36.630+0000] {processor.py:914} INFO - Processing file /home/airflow/.local/lib/python3.12/site-packages/airflow/example_dags/example_dataset_alias.py for tasks to queue
[2024-10-22T09:24:36.657+0000] {logging_mixin.py:190} INFO - [2024-10-22T09:24:36.656+0000] {dagbag.py:588} INFO - Filling up the DagBag from /home/airflow/.local/lib/python3.12/site-packages/airflow/example_dags/example_dataset_alias.py
[2024-10-22T09:24:38.051+0000] {processor.py:925} INFO - DAG(s) 'dataset_s3_bucket_consumer', 'dataset_s3_bucket_producer', 'dataset_alias_example_alias_producer', 'dataset_alias_example_alias_consumer' retrieved from /home/airflow/.local/lib/python3.12/site-packages/airflow/example_dags/example_dataset_alias.py
[2024-10-22T09:24:38.264+0000] {logging_mixin.py:190} INFO - [2024-10-22T09:24:38.264+0000] {dag.py:3239} INFO - Sync 4 DAGs
[2024-10-22T09:24:38.364+0000] {logging_mixin.py:190} INFO - [2024-10-22T09:24:38.363+0000] {dag.py:4180} INFO - Setting next_dagrun for dataset_alias_example_alias_consumer to None, run_after=None
[2024-10-22T09:24:38.371+0000] {logging_mixin.py:190} INFO - [2024-10-22T09:24:38.370+0000] {dag.py:4180} INFO - Setting next_dagrun for dataset_alias_example_alias_producer to None, run_after=None
[2024-10-22T09:24:38.379+0000] {logging_mixin.py:190} INFO - [2024-10-22T09:24:38.378+0000] {dag.py:4180} INFO - Setting next_dagrun for dataset_s3_bucket_consumer to None, run_after=None
[2024-10-22T09:24:38.387+0000] {logging_mixin.py:190} INFO - [2024-10-22T09:24:38.384+0000] {dag.py:4180} INFO - Setting next_dagrun for dataset_s3_bucket_producer to None, run_after=None
[2024-10-22T09:24:38.902+0000] {processor.py:208} INFO - Processing /home/airflow/.local/lib/python3.12/site-packages/airflow/example_dags/example_dataset_alias.py took 2.365 seconds
[2024-10-22T09:25:13.833+0000] {processor.py:186} INFO - Started process (PID=266) to work on /home/airflow/.local/lib/python3.12/site-packages/airflow/example_dags/example_dataset_alias.py
[2024-10-22T09:25:13.847+0000] {processor.py:914} INFO - Processing file /home/airflow/.local/lib/python3.12/site-packages/airflow/example_dags/example_dataset_alias.py for tasks to queue
[2024-10-22T09:25:13.864+0000] {logging_mixin.py:190} INFO - [2024-10-22T09:25:13.863+0000] {dagbag.py:588} INFO - Filling up the DagBag from /home/airflow/.local/lib/python3.12/site-packages/airflow/example_dags/example_dataset_alias.py
[2024-10-22T09:25:15.147+0000] {processor.py:925} INFO - DAG(s) 'dataset_alias_example_alias_consumer', 'dataset_s3_bucket_producer', 'dataset_s3_bucket_consumer', 'dataset_alias_example_alias_producer' retrieved from /home/airflow/.local/lib/python3.12/site-packages/airflow/example_dags/example_dataset_alias.py
[2024-10-22T09:25:15.274+0000] {logging_mixin.py:190} INFO - [2024-10-22T09:25:15.273+0000] {dag.py:3239} INFO - Sync 4 DAGs
[2024-10-22T09:25:15.489+0000] {logging_mixin.py:190} INFO - [2024-10-22T09:25:15.488+0000] {dag.py:4180} INFO - Setting next_dagrun for dataset_alias_example_alias_consumer to None, run_after=None
[2024-10-22T09:25:15.497+0000] {logging_mixin.py:190} INFO - [2024-10-22T09:25:15.497+0000] {dag.py:4180} INFO - Setting next_dagrun for dataset_alias_example_alias_producer to None, run_after=None
[2024-10-22T09:25:15.507+0000] {logging_mixin.py:190} INFO - [2024-10-22T09:25:15.506+0000] {dag.py:4180} INFO - Setting next_dagrun for dataset_s3_bucket_consumer to None, run_after=None
[2024-10-22T09:25:15.511+0000] {logging_mixin.py:190} INFO - [2024-10-22T09:25:15.510+0000] {dag.py:4180} INFO - Setting next_dagrun for dataset_s3_bucket_producer to None, run_after=None
[2024-10-22T09:25:15.629+0000] {processor.py:208} INFO - Processing /home/airflow/.local/lib/python3.12/site-packages/airflow/example_dags/example_dataset_alias.py took 1.847 seconds
[2024-10-22T09:25:45.824+0000] {processor.py:186} INFO - Started process (PID=329) to work on /home/airflow/.local/lib/python3.12/site-packages/airflow/example_dags/example_dataset_alias.py
[2024-10-22T09:25:45.833+0000] {processor.py:914} INFO - Processing file /home/airflow/.local/lib/python3.12/site-packages/airflow/example_dags/example_dataset_alias.py for tasks to queue
[2024-10-22T09:25:45.840+0000] {logging_mixin.py:190} INFO - [2024-10-22T09:25:45.839+0000] {dagbag.py:588} INFO - Filling up the DagBag from /home/airflow/.local/lib/python3.12/site-packages/airflow/example_dags/example_dataset_alias.py
[2024-10-22T09:25:46.884+0000] {processor.py:925} INFO - DAG(s) 'dataset_s3_bucket_consumer', 'dataset_alias_example_alias_consumer', 'dataset_s3_bucket_producer', 'dataset_alias_example_alias_producer' retrieved from /home/airflow/.local/lib/python3.12/site-packages/airflow/example_dags/example_dataset_alias.py
[2024-10-22T09:25:47.035+0000] {logging_mixin.py:190} INFO - [2024-10-22T09:25:47.033+0000] {dag.py:3239} INFO - Sync 4 DAGs
[2024-10-22T09:25:47.207+0000] {logging_mixin.py:190} INFO - [2024-10-22T09:25:47.196+0000] {dag.py:4180} INFO - Setting next_dagrun for dataset_alias_example_alias_consumer to None, run_after=None
[2024-10-22T09:25:47.229+0000] {logging_mixin.py:190} INFO - [2024-10-22T09:25:47.228+0000] {dag.py:4180} INFO - Setting next_dagrun for dataset_alias_example_alias_producer to None, run_after=None
[2024-10-22T09:25:47.256+0000] {logging_mixin.py:190} INFO - [2024-10-22T09:25:47.255+0000] {dag.py:4180} INFO - Setting next_dagrun for dataset_s3_bucket_consumer to None, run_after=None
[2024-10-22T09:25:47.288+0000] {logging_mixin.py:190} INFO - [2024-10-22T09:25:47.288+0000] {dag.py:4180} INFO - Setting next_dagrun for dataset_s3_bucket_producer to None, run_after=None
[2024-10-22T09:25:47.482+0000] {processor.py:208} INFO - Processing /home/airflow/.local/lib/python3.12/site-packages/airflow/example_dags/example_dataset_alias.py took 1.694 seconds
[2024-10-22T09:26:18.216+0000] {processor.py:186} INFO - Started process (PID=393) to work on /home/airflow/.local/lib/python3.12/site-packages/airflow/example_dags/example_dataset_alias.py
[2024-10-22T09:26:18.222+0000] {processor.py:914} INFO - Processing file /home/airflow/.local/lib/python3.12/site-packages/airflow/example_dags/example_dataset_alias.py for tasks to queue
[2024-10-22T09:26:18.249+0000] {logging_mixin.py:190} INFO - [2024-10-22T09:26:18.248+0000] {dagbag.py:588} INFO - Filling up the DagBag from /home/airflow/.local/lib/python3.12/site-packages/airflow/example_dags/example_dataset_alias.py
[2024-10-22T09:26:18.777+0000] {processor.py:925} INFO - DAG(s) 'dataset_alias_example_alias_consumer', 'dataset_s3_bucket_consumer', 'dataset_s3_bucket_producer', 'dataset_alias_example_alias_producer' retrieved from /home/airflow/.local/lib/python3.12/site-packages/airflow/example_dags/example_dataset_alias.py
[2024-10-22T09:26:18.854+0000] {logging_mixin.py:190} INFO - [2024-10-22T09:26:18.853+0000] {dag.py:3239} INFO - Sync 4 DAGs
[2024-10-22T09:26:18.921+0000] {logging_mixin.py:190} INFO - [2024-10-22T09:26:18.921+0000] {dag.py:4180} INFO - Setting next_dagrun for dataset_alias_example_alias_consumer to None, run_after=None
[2024-10-22T09:26:18.929+0000] {logging_mixin.py:190} INFO - [2024-10-22T09:26:18.929+0000] {dag.py:4180} INFO - Setting next_dagrun for dataset_alias_example_alias_producer to None, run_after=None
[2024-10-22T09:26:18.933+0000] {logging_mixin.py:190} INFO - [2024-10-22T09:26:18.933+0000] {dag.py:4180} INFO - Setting next_dagrun for dataset_s3_bucket_consumer to None, run_after=None
[2024-10-22T09:26:18.936+0000] {logging_mixin.py:190} INFO - [2024-10-22T09:26:18.936+0000] {dag.py:4180} INFO - Setting next_dagrun for dataset_s3_bucket_producer to None, run_after=None
[2024-10-22T09:26:19.003+0000] {processor.py:208} INFO - Processing /home/airflow/.local/lib/python3.12/site-packages/airflow/example_dags/example_dataset_alias.py took 0.831 seconds
[2024-10-22T09:27:00.320+0000] {processor.py:186} INFO - Started process (PID=457) to work on /home/airflow/.local/lib/python3.12/site-packages/airflow/example_dags/example_dataset_alias.py
[2024-10-22T09:27:00.326+0000] {processor.py:914} INFO - Processing file /home/airflow/.local/lib/python3.12/site-packages/airflow/example_dags/example_dataset_alias.py for tasks to queue
[2024-10-22T09:27:00.333+0000] {logging_mixin.py:190} INFO - [2024-10-22T09:27:00.332+0000] {dagbag.py:588} INFO - Filling up the DagBag from /home/airflow/.local/lib/python3.12/site-packages/airflow/example_dags/example_dataset_alias.py
[2024-10-22T09:27:01.783+0000] {processor.py:925} INFO - DAG(s) 'dataset_alias_example_alias_producer', 'dataset_s3_bucket_consumer', 'dataset_s3_bucket_producer', 'dataset_alias_example_alias_consumer' retrieved from /home/airflow/.local/lib/python3.12/site-packages/airflow/example_dags/example_dataset_alias.py
[2024-10-22T09:27:01.967+0000] {logging_mixin.py:190} INFO - [2024-10-22T09:27:01.966+0000] {dag.py:3239} INFO - Sync 4 DAGs
[2024-10-22T09:27:02.157+0000] {logging_mixin.py:190} INFO - [2024-10-22T09:27:02.157+0000] {dag.py:4180} INFO - Setting next_dagrun for dataset_alias_example_alias_consumer to None, run_after=None
[2024-10-22T09:27:02.177+0000] {logging_mixin.py:190} INFO - [2024-10-22T09:27:02.176+0000] {dag.py:4180} INFO - Setting next_dagrun for dataset_alias_example_alias_producer to None, run_after=None
[2024-10-22T09:27:02.193+0000] {logging_mixin.py:190} INFO - [2024-10-22T09:27:02.192+0000] {dag.py:4180} INFO - Setting next_dagrun for dataset_s3_bucket_consumer to None, run_after=None
[2024-10-22T09:27:02.211+0000] {logging_mixin.py:190} INFO - [2024-10-22T09:27:02.209+0000] {dag.py:4180} INFO - Setting next_dagrun for dataset_s3_bucket_producer to None, run_after=None
[2024-10-22T09:27:02.347+0000] {processor.py:208} INFO - Processing /home/airflow/.local/lib/python3.12/site-packages/airflow/example_dags/example_dataset_alias.py took 2.064 seconds
[2024-10-22T09:27:32.584+0000] {processor.py:186} INFO - Started process (PID=519) to work on /home/airflow/.local/lib/python3.12/site-packages/airflow/example_dags/example_dataset_alias.py
[2024-10-22T09:27:32.587+0000] {processor.py:914} INFO - Processing file /home/airflow/.local/lib/python3.12/site-packages/airflow/example_dags/example_dataset_alias.py for tasks to queue
[2024-10-22T09:27:32.595+0000] {logging_mixin.py:190} INFO - [2024-10-22T09:27:32.593+0000] {dagbag.py:588} INFO - Filling up the DagBag from /home/airflow/.local/lib/python3.12/site-packages/airflow/example_dags/example_dataset_alias.py
[2024-10-22T09:27:33.158+0000] {processor.py:925} INFO - DAG(s) 'dataset_s3_bucket_consumer', 'dataset_s3_bucket_producer', 'dataset_alias_example_alias_consumer', 'dataset_alias_example_alias_producer' retrieved from /home/airflow/.local/lib/python3.12/site-packages/airflow/example_dags/example_dataset_alias.py
[2024-10-22T09:27:33.295+0000] {logging_mixin.py:190} INFO - [2024-10-22T09:27:33.295+0000] {dag.py:3239} INFO - Sync 4 DAGs
[2024-10-22T09:27:33.433+0000] {logging_mixin.py:190} INFO - [2024-10-22T09:27:33.433+0000] {dag.py:4180} INFO - Setting next_dagrun for dataset_alias_example_alias_consumer to None, run_after=None
[2024-10-22T09:27:33.440+0000] {logging_mixin.py:190} INFO - [2024-10-22T09:27:33.440+0000] {dag.py:4180} INFO - Setting next_dagrun for dataset_alias_example_alias_producer to None, run_after=None
[2024-10-22T09:27:33.452+0000] {logging_mixin.py:190} INFO - [2024-10-22T09:27:33.451+0000] {dag.py:4180} INFO - Setting next_dagrun for dataset_s3_bucket_consumer to None, run_after=None
[2024-10-22T09:27:33.456+0000] {logging_mixin.py:190} INFO - [2024-10-22T09:27:33.455+0000] {dag.py:4180} INFO - Setting next_dagrun for dataset_s3_bucket_producer to None, run_after=None
[2024-10-22T09:27:33.582+0000] {processor.py:208} INFO - Processing /home/airflow/.local/lib/python3.12/site-packages/airflow/example_dags/example_dataset_alias.py took 1.020 seconds
[2024-10-22T09:28:03.764+0000] {processor.py:186} INFO - Started process (PID=581) to work on /home/airflow/.local/lib/python3.12/site-packages/airflow/example_dags/example_dataset_alias.py
[2024-10-22T09:28:03.766+0000] {processor.py:914} INFO - Processing file /home/airflow/.local/lib/python3.12/site-packages/airflow/example_dags/example_dataset_alias.py for tasks to queue
[2024-10-22T09:28:03.771+0000] {logging_mixin.py:190} INFO - [2024-10-22T09:28:03.771+0000] {dagbag.py:588} INFO - Filling up the DagBag from /home/airflow/.local/lib/python3.12/site-packages/airflow/example_dags/example_dataset_alias.py
[2024-10-22T09:28:04.086+0000] {processor.py:925} INFO - DAG(s) 'dataset_s3_bucket_producer', 'dataset_alias_example_alias_producer', 'dataset_alias_example_alias_consumer', 'dataset_s3_bucket_consumer' retrieved from /home/airflow/.local/lib/python3.12/site-packages/airflow/example_dags/example_dataset_alias.py
[2024-10-22T09:28:04.140+0000] {logging_mixin.py:190} INFO - [2024-10-22T09:28:04.139+0000] {dag.py:3239} INFO - Sync 4 DAGs
[2024-10-22T09:28:04.205+0000] {logging_mixin.py:190} INFO - [2024-10-22T09:28:04.204+0000] {dag.py:4180} INFO - Setting next_dagrun for dataset_alias_example_alias_consumer to None, run_after=None
[2024-10-22T09:28:04.213+0000] {logging_mixin.py:190} INFO - [2024-10-22T09:28:04.213+0000] {dag.py:4180} INFO - Setting next_dagrun for dataset_alias_example_alias_producer to None, run_after=None
[2024-10-22T09:28:04.217+0000] {logging_mixin.py:190} INFO - [2024-10-22T09:28:04.216+0000] {dag.py:4180} INFO - Setting next_dagrun for dataset_s3_bucket_consumer to None, run_after=None
[2024-10-22T09:28:04.220+0000] {logging_mixin.py:190} INFO - [2024-10-22T09:28:04.219+0000] {dag.py:4180} INFO - Setting next_dagrun for dataset_s3_bucket_producer to None, run_after=None
[2024-10-22T09:28:04.268+0000] {processor.py:208} INFO - Processing /home/airflow/.local/lib/python3.12/site-packages/airflow/example_dags/example_dataset_alias.py took 0.517 seconds
[2024-10-22T09:28:35.054+0000] {processor.py:186} INFO - Started process (PID=643) to work on /home/airflow/.local/lib/python3.12/site-packages/airflow/example_dags/example_dataset_alias.py
[2024-10-22T09:28:35.058+0000] {processor.py:914} INFO - Processing file /home/airflow/.local/lib/python3.12/site-packages/airflow/example_dags/example_dataset_alias.py for tasks to queue
[2024-10-22T09:28:35.069+0000] {logging_mixin.py:190} INFO - [2024-10-22T09:28:35.065+0000] {dagbag.py:588} INFO - Filling up the DagBag from /home/airflow/.local/lib/python3.12/site-packages/airflow/example_dags/example_dataset_alias.py
[2024-10-22T09:28:35.723+0000] {processor.py:925} INFO - DAG(s) 'dataset_alias_example_alias_consumer', 'dataset_s3_bucket_consumer', 'dataset_s3_bucket_producer', 'dataset_alias_example_alias_producer' retrieved from /home/airflow/.local/lib/python3.12/site-packages/airflow/example_dags/example_dataset_alias.py
[2024-10-22T09:28:35.805+0000] {logging_mixin.py:190} INFO - [2024-10-22T09:28:35.804+0000] {dag.py:3239} INFO - Sync 4 DAGs
[2024-10-22T09:28:35.906+0000] {logging_mixin.py:190} INFO - [2024-10-22T09:28:35.906+0000] {dag.py:4180} INFO - Setting next_dagrun for dataset_alias_example_alias_consumer to None, run_after=None
[2024-10-22T09:28:35.944+0000] {logging_mixin.py:190} INFO - [2024-10-22T09:28:35.943+0000] {dag.py:4180} INFO - Setting next_dagrun for dataset_alias_example_alias_producer to None, run_after=None
[2024-10-22T09:28:35.948+0000] {logging_mixin.py:190} INFO - [2024-10-22T09:28:35.948+0000] {dag.py:4180} INFO - Setting next_dagrun for dataset_s3_bucket_consumer to None, run_after=None
[2024-10-22T09:28:35.958+0000] {logging_mixin.py:190} INFO - [2024-10-22T09:28:35.957+0000] {dag.py:4180} INFO - Setting next_dagrun for dataset_s3_bucket_producer to None, run_after=None
[2024-10-22T09:28:36.038+0000] {processor.py:208} INFO - Processing /home/airflow/.local/lib/python3.12/site-packages/airflow/example_dags/example_dataset_alias.py took 1.012 seconds
[2024-10-22T09:29:06.339+0000] {processor.py:186} INFO - Started process (PID=706) to work on /home/airflow/.local/lib/python3.12/site-packages/airflow/example_dags/example_dataset_alias.py
[2024-10-22T09:29:06.343+0000] {processor.py:914} INFO - Processing file /home/airflow/.local/lib/python3.12/site-packages/airflow/example_dags/example_dataset_alias.py for tasks to queue
[2024-10-22T09:29:06.349+0000] {logging_mixin.py:190} INFO - [2024-10-22T09:29:06.348+0000] {dagbag.py:588} INFO - Filling up the DagBag from /home/airflow/.local/lib/python3.12/site-packages/airflow/example_dags/example_dataset_alias.py
[2024-10-22T09:29:06.736+0000] {processor.py:925} INFO - DAG(s) 'dataset_s3_bucket_producer', 'dataset_alias_example_alias_consumer', 'dataset_s3_bucket_consumer', 'dataset_alias_example_alias_producer' retrieved from /home/airflow/.local/lib/python3.12/site-packages/airflow/example_dags/example_dataset_alias.py
[2024-10-22T09:29:06.797+0000] {logging_mixin.py:190} INFO - [2024-10-22T09:29:06.797+0000] {dag.py:3239} INFO - Sync 4 DAGs
[2024-10-22T09:29:06.846+0000] {logging_mixin.py:190} INFO - [2024-10-22T09:29:06.845+0000] {dag.py:4180} INFO - Setting next_dagrun for dataset_alias_example_alias_consumer to None, run_after=None
[2024-10-22T09:29:06.851+0000] {logging_mixin.py:190} INFO - [2024-10-22T09:29:06.850+0000] {dag.py:4180} INFO - Setting next_dagrun for dataset_alias_example_alias_producer to None, run_after=None
[2024-10-22T09:29:06.854+0000] {logging_mixin.py:190} INFO - [2024-10-22T09:29:06.853+0000] {dag.py:4180} INFO - Setting next_dagrun for dataset_s3_bucket_consumer to None, run_after=None
[2024-10-22T09:29:06.857+0000] {logging_mixin.py:190} INFO - [2024-10-22T09:29:06.856+0000] {dag.py:4180} INFO - Setting next_dagrun for dataset_s3_bucket_producer to None, run_after=None
[2024-10-22T09:29:06.901+0000] {processor.py:208} INFO - Processing /home/airflow/.local/lib/python3.12/site-packages/airflow/example_dags/example_dataset_alias.py took 0.579 seconds
[2024-10-22T09:29:37.170+0000] {processor.py:186} INFO - Started process (PID=769) to work on /home/airflow/.local/lib/python3.12/site-packages/airflow/example_dags/example_dataset_alias.py
[2024-10-22T09:29:37.172+0000] {processor.py:914} INFO - Processing file /home/airflow/.local/lib/python3.12/site-packages/airflow/example_dags/example_dataset_alias.py for tasks to queue
[2024-10-22T09:29:37.179+0000] {logging_mixin.py:190} INFO - [2024-10-22T09:29:37.178+0000] {dagbag.py:588} INFO - Filling up the DagBag from /home/airflow/.local/lib/python3.12/site-packages/airflow/example_dags/example_dataset_alias.py
[2024-10-22T09:29:37.487+0000] {processor.py:925} INFO - DAG(s) 'dataset_alias_example_alias_consumer', 'dataset_s3_bucket_consumer', 'dataset_s3_bucket_producer', 'dataset_alias_example_alias_producer' retrieved from /home/airflow/.local/lib/python3.12/site-packages/airflow/example_dags/example_dataset_alias.py
[2024-10-22T09:29:37.539+0000] {logging_mixin.py:190} INFO - [2024-10-22T09:29:37.538+0000] {dag.py:3239} INFO - Sync 4 DAGs
[2024-10-22T09:29:37.600+0000] {logging_mixin.py:190} INFO - [2024-10-22T09:29:37.599+0000] {dag.py:4180} INFO - Setting next_dagrun for dataset_alias_example_alias_consumer to None, run_after=None
[2024-10-22T09:29:37.606+0000] {logging_mixin.py:190} INFO - [2024-10-22T09:29:37.605+0000] {dag.py:4180} INFO - Setting next_dagrun for dataset_alias_example_alias_producer to None, run_after=None
[2024-10-22T09:29:37.610+0000] {logging_mixin.py:190} INFO - [2024-10-22T09:29:37.609+0000] {dag.py:4180} INFO - Setting next_dagrun for dataset_s3_bucket_consumer to None, run_after=None
[2024-10-22T09:29:37.614+0000] {logging_mixin.py:190} INFO - [2024-10-22T09:29:37.613+0000] {dag.py:4180} INFO - Setting next_dagrun for dataset_s3_bucket_producer to None, run_after=None
[2024-10-22T09:29:37.664+0000] {processor.py:208} INFO - Processing /home/airflow/.local/lib/python3.12/site-packages/airflow/example_dags/example_dataset_alias.py took 0.511 seconds
[2024-10-22T09:30:08.098+0000] {processor.py:186} INFO - Started process (PID=831) to work on /home/airflow/.local/lib/python3.12/site-packages/airflow/example_dags/example_dataset_alias.py
[2024-10-22T09:30:08.101+0000] {processor.py:914} INFO - Processing file /home/airflow/.local/lib/python3.12/site-packages/airflow/example_dags/example_dataset_alias.py for tasks to queue
[2024-10-22T09:30:08.107+0000] {logging_mixin.py:190} INFO - [2024-10-22T09:30:08.106+0000] {dagbag.py:588} INFO - Filling up the DagBag from /home/airflow/.local/lib/python3.12/site-packages/airflow/example_dags/example_dataset_alias.py
[2024-10-22T09:30:08.490+0000] {processor.py:925} INFO - DAG(s) 'dataset_s3_bucket_producer', 'dataset_s3_bucket_consumer', 'dataset_alias_example_alias_consumer', 'dataset_alias_example_alias_producer' retrieved from /home/airflow/.local/lib/python3.12/site-packages/airflow/example_dags/example_dataset_alias.py
[2024-10-22T09:30:08.538+0000] {logging_mixin.py:190} INFO - [2024-10-22T09:30:08.538+0000] {dag.py:3239} INFO - Sync 4 DAGs
[2024-10-22T09:30:08.613+0000] {logging_mixin.py:190} INFO - [2024-10-22T09:30:08.612+0000] {dag.py:4180} INFO - Setting next_dagrun for dataset_alias_example_alias_consumer to None, run_after=None
[2024-10-22T09:30:08.622+0000] {logging_mixin.py:190} INFO - [2024-10-22T09:30:08.622+0000] {dag.py:4180} INFO - Setting next_dagrun for dataset_alias_example_alias_producer to None, run_after=None
[2024-10-22T09:30:08.625+0000] {logging_mixin.py:190} INFO - [2024-10-22T09:30:08.625+0000] {dag.py:4180} INFO - Setting next_dagrun for dataset_s3_bucket_consumer to None, run_after=None
[2024-10-22T09:30:08.628+0000] {logging_mixin.py:190} INFO - [2024-10-22T09:30:08.628+0000] {dag.py:4180} INFO - Setting next_dagrun for dataset_s3_bucket_producer to None, run_after=None
[2024-10-22T09:30:08.672+0000] {processor.py:208} INFO - Processing /home/airflow/.local/lib/python3.12/site-packages/airflow/example_dags/example_dataset_alias.py took 0.589 seconds
[2024-10-22T09:30:40.944+0000] {processor.py:186} INFO - Started process (PID=893) to work on /home/airflow/.local/lib/python3.12/site-packages/airflow/example_dags/example_dataset_alias.py
[2024-10-22T09:30:40.958+0000] {processor.py:914} INFO - Processing file /home/airflow/.local/lib/python3.12/site-packages/airflow/example_dags/example_dataset_alias.py for tasks to queue
[2024-10-22T09:30:40.966+0000] {logging_mixin.py:190} INFO - [2024-10-22T09:30:40.964+0000] {dagbag.py:588} INFO - Filling up the DagBag from /home/airflow/.local/lib/python3.12/site-packages/airflow/example_dags/example_dataset_alias.py
[2024-10-22T09:30:42.396+0000] {processor.py:925} INFO - DAG(s) 'dataset_alias_example_alias_producer', 'dataset_alias_example_alias_consumer', 'dataset_s3_bucket_producer', 'dataset_s3_bucket_consumer' retrieved from /home/airflow/.local/lib/python3.12/site-packages/airflow/example_dags/example_dataset_alias.py
[2024-10-22T09:30:42.560+0000] {logging_mixin.py:190} INFO - [2024-10-22T09:30:42.559+0000] {dag.py:3239} INFO - Sync 4 DAGs
[2024-10-22T09:30:42.696+0000] {logging_mixin.py:190} INFO - [2024-10-22T09:30:42.696+0000] {dag.py:4180} INFO - Setting next_dagrun for dataset_alias_example_alias_consumer to None, run_after=None
[2024-10-22T09:30:42.753+0000] {logging_mixin.py:190} INFO - [2024-10-22T09:30:42.752+0000] {dag.py:4180} INFO - Setting next_dagrun for dataset_alias_example_alias_producer to None, run_after=None
[2024-10-22T09:30:42.760+0000] {logging_mixin.py:190} INFO - [2024-10-22T09:30:42.759+0000] {dag.py:4180} INFO - Setting next_dagrun for dataset_s3_bucket_consumer to None, run_after=None
[2024-10-22T09:30:42.820+0000] {logging_mixin.py:190} INFO - [2024-10-22T09:30:42.808+0000] {dag.py:4180} INFO - Setting next_dagrun for dataset_s3_bucket_producer to None, run_after=None
[2024-10-22T09:30:43.002+0000] {processor.py:208} INFO - Processing /home/airflow/.local/lib/python3.12/site-packages/airflow/example_dags/example_dataset_alias.py took 2.087 seconds
[2024-10-22T09:31:15.733+0000] {processor.py:186} INFO - Started process (PID=955) to work on /home/airflow/.local/lib/python3.12/site-packages/airflow/example_dags/example_dataset_alias.py
[2024-10-22T09:31:15.747+0000] {processor.py:914} INFO - Processing file /home/airflow/.local/lib/python3.12/site-packages/airflow/example_dags/example_dataset_alias.py for tasks to queue
[2024-10-22T09:31:15.770+0000] {logging_mixin.py:190} INFO - [2024-10-22T09:31:15.770+0000] {dagbag.py:588} INFO - Filling up the DagBag from /home/airflow/.local/lib/python3.12/site-packages/airflow/example_dags/example_dataset_alias.py
[2024-10-22T09:31:17.997+0000] {processor.py:925} INFO - DAG(s) 'dataset_alias_example_alias_consumer', 'dataset_s3_bucket_consumer', 'dataset_alias_example_alias_producer', 'dataset_s3_bucket_producer' retrieved from /home/airflow/.local/lib/python3.12/site-packages/airflow/example_dags/example_dataset_alias.py
[2024-10-22T09:31:18.414+0000] {logging_mixin.py:190} INFO - [2024-10-22T09:31:18.413+0000] {dag.py:3239} INFO - Sync 4 DAGs
[2024-10-22T09:31:18.689+0000] {logging_mixin.py:190} INFO - [2024-10-22T09:31:18.688+0000] {dag.py:4180} INFO - Setting next_dagrun for dataset_alias_example_alias_consumer to None, run_after=None
[2024-10-22T09:31:18.720+0000] {logging_mixin.py:190} INFO - [2024-10-22T09:31:18.720+0000] {dag.py:4180} INFO - Setting next_dagrun for dataset_alias_example_alias_producer to None, run_after=None
[2024-10-22T09:31:18.735+0000] {logging_mixin.py:190} INFO - [2024-10-22T09:31:18.735+0000] {dag.py:4180} INFO - Setting next_dagrun for dataset_s3_bucket_consumer to None, run_after=None
[2024-10-22T09:31:18.751+0000] {logging_mixin.py:190} INFO - [2024-10-22T09:31:18.750+0000] {dag.py:4180} INFO - Setting next_dagrun for dataset_s3_bucket_producer to None, run_after=None
[2024-10-22T09:31:19.007+0000] {processor.py:208} INFO - Processing /home/airflow/.local/lib/python3.12/site-packages/airflow/example_dags/example_dataset_alias.py took 3.331 seconds
[2024-10-22T09:31:50.015+0000] {processor.py:186} INFO - Started process (PID=1017) to work on /home/airflow/.local/lib/python3.12/site-packages/airflow/example_dags/example_dataset_alias.py
[2024-10-22T09:31:50.017+0000] {processor.py:914} INFO - Processing file /home/airflow/.local/lib/python3.12/site-packages/airflow/example_dags/example_dataset_alias.py for tasks to queue
[2024-10-22T09:31:50.045+0000] {logging_mixin.py:190} INFO - [2024-10-22T09:31:50.033+0000] {dagbag.py:588} INFO - Filling up the DagBag from /home/airflow/.local/lib/python3.12/site-packages/airflow/example_dags/example_dataset_alias.py
[2024-10-22T09:31:51.797+0000] {processor.py:925} INFO - DAG(s) 'dataset_alias_example_alias_consumer', 'dataset_alias_example_alias_producer', 'dataset_s3_bucket_consumer', 'dataset_s3_bucket_producer' retrieved from /home/airflow/.local/lib/python3.12/site-packages/airflow/example_dags/example_dataset_alias.py
[2024-10-22T09:31:51.984+0000] {logging_mixin.py:190} INFO - [2024-10-22T09:31:51.983+0000] {dag.py:3239} INFO - Sync 4 DAGs
[2024-10-22T09:31:52.196+0000] {logging_mixin.py:190} INFO - [2024-10-22T09:31:52.196+0000] {dag.py:4180} INFO - Setting next_dagrun for dataset_alias_example_alias_consumer to None, run_after=None
[2024-10-22T09:31:52.255+0000] {logging_mixin.py:190} INFO - [2024-10-22T09:31:52.242+0000] {dag.py:4180} INFO - Setting next_dagrun for dataset_alias_example_alias_producer to None, run_after=None
[2024-10-22T09:31:52.259+0000] {logging_mixin.py:190} INFO - [2024-10-22T09:31:52.258+0000] {dag.py:4180} INFO - Setting next_dagrun for dataset_s3_bucket_consumer to None, run_after=None
[2024-10-22T09:31:52.274+0000] {logging_mixin.py:190} INFO - [2024-10-22T09:31:52.274+0000] {dag.py:4180} INFO - Setting next_dagrun for dataset_s3_bucket_producer to None, run_after=None
[2024-10-22T09:31:52.497+0000] {processor.py:208} INFO - Processing /home/airflow/.local/lib/python3.12/site-packages/airflow/example_dags/example_dataset_alias.py took 2.523 seconds
[2024-10-22T09:32:29.217+0000] {processor.py:186} INFO - Started process (PID=1084) to work on /home/airflow/.local/lib/python3.12/site-packages/airflow/example_dags/example_dataset_alias.py
[2024-10-22T09:32:29.228+0000] {processor.py:914} INFO - Processing file /home/airflow/.local/lib/python3.12/site-packages/airflow/example_dags/example_dataset_alias.py for tasks to queue
[2024-10-22T09:32:29.245+0000] {logging_mixin.py:190} INFO - [2024-10-22T09:32:29.244+0000] {dagbag.py:588} INFO - Filling up the DagBag from /home/airflow/.local/lib/python3.12/site-packages/airflow/example_dags/example_dataset_alias.py
[2024-10-22T09:32:30.482+0000] {processor.py:925} INFO - DAG(s) 'dataset_s3_bucket_producer', 'dataset_alias_example_alias_consumer', 'dataset_alias_example_alias_producer', 'dataset_s3_bucket_consumer' retrieved from /home/airflow/.local/lib/python3.12/site-packages/airflow/example_dags/example_dataset_alias.py
[2024-10-22T09:32:30.666+0000] {logging_mixin.py:190} INFO - [2024-10-22T09:32:30.665+0000] {dag.py:3239} INFO - Sync 4 DAGs
[2024-10-22T09:32:30.871+0000] {logging_mixin.py:190} INFO - [2024-10-22T09:32:30.870+0000] {dag.py:4180} INFO - Setting next_dagrun for dataset_alias_example_alias_consumer to None, run_after=None
[2024-10-22T09:32:30.897+0000] {logging_mixin.py:190} INFO - [2024-10-22T09:32:30.896+0000] {dag.py:4180} INFO - Setting next_dagrun for dataset_alias_example_alias_producer to None, run_after=None
[2024-10-22T09:32:30.912+0000] {logging_mixin.py:190} INFO - [2024-10-22T09:32:30.911+0000] {dag.py:4180} INFO - Setting next_dagrun for dataset_s3_bucket_consumer to None, run_after=None
[2024-10-22T09:32:30.921+0000] {logging_mixin.py:190} INFO - [2024-10-22T09:32:30.920+0000] {dag.py:4180} INFO - Setting next_dagrun for dataset_s3_bucket_producer to None, run_after=None
[2024-10-22T09:32:31.058+0000] {processor.py:208} INFO - Processing /home/airflow/.local/lib/python3.12/site-packages/airflow/example_dags/example_dataset_alias.py took 1.885 seconds
[2024-10-22T09:33:06.484+0000] {processor.py:186} INFO - Started process (PID=1145) to work on /home/airflow/.local/lib/python3.12/site-packages/airflow/example_dags/example_dataset_alias.py
[2024-10-22T09:33:06.486+0000] {processor.py:914} INFO - Processing file /home/airflow/.local/lib/python3.12/site-packages/airflow/example_dags/example_dataset_alias.py for tasks to queue
[2024-10-22T09:33:06.493+0000] {logging_mixin.py:190} INFO - [2024-10-22T09:33:06.492+0000] {dagbag.py:588} INFO - Filling up the DagBag from /home/airflow/.local/lib/python3.12/site-packages/airflow/example_dags/example_dataset_alias.py
[2024-10-22T09:33:06.909+0000] {processor.py:925} INFO - DAG(s) 'dataset_alias_example_alias_consumer', 'dataset_s3_bucket_producer', 'dataset_alias_example_alias_producer', 'dataset_s3_bucket_consumer' retrieved from /home/airflow/.local/lib/python3.12/site-packages/airflow/example_dags/example_dataset_alias.py
[2024-10-22T09:33:06.973+0000] {logging_mixin.py:190} INFO - [2024-10-22T09:33:06.971+0000] {dag.py:3239} INFO - Sync 4 DAGs
[2024-10-22T09:33:07.038+0000] {logging_mixin.py:190} INFO - [2024-10-22T09:33:07.037+0000] {dag.py:4180} INFO - Setting next_dagrun for dataset_alias_example_alias_consumer to None, run_after=None
[2024-10-22T09:33:07.046+0000] {logging_mixin.py:190} INFO - [2024-10-22T09:33:07.045+0000] {dag.py:4180} INFO - Setting next_dagrun for dataset_alias_example_alias_producer to None, run_after=None
[2024-10-22T09:33:07.050+0000] {logging_mixin.py:190} INFO - [2024-10-22T09:33:07.049+0000] {dag.py:4180} INFO - Setting next_dagrun for dataset_s3_bucket_consumer to None, run_after=None
[2024-10-22T09:33:07.055+0000] {logging_mixin.py:190} INFO - [2024-10-22T09:33:07.053+0000] {dag.py:4180} INFO - Setting next_dagrun for dataset_s3_bucket_producer to None, run_after=None
[2024-10-22T09:33:07.118+0000] {processor.py:208} INFO - Processing /home/airflow/.local/lib/python3.12/site-packages/airflow/example_dags/example_dataset_alias.py took 0.648 seconds
[2024-10-22T09:33:37.506+0000] {processor.py:186} INFO - Started process (PID=1207) to work on /home/airflow/.local/lib/python3.12/site-packages/airflow/example_dags/example_dataset_alias.py
[2024-10-22T09:33:37.508+0000] {processor.py:914} INFO - Processing file /home/airflow/.local/lib/python3.12/site-packages/airflow/example_dags/example_dataset_alias.py for tasks to queue
[2024-10-22T09:33:37.514+0000] {logging_mixin.py:190} INFO - [2024-10-22T09:33:37.514+0000] {dagbag.py:588} INFO - Filling up the DagBag from /home/airflow/.local/lib/python3.12/site-packages/airflow/example_dags/example_dataset_alias.py
[2024-10-22T09:33:37.840+0000] {processor.py:925} INFO - DAG(s) 'dataset_s3_bucket_producer', 'dataset_alias_example_alias_producer', 'dataset_s3_bucket_consumer', 'dataset_alias_example_alias_consumer' retrieved from /home/airflow/.local/lib/python3.12/site-packages/airflow/example_dags/example_dataset_alias.py
[2024-10-22T09:33:37.885+0000] {logging_mixin.py:190} INFO - [2024-10-22T09:33:37.884+0000] {dag.py:3239} INFO - Sync 4 DAGs
[2024-10-22T09:33:37.929+0000] {logging_mixin.py:190} INFO - [2024-10-22T09:33:37.928+0000] {dag.py:4180} INFO - Setting next_dagrun for dataset_alias_example_alias_consumer to None, run_after=None
[2024-10-22T09:33:37.937+0000] {logging_mixin.py:190} INFO - [2024-10-22T09:33:37.937+0000] {dag.py:4180} INFO - Setting next_dagrun for dataset_alias_example_alias_producer to None, run_after=None
[2024-10-22T09:33:38.045+0000] {logging_mixin.py:190} INFO - [2024-10-22T09:33:38.045+0000] {dag.py:4180} INFO - Setting next_dagrun for dataset_s3_bucket_consumer to None, run_after=None
[2024-10-22T09:33:38.119+0000] {logging_mixin.py:190} INFO - [2024-10-22T09:33:38.119+0000] {dag.py:4180} INFO - Setting next_dagrun for dataset_s3_bucket_producer to None, run_after=None
[2024-10-22T09:33:38.322+0000] {processor.py:208} INFO - Processing /home/airflow/.local/lib/python3.12/site-packages/airflow/example_dags/example_dataset_alias.py took 0.827 seconds
[2024-10-22T09:34:09.018+0000] {processor.py:186} INFO - Started process (PID=1269) to work on /home/airflow/.local/lib/python3.12/site-packages/airflow/example_dags/example_dataset_alias.py
[2024-10-22T09:34:09.020+0000] {processor.py:914} INFO - Processing file /home/airflow/.local/lib/python3.12/site-packages/airflow/example_dags/example_dataset_alias.py for tasks to queue
[2024-10-22T09:34:09.026+0000] {logging_mixin.py:190} INFO - [2024-10-22T09:34:09.025+0000] {dagbag.py:588} INFO - Filling up the DagBag from /home/airflow/.local/lib/python3.12/site-packages/airflow/example_dags/example_dataset_alias.py
[2024-10-22T09:34:09.341+0000] {processor.py:925} INFO - DAG(s) 'dataset_s3_bucket_consumer', 'dataset_alias_example_alias_producer', 'dataset_s3_bucket_producer', 'dataset_alias_example_alias_consumer' retrieved from /home/airflow/.local/lib/python3.12/site-packages/airflow/example_dags/example_dataset_alias.py
[2024-10-22T09:34:09.381+0000] {logging_mixin.py:190} INFO - [2024-10-22T09:34:09.381+0000] {dag.py:3239} INFO - Sync 4 DAGs
[2024-10-22T09:34:09.428+0000] {logging_mixin.py:190} INFO - [2024-10-22T09:34:09.428+0000] {dag.py:4180} INFO - Setting next_dagrun for dataset_alias_example_alias_consumer to None, run_after=None
[2024-10-22T09:34:09.433+0000] {logging_mixin.py:190} INFO - [2024-10-22T09:34:09.433+0000] {dag.py:4180} INFO - Setting next_dagrun for dataset_alias_example_alias_producer to None, run_after=None
[2024-10-22T09:34:09.436+0000] {logging_mixin.py:190} INFO - [2024-10-22T09:34:09.435+0000] {dag.py:4180} INFO - Setting next_dagrun for dataset_s3_bucket_consumer to None, run_after=None
[2024-10-22T09:34:09.438+0000] {logging_mixin.py:190} INFO - [2024-10-22T09:34:09.438+0000] {dag.py:4180} INFO - Setting next_dagrun for dataset_s3_bucket_producer to None, run_after=None
[2024-10-22T09:34:09.478+0000] {processor.py:208} INFO - Processing /home/airflow/.local/lib/python3.12/site-packages/airflow/example_dags/example_dataset_alias.py took 0.472 seconds
[2024-10-22T09:34:40.319+0000] {processor.py:186} INFO - Started process (PID=1331) to work on /home/airflow/.local/lib/python3.12/site-packages/airflow/example_dags/example_dataset_alias.py
[2024-10-22T09:34:40.321+0000] {processor.py:914} INFO - Processing file /home/airflow/.local/lib/python3.12/site-packages/airflow/example_dags/example_dataset_alias.py for tasks to queue
[2024-10-22T09:34:40.326+0000] {logging_mixin.py:190} INFO - [2024-10-22T09:34:40.325+0000] {dagbag.py:588} INFO - Filling up the DagBag from /home/airflow/.local/lib/python3.12/site-packages/airflow/example_dags/example_dataset_alias.py
[2024-10-22T09:34:40.628+0000] {processor.py:925} INFO - DAG(s) 'dataset_alias_example_alias_consumer', 'dataset_s3_bucket_consumer', 'dataset_s3_bucket_producer', 'dataset_alias_example_alias_producer' retrieved from /home/airflow/.local/lib/python3.12/site-packages/airflow/example_dags/example_dataset_alias.py
[2024-10-22T09:34:40.672+0000] {logging_mixin.py:190} INFO - [2024-10-22T09:34:40.672+0000] {dag.py:3239} INFO - Sync 4 DAGs
[2024-10-22T09:34:40.716+0000] {logging_mixin.py:190} INFO - [2024-10-22T09:34:40.716+0000] {dag.py:4180} INFO - Setting next_dagrun for dataset_alias_example_alias_consumer to None, run_after=None
[2024-10-22T09:34:40.721+0000] {logging_mixin.py:190} INFO - [2024-10-22T09:34:40.721+0000] {dag.py:4180} INFO - Setting next_dagrun for dataset_alias_example_alias_producer to None, run_after=None
[2024-10-22T09:34:40.723+0000] {logging_mixin.py:190} INFO - [2024-10-22T09:34:40.723+0000] {dag.py:4180} INFO - Setting next_dagrun for dataset_s3_bucket_consumer to None, run_after=None
[2024-10-22T09:34:40.726+0000] {logging_mixin.py:190} INFO - [2024-10-22T09:34:40.726+0000] {dag.py:4180} INFO - Setting next_dagrun for dataset_s3_bucket_producer to None, run_after=None
[2024-10-22T09:34:40.769+0000] {processor.py:208} INFO - Processing /home/airflow/.local/lib/python3.12/site-packages/airflow/example_dags/example_dataset_alias.py took 0.463 seconds
[2024-10-22T09:35:11.392+0000] {processor.py:186} INFO - Started process (PID=1393) to work on /home/airflow/.local/lib/python3.12/site-packages/airflow/example_dags/example_dataset_alias.py
[2024-10-22T09:35:11.407+0000] {processor.py:914} INFO - Processing file /home/airflow/.local/lib/python3.12/site-packages/airflow/example_dags/example_dataset_alias.py for tasks to queue
[2024-10-22T09:35:11.425+0000] {logging_mixin.py:190} INFO - [2024-10-22T09:35:11.424+0000] {dagbag.py:588} INFO - Filling up the DagBag from /home/airflow/.local/lib/python3.12/site-packages/airflow/example_dags/example_dataset_alias.py
[2024-10-22T09:35:12.674+0000] {processor.py:925} INFO - DAG(s) 'dataset_s3_bucket_producer', 'dataset_alias_example_alias_consumer', 'dataset_alias_example_alias_producer', 'dataset_s3_bucket_consumer' retrieved from /home/airflow/.local/lib/python3.12/site-packages/airflow/example_dags/example_dataset_alias.py
[2024-10-22T09:35:12.802+0000] {logging_mixin.py:190} INFO - [2024-10-22T09:35:12.802+0000] {dag.py:3239} INFO - Sync 4 DAGs
[2024-10-22T09:35:13.118+0000] {logging_mixin.py:190} INFO - [2024-10-22T09:35:13.117+0000] {dag.py:4180} INFO - Setting next_dagrun for dataset_alias_example_alias_consumer to None, run_after=None
[2024-10-22T09:35:13.146+0000] {logging_mixin.py:190} INFO - [2024-10-22T09:35:13.145+0000] {dag.py:4180} INFO - Setting next_dagrun for dataset_alias_example_alias_producer to None, run_after=None
[2024-10-22T09:35:13.165+0000] {logging_mixin.py:190} INFO - [2024-10-22T09:35:13.165+0000] {dag.py:4180} INFO - Setting next_dagrun for dataset_s3_bucket_consumer to None, run_after=None
[2024-10-22T09:35:13.185+0000] {logging_mixin.py:190} INFO - [2024-10-22T09:35:13.184+0000] {dag.py:4180} INFO - Setting next_dagrun for dataset_s3_bucket_producer to None, run_after=None
[2024-10-22T09:35:13.423+0000] {processor.py:208} INFO - Processing /home/airflow/.local/lib/python3.12/site-packages/airflow/example_dags/example_dataset_alias.py took 2.116 seconds
[2024-10-22T09:35:43.536+0000] {processor.py:186} INFO - Started process (PID=1454) to work on /home/airflow/.local/lib/python3.12/site-packages/airflow/example_dags/example_dataset_alias.py
[2024-10-22T09:35:43.538+0000] {processor.py:914} INFO - Processing file /home/airflow/.local/lib/python3.12/site-packages/airflow/example_dags/example_dataset_alias.py for tasks to queue
[2024-10-22T09:35:43.546+0000] {logging_mixin.py:190} INFO - [2024-10-22T09:35:43.546+0000] {dagbag.py:588} INFO - Filling up the DagBag from /home/airflow/.local/lib/python3.12/site-packages/airflow/example_dags/example_dataset_alias.py
[2024-10-22T09:35:43.979+0000] {processor.py:925} INFO - DAG(s) 'dataset_s3_bucket_producer', 'dataset_s3_bucket_consumer', 'dataset_alias_example_alias_producer', 'dataset_alias_example_alias_consumer' retrieved from /home/airflow/.local/lib/python3.12/site-packages/airflow/example_dags/example_dataset_alias.py
[2024-10-22T09:35:44.058+0000] {logging_mixin.py:190} INFO - [2024-10-22T09:35:44.057+0000] {dag.py:3239} INFO - Sync 4 DAGs
[2024-10-22T09:35:44.134+0000] {logging_mixin.py:190} INFO - [2024-10-22T09:35:44.134+0000] {dag.py:4180} INFO - Setting next_dagrun for dataset_alias_example_alias_consumer to None, run_after=None
[2024-10-22T09:35:44.141+0000] {logging_mixin.py:190} INFO - [2024-10-22T09:35:44.141+0000] {dag.py:4180} INFO - Setting next_dagrun for dataset_alias_example_alias_producer to None, run_after=None
[2024-10-22T09:35:44.145+0000] {logging_mixin.py:190} INFO - [2024-10-22T09:35:44.144+0000] {dag.py:4180} INFO - Setting next_dagrun for dataset_s3_bucket_consumer to None, run_after=None
[2024-10-22T09:35:44.149+0000] {logging_mixin.py:190} INFO - [2024-10-22T09:35:44.149+0000] {dag.py:4180} INFO - Setting next_dagrun for dataset_s3_bucket_producer to None, run_after=None
[2024-10-22T09:35:44.195+0000] {processor.py:208} INFO - Processing /home/airflow/.local/lib/python3.12/site-packages/airflow/example_dags/example_dataset_alias.py took 0.671 seconds
[2024-10-22T09:36:15.186+0000] {processor.py:186} INFO - Started process (PID=1517) to work on /home/airflow/.local/lib/python3.12/site-packages/airflow/example_dags/example_dataset_alias.py
[2024-10-22T09:36:15.188+0000] {processor.py:914} INFO - Processing file /home/airflow/.local/lib/python3.12/site-packages/airflow/example_dags/example_dataset_alias.py for tasks to queue
[2024-10-22T09:36:15.193+0000] {logging_mixin.py:190} INFO - [2024-10-22T09:36:15.192+0000] {dagbag.py:588} INFO - Filling up the DagBag from /home/airflow/.local/lib/python3.12/site-packages/airflow/example_dags/example_dataset_alias.py
[2024-10-22T09:36:15.508+0000] {processor.py:925} INFO - DAG(s) 'dataset_s3_bucket_consumer', 'dataset_alias_example_alias_consumer', 'dataset_alias_example_alias_producer', 'dataset_s3_bucket_producer' retrieved from /home/airflow/.local/lib/python3.12/site-packages/airflow/example_dags/example_dataset_alias.py
[2024-10-22T09:36:15.549+0000] {logging_mixin.py:190} INFO - [2024-10-22T09:36:15.549+0000] {dag.py:3239} INFO - Sync 4 DAGs
[2024-10-22T09:36:15.593+0000] {logging_mixin.py:190} INFO - [2024-10-22T09:36:15.593+0000] {dag.py:4180} INFO - Setting next_dagrun for dataset_alias_example_alias_consumer to None, run_after=None
[2024-10-22T09:36:15.598+0000] {logging_mixin.py:190} INFO - [2024-10-22T09:36:15.597+0000] {dag.py:4180} INFO - Setting next_dagrun for dataset_alias_example_alias_producer to None, run_after=None
[2024-10-22T09:36:15.600+0000] {logging_mixin.py:190} INFO - [2024-10-22T09:36:15.600+0000] {dag.py:4180} INFO - Setting next_dagrun for dataset_s3_bucket_consumer to None, run_after=None
[2024-10-22T09:36:15.603+0000] {logging_mixin.py:190} INFO - [2024-10-22T09:36:15.603+0000] {dag.py:4180} INFO - Setting next_dagrun for dataset_s3_bucket_producer to None, run_after=None
[2024-10-22T09:36:15.642+0000] {processor.py:208} INFO - Processing /home/airflow/.local/lib/python3.12/site-packages/airflow/example_dags/example_dataset_alias.py took 0.468 seconds
[2024-10-22T09:36:45.776+0000] {processor.py:186} INFO - Started process (PID=1579) to work on /home/airflow/.local/lib/python3.12/site-packages/airflow/example_dags/example_dataset_alias.py
[2024-10-22T09:36:45.778+0000] {processor.py:914} INFO - Processing file /home/airflow/.local/lib/python3.12/site-packages/airflow/example_dags/example_dataset_alias.py for tasks to queue
[2024-10-22T09:36:45.783+0000] {logging_mixin.py:190} INFO - [2024-10-22T09:36:45.783+0000] {dagbag.py:588} INFO - Filling up the DagBag from /home/airflow/.local/lib/python3.12/site-packages/airflow/example_dags/example_dataset_alias.py
[2024-10-22T09:36:46.042+0000] {processor.py:925} INFO - DAG(s) 'dataset_s3_bucket_consumer', 'dataset_s3_bucket_producer', 'dataset_alias_example_alias_producer', 'dataset_alias_example_alias_consumer' retrieved from /home/airflow/.local/lib/python3.12/site-packages/airflow/example_dags/example_dataset_alias.py
[2024-10-22T09:36:46.082+0000] {logging_mixin.py:190} INFO - [2024-10-22T09:36:46.082+0000] {dag.py:3239} INFO - Sync 4 DAGs
[2024-10-22T09:36:46.126+0000] {logging_mixin.py:190} INFO - [2024-10-22T09:36:46.125+0000] {dag.py:4180} INFO - Setting next_dagrun for dataset_alias_example_alias_consumer to None, run_after=None
[2024-10-22T09:36:46.131+0000] {logging_mixin.py:190} INFO - [2024-10-22T09:36:46.130+0000] {dag.py:4180} INFO - Setting next_dagrun for dataset_alias_example_alias_producer to None, run_after=None
[2024-10-22T09:36:46.133+0000] {logging_mixin.py:190} INFO - [2024-10-22T09:36:46.133+0000] {dag.py:4180} INFO - Setting next_dagrun for dataset_s3_bucket_consumer to None, run_after=None
[2024-10-22T09:36:46.136+0000] {logging_mixin.py:190} INFO - [2024-10-22T09:36:46.136+0000] {dag.py:4180} INFO - Setting next_dagrun for dataset_s3_bucket_producer to None, run_after=None
[2024-10-22T09:36:46.174+0000] {processor.py:208} INFO - Processing /home/airflow/.local/lib/python3.12/site-packages/airflow/example_dags/example_dataset_alias.py took 0.410 seconds
[2024-10-22T09:37:16.441+0000] {processor.py:186} INFO - Started process (PID=1641) to work on /home/airflow/.local/lib/python3.12/site-packages/airflow/example_dags/example_dataset_alias.py
[2024-10-22T09:37:16.443+0000] {processor.py:914} INFO - Processing file /home/airflow/.local/lib/python3.12/site-packages/airflow/example_dags/example_dataset_alias.py for tasks to queue
[2024-10-22T09:37:16.449+0000] {logging_mixin.py:190} INFO - [2024-10-22T09:37:16.448+0000] {dagbag.py:588} INFO - Filling up the DagBag from /home/airflow/.local/lib/python3.12/site-packages/airflow/example_dags/example_dataset_alias.py
[2024-10-22T09:37:16.729+0000] {processor.py:925} INFO - DAG(s) 'dataset_s3_bucket_producer', 'dataset_alias_example_alias_producer', 'dataset_s3_bucket_consumer', 'dataset_alias_example_alias_consumer' retrieved from /home/airflow/.local/lib/python3.12/site-packages/airflow/example_dags/example_dataset_alias.py
[2024-10-22T09:37:16.764+0000] {logging_mixin.py:190} INFO - [2024-10-22T09:37:16.764+0000] {dag.py:3239} INFO - Sync 4 DAGs
[2024-10-22T09:37:16.814+0000] {logging_mixin.py:190} INFO - [2024-10-22T09:37:16.813+0000] {dag.py:4180} INFO - Setting next_dagrun for dataset_alias_example_alias_consumer to None, run_after=None
[2024-10-22T09:37:16.823+0000] {logging_mixin.py:190} INFO - [2024-10-22T09:37:16.823+0000] {dag.py:4180} INFO - Setting next_dagrun for dataset_alias_example_alias_producer to None, run_after=None
[2024-10-22T09:37:16.828+0000] {logging_mixin.py:190} INFO - [2024-10-22T09:37:16.828+0000] {dag.py:4180} INFO - Setting next_dagrun for dataset_s3_bucket_consumer to None, run_after=None
[2024-10-22T09:37:16.833+0000] {logging_mixin.py:190} INFO - [2024-10-22T09:37:16.832+0000] {dag.py:4180} INFO - Setting next_dagrun for dataset_s3_bucket_producer to None, run_after=None
[2024-10-22T09:37:16.910+0000] {processor.py:208} INFO - Processing /home/airflow/.local/lib/python3.12/site-packages/airflow/example_dags/example_dataset_alias.py took 0.481 seconds
[2024-10-22T09:37:47.922+0000] {processor.py:186} INFO - Started process (PID=1704) to work on /home/airflow/.local/lib/python3.12/site-packages/airflow/example_dags/example_dataset_alias.py
[2024-10-22T09:37:47.925+0000] {processor.py:914} INFO - Processing file /home/airflow/.local/lib/python3.12/site-packages/airflow/example_dags/example_dataset_alias.py for tasks to queue
[2024-10-22T09:37:47.939+0000] {logging_mixin.py:190} INFO - [2024-10-22T09:37:47.938+0000] {dagbag.py:588} INFO - Filling up the DagBag from /home/airflow/.local/lib/python3.12/site-packages/airflow/example_dags/example_dataset_alias.py
[2024-10-22T09:37:48.347+0000] {processor.py:925} INFO - DAG(s) 'dataset_s3_bucket_producer', 'dataset_alias_example_alias_consumer', 'dataset_s3_bucket_consumer', 'dataset_alias_example_alias_producer' retrieved from /home/airflow/.local/lib/python3.12/site-packages/airflow/example_dags/example_dataset_alias.py
[2024-10-22T09:37:48.400+0000] {logging_mixin.py:190} INFO - [2024-10-22T09:37:48.399+0000] {dag.py:3239} INFO - Sync 4 DAGs
[2024-10-22T09:37:48.458+0000] {logging_mixin.py:190} INFO - [2024-10-22T09:37:48.458+0000] {dag.py:4180} INFO - Setting next_dagrun for dataset_alias_example_alias_consumer to None, run_after=None
[2024-10-22T09:37:48.467+0000] {logging_mixin.py:190} INFO - [2024-10-22T09:37:48.467+0000] {dag.py:4180} INFO - Setting next_dagrun for dataset_alias_example_alias_producer to None, run_after=None
[2024-10-22T09:37:48.471+0000] {logging_mixin.py:190} INFO - [2024-10-22T09:37:48.470+0000] {dag.py:4180} INFO - Setting next_dagrun for dataset_s3_bucket_consumer to None, run_after=None
[2024-10-22T09:37:48.474+0000] {logging_mixin.py:190} INFO - [2024-10-22T09:37:48.474+0000] {dag.py:4180} INFO - Setting next_dagrun for dataset_s3_bucket_producer to None, run_after=None
[2024-10-22T09:37:48.522+0000] {processor.py:208} INFO - Processing /home/airflow/.local/lib/python3.12/site-packages/airflow/example_dags/example_dataset_alias.py took 0.623 seconds
[2024-10-22T09:38:19.217+0000] {processor.py:186} INFO - Started process (PID=1766) to work on /home/airflow/.local/lib/python3.12/site-packages/airflow/example_dags/example_dataset_alias.py
[2024-10-22T09:38:19.219+0000] {processor.py:914} INFO - Processing file /home/airflow/.local/lib/python3.12/site-packages/airflow/example_dags/example_dataset_alias.py for tasks to queue
[2024-10-22T09:38:19.226+0000] {logging_mixin.py:190} INFO - [2024-10-22T09:38:19.225+0000] {dagbag.py:588} INFO - Filling up the DagBag from /home/airflow/.local/lib/python3.12/site-packages/airflow/example_dags/example_dataset_alias.py
[2024-10-22T09:38:19.654+0000] {processor.py:925} INFO - DAG(s) 'dataset_s3_bucket_producer', 'dataset_s3_bucket_consumer', 'dataset_alias_example_alias_consumer', 'dataset_alias_example_alias_producer' retrieved from /home/airflow/.local/lib/python3.12/site-packages/airflow/example_dags/example_dataset_alias.py
[2024-10-22T09:38:19.714+0000] {logging_mixin.py:190} INFO - [2024-10-22T09:38:19.713+0000] {dag.py:3239} INFO - Sync 4 DAGs
[2024-10-22T09:38:19.821+0000] {logging_mixin.py:190} INFO - [2024-10-22T09:38:19.820+0000] {dag.py:4180} INFO - Setting next_dagrun for dataset_alias_example_alias_consumer to None, run_after=None
[2024-10-22T09:38:19.842+0000] {logging_mixin.py:190} INFO - [2024-10-22T09:38:19.842+0000] {dag.py:4180} INFO - Setting next_dagrun for dataset_alias_example_alias_producer to None, run_after=None
[2024-10-22T09:38:19.848+0000] {logging_mixin.py:190} INFO - [2024-10-22T09:38:19.847+0000] {dag.py:4180} INFO - Setting next_dagrun for dataset_s3_bucket_consumer to None, run_after=None
[2024-10-22T09:38:19.854+0000] {logging_mixin.py:190} INFO - [2024-10-22T09:38:19.854+0000] {dag.py:4180} INFO - Setting next_dagrun for dataset_s3_bucket_producer to None, run_after=None
[2024-10-22T09:38:19.980+0000] {processor.py:208} INFO - Processing /home/airflow/.local/lib/python3.12/site-packages/airflow/example_dags/example_dataset_alias.py took 0.780 seconds
[2024-10-22T09:38:50.175+0000] {processor.py:186} INFO - Started process (PID=1827) to work on /home/airflow/.local/lib/python3.12/site-packages/airflow/example_dags/example_dataset_alias.py
[2024-10-22T09:38:50.177+0000] {processor.py:914} INFO - Processing file /home/airflow/.local/lib/python3.12/site-packages/airflow/example_dags/example_dataset_alias.py for tasks to queue
[2024-10-22T09:38:50.182+0000] {logging_mixin.py:190} INFO - [2024-10-22T09:38:50.181+0000] {dagbag.py:588} INFO - Filling up the DagBag from /home/airflow/.local/lib/python3.12/site-packages/airflow/example_dags/example_dataset_alias.py
[2024-10-22T09:38:50.436+0000] {processor.py:925} INFO - DAG(s) 'dataset_alias_example_alias_producer', 'dataset_s3_bucket_consumer', 'dataset_s3_bucket_producer', 'dataset_alias_example_alias_consumer' retrieved from /home/airflow/.local/lib/python3.12/site-packages/airflow/example_dags/example_dataset_alias.py
[2024-10-22T09:38:50.474+0000] {logging_mixin.py:190} INFO - [2024-10-22T09:38:50.474+0000] {dag.py:3239} INFO - Sync 4 DAGs
[2024-10-22T09:38:50.517+0000] {logging_mixin.py:190} INFO - [2024-10-22T09:38:50.516+0000] {dag.py:4180} INFO - Setting next_dagrun for dataset_alias_example_alias_consumer to None, run_after=None
[2024-10-22T09:38:50.522+0000] {logging_mixin.py:190} INFO - [2024-10-22T09:38:50.522+0000] {dag.py:4180} INFO - Setting next_dagrun for dataset_alias_example_alias_producer to None, run_after=None
[2024-10-22T09:38:50.526+0000] {logging_mixin.py:190} INFO - [2024-10-22T09:38:50.525+0000] {dag.py:4180} INFO - Setting next_dagrun for dataset_s3_bucket_consumer to None, run_after=None
[2024-10-22T09:38:50.528+0000] {logging_mixin.py:190} INFO - [2024-10-22T09:38:50.528+0000] {dag.py:4180} INFO - Setting next_dagrun for dataset_s3_bucket_producer to None, run_after=None
[2024-10-22T09:38:50.567+0000] {processor.py:208} INFO - Processing /home/airflow/.local/lib/python3.12/site-packages/airflow/example_dags/example_dataset_alias.py took 0.403 seconds
[2024-10-22T09:39:21.125+0000] {processor.py:186} INFO - Started process (PID=1890) to work on /home/airflow/.local/lib/python3.12/site-packages/airflow/example_dags/example_dataset_alias.py
[2024-10-22T09:39:21.128+0000] {processor.py:914} INFO - Processing file /home/airflow/.local/lib/python3.12/site-packages/airflow/example_dags/example_dataset_alias.py for tasks to queue
[2024-10-22T09:39:21.136+0000] {logging_mixin.py:190} INFO - [2024-10-22T09:39:21.134+0000] {dagbag.py:588} INFO - Filling up the DagBag from /home/airflow/.local/lib/python3.12/site-packages/airflow/example_dags/example_dataset_alias.py
[2024-10-22T09:39:21.498+0000] {processor.py:925} INFO - DAG(s) 'dataset_alias_example_alias_producer', 'dataset_s3_bucket_producer', 'dataset_s3_bucket_consumer', 'dataset_alias_example_alias_consumer' retrieved from /home/airflow/.local/lib/python3.12/site-packages/airflow/example_dags/example_dataset_alias.py
[2024-10-22T09:39:21.537+0000] {logging_mixin.py:190} INFO - [2024-10-22T09:39:21.537+0000] {dag.py:3239} INFO - Sync 4 DAGs
[2024-10-22T09:39:21.583+0000] {logging_mixin.py:190} INFO - [2024-10-22T09:39:21.583+0000] {dag.py:4180} INFO - Setting next_dagrun for dataset_alias_example_alias_consumer to None, run_after=None
[2024-10-22T09:39:21.588+0000] {logging_mixin.py:190} INFO - [2024-10-22T09:39:21.588+0000] {dag.py:4180} INFO - Setting next_dagrun for dataset_alias_example_alias_producer to None, run_after=None
[2024-10-22T09:39:21.591+0000] {logging_mixin.py:190} INFO - [2024-10-22T09:39:21.590+0000] {dag.py:4180} INFO - Setting next_dagrun for dataset_s3_bucket_consumer to None, run_after=None
[2024-10-22T09:39:21.593+0000] {logging_mixin.py:190} INFO - [2024-10-22T09:39:21.593+0000] {dag.py:4180} INFO - Setting next_dagrun for dataset_s3_bucket_producer to None, run_after=None
[2024-10-22T09:39:23.829+0000] {processor.py:208} INFO - Processing /home/airflow/.local/lib/python3.12/site-packages/airflow/example_dags/example_dataset_alias.py took 2.727 seconds
[2024-10-22T09:39:54.574+0000] {processor.py:186} INFO - Started process (PID=1953) to work on /home/airflow/.local/lib/python3.12/site-packages/airflow/example_dags/example_dataset_alias.py
[2024-10-22T09:39:54.577+0000] {processor.py:914} INFO - Processing file /home/airflow/.local/lib/python3.12/site-packages/airflow/example_dags/example_dataset_alias.py for tasks to queue
[2024-10-22T09:39:54.582+0000] {logging_mixin.py:190} INFO - [2024-10-22T09:39:54.582+0000] {dagbag.py:588} INFO - Filling up the DagBag from /home/airflow/.local/lib/python3.12/site-packages/airflow/example_dags/example_dataset_alias.py
[2024-10-22T09:39:55.211+0000] {processor.py:925} INFO - DAG(s) 'dataset_alias_example_alias_consumer', 'dataset_alias_example_alias_producer', 'dataset_s3_bucket_producer', 'dataset_s3_bucket_consumer' retrieved from /home/airflow/.local/lib/python3.12/site-packages/airflow/example_dags/example_dataset_alias.py
[2024-10-22T09:39:55.267+0000] {logging_mixin.py:190} INFO - [2024-10-22T09:39:55.266+0000] {dag.py:3239} INFO - Sync 4 DAGs
[2024-10-22T09:39:55.309+0000] {logging_mixin.py:190} INFO - [2024-10-22T09:39:55.309+0000] {dag.py:4180} INFO - Setting next_dagrun for dataset_alias_example_alias_consumer to None, run_after=None
[2024-10-22T09:39:55.579+0000] {logging_mixin.py:190} INFO - [2024-10-22T09:39:55.578+0000] {dag.py:4180} INFO - Setting next_dagrun for dataset_alias_example_alias_producer to None, run_after=None
[2024-10-22T09:39:55.581+0000] {logging_mixin.py:190} INFO - [2024-10-22T09:39:55.581+0000] {dag.py:4180} INFO - Setting next_dagrun for dataset_s3_bucket_consumer to None, run_after=None
[2024-10-22T09:39:55.585+0000] {logging_mixin.py:190} INFO - [2024-10-22T09:39:55.584+0000] {dag.py:4180} INFO - Setting next_dagrun for dataset_s3_bucket_producer to None, run_after=None
[2024-10-22T09:39:55.626+0000] {processor.py:208} INFO - Processing /home/airflow/.local/lib/python3.12/site-packages/airflow/example_dags/example_dataset_alias.py took 1.063 seconds
[2024-10-22T09:40:25.797+0000] {processor.py:186} INFO - Started process (PID=2015) to work on /home/airflow/.local/lib/python3.12/site-packages/airflow/example_dags/example_dataset_alias.py
[2024-10-22T09:40:25.799+0000] {processor.py:914} INFO - Processing file /home/airflow/.local/lib/python3.12/site-packages/airflow/example_dags/example_dataset_alias.py for tasks to queue
[2024-10-22T09:40:25.803+0000] {logging_mixin.py:190} INFO - [2024-10-22T09:40:25.803+0000] {dagbag.py:588} INFO - Filling up the DagBag from /home/airflow/.local/lib/python3.12/site-packages/airflow/example_dags/example_dataset_alias.py
[2024-10-22T09:40:26.232+0000] {processor.py:925} INFO - DAG(s) 'dataset_alias_example_alias_producer', 'dataset_s3_bucket_producer', 'dataset_s3_bucket_consumer', 'dataset_alias_example_alias_consumer' retrieved from /home/airflow/.local/lib/python3.12/site-packages/airflow/example_dags/example_dataset_alias.py
[2024-10-22T09:40:26.282+0000] {logging_mixin.py:190} INFO - [2024-10-22T09:40:26.281+0000] {dag.py:3239} INFO - Sync 4 DAGs
[2024-10-22T09:40:26.327+0000] {logging_mixin.py:190} INFO - [2024-10-22T09:40:26.326+0000] {dag.py:4180} INFO - Setting next_dagrun for dataset_alias_example_alias_consumer to None, run_after=None
[2024-10-22T09:40:26.332+0000] {logging_mixin.py:190} INFO - [2024-10-22T09:40:26.332+0000] {dag.py:4180} INFO - Setting next_dagrun for dataset_alias_example_alias_producer to None, run_after=None
[2024-10-22T09:40:26.335+0000] {logging_mixin.py:190} INFO - [2024-10-22T09:40:26.334+0000] {dag.py:4180} INFO - Setting next_dagrun for dataset_s3_bucket_consumer to None, run_after=None
[2024-10-22T09:40:26.337+0000] {logging_mixin.py:190} INFO - [2024-10-22T09:40:26.337+0000] {dag.py:4180} INFO - Setting next_dagrun for dataset_s3_bucket_producer to None, run_after=None
[2024-10-22T09:40:26.375+0000] {processor.py:208} INFO - Processing /home/airflow/.local/lib/python3.12/site-packages/airflow/example_dags/example_dataset_alias.py took 0.590 seconds
[2024-10-22T09:40:56.600+0000] {processor.py:186} INFO - Started process (PID=2078) to work on /home/airflow/.local/lib/python3.12/site-packages/airflow/example_dags/example_dataset_alias.py
[2024-10-22T09:40:56.604+0000] {processor.py:914} INFO - Processing file /home/airflow/.local/lib/python3.12/site-packages/airflow/example_dags/example_dataset_alias.py for tasks to queue
[2024-10-22T09:40:56.614+0000] {logging_mixin.py:190} INFO - [2024-10-22T09:40:56.612+0000] {dagbag.py:588} INFO - Filling up the DagBag from /home/airflow/.local/lib/python3.12/site-packages/airflow/example_dags/example_dataset_alias.py
[2024-10-22T09:40:56.965+0000] {processor.py:925} INFO - DAG(s) 'dataset_alias_example_alias_producer', 'dataset_alias_example_alias_consumer', 'dataset_s3_bucket_producer', 'dataset_s3_bucket_consumer' retrieved from /home/airflow/.local/lib/python3.12/site-packages/airflow/example_dags/example_dataset_alias.py
[2024-10-22T09:40:57.005+0000] {logging_mixin.py:190} INFO - [2024-10-22T09:40:57.004+0000] {dag.py:3239} INFO - Sync 4 DAGs
[2024-10-22T09:40:57.047+0000] {logging_mixin.py:190} INFO - [2024-10-22T09:40:57.047+0000] {dag.py:4180} INFO - Setting next_dagrun for dataset_alias_example_alias_consumer to None, run_after=None
[2024-10-22T09:40:57.052+0000] {logging_mixin.py:190} INFO - [2024-10-22T09:40:57.052+0000] {dag.py:4180} INFO - Setting next_dagrun for dataset_alias_example_alias_producer to None, run_after=None
[2024-10-22T09:40:57.055+0000] {logging_mixin.py:190} INFO - [2024-10-22T09:40:57.055+0000] {dag.py:4180} INFO - Setting next_dagrun for dataset_s3_bucket_consumer to None, run_after=None
[2024-10-22T09:40:57.060+0000] {logging_mixin.py:190} INFO - [2024-10-22T09:40:57.059+0000] {dag.py:4180} INFO - Setting next_dagrun for dataset_s3_bucket_producer to None, run_after=None
[2024-10-22T09:40:57.104+0000] {processor.py:208} INFO - Processing /home/airflow/.local/lib/python3.12/site-packages/airflow/example_dags/example_dataset_alias.py took 0.537 seconds
[2024-10-22T09:41:27.266+0000] {processor.py:186} INFO - Started process (PID=2139) to work on /home/airflow/.local/lib/python3.12/site-packages/airflow/example_dags/example_dataset_alias.py
[2024-10-22T09:41:27.268+0000] {processor.py:914} INFO - Processing file /home/airflow/.local/lib/python3.12/site-packages/airflow/example_dags/example_dataset_alias.py for tasks to queue
[2024-10-22T09:41:27.274+0000] {logging_mixin.py:190} INFO - [2024-10-22T09:41:27.273+0000] {dagbag.py:588} INFO - Filling up the DagBag from /home/airflow/.local/lib/python3.12/site-packages/airflow/example_dags/example_dataset_alias.py
[2024-10-22T09:41:27.666+0000] {processor.py:925} INFO - DAG(s) 'dataset_alias_example_alias_consumer', 'dataset_s3_bucket_consumer', 'dataset_s3_bucket_producer', 'dataset_alias_example_alias_producer' retrieved from /home/airflow/.local/lib/python3.12/site-packages/airflow/example_dags/example_dataset_alias.py
[2024-10-22T09:41:27.716+0000] {logging_mixin.py:190} INFO - [2024-10-22T09:41:27.716+0000] {dag.py:3239} INFO - Sync 4 DAGs
[2024-10-22T09:41:28.029+0000] {logging_mixin.py:190} INFO - [2024-10-22T09:41:28.028+0000] {dag.py:4180} INFO - Setting next_dagrun for dataset_alias_example_alias_consumer to None, run_after=None
[2024-10-22T09:41:28.035+0000] {logging_mixin.py:190} INFO - [2024-10-22T09:41:28.035+0000] {dag.py:4180} INFO - Setting next_dagrun for dataset_alias_example_alias_producer to None, run_after=None
[2024-10-22T09:41:28.038+0000] {logging_mixin.py:190} INFO - [2024-10-22T09:41:28.038+0000] {dag.py:4180} INFO - Setting next_dagrun for dataset_s3_bucket_consumer to None, run_after=None
[2024-10-22T09:41:28.041+0000] {logging_mixin.py:190} INFO - [2024-10-22T09:41:28.041+0000] {dag.py:4180} INFO - Setting next_dagrun for dataset_s3_bucket_producer to None, run_after=None
[2024-10-22T09:41:28.076+0000] {processor.py:208} INFO - Processing /home/airflow/.local/lib/python3.12/site-packages/airflow/example_dags/example_dataset_alias.py took 0.828 seconds
[2024-10-22T09:41:58.190+0000] {processor.py:186} INFO - Started process (PID=2201) to work on /home/airflow/.local/lib/python3.12/site-packages/airflow/example_dags/example_dataset_alias.py
[2024-10-22T09:41:58.194+0000] {processor.py:914} INFO - Processing file /home/airflow/.local/lib/python3.12/site-packages/airflow/example_dags/example_dataset_alias.py for tasks to queue
[2024-10-22T09:41:58.201+0000] {logging_mixin.py:190} INFO - [2024-10-22T09:41:58.200+0000] {dagbag.py:588} INFO - Filling up the DagBag from /home/airflow/.local/lib/python3.12/site-packages/airflow/example_dags/example_dataset_alias.py
[2024-10-22T09:41:58.573+0000] {processor.py:925} INFO - DAG(s) 'dataset_alias_example_alias_producer', 'dataset_s3_bucket_consumer', 'dataset_alias_example_alias_consumer', 'dataset_s3_bucket_producer' retrieved from /home/airflow/.local/lib/python3.12/site-packages/airflow/example_dags/example_dataset_alias.py
[2024-10-22T09:41:58.616+0000] {logging_mixin.py:190} INFO - [2024-10-22T09:41:58.616+0000] {dag.py:3239} INFO - Sync 4 DAGs
[2024-10-22T09:41:58.655+0000] {logging_mixin.py:190} INFO - [2024-10-22T09:41:58.655+0000] {dag.py:4180} INFO - Setting next_dagrun for dataset_alias_example_alias_consumer to None, run_after=None
[2024-10-22T09:41:58.880+0000] {logging_mixin.py:190} INFO - [2024-10-22T09:41:58.880+0000] {dag.py:4180} INFO - Setting next_dagrun for dataset_alias_example_alias_producer to None, run_after=None
[2024-10-22T09:41:58.883+0000] {logging_mixin.py:190} INFO - [2024-10-22T09:41:58.883+0000] {dag.py:4180} INFO - Setting next_dagrun for dataset_s3_bucket_consumer to None, run_after=None
[2024-10-22T09:41:58.886+0000] {logging_mixin.py:190} INFO - [2024-10-22T09:41:58.886+0000] {dag.py:4180} INFO - Setting next_dagrun for dataset_s3_bucket_producer to None, run_after=None
[2024-10-22T09:41:58.919+0000] {processor.py:208} INFO - Processing /home/airflow/.local/lib/python3.12/site-packages/airflow/example_dags/example_dataset_alias.py took 0.746 seconds
[2024-10-22T09:42:29.015+0000] {processor.py:186} INFO - Started process (PID=2263) to work on /home/airflow/.local/lib/python3.12/site-packages/airflow/example_dags/example_dataset_alias.py
[2024-10-22T09:42:29.018+0000] {processor.py:914} INFO - Processing file /home/airflow/.local/lib/python3.12/site-packages/airflow/example_dags/example_dataset_alias.py for tasks to queue
[2024-10-22T09:42:29.025+0000] {logging_mixin.py:190} INFO - [2024-10-22T09:42:29.024+0000] {dagbag.py:588} INFO - Filling up the DagBag from /home/airflow/.local/lib/python3.12/site-packages/airflow/example_dags/example_dataset_alias.py
[2024-10-22T09:42:29.477+0000] {processor.py:925} INFO - DAG(s) 'dataset_s3_bucket_consumer', 'dataset_s3_bucket_producer', 'dataset_alias_example_alias_consumer', 'dataset_alias_example_alias_producer' retrieved from /home/airflow/.local/lib/python3.12/site-packages/airflow/example_dags/example_dataset_alias.py
[2024-10-22T09:42:29.529+0000] {logging_mixin.py:190} INFO - [2024-10-22T09:42:29.529+0000] {dag.py:3239} INFO - Sync 4 DAGs
[2024-10-22T09:42:29.587+0000] {logging_mixin.py:190} INFO - [2024-10-22T09:42:29.586+0000] {dag.py:4180} INFO - Setting next_dagrun for dataset_alias_example_alias_consumer to None, run_after=None
[2024-10-22T09:42:29.593+0000] {logging_mixin.py:190} INFO - [2024-10-22T09:42:29.593+0000] {dag.py:4180} INFO - Setting next_dagrun for dataset_alias_example_alias_producer to None, run_after=None
[2024-10-22T09:42:29.596+0000] {logging_mixin.py:190} INFO - [2024-10-22T09:42:29.596+0000] {dag.py:4180} INFO - Setting next_dagrun for dataset_s3_bucket_consumer to None, run_after=None
[2024-10-22T09:42:29.600+0000] {logging_mixin.py:190} INFO - [2024-10-22T09:42:29.599+0000] {dag.py:4180} INFO - Setting next_dagrun for dataset_s3_bucket_producer to None, run_after=None
[2024-10-22T09:42:29.671+0000] {processor.py:208} INFO - Processing /home/airflow/.local/lib/python3.12/site-packages/airflow/example_dags/example_dataset_alias.py took 0.673 seconds
[2024-10-22T09:42:59.735+0000] {processor.py:186} INFO - Started process (PID=2327) to work on /home/airflow/.local/lib/python3.12/site-packages/airflow/example_dags/example_dataset_alias.py
[2024-10-22T09:42:59.737+0000] {processor.py:914} INFO - Processing file /home/airflow/.local/lib/python3.12/site-packages/airflow/example_dags/example_dataset_alias.py for tasks to queue
[2024-10-22T09:42:59.742+0000] {logging_mixin.py:190} INFO - [2024-10-22T09:42:59.742+0000] {dagbag.py:588} INFO - Filling up the DagBag from /home/airflow/.local/lib/python3.12/site-packages/airflow/example_dags/example_dataset_alias.py
[2024-10-22T09:43:00.005+0000] {processor.py:925} INFO - DAG(s) 'dataset_s3_bucket_producer', 'dataset_alias_example_alias_consumer', 'dataset_s3_bucket_consumer', 'dataset_alias_example_alias_producer' retrieved from /home/airflow/.local/lib/python3.12/site-packages/airflow/example_dags/example_dataset_alias.py
[2024-10-22T09:43:00.046+0000] {logging_mixin.py:190} INFO - [2024-10-22T09:43:00.046+0000] {dag.py:3239} INFO - Sync 4 DAGs
[2024-10-22T09:43:00.095+0000] {logging_mixin.py:190} INFO - [2024-10-22T09:43:00.094+0000] {dag.py:4180} INFO - Setting next_dagrun for dataset_alias_example_alias_consumer to None, run_after=None
[2024-10-22T09:43:00.101+0000] {logging_mixin.py:190} INFO - [2024-10-22T09:43:00.100+0000] {dag.py:4180} INFO - Setting next_dagrun for dataset_alias_example_alias_producer to None, run_after=None
[2024-10-22T09:43:00.103+0000] {logging_mixin.py:190} INFO - [2024-10-22T09:43:00.103+0000] {dag.py:4180} INFO - Setting next_dagrun for dataset_s3_bucket_consumer to None, run_after=None
[2024-10-22T09:43:00.106+0000] {logging_mixin.py:190} INFO - [2024-10-22T09:43:00.106+0000] {dag.py:4180} INFO - Setting next_dagrun for dataset_s3_bucket_producer to None, run_after=None
[2024-10-22T09:43:00.147+0000] {processor.py:208} INFO - Processing /home/airflow/.local/lib/python3.12/site-packages/airflow/example_dags/example_dataset_alias.py took 0.422 seconds
[2024-10-22T09:43:30.921+0000] {processor.py:186} INFO - Started process (PID=2389) to work on /home/airflow/.local/lib/python3.12/site-packages/airflow/example_dags/example_dataset_alias.py
[2024-10-22T09:43:30.924+0000] {processor.py:914} INFO - Processing file /home/airflow/.local/lib/python3.12/site-packages/airflow/example_dags/example_dataset_alias.py for tasks to queue
[2024-10-22T09:43:30.930+0000] {logging_mixin.py:190} INFO - [2024-10-22T09:43:30.929+0000] {dagbag.py:588} INFO - Filling up the DagBag from /home/airflow/.local/lib/python3.12/site-packages/airflow/example_dags/example_dataset_alias.py
[2024-10-22T09:43:31.327+0000] {processor.py:925} INFO - DAG(s) 'dataset_s3_bucket_consumer', 'dataset_s3_bucket_producer', 'dataset_alias_example_alias_consumer', 'dataset_alias_example_alias_producer' retrieved from /home/airflow/.local/lib/python3.12/site-packages/airflow/example_dags/example_dataset_alias.py
[2024-10-22T09:43:31.687+0000] {logging_mixin.py:190} INFO - [2024-10-22T09:43:31.683+0000] {dag.py:3239} INFO - Sync 4 DAGs
[2024-10-22T09:43:31.754+0000] {logging_mixin.py:190} INFO - [2024-10-22T09:43:31.753+0000] {dag.py:4180} INFO - Setting next_dagrun for dataset_alias_example_alias_consumer to None, run_after=None
[2024-10-22T09:43:31.761+0000] {logging_mixin.py:190} INFO - [2024-10-22T09:43:31.760+0000] {dag.py:4180} INFO - Setting next_dagrun for dataset_alias_example_alias_producer to None, run_after=None
[2024-10-22T09:43:31.768+0000] {logging_mixin.py:190} INFO - [2024-10-22T09:43:31.767+0000] {dag.py:4180} INFO - Setting next_dagrun for dataset_s3_bucket_consumer to None, run_after=None
[2024-10-22T09:43:31.773+0000] {logging_mixin.py:190} INFO - [2024-10-22T09:43:31.773+0000] {dag.py:4180} INFO - Setting next_dagrun for dataset_s3_bucket_producer to None, run_after=None
[2024-10-22T09:43:31.832+0000] {processor.py:208} INFO - Processing /home/airflow/.local/lib/python3.12/site-packages/airflow/example_dags/example_dataset_alias.py took 0.928 seconds
[2024-10-22T09:44:02.515+0000] {processor.py:186} INFO - Started process (PID=2453) to work on /home/airflow/.local/lib/python3.12/site-packages/airflow/example_dags/example_dataset_alias.py
[2024-10-22T09:44:02.518+0000] {processor.py:914} INFO - Processing file /home/airflow/.local/lib/python3.12/site-packages/airflow/example_dags/example_dataset_alias.py for tasks to queue
[2024-10-22T09:44:02.524+0000] {logging_mixin.py:190} INFO - [2024-10-22T09:44:02.523+0000] {dagbag.py:588} INFO - Filling up the DagBag from /home/airflow/.local/lib/python3.12/site-packages/airflow/example_dags/example_dataset_alias.py
[2024-10-22T09:44:02.821+0000] {processor.py:925} INFO - DAG(s) 'dataset_alias_example_alias_consumer', 'dataset_s3_bucket_consumer', 'dataset_alias_example_alias_producer', 'dataset_s3_bucket_producer' retrieved from /home/airflow/.local/lib/python3.12/site-packages/airflow/example_dags/example_dataset_alias.py
[2024-10-22T09:44:03.076+0000] {logging_mixin.py:190} INFO - [2024-10-22T09:44:03.076+0000] {dag.py:3239} INFO - Sync 4 DAGs
[2024-10-22T09:44:03.110+0000] {logging_mixin.py:190} INFO - [2024-10-22T09:44:03.109+0000] {dag.py:4180} INFO - Setting next_dagrun for dataset_alias_example_alias_consumer to None, run_after=None
[2024-10-22T09:44:03.114+0000] {logging_mixin.py:190} INFO - [2024-10-22T09:44:03.114+0000] {dag.py:4180} INFO - Setting next_dagrun for dataset_alias_example_alias_producer to None, run_after=None
[2024-10-22T09:44:03.117+0000] {logging_mixin.py:190} INFO - [2024-10-22T09:44:03.117+0000] {dag.py:4180} INFO - Setting next_dagrun for dataset_s3_bucket_consumer to None, run_after=None
[2024-10-22T09:44:03.120+0000] {logging_mixin.py:190} INFO - [2024-10-22T09:44:03.119+0000] {dag.py:4180} INFO - Setting next_dagrun for dataset_s3_bucket_producer to None, run_after=None
[2024-10-22T09:44:03.154+0000] {processor.py:208} INFO - Processing /home/airflow/.local/lib/python3.12/site-packages/airflow/example_dags/example_dataset_alias.py took 0.653 seconds
