[2024-10-22T09:23:18.301+0000] {processor.py:186} INFO - Started process (PID=72) to work on /home/airflow/.local/lib/python3.12/site-packages/airflow/example_dags/example_complex.py
[2024-10-22T09:23:18.304+0000] {processor.py:914} INFO - Processing file /home/airflow/.local/lib/python3.12/site-packages/airflow/example_dags/example_complex.py for tasks to queue
[2024-10-22T09:23:18.310+0000] {logging_mixin.py:190} INFO - [2024-10-22T09:23:18.309+0000] {dagbag.py:588} INFO - Filling up the DagBag from /home/airflow/.local/lib/python3.12/site-packages/airflow/example_dags/example_complex.py
[2024-10-22T09:23:18.375+0000] {processor.py:925} INFO - DAG(s) 'example_complex' retrieved from /home/airflow/.local/lib/python3.12/site-packages/airflow/example_dags/example_complex.py
[2024-10-22T09:23:18.468+0000] {logging_mixin.py:190} INFO - [2024-10-22T09:23:18.468+0000] {dag.py:3239} INFO - Sync 1 DAGs
[2024-10-22T09:23:18.502+0000] {logging_mixin.py:190} INFO - [2024-10-22T09:23:18.501+0000] {dag.py:4180} INFO - Setting next_dagrun for example_complex to None, run_after=None
[2024-10-22T09:23:20.116+0000] {processor.py:208} INFO - Processing /home/airflow/.local/lib/python3.12/site-packages/airflow/example_dags/example_complex.py took 1.831 seconds
[2024-10-22T09:23:55.375+0000] {processor.py:186} INFO - Started process (PID=134) to work on /home/airflow/.local/lib/python3.12/site-packages/airflow/example_dags/example_complex.py
[2024-10-22T09:23:55.521+0000] {processor.py:914} INFO - Processing file /home/airflow/.local/lib/python3.12/site-packages/airflow/example_dags/example_complex.py for tasks to queue
[2024-10-22T09:23:55.618+0000] {logging_mixin.py:190} INFO - [2024-10-22T09:23:55.617+0000] {dagbag.py:588} INFO - Filling up the DagBag from /home/airflow/.local/lib/python3.12/site-packages/airflow/example_dags/example_complex.py
[2024-10-22T09:23:55.729+0000] {processor.py:925} INFO - DAG(s) 'example_complex' retrieved from /home/airflow/.local/lib/python3.12/site-packages/airflow/example_dags/example_complex.py
[2024-10-22T09:23:56.073+0000] {logging_mixin.py:190} INFO - [2024-10-22T09:23:56.060+0000] {dag.py:3239} INFO - Sync 1 DAGs
[2024-10-22T09:23:56.257+0000] {logging_mixin.py:190} INFO - [2024-10-22T09:23:56.246+0000] {dag.py:4180} INFO - Setting next_dagrun for example_complex to None, run_after=None
[2024-10-22T09:23:57.956+0000] {processor.py:208} INFO - Processing /home/airflow/.local/lib/python3.12/site-packages/airflow/example_dags/example_complex.py took 2.832 seconds
[2024-10-22T09:24:36.589+0000] {processor.py:186} INFO - Started process (PID=197) to work on /home/airflow/.local/lib/python3.12/site-packages/airflow/example_dags/example_complex.py
[2024-10-22T09:24:36.604+0000] {processor.py:914} INFO - Processing file /home/airflow/.local/lib/python3.12/site-packages/airflow/example_dags/example_complex.py for tasks to queue
[2024-10-22T09:24:36.632+0000] {logging_mixin.py:190} INFO - [2024-10-22T09:24:36.631+0000] {dagbag.py:588} INFO - Filling up the DagBag from /home/airflow/.local/lib/python3.12/site-packages/airflow/example_dags/example_complex.py
[2024-10-22T09:24:36.762+0000] {processor.py:925} INFO - DAG(s) 'example_complex' retrieved from /home/airflow/.local/lib/python3.12/site-packages/airflow/example_dags/example_complex.py
[2024-10-22T09:24:37.119+0000] {logging_mixin.py:190} INFO - [2024-10-22T09:24:37.117+0000] {dag.py:3239} INFO - Sync 1 DAGs
[2024-10-22T09:24:37.345+0000] {logging_mixin.py:190} INFO - [2024-10-22T09:24:37.344+0000] {dag.py:4180} INFO - Setting next_dagrun for example_complex to None, run_after=None
[2024-10-22T09:24:37.777+0000] {processor.py:208} INFO - Processing /home/airflow/.local/lib/python3.12/site-packages/airflow/example_dags/example_complex.py took 1.269 seconds
[2024-10-22T09:25:13.413+0000] {processor.py:186} INFO - Started process (PID=265) to work on /home/airflow/.local/lib/python3.12/site-packages/airflow/example_dags/example_complex.py
[2024-10-22T09:25:13.416+0000] {processor.py:914} INFO - Processing file /home/airflow/.local/lib/python3.12/site-packages/airflow/example_dags/example_complex.py for tasks to queue
[2024-10-22T09:25:13.447+0000] {logging_mixin.py:190} INFO - [2024-10-22T09:25:13.445+0000] {dagbag.py:588} INFO - Filling up the DagBag from /home/airflow/.local/lib/python3.12/site-packages/airflow/example_dags/example_complex.py
[2024-10-22T09:25:13.576+0000] {processor.py:925} INFO - DAG(s) 'example_complex' retrieved from /home/airflow/.local/lib/python3.12/site-packages/airflow/example_dags/example_complex.py
[2024-10-22T09:25:13.918+0000] {logging_mixin.py:190} INFO - [2024-10-22T09:25:13.917+0000] {dag.py:3239} INFO - Sync 1 DAGs
[2024-10-22T09:25:14.076+0000] {logging_mixin.py:190} INFO - [2024-10-22T09:25:14.076+0000] {dag.py:4180} INFO - Setting next_dagrun for example_complex to None, run_after=None
[2024-10-22T09:25:14.269+0000] {processor.py:208} INFO - Processing /home/airflow/.local/lib/python3.12/site-packages/airflow/example_dags/example_complex.py took 0.932 seconds
[2024-10-22T09:25:45.122+0000] {processor.py:186} INFO - Started process (PID=327) to work on /home/airflow/.local/lib/python3.12/site-packages/airflow/example_dags/example_complex.py
[2024-10-22T09:25:45.125+0000] {processor.py:914} INFO - Processing file /home/airflow/.local/lib/python3.12/site-packages/airflow/example_dags/example_complex.py for tasks to queue
[2024-10-22T09:25:45.145+0000] {logging_mixin.py:190} INFO - [2024-10-22T09:25:45.144+0000] {dagbag.py:588} INFO - Filling up the DagBag from /home/airflow/.local/lib/python3.12/site-packages/airflow/example_dags/example_complex.py
[2024-10-22T09:25:45.270+0000] {processor.py:925} INFO - DAG(s) 'example_complex' retrieved from /home/airflow/.local/lib/python3.12/site-packages/airflow/example_dags/example_complex.py
[2024-10-22T09:25:45.419+0000] {logging_mixin.py:190} INFO - [2024-10-22T09:25:45.418+0000] {dag.py:3239} INFO - Sync 1 DAGs
[2024-10-22T09:25:45.480+0000] {logging_mixin.py:190} INFO - [2024-10-22T09:25:45.479+0000] {dag.py:4180} INFO - Setting next_dagrun for example_complex to None, run_after=None
[2024-10-22T09:25:45.574+0000] {processor.py:208} INFO - Processing /home/airflow/.local/lib/python3.12/site-packages/airflow/example_dags/example_complex.py took 0.503 seconds
[2024-10-22T09:26:16.373+0000] {processor.py:186} INFO - Started process (PID=390) to work on /home/airflow/.local/lib/python3.12/site-packages/airflow/example_dags/example_complex.py
[2024-10-22T09:26:16.387+0000] {processor.py:914} INFO - Processing file /home/airflow/.local/lib/python3.12/site-packages/airflow/example_dags/example_complex.py for tasks to queue
[2024-10-22T09:26:16.406+0000] {logging_mixin.py:190} INFO - [2024-10-22T09:26:16.405+0000] {dagbag.py:588} INFO - Filling up the DagBag from /home/airflow/.local/lib/python3.12/site-packages/airflow/example_dags/example_complex.py
[2024-10-22T09:26:16.553+0000] {processor.py:925} INFO - DAG(s) 'example_complex' retrieved from /home/airflow/.local/lib/python3.12/site-packages/airflow/example_dags/example_complex.py
[2024-10-22T09:26:16.871+0000] {logging_mixin.py:190} INFO - [2024-10-22T09:26:16.871+0000] {dag.py:3239} INFO - Sync 1 DAGs
[2024-10-22T09:26:17.043+0000] {logging_mixin.py:190} INFO - [2024-10-22T09:26:17.042+0000] {dag.py:4180} INFO - Setting next_dagrun for example_complex to None, run_after=None
[2024-10-22T09:26:17.117+0000] {processor.py:208} INFO - Processing /home/airflow/.local/lib/python3.12/site-packages/airflow/example_dags/example_complex.py took 0.786 seconds
[2024-10-22T09:26:59.629+0000] {processor.py:186} INFO - Started process (PID=456) to work on /home/airflow/.local/lib/python3.12/site-packages/airflow/example_dags/example_complex.py
[2024-10-22T09:26:59.634+0000] {processor.py:914} INFO - Processing file /home/airflow/.local/lib/python3.12/site-packages/airflow/example_dags/example_complex.py for tasks to queue
[2024-10-22T09:26:59.642+0000] {logging_mixin.py:190} INFO - [2024-10-22T09:26:59.642+0000] {dagbag.py:588} INFO - Filling up the DagBag from /home/airflow/.local/lib/python3.12/site-packages/airflow/example_dags/example_complex.py
[2024-10-22T09:26:59.681+0000] {processor.py:925} INFO - DAG(s) 'example_complex' retrieved from /home/airflow/.local/lib/python3.12/site-packages/airflow/example_dags/example_complex.py
[2024-10-22T09:26:59.875+0000] {logging_mixin.py:190} INFO - [2024-10-22T09:26:59.874+0000] {dag.py:3239} INFO - Sync 1 DAGs
[2024-10-22T09:26:59.972+0000] {logging_mixin.py:190} INFO - [2024-10-22T09:26:59.972+0000] {dag.py:4180} INFO - Setting next_dagrun for example_complex to None, run_after=None
[2024-10-22T09:27:00.120+0000] {processor.py:208} INFO - Processing /home/airflow/.local/lib/python3.12/site-packages/airflow/example_dags/example_complex.py took 0.516 seconds
[2024-10-22T09:27:32.125+0000] {processor.py:186} INFO - Started process (PID=517) to work on /home/airflow/.local/lib/python3.12/site-packages/airflow/example_dags/example_complex.py
[2024-10-22T09:27:32.128+0000] {processor.py:914} INFO - Processing file /home/airflow/.local/lib/python3.12/site-packages/airflow/example_dags/example_complex.py for tasks to queue
[2024-10-22T09:27:32.143+0000] {logging_mixin.py:190} INFO - [2024-10-22T09:27:32.142+0000] {dagbag.py:588} INFO - Filling up the DagBag from /home/airflow/.local/lib/python3.12/site-packages/airflow/example_dags/example_complex.py
[2024-10-22T09:27:32.202+0000] {processor.py:925} INFO - DAG(s) 'example_complex' retrieved from /home/airflow/.local/lib/python3.12/site-packages/airflow/example_dags/example_complex.py
[2024-10-22T09:27:32.350+0000] {logging_mixin.py:190} INFO - [2024-10-22T09:27:32.350+0000] {dag.py:3239} INFO - Sync 1 DAGs
[2024-10-22T09:27:32.411+0000] {logging_mixin.py:190} INFO - [2024-10-22T09:27:32.411+0000] {dag.py:4180} INFO - Setting next_dagrun for example_complex to None, run_after=None
[2024-10-22T09:27:32.489+0000] {processor.py:208} INFO - Processing /home/airflow/.local/lib/python3.12/site-packages/airflow/example_dags/example_complex.py took 0.393 seconds
[2024-10-22T09:28:03.284+0000] {processor.py:186} INFO - Started process (PID=579) to work on /home/airflow/.local/lib/python3.12/site-packages/airflow/example_dags/example_complex.py
[2024-10-22T09:28:03.287+0000] {processor.py:914} INFO - Processing file /home/airflow/.local/lib/python3.12/site-packages/airflow/example_dags/example_complex.py for tasks to queue
[2024-10-22T09:28:03.293+0000] {logging_mixin.py:190} INFO - [2024-10-22T09:28:03.292+0000] {dagbag.py:588} INFO - Filling up the DagBag from /home/airflow/.local/lib/python3.12/site-packages/airflow/example_dags/example_complex.py
[2024-10-22T09:28:03.321+0000] {processor.py:925} INFO - DAG(s) 'example_complex' retrieved from /home/airflow/.local/lib/python3.12/site-packages/airflow/example_dags/example_complex.py
[2024-10-22T09:28:03.406+0000] {logging_mixin.py:190} INFO - [2024-10-22T09:28:03.405+0000] {dag.py:3239} INFO - Sync 1 DAGs
[2024-10-22T09:28:03.441+0000] {logging_mixin.py:190} INFO - [2024-10-22T09:28:03.441+0000] {dag.py:4180} INFO - Setting next_dagrun for example_complex to None, run_after=None
[2024-10-22T09:28:03.489+0000] {processor.py:208} INFO - Processing /home/airflow/.local/lib/python3.12/site-packages/airflow/example_dags/example_complex.py took 0.219 seconds
[2024-10-22T09:28:34.590+0000] {processor.py:186} INFO - Started process (PID=641) to work on /home/airflow/.local/lib/python3.12/site-packages/airflow/example_dags/example_complex.py
[2024-10-22T09:28:34.593+0000] {processor.py:914} INFO - Processing file /home/airflow/.local/lib/python3.12/site-packages/airflow/example_dags/example_complex.py for tasks to queue
[2024-10-22T09:28:34.601+0000] {logging_mixin.py:190} INFO - [2024-10-22T09:28:34.600+0000] {dagbag.py:588} INFO - Filling up the DagBag from /home/airflow/.local/lib/python3.12/site-packages/airflow/example_dags/example_complex.py
[2024-10-22T09:28:34.650+0000] {processor.py:925} INFO - DAG(s) 'example_complex' retrieved from /home/airflow/.local/lib/python3.12/site-packages/airflow/example_dags/example_complex.py
[2024-10-22T09:28:34.766+0000] {logging_mixin.py:190} INFO - [2024-10-22T09:28:34.765+0000] {dag.py:3239} INFO - Sync 1 DAGs
[2024-10-22T09:28:34.825+0000] {logging_mixin.py:190} INFO - [2024-10-22T09:28:34.825+0000] {dag.py:4180} INFO - Setting next_dagrun for example_complex to None, run_after=None
[2024-10-22T09:28:34.897+0000] {processor.py:208} INFO - Processing /home/airflow/.local/lib/python3.12/site-packages/airflow/example_dags/example_complex.py took 0.330 seconds
[2024-10-22T09:29:05.665+0000] {processor.py:186} INFO - Started process (PID=703) to work on /home/airflow/.local/lib/python3.12/site-packages/airflow/example_dags/example_complex.py
[2024-10-22T09:29:05.667+0000] {processor.py:914} INFO - Processing file /home/airflow/.local/lib/python3.12/site-packages/airflow/example_dags/example_complex.py for tasks to queue
[2024-10-22T09:29:05.674+0000] {logging_mixin.py:190} INFO - [2024-10-22T09:29:05.673+0000] {dagbag.py:588} INFO - Filling up the DagBag from /home/airflow/.local/lib/python3.12/site-packages/airflow/example_dags/example_complex.py
[2024-10-22T09:29:05.711+0000] {processor.py:925} INFO - DAG(s) 'example_complex' retrieved from /home/airflow/.local/lib/python3.12/site-packages/airflow/example_dags/example_complex.py
[2024-10-22T09:29:05.806+0000] {logging_mixin.py:190} INFO - [2024-10-22T09:29:05.806+0000] {dag.py:3239} INFO - Sync 1 DAGs
[2024-10-22T09:29:05.845+0000] {logging_mixin.py:190} INFO - [2024-10-22T09:29:05.845+0000] {dag.py:4180} INFO - Setting next_dagrun for example_complex to None, run_after=None
[2024-10-22T09:29:05.912+0000] {processor.py:208} INFO - Processing /home/airflow/.local/lib/python3.12/site-packages/airflow/example_dags/example_complex.py took 0.260 seconds
[2024-10-22T09:29:36.666+0000] {processor.py:186} INFO - Started process (PID=766) to work on /home/airflow/.local/lib/python3.12/site-packages/airflow/example_dags/example_complex.py
[2024-10-22T09:29:36.669+0000] {processor.py:914} INFO - Processing file /home/airflow/.local/lib/python3.12/site-packages/airflow/example_dags/example_complex.py for tasks to queue
[2024-10-22T09:29:36.675+0000] {logging_mixin.py:190} INFO - [2024-10-22T09:29:36.675+0000] {dagbag.py:588} INFO - Filling up the DagBag from /home/airflow/.local/lib/python3.12/site-packages/airflow/example_dags/example_complex.py
[2024-10-22T09:29:36.702+0000] {processor.py:925} INFO - DAG(s) 'example_complex' retrieved from /home/airflow/.local/lib/python3.12/site-packages/airflow/example_dags/example_complex.py
[2024-10-22T09:29:36.772+0000] {logging_mixin.py:190} INFO - [2024-10-22T09:29:36.772+0000] {dag.py:3239} INFO - Sync 1 DAGs
[2024-10-22T09:29:36.817+0000] {logging_mixin.py:190} INFO - [2024-10-22T09:29:36.817+0000] {dag.py:4180} INFO - Setting next_dagrun for example_complex to None, run_after=None
[2024-10-22T09:29:36.862+0000] {processor.py:208} INFO - Processing /home/airflow/.local/lib/python3.12/site-packages/airflow/example_dags/example_complex.py took 0.208 seconds
[2024-10-22T09:30:07.090+0000] {processor.py:186} INFO - Started process (PID=827) to work on /home/airflow/.local/lib/python3.12/site-packages/airflow/example_dags/example_complex.py
[2024-10-22T09:30:07.093+0000] {processor.py:914} INFO - Processing file /home/airflow/.local/lib/python3.12/site-packages/airflow/example_dags/example_complex.py for tasks to queue
[2024-10-22T09:30:07.100+0000] {logging_mixin.py:190} INFO - [2024-10-22T09:30:07.099+0000] {dagbag.py:588} INFO - Filling up the DagBag from /home/airflow/.local/lib/python3.12/site-packages/airflow/example_dags/example_complex.py
[2024-10-22T09:30:07.173+0000] {processor.py:925} INFO - DAG(s) 'example_complex' retrieved from /home/airflow/.local/lib/python3.12/site-packages/airflow/example_dags/example_complex.py
[2024-10-22T09:30:07.303+0000] {logging_mixin.py:190} INFO - [2024-10-22T09:30:07.302+0000] {dag.py:3239} INFO - Sync 1 DAGs
[2024-10-22T09:30:07.338+0000] {logging_mixin.py:190} INFO - [2024-10-22T09:30:07.337+0000] {dag.py:4180} INFO - Setting next_dagrun for example_complex to None, run_after=None
[2024-10-22T09:30:07.387+0000] {processor.py:208} INFO - Processing /home/airflow/.local/lib/python3.12/site-packages/airflow/example_dags/example_complex.py took 0.312 seconds
[2024-10-22T09:30:38.421+0000] {processor.py:186} INFO - Started process (PID=889) to work on /home/airflow/.local/lib/python3.12/site-packages/airflow/example_dags/example_complex.py
[2024-10-22T09:30:38.426+0000] {processor.py:914} INFO - Processing file /home/airflow/.local/lib/python3.12/site-packages/airflow/example_dags/example_complex.py for tasks to queue
[2024-10-22T09:30:38.434+0000] {logging_mixin.py:190} INFO - [2024-10-22T09:30:38.433+0000] {dagbag.py:588} INFO - Filling up the DagBag from /home/airflow/.local/lib/python3.12/site-packages/airflow/example_dags/example_complex.py
[2024-10-22T09:30:38.530+0000] {processor.py:925} INFO - DAG(s) 'example_complex' retrieved from /home/airflow/.local/lib/python3.12/site-packages/airflow/example_dags/example_complex.py
[2024-10-22T09:30:38.738+0000] {logging_mixin.py:190} INFO - [2024-10-22T09:30:38.737+0000] {dag.py:3239} INFO - Sync 1 DAGs
[2024-10-22T09:30:38.817+0000] {logging_mixin.py:190} INFO - [2024-10-22T09:30:38.817+0000] {dag.py:4180} INFO - Setting next_dagrun for example_complex to None, run_after=None
[2024-10-22T09:30:38.923+0000] {processor.py:208} INFO - Processing /home/airflow/.local/lib/python3.12/site-packages/airflow/example_dags/example_complex.py took 0.525 seconds
[2024-10-22T09:31:10.892+0000] {processor.py:186} INFO - Started process (PID=951) to work on /home/airflow/.local/lib/python3.12/site-packages/airflow/example_dags/example_complex.py
[2024-10-22T09:31:10.898+0000] {processor.py:914} INFO - Processing file /home/airflow/.local/lib/python3.12/site-packages/airflow/example_dags/example_complex.py for tasks to queue
[2024-10-22T09:31:10.914+0000] {logging_mixin.py:190} INFO - [2024-10-22T09:31:10.914+0000] {dagbag.py:588} INFO - Filling up the DagBag from /home/airflow/.local/lib/python3.12/site-packages/airflow/example_dags/example_complex.py
[2024-10-22T09:31:11.022+0000] {processor.py:925} INFO - DAG(s) 'example_complex' retrieved from /home/airflow/.local/lib/python3.12/site-packages/airflow/example_dags/example_complex.py
[2024-10-22T09:31:11.296+0000] {logging_mixin.py:190} INFO - [2024-10-22T09:31:11.296+0000] {dag.py:3239} INFO - Sync 1 DAGs
[2024-10-22T09:31:11.416+0000] {logging_mixin.py:190} INFO - [2024-10-22T09:31:11.405+0000] {dag.py:4180} INFO - Setting next_dagrun for example_complex to None, run_after=None
[2024-10-22T09:31:12.035+0000] {processor.py:208} INFO - Processing /home/airflow/.local/lib/python3.12/site-packages/airflow/example_dags/example_complex.py took 1.199 seconds
[2024-10-22T09:31:47.163+0000] {processor.py:186} INFO - Started process (PID=1013) to work on /home/airflow/.local/lib/python3.12/site-packages/airflow/example_dags/example_complex.py
[2024-10-22T09:31:47.178+0000] {processor.py:914} INFO - Processing file /home/airflow/.local/lib/python3.12/site-packages/airflow/example_dags/example_complex.py for tasks to queue
[2024-10-22T09:31:47.194+0000] {logging_mixin.py:190} INFO - [2024-10-22T09:31:47.193+0000] {dagbag.py:588} INFO - Filling up the DagBag from /home/airflow/.local/lib/python3.12/site-packages/airflow/example_dags/example_complex.py
[2024-10-22T09:31:47.296+0000] {processor.py:925} INFO - DAG(s) 'example_complex' retrieved from /home/airflow/.local/lib/python3.12/site-packages/airflow/example_dags/example_complex.py
[2024-10-22T09:31:47.572+0000] {logging_mixin.py:190} INFO - [2024-10-22T09:31:47.571+0000] {dag.py:3239} INFO - Sync 1 DAGs
[2024-10-22T09:31:47.684+0000] {logging_mixin.py:190} INFO - [2024-10-22T09:31:47.683+0000] {dag.py:4180} INFO - Setting next_dagrun for example_complex to None, run_after=None
[2024-10-22T09:31:47.814+0000] {processor.py:208} INFO - Processing /home/airflow/.local/lib/python3.12/site-packages/airflow/example_dags/example_complex.py took 0.700 seconds
[2024-10-22T09:32:24.935+0000] {processor.py:186} INFO - Started process (PID=1067) to work on /home/airflow/.local/lib/python3.12/site-packages/airflow/example_dags/example_complex.py
[2024-10-22T09:32:24.938+0000] {processor.py:914} INFO - Processing file /home/airflow/.local/lib/python3.12/site-packages/airflow/example_dags/example_complex.py for tasks to queue
[2024-10-22T09:32:24.956+0000] {logging_mixin.py:190} INFO - [2024-10-22T09:32:24.955+0000] {dagbag.py:588} INFO - Filling up the DagBag from /home/airflow/.local/lib/python3.12/site-packages/airflow/example_dags/example_complex.py
[2024-10-22T09:32:25.065+0000] {processor.py:925} INFO - DAG(s) 'example_complex' retrieved from /home/airflow/.local/lib/python3.12/site-packages/airflow/example_dags/example_complex.py
[2024-10-22T09:32:25.329+0000] {logging_mixin.py:190} INFO - [2024-10-22T09:32:25.329+0000] {dag.py:3239} INFO - Sync 1 DAGs
[2024-10-22T09:32:25.445+0000] {logging_mixin.py:190} INFO - [2024-10-22T09:32:25.444+0000] {dag.py:4180} INFO - Setting next_dagrun for example_complex to None, run_after=None
[2024-10-22T09:32:25.539+0000] {processor.py:208} INFO - Processing /home/airflow/.local/lib/python3.12/site-packages/airflow/example_dags/example_complex.py took 0.652 seconds
[2024-10-22T09:33:02.343+0000] {processor.py:186} INFO - Started process (PID=1129) to work on /home/airflow/.local/lib/python3.12/site-packages/airflow/example_dags/example_complex.py
[2024-10-22T09:33:02.345+0000] {processor.py:914} INFO - Processing file /home/airflow/.local/lib/python3.12/site-packages/airflow/example_dags/example_complex.py for tasks to queue
[2024-10-22T09:33:02.352+0000] {logging_mixin.py:190} INFO - [2024-10-22T09:33:02.351+0000] {dagbag.py:588} INFO - Filling up the DagBag from /home/airflow/.local/lib/python3.12/site-packages/airflow/example_dags/example_complex.py
[2024-10-22T09:33:02.393+0000] {processor.py:925} INFO - DAG(s) 'example_complex' retrieved from /home/airflow/.local/lib/python3.12/site-packages/airflow/example_dags/example_complex.py
[2024-10-22T09:33:02.525+0000] {logging_mixin.py:190} INFO - [2024-10-22T09:33:02.524+0000] {dag.py:3239} INFO - Sync 1 DAGs
[2024-10-22T09:33:02.563+0000] {logging_mixin.py:190} INFO - [2024-10-22T09:33:02.563+0000] {dag.py:4180} INFO - Setting next_dagrun for example_complex to None, run_after=None
[2024-10-22T09:33:02.605+0000] {processor.py:208} INFO - Processing /home/airflow/.local/lib/python3.12/site-packages/airflow/example_dags/example_complex.py took 0.281 seconds
[2024-10-22T09:33:33.533+0000] {processor.py:186} INFO - Started process (PID=1191) to work on /home/airflow/.local/lib/python3.12/site-packages/airflow/example_dags/example_complex.py
[2024-10-22T09:33:33.537+0000] {processor.py:914} INFO - Processing file /home/airflow/.local/lib/python3.12/site-packages/airflow/example_dags/example_complex.py for tasks to queue
[2024-10-22T09:33:33.548+0000] {logging_mixin.py:190} INFO - [2024-10-22T09:33:33.547+0000] {dagbag.py:588} INFO - Filling up the DagBag from /home/airflow/.local/lib/python3.12/site-packages/airflow/example_dags/example_complex.py
[2024-10-22T09:33:33.594+0000] {processor.py:925} INFO - DAG(s) 'example_complex' retrieved from /home/airflow/.local/lib/python3.12/site-packages/airflow/example_dags/example_complex.py
[2024-10-22T09:33:33.729+0000] {logging_mixin.py:190} INFO - [2024-10-22T09:33:33.728+0000] {dag.py:3239} INFO - Sync 1 DAGs
[2024-10-22T09:33:33.775+0000] {logging_mixin.py:190} INFO - [2024-10-22T09:33:33.775+0000] {dag.py:4180} INFO - Setting next_dagrun for example_complex to None, run_after=None
[2024-10-22T09:33:33.827+0000] {processor.py:208} INFO - Processing /home/airflow/.local/lib/python3.12/site-packages/airflow/example_dags/example_complex.py took 0.325 seconds
[2024-10-22T09:34:04.674+0000] {processor.py:186} INFO - Started process (PID=1252) to work on /home/airflow/.local/lib/python3.12/site-packages/airflow/example_dags/example_complex.py
[2024-10-22T09:34:04.682+0000] {processor.py:914} INFO - Processing file /home/airflow/.local/lib/python3.12/site-packages/airflow/example_dags/example_complex.py for tasks to queue
[2024-10-22T09:34:04.688+0000] {logging_mixin.py:190} INFO - [2024-10-22T09:34:04.688+0000] {dagbag.py:588} INFO - Filling up the DagBag from /home/airflow/.local/lib/python3.12/site-packages/airflow/example_dags/example_complex.py
[2024-10-22T09:34:04.713+0000] {processor.py:925} INFO - DAG(s) 'example_complex' retrieved from /home/airflow/.local/lib/python3.12/site-packages/airflow/example_dags/example_complex.py
[2024-10-22T09:34:04.780+0000] {logging_mixin.py:190} INFO - [2024-10-22T09:34:04.780+0000] {dag.py:3239} INFO - Sync 1 DAGs
[2024-10-22T09:34:04.807+0000] {logging_mixin.py:190} INFO - [2024-10-22T09:34:04.807+0000] {dag.py:4180} INFO - Setting next_dagrun for example_complex to None, run_after=None
[2024-10-22T09:34:04.842+0000] {processor.py:208} INFO - Processing /home/airflow/.local/lib/python3.12/site-packages/airflow/example_dags/example_complex.py took 0.184 seconds
[2024-10-22T09:34:35.741+0000] {processor.py:186} INFO - Started process (PID=1315) to work on /home/airflow/.local/lib/python3.12/site-packages/airflow/example_dags/example_complex.py
[2024-10-22T09:34:35.744+0000] {processor.py:914} INFO - Processing file /home/airflow/.local/lib/python3.12/site-packages/airflow/example_dags/example_complex.py for tasks to queue
[2024-10-22T09:34:35.751+0000] {logging_mixin.py:190} INFO - [2024-10-22T09:34:35.750+0000] {dagbag.py:588} INFO - Filling up the DagBag from /home/airflow/.local/lib/python3.12/site-packages/airflow/example_dags/example_complex.py
[2024-10-22T09:34:35.792+0000] {processor.py:925} INFO - DAG(s) 'example_complex' retrieved from /home/airflow/.local/lib/python3.12/site-packages/airflow/example_dags/example_complex.py
[2024-10-22T09:34:35.925+0000] {logging_mixin.py:190} INFO - [2024-10-22T09:34:35.924+0000] {dag.py:3239} INFO - Sync 1 DAGs
[2024-10-22T09:34:35.968+0000] {logging_mixin.py:190} INFO - [2024-10-22T09:34:35.967+0000] {dag.py:4180} INFO - Setting next_dagrun for example_complex to None, run_after=None
[2024-10-22T09:34:36.018+0000] {processor.py:208} INFO - Processing /home/airflow/.local/lib/python3.12/site-packages/airflow/example_dags/example_complex.py took 0.297 seconds
[2024-10-22T09:35:06.219+0000] {processor.py:186} INFO - Started process (PID=1376) to work on /home/airflow/.local/lib/python3.12/site-packages/airflow/example_dags/example_complex.py
[2024-10-22T09:35:06.222+0000] {processor.py:914} INFO - Processing file /home/airflow/.local/lib/python3.12/site-packages/airflow/example_dags/example_complex.py for tasks to queue
[2024-10-22T09:35:06.228+0000] {logging_mixin.py:190} INFO - [2024-10-22T09:35:06.227+0000] {dagbag.py:588} INFO - Filling up the DagBag from /home/airflow/.local/lib/python3.12/site-packages/airflow/example_dags/example_complex.py
[2024-10-22T09:35:06.266+0000] {processor.py:925} INFO - DAG(s) 'example_complex' retrieved from /home/airflow/.local/lib/python3.12/site-packages/airflow/example_dags/example_complex.py
[2024-10-22T09:35:06.322+0000] {logging_mixin.py:190} INFO - [2024-10-22T09:35:06.321+0000] {dag.py:3239} INFO - Sync 1 DAGs
[2024-10-22T09:35:06.351+0000] {logging_mixin.py:190} INFO - [2024-10-22T09:35:06.350+0000] {dag.py:4180} INFO - Setting next_dagrun for example_complex to None, run_after=None
[2024-10-22T09:35:06.383+0000] {processor.py:208} INFO - Processing /home/airflow/.local/lib/python3.12/site-packages/airflow/example_dags/example_complex.py took 0.177 seconds
[2024-10-22T09:35:36.559+0000] {processor.py:186} INFO - Started process (PID=1438) to work on /home/airflow/.local/lib/python3.12/site-packages/airflow/example_dags/example_complex.py
[2024-10-22T09:35:36.561+0000] {processor.py:914} INFO - Processing file /home/airflow/.local/lib/python3.12/site-packages/airflow/example_dags/example_complex.py for tasks to queue
[2024-10-22T09:35:36.565+0000] {logging_mixin.py:190} INFO - [2024-10-22T09:35:36.565+0000] {dagbag.py:588} INFO - Filling up the DagBag from /home/airflow/.local/lib/python3.12/site-packages/airflow/example_dags/example_complex.py
[2024-10-22T09:35:36.586+0000] {processor.py:925} INFO - DAG(s) 'example_complex' retrieved from /home/airflow/.local/lib/python3.12/site-packages/airflow/example_dags/example_complex.py
[2024-10-22T09:35:36.639+0000] {logging_mixin.py:190} INFO - [2024-10-22T09:35:36.639+0000] {dag.py:3239} INFO - Sync 1 DAGs
[2024-10-22T09:35:36.665+0000] {logging_mixin.py:190} INFO - [2024-10-22T09:35:36.664+0000] {dag.py:4180} INFO - Setting next_dagrun for example_complex to None, run_after=None
[2024-10-22T09:35:36.699+0000] {processor.py:208} INFO - Processing /home/airflow/.local/lib/python3.12/site-packages/airflow/example_dags/example_complex.py took 0.150 seconds
[2024-10-22T09:36:07.376+0000] {processor.py:186} INFO - Started process (PID=1500) to work on /home/airflow/.local/lib/python3.12/site-packages/airflow/example_dags/example_complex.py
[2024-10-22T09:36:07.381+0000] {processor.py:914} INFO - Processing file /home/airflow/.local/lib/python3.12/site-packages/airflow/example_dags/example_complex.py for tasks to queue
[2024-10-22T09:36:07.392+0000] {logging_mixin.py:190} INFO - [2024-10-22T09:36:07.391+0000] {dagbag.py:588} INFO - Filling up the DagBag from /home/airflow/.local/lib/python3.12/site-packages/airflow/example_dags/example_complex.py
[2024-10-22T09:36:07.420+0000] {processor.py:925} INFO - DAG(s) 'example_complex' retrieved from /home/airflow/.local/lib/python3.12/site-packages/airflow/example_dags/example_complex.py
[2024-10-22T09:36:07.506+0000] {logging_mixin.py:190} INFO - [2024-10-22T09:36:07.505+0000] {dag.py:3239} INFO - Sync 1 DAGs
[2024-10-22T09:36:07.536+0000] {logging_mixin.py:190} INFO - [2024-10-22T09:36:07.536+0000] {dag.py:4180} INFO - Setting next_dagrun for example_complex to None, run_after=None
[2024-10-22T09:36:07.576+0000] {processor.py:208} INFO - Processing /home/airflow/.local/lib/python3.12/site-packages/airflow/example_dags/example_complex.py took 0.216 seconds
[2024-10-22T09:36:37.859+0000] {processor.py:186} INFO - Started process (PID=1563) to work on /home/airflow/.local/lib/python3.12/site-packages/airflow/example_dags/example_complex.py
[2024-10-22T09:36:37.861+0000] {processor.py:914} INFO - Processing file /home/airflow/.local/lib/python3.12/site-packages/airflow/example_dags/example_complex.py for tasks to queue
[2024-10-22T09:36:37.867+0000] {logging_mixin.py:190} INFO - [2024-10-22T09:36:37.866+0000] {dagbag.py:588} INFO - Filling up the DagBag from /home/airflow/.local/lib/python3.12/site-packages/airflow/example_dags/example_complex.py
[2024-10-22T09:36:37.900+0000] {processor.py:925} INFO - DAG(s) 'example_complex' retrieved from /home/airflow/.local/lib/python3.12/site-packages/airflow/example_dags/example_complex.py
[2024-10-22T09:36:37.968+0000] {logging_mixin.py:190} INFO - [2024-10-22T09:36:37.967+0000] {dag.py:3239} INFO - Sync 1 DAGs
[2024-10-22T09:36:37.997+0000] {logging_mixin.py:190} INFO - [2024-10-22T09:36:37.997+0000] {dag.py:4180} INFO - Setting next_dagrun for example_complex to None, run_after=None
[2024-10-22T09:36:38.038+0000] {processor.py:208} INFO - Processing /home/airflow/.local/lib/python3.12/site-packages/airflow/example_dags/example_complex.py took 0.193 seconds
[2024-10-22T09:37:08.870+0000] {processor.py:186} INFO - Started process (PID=1625) to work on /home/airflow/.local/lib/python3.12/site-packages/airflow/example_dags/example_complex.py
[2024-10-22T09:37:08.874+0000] {processor.py:914} INFO - Processing file /home/airflow/.local/lib/python3.12/site-packages/airflow/example_dags/example_complex.py for tasks to queue
[2024-10-22T09:37:08.893+0000] {logging_mixin.py:190} INFO - [2024-10-22T09:37:08.888+0000] {dagbag.py:588} INFO - Filling up the DagBag from /home/airflow/.local/lib/python3.12/site-packages/airflow/example_dags/example_complex.py
[2024-10-22T09:37:08.969+0000] {processor.py:925} INFO - DAG(s) 'example_complex' retrieved from /home/airflow/.local/lib/python3.12/site-packages/airflow/example_dags/example_complex.py
[2024-10-22T09:37:09.078+0000] {logging_mixin.py:190} INFO - [2024-10-22T09:37:09.077+0000] {dag.py:3239} INFO - Sync 1 DAGs
[2024-10-22T09:37:09.123+0000] {logging_mixin.py:190} INFO - [2024-10-22T09:37:09.123+0000] {dag.py:4180} INFO - Setting next_dagrun for example_complex to None, run_after=None
[2024-10-22T09:37:09.206+0000] {processor.py:208} INFO - Processing /home/airflow/.local/lib/python3.12/site-packages/airflow/example_dags/example_complex.py took 0.360 seconds
[2024-10-22T09:37:39.424+0000] {processor.py:186} INFO - Started process (PID=1687) to work on /home/airflow/.local/lib/python3.12/site-packages/airflow/example_dags/example_complex.py
[2024-10-22T09:37:39.426+0000] {processor.py:914} INFO - Processing file /home/airflow/.local/lib/python3.12/site-packages/airflow/example_dags/example_complex.py for tasks to queue
[2024-10-22T09:37:39.432+0000] {logging_mixin.py:190} INFO - [2024-10-22T09:37:39.431+0000] {dagbag.py:588} INFO - Filling up the DagBag from /home/airflow/.local/lib/python3.12/site-packages/airflow/example_dags/example_complex.py
[2024-10-22T09:37:39.457+0000] {processor.py:925} INFO - DAG(s) 'example_complex' retrieved from /home/airflow/.local/lib/python3.12/site-packages/airflow/example_dags/example_complex.py
[2024-10-22T09:37:39.524+0000] {logging_mixin.py:190} INFO - [2024-10-22T09:37:39.524+0000] {dag.py:3239} INFO - Sync 1 DAGs
[2024-10-22T09:37:39.578+0000] {logging_mixin.py:190} INFO - [2024-10-22T09:37:39.578+0000] {dag.py:4180} INFO - Setting next_dagrun for example_complex to None, run_after=None
[2024-10-22T09:37:39.629+0000] {processor.py:208} INFO - Processing /home/airflow/.local/lib/python3.12/site-packages/airflow/example_dags/example_complex.py took 0.220 seconds
[2024-10-22T09:38:10.018+0000] {processor.py:186} INFO - Started process (PID=1749) to work on /home/airflow/.local/lib/python3.12/site-packages/airflow/example_dags/example_complex.py
[2024-10-22T09:38:10.020+0000] {processor.py:914} INFO - Processing file /home/airflow/.local/lib/python3.12/site-packages/airflow/example_dags/example_complex.py for tasks to queue
[2024-10-22T09:38:10.027+0000] {logging_mixin.py:190} INFO - [2024-10-22T09:38:10.026+0000] {dagbag.py:588} INFO - Filling up the DagBag from /home/airflow/.local/lib/python3.12/site-packages/airflow/example_dags/example_complex.py
[2024-10-22T09:38:10.054+0000] {processor.py:925} INFO - DAG(s) 'example_complex' retrieved from /home/airflow/.local/lib/python3.12/site-packages/airflow/example_dags/example_complex.py
[2024-10-22T09:38:10.118+0000] {logging_mixin.py:190} INFO - [2024-10-22T09:38:10.117+0000] {dag.py:3239} INFO - Sync 1 DAGs
[2024-10-22T09:38:10.148+0000] {logging_mixin.py:190} INFO - [2024-10-22T09:38:10.148+0000] {dag.py:4180} INFO - Setting next_dagrun for example_complex to None, run_after=None
[2024-10-22T09:38:10.208+0000] {processor.py:208} INFO - Processing /home/airflow/.local/lib/python3.12/site-packages/airflow/example_dags/example_complex.py took 0.206 seconds
[2024-10-22T09:38:40.912+0000] {processor.py:186} INFO - Started process (PID=1811) to work on /home/airflow/.local/lib/python3.12/site-packages/airflow/example_dags/example_complex.py
[2024-10-22T09:38:40.915+0000] {processor.py:914} INFO - Processing file /home/airflow/.local/lib/python3.12/site-packages/airflow/example_dags/example_complex.py for tasks to queue
[2024-10-22T09:38:40.920+0000] {logging_mixin.py:190} INFO - [2024-10-22T09:38:40.919+0000] {dagbag.py:588} INFO - Filling up the DagBag from /home/airflow/.local/lib/python3.12/site-packages/airflow/example_dags/example_complex.py
[2024-10-22T09:38:40.946+0000] {processor.py:925} INFO - DAG(s) 'example_complex' retrieved from /home/airflow/.local/lib/python3.12/site-packages/airflow/example_dags/example_complex.py
[2024-10-22T09:38:41.012+0000] {logging_mixin.py:190} INFO - [2024-10-22T09:38:41.011+0000] {dag.py:3239} INFO - Sync 1 DAGs
[2024-10-22T09:38:41.039+0000] {logging_mixin.py:190} INFO - [2024-10-22T09:38:41.038+0000] {dag.py:4180} INFO - Setting next_dagrun for example_complex to None, run_after=None
[2024-10-22T09:38:41.079+0000] {processor.py:208} INFO - Processing /home/airflow/.local/lib/python3.12/site-packages/airflow/example_dags/example_complex.py took 0.183 seconds
[2024-10-22T09:39:11.204+0000] {processor.py:186} INFO - Started process (PID=1874) to work on /home/airflow/.local/lib/python3.12/site-packages/airflow/example_dags/example_complex.py
[2024-10-22T09:39:11.207+0000] {processor.py:914} INFO - Processing file /home/airflow/.local/lib/python3.12/site-packages/airflow/example_dags/example_complex.py for tasks to queue
[2024-10-22T09:39:11.215+0000] {logging_mixin.py:190} INFO - [2024-10-22T09:39:11.214+0000] {dagbag.py:588} INFO - Filling up the DagBag from /home/airflow/.local/lib/python3.12/site-packages/airflow/example_dags/example_complex.py
[2024-10-22T09:39:11.294+0000] {processor.py:925} INFO - DAG(s) 'example_complex' retrieved from /home/airflow/.local/lib/python3.12/site-packages/airflow/example_dags/example_complex.py
[2024-10-22T09:39:11.400+0000] {logging_mixin.py:190} INFO - [2024-10-22T09:39:11.399+0000] {dag.py:3239} INFO - Sync 1 DAGs
[2024-10-22T09:39:11.458+0000] {logging_mixin.py:190} INFO - [2024-10-22T09:39:11.456+0000] {dag.py:4180} INFO - Setting next_dagrun for example_complex to None, run_after=None
[2024-10-22T09:39:11.515+0000] {processor.py:208} INFO - Processing /home/airflow/.local/lib/python3.12/site-packages/airflow/example_dags/example_complex.py took 0.334 seconds
[2024-10-22T09:39:41.675+0000] {processor.py:186} INFO - Started process (PID=1936) to work on /home/airflow/.local/lib/python3.12/site-packages/airflow/example_dags/example_complex.py
[2024-10-22T09:39:41.677+0000] {processor.py:914} INFO - Processing file /home/airflow/.local/lib/python3.12/site-packages/airflow/example_dags/example_complex.py for tasks to queue
[2024-10-22T09:39:41.681+0000] {logging_mixin.py:190} INFO - [2024-10-22T09:39:41.681+0000] {dagbag.py:588} INFO - Filling up the DagBag from /home/airflow/.local/lib/python3.12/site-packages/airflow/example_dags/example_complex.py
[2024-10-22T09:39:41.704+0000] {processor.py:925} INFO - DAG(s) 'example_complex' retrieved from /home/airflow/.local/lib/python3.12/site-packages/airflow/example_dags/example_complex.py
[2024-10-22T09:39:41.764+0000] {logging_mixin.py:190} INFO - [2024-10-22T09:39:41.764+0000] {dag.py:3239} INFO - Sync 1 DAGs
[2024-10-22T09:39:41.793+0000] {logging_mixin.py:190} INFO - [2024-10-22T09:39:41.792+0000] {dag.py:4180} INFO - Setting next_dagrun for example_complex to None, run_after=None
[2024-10-22T09:39:41.835+0000] {processor.py:208} INFO - Processing /home/airflow/.local/lib/python3.12/site-packages/airflow/example_dags/example_complex.py took 0.173 seconds
[2024-10-22T09:40:12.779+0000] {processor.py:186} INFO - Started process (PID=1998) to work on /home/airflow/.local/lib/python3.12/site-packages/airflow/example_dags/example_complex.py
[2024-10-22T09:40:12.781+0000] {processor.py:914} INFO - Processing file /home/airflow/.local/lib/python3.12/site-packages/airflow/example_dags/example_complex.py for tasks to queue
[2024-10-22T09:40:12.786+0000] {logging_mixin.py:190} INFO - [2024-10-22T09:40:12.786+0000] {dagbag.py:588} INFO - Filling up the DagBag from /home/airflow/.local/lib/python3.12/site-packages/airflow/example_dags/example_complex.py
[2024-10-22T09:40:12.815+0000] {processor.py:925} INFO - DAG(s) 'example_complex' retrieved from /home/airflow/.local/lib/python3.12/site-packages/airflow/example_dags/example_complex.py
[2024-10-22T09:40:12.895+0000] {logging_mixin.py:190} INFO - [2024-10-22T09:40:12.895+0000] {dag.py:3239} INFO - Sync 1 DAGs
[2024-10-22T09:40:12.932+0000] {logging_mixin.py:190} INFO - [2024-10-22T09:40:12.932+0000] {dag.py:4180} INFO - Setting next_dagrun for example_complex to None, run_after=None
[2024-10-22T09:40:12.973+0000] {processor.py:208} INFO - Processing /home/airflow/.local/lib/python3.12/site-packages/airflow/example_dags/example_complex.py took 0.211 seconds
[2024-10-22T09:40:43.687+0000] {processor.py:186} INFO - Started process (PID=2060) to work on /home/airflow/.local/lib/python3.12/site-packages/airflow/example_dags/example_complex.py
[2024-10-22T09:40:43.689+0000] {processor.py:914} INFO - Processing file /home/airflow/.local/lib/python3.12/site-packages/airflow/example_dags/example_complex.py for tasks to queue
[2024-10-22T09:40:43.695+0000] {logging_mixin.py:190} INFO - [2024-10-22T09:40:43.694+0000] {dagbag.py:588} INFO - Filling up the DagBag from /home/airflow/.local/lib/python3.12/site-packages/airflow/example_dags/example_complex.py
[2024-10-22T09:40:43.727+0000] {processor.py:925} INFO - DAG(s) 'example_complex' retrieved from /home/airflow/.local/lib/python3.12/site-packages/airflow/example_dags/example_complex.py
[2024-10-22T09:40:43.791+0000] {logging_mixin.py:190} INFO - [2024-10-22T09:40:43.791+0000] {dag.py:3239} INFO - Sync 1 DAGs
[2024-10-22T09:40:43.821+0000] {logging_mixin.py:190} INFO - [2024-10-22T09:40:43.820+0000] {dag.py:4180} INFO - Setting next_dagrun for example_complex to None, run_after=None
[2024-10-22T09:40:43.854+0000] {processor.py:208} INFO - Processing /home/airflow/.local/lib/python3.12/site-packages/airflow/example_dags/example_complex.py took 0.177 seconds
[2024-10-22T09:41:14.158+0000] {processor.py:186} INFO - Started process (PID=2122) to work on /home/airflow/.local/lib/python3.12/site-packages/airflow/example_dags/example_complex.py
[2024-10-22T09:41:14.160+0000] {processor.py:914} INFO - Processing file /home/airflow/.local/lib/python3.12/site-packages/airflow/example_dags/example_complex.py for tasks to queue
[2024-10-22T09:41:14.166+0000] {logging_mixin.py:190} INFO - [2024-10-22T09:41:14.166+0000] {dagbag.py:588} INFO - Filling up the DagBag from /home/airflow/.local/lib/python3.12/site-packages/airflow/example_dags/example_complex.py
[2024-10-22T09:41:14.192+0000] {processor.py:925} INFO - DAG(s) 'example_complex' retrieved from /home/airflow/.local/lib/python3.12/site-packages/airflow/example_dags/example_complex.py
[2024-10-22T09:41:14.262+0000] {logging_mixin.py:190} INFO - [2024-10-22T09:41:14.261+0000] {dag.py:3239} INFO - Sync 1 DAGs
[2024-10-22T09:41:14.292+0000] {logging_mixin.py:190} INFO - [2024-10-22T09:41:14.292+0000] {dag.py:4180} INFO - Setting next_dagrun for example_complex to None, run_after=None
[2024-10-22T09:41:14.337+0000] {processor.py:208} INFO - Processing /home/airflow/.local/lib/python3.12/site-packages/airflow/example_dags/example_complex.py took 0.197 seconds
[2024-10-22T09:41:45.174+0000] {processor.py:186} INFO - Started process (PID=2184) to work on /home/airflow/.local/lib/python3.12/site-packages/airflow/example_dags/example_complex.py
[2024-10-22T09:41:45.176+0000] {processor.py:914} INFO - Processing file /home/airflow/.local/lib/python3.12/site-packages/airflow/example_dags/example_complex.py for tasks to queue
[2024-10-22T09:41:45.182+0000] {logging_mixin.py:190} INFO - [2024-10-22T09:41:45.181+0000] {dagbag.py:588} INFO - Filling up the DagBag from /home/airflow/.local/lib/python3.12/site-packages/airflow/example_dags/example_complex.py
[2024-10-22T09:41:45.207+0000] {processor.py:925} INFO - DAG(s) 'example_complex' retrieved from /home/airflow/.local/lib/python3.12/site-packages/airflow/example_dags/example_complex.py
[2024-10-22T09:41:45.276+0000] {logging_mixin.py:190} INFO - [2024-10-22T09:41:45.275+0000] {dag.py:3239} INFO - Sync 1 DAGs
[2024-10-22T09:41:45.303+0000] {logging_mixin.py:190} INFO - [2024-10-22T09:41:45.303+0000] {dag.py:4180} INFO - Setting next_dagrun for example_complex to None, run_after=None
[2024-10-22T09:41:45.340+0000] {processor.py:208} INFO - Processing /home/airflow/.local/lib/python3.12/site-packages/airflow/example_dags/example_complex.py took 0.178 seconds
[2024-10-22T09:42:16.072+0000] {processor.py:186} INFO - Started process (PID=2246) to work on /home/airflow/.local/lib/python3.12/site-packages/airflow/example_dags/example_complex.py
[2024-10-22T09:42:16.073+0000] {processor.py:914} INFO - Processing file /home/airflow/.local/lib/python3.12/site-packages/airflow/example_dags/example_complex.py for tasks to queue
[2024-10-22T09:42:16.078+0000] {logging_mixin.py:190} INFO - [2024-10-22T09:42:16.078+0000] {dagbag.py:588} INFO - Filling up the DagBag from /home/airflow/.local/lib/python3.12/site-packages/airflow/example_dags/example_complex.py
[2024-10-22T09:42:16.107+0000] {processor.py:925} INFO - DAG(s) 'example_complex' retrieved from /home/airflow/.local/lib/python3.12/site-packages/airflow/example_dags/example_complex.py
[2024-10-22T09:42:16.176+0000] {logging_mixin.py:190} INFO - [2024-10-22T09:42:16.176+0000] {dag.py:3239} INFO - Sync 1 DAGs
[2024-10-22T09:42:16.204+0000] {logging_mixin.py:190} INFO - [2024-10-22T09:42:16.203+0000] {dag.py:4180} INFO - Setting next_dagrun for example_complex to None, run_after=None
[2024-10-22T09:42:16.677+0000] {processor.py:208} INFO - Processing /home/airflow/.local/lib/python3.12/site-packages/airflow/example_dags/example_complex.py took 0.617 seconds
[2024-10-22T09:42:46.900+0000] {processor.py:186} INFO - Started process (PID=2309) to work on /home/airflow/.local/lib/python3.12/site-packages/airflow/example_dags/example_complex.py
[2024-10-22T09:42:46.902+0000] {processor.py:914} INFO - Processing file /home/airflow/.local/lib/python3.12/site-packages/airflow/example_dags/example_complex.py for tasks to queue
[2024-10-22T09:42:46.908+0000] {logging_mixin.py:190} INFO - [2024-10-22T09:42:46.907+0000] {dagbag.py:588} INFO - Filling up the DagBag from /home/airflow/.local/lib/python3.12/site-packages/airflow/example_dags/example_complex.py
[2024-10-22T09:42:46.935+0000] {processor.py:925} INFO - DAG(s) 'example_complex' retrieved from /home/airflow/.local/lib/python3.12/site-packages/airflow/example_dags/example_complex.py
[2024-10-22T09:42:46.999+0000] {logging_mixin.py:190} INFO - [2024-10-22T09:42:46.998+0000] {dag.py:3239} INFO - Sync 1 DAGs
[2024-10-22T09:42:47.023+0000] {logging_mixin.py:190} INFO - [2024-10-22T09:42:47.023+0000] {dag.py:4180} INFO - Setting next_dagrun for example_complex to None, run_after=None
[2024-10-22T09:42:47.053+0000] {processor.py:208} INFO - Processing /home/airflow/.local/lib/python3.12/site-packages/airflow/example_dags/example_complex.py took 0.169 seconds
[2024-10-22T09:43:17.856+0000] {processor.py:186} INFO - Started process (PID=2371) to work on /home/airflow/.local/lib/python3.12/site-packages/airflow/example_dags/example_complex.py
[2024-10-22T09:43:17.858+0000] {processor.py:914} INFO - Processing file /home/airflow/.local/lib/python3.12/site-packages/airflow/example_dags/example_complex.py for tasks to queue
[2024-10-22T09:43:17.865+0000] {logging_mixin.py:190} INFO - [2024-10-22T09:43:17.864+0000] {dagbag.py:588} INFO - Filling up the DagBag from /home/airflow/.local/lib/python3.12/site-packages/airflow/example_dags/example_complex.py
[2024-10-22T09:43:17.909+0000] {processor.py:925} INFO - DAG(s) 'example_complex' retrieved from /home/airflow/.local/lib/python3.12/site-packages/airflow/example_dags/example_complex.py
[2024-10-22T09:43:18.005+0000] {logging_mixin.py:190} INFO - [2024-10-22T09:43:18.005+0000] {dag.py:3239} INFO - Sync 1 DAGs
[2024-10-22T09:43:18.042+0000] {logging_mixin.py:190} INFO - [2024-10-22T09:43:18.042+0000] {dag.py:4180} INFO - Setting next_dagrun for example_complex to None, run_after=None
[2024-10-22T09:43:18.087+0000] {processor.py:208} INFO - Processing /home/airflow/.local/lib/python3.12/site-packages/airflow/example_dags/example_complex.py took 0.249 seconds
[2024-10-22T09:43:48.477+0000] {processor.py:186} INFO - Started process (PID=2433) to work on /home/airflow/.local/lib/python3.12/site-packages/airflow/example_dags/example_complex.py
[2024-10-22T09:43:48.479+0000] {processor.py:914} INFO - Processing file /home/airflow/.local/lib/python3.12/site-packages/airflow/example_dags/example_complex.py for tasks to queue
[2024-10-22T09:43:48.483+0000] {logging_mixin.py:190} INFO - [2024-10-22T09:43:48.482+0000] {dagbag.py:588} INFO - Filling up the DagBag from /home/airflow/.local/lib/python3.12/site-packages/airflow/example_dags/example_complex.py
[2024-10-22T09:43:48.503+0000] {processor.py:925} INFO - DAG(s) 'example_complex' retrieved from /home/airflow/.local/lib/python3.12/site-packages/airflow/example_dags/example_complex.py
[2024-10-22T09:43:48.558+0000] {logging_mixin.py:190} INFO - [2024-10-22T09:43:48.557+0000] {dag.py:3239} INFO - Sync 1 DAGs
[2024-10-22T09:43:48.583+0000] {logging_mixin.py:190} INFO - [2024-10-22T09:43:48.583+0000] {dag.py:4180} INFO - Setting next_dagrun for example_complex to None, run_after=None
[2024-10-22T09:43:48.614+0000] {processor.py:208} INFO - Processing /home/airflow/.local/lib/python3.12/site-packages/airflow/example_dags/example_complex.py took 0.147 seconds
