[2024-10-22T09:22:56.542+0000] {processor.py:186} INFO - Started process (PID=48) to work on /home/airflow/.local/lib/python3.12/site-packages/airflow/example_dags/example_params_ui_tutorial.py
[2024-10-22T09:22:56.557+0000] {processor.py:914} INFO - Processing file /home/airflow/.local/lib/python3.12/site-packages/airflow/example_dags/example_params_ui_tutorial.py for tasks to queue
[2024-10-22T09:22:56.587+0000] {logging_mixin.py:190} INFO - [2024-10-22T09:22:56.585+0000] {dagbag.py:588} INFO - Filling up the DagBag from /home/airflow/.local/lib/python3.12/site-packages/airflow/example_dags/example_params_ui_tutorial.py
[2024-10-22T09:22:56.784+0000] {processor.py:925} INFO - DAG(s) 'example_params_ui_tutorial' retrieved from /home/airflow/.local/lib/python3.12/site-packages/airflow/example_dags/example_params_ui_tutorial.py
[2024-10-22T09:22:58.784+0000] {logging_mixin.py:190} INFO - [2024-10-22T09:22:58.784+0000] {dag.py:3239} INFO - Sync 1 DAGs
[2024-10-22T09:22:58.890+0000] {logging_mixin.py:190} INFO - [2024-10-22T09:22:58.889+0000] {dag.py:4180} INFO - Setting next_dagrun for example_params_ui_tutorial to None, run_after=None
[2024-10-22T09:22:59.104+0000] {processor.py:208} INFO - Processing /home/airflow/.local/lib/python3.12/site-packages/airflow/example_dags/example_params_ui_tutorial.py took 2.629 seconds
[2024-10-22T09:23:34.313+0000] {processor.py:186} INFO - Started process (PID=110) to work on /home/airflow/.local/lib/python3.12/site-packages/airflow/example_dags/example_params_ui_tutorial.py
[2024-10-22T09:23:34.317+0000] {processor.py:914} INFO - Processing file /home/airflow/.local/lib/python3.12/site-packages/airflow/example_dags/example_params_ui_tutorial.py for tasks to queue
[2024-10-22T09:23:34.325+0000] {logging_mixin.py:190} INFO - [2024-10-22T09:23:34.324+0000] {dagbag.py:588} INFO - Filling up the DagBag from /home/airflow/.local/lib/python3.12/site-packages/airflow/example_dags/example_params_ui_tutorial.py
[2024-10-22T09:23:34.364+0000] {processor.py:925} INFO - DAG(s) 'example_params_ui_tutorial' retrieved from /home/airflow/.local/lib/python3.12/site-packages/airflow/example_dags/example_params_ui_tutorial.py
[2024-10-22T09:23:34.581+0000] {logging_mixin.py:190} INFO - [2024-10-22T09:23:34.580+0000] {dag.py:3239} INFO - Sync 1 DAGs
[2024-10-22T09:23:34.648+0000] {logging_mixin.py:190} INFO - [2024-10-22T09:23:34.648+0000] {dag.py:4180} INFO - Setting next_dagrun for example_params_ui_tutorial to None, run_after=None
[2024-10-22T09:23:34.761+0000] {processor.py:208} INFO - Processing /home/airflow/.local/lib/python3.12/site-packages/airflow/example_dags/example_params_ui_tutorial.py took 0.482 seconds
[2024-10-22T09:24:10.318+0000] {processor.py:186} INFO - Started process (PID=155) to work on /home/airflow/.local/lib/python3.12/site-packages/airflow/example_dags/example_params_ui_tutorial.py
[2024-10-22T09:24:10.322+0000] {processor.py:914} INFO - Processing file /home/airflow/.local/lib/python3.12/site-packages/airflow/example_dags/example_params_ui_tutorial.py for tasks to queue
[2024-10-22T09:24:10.341+0000] {logging_mixin.py:190} INFO - [2024-10-22T09:24:10.340+0000] {dagbag.py:588} INFO - Filling up the DagBag from /home/airflow/.local/lib/python3.12/site-packages/airflow/example_dags/example_params_ui_tutorial.py
[2024-10-22T09:24:10.405+0000] {processor.py:925} INFO - DAG(s) 'example_params_ui_tutorial' retrieved from /home/airflow/.local/lib/python3.12/site-packages/airflow/example_dags/example_params_ui_tutorial.py
[2024-10-22T09:24:10.955+0000] {logging_mixin.py:190} INFO - [2024-10-22T09:24:10.954+0000] {dag.py:3239} INFO - Sync 1 DAGs
[2024-10-22T09:24:11.006+0000] {logging_mixin.py:190} INFO - [2024-10-22T09:24:11.006+0000] {dag.py:4180} INFO - Setting next_dagrun for example_params_ui_tutorial to None, run_after=None
[2024-10-22T09:24:11.313+0000] {processor.py:208} INFO - Processing /home/airflow/.local/lib/python3.12/site-packages/airflow/example_dags/example_params_ui_tutorial.py took 1.017 seconds
[2024-10-22T09:24:46.669+0000] {processor.py:186} INFO - Started process (PID=216) to work on /home/airflow/.local/lib/python3.12/site-packages/airflow/example_dags/example_params_ui_tutorial.py
[2024-10-22T09:24:46.684+0000] {processor.py:914} INFO - Processing file /home/airflow/.local/lib/python3.12/site-packages/airflow/example_dags/example_params_ui_tutorial.py for tasks to queue
[2024-10-22T09:24:46.697+0000] {logging_mixin.py:190} INFO - [2024-10-22T09:24:46.695+0000] {dagbag.py:588} INFO - Filling up the DagBag from /home/airflow/.local/lib/python3.12/site-packages/airflow/example_dags/example_params_ui_tutorial.py
[2024-10-22T09:24:46.799+0000] {processor.py:925} INFO - DAG(s) 'example_params_ui_tutorial' retrieved from /home/airflow/.local/lib/python3.12/site-packages/airflow/example_dags/example_params_ui_tutorial.py
[2024-10-22T09:24:47.324+0000] {logging_mixin.py:190} INFO - [2024-10-22T09:24:47.323+0000] {dag.py:3239} INFO - Sync 1 DAGs
[2024-10-22T09:24:47.534+0000] {logging_mixin.py:190} INFO - [2024-10-22T09:24:47.534+0000] {dag.py:4180} INFO - Setting next_dagrun for example_params_ui_tutorial to None, run_after=None
[2024-10-22T09:24:47.697+0000] {processor.py:208} INFO - Processing /home/airflow/.local/lib/python3.12/site-packages/airflow/example_dags/example_params_ui_tutorial.py took 1.062 seconds
[2024-10-22T09:25:19.238+0000] {processor.py:186} INFO - Started process (PID=278) to work on /home/airflow/.local/lib/python3.12/site-packages/airflow/example_dags/example_params_ui_tutorial.py
[2024-10-22T09:25:19.257+0000] {processor.py:914} INFO - Processing file /home/airflow/.local/lib/python3.12/site-packages/airflow/example_dags/example_params_ui_tutorial.py for tasks to queue
[2024-10-22T09:25:19.286+0000] {logging_mixin.py:190} INFO - [2024-10-22T09:25:19.285+0000] {dagbag.py:588} INFO - Filling up the DagBag from /home/airflow/.local/lib/python3.12/site-packages/airflow/example_dags/example_params_ui_tutorial.py
[2024-10-22T09:25:19.356+0000] {processor.py:925} INFO - DAG(s) 'example_params_ui_tutorial' retrieved from /home/airflow/.local/lib/python3.12/site-packages/airflow/example_dags/example_params_ui_tutorial.py
[2024-10-22T09:25:19.654+0000] {logging_mixin.py:190} INFO - [2024-10-22T09:25:19.654+0000] {dag.py:3239} INFO - Sync 1 DAGs
[2024-10-22T09:25:19.717+0000] {logging_mixin.py:190} INFO - [2024-10-22T09:25:19.713+0000] {dag.py:4180} INFO - Setting next_dagrun for example_params_ui_tutorial to None, run_after=None
[2024-10-22T09:25:19.855+0000] {processor.py:208} INFO - Processing /home/airflow/.local/lib/python3.12/site-packages/airflow/example_dags/example_params_ui_tutorial.py took 0.681 seconds
[2024-10-22T09:25:51.439+0000] {processor.py:186} INFO - Started process (PID=340) to work on /home/airflow/.local/lib/python3.12/site-packages/airflow/example_dags/example_params_ui_tutorial.py
[2024-10-22T09:25:51.444+0000] {processor.py:914} INFO - Processing file /home/airflow/.local/lib/python3.12/site-packages/airflow/example_dags/example_params_ui_tutorial.py for tasks to queue
[2024-10-22T09:25:51.460+0000] {logging_mixin.py:190} INFO - [2024-10-22T09:25:51.459+0000] {dagbag.py:588} INFO - Filling up the DagBag from /home/airflow/.local/lib/python3.12/site-packages/airflow/example_dags/example_params_ui_tutorial.py
[2024-10-22T09:25:51.519+0000] {processor.py:925} INFO - DAG(s) 'example_params_ui_tutorial' retrieved from /home/airflow/.local/lib/python3.12/site-packages/airflow/example_dags/example_params_ui_tutorial.py
[2024-10-22T09:25:51.843+0000] {logging_mixin.py:190} INFO - [2024-10-22T09:25:51.842+0000] {dag.py:3239} INFO - Sync 1 DAGs
[2024-10-22T09:25:52.027+0000] {logging_mixin.py:190} INFO - [2024-10-22T09:25:52.026+0000] {dag.py:4180} INFO - Setting next_dagrun for example_params_ui_tutorial to None, run_after=None
[2024-10-22T09:25:52.211+0000] {processor.py:208} INFO - Processing /home/airflow/.local/lib/python3.12/site-packages/airflow/example_dags/example_params_ui_tutorial.py took 0.833 seconds
[2024-10-22T09:26:22.718+0000] {processor.py:186} INFO - Started process (PID=403) to work on /home/airflow/.local/lib/python3.12/site-packages/airflow/example_dags/example_params_ui_tutorial.py
[2024-10-22T09:26:22.721+0000] {processor.py:914} INFO - Processing file /home/airflow/.local/lib/python3.12/site-packages/airflow/example_dags/example_params_ui_tutorial.py for tasks to queue
[2024-10-22T09:26:22.729+0000] {logging_mixin.py:190} INFO - [2024-10-22T09:26:22.728+0000] {dagbag.py:588} INFO - Filling up the DagBag from /home/airflow/.local/lib/python3.12/site-packages/airflow/example_dags/example_params_ui_tutorial.py
[2024-10-22T09:26:22.792+0000] {processor.py:925} INFO - DAG(s) 'example_params_ui_tutorial' retrieved from /home/airflow/.local/lib/python3.12/site-packages/airflow/example_dags/example_params_ui_tutorial.py
[2024-10-22T09:26:23.054+0000] {logging_mixin.py:190} INFO - [2024-10-22T09:26:23.054+0000] {dag.py:3239} INFO - Sync 1 DAGs
[2024-10-22T09:26:23.116+0000] {logging_mixin.py:190} INFO - [2024-10-22T09:26:23.115+0000] {dag.py:4180} INFO - Setting next_dagrun for example_params_ui_tutorial to None, run_after=None
[2024-10-22T09:26:23.204+0000] {processor.py:208} INFO - Processing /home/airflow/.local/lib/python3.12/site-packages/airflow/example_dags/example_params_ui_tutorial.py took 0.507 seconds
[2024-10-22T09:26:55.140+0000] {processor.py:186} INFO - Started process (PID=446) to work on /home/airflow/.local/lib/python3.12/site-packages/airflow/example_dags/example_params_ui_tutorial.py
[2024-10-22T09:26:55.146+0000] {processor.py:914} INFO - Processing file /home/airflow/.local/lib/python3.12/site-packages/airflow/example_dags/example_params_ui_tutorial.py for tasks to queue
[2024-10-22T09:26:55.152+0000] {logging_mixin.py:190} INFO - [2024-10-22T09:26:55.151+0000] {dagbag.py:588} INFO - Filling up the DagBag from /home/airflow/.local/lib/python3.12/site-packages/airflow/example_dags/example_params_ui_tutorial.py
[2024-10-22T09:26:55.184+0000] {processor.py:925} INFO - DAG(s) 'example_params_ui_tutorial' retrieved from /home/airflow/.local/lib/python3.12/site-packages/airflow/example_dags/example_params_ui_tutorial.py
[2024-10-22T09:26:55.342+0000] {logging_mixin.py:190} INFO - [2024-10-22T09:26:55.342+0000] {dag.py:3239} INFO - Sync 1 DAGs
[2024-10-22T09:26:55.438+0000] {logging_mixin.py:190} INFO - [2024-10-22T09:26:55.436+0000] {dag.py:4180} INFO - Setting next_dagrun for example_params_ui_tutorial to None, run_after=None
[2024-10-22T09:26:55.544+0000] {processor.py:208} INFO - Processing /home/airflow/.local/lib/python3.12/site-packages/airflow/example_dags/example_params_ui_tutorial.py took 0.425 seconds
[2024-10-22T09:27:26.227+0000] {processor.py:186} INFO - Started process (PID=507) to work on /home/airflow/.local/lib/python3.12/site-packages/airflow/example_dags/example_params_ui_tutorial.py
[2024-10-22T09:27:26.232+0000] {processor.py:914} INFO - Processing file /home/airflow/.local/lib/python3.12/site-packages/airflow/example_dags/example_params_ui_tutorial.py for tasks to queue
[2024-10-22T09:27:26.245+0000] {logging_mixin.py:190} INFO - [2024-10-22T09:27:26.244+0000] {dagbag.py:588} INFO - Filling up the DagBag from /home/airflow/.local/lib/python3.12/site-packages/airflow/example_dags/example_params_ui_tutorial.py
[2024-10-22T09:27:26.283+0000] {processor.py:925} INFO - DAG(s) 'example_params_ui_tutorial' retrieved from /home/airflow/.local/lib/python3.12/site-packages/airflow/example_dags/example_params_ui_tutorial.py
[2024-10-22T09:27:26.470+0000] {logging_mixin.py:190} INFO - [2024-10-22T09:27:26.469+0000] {dag.py:3239} INFO - Sync 1 DAGs
[2024-10-22T09:27:26.514+0000] {logging_mixin.py:190} INFO - [2024-10-22T09:27:26.513+0000] {dag.py:4180} INFO - Setting next_dagrun for example_params_ui_tutorial to None, run_after=None
[2024-10-22T09:27:26.568+0000] {processor.py:208} INFO - Processing /home/airflow/.local/lib/python3.12/site-packages/airflow/example_dags/example_params_ui_tutorial.py took 0.360 seconds
[2024-10-22T09:27:57.486+0000] {processor.py:186} INFO - Started process (PID=569) to work on /home/airflow/.local/lib/python3.12/site-packages/airflow/example_dags/example_params_ui_tutorial.py
[2024-10-22T09:27:57.501+0000] {processor.py:914} INFO - Processing file /home/airflow/.local/lib/python3.12/site-packages/airflow/example_dags/example_params_ui_tutorial.py for tasks to queue
[2024-10-22T09:27:57.523+0000] {logging_mixin.py:190} INFO - [2024-10-22T09:27:57.522+0000] {dagbag.py:588} INFO - Filling up the DagBag from /home/airflow/.local/lib/python3.12/site-packages/airflow/example_dags/example_params_ui_tutorial.py
[2024-10-22T09:27:57.581+0000] {processor.py:925} INFO - DAG(s) 'example_params_ui_tutorial' retrieved from /home/airflow/.local/lib/python3.12/site-packages/airflow/example_dags/example_params_ui_tutorial.py
[2024-10-22T09:27:57.896+0000] {logging_mixin.py:190} INFO - [2024-10-22T09:27:57.896+0000] {dag.py:3239} INFO - Sync 1 DAGs
[2024-10-22T09:27:57.972+0000] {logging_mixin.py:190} INFO - [2024-10-22T09:27:57.971+0000] {dag.py:4180} INFO - Setting next_dagrun for example_params_ui_tutorial to None, run_after=None
[2024-10-22T09:27:58.062+0000] {processor.py:208} INFO - Processing /home/airflow/.local/lib/python3.12/site-packages/airflow/example_dags/example_params_ui_tutorial.py took 0.612 seconds
[2024-10-22T09:28:28.668+0000] {processor.py:186} INFO - Started process (PID=631) to work on /home/airflow/.local/lib/python3.12/site-packages/airflow/example_dags/example_params_ui_tutorial.py
[2024-10-22T09:28:28.671+0000] {processor.py:914} INFO - Processing file /home/airflow/.local/lib/python3.12/site-packages/airflow/example_dags/example_params_ui_tutorial.py for tasks to queue
[2024-10-22T09:28:28.679+0000] {logging_mixin.py:190} INFO - [2024-10-22T09:28:28.678+0000] {dagbag.py:588} INFO - Filling up the DagBag from /home/airflow/.local/lib/python3.12/site-packages/airflow/example_dags/example_params_ui_tutorial.py
[2024-10-22T09:28:28.706+0000] {processor.py:925} INFO - DAG(s) 'example_params_ui_tutorial' retrieved from /home/airflow/.local/lib/python3.12/site-packages/airflow/example_dags/example_params_ui_tutorial.py
[2024-10-22T09:28:28.820+0000] {logging_mixin.py:190} INFO - [2024-10-22T09:28:28.819+0000] {dag.py:3239} INFO - Sync 1 DAGs
[2024-10-22T09:28:28.855+0000] {logging_mixin.py:190} INFO - [2024-10-22T09:28:28.854+0000] {dag.py:4180} INFO - Setting next_dagrun for example_params_ui_tutorial to None, run_after=None
[2024-10-22T09:28:28.901+0000] {processor.py:208} INFO - Processing /home/airflow/.local/lib/python3.12/site-packages/airflow/example_dags/example_params_ui_tutorial.py took 0.253 seconds
[2024-10-22T09:28:59.558+0000] {processor.py:186} INFO - Started process (PID=693) to work on /home/airflow/.local/lib/python3.12/site-packages/airflow/example_dags/example_params_ui_tutorial.py
[2024-10-22T09:28:59.561+0000] {processor.py:914} INFO - Processing file /home/airflow/.local/lib/python3.12/site-packages/airflow/example_dags/example_params_ui_tutorial.py for tasks to queue
[2024-10-22T09:28:59.569+0000] {logging_mixin.py:190} INFO - [2024-10-22T09:28:59.568+0000] {dagbag.py:588} INFO - Filling up the DagBag from /home/airflow/.local/lib/python3.12/site-packages/airflow/example_dags/example_params_ui_tutorial.py
[2024-10-22T09:28:59.606+0000] {processor.py:925} INFO - DAG(s) 'example_params_ui_tutorial' retrieved from /home/airflow/.local/lib/python3.12/site-packages/airflow/example_dags/example_params_ui_tutorial.py
[2024-10-22T09:28:59.819+0000] {logging_mixin.py:190} INFO - [2024-10-22T09:28:59.818+0000] {dag.py:3239} INFO - Sync 1 DAGs
[2024-10-22T09:28:59.860+0000] {logging_mixin.py:190} INFO - [2024-10-22T09:28:59.859+0000] {dag.py:4180} INFO - Setting next_dagrun for example_params_ui_tutorial to None, run_after=None
[2024-10-22T09:28:59.915+0000] {processor.py:208} INFO - Processing /home/airflow/.local/lib/python3.12/site-packages/airflow/example_dags/example_params_ui_tutorial.py took 0.377 seconds
[2024-10-22T09:29:30.905+0000] {processor.py:186} INFO - Started process (PID=756) to work on /home/airflow/.local/lib/python3.12/site-packages/airflow/example_dags/example_params_ui_tutorial.py
[2024-10-22T09:29:30.907+0000] {processor.py:914} INFO - Processing file /home/airflow/.local/lib/python3.12/site-packages/airflow/example_dags/example_params_ui_tutorial.py for tasks to queue
[2024-10-22T09:29:30.913+0000] {logging_mixin.py:190} INFO - [2024-10-22T09:29:30.913+0000] {dagbag.py:588} INFO - Filling up the DagBag from /home/airflow/.local/lib/python3.12/site-packages/airflow/example_dags/example_params_ui_tutorial.py
[2024-10-22T09:29:30.932+0000] {processor.py:925} INFO - DAG(s) 'example_params_ui_tutorial' retrieved from /home/airflow/.local/lib/python3.12/site-packages/airflow/example_dags/example_params_ui_tutorial.py
[2024-10-22T09:29:31.041+0000] {logging_mixin.py:190} INFO - [2024-10-22T09:29:31.041+0000] {dag.py:3239} INFO - Sync 1 DAGs
[2024-10-22T09:29:31.072+0000] {logging_mixin.py:190} INFO - [2024-10-22T09:29:31.072+0000] {dag.py:4180} INFO - Setting next_dagrun for example_params_ui_tutorial to None, run_after=None
[2024-10-22T09:29:31.125+0000] {processor.py:208} INFO - Processing /home/airflow/.local/lib/python3.12/site-packages/airflow/example_dags/example_params_ui_tutorial.py took 0.242 seconds
[2024-10-22T09:30:01.307+0000] {processor.py:186} INFO - Started process (PID=818) to work on /home/airflow/.local/lib/python3.12/site-packages/airflow/example_dags/example_params_ui_tutorial.py
[2024-10-22T09:30:01.310+0000] {processor.py:914} INFO - Processing file /home/airflow/.local/lib/python3.12/site-packages/airflow/example_dags/example_params_ui_tutorial.py for tasks to queue
[2024-10-22T09:30:01.319+0000] {logging_mixin.py:190} INFO - [2024-10-22T09:30:01.318+0000] {dagbag.py:588} INFO - Filling up the DagBag from /home/airflow/.local/lib/python3.12/site-packages/airflow/example_dags/example_params_ui_tutorial.py
[2024-10-22T09:30:01.371+0000] {processor.py:925} INFO - DAG(s) 'example_params_ui_tutorial' retrieved from /home/airflow/.local/lib/python3.12/site-packages/airflow/example_dags/example_params_ui_tutorial.py
[2024-10-22T09:30:01.592+0000] {logging_mixin.py:190} INFO - [2024-10-22T09:30:01.592+0000] {dag.py:3239} INFO - Sync 1 DAGs
[2024-10-22T09:30:01.655+0000] {logging_mixin.py:190} INFO - [2024-10-22T09:30:01.654+0000] {dag.py:4180} INFO - Setting next_dagrun for example_params_ui_tutorial to None, run_after=None
[2024-10-22T09:30:01.731+0000] {processor.py:208} INFO - Processing /home/airflow/.local/lib/python3.12/site-packages/airflow/example_dags/example_params_ui_tutorial.py took 0.449 seconds
[2024-10-22T09:30:32.669+0000] {processor.py:186} INFO - Started process (PID=879) to work on /home/airflow/.local/lib/python3.12/site-packages/airflow/example_dags/example_params_ui_tutorial.py
[2024-10-22T09:30:32.682+0000] {processor.py:914} INFO - Processing file /home/airflow/.local/lib/python3.12/site-packages/airflow/example_dags/example_params_ui_tutorial.py for tasks to queue
[2024-10-22T09:30:32.697+0000] {logging_mixin.py:190} INFO - [2024-10-22T09:30:32.696+0000] {dagbag.py:588} INFO - Filling up the DagBag from /home/airflow/.local/lib/python3.12/site-packages/airflow/example_dags/example_params_ui_tutorial.py
[2024-10-22T09:30:32.782+0000] {processor.py:925} INFO - DAG(s) 'example_params_ui_tutorial' retrieved from /home/airflow/.local/lib/python3.12/site-packages/airflow/example_dags/example_params_ui_tutorial.py
[2024-10-22T09:30:33.437+0000] {logging_mixin.py:190} INFO - [2024-10-22T09:30:33.437+0000] {dag.py:3239} INFO - Sync 1 DAGs
[2024-10-22T09:30:33.567+0000] {logging_mixin.py:190} INFO - [2024-10-22T09:30:33.567+0000] {dag.py:4180} INFO - Setting next_dagrun for example_params_ui_tutorial to None, run_after=None
[2024-10-22T09:30:33.675+0000] {processor.py:208} INFO - Processing /home/airflow/.local/lib/python3.12/site-packages/airflow/example_dags/example_params_ui_tutorial.py took 1.052 seconds
[2024-10-22T09:31:03.996+0000] {processor.py:186} INFO - Started process (PID=941) to work on /home/airflow/.local/lib/python3.12/site-packages/airflow/example_dags/example_params_ui_tutorial.py
[2024-10-22T09:31:03.999+0000] {processor.py:914} INFO - Processing file /home/airflow/.local/lib/python3.12/site-packages/airflow/example_dags/example_params_ui_tutorial.py for tasks to queue
[2024-10-22T09:31:04.006+0000] {logging_mixin.py:190} INFO - [2024-10-22T09:31:04.005+0000] {dagbag.py:588} INFO - Filling up the DagBag from /home/airflow/.local/lib/python3.12/site-packages/airflow/example_dags/example_params_ui_tutorial.py
[2024-10-22T09:31:04.025+0000] {processor.py:925} INFO - DAG(s) 'example_params_ui_tutorial' retrieved from /home/airflow/.local/lib/python3.12/site-packages/airflow/example_dags/example_params_ui_tutorial.py
[2024-10-22T09:31:04.115+0000] {logging_mixin.py:190} INFO - [2024-10-22T09:31:04.115+0000] {dag.py:3239} INFO - Sync 1 DAGs
[2024-10-22T09:31:04.147+0000] {logging_mixin.py:190} INFO - [2024-10-22T09:31:04.147+0000] {dag.py:4180} INFO - Setting next_dagrun for example_params_ui_tutorial to None, run_after=None
[2024-10-22T09:31:04.184+0000] {processor.py:208} INFO - Processing /home/airflow/.local/lib/python3.12/site-packages/airflow/example_dags/example_params_ui_tutorial.py took 0.204 seconds
[2024-10-22T09:31:37.351+0000] {processor.py:186} INFO - Started process (PID=990) to work on /home/airflow/.local/lib/python3.12/site-packages/airflow/example_dags/example_params_ui_tutorial.py
[2024-10-22T09:31:37.360+0000] {processor.py:914} INFO - Processing file /home/airflow/.local/lib/python3.12/site-packages/airflow/example_dags/example_params_ui_tutorial.py for tasks to queue
[2024-10-22T09:31:37.384+0000] {logging_mixin.py:190} INFO - [2024-10-22T09:31:37.383+0000] {dagbag.py:588} INFO - Filling up the DagBag from /home/airflow/.local/lib/python3.12/site-packages/airflow/example_dags/example_params_ui_tutorial.py
[2024-10-22T09:31:37.502+0000] {processor.py:925} INFO - DAG(s) 'example_params_ui_tutorial' retrieved from /home/airflow/.local/lib/python3.12/site-packages/airflow/example_dags/example_params_ui_tutorial.py
[2024-10-22T09:31:37.956+0000] {logging_mixin.py:190} INFO - [2024-10-22T09:31:37.955+0000] {dag.py:3239} INFO - Sync 1 DAGs
[2024-10-22T09:31:38.167+0000] {logging_mixin.py:190} INFO - [2024-10-22T09:31:38.167+0000] {dag.py:4180} INFO - Setting next_dagrun for example_params_ui_tutorial to None, run_after=None
[2024-10-22T09:31:38.379+0000] {processor.py:208} INFO - Processing /home/airflow/.local/lib/python3.12/site-packages/airflow/example_dags/example_params_ui_tutorial.py took 1.110 seconds
[2024-10-22T09:32:13.060+0000] {processor.py:186} INFO - Started process (PID=1051) to work on /home/airflow/.local/lib/python3.12/site-packages/airflow/example_dags/example_params_ui_tutorial.py
[2024-10-22T09:32:13.063+0000] {processor.py:914} INFO - Processing file /home/airflow/.local/lib/python3.12/site-packages/airflow/example_dags/example_params_ui_tutorial.py for tasks to queue
[2024-10-22T09:32:13.094+0000] {logging_mixin.py:190} INFO - [2024-10-22T09:32:13.093+0000] {dagbag.py:588} INFO - Filling up the DagBag from /home/airflow/.local/lib/python3.12/site-packages/airflow/example_dags/example_params_ui_tutorial.py
[2024-10-22T09:32:13.186+0000] {processor.py:925} INFO - DAG(s) 'example_params_ui_tutorial' retrieved from /home/airflow/.local/lib/python3.12/site-packages/airflow/example_dags/example_params_ui_tutorial.py
[2024-10-22T09:32:13.794+0000] {logging_mixin.py:190} INFO - [2024-10-22T09:32:13.793+0000] {dag.py:3239} INFO - Sync 1 DAGs
[2024-10-22T09:32:13.973+0000] {logging_mixin.py:190} INFO - [2024-10-22T09:32:13.973+0000] {dag.py:4180} INFO - Setting next_dagrun for example_params_ui_tutorial to None, run_after=None
[2024-10-22T09:32:14.265+0000] {processor.py:208} INFO - Processing /home/airflow/.local/lib/python3.12/site-packages/airflow/example_dags/example_params_ui_tutorial.py took 1.267 seconds
[2024-10-22T09:32:49.127+0000] {processor.py:186} INFO - Started process (PID=1106) to work on /home/airflow/.local/lib/python3.12/site-packages/airflow/example_dags/example_params_ui_tutorial.py
[2024-10-22T09:32:49.130+0000] {processor.py:914} INFO - Processing file /home/airflow/.local/lib/python3.12/site-packages/airflow/example_dags/example_params_ui_tutorial.py for tasks to queue
[2024-10-22T09:32:49.160+0000] {logging_mixin.py:190} INFO - [2024-10-22T09:32:49.159+0000] {dagbag.py:588} INFO - Filling up the DagBag from /home/airflow/.local/lib/python3.12/site-packages/airflow/example_dags/example_params_ui_tutorial.py
[2024-10-22T09:32:49.271+0000] {processor.py:925} INFO - DAG(s) 'example_params_ui_tutorial' retrieved from /home/airflow/.local/lib/python3.12/site-packages/airflow/example_dags/example_params_ui_tutorial.py
[2024-10-22T09:32:49.943+0000] {logging_mixin.py:190} INFO - [2024-10-22T09:32:49.942+0000] {dag.py:3239} INFO - Sync 1 DAGs
[2024-10-22T09:32:50.186+0000] {logging_mixin.py:190} INFO - [2024-10-22T09:32:50.185+0000] {dag.py:4180} INFO - Setting next_dagrun for example_params_ui_tutorial to None, run_after=None
[2024-10-22T09:32:50.616+0000] {processor.py:208} INFO - Processing /home/airflow/.local/lib/python3.12/site-packages/airflow/example_dags/example_params_ui_tutorial.py took 1.551 seconds
[2024-10-22T09:33:20.824+0000] {processor.py:186} INFO - Started process (PID=1168) to work on /home/airflow/.local/lib/python3.12/site-packages/airflow/example_dags/example_params_ui_tutorial.py
[2024-10-22T09:33:20.827+0000] {processor.py:914} INFO - Processing file /home/airflow/.local/lib/python3.12/site-packages/airflow/example_dags/example_params_ui_tutorial.py for tasks to queue
[2024-10-22T09:33:20.833+0000] {logging_mixin.py:190} INFO - [2024-10-22T09:33:20.832+0000] {dagbag.py:588} INFO - Filling up the DagBag from /home/airflow/.local/lib/python3.12/site-packages/airflow/example_dags/example_params_ui_tutorial.py
[2024-10-22T09:33:20.863+0000] {processor.py:925} INFO - DAG(s) 'example_params_ui_tutorial' retrieved from /home/airflow/.local/lib/python3.12/site-packages/airflow/example_dags/example_params_ui_tutorial.py
[2024-10-22T09:33:21.267+0000] {logging_mixin.py:190} INFO - [2024-10-22T09:33:21.254+0000] {dag.py:3239} INFO - Sync 1 DAGs
[2024-10-22T09:33:21.392+0000] {logging_mixin.py:190} INFO - [2024-10-22T09:33:21.392+0000] {dag.py:4180} INFO - Setting next_dagrun for example_params_ui_tutorial to None, run_after=None
[2024-10-22T09:33:21.567+0000] {processor.py:208} INFO - Processing /home/airflow/.local/lib/python3.12/site-packages/airflow/example_dags/example_params_ui_tutorial.py took 0.760 seconds
[2024-10-22T09:33:52.172+0000] {processor.py:186} INFO - Started process (PID=1230) to work on /home/airflow/.local/lib/python3.12/site-packages/airflow/example_dags/example_params_ui_tutorial.py
[2024-10-22T09:33:52.176+0000] {processor.py:914} INFO - Processing file /home/airflow/.local/lib/python3.12/site-packages/airflow/example_dags/example_params_ui_tutorial.py for tasks to queue
[2024-10-22T09:33:52.187+0000] {logging_mixin.py:190} INFO - [2024-10-22T09:33:52.184+0000] {dagbag.py:588} INFO - Filling up the DagBag from /home/airflow/.local/lib/python3.12/site-packages/airflow/example_dags/example_params_ui_tutorial.py
[2024-10-22T09:33:52.221+0000] {processor.py:925} INFO - DAG(s) 'example_params_ui_tutorial' retrieved from /home/airflow/.local/lib/python3.12/site-packages/airflow/example_dags/example_params_ui_tutorial.py
[2024-10-22T09:33:52.376+0000] {logging_mixin.py:190} INFO - [2024-10-22T09:33:52.375+0000] {dag.py:3239} INFO - Sync 1 DAGs
[2024-10-22T09:33:52.410+0000] {logging_mixin.py:190} INFO - [2024-10-22T09:33:52.410+0000] {dag.py:4180} INFO - Setting next_dagrun for example_params_ui_tutorial to None, run_after=None
[2024-10-22T09:33:52.464+0000] {processor.py:208} INFO - Processing /home/airflow/.local/lib/python3.12/site-packages/airflow/example_dags/example_params_ui_tutorial.py took 0.341 seconds
[2024-10-22T09:34:23.896+0000] {processor.py:186} INFO - Started process (PID=1292) to work on /home/airflow/.local/lib/python3.12/site-packages/airflow/example_dags/example_params_ui_tutorial.py
[2024-10-22T09:34:23.899+0000] {processor.py:914} INFO - Processing file /home/airflow/.local/lib/python3.12/site-packages/airflow/example_dags/example_params_ui_tutorial.py for tasks to queue
[2024-10-22T09:34:23.909+0000] {logging_mixin.py:190} INFO - [2024-10-22T09:34:23.908+0000] {dagbag.py:588} INFO - Filling up the DagBag from /home/airflow/.local/lib/python3.12/site-packages/airflow/example_dags/example_params_ui_tutorial.py
[2024-10-22T09:34:23.932+0000] {processor.py:925} INFO - DAG(s) 'example_params_ui_tutorial' retrieved from /home/airflow/.local/lib/python3.12/site-packages/airflow/example_dags/example_params_ui_tutorial.py
[2024-10-22T09:34:24.048+0000] {logging_mixin.py:190} INFO - [2024-10-22T09:34:24.048+0000] {dag.py:3239} INFO - Sync 1 DAGs
[2024-10-22T09:34:24.094+0000] {logging_mixin.py:190} INFO - [2024-10-22T09:34:24.094+0000] {dag.py:4180} INFO - Setting next_dagrun for example_params_ui_tutorial to None, run_after=None
[2024-10-22T09:34:24.266+0000] {processor.py:208} INFO - Processing /home/airflow/.local/lib/python3.12/site-packages/airflow/example_dags/example_params_ui_tutorial.py took 0.401 seconds
[2024-10-22T09:34:54.518+0000] {processor.py:186} INFO - Started process (PID=1354) to work on /home/airflow/.local/lib/python3.12/site-packages/airflow/example_dags/example_params_ui_tutorial.py
[2024-10-22T09:34:54.519+0000] {processor.py:914} INFO - Processing file /home/airflow/.local/lib/python3.12/site-packages/airflow/example_dags/example_params_ui_tutorial.py for tasks to queue
[2024-10-22T09:34:54.524+0000] {logging_mixin.py:190} INFO - [2024-10-22T09:34:54.523+0000] {dagbag.py:588} INFO - Filling up the DagBag from /home/airflow/.local/lib/python3.12/site-packages/airflow/example_dags/example_params_ui_tutorial.py
[2024-10-22T09:34:54.543+0000] {processor.py:925} INFO - DAG(s) 'example_params_ui_tutorial' retrieved from /home/airflow/.local/lib/python3.12/site-packages/airflow/example_dags/example_params_ui_tutorial.py
[2024-10-22T09:34:54.750+0000] {logging_mixin.py:190} INFO - [2024-10-22T09:34:54.750+0000] {dag.py:3239} INFO - Sync 1 DAGs
[2024-10-22T09:34:54.819+0000] {logging_mixin.py:190} INFO - [2024-10-22T09:34:54.819+0000] {dag.py:4180} INFO - Setting next_dagrun for example_params_ui_tutorial to None, run_after=None
[2024-10-22T09:34:54.866+0000] {processor.py:208} INFO - Processing /home/airflow/.local/lib/python3.12/site-packages/airflow/example_dags/example_params_ui_tutorial.py took 0.358 seconds
[2024-10-22T09:35:25.134+0000] {processor.py:186} INFO - Started process (PID=1416) to work on /home/airflow/.local/lib/python3.12/site-packages/airflow/example_dags/example_params_ui_tutorial.py
[2024-10-22T09:35:25.137+0000] {processor.py:914} INFO - Processing file /home/airflow/.local/lib/python3.12/site-packages/airflow/example_dags/example_params_ui_tutorial.py for tasks to queue
[2024-10-22T09:35:25.143+0000] {logging_mixin.py:190} INFO - [2024-10-22T09:35:25.142+0000] {dagbag.py:588} INFO - Filling up the DagBag from /home/airflow/.local/lib/python3.12/site-packages/airflow/example_dags/example_params_ui_tutorial.py
[2024-10-22T09:35:25.174+0000] {processor.py:925} INFO - DAG(s) 'example_params_ui_tutorial' retrieved from /home/airflow/.local/lib/python3.12/site-packages/airflow/example_dags/example_params_ui_tutorial.py
[2024-10-22T09:35:25.306+0000] {logging_mixin.py:190} INFO - [2024-10-22T09:35:25.306+0000] {dag.py:3239} INFO - Sync 1 DAGs
[2024-10-22T09:35:25.365+0000] {logging_mixin.py:190} INFO - [2024-10-22T09:35:25.364+0000] {dag.py:4180} INFO - Setting next_dagrun for example_params_ui_tutorial to None, run_after=None
[2024-10-22T09:35:25.416+0000] {processor.py:208} INFO - Processing /home/airflow/.local/lib/python3.12/site-packages/airflow/example_dags/example_params_ui_tutorial.py took 0.301 seconds
[2024-10-22T09:35:55.661+0000] {processor.py:186} INFO - Started process (PID=1477) to work on /home/airflow/.local/lib/python3.12/site-packages/airflow/example_dags/example_params_ui_tutorial.py
[2024-10-22T09:35:55.664+0000] {processor.py:914} INFO - Processing file /home/airflow/.local/lib/python3.12/site-packages/airflow/example_dags/example_params_ui_tutorial.py for tasks to queue
[2024-10-22T09:35:55.671+0000] {logging_mixin.py:190} INFO - [2024-10-22T09:35:55.670+0000] {dagbag.py:588} INFO - Filling up the DagBag from /home/airflow/.local/lib/python3.12/site-packages/airflow/example_dags/example_params_ui_tutorial.py
[2024-10-22T09:35:55.700+0000] {processor.py:925} INFO - DAG(s) 'example_params_ui_tutorial' retrieved from /home/airflow/.local/lib/python3.12/site-packages/airflow/example_dags/example_params_ui_tutorial.py
[2024-10-22T09:35:55.844+0000] {logging_mixin.py:190} INFO - [2024-10-22T09:35:55.844+0000] {dag.py:3239} INFO - Sync 1 DAGs
[2024-10-22T09:35:55.886+0000] {logging_mixin.py:190} INFO - [2024-10-22T09:35:55.885+0000] {dag.py:4180} INFO - Setting next_dagrun for example_params_ui_tutorial to None, run_after=None
[2024-10-22T09:35:55.938+0000] {processor.py:208} INFO - Processing /home/airflow/.local/lib/python3.12/site-packages/airflow/example_dags/example_params_ui_tutorial.py took 0.300 seconds
[2024-10-22T09:36:26.059+0000] {processor.py:186} INFO - Started process (PID=1539) to work on /home/airflow/.local/lib/python3.12/site-packages/airflow/example_dags/example_params_ui_tutorial.py
[2024-10-22T09:36:26.063+0000] {processor.py:914} INFO - Processing file /home/airflow/.local/lib/python3.12/site-packages/airflow/example_dags/example_params_ui_tutorial.py for tasks to queue
[2024-10-22T09:36:26.069+0000] {logging_mixin.py:190} INFO - [2024-10-22T09:36:26.068+0000] {dagbag.py:588} INFO - Filling up the DagBag from /home/airflow/.local/lib/python3.12/site-packages/airflow/example_dags/example_params_ui_tutorial.py
[2024-10-22T09:36:26.108+0000] {processor.py:925} INFO - DAG(s) 'example_params_ui_tutorial' retrieved from /home/airflow/.local/lib/python3.12/site-packages/airflow/example_dags/example_params_ui_tutorial.py
[2024-10-22T09:36:26.288+0000] {logging_mixin.py:190} INFO - [2024-10-22T09:36:26.287+0000] {dag.py:3239} INFO - Sync 1 DAGs
[2024-10-22T09:36:26.337+0000] {logging_mixin.py:190} INFO - [2024-10-22T09:36:26.337+0000] {dag.py:4180} INFO - Setting next_dagrun for example_params_ui_tutorial to None, run_after=None
[2024-10-22T09:36:26.396+0000] {processor.py:208} INFO - Processing /home/airflow/.local/lib/python3.12/site-packages/airflow/example_dags/example_params_ui_tutorial.py took 0.365 seconds
[2024-10-22T09:36:56.694+0000] {processor.py:186} INFO - Started process (PID=1602) to work on /home/airflow/.local/lib/python3.12/site-packages/airflow/example_dags/example_params_ui_tutorial.py
[2024-10-22T09:36:56.696+0000] {processor.py:914} INFO - Processing file /home/airflow/.local/lib/python3.12/site-packages/airflow/example_dags/example_params_ui_tutorial.py for tasks to queue
[2024-10-22T09:36:56.704+0000] {logging_mixin.py:190} INFO - [2024-10-22T09:36:56.703+0000] {dagbag.py:588} INFO - Filling up the DagBag from /home/airflow/.local/lib/python3.12/site-packages/airflow/example_dags/example_params_ui_tutorial.py
[2024-10-22T09:36:56.737+0000] {processor.py:925} INFO - DAG(s) 'example_params_ui_tutorial' retrieved from /home/airflow/.local/lib/python3.12/site-packages/airflow/example_dags/example_params_ui_tutorial.py
[2024-10-22T09:36:56.860+0000] {logging_mixin.py:190} INFO - [2024-10-22T09:36:56.858+0000] {dag.py:3239} INFO - Sync 1 DAGs
[2024-10-22T09:36:56.904+0000] {logging_mixin.py:190} INFO - [2024-10-22T09:36:56.903+0000] {dag.py:4180} INFO - Setting next_dagrun for example_params_ui_tutorial to None, run_after=None
[2024-10-22T09:36:56.960+0000] {processor.py:208} INFO - Processing /home/airflow/.local/lib/python3.12/site-packages/airflow/example_dags/example_params_ui_tutorial.py took 0.279 seconds
[2024-10-22T09:37:27.319+0000] {processor.py:186} INFO - Started process (PID=1664) to work on /home/airflow/.local/lib/python3.12/site-packages/airflow/example_dags/example_params_ui_tutorial.py
[2024-10-22T09:37:27.321+0000] {processor.py:914} INFO - Processing file /home/airflow/.local/lib/python3.12/site-packages/airflow/example_dags/example_params_ui_tutorial.py for tasks to queue
[2024-10-22T09:37:27.325+0000] {logging_mixin.py:190} INFO - [2024-10-22T09:37:27.325+0000] {dagbag.py:588} INFO - Filling up the DagBag from /home/airflow/.local/lib/python3.12/site-packages/airflow/example_dags/example_params_ui_tutorial.py
[2024-10-22T09:37:27.342+0000] {processor.py:925} INFO - DAG(s) 'example_params_ui_tutorial' retrieved from /home/airflow/.local/lib/python3.12/site-packages/airflow/example_dags/example_params_ui_tutorial.py
[2024-10-22T09:37:27.435+0000] {logging_mixin.py:190} INFO - [2024-10-22T09:37:27.434+0000] {dag.py:3239} INFO - Sync 1 DAGs
[2024-10-22T09:37:27.468+0000] {logging_mixin.py:190} INFO - [2024-10-22T09:37:27.468+0000] {dag.py:4180} INFO - Setting next_dagrun for example_params_ui_tutorial to None, run_after=None
[2024-10-22T09:37:27.507+0000] {processor.py:208} INFO - Processing /home/airflow/.local/lib/python3.12/site-packages/airflow/example_dags/example_params_ui_tutorial.py took 0.199 seconds
[2024-10-22T09:37:57.863+0000] {processor.py:186} INFO - Started process (PID=1726) to work on /home/airflow/.local/lib/python3.12/site-packages/airflow/example_dags/example_params_ui_tutorial.py
[2024-10-22T09:37:57.865+0000] {processor.py:914} INFO - Processing file /home/airflow/.local/lib/python3.12/site-packages/airflow/example_dags/example_params_ui_tutorial.py for tasks to queue
[2024-10-22T09:37:57.869+0000] {logging_mixin.py:190} INFO - [2024-10-22T09:37:57.869+0000] {dagbag.py:588} INFO - Filling up the DagBag from /home/airflow/.local/lib/python3.12/site-packages/airflow/example_dags/example_params_ui_tutorial.py
[2024-10-22T09:37:57.886+0000] {processor.py:925} INFO - DAG(s) 'example_params_ui_tutorial' retrieved from /home/airflow/.local/lib/python3.12/site-packages/airflow/example_dags/example_params_ui_tutorial.py
[2024-10-22T09:37:58.000+0000] {logging_mixin.py:190} INFO - [2024-10-22T09:37:57.999+0000] {dag.py:3239} INFO - Sync 1 DAGs
[2024-10-22T09:37:58.054+0000] {logging_mixin.py:190} INFO - [2024-10-22T09:37:58.053+0000] {dag.py:4180} INFO - Setting next_dagrun for example_params_ui_tutorial to None, run_after=None
[2024-10-22T09:37:58.096+0000] {processor.py:208} INFO - Processing /home/airflow/.local/lib/python3.12/site-packages/airflow/example_dags/example_params_ui_tutorial.py took 0.244 seconds
[2024-10-22T09:38:28.647+0000] {processor.py:186} INFO - Started process (PID=1788) to work on /home/airflow/.local/lib/python3.12/site-packages/airflow/example_dags/example_params_ui_tutorial.py
[2024-10-22T09:38:28.652+0000] {processor.py:914} INFO - Processing file /home/airflow/.local/lib/python3.12/site-packages/airflow/example_dags/example_params_ui_tutorial.py for tasks to queue
[2024-10-22T09:38:28.660+0000] {logging_mixin.py:190} INFO - [2024-10-22T09:38:28.659+0000] {dagbag.py:588} INFO - Filling up the DagBag from /home/airflow/.local/lib/python3.12/site-packages/airflow/example_dags/example_params_ui_tutorial.py
[2024-10-22T09:38:28.713+0000] {processor.py:925} INFO - DAG(s) 'example_params_ui_tutorial' retrieved from /home/airflow/.local/lib/python3.12/site-packages/airflow/example_dags/example_params_ui_tutorial.py
[2024-10-22T09:38:28.853+0000] {logging_mixin.py:190} INFO - [2024-10-22T09:38:28.852+0000] {dag.py:3239} INFO - Sync 1 DAGs
[2024-10-22T09:38:28.891+0000] {logging_mixin.py:190} INFO - [2024-10-22T09:38:28.891+0000] {dag.py:4180} INFO - Setting next_dagrun for example_params_ui_tutorial to None, run_after=None
[2024-10-22T09:38:28.945+0000] {processor.py:208} INFO - Processing /home/airflow/.local/lib/python3.12/site-packages/airflow/example_dags/example_params_ui_tutorial.py took 0.322 seconds
[2024-10-22T09:38:59.658+0000] {processor.py:186} INFO - Started process (PID=1850) to work on /home/airflow/.local/lib/python3.12/site-packages/airflow/example_dags/example_params_ui_tutorial.py
[2024-10-22T09:38:59.660+0000] {processor.py:914} INFO - Processing file /home/airflow/.local/lib/python3.12/site-packages/airflow/example_dags/example_params_ui_tutorial.py for tasks to queue
[2024-10-22T09:38:59.669+0000] {logging_mixin.py:190} INFO - [2024-10-22T09:38:59.668+0000] {dagbag.py:588} INFO - Filling up the DagBag from /home/airflow/.local/lib/python3.12/site-packages/airflow/example_dags/example_params_ui_tutorial.py
[2024-10-22T09:38:59.696+0000] {processor.py:925} INFO - DAG(s) 'example_params_ui_tutorial' retrieved from /home/airflow/.local/lib/python3.12/site-packages/airflow/example_dags/example_params_ui_tutorial.py
[2024-10-22T09:38:59.873+0000] {logging_mixin.py:190} INFO - [2024-10-22T09:38:59.872+0000] {dag.py:3239} INFO - Sync 1 DAGs
[2024-10-22T09:38:59.929+0000] {logging_mixin.py:190} INFO - [2024-10-22T09:38:59.927+0000] {dag.py:4180} INFO - Setting next_dagrun for example_params_ui_tutorial to None, run_after=None
[2024-10-22T09:39:00.079+0000] {processor.py:208} INFO - Processing /home/airflow/.local/lib/python3.12/site-packages/airflow/example_dags/example_params_ui_tutorial.py took 0.463 seconds
[2024-10-22T09:39:30.231+0000] {processor.py:186} INFO - Started process (PID=1913) to work on /home/airflow/.local/lib/python3.12/site-packages/airflow/example_dags/example_params_ui_tutorial.py
[2024-10-22T09:39:30.233+0000] {processor.py:914} INFO - Processing file /home/airflow/.local/lib/python3.12/site-packages/airflow/example_dags/example_params_ui_tutorial.py for tasks to queue
[2024-10-22T09:39:30.238+0000] {logging_mixin.py:190} INFO - [2024-10-22T09:39:30.237+0000] {dagbag.py:588} INFO - Filling up the DagBag from /home/airflow/.local/lib/python3.12/site-packages/airflow/example_dags/example_params_ui_tutorial.py
[2024-10-22T09:39:30.254+0000] {processor.py:925} INFO - DAG(s) 'example_params_ui_tutorial' retrieved from /home/airflow/.local/lib/python3.12/site-packages/airflow/example_dags/example_params_ui_tutorial.py
[2024-10-22T09:39:30.330+0000] {logging_mixin.py:190} INFO - [2024-10-22T09:39:30.330+0000] {dag.py:3239} INFO - Sync 1 DAGs
[2024-10-22T09:39:30.355+0000] {logging_mixin.py:190} INFO - [2024-10-22T09:39:30.355+0000] {dag.py:4180} INFO - Setting next_dagrun for example_params_ui_tutorial to None, run_after=None
[2024-10-22T09:39:30.386+0000] {processor.py:208} INFO - Processing /home/airflow/.local/lib/python3.12/site-packages/airflow/example_dags/example_params_ui_tutorial.py took 0.165 seconds
[2024-10-22T09:40:00.876+0000] {processor.py:186} INFO - Started process (PID=1973) to work on /home/airflow/.local/lib/python3.12/site-packages/airflow/example_dags/example_params_ui_tutorial.py
[2024-10-22T09:40:00.879+0000] {processor.py:914} INFO - Processing file /home/airflow/.local/lib/python3.12/site-packages/airflow/example_dags/example_params_ui_tutorial.py for tasks to queue
[2024-10-22T09:40:00.885+0000] {logging_mixin.py:190} INFO - [2024-10-22T09:40:00.884+0000] {dagbag.py:588} INFO - Filling up the DagBag from /home/airflow/.local/lib/python3.12/site-packages/airflow/example_dags/example_params_ui_tutorial.py
[2024-10-22T09:40:00.904+0000] {processor.py:925} INFO - DAG(s) 'example_params_ui_tutorial' retrieved from /home/airflow/.local/lib/python3.12/site-packages/airflow/example_dags/example_params_ui_tutorial.py
[2024-10-22T09:40:00.999+0000] {logging_mixin.py:190} INFO - [2024-10-22T09:40:00.998+0000] {dag.py:3239} INFO - Sync 1 DAGs
[2024-10-22T09:40:01.028+0000] {logging_mixin.py:190} INFO - [2024-10-22T09:40:01.027+0000] {dag.py:4180} INFO - Setting next_dagrun for example_params_ui_tutorial to None, run_after=None
[2024-10-22T09:40:01.065+0000] {processor.py:208} INFO - Processing /home/airflow/.local/lib/python3.12/site-packages/airflow/example_dags/example_params_ui_tutorial.py took 0.205 seconds
[2024-10-22T09:40:31.868+0000] {processor.py:186} INFO - Started process (PID=2035) to work on /home/airflow/.local/lib/python3.12/site-packages/airflow/example_dags/example_params_ui_tutorial.py
[2024-10-22T09:40:31.870+0000] {processor.py:914} INFO - Processing file /home/airflow/.local/lib/python3.12/site-packages/airflow/example_dags/example_params_ui_tutorial.py for tasks to queue
[2024-10-22T09:40:31.874+0000] {logging_mixin.py:190} INFO - [2024-10-22T09:40:31.874+0000] {dagbag.py:588} INFO - Filling up the DagBag from /home/airflow/.local/lib/python3.12/site-packages/airflow/example_dags/example_params_ui_tutorial.py
[2024-10-22T09:40:31.891+0000] {processor.py:925} INFO - DAG(s) 'example_params_ui_tutorial' retrieved from /home/airflow/.local/lib/python3.12/site-packages/airflow/example_dags/example_params_ui_tutorial.py
[2024-10-22T09:40:31.983+0000] {logging_mixin.py:190} INFO - [2024-10-22T09:40:31.982+0000] {dag.py:3239} INFO - Sync 1 DAGs
[2024-10-22T09:40:32.018+0000] {logging_mixin.py:190} INFO - [2024-10-22T09:40:32.018+0000] {dag.py:4180} INFO - Setting next_dagrun for example_params_ui_tutorial to None, run_after=None
[2024-10-22T09:40:32.076+0000] {processor.py:208} INFO - Processing /home/airflow/.local/lib/python3.12/site-packages/airflow/example_dags/example_params_ui_tutorial.py took 0.222 seconds
[2024-10-22T09:41:02.462+0000] {processor.py:186} INFO - Started process (PID=2097) to work on /home/airflow/.local/lib/python3.12/site-packages/airflow/example_dags/example_params_ui_tutorial.py
[2024-10-22T09:41:02.465+0000] {processor.py:914} INFO - Processing file /home/airflow/.local/lib/python3.12/site-packages/airflow/example_dags/example_params_ui_tutorial.py for tasks to queue
[2024-10-22T09:41:02.474+0000] {logging_mixin.py:190} INFO - [2024-10-22T09:41:02.473+0000] {dagbag.py:588} INFO - Filling up the DagBag from /home/airflow/.local/lib/python3.12/site-packages/airflow/example_dags/example_params_ui_tutorial.py
[2024-10-22T09:41:02.505+0000] {processor.py:925} INFO - DAG(s) 'example_params_ui_tutorial' retrieved from /home/airflow/.local/lib/python3.12/site-packages/airflow/example_dags/example_params_ui_tutorial.py
[2024-10-22T09:41:02.699+0000] {logging_mixin.py:190} INFO - [2024-10-22T09:41:02.698+0000] {dag.py:3239} INFO - Sync 1 DAGs
[2024-10-22T09:41:02.738+0000] {logging_mixin.py:190} INFO - [2024-10-22T09:41:02.737+0000] {dag.py:4180} INFO - Setting next_dagrun for example_params_ui_tutorial to None, run_after=None
[2024-10-22T09:41:02.820+0000] {processor.py:208} INFO - Processing /home/airflow/.local/lib/python3.12/site-packages/airflow/example_dags/example_params_ui_tutorial.py took 0.377 seconds
[2024-10-22T09:41:33.189+0000] {processor.py:186} INFO - Started process (PID=2159) to work on /home/airflow/.local/lib/python3.12/site-packages/airflow/example_dags/example_params_ui_tutorial.py
[2024-10-22T09:41:33.191+0000] {processor.py:914} INFO - Processing file /home/airflow/.local/lib/python3.12/site-packages/airflow/example_dags/example_params_ui_tutorial.py for tasks to queue
[2024-10-22T09:41:33.196+0000] {logging_mixin.py:190} INFO - [2024-10-22T09:41:33.195+0000] {dagbag.py:588} INFO - Filling up the DagBag from /home/airflow/.local/lib/python3.12/site-packages/airflow/example_dags/example_params_ui_tutorial.py
[2024-10-22T09:41:33.213+0000] {processor.py:925} INFO - DAG(s) 'example_params_ui_tutorial' retrieved from /home/airflow/.local/lib/python3.12/site-packages/airflow/example_dags/example_params_ui_tutorial.py
[2024-10-22T09:41:33.305+0000] {logging_mixin.py:190} INFO - [2024-10-22T09:41:33.305+0000] {dag.py:3239} INFO - Sync 1 DAGs
[2024-10-22T09:41:33.336+0000] {logging_mixin.py:190} INFO - [2024-10-22T09:41:33.336+0000] {dag.py:4180} INFO - Setting next_dagrun for example_params_ui_tutorial to None, run_after=None
[2024-10-22T09:41:33.378+0000] {processor.py:208} INFO - Processing /home/airflow/.local/lib/python3.12/site-packages/airflow/example_dags/example_params_ui_tutorial.py took 0.200 seconds
[2024-10-22T09:42:03.659+0000] {processor.py:186} INFO - Started process (PID=2221) to work on /home/airflow/.local/lib/python3.12/site-packages/airflow/example_dags/example_params_ui_tutorial.py
[2024-10-22T09:42:03.661+0000] {processor.py:914} INFO - Processing file /home/airflow/.local/lib/python3.12/site-packages/airflow/example_dags/example_params_ui_tutorial.py for tasks to queue
[2024-10-22T09:42:03.669+0000] {logging_mixin.py:190} INFO - [2024-10-22T09:42:03.668+0000] {dagbag.py:588} INFO - Filling up the DagBag from /home/airflow/.local/lib/python3.12/site-packages/airflow/example_dags/example_params_ui_tutorial.py
[2024-10-22T09:42:03.693+0000] {processor.py:925} INFO - DAG(s) 'example_params_ui_tutorial' retrieved from /home/airflow/.local/lib/python3.12/site-packages/airflow/example_dags/example_params_ui_tutorial.py
[2024-10-22T09:42:03.843+0000] {logging_mixin.py:190} INFO - [2024-10-22T09:42:03.843+0000] {dag.py:3239} INFO - Sync 1 DAGs
[2024-10-22T09:42:03.877+0000] {logging_mixin.py:190} INFO - [2024-10-22T09:42:03.876+0000] {dag.py:4180} INFO - Setting next_dagrun for example_params_ui_tutorial to None, run_after=None
[2024-10-22T09:42:03.914+0000] {processor.py:208} INFO - Processing /home/airflow/.local/lib/python3.12/site-packages/airflow/example_dags/example_params_ui_tutorial.py took 0.267 seconds
[2024-10-22T09:42:34.219+0000] {processor.py:186} INFO - Started process (PID=2289) to work on /home/airflow/.local/lib/python3.12/site-packages/airflow/example_dags/example_params_ui_tutorial.py
[2024-10-22T09:42:34.221+0000] {processor.py:914} INFO - Processing file /home/airflow/.local/lib/python3.12/site-packages/airflow/example_dags/example_params_ui_tutorial.py for tasks to queue
[2024-10-22T09:42:34.227+0000] {logging_mixin.py:190} INFO - [2024-10-22T09:42:34.226+0000] {dagbag.py:588} INFO - Filling up the DagBag from /home/airflow/.local/lib/python3.12/site-packages/airflow/example_dags/example_params_ui_tutorial.py
[2024-10-22T09:42:34.249+0000] {processor.py:925} INFO - DAG(s) 'example_params_ui_tutorial' retrieved from /home/airflow/.local/lib/python3.12/site-packages/airflow/example_dags/example_params_ui_tutorial.py
[2024-10-22T09:42:34.344+0000] {logging_mixin.py:190} INFO - [2024-10-22T09:42:34.343+0000] {dag.py:3239} INFO - Sync 1 DAGs
[2024-10-22T09:42:34.387+0000] {logging_mixin.py:190} INFO - [2024-10-22T09:42:34.386+0000] {dag.py:4180} INFO - Setting next_dagrun for example_params_ui_tutorial to None, run_after=None
[2024-10-22T09:42:34.427+0000] {processor.py:208} INFO - Processing /home/airflow/.local/lib/python3.12/site-packages/airflow/example_dags/example_params_ui_tutorial.py took 0.223 seconds
[2024-10-22T09:43:05.012+0000] {processor.py:186} INFO - Started process (PID=2351) to work on /home/airflow/.local/lib/python3.12/site-packages/airflow/example_dags/example_params_ui_tutorial.py
[2024-10-22T09:43:05.015+0000] {processor.py:914} INFO - Processing file /home/airflow/.local/lib/python3.12/site-packages/airflow/example_dags/example_params_ui_tutorial.py for tasks to queue
[2024-10-22T09:43:05.022+0000] {logging_mixin.py:190} INFO - [2024-10-22T09:43:05.021+0000] {dagbag.py:588} INFO - Filling up the DagBag from /home/airflow/.local/lib/python3.12/site-packages/airflow/example_dags/example_params_ui_tutorial.py
[2024-10-22T09:43:05.049+0000] {processor.py:925} INFO - DAG(s) 'example_params_ui_tutorial' retrieved from /home/airflow/.local/lib/python3.12/site-packages/airflow/example_dags/example_params_ui_tutorial.py
[2024-10-22T09:43:05.336+0000] {logging_mixin.py:190} INFO - [2024-10-22T09:43:05.336+0000] {dag.py:3239} INFO - Sync 1 DAGs
[2024-10-22T09:43:05.375+0000] {logging_mixin.py:190} INFO - [2024-10-22T09:43:05.375+0000] {dag.py:4180} INFO - Setting next_dagrun for example_params_ui_tutorial to None, run_after=None
[2024-10-22T09:43:05.430+0000] {processor.py:208} INFO - Processing /home/airflow/.local/lib/python3.12/site-packages/airflow/example_dags/example_params_ui_tutorial.py took 0.435 seconds
[2024-10-22T09:43:35.649+0000] {processor.py:186} INFO - Started process (PID=2411) to work on /home/airflow/.local/lib/python3.12/site-packages/airflow/example_dags/example_params_ui_tutorial.py
[2024-10-22T09:43:35.651+0000] {processor.py:914} INFO - Processing file /home/airflow/.local/lib/python3.12/site-packages/airflow/example_dags/example_params_ui_tutorial.py for tasks to queue
[2024-10-22T09:43:35.656+0000] {logging_mixin.py:190} INFO - [2024-10-22T09:43:35.656+0000] {dagbag.py:588} INFO - Filling up the DagBag from /home/airflow/.local/lib/python3.12/site-packages/airflow/example_dags/example_params_ui_tutorial.py
[2024-10-22T09:43:35.678+0000] {processor.py:925} INFO - DAG(s) 'example_params_ui_tutorial' retrieved from /home/airflow/.local/lib/python3.12/site-packages/airflow/example_dags/example_params_ui_tutorial.py
[2024-10-22T09:43:35.780+0000] {logging_mixin.py:190} INFO - [2024-10-22T09:43:35.779+0000] {dag.py:3239} INFO - Sync 1 DAGs
[2024-10-22T09:43:35.817+0000] {logging_mixin.py:190} INFO - [2024-10-22T09:43:35.817+0000] {dag.py:4180} INFO - Setting next_dagrun for example_params_ui_tutorial to None, run_after=None
[2024-10-22T09:43:35.855+0000] {processor.py:208} INFO - Processing /home/airflow/.local/lib/python3.12/site-packages/airflow/example_dags/example_params_ui_tutorial.py took 0.219 seconds
[2024-10-22T09:44:06.916+0000] {processor.py:186} INFO - Started process (PID=2468) to work on /home/airflow/.local/lib/python3.12/site-packages/airflow/example_dags/example_params_ui_tutorial.py
[2024-10-22T09:44:06.918+0000] {processor.py:914} INFO - Processing file /home/airflow/.local/lib/python3.12/site-packages/airflow/example_dags/example_params_ui_tutorial.py for tasks to queue
[2024-10-22T09:44:06.923+0000] {logging_mixin.py:190} INFO - [2024-10-22T09:44:06.922+0000] {dagbag.py:588} INFO - Filling up the DagBag from /home/airflow/.local/lib/python3.12/site-packages/airflow/example_dags/example_params_ui_tutorial.py
[2024-10-22T09:44:06.943+0000] {processor.py:925} INFO - DAG(s) 'example_params_ui_tutorial' retrieved from /home/airflow/.local/lib/python3.12/site-packages/airflow/example_dags/example_params_ui_tutorial.py
[2024-10-22T09:44:07.045+0000] {logging_mixin.py:190} INFO - [2024-10-22T09:44:07.045+0000] {dag.py:3239} INFO - Sync 1 DAGs
[2024-10-22T09:44:07.081+0000] {logging_mixin.py:190} INFO - [2024-10-22T09:44:07.081+0000] {dag.py:4180} INFO - Setting next_dagrun for example_params_ui_tutorial to None, run_after=None
[2024-10-22T09:44:07.118+0000] {processor.py:208} INFO - Processing /home/airflow/.local/lib/python3.12/site-packages/airflow/example_dags/example_params_ui_tutorial.py took 0.216 seconds
