[2024-10-22T09:23:32.006+0000] {processor.py:186} INFO - Started process (PID=101) to work on /home/airflow/.local/lib/python3.12/site-packages/airflow/example_dags/example_subdag_operator.py
[2024-10-22T09:23:32.009+0000] {processor.py:914} INFO - Processing file /home/airflow/.local/lib/python3.12/site-packages/airflow/example_dags/example_subdag_operator.py for tasks to queue
[2024-10-22T09:23:32.020+0000] {logging_mixin.py:190} INFO - [2024-10-22T09:23:32.016+0000] {dagbag.py:588} INFO - Filling up the DagBag from /home/airflow/.local/lib/python3.12/site-packages/airflow/example_dags/example_subdag_operator.py
[2024-10-22T09:23:32.113+0000] {processor.py:925} INFO - DAG(s) 'example_subdag_operator.section-1', 'example_subdag_operator.section-2', 'example_subdag_operator' retrieved from /home/airflow/.local/lib/python3.12/site-packages/airflow/example_dags/example_subdag_operator.py
[2024-10-22T09:23:32.175+0000] {logging_mixin.py:190} INFO - [2024-10-22T09:23:32.175+0000] {dag.py:3239} INFO - Sync 3 DAGs
[2024-10-22T09:23:32.249+0000] {logging_mixin.py:190} INFO - [2024-10-22T09:23:32.248+0000] {dag.py:4180} INFO - Setting next_dagrun for example_subdag_operator to 2022-01-01 00:00:00+00:00, run_after=2022-01-01 00:00:00+00:00
[2024-10-22T09:23:32.263+0000] {logging_mixin.py:190} INFO - [2024-10-22T09:23:32.262+0000] {dag.py:4180} INFO - Setting next_dagrun for example_subdag_operator.section-1 to None, run_after=None
[2024-10-22T09:23:32.271+0000] {logging_mixin.py:190} INFO - [2024-10-22T09:23:32.271+0000] {dag.py:4180} INFO - Setting next_dagrun for example_subdag_operator.section-2 to None, run_after=None
[2024-10-22T09:23:32.326+0000] {logging_mixin.py:190} INFO - [2024-10-22T09:23:32.326+0000] {dag.py:3239} INFO - Sync 2 DAGs
[2024-10-22T09:23:32.352+0000] {logging_mixin.py:190} INFO - [2024-10-22T09:23:32.352+0000] {dag.py:4180} INFO - Setting next_dagrun for example_subdag_operator.section-1 to None, run_after=None
[2024-10-22T09:23:32.355+0000] {logging_mixin.py:190} INFO - [2024-10-22T09:23:32.355+0000] {dag.py:4180} INFO - Setting next_dagrun for example_subdag_operator.section-2 to None, run_after=None
[2024-10-22T09:23:32.432+0000] {processor.py:208} INFO - Processing /home/airflow/.local/lib/python3.12/site-packages/airflow/example_dags/example_subdag_operator.py took 0.450 seconds
[2024-10-22T09:24:23.933+0000] {processor.py:186} INFO - Started process (PID=180) to work on /home/airflow/.local/lib/python3.12/site-packages/airflow/example_dags/example_subdag_operator.py
[2024-10-22T09:24:23.935+0000] {processor.py:914} INFO - Processing file /home/airflow/.local/lib/python3.12/site-packages/airflow/example_dags/example_subdag_operator.py for tasks to queue
[2024-10-22T09:24:23.942+0000] {logging_mixin.py:190} INFO - [2024-10-22T09:24:23.941+0000] {dagbag.py:588} INFO - Filling up the DagBag from /home/airflow/.local/lib/python3.12/site-packages/airflow/example_dags/example_subdag_operator.py
[2024-10-22T09:24:23.995+0000] {processor.py:925} INFO - DAG(s) 'example_subdag_operator.section-1', 'example_subdag_operator.section-2', 'example_subdag_operator' retrieved from /home/airflow/.local/lib/python3.12/site-packages/airflow/example_dags/example_subdag_operator.py
[2024-10-22T09:24:24.029+0000] {logging_mixin.py:190} INFO - [2024-10-22T09:24:24.029+0000] {dag.py:3239} INFO - Sync 3 DAGs
[2024-10-22T09:24:24.074+0000] {logging_mixin.py:190} INFO - [2024-10-22T09:24:24.073+0000] {dag.py:4180} INFO - Setting next_dagrun for example_subdag_operator to 2022-01-01 00:00:00+00:00, run_after=2022-01-01 00:00:00+00:00
[2024-10-22T09:24:24.080+0000] {logging_mixin.py:190} INFO - [2024-10-22T09:24:24.080+0000] {dag.py:4180} INFO - Setting next_dagrun for example_subdag_operator.section-1 to None, run_after=None
[2024-10-22T09:24:24.083+0000] {logging_mixin.py:190} INFO - [2024-10-22T09:24:24.083+0000] {dag.py:4180} INFO - Setting next_dagrun for example_subdag_operator.section-2 to None, run_after=None
[2024-10-22T09:24:24.097+0000] {logging_mixin.py:190} INFO - [2024-10-22T09:24:24.097+0000] {dag.py:3239} INFO - Sync 2 DAGs
[2024-10-22T09:24:24.107+0000] {logging_mixin.py:190} INFO - [2024-10-22T09:24:24.107+0000] {dag.py:4180} INFO - Setting next_dagrun for example_subdag_operator.section-1 to None, run_after=None
[2024-10-22T09:24:24.108+0000] {logging_mixin.py:190} INFO - [2024-10-22T09:24:24.108+0000] {dag.py:4180} INFO - Setting next_dagrun for example_subdag_operator.section-2 to None, run_after=None
[2024-10-22T09:24:25.272+0000] {processor.py:208} INFO - Processing /home/airflow/.local/lib/python3.12/site-packages/airflow/example_dags/example_subdag_operator.py took 1.352 seconds
[2024-10-22T09:25:02.323+0000] {processor.py:186} INFO - Started process (PID=242) to work on /home/airflow/.local/lib/python3.12/site-packages/airflow/example_dags/example_subdag_operator.py
[2024-10-22T09:25:02.326+0000] {processor.py:914} INFO - Processing file /home/airflow/.local/lib/python3.12/site-packages/airflow/example_dags/example_subdag_operator.py for tasks to queue
[2024-10-22T09:25:02.332+0000] {logging_mixin.py:190} INFO - [2024-10-22T09:25:02.331+0000] {dagbag.py:588} INFO - Filling up the DagBag from /home/airflow/.local/lib/python3.12/site-packages/airflow/example_dags/example_subdag_operator.py
[2024-10-22T09:25:02.487+0000] {processor.py:925} INFO - DAG(s) 'example_subdag_operator.section-1', 'example_subdag_operator.section-2', 'example_subdag_operator' retrieved from /home/airflow/.local/lib/python3.12/site-packages/airflow/example_dags/example_subdag_operator.py
[2024-10-22T09:25:02.606+0000] {logging_mixin.py:190} INFO - [2024-10-22T09:25:02.606+0000] {dag.py:3239} INFO - Sync 3 DAGs
[2024-10-22T09:25:02.795+0000] {logging_mixin.py:190} INFO - [2024-10-22T09:25:02.795+0000] {dag.py:4180} INFO - Setting next_dagrun for example_subdag_operator to 2022-01-01 00:00:00+00:00, run_after=2022-01-01 00:00:00+00:00
[2024-10-22T09:25:02.809+0000] {logging_mixin.py:190} INFO - [2024-10-22T09:25:02.809+0000] {dag.py:4180} INFO - Setting next_dagrun for example_subdag_operator.section-1 to None, run_after=None
[2024-10-22T09:25:02.813+0000] {logging_mixin.py:190} INFO - [2024-10-22T09:25:02.813+0000] {dag.py:4180} INFO - Setting next_dagrun for example_subdag_operator.section-2 to None, run_after=None
[2024-10-22T09:25:02.832+0000] {logging_mixin.py:190} INFO - [2024-10-22T09:25:02.831+0000] {dag.py:3239} INFO - Sync 2 DAGs
[2024-10-22T09:25:02.853+0000] {logging_mixin.py:190} INFO - [2024-10-22T09:25:02.853+0000] {dag.py:4180} INFO - Setting next_dagrun for example_subdag_operator.section-1 to None, run_after=None
[2024-10-22T09:25:02.855+0000] {logging_mixin.py:190} INFO - [2024-10-22T09:25:02.854+0000] {dag.py:4180} INFO - Setting next_dagrun for example_subdag_operator.section-2 to None, run_after=None
[2024-10-22T09:25:02.900+0000] {processor.py:208} INFO - Processing /home/airflow/.local/lib/python3.12/site-packages/airflow/example_dags/example_subdag_operator.py took 0.621 seconds
[2024-10-22T09:25:33.918+0000] {processor.py:186} INFO - Started process (PID=304) to work on /home/airflow/.local/lib/python3.12/site-packages/airflow/example_dags/example_subdag_operator.py
[2024-10-22T09:25:33.920+0000] {processor.py:914} INFO - Processing file /home/airflow/.local/lib/python3.12/site-packages/airflow/example_dags/example_subdag_operator.py for tasks to queue
[2024-10-22T09:25:33.925+0000] {logging_mixin.py:190} INFO - [2024-10-22T09:25:33.924+0000] {dagbag.py:588} INFO - Filling up the DagBag from /home/airflow/.local/lib/python3.12/site-packages/airflow/example_dags/example_subdag_operator.py
[2024-10-22T09:25:33.975+0000] {processor.py:925} INFO - DAG(s) 'example_subdag_operator.section-1', 'example_subdag_operator.section-2', 'example_subdag_operator' retrieved from /home/airflow/.local/lib/python3.12/site-packages/airflow/example_dags/example_subdag_operator.py
[2024-10-22T09:25:34.015+0000] {logging_mixin.py:190} INFO - [2024-10-22T09:25:34.014+0000] {dag.py:3239} INFO - Sync 3 DAGs
[2024-10-22T09:25:34.084+0000] {logging_mixin.py:190} INFO - [2024-10-22T09:25:34.084+0000] {dag.py:4180} INFO - Setting next_dagrun for example_subdag_operator to 2022-01-01 00:00:00+00:00, run_after=2022-01-01 00:00:00+00:00
[2024-10-22T09:25:34.092+0000] {logging_mixin.py:190} INFO - [2024-10-22T09:25:34.091+0000] {dag.py:4180} INFO - Setting next_dagrun for example_subdag_operator.section-1 to None, run_after=None
[2024-10-22T09:25:34.096+0000] {logging_mixin.py:190} INFO - [2024-10-22T09:25:34.095+0000] {dag.py:4180} INFO - Setting next_dagrun for example_subdag_operator.section-2 to None, run_after=None
[2024-10-22T09:25:34.111+0000] {logging_mixin.py:190} INFO - [2024-10-22T09:25:34.111+0000] {dag.py:3239} INFO - Sync 2 DAGs
[2024-10-22T09:25:34.124+0000] {logging_mixin.py:190} INFO - [2024-10-22T09:25:34.124+0000] {dag.py:4180} INFO - Setting next_dagrun for example_subdag_operator.section-1 to None, run_after=None
[2024-10-22T09:25:34.125+0000] {logging_mixin.py:190} INFO - [2024-10-22T09:25:34.125+0000] {dag.py:4180} INFO - Setting next_dagrun for example_subdag_operator.section-2 to None, run_after=None
[2024-10-22T09:25:34.483+0000] {processor.py:208} INFO - Processing /home/airflow/.local/lib/python3.12/site-packages/airflow/example_dags/example_subdag_operator.py took 0.577 seconds
[2024-10-22T09:26:08.037+0000] {processor.py:186} INFO - Started process (PID=367) to work on /home/airflow/.local/lib/python3.12/site-packages/airflow/example_dags/example_subdag_operator.py
[2024-10-22T09:26:08.039+0000] {processor.py:914} INFO - Processing file /home/airflow/.local/lib/python3.12/site-packages/airflow/example_dags/example_subdag_operator.py for tasks to queue
[2024-10-22T09:26:08.044+0000] {logging_mixin.py:190} INFO - [2024-10-22T09:26:08.043+0000] {dagbag.py:588} INFO - Filling up the DagBag from /home/airflow/.local/lib/python3.12/site-packages/airflow/example_dags/example_subdag_operator.py
[2024-10-22T09:26:08.208+0000] {processor.py:925} INFO - DAG(s) 'example_subdag_operator.section-1', 'example_subdag_operator.section-2', 'example_subdag_operator' retrieved from /home/airflow/.local/lib/python3.12/site-packages/airflow/example_dags/example_subdag_operator.py
[2024-10-22T09:26:08.285+0000] {logging_mixin.py:190} INFO - [2024-10-22T09:26:08.285+0000] {dag.py:3239} INFO - Sync 3 DAGs
[2024-10-22T09:26:08.419+0000] {logging_mixin.py:190} INFO - [2024-10-22T09:26:08.418+0000] {dag.py:4180} INFO - Setting next_dagrun for example_subdag_operator to 2022-01-01 00:00:00+00:00, run_after=2022-01-01 00:00:00+00:00
[2024-10-22T09:26:08.435+0000] {logging_mixin.py:190} INFO - [2024-10-22T09:26:08.434+0000] {dag.py:4180} INFO - Setting next_dagrun for example_subdag_operator.section-1 to None, run_after=None
[2024-10-22T09:26:08.440+0000] {logging_mixin.py:190} INFO - [2024-10-22T09:26:08.439+0000] {dag.py:4180} INFO - Setting next_dagrun for example_subdag_operator.section-2 to None, run_after=None
[2024-10-22T09:26:08.464+0000] {logging_mixin.py:190} INFO - [2024-10-22T09:26:08.463+0000] {dag.py:3239} INFO - Sync 2 DAGs
[2024-10-22T09:26:08.486+0000] {logging_mixin.py:190} INFO - [2024-10-22T09:26:08.485+0000] {dag.py:4180} INFO - Setting next_dagrun for example_subdag_operator.section-1 to None, run_after=None
[2024-10-22T09:26:08.488+0000] {logging_mixin.py:190} INFO - [2024-10-22T09:26:08.487+0000] {dag.py:4180} INFO - Setting next_dagrun for example_subdag_operator.section-2 to None, run_after=None
[2024-10-22T09:26:08.601+0000] {processor.py:208} INFO - Processing /home/airflow/.local/lib/python3.12/site-packages/airflow/example_dags/example_subdag_operator.py took 0.585 seconds
[2024-10-22T09:26:51.458+0000] {processor.py:186} INFO - Started process (PID=438) to work on /home/airflow/.local/lib/python3.12/site-packages/airflow/example_dags/example_subdag_operator.py
[2024-10-22T09:26:51.477+0000] {processor.py:914} INFO - Processing file /home/airflow/.local/lib/python3.12/site-packages/airflow/example_dags/example_subdag_operator.py for tasks to queue
[2024-10-22T09:26:51.496+0000] {logging_mixin.py:190} INFO - [2024-10-22T09:26:51.495+0000] {dagbag.py:588} INFO - Filling up the DagBag from /home/airflow/.local/lib/python3.12/site-packages/airflow/example_dags/example_subdag_operator.py
[2024-10-22T09:26:51.710+0000] {processor.py:925} INFO - DAG(s) 'example_subdag_operator.section-1', 'example_subdag_operator.section-2', 'example_subdag_operator' retrieved from /home/airflow/.local/lib/python3.12/site-packages/airflow/example_dags/example_subdag_operator.py
[2024-10-22T09:26:51.904+0000] {logging_mixin.py:190} INFO - [2024-10-22T09:26:51.892+0000] {dag.py:3239} INFO - Sync 3 DAGs
[2024-10-22T09:26:52.272+0000] {logging_mixin.py:190} INFO - [2024-10-22T09:26:52.272+0000] {dag.py:4180} INFO - Setting next_dagrun for example_subdag_operator to 2022-01-01 00:00:00+00:00, run_after=2022-01-01 00:00:00+00:00
[2024-10-22T09:26:52.459+0000] {logging_mixin.py:190} INFO - [2024-10-22T09:26:52.459+0000] {dag.py:4180} INFO - Setting next_dagrun for example_subdag_operator.section-1 to None, run_after=None
[2024-10-22T09:26:52.575+0000] {logging_mixin.py:190} INFO - [2024-10-22T09:26:52.575+0000] {dag.py:4180} INFO - Setting next_dagrun for example_subdag_operator.section-2 to None, run_after=None
[2024-10-22T09:26:52.657+0000] {logging_mixin.py:190} INFO - [2024-10-22T09:26:52.657+0000] {dag.py:3239} INFO - Sync 2 DAGs
[2024-10-22T09:26:52.740+0000] {logging_mixin.py:190} INFO - [2024-10-22T09:26:52.739+0000] {dag.py:4180} INFO - Setting next_dagrun for example_subdag_operator.section-1 to None, run_after=None
[2024-10-22T09:26:52.833+0000] {logging_mixin.py:190} INFO - [2024-10-22T09:26:52.832+0000] {dag.py:4180} INFO - Setting next_dagrun for example_subdag_operator.section-2 to None, run_after=None
[2024-10-22T09:26:52.938+0000] {processor.py:208} INFO - Processing /home/airflow/.local/lib/python3.12/site-packages/airflow/example_dags/example_subdag_operator.py took 1.531 seconds
[2024-10-22T09:27:23.314+0000] {processor.py:186} INFO - Started process (PID=499) to work on /home/airflow/.local/lib/python3.12/site-packages/airflow/example_dags/example_subdag_operator.py
[2024-10-22T09:27:23.317+0000] {processor.py:914} INFO - Processing file /home/airflow/.local/lib/python3.12/site-packages/airflow/example_dags/example_subdag_operator.py for tasks to queue
[2024-10-22T09:27:23.322+0000] {logging_mixin.py:190} INFO - [2024-10-22T09:27:23.322+0000] {dagbag.py:588} INFO - Filling up the DagBag from /home/airflow/.local/lib/python3.12/site-packages/airflow/example_dags/example_subdag_operator.py
[2024-10-22T09:27:23.372+0000] {processor.py:925} INFO - DAG(s) 'example_subdag_operator.section-1', 'example_subdag_operator.section-2', 'example_subdag_operator' retrieved from /home/airflow/.local/lib/python3.12/site-packages/airflow/example_dags/example_subdag_operator.py
[2024-10-22T09:27:23.410+0000] {logging_mixin.py:190} INFO - [2024-10-22T09:27:23.410+0000] {dag.py:3239} INFO - Sync 3 DAGs
[2024-10-22T09:27:23.480+0000] {logging_mixin.py:190} INFO - [2024-10-22T09:27:23.479+0000] {dag.py:4180} INFO - Setting next_dagrun for example_subdag_operator to 2022-01-01 00:00:00+00:00, run_after=2022-01-01 00:00:00+00:00
[2024-10-22T09:27:23.492+0000] {logging_mixin.py:190} INFO - [2024-10-22T09:27:23.491+0000] {dag.py:4180} INFO - Setting next_dagrun for example_subdag_operator.section-1 to None, run_after=None
[2024-10-22T09:27:23.505+0000] {logging_mixin.py:190} INFO - [2024-10-22T09:27:23.504+0000] {dag.py:4180} INFO - Setting next_dagrun for example_subdag_operator.section-2 to None, run_after=None
[2024-10-22T09:27:23.524+0000] {logging_mixin.py:190} INFO - [2024-10-22T09:27:23.523+0000] {dag.py:3239} INFO - Sync 2 DAGs
[2024-10-22T09:27:23.538+0000] {logging_mixin.py:190} INFO - [2024-10-22T09:27:23.538+0000] {dag.py:4180} INFO - Setting next_dagrun for example_subdag_operator.section-1 to None, run_after=None
[2024-10-22T09:27:23.540+0000] {logging_mixin.py:190} INFO - [2024-10-22T09:27:23.539+0000] {dag.py:4180} INFO - Setting next_dagrun for example_subdag_operator.section-2 to None, run_after=None
[2024-10-22T09:27:23.981+0000] {processor.py:208} INFO - Processing /home/airflow/.local/lib/python3.12/site-packages/airflow/example_dags/example_subdag_operator.py took 0.678 seconds
[2024-10-22T09:27:54.127+0000] {processor.py:186} INFO - Started process (PID=561) to work on /home/airflow/.local/lib/python3.12/site-packages/airflow/example_dags/example_subdag_operator.py
[2024-10-22T09:27:54.130+0000] {processor.py:914} INFO - Processing file /home/airflow/.local/lib/python3.12/site-packages/airflow/example_dags/example_subdag_operator.py for tasks to queue
[2024-10-22T09:27:54.143+0000] {logging_mixin.py:190} INFO - [2024-10-22T09:27:54.142+0000] {dagbag.py:588} INFO - Filling up the DagBag from /home/airflow/.local/lib/python3.12/site-packages/airflow/example_dags/example_subdag_operator.py
[2024-10-22T09:27:54.233+0000] {processor.py:925} INFO - DAG(s) 'example_subdag_operator.section-1', 'example_subdag_operator.section-2', 'example_subdag_operator' retrieved from /home/airflow/.local/lib/python3.12/site-packages/airflow/example_dags/example_subdag_operator.py
[2024-10-22T09:27:54.284+0000] {logging_mixin.py:190} INFO - [2024-10-22T09:27:54.283+0000] {dag.py:3239} INFO - Sync 3 DAGs
[2024-10-22T09:27:54.372+0000] {logging_mixin.py:190} INFO - [2024-10-22T09:27:54.371+0000] {dag.py:4180} INFO - Setting next_dagrun for example_subdag_operator to 2022-01-01 00:00:00+00:00, run_after=2022-01-01 00:00:00+00:00
[2024-10-22T09:27:54.385+0000] {logging_mixin.py:190} INFO - [2024-10-22T09:27:54.384+0000] {dag.py:4180} INFO - Setting next_dagrun for example_subdag_operator.section-1 to None, run_after=None
[2024-10-22T09:27:54.389+0000] {logging_mixin.py:190} INFO - [2024-10-22T09:27:54.388+0000] {dag.py:4180} INFO - Setting next_dagrun for example_subdag_operator.section-2 to None, run_after=None
[2024-10-22T09:27:54.408+0000] {logging_mixin.py:190} INFO - [2024-10-22T09:27:54.408+0000] {dag.py:3239} INFO - Sync 2 DAGs
[2024-10-22T09:27:54.433+0000] {logging_mixin.py:190} INFO - [2024-10-22T09:27:54.432+0000] {dag.py:4180} INFO - Setting next_dagrun for example_subdag_operator.section-1 to None, run_after=None
[2024-10-22T09:27:54.435+0000] {logging_mixin.py:190} INFO - [2024-10-22T09:27:54.434+0000] {dag.py:4180} INFO - Setting next_dagrun for example_subdag_operator.section-2 to None, run_after=None
[2024-10-22T09:27:54.473+0000] {processor.py:208} INFO - Processing /home/airflow/.local/lib/python3.12/site-packages/airflow/example_dags/example_subdag_operator.py took 0.365 seconds
[2024-10-22T09:28:25.822+0000] {processor.py:186} INFO - Started process (PID=623) to work on /home/airflow/.local/lib/python3.12/site-packages/airflow/example_dags/example_subdag_operator.py
[2024-10-22T09:28:25.824+0000] {processor.py:914} INFO - Processing file /home/airflow/.local/lib/python3.12/site-packages/airflow/example_dags/example_subdag_operator.py for tasks to queue
[2024-10-22T09:28:25.829+0000] {logging_mixin.py:190} INFO - [2024-10-22T09:28:25.829+0000] {dagbag.py:588} INFO - Filling up the DagBag from /home/airflow/.local/lib/python3.12/site-packages/airflow/example_dags/example_subdag_operator.py
[2024-10-22T09:28:25.879+0000] {processor.py:925} INFO - DAG(s) 'example_subdag_operator.section-1', 'example_subdag_operator.section-2', 'example_subdag_operator' retrieved from /home/airflow/.local/lib/python3.12/site-packages/airflow/example_dags/example_subdag_operator.py
[2024-10-22T09:28:25.909+0000] {logging_mixin.py:190} INFO - [2024-10-22T09:28:25.908+0000] {dag.py:3239} INFO - Sync 3 DAGs
[2024-10-22T09:28:25.953+0000] {logging_mixin.py:190} INFO - [2024-10-22T09:28:25.952+0000] {dag.py:4180} INFO - Setting next_dagrun for example_subdag_operator to 2022-01-01 00:00:00+00:00, run_after=2022-01-01 00:00:00+00:00
[2024-10-22T09:28:25.960+0000] {logging_mixin.py:190} INFO - [2024-10-22T09:28:25.959+0000] {dag.py:4180} INFO - Setting next_dagrun for example_subdag_operator.section-1 to None, run_after=None
[2024-10-22T09:28:25.963+0000] {logging_mixin.py:190} INFO - [2024-10-22T09:28:25.962+0000] {dag.py:4180} INFO - Setting next_dagrun for example_subdag_operator.section-2 to None, run_after=None
[2024-10-22T09:28:25.977+0000] {logging_mixin.py:190} INFO - [2024-10-22T09:28:25.976+0000] {dag.py:3239} INFO - Sync 2 DAGs
[2024-10-22T09:28:25.987+0000] {logging_mixin.py:190} INFO - [2024-10-22T09:28:25.987+0000] {dag.py:4180} INFO - Setting next_dagrun for example_subdag_operator.section-1 to None, run_after=None
[2024-10-22T09:28:25.988+0000] {logging_mixin.py:190} INFO - [2024-10-22T09:28:25.988+0000] {dag.py:4180} INFO - Setting next_dagrun for example_subdag_operator.section-2 to None, run_after=None
[2024-10-22T09:28:26.938+0000] {processor.py:208} INFO - Processing /home/airflow/.local/lib/python3.12/site-packages/airflow/example_dags/example_subdag_operator.py took 1.129 seconds
[2024-10-22T09:28:57.528+0000] {processor.py:186} INFO - Started process (PID=685) to work on /home/airflow/.local/lib/python3.12/site-packages/airflow/example_dags/example_subdag_operator.py
[2024-10-22T09:28:57.531+0000] {processor.py:914} INFO - Processing file /home/airflow/.local/lib/python3.12/site-packages/airflow/example_dags/example_subdag_operator.py for tasks to queue
[2024-10-22T09:28:57.535+0000] {logging_mixin.py:190} INFO - [2024-10-22T09:28:57.534+0000] {dagbag.py:588} INFO - Filling up the DagBag from /home/airflow/.local/lib/python3.12/site-packages/airflow/example_dags/example_subdag_operator.py
[2024-10-22T09:28:57.583+0000] {processor.py:925} INFO - DAG(s) 'example_subdag_operator.section-1', 'example_subdag_operator.section-2', 'example_subdag_operator' retrieved from /home/airflow/.local/lib/python3.12/site-packages/airflow/example_dags/example_subdag_operator.py
[2024-10-22T09:28:57.617+0000] {logging_mixin.py:190} INFO - [2024-10-22T09:28:57.617+0000] {dag.py:3239} INFO - Sync 3 DAGs
[2024-10-22T09:28:57.687+0000] {logging_mixin.py:190} INFO - [2024-10-22T09:28:57.687+0000] {dag.py:4180} INFO - Setting next_dagrun for example_subdag_operator to 2022-01-01 00:00:00+00:00, run_after=2022-01-01 00:00:00+00:00
[2024-10-22T09:28:57.696+0000] {logging_mixin.py:190} INFO - [2024-10-22T09:28:57.695+0000] {dag.py:4180} INFO - Setting next_dagrun for example_subdag_operator.section-1 to None, run_after=None
[2024-10-22T09:28:57.700+0000] {logging_mixin.py:190} INFO - [2024-10-22T09:28:57.700+0000] {dag.py:4180} INFO - Setting next_dagrun for example_subdag_operator.section-2 to None, run_after=None
[2024-10-22T09:28:57.722+0000] {logging_mixin.py:190} INFO - [2024-10-22T09:28:57.722+0000] {dag.py:3239} INFO - Sync 2 DAGs
[2024-10-22T09:28:57.741+0000] {logging_mixin.py:190} INFO - [2024-10-22T09:28:57.741+0000] {dag.py:4180} INFO - Setting next_dagrun for example_subdag_operator.section-1 to None, run_after=None
[2024-10-22T09:28:57.743+0000] {logging_mixin.py:190} INFO - [2024-10-22T09:28:57.743+0000] {dag.py:4180} INFO - Setting next_dagrun for example_subdag_operator.section-2 to None, run_after=None
[2024-10-22T09:28:57.783+0000] {processor.py:208} INFO - Processing /home/airflow/.local/lib/python3.12/site-packages/airflow/example_dags/example_subdag_operator.py took 0.269 seconds
[2024-10-22T09:29:28.937+0000] {processor.py:186} INFO - Started process (PID=749) to work on /home/airflow/.local/lib/python3.12/site-packages/airflow/example_dags/example_subdag_operator.py
[2024-10-22T09:29:28.939+0000] {processor.py:914} INFO - Processing file /home/airflow/.local/lib/python3.12/site-packages/airflow/example_dags/example_subdag_operator.py for tasks to queue
[2024-10-22T09:29:28.944+0000] {logging_mixin.py:190} INFO - [2024-10-22T09:29:28.943+0000] {dagbag.py:588} INFO - Filling up the DagBag from /home/airflow/.local/lib/python3.12/site-packages/airflow/example_dags/example_subdag_operator.py
[2024-10-22T09:29:28.995+0000] {processor.py:925} INFO - DAG(s) 'example_subdag_operator.section-1', 'example_subdag_operator.section-2', 'example_subdag_operator' retrieved from /home/airflow/.local/lib/python3.12/site-packages/airflow/example_dags/example_subdag_operator.py
[2024-10-22T09:29:29.024+0000] {logging_mixin.py:190} INFO - [2024-10-22T09:29:29.023+0000] {dag.py:3239} INFO - Sync 3 DAGs
[2024-10-22T09:29:29.073+0000] {logging_mixin.py:190} INFO - [2024-10-22T09:29:29.073+0000] {dag.py:4180} INFO - Setting next_dagrun for example_subdag_operator to 2022-01-01 00:00:00+00:00, run_after=2022-01-01 00:00:00+00:00
[2024-10-22T09:29:29.080+0000] {logging_mixin.py:190} INFO - [2024-10-22T09:29:29.080+0000] {dag.py:4180} INFO - Setting next_dagrun for example_subdag_operator.section-1 to None, run_after=None
[2024-10-22T09:29:29.083+0000] {logging_mixin.py:190} INFO - [2024-10-22T09:29:29.083+0000] {dag.py:4180} INFO - Setting next_dagrun for example_subdag_operator.section-2 to None, run_after=None
[2024-10-22T09:29:29.101+0000] {logging_mixin.py:190} INFO - [2024-10-22T09:29:29.101+0000] {dag.py:3239} INFO - Sync 2 DAGs
[2024-10-22T09:29:29.115+0000] {logging_mixin.py:190} INFO - [2024-10-22T09:29:29.115+0000] {dag.py:4180} INFO - Setting next_dagrun for example_subdag_operator.section-1 to None, run_after=None
[2024-10-22T09:29:29.117+0000] {logging_mixin.py:190} INFO - [2024-10-22T09:29:29.117+0000] {dag.py:4180} INFO - Setting next_dagrun for example_subdag_operator.section-2 to None, run_after=None
[2024-10-22T09:29:29.141+0000] {processor.py:208} INFO - Processing /home/airflow/.local/lib/python3.12/site-packages/airflow/example_dags/example_subdag_operator.py took 0.215 seconds
[2024-10-22T09:30:00.077+0000] {processor.py:186} INFO - Started process (PID=811) to work on /home/airflow/.local/lib/python3.12/site-packages/airflow/example_dags/example_subdag_operator.py
[2024-10-22T09:30:00.079+0000] {processor.py:914} INFO - Processing file /home/airflow/.local/lib/python3.12/site-packages/airflow/example_dags/example_subdag_operator.py for tasks to queue
[2024-10-22T09:30:00.093+0000] {logging_mixin.py:190} INFO - [2024-10-22T09:30:00.092+0000] {dagbag.py:588} INFO - Filling up the DagBag from /home/airflow/.local/lib/python3.12/site-packages/airflow/example_dags/example_subdag_operator.py
[2024-10-22T09:30:00.178+0000] {processor.py:925} INFO - DAG(s) 'example_subdag_operator.section-1', 'example_subdag_operator.section-2', 'example_subdag_operator' retrieved from /home/airflow/.local/lib/python3.12/site-packages/airflow/example_dags/example_subdag_operator.py
[2024-10-22T09:30:00.221+0000] {logging_mixin.py:190} INFO - [2024-10-22T09:30:00.220+0000] {dag.py:3239} INFO - Sync 3 DAGs
[2024-10-22T09:30:00.341+0000] {logging_mixin.py:190} INFO - [2024-10-22T09:30:00.341+0000] {dag.py:4180} INFO - Setting next_dagrun for example_subdag_operator to 2022-01-01 00:00:00+00:00, run_after=2022-01-01 00:00:00+00:00
[2024-10-22T09:30:00.358+0000] {logging_mixin.py:190} INFO - [2024-10-22T09:30:00.357+0000] {dag.py:4180} INFO - Setting next_dagrun for example_subdag_operator.section-1 to None, run_after=None
[2024-10-22T09:30:00.365+0000] {logging_mixin.py:190} INFO - [2024-10-22T09:30:00.364+0000] {dag.py:4180} INFO - Setting next_dagrun for example_subdag_operator.section-2 to None, run_after=None
[2024-10-22T09:30:00.398+0000] {logging_mixin.py:190} INFO - [2024-10-22T09:30:00.397+0000] {dag.py:3239} INFO - Sync 2 DAGs
[2024-10-22T09:30:00.431+0000] {logging_mixin.py:190} INFO - [2024-10-22T09:30:00.430+0000] {dag.py:4180} INFO - Setting next_dagrun for example_subdag_operator.section-1 to None, run_after=None
[2024-10-22T09:30:00.433+0000] {logging_mixin.py:190} INFO - [2024-10-22T09:30:00.432+0000] {dag.py:4180} INFO - Setting next_dagrun for example_subdag_operator.section-2 to None, run_after=None
[2024-10-22T09:30:00.492+0000] {processor.py:208} INFO - Processing /home/airflow/.local/lib/python3.12/site-packages/airflow/example_dags/example_subdag_operator.py took 0.441 seconds
[2024-10-22T09:30:31.348+0000] {processor.py:186} INFO - Started process (PID=873) to work on /home/airflow/.local/lib/python3.12/site-packages/airflow/example_dags/example_subdag_operator.py
[2024-10-22T09:30:31.351+0000] {processor.py:914} INFO - Processing file /home/airflow/.local/lib/python3.12/site-packages/airflow/example_dags/example_subdag_operator.py for tasks to queue
[2024-10-22T09:30:31.365+0000] {logging_mixin.py:190} INFO - [2024-10-22T09:30:31.364+0000] {dagbag.py:588} INFO - Filling up the DagBag from /home/airflow/.local/lib/python3.12/site-packages/airflow/example_dags/example_subdag_operator.py
[2024-10-22T09:30:31.451+0000] {processor.py:925} INFO - DAG(s) 'example_subdag_operator.section-1', 'example_subdag_operator.section-2', 'example_subdag_operator' retrieved from /home/airflow/.local/lib/python3.12/site-packages/airflow/example_dags/example_subdag_operator.py
[2024-10-22T09:30:31.513+0000] {logging_mixin.py:190} INFO - [2024-10-22T09:30:31.513+0000] {dag.py:3239} INFO - Sync 3 DAGs
[2024-10-22T09:30:31.633+0000] {logging_mixin.py:190} INFO - [2024-10-22T09:30:31.632+0000] {dag.py:4180} INFO - Setting next_dagrun for example_subdag_operator to 2022-01-01 00:00:00+00:00, run_after=2022-01-01 00:00:00+00:00
[2024-10-22T09:30:31.650+0000] {logging_mixin.py:190} INFO - [2024-10-22T09:30:31.649+0000] {dag.py:4180} INFO - Setting next_dagrun for example_subdag_operator.section-1 to None, run_after=None
[2024-10-22T09:30:31.659+0000] {logging_mixin.py:190} INFO - [2024-10-22T09:30:31.659+0000] {dag.py:4180} INFO - Setting next_dagrun for example_subdag_operator.section-2 to None, run_after=None
[2024-10-22T09:30:31.709+0000] {logging_mixin.py:190} INFO - [2024-10-22T09:30:31.709+0000] {dag.py:3239} INFO - Sync 2 DAGs
[2024-10-22T09:30:31.749+0000] {logging_mixin.py:190} INFO - [2024-10-22T09:30:31.737+0000] {dag.py:4180} INFO - Setting next_dagrun for example_subdag_operator.section-1 to None, run_after=None
[2024-10-22T09:30:31.755+0000] {logging_mixin.py:190} INFO - [2024-10-22T09:30:31.755+0000] {dag.py:4180} INFO - Setting next_dagrun for example_subdag_operator.section-2 to None, run_after=None
[2024-10-22T09:30:31.817+0000] {processor.py:208} INFO - Processing /home/airflow/.local/lib/python3.12/site-packages/airflow/example_dags/example_subdag_operator.py took 0.493 seconds
[2024-10-22T09:31:02.232+0000] {processor.py:186} INFO - Started process (PID=935) to work on /home/airflow/.local/lib/python3.12/site-packages/airflow/example_dags/example_subdag_operator.py
[2024-10-22T09:31:02.235+0000] {processor.py:914} INFO - Processing file /home/airflow/.local/lib/python3.12/site-packages/airflow/example_dags/example_subdag_operator.py for tasks to queue
[2024-10-22T09:31:02.247+0000] {logging_mixin.py:190} INFO - [2024-10-22T09:31:02.246+0000] {dagbag.py:588} INFO - Filling up the DagBag from /home/airflow/.local/lib/python3.12/site-packages/airflow/example_dags/example_subdag_operator.py
[2024-10-22T09:31:02.391+0000] {processor.py:925} INFO - DAG(s) 'example_subdag_operator.section-1', 'example_subdag_operator.section-2', 'example_subdag_operator' retrieved from /home/airflow/.local/lib/python3.12/site-packages/airflow/example_dags/example_subdag_operator.py
[2024-10-22T09:31:02.472+0000] {logging_mixin.py:190} INFO - [2024-10-22T09:31:02.471+0000] {dag.py:3239} INFO - Sync 3 DAGs
[2024-10-22T09:31:02.532+0000] {logging_mixin.py:190} INFO - [2024-10-22T09:31:02.532+0000] {dag.py:4180} INFO - Setting next_dagrun for example_subdag_operator to 2022-01-01 00:00:00+00:00, run_after=2022-01-01 00:00:00+00:00
[2024-10-22T09:31:02.542+0000] {logging_mixin.py:190} INFO - [2024-10-22T09:31:02.542+0000] {dag.py:4180} INFO - Setting next_dagrun for example_subdag_operator.section-1 to None, run_after=None
[2024-10-22T09:31:02.547+0000] {logging_mixin.py:190} INFO - [2024-10-22T09:31:02.546+0000] {dag.py:4180} INFO - Setting next_dagrun for example_subdag_operator.section-2 to None, run_after=None
[2024-10-22T09:31:02.562+0000] {logging_mixin.py:190} INFO - [2024-10-22T09:31:02.561+0000] {dag.py:3239} INFO - Sync 2 DAGs
[2024-10-22T09:31:02.579+0000] {logging_mixin.py:190} INFO - [2024-10-22T09:31:02.578+0000] {dag.py:4180} INFO - Setting next_dagrun for example_subdag_operator.section-1 to None, run_after=None
[2024-10-22T09:31:02.581+0000] {logging_mixin.py:190} INFO - [2024-10-22T09:31:02.580+0000] {dag.py:4180} INFO - Setting next_dagrun for example_subdag_operator.section-2 to None, run_after=None
[2024-10-22T09:31:02.609+0000] {processor.py:208} INFO - Processing /home/airflow/.local/lib/python3.12/site-packages/airflow/example_dags/example_subdag_operator.py took 0.409 seconds
[2024-10-22T09:31:42.574+0000] {processor.py:186} INFO - Started process (PID=1000) to work on /home/airflow/.local/lib/python3.12/site-packages/airflow/example_dags/example_subdag_operator.py
[2024-10-22T09:31:42.599+0000] {processor.py:914} INFO - Processing file /home/airflow/.local/lib/python3.12/site-packages/airflow/example_dags/example_subdag_operator.py for tasks to queue
[2024-10-22T09:31:42.619+0000] {logging_mixin.py:190} INFO - [2024-10-22T09:31:42.606+0000] {dagbag.py:588} INFO - Filling up the DagBag from /home/airflow/.local/lib/python3.12/site-packages/airflow/example_dags/example_subdag_operator.py
[2024-10-22T09:31:42.817+0000] {processor.py:925} INFO - DAG(s) 'example_subdag_operator.section-1', 'example_subdag_operator.section-2', 'example_subdag_operator' retrieved from /home/airflow/.local/lib/python3.12/site-packages/airflow/example_dags/example_subdag_operator.py
[2024-10-22T09:31:42.943+0000] {logging_mixin.py:190} INFO - [2024-10-22T09:31:42.943+0000] {dag.py:3239} INFO - Sync 3 DAGs
[2024-10-22T09:31:43.123+0000] {logging_mixin.py:190} INFO - [2024-10-22T09:31:43.122+0000] {dag.py:4180} INFO - Setting next_dagrun for example_subdag_operator to 2022-01-01 00:00:00+00:00, run_after=2022-01-01 00:00:00+00:00
[2024-10-22T09:31:43.151+0000] {logging_mixin.py:190} INFO - [2024-10-22T09:31:43.151+0000] {dag.py:4180} INFO - Setting next_dagrun for example_subdag_operator.section-1 to None, run_after=None
[2024-10-22T09:31:43.165+0000] {logging_mixin.py:190} INFO - [2024-10-22T09:31:43.155+0000] {dag.py:4180} INFO - Setting next_dagrun for example_subdag_operator.section-2 to None, run_after=None
[2024-10-22T09:31:43.236+0000] {logging_mixin.py:190} INFO - [2024-10-22T09:31:43.236+0000] {dag.py:3239} INFO - Sync 2 DAGs
[2024-10-22T09:31:43.277+0000] {logging_mixin.py:190} INFO - [2024-10-22T09:31:43.276+0000] {dag.py:4180} INFO - Setting next_dagrun for example_subdag_operator.section-1 to None, run_after=None
[2024-10-22T09:31:43.284+0000] {logging_mixin.py:190} INFO - [2024-10-22T09:31:43.278+0000] {dag.py:4180} INFO - Setting next_dagrun for example_subdag_operator.section-2 to None, run_after=None
[2024-10-22T09:31:43.381+0000] {processor.py:208} INFO - Processing /home/airflow/.local/lib/python3.12/site-packages/airflow/example_dags/example_subdag_operator.py took 0.861 seconds
[2024-10-22T09:32:26.737+0000] {processor.py:186} INFO - Started process (PID=1070) to work on /home/airflow/.local/lib/python3.12/site-packages/airflow/example_dags/example_subdag_operator.py
[2024-10-22T09:32:26.740+0000] {processor.py:914} INFO - Processing file /home/airflow/.local/lib/python3.12/site-packages/airflow/example_dags/example_subdag_operator.py for tasks to queue
[2024-10-22T09:32:26.756+0000] {logging_mixin.py:190} INFO - [2024-10-22T09:32:26.755+0000] {dagbag.py:588} INFO - Filling up the DagBag from /home/airflow/.local/lib/python3.12/site-packages/airflow/example_dags/example_subdag_operator.py
[2024-10-22T09:32:26.936+0000] {processor.py:925} INFO - DAG(s) 'example_subdag_operator.section-1', 'example_subdag_operator.section-2', 'example_subdag_operator' retrieved from /home/airflow/.local/lib/python3.12/site-packages/airflow/example_dags/example_subdag_operator.py
[2024-10-22T09:32:27.064+0000] {logging_mixin.py:190} INFO - [2024-10-22T09:32:27.064+0000] {dag.py:3239} INFO - Sync 3 DAGs
[2024-10-22T09:32:27.225+0000] {logging_mixin.py:190} INFO - [2024-10-22T09:32:27.225+0000] {dag.py:4180} INFO - Setting next_dagrun for example_subdag_operator to 2022-01-01 00:00:00+00:00, run_after=2022-01-01 00:00:00+00:00
[2024-10-22T09:32:27.258+0000] {logging_mixin.py:190} INFO - [2024-10-22T09:32:27.257+0000] {dag.py:4180} INFO - Setting next_dagrun for example_subdag_operator.section-1 to None, run_after=None
[2024-10-22T09:32:27.273+0000] {logging_mixin.py:190} INFO - [2024-10-22T09:32:27.272+0000] {dag.py:4180} INFO - Setting next_dagrun for example_subdag_operator.section-2 to None, run_after=None
[2024-10-22T09:32:27.320+0000] {logging_mixin.py:190} INFO - [2024-10-22T09:32:27.320+0000] {dag.py:3239} INFO - Sync 2 DAGs
[2024-10-22T09:32:27.343+0000] {logging_mixin.py:190} INFO - [2024-10-22T09:32:27.343+0000] {dag.py:4180} INFO - Setting next_dagrun for example_subdag_operator.section-1 to None, run_after=None
[2024-10-22T09:32:27.345+0000] {logging_mixin.py:190} INFO - [2024-10-22T09:32:27.345+0000] {dag.py:4180} INFO - Setting next_dagrun for example_subdag_operator.section-2 to None, run_after=None
[2024-10-22T09:32:27.387+0000] {processor.py:208} INFO - Processing /home/airflow/.local/lib/python3.12/site-packages/airflow/example_dags/example_subdag_operator.py took 0.696 seconds
[2024-10-22T09:33:05.024+0000] {processor.py:186} INFO - Started process (PID=1138) to work on /home/airflow/.local/lib/python3.12/site-packages/airflow/example_dags/example_subdag_operator.py
[2024-10-22T09:33:05.051+0000] {processor.py:914} INFO - Processing file /home/airflow/.local/lib/python3.12/site-packages/airflow/example_dags/example_subdag_operator.py for tasks to queue
[2024-10-22T09:33:05.085+0000] {logging_mixin.py:190} INFO - [2024-10-22T09:33:05.084+0000] {dagbag.py:588} INFO - Filling up the DagBag from /home/airflow/.local/lib/python3.12/site-packages/airflow/example_dags/example_subdag_operator.py
[2024-10-22T09:33:05.235+0000] {processor.py:925} INFO - DAG(s) 'example_subdag_operator.section-1', 'example_subdag_operator.section-2', 'example_subdag_operator' retrieved from /home/airflow/.local/lib/python3.12/site-packages/airflow/example_dags/example_subdag_operator.py
[2024-10-22T09:33:05.373+0000] {logging_mixin.py:190} INFO - [2024-10-22T09:33:05.372+0000] {dag.py:3239} INFO - Sync 3 DAGs
[2024-10-22T09:33:05.479+0000] {logging_mixin.py:190} INFO - [2024-10-22T09:33:05.479+0000] {dag.py:4180} INFO - Setting next_dagrun for example_subdag_operator to 2022-01-01 00:00:00+00:00, run_after=2022-01-01 00:00:00+00:00
[2024-10-22T09:33:05.490+0000] {logging_mixin.py:190} INFO - [2024-10-22T09:33:05.489+0000] {dag.py:4180} INFO - Setting next_dagrun for example_subdag_operator.section-1 to None, run_after=None
[2024-10-22T09:33:05.494+0000] {logging_mixin.py:190} INFO - [2024-10-22T09:33:05.494+0000] {dag.py:4180} INFO - Setting next_dagrun for example_subdag_operator.section-2 to None, run_after=None
[2024-10-22T09:33:05.523+0000] {logging_mixin.py:190} INFO - [2024-10-22T09:33:05.523+0000] {dag.py:3239} INFO - Sync 2 DAGs
[2024-10-22T09:33:05.538+0000] {logging_mixin.py:190} INFO - [2024-10-22T09:33:05.537+0000] {dag.py:4180} INFO - Setting next_dagrun for example_subdag_operator.section-1 to None, run_after=None
[2024-10-22T09:33:05.539+0000] {logging_mixin.py:190} INFO - [2024-10-22T09:33:05.539+0000] {dag.py:4180} INFO - Setting next_dagrun for example_subdag_operator.section-2 to None, run_after=None
[2024-10-22T09:33:05.569+0000] {processor.py:208} INFO - Processing /home/airflow/.local/lib/python3.12/site-packages/airflow/example_dags/example_subdag_operator.py took 0.581 seconds
[2024-10-22T09:33:35.674+0000] {processor.py:186} INFO - Started process (PID=1200) to work on /home/airflow/.local/lib/python3.12/site-packages/airflow/example_dags/example_subdag_operator.py
[2024-10-22T09:33:35.677+0000] {processor.py:914} INFO - Processing file /home/airflow/.local/lib/python3.12/site-packages/airflow/example_dags/example_subdag_operator.py for tasks to queue
[2024-10-22T09:33:35.683+0000] {logging_mixin.py:190} INFO - [2024-10-22T09:33:35.683+0000] {dagbag.py:588} INFO - Filling up the DagBag from /home/airflow/.local/lib/python3.12/site-packages/airflow/example_dags/example_subdag_operator.py
[2024-10-22T09:33:35.763+0000] {processor.py:925} INFO - DAG(s) 'example_subdag_operator.section-1', 'example_subdag_operator.section-2', 'example_subdag_operator' retrieved from /home/airflow/.local/lib/python3.12/site-packages/airflow/example_dags/example_subdag_operator.py
[2024-10-22T09:33:35.806+0000] {logging_mixin.py:190} INFO - [2024-10-22T09:33:35.806+0000] {dag.py:3239} INFO - Sync 3 DAGs
[2024-10-22T09:33:35.887+0000] {logging_mixin.py:190} INFO - [2024-10-22T09:33:35.886+0000] {dag.py:4180} INFO - Setting next_dagrun for example_subdag_operator to 2022-01-01 00:00:00+00:00, run_after=2022-01-01 00:00:00+00:00
[2024-10-22T09:33:35.912+0000] {logging_mixin.py:190} INFO - [2024-10-22T09:33:35.912+0000] {dag.py:4180} INFO - Setting next_dagrun for example_subdag_operator.section-1 to None, run_after=None
[2024-10-22T09:33:35.917+0000] {logging_mixin.py:190} INFO - [2024-10-22T09:33:35.917+0000] {dag.py:4180} INFO - Setting next_dagrun for example_subdag_operator.section-2 to None, run_after=None
[2024-10-22T09:33:35.934+0000] {logging_mixin.py:190} INFO - [2024-10-22T09:33:35.933+0000] {dag.py:3239} INFO - Sync 2 DAGs
[2024-10-22T09:33:35.949+0000] {logging_mixin.py:190} INFO - [2024-10-22T09:33:35.948+0000] {dag.py:4180} INFO - Setting next_dagrun for example_subdag_operator.section-1 to None, run_after=None
[2024-10-22T09:33:35.950+0000] {logging_mixin.py:190} INFO - [2024-10-22T09:33:35.950+0000] {dag.py:4180} INFO - Setting next_dagrun for example_subdag_operator.section-2 to None, run_after=None
[2024-10-22T09:33:35.998+0000] {processor.py:208} INFO - Processing /home/airflow/.local/lib/python3.12/site-packages/airflow/example_dags/example_subdag_operator.py took 0.341 seconds
[2024-10-22T09:34:06.407+0000] {processor.py:186} INFO - Started process (PID=1262) to work on /home/airflow/.local/lib/python3.12/site-packages/airflow/example_dags/example_subdag_operator.py
[2024-10-22T09:34:06.410+0000] {processor.py:914} INFO - Processing file /home/airflow/.local/lib/python3.12/site-packages/airflow/example_dags/example_subdag_operator.py for tasks to queue
[2024-10-22T09:34:06.416+0000] {logging_mixin.py:190} INFO - [2024-10-22T09:34:06.415+0000] {dagbag.py:588} INFO - Filling up the DagBag from /home/airflow/.local/lib/python3.12/site-packages/airflow/example_dags/example_subdag_operator.py
[2024-10-22T09:34:06.469+0000] {processor.py:925} INFO - DAG(s) 'example_subdag_operator.section-1', 'example_subdag_operator.section-2', 'example_subdag_operator' retrieved from /home/airflow/.local/lib/python3.12/site-packages/airflow/example_dags/example_subdag_operator.py
[2024-10-22T09:34:06.509+0000] {logging_mixin.py:190} INFO - [2024-10-22T09:34:06.508+0000] {dag.py:3239} INFO - Sync 3 DAGs
[2024-10-22T09:34:06.559+0000] {logging_mixin.py:190} INFO - [2024-10-22T09:34:06.558+0000] {dag.py:4180} INFO - Setting next_dagrun for example_subdag_operator to 2022-01-01 00:00:00+00:00, run_after=2022-01-01 00:00:00+00:00
[2024-10-22T09:34:06.566+0000] {logging_mixin.py:190} INFO - [2024-10-22T09:34:06.565+0000] {dag.py:4180} INFO - Setting next_dagrun for example_subdag_operator.section-1 to None, run_after=None
[2024-10-22T09:34:06.568+0000] {logging_mixin.py:190} INFO - [2024-10-22T09:34:06.568+0000] {dag.py:4180} INFO - Setting next_dagrun for example_subdag_operator.section-2 to None, run_after=None
[2024-10-22T09:34:06.584+0000] {logging_mixin.py:190} INFO - [2024-10-22T09:34:06.583+0000] {dag.py:3239} INFO - Sync 2 DAGs
[2024-10-22T09:34:06.596+0000] {logging_mixin.py:190} INFO - [2024-10-22T09:34:06.595+0000] {dag.py:4180} INFO - Setting next_dagrun for example_subdag_operator.section-1 to None, run_after=None
[2024-10-22T09:34:06.597+0000] {logging_mixin.py:190} INFO - [2024-10-22T09:34:06.597+0000] {dag.py:4180} INFO - Setting next_dagrun for example_subdag_operator.section-2 to None, run_after=None
[2024-10-22T09:34:06.619+0000] {processor.py:208} INFO - Processing /home/airflow/.local/lib/python3.12/site-packages/airflow/example_dags/example_subdag_operator.py took 0.225 seconds
[2024-10-22T09:34:37.481+0000] {processor.py:186} INFO - Started process (PID=1324) to work on /home/airflow/.local/lib/python3.12/site-packages/airflow/example_dags/example_subdag_operator.py
[2024-10-22T09:34:37.483+0000] {processor.py:914} INFO - Processing file /home/airflow/.local/lib/python3.12/site-packages/airflow/example_dags/example_subdag_operator.py for tasks to queue
[2024-10-22T09:34:37.489+0000] {logging_mixin.py:190} INFO - [2024-10-22T09:34:37.488+0000] {dagbag.py:588} INFO - Filling up the DagBag from /home/airflow/.local/lib/python3.12/site-packages/airflow/example_dags/example_subdag_operator.py
[2024-10-22T09:34:37.557+0000] {processor.py:925} INFO - DAG(s) 'example_subdag_operator.section-1', 'example_subdag_operator.section-2', 'example_subdag_operator' retrieved from /home/airflow/.local/lib/python3.12/site-packages/airflow/example_dags/example_subdag_operator.py
[2024-10-22T09:34:37.611+0000] {logging_mixin.py:190} INFO - [2024-10-22T09:34:37.610+0000] {dag.py:3239} INFO - Sync 3 DAGs
[2024-10-22T09:34:37.722+0000] {logging_mixin.py:190} INFO - [2024-10-22T09:34:37.721+0000] {dag.py:4180} INFO - Setting next_dagrun for example_subdag_operator to 2022-01-01 00:00:00+00:00, run_after=2022-01-01 00:00:00+00:00
[2024-10-22T09:34:37.733+0000] {logging_mixin.py:190} INFO - [2024-10-22T09:34:37.732+0000] {dag.py:4180} INFO - Setting next_dagrun for example_subdag_operator.section-1 to None, run_after=None
[2024-10-22T09:34:37.738+0000] {logging_mixin.py:190} INFO - [2024-10-22T09:34:37.737+0000] {dag.py:4180} INFO - Setting next_dagrun for example_subdag_operator.section-2 to None, run_after=None
[2024-10-22T09:34:37.760+0000] {logging_mixin.py:190} INFO - [2024-10-22T09:34:37.759+0000] {dag.py:3239} INFO - Sync 2 DAGs
[2024-10-22T09:34:37.782+0000] {logging_mixin.py:190} INFO - [2024-10-22T09:34:37.781+0000] {dag.py:4180} INFO - Setting next_dagrun for example_subdag_operator.section-1 to None, run_after=None
[2024-10-22T09:34:37.784+0000] {logging_mixin.py:190} INFO - [2024-10-22T09:34:37.783+0000] {dag.py:4180} INFO - Setting next_dagrun for example_subdag_operator.section-2 to None, run_after=None
[2024-10-22T09:34:37.813+0000] {processor.py:208} INFO - Processing /home/airflow/.local/lib/python3.12/site-packages/airflow/example_dags/example_subdag_operator.py took 0.353 seconds
[2024-10-22T09:35:09.129+0000] {processor.py:186} INFO - Started process (PID=1386) to work on /home/airflow/.local/lib/python3.12/site-packages/airflow/example_dags/example_subdag_operator.py
[2024-10-22T09:35:09.131+0000] {processor.py:914} INFO - Processing file /home/airflow/.local/lib/python3.12/site-packages/airflow/example_dags/example_subdag_operator.py for tasks to queue
[2024-10-22T09:35:09.136+0000] {logging_mixin.py:190} INFO - [2024-10-22T09:35:09.135+0000] {dagbag.py:588} INFO - Filling up the DagBag from /home/airflow/.local/lib/python3.12/site-packages/airflow/example_dags/example_subdag_operator.py
[2024-10-22T09:35:09.196+0000] {processor.py:925} INFO - DAG(s) 'example_subdag_operator.section-1', 'example_subdag_operator.section-2', 'example_subdag_operator' retrieved from /home/airflow/.local/lib/python3.12/site-packages/airflow/example_dags/example_subdag_operator.py
[2024-10-22T09:35:09.244+0000] {logging_mixin.py:190} INFO - [2024-10-22T09:35:09.243+0000] {dag.py:3239} INFO - Sync 3 DAGs
[2024-10-22T09:35:09.302+0000] {logging_mixin.py:190} INFO - [2024-10-22T09:35:09.301+0000] {dag.py:4180} INFO - Setting next_dagrun for example_subdag_operator to 2022-01-01 00:00:00+00:00, run_after=2022-01-01 00:00:00+00:00
[2024-10-22T09:35:09.312+0000] {logging_mixin.py:190} INFO - [2024-10-22T09:35:09.311+0000] {dag.py:4180} INFO - Setting next_dagrun for example_subdag_operator.section-1 to None, run_after=None
[2024-10-22T09:35:09.315+0000] {logging_mixin.py:190} INFO - [2024-10-22T09:35:09.315+0000] {dag.py:4180} INFO - Setting next_dagrun for example_subdag_operator.section-2 to None, run_after=None
[2024-10-22T09:35:09.334+0000] {logging_mixin.py:190} INFO - [2024-10-22T09:35:09.333+0000] {dag.py:3239} INFO - Sync 2 DAGs
[2024-10-22T09:35:09.350+0000] {logging_mixin.py:190} INFO - [2024-10-22T09:35:09.350+0000] {dag.py:4180} INFO - Setting next_dagrun for example_subdag_operator.section-1 to None, run_after=None
[2024-10-22T09:35:09.352+0000] {logging_mixin.py:190} INFO - [2024-10-22T09:35:09.351+0000] {dag.py:4180} INFO - Setting next_dagrun for example_subdag_operator.section-2 to None, run_after=None
[2024-10-22T09:35:09.379+0000] {processor.py:208} INFO - Processing /home/airflow/.local/lib/python3.12/site-packages/airflow/example_dags/example_subdag_operator.py took 0.266 seconds
[2024-10-22T09:35:39.963+0000] {processor.py:186} INFO - Started process (PID=1448) to work on /home/airflow/.local/lib/python3.12/site-packages/airflow/example_dags/example_subdag_operator.py
[2024-10-22T09:35:39.965+0000] {processor.py:914} INFO - Processing file /home/airflow/.local/lib/python3.12/site-packages/airflow/example_dags/example_subdag_operator.py for tasks to queue
[2024-10-22T09:35:39.972+0000] {logging_mixin.py:190} INFO - [2024-10-22T09:35:39.971+0000] {dagbag.py:588} INFO - Filling up the DagBag from /home/airflow/.local/lib/python3.12/site-packages/airflow/example_dags/example_subdag_operator.py
[2024-10-22T09:35:40.030+0000] {processor.py:925} INFO - DAG(s) 'example_subdag_operator.section-1', 'example_subdag_operator.section-2', 'example_subdag_operator' retrieved from /home/airflow/.local/lib/python3.12/site-packages/airflow/example_dags/example_subdag_operator.py
[2024-10-22T09:35:40.062+0000] {logging_mixin.py:190} INFO - [2024-10-22T09:35:40.061+0000] {dag.py:3239} INFO - Sync 3 DAGs
[2024-10-22T09:35:40.113+0000] {logging_mixin.py:190} INFO - [2024-10-22T09:35:40.112+0000] {dag.py:4180} INFO - Setting next_dagrun for example_subdag_operator to 2022-01-01 00:00:00+00:00, run_after=2022-01-01 00:00:00+00:00
[2024-10-22T09:35:40.122+0000] {logging_mixin.py:190} INFO - [2024-10-22T09:35:40.121+0000] {dag.py:4180} INFO - Setting next_dagrun for example_subdag_operator.section-1 to None, run_after=None
[2024-10-22T09:35:40.125+0000] {logging_mixin.py:190} INFO - [2024-10-22T09:35:40.125+0000] {dag.py:4180} INFO - Setting next_dagrun for example_subdag_operator.section-2 to None, run_after=None
[2024-10-22T09:35:40.144+0000] {logging_mixin.py:190} INFO - [2024-10-22T09:35:40.143+0000] {dag.py:3239} INFO - Sync 2 DAGs
[2024-10-22T09:35:40.158+0000] {logging_mixin.py:190} INFO - [2024-10-22T09:35:40.157+0000] {dag.py:4180} INFO - Setting next_dagrun for example_subdag_operator.section-1 to None, run_after=None
[2024-10-22T09:35:40.160+0000] {logging_mixin.py:190} INFO - [2024-10-22T09:35:40.159+0000] {dag.py:4180} INFO - Setting next_dagrun for example_subdag_operator.section-2 to None, run_after=None
[2024-10-22T09:35:40.184+0000] {processor.py:208} INFO - Processing /home/airflow/.local/lib/python3.12/site-packages/airflow/example_dags/example_subdag_operator.py took 0.235 seconds
[2024-10-22T09:36:10.599+0000] {processor.py:186} INFO - Started process (PID=1510) to work on /home/airflow/.local/lib/python3.12/site-packages/airflow/example_dags/example_subdag_operator.py
[2024-10-22T09:36:10.602+0000] {processor.py:914} INFO - Processing file /home/airflow/.local/lib/python3.12/site-packages/airflow/example_dags/example_subdag_operator.py for tasks to queue
[2024-10-22T09:36:10.609+0000] {logging_mixin.py:190} INFO - [2024-10-22T09:36:10.608+0000] {dagbag.py:588} INFO - Filling up the DagBag from /home/airflow/.local/lib/python3.12/site-packages/airflow/example_dags/example_subdag_operator.py
[2024-10-22T09:36:10.672+0000] {processor.py:925} INFO - DAG(s) 'example_subdag_operator.section-1', 'example_subdag_operator.section-2', 'example_subdag_operator' retrieved from /home/airflow/.local/lib/python3.12/site-packages/airflow/example_dags/example_subdag_operator.py
[2024-10-22T09:36:10.703+0000] {logging_mixin.py:190} INFO - [2024-10-22T09:36:10.702+0000] {dag.py:3239} INFO - Sync 3 DAGs
[2024-10-22T09:36:10.752+0000] {logging_mixin.py:190} INFO - [2024-10-22T09:36:10.751+0000] {dag.py:4180} INFO - Setting next_dagrun for example_subdag_operator to 2022-01-01 00:00:00+00:00, run_after=2022-01-01 00:00:00+00:00
[2024-10-22T09:36:10.760+0000] {logging_mixin.py:190} INFO - [2024-10-22T09:36:10.759+0000] {dag.py:4180} INFO - Setting next_dagrun for example_subdag_operator.section-1 to None, run_after=None
[2024-10-22T09:36:10.764+0000] {logging_mixin.py:190} INFO - [2024-10-22T09:36:10.763+0000] {dag.py:4180} INFO - Setting next_dagrun for example_subdag_operator.section-2 to None, run_after=None
[2024-10-22T09:36:10.780+0000] {logging_mixin.py:190} INFO - [2024-10-22T09:36:10.780+0000] {dag.py:3239} INFO - Sync 2 DAGs
[2024-10-22T09:36:10.796+0000] {logging_mixin.py:190} INFO - [2024-10-22T09:36:10.796+0000] {dag.py:4180} INFO - Setting next_dagrun for example_subdag_operator.section-1 to None, run_after=None
[2024-10-22T09:36:10.798+0000] {logging_mixin.py:190} INFO - [2024-10-22T09:36:10.797+0000] {dag.py:4180} INFO - Setting next_dagrun for example_subdag_operator.section-2 to None, run_after=None
[2024-10-22T09:36:10.832+0000] {processor.py:208} INFO - Processing /home/airflow/.local/lib/python3.12/site-packages/airflow/example_dags/example_subdag_operator.py took 0.256 seconds
[2024-10-22T09:36:41.075+0000] {processor.py:186} INFO - Started process (PID=1573) to work on /home/airflow/.local/lib/python3.12/site-packages/airflow/example_dags/example_subdag_operator.py
[2024-10-22T09:36:41.078+0000] {processor.py:914} INFO - Processing file /home/airflow/.local/lib/python3.12/site-packages/airflow/example_dags/example_subdag_operator.py for tasks to queue
[2024-10-22T09:36:41.083+0000] {logging_mixin.py:190} INFO - [2024-10-22T09:36:41.082+0000] {dagbag.py:588} INFO - Filling up the DagBag from /home/airflow/.local/lib/python3.12/site-packages/airflow/example_dags/example_subdag_operator.py
[2024-10-22T09:36:41.139+0000] {processor.py:925} INFO - DAG(s) 'example_subdag_operator.section-1', 'example_subdag_operator.section-2', 'example_subdag_operator' retrieved from /home/airflow/.local/lib/python3.12/site-packages/airflow/example_dags/example_subdag_operator.py
[2024-10-22T09:36:41.173+0000] {logging_mixin.py:190} INFO - [2024-10-22T09:36:41.173+0000] {dag.py:3239} INFO - Sync 3 DAGs
[2024-10-22T09:36:41.223+0000] {logging_mixin.py:190} INFO - [2024-10-22T09:36:41.223+0000] {dag.py:4180} INFO - Setting next_dagrun for example_subdag_operator to 2022-01-01 00:00:00+00:00, run_after=2022-01-01 00:00:00+00:00
[2024-10-22T09:36:41.232+0000] {logging_mixin.py:190} INFO - [2024-10-22T09:36:41.232+0000] {dag.py:4180} INFO - Setting next_dagrun for example_subdag_operator.section-1 to None, run_after=None
[2024-10-22T09:36:41.235+0000] {logging_mixin.py:190} INFO - [2024-10-22T09:36:41.235+0000] {dag.py:4180} INFO - Setting next_dagrun for example_subdag_operator.section-2 to None, run_after=None
[2024-10-22T09:36:41.253+0000] {logging_mixin.py:190} INFO - [2024-10-22T09:36:41.253+0000] {dag.py:3239} INFO - Sync 2 DAGs
[2024-10-22T09:36:41.266+0000] {logging_mixin.py:190} INFO - [2024-10-22T09:36:41.265+0000] {dag.py:4180} INFO - Setting next_dagrun for example_subdag_operator.section-1 to None, run_after=None
[2024-10-22T09:36:41.267+0000] {logging_mixin.py:190} INFO - [2024-10-22T09:36:41.267+0000] {dag.py:4180} INFO - Setting next_dagrun for example_subdag_operator.section-2 to None, run_after=None
[2024-10-22T09:36:41.290+0000] {processor.py:208} INFO - Processing /home/airflow/.local/lib/python3.12/site-packages/airflow/example_dags/example_subdag_operator.py took 0.229 seconds
[2024-10-22T09:37:11.753+0000] {processor.py:186} INFO - Started process (PID=1635) to work on /home/airflow/.local/lib/python3.12/site-packages/airflow/example_dags/example_subdag_operator.py
[2024-10-22T09:37:11.756+0000] {processor.py:914} INFO - Processing file /home/airflow/.local/lib/python3.12/site-packages/airflow/example_dags/example_subdag_operator.py for tasks to queue
[2024-10-22T09:37:11.763+0000] {logging_mixin.py:190} INFO - [2024-10-22T09:37:11.762+0000] {dagbag.py:588} INFO - Filling up the DagBag from /home/airflow/.local/lib/python3.12/site-packages/airflow/example_dags/example_subdag_operator.py
[2024-10-22T09:37:11.830+0000] {processor.py:925} INFO - DAG(s) 'example_subdag_operator.section-1', 'example_subdag_operator.section-2', 'example_subdag_operator' retrieved from /home/airflow/.local/lib/python3.12/site-packages/airflow/example_dags/example_subdag_operator.py
[2024-10-22T09:37:11.873+0000] {logging_mixin.py:190} INFO - [2024-10-22T09:37:11.873+0000] {dag.py:3239} INFO - Sync 3 DAGs
[2024-10-22T09:37:11.956+0000] {logging_mixin.py:190} INFO - [2024-10-22T09:37:11.955+0000] {dag.py:4180} INFO - Setting next_dagrun for example_subdag_operator to 2022-01-01 00:00:00+00:00, run_after=2022-01-01 00:00:00+00:00
[2024-10-22T09:37:11.965+0000] {logging_mixin.py:190} INFO - [2024-10-22T09:37:11.964+0000] {dag.py:4180} INFO - Setting next_dagrun for example_subdag_operator.section-1 to None, run_after=None
[2024-10-22T09:37:11.969+0000] {logging_mixin.py:190} INFO - [2024-10-22T09:37:11.968+0000] {dag.py:4180} INFO - Setting next_dagrun for example_subdag_operator.section-2 to None, run_after=None
[2024-10-22T09:37:11.987+0000] {logging_mixin.py:190} INFO - [2024-10-22T09:37:11.987+0000] {dag.py:3239} INFO - Sync 2 DAGs
[2024-10-22T09:37:12.003+0000] {logging_mixin.py:190} INFO - [2024-10-22T09:37:12.002+0000] {dag.py:4180} INFO - Setting next_dagrun for example_subdag_operator.section-1 to None, run_after=None
[2024-10-22T09:37:12.004+0000] {logging_mixin.py:190} INFO - [2024-10-22T09:37:12.004+0000] {dag.py:4180} INFO - Setting next_dagrun for example_subdag_operator.section-2 to None, run_after=None
[2024-10-22T09:37:12.028+0000] {processor.py:208} INFO - Processing /home/airflow/.local/lib/python3.12/site-packages/airflow/example_dags/example_subdag_operator.py took 0.288 seconds
[2024-10-22T09:37:42.126+0000] {processor.py:186} INFO - Started process (PID=1698) to work on /home/airflow/.local/lib/python3.12/site-packages/airflow/example_dags/example_subdag_operator.py
[2024-10-22T09:37:42.128+0000] {processor.py:914} INFO - Processing file /home/airflow/.local/lib/python3.12/site-packages/airflow/example_dags/example_subdag_operator.py for tasks to queue
[2024-10-22T09:37:42.133+0000] {logging_mixin.py:190} INFO - [2024-10-22T09:37:42.133+0000] {dagbag.py:588} INFO - Filling up the DagBag from /home/airflow/.local/lib/python3.12/site-packages/airflow/example_dags/example_subdag_operator.py
[2024-10-22T09:37:42.185+0000] {processor.py:925} INFO - DAG(s) 'example_subdag_operator.section-1', 'example_subdag_operator.section-2', 'example_subdag_operator' retrieved from /home/airflow/.local/lib/python3.12/site-packages/airflow/example_dags/example_subdag_operator.py
[2024-10-22T09:37:42.240+0000] {logging_mixin.py:190} INFO - [2024-10-22T09:37:42.239+0000] {dag.py:3239} INFO - Sync 3 DAGs
[2024-10-22T09:37:42.295+0000] {logging_mixin.py:190} INFO - [2024-10-22T09:37:42.294+0000] {dag.py:4180} INFO - Setting next_dagrun for example_subdag_operator to 2022-01-01 00:00:00+00:00, run_after=2022-01-01 00:00:00+00:00
[2024-10-22T09:37:42.301+0000] {logging_mixin.py:190} INFO - [2024-10-22T09:37:42.301+0000] {dag.py:4180} INFO - Setting next_dagrun for example_subdag_operator.section-1 to None, run_after=None
[2024-10-22T09:37:42.305+0000] {logging_mixin.py:190} INFO - [2024-10-22T09:37:42.305+0000] {dag.py:4180} INFO - Setting next_dagrun for example_subdag_operator.section-2 to None, run_after=None
[2024-10-22T09:37:42.318+0000] {logging_mixin.py:190} INFO - [2024-10-22T09:37:42.318+0000] {dag.py:3239} INFO - Sync 2 DAGs
[2024-10-22T09:37:42.330+0000] {logging_mixin.py:190} INFO - [2024-10-22T09:37:42.330+0000] {dag.py:4180} INFO - Setting next_dagrun for example_subdag_operator.section-1 to None, run_after=None
[2024-10-22T09:37:42.332+0000] {logging_mixin.py:190} INFO - [2024-10-22T09:37:42.331+0000] {dag.py:4180} INFO - Setting next_dagrun for example_subdag_operator.section-2 to None, run_after=None
[2024-10-22T09:37:42.351+0000] {processor.py:208} INFO - Processing /home/airflow/.local/lib/python3.12/site-packages/airflow/example_dags/example_subdag_operator.py took 0.236 seconds
[2024-10-22T09:38:12.444+0000] {processor.py:186} INFO - Started process (PID=1760) to work on /home/airflow/.local/lib/python3.12/site-packages/airflow/example_dags/example_subdag_operator.py
[2024-10-22T09:38:12.447+0000] {processor.py:914} INFO - Processing file /home/airflow/.local/lib/python3.12/site-packages/airflow/example_dags/example_subdag_operator.py for tasks to queue
[2024-10-22T09:38:12.451+0000] {logging_mixin.py:190} INFO - [2024-10-22T09:38:12.451+0000] {dagbag.py:588} INFO - Filling up the DagBag from /home/airflow/.local/lib/python3.12/site-packages/airflow/example_dags/example_subdag_operator.py
[2024-10-22T09:38:12.503+0000] {processor.py:925} INFO - DAG(s) 'example_subdag_operator.section-1', 'example_subdag_operator.section-2', 'example_subdag_operator' retrieved from /home/airflow/.local/lib/python3.12/site-packages/airflow/example_dags/example_subdag_operator.py
[2024-10-22T09:38:12.534+0000] {logging_mixin.py:190} INFO - [2024-10-22T09:38:12.533+0000] {dag.py:3239} INFO - Sync 3 DAGs
[2024-10-22T09:38:12.580+0000] {logging_mixin.py:190} INFO - [2024-10-22T09:38:12.580+0000] {dag.py:4180} INFO - Setting next_dagrun for example_subdag_operator to 2022-01-01 00:00:00+00:00, run_after=2022-01-01 00:00:00+00:00
[2024-10-22T09:38:12.587+0000] {logging_mixin.py:190} INFO - [2024-10-22T09:38:12.586+0000] {dag.py:4180} INFO - Setting next_dagrun for example_subdag_operator.section-1 to None, run_after=None
[2024-10-22T09:38:12.590+0000] {logging_mixin.py:190} INFO - [2024-10-22T09:38:12.589+0000] {dag.py:4180} INFO - Setting next_dagrun for example_subdag_operator.section-2 to None, run_after=None
[2024-10-22T09:38:12.605+0000] {logging_mixin.py:190} INFO - [2024-10-22T09:38:12.604+0000] {dag.py:3239} INFO - Sync 2 DAGs
[2024-10-22T09:38:12.618+0000] {logging_mixin.py:190} INFO - [2024-10-22T09:38:12.618+0000] {dag.py:4180} INFO - Setting next_dagrun for example_subdag_operator.section-1 to None, run_after=None
[2024-10-22T09:38:12.619+0000] {logging_mixin.py:190} INFO - [2024-10-22T09:38:12.619+0000] {dag.py:4180} INFO - Setting next_dagrun for example_subdag_operator.section-2 to None, run_after=None
[2024-10-22T09:38:12.638+0000] {processor.py:208} INFO - Processing /home/airflow/.local/lib/python3.12/site-packages/airflow/example_dags/example_subdag_operator.py took 0.208 seconds
[2024-10-22T09:38:43.212+0000] {processor.py:186} INFO - Started process (PID=1821) to work on /home/airflow/.local/lib/python3.12/site-packages/airflow/example_dags/example_subdag_operator.py
[2024-10-22T09:38:43.214+0000] {processor.py:914} INFO - Processing file /home/airflow/.local/lib/python3.12/site-packages/airflow/example_dags/example_subdag_operator.py for tasks to queue
[2024-10-22T09:38:43.219+0000] {logging_mixin.py:190} INFO - [2024-10-22T09:38:43.219+0000] {dagbag.py:588} INFO - Filling up the DagBag from /home/airflow/.local/lib/python3.12/site-packages/airflow/example_dags/example_subdag_operator.py
[2024-10-22T09:38:43.276+0000] {processor.py:925} INFO - DAG(s) 'example_subdag_operator.section-1', 'example_subdag_operator.section-2', 'example_subdag_operator' retrieved from /home/airflow/.local/lib/python3.12/site-packages/airflow/example_dags/example_subdag_operator.py
[2024-10-22T09:38:43.311+0000] {logging_mixin.py:190} INFO - [2024-10-22T09:38:43.311+0000] {dag.py:3239} INFO - Sync 3 DAGs
[2024-10-22T09:38:43.364+0000] {logging_mixin.py:190} INFO - [2024-10-22T09:38:43.363+0000] {dag.py:4180} INFO - Setting next_dagrun for example_subdag_operator to 2022-01-01 00:00:00+00:00, run_after=2022-01-01 00:00:00+00:00
[2024-10-22T09:38:43.372+0000] {logging_mixin.py:190} INFO - [2024-10-22T09:38:43.372+0000] {dag.py:4180} INFO - Setting next_dagrun for example_subdag_operator.section-1 to None, run_after=None
[2024-10-22T09:38:43.376+0000] {logging_mixin.py:190} INFO - [2024-10-22T09:38:43.375+0000] {dag.py:4180} INFO - Setting next_dagrun for example_subdag_operator.section-2 to None, run_after=None
[2024-10-22T09:38:43.389+0000] {logging_mixin.py:190} INFO - [2024-10-22T09:38:43.389+0000] {dag.py:3239} INFO - Sync 2 DAGs
[2024-10-22T09:38:43.399+0000] {logging_mixin.py:190} INFO - [2024-10-22T09:38:43.398+0000] {dag.py:4180} INFO - Setting next_dagrun for example_subdag_operator.section-1 to None, run_after=None
[2024-10-22T09:38:43.400+0000] {logging_mixin.py:190} INFO - [2024-10-22T09:38:43.399+0000] {dag.py:4180} INFO - Setting next_dagrun for example_subdag_operator.section-2 to None, run_after=None
[2024-10-22T09:38:43.418+0000] {processor.py:208} INFO - Processing /home/airflow/.local/lib/python3.12/site-packages/airflow/example_dags/example_subdag_operator.py took 0.217 seconds
[2024-10-22T09:39:15.027+0000] {processor.py:186} INFO - Started process (PID=1884) to work on /home/airflow/.local/lib/python3.12/site-packages/airflow/example_dags/example_subdag_operator.py
[2024-10-22T09:39:15.031+0000] {processor.py:914} INFO - Processing file /home/airflow/.local/lib/python3.12/site-packages/airflow/example_dags/example_subdag_operator.py for tasks to queue
[2024-10-22T09:39:15.037+0000] {logging_mixin.py:190} INFO - [2024-10-22T09:39:15.036+0000] {dagbag.py:588} INFO - Filling up the DagBag from /home/airflow/.local/lib/python3.12/site-packages/airflow/example_dags/example_subdag_operator.py
[2024-10-22T09:39:15.103+0000] {processor.py:925} INFO - DAG(s) 'example_subdag_operator.section-1', 'example_subdag_operator.section-2', 'example_subdag_operator' retrieved from /home/airflow/.local/lib/python3.12/site-packages/airflow/example_dags/example_subdag_operator.py
[2024-10-22T09:39:15.166+0000] {logging_mixin.py:190} INFO - [2024-10-22T09:39:15.165+0000] {dag.py:3239} INFO - Sync 3 DAGs
[2024-10-22T09:39:15.252+0000] {logging_mixin.py:190} INFO - [2024-10-22T09:39:15.252+0000] {dag.py:4180} INFO - Setting next_dagrun for example_subdag_operator to 2022-01-01 00:00:00+00:00, run_after=2022-01-01 00:00:00+00:00
[2024-10-22T09:39:15.261+0000] {logging_mixin.py:190} INFO - [2024-10-22T09:39:15.260+0000] {dag.py:4180} INFO - Setting next_dagrun for example_subdag_operator.section-1 to None, run_after=None
[2024-10-22T09:39:15.266+0000] {logging_mixin.py:190} INFO - [2024-10-22T09:39:15.265+0000] {dag.py:4180} INFO - Setting next_dagrun for example_subdag_operator.section-2 to None, run_after=None
[2024-10-22T09:39:15.283+0000] {logging_mixin.py:190} INFO - [2024-10-22T09:39:15.282+0000] {dag.py:3239} INFO - Sync 2 DAGs
[2024-10-22T09:39:15.298+0000] {logging_mixin.py:190} INFO - [2024-10-22T09:39:15.298+0000] {dag.py:4180} INFO - Setting next_dagrun for example_subdag_operator.section-1 to None, run_after=None
[2024-10-22T09:39:15.300+0000] {logging_mixin.py:190} INFO - [2024-10-22T09:39:15.299+0000] {dag.py:4180} INFO - Setting next_dagrun for example_subdag_operator.section-2 to None, run_after=None
[2024-10-22T09:39:15.323+0000] {processor.py:208} INFO - Processing /home/airflow/.local/lib/python3.12/site-packages/airflow/example_dags/example_subdag_operator.py took 0.315 seconds
[2024-10-22T09:39:45.797+0000] {processor.py:186} INFO - Started process (PID=1945) to work on /home/airflow/.local/lib/python3.12/site-packages/airflow/example_dags/example_subdag_operator.py
[2024-10-22T09:39:45.799+0000] {processor.py:914} INFO - Processing file /home/airflow/.local/lib/python3.12/site-packages/airflow/example_dags/example_subdag_operator.py for tasks to queue
[2024-10-22T09:39:45.803+0000] {logging_mixin.py:190} INFO - [2024-10-22T09:39:45.803+0000] {dagbag.py:588} INFO - Filling up the DagBag from /home/airflow/.local/lib/python3.12/site-packages/airflow/example_dags/example_subdag_operator.py
[2024-10-22T09:39:45.847+0000] {processor.py:925} INFO - DAG(s) 'example_subdag_operator.section-1', 'example_subdag_operator.section-2', 'example_subdag_operator' retrieved from /home/airflow/.local/lib/python3.12/site-packages/airflow/example_dags/example_subdag_operator.py
[2024-10-22T09:39:45.873+0000] {logging_mixin.py:190} INFO - [2024-10-22T09:39:45.873+0000] {dag.py:3239} INFO - Sync 3 DAGs
[2024-10-22T09:39:45.913+0000] {logging_mixin.py:190} INFO - [2024-10-22T09:39:45.912+0000] {dag.py:4180} INFO - Setting next_dagrun for example_subdag_operator to 2022-01-01 00:00:00+00:00, run_after=2022-01-01 00:00:00+00:00
[2024-10-22T09:39:45.919+0000] {logging_mixin.py:190} INFO - [2024-10-22T09:39:45.919+0000] {dag.py:4180} INFO - Setting next_dagrun for example_subdag_operator.section-1 to None, run_after=None
[2024-10-22T09:39:45.922+0000] {logging_mixin.py:190} INFO - [2024-10-22T09:39:45.922+0000] {dag.py:4180} INFO - Setting next_dagrun for example_subdag_operator.section-2 to None, run_after=None
[2024-10-22T09:39:45.934+0000] {logging_mixin.py:190} INFO - [2024-10-22T09:39:45.934+0000] {dag.py:3239} INFO - Sync 2 DAGs
[2024-10-22T09:39:45.943+0000] {logging_mixin.py:190} INFO - [2024-10-22T09:39:45.943+0000] {dag.py:4180} INFO - Setting next_dagrun for example_subdag_operator.section-1 to None, run_after=None
[2024-10-22T09:39:45.945+0000] {logging_mixin.py:190} INFO - [2024-10-22T09:39:45.944+0000] {dag.py:4180} INFO - Setting next_dagrun for example_subdag_operator.section-2 to None, run_after=None
[2024-10-22T09:39:45.964+0000] {processor.py:208} INFO - Processing /home/airflow/.local/lib/python3.12/site-packages/airflow/example_dags/example_subdag_operator.py took 0.177 seconds
[2024-10-22T09:40:16.234+0000] {processor.py:186} INFO - Started process (PID=2007) to work on /home/airflow/.local/lib/python3.12/site-packages/airflow/example_dags/example_subdag_operator.py
[2024-10-22T09:40:16.236+0000] {processor.py:914} INFO - Processing file /home/airflow/.local/lib/python3.12/site-packages/airflow/example_dags/example_subdag_operator.py for tasks to queue
[2024-10-22T09:40:16.247+0000] {logging_mixin.py:190} INFO - [2024-10-22T09:40:16.246+0000] {dagbag.py:588} INFO - Filling up the DagBag from /home/airflow/.local/lib/python3.12/site-packages/airflow/example_dags/example_subdag_operator.py
[2024-10-22T09:40:16.312+0000] {processor.py:925} INFO - DAG(s) 'example_subdag_operator.section-1', 'example_subdag_operator.section-2', 'example_subdag_operator' retrieved from /home/airflow/.local/lib/python3.12/site-packages/airflow/example_dags/example_subdag_operator.py
[2024-10-22T09:40:16.357+0000] {logging_mixin.py:190} INFO - [2024-10-22T09:40:16.356+0000] {dag.py:3239} INFO - Sync 3 DAGs
[2024-10-22T09:40:16.418+0000] {logging_mixin.py:190} INFO - [2024-10-22T09:40:16.417+0000] {dag.py:4180} INFO - Setting next_dagrun for example_subdag_operator to 2022-01-01 00:00:00+00:00, run_after=2022-01-01 00:00:00+00:00
[2024-10-22T09:40:16.432+0000] {logging_mixin.py:190} INFO - [2024-10-22T09:40:16.428+0000] {dag.py:4180} INFO - Setting next_dagrun for example_subdag_operator.section-1 to None, run_after=None
[2024-10-22T09:40:16.444+0000] {logging_mixin.py:190} INFO - [2024-10-22T09:40:16.443+0000] {dag.py:4180} INFO - Setting next_dagrun for example_subdag_operator.section-2 to None, run_after=None
[2024-10-22T09:40:16.464+0000] {logging_mixin.py:190} INFO - [2024-10-22T09:40:16.463+0000] {dag.py:3239} INFO - Sync 2 DAGs
[2024-10-22T09:40:16.478+0000] {logging_mixin.py:190} INFO - [2024-10-22T09:40:16.477+0000] {dag.py:4180} INFO - Setting next_dagrun for example_subdag_operator.section-1 to None, run_after=None
[2024-10-22T09:40:16.479+0000] {logging_mixin.py:190} INFO - [2024-10-22T09:40:16.479+0000] {dag.py:4180} INFO - Setting next_dagrun for example_subdag_operator.section-2 to None, run_after=None
[2024-10-22T09:40:16.506+0000] {processor.py:208} INFO - Processing /home/airflow/.local/lib/python3.12/site-packages/airflow/example_dags/example_subdag_operator.py took 0.304 seconds
[2024-10-22T09:40:47.251+0000] {processor.py:186} INFO - Started process (PID=2069) to work on /home/airflow/.local/lib/python3.12/site-packages/airflow/example_dags/example_subdag_operator.py
[2024-10-22T09:40:47.253+0000] {processor.py:914} INFO - Processing file /home/airflow/.local/lib/python3.12/site-packages/airflow/example_dags/example_subdag_operator.py for tasks to queue
[2024-10-22T09:40:47.258+0000] {logging_mixin.py:190} INFO - [2024-10-22T09:40:47.257+0000] {dagbag.py:588} INFO - Filling up the DagBag from /home/airflow/.local/lib/python3.12/site-packages/airflow/example_dags/example_subdag_operator.py
[2024-10-22T09:40:47.304+0000] {processor.py:925} INFO - DAG(s) 'example_subdag_operator.section-1', 'example_subdag_operator.section-2', 'example_subdag_operator' retrieved from /home/airflow/.local/lib/python3.12/site-packages/airflow/example_dags/example_subdag_operator.py
[2024-10-22T09:40:47.330+0000] {logging_mixin.py:190} INFO - [2024-10-22T09:40:47.330+0000] {dag.py:3239} INFO - Sync 3 DAGs
[2024-10-22T09:40:47.372+0000] {logging_mixin.py:190} INFO - [2024-10-22T09:40:47.372+0000] {dag.py:4180} INFO - Setting next_dagrun for example_subdag_operator to 2022-01-01 00:00:00+00:00, run_after=2022-01-01 00:00:00+00:00
[2024-10-22T09:40:47.379+0000] {logging_mixin.py:190} INFO - [2024-10-22T09:40:47.379+0000] {dag.py:4180} INFO - Setting next_dagrun for example_subdag_operator.section-1 to None, run_after=None
[2024-10-22T09:40:47.383+0000] {logging_mixin.py:190} INFO - [2024-10-22T09:40:47.382+0000] {dag.py:4180} INFO - Setting next_dagrun for example_subdag_operator.section-2 to None, run_after=None
[2024-10-22T09:40:47.398+0000] {logging_mixin.py:190} INFO - [2024-10-22T09:40:47.398+0000] {dag.py:3239} INFO - Sync 2 DAGs
[2024-10-22T09:40:47.410+0000] {logging_mixin.py:190} INFO - [2024-10-22T09:40:47.410+0000] {dag.py:4180} INFO - Setting next_dagrun for example_subdag_operator.section-1 to None, run_after=None
[2024-10-22T09:40:47.412+0000] {logging_mixin.py:190} INFO - [2024-10-22T09:40:47.411+0000] {dag.py:4180} INFO - Setting next_dagrun for example_subdag_operator.section-2 to None, run_after=None
[2024-10-22T09:40:47.433+0000] {processor.py:208} INFO - Processing /home/airflow/.local/lib/python3.12/site-packages/airflow/example_dags/example_subdag_operator.py took 0.193 seconds
[2024-10-22T09:41:18.398+0000] {processor.py:186} INFO - Started process (PID=2131) to work on /home/airflow/.local/lib/python3.12/site-packages/airflow/example_dags/example_subdag_operator.py
[2024-10-22T09:41:18.400+0000] {processor.py:914} INFO - Processing file /home/airflow/.local/lib/python3.12/site-packages/airflow/example_dags/example_subdag_operator.py for tasks to queue
[2024-10-22T09:41:18.406+0000] {logging_mixin.py:190} INFO - [2024-10-22T09:41:18.405+0000] {dagbag.py:588} INFO - Filling up the DagBag from /home/airflow/.local/lib/python3.12/site-packages/airflow/example_dags/example_subdag_operator.py
[2024-10-22T09:41:18.469+0000] {processor.py:925} INFO - DAG(s) 'example_subdag_operator.section-1', 'example_subdag_operator.section-2', 'example_subdag_operator' retrieved from /home/airflow/.local/lib/python3.12/site-packages/airflow/example_dags/example_subdag_operator.py
[2024-10-22T09:41:18.501+0000] {logging_mixin.py:190} INFO - [2024-10-22T09:41:18.501+0000] {dag.py:3239} INFO - Sync 3 DAGs
[2024-10-22T09:41:18.557+0000] {logging_mixin.py:190} INFO - [2024-10-22T09:41:18.556+0000] {dag.py:4180} INFO - Setting next_dagrun for example_subdag_operator to 2022-01-01 00:00:00+00:00, run_after=2022-01-01 00:00:00+00:00
[2024-10-22T09:41:18.566+0000] {logging_mixin.py:190} INFO - [2024-10-22T09:41:18.566+0000] {dag.py:4180} INFO - Setting next_dagrun for example_subdag_operator.section-1 to None, run_after=None
[2024-10-22T09:41:18.570+0000] {logging_mixin.py:190} INFO - [2024-10-22T09:41:18.570+0000] {dag.py:4180} INFO - Setting next_dagrun for example_subdag_operator.section-2 to None, run_after=None
[2024-10-22T09:41:18.591+0000] {logging_mixin.py:190} INFO - [2024-10-22T09:41:18.589+0000] {dag.py:3239} INFO - Sync 2 DAGs
[2024-10-22T09:41:18.612+0000] {logging_mixin.py:190} INFO - [2024-10-22T09:41:18.611+0000] {dag.py:4180} INFO - Setting next_dagrun for example_subdag_operator.section-1 to None, run_after=None
[2024-10-22T09:41:18.613+0000] {logging_mixin.py:190} INFO - [2024-10-22T09:41:18.613+0000] {dag.py:4180} INFO - Setting next_dagrun for example_subdag_operator.section-2 to None, run_after=None
[2024-10-22T09:41:18.652+0000] {processor.py:208} INFO - Processing /home/airflow/.local/lib/python3.12/site-packages/airflow/example_dags/example_subdag_operator.py took 0.268 seconds
[2024-10-22T09:41:49.641+0000] {processor.py:186} INFO - Started process (PID=2194) to work on /home/airflow/.local/lib/python3.12/site-packages/airflow/example_dags/example_subdag_operator.py
[2024-10-22T09:41:49.642+0000] {processor.py:914} INFO - Processing file /home/airflow/.local/lib/python3.12/site-packages/airflow/example_dags/example_subdag_operator.py for tasks to queue
[2024-10-22T09:41:49.648+0000] {logging_mixin.py:190} INFO - [2024-10-22T09:41:49.647+0000] {dagbag.py:588} INFO - Filling up the DagBag from /home/airflow/.local/lib/python3.12/site-packages/airflow/example_dags/example_subdag_operator.py
[2024-10-22T09:41:49.715+0000] {processor.py:925} INFO - DAG(s) 'example_subdag_operator.section-1', 'example_subdag_operator.section-2', 'example_subdag_operator' retrieved from /home/airflow/.local/lib/python3.12/site-packages/airflow/example_dags/example_subdag_operator.py
[2024-10-22T09:41:49.755+0000] {logging_mixin.py:190} INFO - [2024-10-22T09:41:49.755+0000] {dag.py:3239} INFO - Sync 3 DAGs
[2024-10-22T09:41:49.808+0000] {logging_mixin.py:190} INFO - [2024-10-22T09:41:49.808+0000] {dag.py:4180} INFO - Setting next_dagrun for example_subdag_operator to 2022-01-01 00:00:00+00:00, run_after=2022-01-01 00:00:00+00:00
[2024-10-22T09:41:49.817+0000] {logging_mixin.py:190} INFO - [2024-10-22T09:41:49.816+0000] {dag.py:4180} INFO - Setting next_dagrun for example_subdag_operator.section-1 to None, run_after=None
[2024-10-22T09:41:49.820+0000] {logging_mixin.py:190} INFO - [2024-10-22T09:41:49.820+0000] {dag.py:4180} INFO - Setting next_dagrun for example_subdag_operator.section-2 to None, run_after=None
[2024-10-22T09:41:49.837+0000] {logging_mixin.py:190} INFO - [2024-10-22T09:41:49.837+0000] {dag.py:3239} INFO - Sync 2 DAGs
[2024-10-22T09:41:49.850+0000] {logging_mixin.py:190} INFO - [2024-10-22T09:41:49.850+0000] {dag.py:4180} INFO - Setting next_dagrun for example_subdag_operator.section-1 to None, run_after=None
[2024-10-22T09:41:49.853+0000] {logging_mixin.py:190} INFO - [2024-10-22T09:41:49.852+0000] {dag.py:4180} INFO - Setting next_dagrun for example_subdag_operator.section-2 to None, run_after=None
[2024-10-22T09:41:49.874+0000] {processor.py:208} INFO - Processing /home/airflow/.local/lib/python3.12/site-packages/airflow/example_dags/example_subdag_operator.py took 0.259 seconds
[2024-10-22T09:42:23.468+0000] {processor.py:186} INFO - Started process (PID=2257) to work on /home/airflow/.local/lib/python3.12/site-packages/airflow/example_dags/example_subdag_operator.py
[2024-10-22T09:42:23.470+0000] {processor.py:914} INFO - Processing file /home/airflow/.local/lib/python3.12/site-packages/airflow/example_dags/example_subdag_operator.py for tasks to queue
[2024-10-22T09:42:23.474+0000] {logging_mixin.py:190} INFO - [2024-10-22T09:42:23.474+0000] {dagbag.py:588} INFO - Filling up the DagBag from /home/airflow/.local/lib/python3.12/site-packages/airflow/example_dags/example_subdag_operator.py
[2024-10-22T09:42:23.526+0000] {processor.py:925} INFO - DAG(s) 'example_subdag_operator.section-1', 'example_subdag_operator.section-2', 'example_subdag_operator' retrieved from /home/airflow/.local/lib/python3.12/site-packages/airflow/example_dags/example_subdag_operator.py
[2024-10-22T09:42:23.564+0000] {logging_mixin.py:190} INFO - [2024-10-22T09:42:23.563+0000] {dag.py:3239} INFO - Sync 3 DAGs
[2024-10-22T09:42:23.617+0000] {logging_mixin.py:190} INFO - [2024-10-22T09:42:23.617+0000] {dag.py:4180} INFO - Setting next_dagrun for example_subdag_operator to 2022-01-01 00:00:00+00:00, run_after=2022-01-01 00:00:00+00:00
[2024-10-22T09:42:23.627+0000] {logging_mixin.py:190} INFO - [2024-10-22T09:42:23.627+0000] {dag.py:4180} INFO - Setting next_dagrun for example_subdag_operator.section-1 to None, run_after=None
[2024-10-22T09:42:23.631+0000] {logging_mixin.py:190} INFO - [2024-10-22T09:42:23.630+0000] {dag.py:4180} INFO - Setting next_dagrun for example_subdag_operator.section-2 to None, run_after=None
[2024-10-22T09:42:23.648+0000] {logging_mixin.py:190} INFO - [2024-10-22T09:42:23.647+0000] {dag.py:3239} INFO - Sync 2 DAGs
[2024-10-22T09:42:23.661+0000] {logging_mixin.py:190} INFO - [2024-10-22T09:42:23.660+0000] {dag.py:4180} INFO - Setting next_dagrun for example_subdag_operator.section-1 to None, run_after=None
[2024-10-22T09:42:23.663+0000] {logging_mixin.py:190} INFO - [2024-10-22T09:42:23.662+0000] {dag.py:4180} INFO - Setting next_dagrun for example_subdag_operator.section-2 to None, run_after=None
[2024-10-22T09:42:23.684+0000] {processor.py:208} INFO - Processing /home/airflow/.local/lib/python3.12/site-packages/airflow/example_dags/example_subdag_operator.py took 0.228 seconds
[2024-10-22T09:42:54.410+0000] {processor.py:186} INFO - Started process (PID=2319) to work on /home/airflow/.local/lib/python3.12/site-packages/airflow/example_dags/example_subdag_operator.py
[2024-10-22T09:42:54.412+0000] {processor.py:914} INFO - Processing file /home/airflow/.local/lib/python3.12/site-packages/airflow/example_dags/example_subdag_operator.py for tasks to queue
[2024-10-22T09:42:54.417+0000] {logging_mixin.py:190} INFO - [2024-10-22T09:42:54.416+0000] {dagbag.py:588} INFO - Filling up the DagBag from /home/airflow/.local/lib/python3.12/site-packages/airflow/example_dags/example_subdag_operator.py
[2024-10-22T09:42:54.466+0000] {processor.py:925} INFO - DAG(s) 'example_subdag_operator.section-1', 'example_subdag_operator.section-2', 'example_subdag_operator' retrieved from /home/airflow/.local/lib/python3.12/site-packages/airflow/example_dags/example_subdag_operator.py
[2024-10-22T09:42:54.493+0000] {logging_mixin.py:190} INFO - [2024-10-22T09:42:54.493+0000] {dag.py:3239} INFO - Sync 3 DAGs
[2024-10-22T09:42:54.539+0000] {logging_mixin.py:190} INFO - [2024-10-22T09:42:54.538+0000] {dag.py:4180} INFO - Setting next_dagrun for example_subdag_operator to 2022-01-01 00:00:00+00:00, run_after=2022-01-01 00:00:00+00:00
[2024-10-22T09:42:54.546+0000] {logging_mixin.py:190} INFO - [2024-10-22T09:42:54.545+0000] {dag.py:4180} INFO - Setting next_dagrun for example_subdag_operator.section-1 to None, run_after=None
[2024-10-22T09:42:54.549+0000] {logging_mixin.py:190} INFO - [2024-10-22T09:42:54.549+0000] {dag.py:4180} INFO - Setting next_dagrun for example_subdag_operator.section-2 to None, run_after=None
[2024-10-22T09:42:54.566+0000] {logging_mixin.py:190} INFO - [2024-10-22T09:42:54.565+0000] {dag.py:3239} INFO - Sync 2 DAGs
[2024-10-22T09:42:54.580+0000] {logging_mixin.py:190} INFO - [2024-10-22T09:42:54.580+0000] {dag.py:4180} INFO - Setting next_dagrun for example_subdag_operator.section-1 to None, run_after=None
[2024-10-22T09:42:54.582+0000] {logging_mixin.py:190} INFO - [2024-10-22T09:42:54.581+0000] {dag.py:4180} INFO - Setting next_dagrun for example_subdag_operator.section-2 to None, run_after=None
[2024-10-22T09:42:54.605+0000] {processor.py:208} INFO - Processing /home/airflow/.local/lib/python3.12/site-packages/airflow/example_dags/example_subdag_operator.py took 0.205 seconds
[2024-10-22T09:43:24.941+0000] {processor.py:186} INFO - Started process (PID=2380) to work on /home/airflow/.local/lib/python3.12/site-packages/airflow/example_dags/example_subdag_operator.py
[2024-10-22T09:43:24.943+0000] {processor.py:914} INFO - Processing file /home/airflow/.local/lib/python3.12/site-packages/airflow/example_dags/example_subdag_operator.py for tasks to queue
[2024-10-22T09:43:24.950+0000] {logging_mixin.py:190} INFO - [2024-10-22T09:43:24.949+0000] {dagbag.py:588} INFO - Filling up the DagBag from /home/airflow/.local/lib/python3.12/site-packages/airflow/example_dags/example_subdag_operator.py
[2024-10-22T09:43:25.021+0000] {processor.py:925} INFO - DAG(s) 'example_subdag_operator.section-1', 'example_subdag_operator.section-2', 'example_subdag_operator' retrieved from /home/airflow/.local/lib/python3.12/site-packages/airflow/example_dags/example_subdag_operator.py
[2024-10-22T09:43:25.061+0000] {logging_mixin.py:190} INFO - [2024-10-22T09:43:25.060+0000] {dag.py:3239} INFO - Sync 3 DAGs
[2024-10-22T09:43:25.122+0000] {logging_mixin.py:190} INFO - [2024-10-22T09:43:25.122+0000] {dag.py:4180} INFO - Setting next_dagrun for example_subdag_operator to 2022-01-01 00:00:00+00:00, run_after=2022-01-01 00:00:00+00:00
[2024-10-22T09:43:25.131+0000] {logging_mixin.py:190} INFO - [2024-10-22T09:43:25.130+0000] {dag.py:4180} INFO - Setting next_dagrun for example_subdag_operator.section-1 to None, run_after=None
[2024-10-22T09:43:25.134+0000] {logging_mixin.py:190} INFO - [2024-10-22T09:43:25.134+0000] {dag.py:4180} INFO - Setting next_dagrun for example_subdag_operator.section-2 to None, run_after=None
[2024-10-22T09:43:25.150+0000] {logging_mixin.py:190} INFO - [2024-10-22T09:43:25.149+0000] {dag.py:3239} INFO - Sync 2 DAGs
[2024-10-22T09:43:25.165+0000] {logging_mixin.py:190} INFO - [2024-10-22T09:43:25.165+0000] {dag.py:4180} INFO - Setting next_dagrun for example_subdag_operator.section-1 to None, run_after=None
[2024-10-22T09:43:25.167+0000] {logging_mixin.py:190} INFO - [2024-10-22T09:43:25.166+0000] {dag.py:4180} INFO - Setting next_dagrun for example_subdag_operator.section-2 to None, run_after=None
[2024-10-22T09:43:25.201+0000] {processor.py:208} INFO - Processing /home/airflow/.local/lib/python3.12/site-packages/airflow/example_dags/example_subdag_operator.py took 0.281 seconds
[2024-10-22T09:43:55.613+0000] {processor.py:186} INFO - Started process (PID=2442) to work on /home/airflow/.local/lib/python3.12/site-packages/airflow/example_dags/example_subdag_operator.py
[2024-10-22T09:43:55.615+0000] {processor.py:914} INFO - Processing file /home/airflow/.local/lib/python3.12/site-packages/airflow/example_dags/example_subdag_operator.py for tasks to queue
[2024-10-22T09:43:55.620+0000] {logging_mixin.py:190} INFO - [2024-10-22T09:43:55.619+0000] {dagbag.py:588} INFO - Filling up the DagBag from /home/airflow/.local/lib/python3.12/site-packages/airflow/example_dags/example_subdag_operator.py
[2024-10-22T09:43:55.672+0000] {processor.py:925} INFO - DAG(s) 'example_subdag_operator.section-1', 'example_subdag_operator.section-2', 'example_subdag_operator' retrieved from /home/airflow/.local/lib/python3.12/site-packages/airflow/example_dags/example_subdag_operator.py
[2024-10-22T09:43:55.706+0000] {logging_mixin.py:190} INFO - [2024-10-22T09:43:55.706+0000] {dag.py:3239} INFO - Sync 3 DAGs
[2024-10-22T09:43:55.774+0000] {logging_mixin.py:190} INFO - [2024-10-22T09:43:55.774+0000] {dag.py:4180} INFO - Setting next_dagrun for example_subdag_operator to 2022-01-01 00:00:00+00:00, run_after=2022-01-01 00:00:00+00:00
[2024-10-22T09:43:55.784+0000] {logging_mixin.py:190} INFO - [2024-10-22T09:43:55.784+0000] {dag.py:4180} INFO - Setting next_dagrun for example_subdag_operator.section-1 to None, run_after=None
[2024-10-22T09:43:55.789+0000] {logging_mixin.py:190} INFO - [2024-10-22T09:43:55.788+0000] {dag.py:4180} INFO - Setting next_dagrun for example_subdag_operator.section-2 to None, run_after=None
[2024-10-22T09:43:55.808+0000] {logging_mixin.py:190} INFO - [2024-10-22T09:43:55.807+0000] {dag.py:3239} INFO - Sync 2 DAGs
[2024-10-22T09:43:55.824+0000] {logging_mixin.py:190} INFO - [2024-10-22T09:43:55.824+0000] {dag.py:4180} INFO - Setting next_dagrun for example_subdag_operator.section-1 to None, run_after=None
[2024-10-22T09:43:55.827+0000] {logging_mixin.py:190} INFO - [2024-10-22T09:43:55.826+0000] {dag.py:4180} INFO - Setting next_dagrun for example_subdag_operator.section-2 to None, run_after=None
[2024-10-22T09:43:55.858+0000] {processor.py:208} INFO - Processing /home/airflow/.local/lib/python3.12/site-packages/airflow/example_dags/example_subdag_operator.py took 0.257 seconds
