[2024-10-22T09:23:30.150+0000] {processor.py:186} INFO - Started process (PID=94) to work on /home/airflow/.local/lib/python3.12/site-packages/airflow/example_dags/example_branch_python_dop_operator_3.py
[2024-10-22T09:23:30.164+0000] {processor.py:914} INFO - Processing file /home/airflow/.local/lib/python3.12/site-packages/airflow/example_dags/example_branch_python_dop_operator_3.py for tasks to queue
[2024-10-22T09:23:30.181+0000] {logging_mixin.py:190} INFO - [2024-10-22T09:23:30.180+0000] {dagbag.py:588} INFO - Filling up the DagBag from /home/airflow/.local/lib/python3.12/site-packages/airflow/example_dags/example_branch_python_dop_operator_3.py
[2024-10-22T09:23:30.248+0000] {processor.py:925} INFO - DAG(s) 'example_branch_dop_operator_v3' retrieved from /home/airflow/.local/lib/python3.12/site-packages/airflow/example_dags/example_branch_python_dop_operator_3.py
[2024-10-22T09:23:30.385+0000] {logging_mixin.py:190} INFO - [2024-10-22T09:23:30.384+0000] {dag.py:3239} INFO - Sync 1 DAGs
[2024-10-22T09:23:30.525+0000] {logging_mixin.py:190} INFO - [2024-10-22T09:23:30.525+0000] {dag.py:4180} INFO - Setting next_dagrun for example_branch_dop_operator_v3 to 2024-10-22 09:22:00+00:00, run_after=2024-10-22 09:23:00+00:00
[2024-10-22T09:23:30.626+0000] {processor.py:208} INFO - Processing /home/airflow/.local/lib/python3.12/site-packages/airflow/example_dags/example_branch_python_dop_operator_3.py took 0.527 seconds
[2024-10-22T09:24:20.752+0000] {processor.py:186} INFO - Started process (PID=173) to work on /home/airflow/.local/lib/python3.12/site-packages/airflow/example_dags/example_branch_python_dop_operator_3.py
[2024-10-22T09:24:20.754+0000] {processor.py:914} INFO - Processing file /home/airflow/.local/lib/python3.12/site-packages/airflow/example_dags/example_branch_python_dop_operator_3.py for tasks to queue
[2024-10-22T09:24:20.759+0000] {logging_mixin.py:190} INFO - [2024-10-22T09:24:20.759+0000] {dagbag.py:588} INFO - Filling up the DagBag from /home/airflow/.local/lib/python3.12/site-packages/airflow/example_dags/example_branch_python_dop_operator_3.py
[2024-10-22T09:24:20.786+0000] {processor.py:925} INFO - DAG(s) 'example_branch_dop_operator_v3' retrieved from /home/airflow/.local/lib/python3.12/site-packages/airflow/example_dags/example_branch_python_dop_operator_3.py
[2024-10-22T09:24:20.824+0000] {logging_mixin.py:190} INFO - [2024-10-22T09:24:20.823+0000] {dag.py:3239} INFO - Sync 1 DAGs
[2024-10-22T09:24:20.887+0000] {logging_mixin.py:190} INFO - [2024-10-22T09:24:20.886+0000] {dag.py:4180} INFO - Setting next_dagrun for example_branch_dop_operator_v3 to 2024-10-22 09:23:00+00:00, run_after=2024-10-22 09:24:00+00:00
[2024-10-22T09:24:21.273+0000] {processor.py:208} INFO - Processing /home/airflow/.local/lib/python3.12/site-packages/airflow/example_dags/example_branch_python_dop_operator_3.py took 0.533 seconds
[2024-10-22T09:24:56.284+0000] {processor.py:186} INFO - Started process (PID=235) to work on /home/airflow/.local/lib/python3.12/site-packages/airflow/example_dags/example_branch_python_dop_operator_3.py
[2024-10-22T09:24:56.286+0000] {processor.py:914} INFO - Processing file /home/airflow/.local/lib/python3.12/site-packages/airflow/example_dags/example_branch_python_dop_operator_3.py for tasks to queue
[2024-10-22T09:24:56.292+0000] {logging_mixin.py:190} INFO - [2024-10-22T09:24:56.291+0000] {dagbag.py:588} INFO - Filling up the DagBag from /home/airflow/.local/lib/python3.12/site-packages/airflow/example_dags/example_branch_python_dop_operator_3.py
[2024-10-22T09:24:56.329+0000] {processor.py:925} INFO - DAG(s) 'example_branch_dop_operator_v3' retrieved from /home/airflow/.local/lib/python3.12/site-packages/airflow/example_dags/example_branch_python_dop_operator_3.py
[2024-10-22T09:24:56.391+0000] {logging_mixin.py:190} INFO - [2024-10-22T09:24:56.390+0000] {dag.py:3239} INFO - Sync 1 DAGs
[2024-10-22T09:24:56.448+0000] {logging_mixin.py:190} INFO - [2024-10-22T09:24:56.447+0000] {dag.py:4180} INFO - Setting next_dagrun for example_branch_dop_operator_v3 to 2024-10-22 09:23:00+00:00, run_after=2024-10-22 09:24:00+00:00
[2024-10-22T09:24:57.298+0000] {processor.py:208} INFO - Processing /home/airflow/.local/lib/python3.12/site-packages/airflow/example_dags/example_branch_python_dop_operator_3.py took 1.026 seconds
[2024-10-22T09:25:32.544+0000] {processor.py:186} INFO - Started process (PID=297) to work on /home/airflow/.local/lib/python3.12/site-packages/airflow/example_dags/example_branch_python_dop_operator_3.py
[2024-10-22T09:25:32.547+0000] {processor.py:914} INFO - Processing file /home/airflow/.local/lib/python3.12/site-packages/airflow/example_dags/example_branch_python_dop_operator_3.py for tasks to queue
[2024-10-22T09:25:32.555+0000] {logging_mixin.py:190} INFO - [2024-10-22T09:25:32.554+0000] {dagbag.py:588} INFO - Filling up the DagBag from /home/airflow/.local/lib/python3.12/site-packages/airflow/example_dags/example_branch_python_dop_operator_3.py
[2024-10-22T09:25:32.594+0000] {processor.py:925} INFO - DAG(s) 'example_branch_dop_operator_v3' retrieved from /home/airflow/.local/lib/python3.12/site-packages/airflow/example_dags/example_branch_python_dop_operator_3.py
[2024-10-22T09:25:32.653+0000] {logging_mixin.py:190} INFO - [2024-10-22T09:25:32.653+0000] {dag.py:3239} INFO - Sync 1 DAGs
[2024-10-22T09:25:32.728+0000] {logging_mixin.py:190} INFO - [2024-10-22T09:25:32.728+0000] {dag.py:4180} INFO - Setting next_dagrun for example_branch_dop_operator_v3 to 2024-10-22 09:24:00+00:00, run_after=2024-10-22 09:25:00+00:00
[2024-10-22T09:25:32.774+0000] {processor.py:208} INFO - Processing /home/airflow/.local/lib/python3.12/site-packages/airflow/example_dags/example_branch_python_dop_operator_3.py took 0.245 seconds
[2024-10-22T09:26:04.250+0000] {processor.py:186} INFO - Started process (PID=359) to work on /home/airflow/.local/lib/python3.12/site-packages/airflow/example_dags/example_branch_python_dop_operator_3.py
[2024-10-22T09:26:04.266+0000] {processor.py:914} INFO - Processing file /home/airflow/.local/lib/python3.12/site-packages/airflow/example_dags/example_branch_python_dop_operator_3.py for tasks to queue
[2024-10-22T09:26:04.282+0000] {logging_mixin.py:190} INFO - [2024-10-22T09:26:04.281+0000] {dagbag.py:588} INFO - Filling up the DagBag from /home/airflow/.local/lib/python3.12/site-packages/airflow/example_dags/example_branch_python_dop_operator_3.py
[2024-10-22T09:26:04.375+0000] {processor.py:925} INFO - DAG(s) 'example_branch_dop_operator_v3' retrieved from /home/airflow/.local/lib/python3.12/site-packages/airflow/example_dags/example_branch_python_dop_operator_3.py
[2024-10-22T09:26:04.540+0000] {logging_mixin.py:190} INFO - [2024-10-22T09:26:04.539+0000] {dag.py:3239} INFO - Sync 1 DAGs
[2024-10-22T09:26:04.757+0000] {logging_mixin.py:190} INFO - [2024-10-22T09:26:04.756+0000] {dag.py:4180} INFO - Setting next_dagrun for example_branch_dop_operator_v3 to 2024-10-22 09:25:00+00:00, run_after=2024-10-22 09:26:00+00:00
[2024-10-22T09:26:04.906+0000] {processor.py:208} INFO - Processing /home/airflow/.local/lib/python3.12/site-packages/airflow/example_dags/example_branch_python_dop_operator_3.py took 0.727 seconds
[2024-10-22T09:26:37.966+0000] {processor.py:186} INFO - Started process (PID=422) to work on /home/airflow/.local/lib/python3.12/site-packages/airflow/example_dags/example_branch_python_dop_operator_3.py
[2024-10-22T09:26:38.003+0000] {processor.py:914} INFO - Processing file /home/airflow/.local/lib/python3.12/site-packages/airflow/example_dags/example_branch_python_dop_operator_3.py for tasks to queue
[2024-10-22T09:26:38.069+0000] {logging_mixin.py:190} INFO - [2024-10-22T09:26:38.068+0000] {dagbag.py:588} INFO - Filling up the DagBag from /home/airflow/.local/lib/python3.12/site-packages/airflow/example_dags/example_branch_python_dop_operator_3.py
[2024-10-22T09:26:38.221+0000] {processor.py:925} INFO - DAG(s) 'example_branch_dop_operator_v3' retrieved from /home/airflow/.local/lib/python3.12/site-packages/airflow/example_dags/example_branch_python_dop_operator_3.py
[2024-10-22T09:26:38.507+0000] {logging_mixin.py:190} INFO - [2024-10-22T09:26:38.506+0000] {dag.py:3239} INFO - Sync 1 DAGs
[2024-10-22T09:26:39.146+0000] {logging_mixin.py:190} INFO - [2024-10-22T09:26:39.146+0000] {dag.py:4180} INFO - Setting next_dagrun for example_branch_dop_operator_v3 to 2024-10-22 09:25:00+00:00, run_after=2024-10-22 09:26:00+00:00
[2024-10-22T09:26:39.403+0000] {processor.py:208} INFO - Processing /home/airflow/.local/lib/python3.12/site-packages/airflow/example_dags/example_branch_python_dop_operator_3.py took 1.482 seconds
[2024-10-22T09:27:15.236+0000] {processor.py:186} INFO - Started process (PID=490) to work on /home/airflow/.local/lib/python3.12/site-packages/airflow/example_dags/example_branch_python_dop_operator_3.py
[2024-10-22T09:27:15.239+0000] {processor.py:914} INFO - Processing file /home/airflow/.local/lib/python3.12/site-packages/airflow/example_dags/example_branch_python_dop_operator_3.py for tasks to queue
[2024-10-22T09:27:15.246+0000] {logging_mixin.py:190} INFO - [2024-10-22T09:27:15.245+0000] {dagbag.py:588} INFO - Filling up the DagBag from /home/airflow/.local/lib/python3.12/site-packages/airflow/example_dags/example_branch_python_dop_operator_3.py
[2024-10-22T09:27:15.274+0000] {processor.py:925} INFO - DAG(s) 'example_branch_dop_operator_v3' retrieved from /home/airflow/.local/lib/python3.12/site-packages/airflow/example_dags/example_branch_python_dop_operator_3.py
[2024-10-22T09:27:15.323+0000] {logging_mixin.py:190} INFO - [2024-10-22T09:27:15.323+0000] {dag.py:3239} INFO - Sync 1 DAGs
[2024-10-22T09:27:15.401+0000] {logging_mixin.py:190} INFO - [2024-10-22T09:27:15.400+0000] {dag.py:4180} INFO - Setting next_dagrun for example_branch_dop_operator_v3 to 2024-10-22 09:26:00+00:00, run_after=2024-10-22 09:27:00+00:00
[2024-10-22T09:27:16.777+0000] {processor.py:208} INFO - Processing /home/airflow/.local/lib/python3.12/site-packages/airflow/example_dags/example_branch_python_dop_operator_3.py took 1.559 seconds
[2024-10-22T09:27:47.065+0000] {processor.py:186} INFO - Started process (PID=546) to work on /home/airflow/.local/lib/python3.12/site-packages/airflow/example_dags/example_branch_python_dop_operator_3.py
[2024-10-22T09:27:47.121+0000] {processor.py:914} INFO - Processing file /home/airflow/.local/lib/python3.12/site-packages/airflow/example_dags/example_branch_python_dop_operator_3.py for tasks to queue
[2024-10-22T09:27:47.129+0000] {logging_mixin.py:190} INFO - [2024-10-22T09:27:47.128+0000] {dagbag.py:588} INFO - Filling up the DagBag from /home/airflow/.local/lib/python3.12/site-packages/airflow/example_dags/example_branch_python_dop_operator_3.py
[2024-10-22T09:27:47.183+0000] {processor.py:925} INFO - DAG(s) 'example_branch_dop_operator_v3' retrieved from /home/airflow/.local/lib/python3.12/site-packages/airflow/example_dags/example_branch_python_dop_operator_3.py
[2024-10-22T09:27:47.257+0000] {logging_mixin.py:190} INFO - [2024-10-22T09:27:47.256+0000] {dag.py:3239} INFO - Sync 1 DAGs
[2024-10-22T09:27:47.422+0000] {logging_mixin.py:190} INFO - [2024-10-22T09:27:47.421+0000] {dag.py:4180} INFO - Setting next_dagrun for example_branch_dop_operator_v3 to 2024-10-22 09:26:00+00:00, run_after=2024-10-22 09:27:00+00:00
[2024-10-22T09:27:47.516+0000] {processor.py:208} INFO - Processing /home/airflow/.local/lib/python3.12/site-packages/airflow/example_dags/example_branch_python_dop_operator_3.py took 0.476 seconds
[2024-10-22T09:28:18.692+0000] {processor.py:186} INFO - Started process (PID=608) to work on /home/airflow/.local/lib/python3.12/site-packages/airflow/example_dags/example_branch_python_dop_operator_3.py
[2024-10-22T09:28:18.694+0000] {processor.py:914} INFO - Processing file /home/airflow/.local/lib/python3.12/site-packages/airflow/example_dags/example_branch_python_dop_operator_3.py for tasks to queue
[2024-10-22T09:28:18.699+0000] {logging_mixin.py:190} INFO - [2024-10-22T09:28:18.698+0000] {dagbag.py:588} INFO - Filling up the DagBag from /home/airflow/.local/lib/python3.12/site-packages/airflow/example_dags/example_branch_python_dop_operator_3.py
[2024-10-22T09:28:18.717+0000] {processor.py:925} INFO - DAG(s) 'example_branch_dop_operator_v3' retrieved from /home/airflow/.local/lib/python3.12/site-packages/airflow/example_dags/example_branch_python_dop_operator_3.py
[2024-10-22T09:28:18.757+0000] {logging_mixin.py:190} INFO - [2024-10-22T09:28:18.756+0000] {dag.py:3239} INFO - Sync 1 DAGs
[2024-10-22T09:28:18.847+0000] {logging_mixin.py:190} INFO - [2024-10-22T09:28:18.846+0000] {dag.py:4180} INFO - Setting next_dagrun for example_branch_dop_operator_v3 to 2024-10-22 09:27:00+00:00, run_after=2024-10-22 09:28:00+00:00
[2024-10-22T09:28:19.500+0000] {processor.py:208} INFO - Processing /home/airflow/.local/lib/python3.12/site-packages/airflow/example_dags/example_branch_python_dop_operator_3.py took 0.820 seconds
[2024-10-22T09:28:50.293+0000] {processor.py:186} INFO - Started process (PID=670) to work on /home/airflow/.local/lib/python3.12/site-packages/airflow/example_dags/example_branch_python_dop_operator_3.py
[2024-10-22T09:28:50.296+0000] {processor.py:914} INFO - Processing file /home/airflow/.local/lib/python3.12/site-packages/airflow/example_dags/example_branch_python_dop_operator_3.py for tasks to queue
[2024-10-22T09:28:50.303+0000] {logging_mixin.py:190} INFO - [2024-10-22T09:28:50.302+0000] {dagbag.py:588} INFO - Filling up the DagBag from /home/airflow/.local/lib/python3.12/site-packages/airflow/example_dags/example_branch_python_dop_operator_3.py
[2024-10-22T09:28:50.328+0000] {processor.py:925} INFO - DAG(s) 'example_branch_dop_operator_v3' retrieved from /home/airflow/.local/lib/python3.12/site-packages/airflow/example_dags/example_branch_python_dop_operator_3.py
[2024-10-22T09:28:50.379+0000] {logging_mixin.py:190} INFO - [2024-10-22T09:28:50.378+0000] {dag.py:3239} INFO - Sync 1 DAGs
[2024-10-22T09:28:50.527+0000] {logging_mixin.py:190} INFO - [2024-10-22T09:28:50.517+0000] {dag.py:4180} INFO - Setting next_dagrun for example_branch_dop_operator_v3 to 2024-10-22 09:27:00+00:00, run_after=2024-10-22 09:28:00+00:00
[2024-10-22T09:28:50.605+0000] {processor.py:208} INFO - Processing /home/airflow/.local/lib/python3.12/site-packages/airflow/example_dags/example_branch_python_dop_operator_3.py took 0.326 seconds
[2024-10-22T09:29:21.528+0000] {processor.py:186} INFO - Started process (PID=732) to work on /home/airflow/.local/lib/python3.12/site-packages/airflow/example_dags/example_branch_python_dop_operator_3.py
[2024-10-22T09:29:21.531+0000] {processor.py:914} INFO - Processing file /home/airflow/.local/lib/python3.12/site-packages/airflow/example_dags/example_branch_python_dop_operator_3.py for tasks to queue
[2024-10-22T09:29:21.545+0000] {logging_mixin.py:190} INFO - [2024-10-22T09:29:21.544+0000] {dagbag.py:588} INFO - Filling up the DagBag from /home/airflow/.local/lib/python3.12/site-packages/airflow/example_dags/example_branch_python_dop_operator_3.py
[2024-10-22T09:29:21.612+0000] {processor.py:925} INFO - DAG(s) 'example_branch_dop_operator_v3' retrieved from /home/airflow/.local/lib/python3.12/site-packages/airflow/example_dags/example_branch_python_dop_operator_3.py
[2024-10-22T09:29:22.195+0000] {logging_mixin.py:190} INFO - [2024-10-22T09:29:22.192+0000] {dag.py:3239} INFO - Sync 1 DAGs
[2024-10-22T09:29:22.801+0000] {logging_mixin.py:190} INFO - [2024-10-22T09:29:22.801+0000] {dag.py:4180} INFO - Setting next_dagrun for example_branch_dop_operator_v3 to 2024-10-22 09:28:00+00:00, run_after=2024-10-22 09:29:00+00:00
[2024-10-22T09:29:23.170+0000] {processor.py:208} INFO - Processing /home/airflow/.local/lib/python3.12/site-packages/airflow/example_dags/example_branch_python_dop_operator_3.py took 1.687 seconds
[2024-10-22T09:29:54.355+0000] {processor.py:186} INFO - Started process (PID=801) to work on /home/airflow/.local/lib/python3.12/site-packages/airflow/example_dags/example_branch_python_dop_operator_3.py
[2024-10-22T09:29:54.357+0000] {processor.py:914} INFO - Processing file /home/airflow/.local/lib/python3.12/site-packages/airflow/example_dags/example_branch_python_dop_operator_3.py for tasks to queue
[2024-10-22T09:29:54.365+0000] {logging_mixin.py:190} INFO - [2024-10-22T09:29:54.364+0000] {dagbag.py:588} INFO - Filling up the DagBag from /home/airflow/.local/lib/python3.12/site-packages/airflow/example_dags/example_branch_python_dop_operator_3.py
[2024-10-22T09:29:54.409+0000] {processor.py:925} INFO - DAG(s) 'example_branch_dop_operator_v3' retrieved from /home/airflow/.local/lib/python3.12/site-packages/airflow/example_dags/example_branch_python_dop_operator_3.py
[2024-10-22T09:29:54.616+0000] {logging_mixin.py:190} INFO - [2024-10-22T09:29:54.615+0000] {dag.py:3239} INFO - Sync 1 DAGs
[2024-10-22T09:29:54.728+0000] {logging_mixin.py:190} INFO - [2024-10-22T09:29:54.727+0000] {dag.py:4180} INFO - Setting next_dagrun for example_branch_dop_operator_v3 to 2024-10-22 09:28:00+00:00, run_after=2024-10-22 09:29:00+00:00
[2024-10-22T09:29:55.993+0000] {processor.py:208} INFO - Processing /home/airflow/.local/lib/python3.12/site-packages/airflow/example_dags/example_branch_python_dop_operator_3.py took 1.656 seconds
[2024-10-22T09:30:27.100+0000] {processor.py:186} INFO - Started process (PID=864) to work on /home/airflow/.local/lib/python3.12/site-packages/airflow/example_dags/example_branch_python_dop_operator_3.py
[2024-10-22T09:30:27.104+0000] {processor.py:914} INFO - Processing file /home/airflow/.local/lib/python3.12/site-packages/airflow/example_dags/example_branch_python_dop_operator_3.py for tasks to queue
[2024-10-22T09:30:27.110+0000] {logging_mixin.py:190} INFO - [2024-10-22T09:30:27.109+0000] {dagbag.py:588} INFO - Filling up the DagBag from /home/airflow/.local/lib/python3.12/site-packages/airflow/example_dags/example_branch_python_dop_operator_3.py
[2024-10-22T09:30:27.152+0000] {processor.py:925} INFO - DAG(s) 'example_branch_dop_operator_v3' retrieved from /home/airflow/.local/lib/python3.12/site-packages/airflow/example_dags/example_branch_python_dop_operator_3.py
[2024-10-22T09:30:27.202+0000] {logging_mixin.py:190} INFO - [2024-10-22T09:30:27.202+0000] {dag.py:3239} INFO - Sync 1 DAGs
[2024-10-22T09:30:27.276+0000] {logging_mixin.py:190} INFO - [2024-10-22T09:30:27.275+0000] {dag.py:4180} INFO - Setting next_dagrun for example_branch_dop_operator_v3 to 2024-10-22 09:29:00+00:00, run_after=2024-10-22 09:30:00+00:00
[2024-10-22T09:30:27.336+0000] {processor.py:208} INFO - Processing /home/airflow/.local/lib/python3.12/site-packages/airflow/example_dags/example_branch_python_dop_operator_3.py took 0.255 seconds
[2024-10-22T09:30:57.618+0000] {processor.py:186} INFO - Started process (PID=926) to work on /home/airflow/.local/lib/python3.12/site-packages/airflow/example_dags/example_branch_python_dop_operator_3.py
[2024-10-22T09:30:57.633+0000] {processor.py:914} INFO - Processing file /home/airflow/.local/lib/python3.12/site-packages/airflow/example_dags/example_branch_python_dop_operator_3.py for tasks to queue
[2024-10-22T09:30:57.655+0000] {logging_mixin.py:190} INFO - [2024-10-22T09:30:57.654+0000] {dagbag.py:588} INFO - Filling up the DagBag from /home/airflow/.local/lib/python3.12/site-packages/airflow/example_dags/example_branch_python_dop_operator_3.py
[2024-10-22T09:30:57.744+0000] {processor.py:925} INFO - DAG(s) 'example_branch_dop_operator_v3' retrieved from /home/airflow/.local/lib/python3.12/site-packages/airflow/example_dags/example_branch_python_dop_operator_3.py
[2024-10-22T09:30:57.871+0000] {logging_mixin.py:190} INFO - [2024-10-22T09:30:57.870+0000] {dag.py:3239} INFO - Sync 1 DAGs
[2024-10-22T09:30:58.028+0000] {logging_mixin.py:190} INFO - [2024-10-22T09:30:58.027+0000] {dag.py:4180} INFO - Setting next_dagrun for example_branch_dop_operator_v3 to 2024-10-22 09:29:00+00:00, run_after=2024-10-22 09:30:00+00:00
[2024-10-22T09:30:58.131+0000] {processor.py:208} INFO - Processing /home/airflow/.local/lib/python3.12/site-packages/airflow/example_dags/example_branch_python_dop_operator_3.py took 0.565 seconds
[2024-10-22T09:31:35.995+0000] {processor.py:186} INFO - Started process (PID=988) to work on /home/airflow/.local/lib/python3.12/site-packages/airflow/example_dags/example_branch_python_dop_operator_3.py
[2024-10-22T09:31:36.004+0000] {processor.py:914} INFO - Processing file /home/airflow/.local/lib/python3.12/site-packages/airflow/example_dags/example_branch_python_dop_operator_3.py for tasks to queue
[2024-10-22T09:31:36.042+0000] {logging_mixin.py:190} INFO - [2024-10-22T09:31:36.030+0000] {dagbag.py:588} INFO - Filling up the DagBag from /home/airflow/.local/lib/python3.12/site-packages/airflow/example_dags/example_branch_python_dop_operator_3.py
[2024-10-22T09:31:36.227+0000] {processor.py:925} INFO - DAG(s) 'example_branch_dop_operator_v3' retrieved from /home/airflow/.local/lib/python3.12/site-packages/airflow/example_dags/example_branch_python_dop_operator_3.py
[2024-10-22T09:31:36.443+0000] {logging_mixin.py:190} INFO - [2024-10-22T09:31:36.442+0000] {dag.py:3239} INFO - Sync 1 DAGs
[2024-10-22T09:31:36.732+0000] {logging_mixin.py:190} INFO - [2024-10-22T09:31:36.731+0000] {dag.py:4180} INFO - Setting next_dagrun for example_branch_dop_operator_v3 to 2024-10-22 09:30:00+00:00, run_after=2024-10-22 09:31:00+00:00
[2024-10-22T09:31:36.963+0000] {processor.py:208} INFO - Processing /home/airflow/.local/lib/python3.12/site-packages/airflow/example_dags/example_branch_python_dop_operator_3.py took 1.036 seconds
[2024-10-22T09:32:12.369+0000] {processor.py:186} INFO - Started process (PID=1050) to work on /home/airflow/.local/lib/python3.12/site-packages/airflow/example_dags/example_branch_python_dop_operator_3.py
[2024-10-22T09:32:12.375+0000] {processor.py:914} INFO - Processing file /home/airflow/.local/lib/python3.12/site-packages/airflow/example_dags/example_branch_python_dop_operator_3.py for tasks to queue
[2024-10-22T09:32:12.402+0000] {logging_mixin.py:190} INFO - [2024-10-22T09:32:12.390+0000] {dagbag.py:588} INFO - Filling up the DagBag from /home/airflow/.local/lib/python3.12/site-packages/airflow/example_dags/example_branch_python_dop_operator_3.py
[2024-10-22T09:32:12.515+0000] {processor.py:925} INFO - DAG(s) 'example_branch_dop_operator_v3' retrieved from /home/airflow/.local/lib/python3.12/site-packages/airflow/example_dags/example_branch_python_dop_operator_3.py
[2024-10-22T09:32:12.707+0000] {logging_mixin.py:190} INFO - [2024-10-22T09:32:12.707+0000] {dag.py:3239} INFO - Sync 1 DAGs
[2024-10-22T09:32:13.045+0000] {logging_mixin.py:190} INFO - [2024-10-22T09:32:13.045+0000] {dag.py:4180} INFO - Setting next_dagrun for example_branch_dop_operator_v3 to 2024-10-22 09:31:00+00:00, run_after=2024-10-22 09:32:00+00:00
[2024-10-22T09:32:13.210+0000] {processor.py:208} INFO - Processing /home/airflow/.local/lib/python3.12/site-packages/airflow/example_dags/example_branch_python_dop_operator_3.py took 0.905 seconds
[2024-10-22T09:32:58.858+0000] {processor.py:186} INFO - Started process (PID=1121) to work on /home/airflow/.local/lib/python3.12/site-packages/airflow/example_dags/example_branch_python_dop_operator_3.py
[2024-10-22T09:32:58.901+0000] {processor.py:914} INFO - Processing file /home/airflow/.local/lib/python3.12/site-packages/airflow/example_dags/example_branch_python_dop_operator_3.py for tasks to queue
[2024-10-22T09:32:58.931+0000] {logging_mixin.py:190} INFO - [2024-10-22T09:32:58.930+0000] {dagbag.py:588} INFO - Filling up the DagBag from /home/airflow/.local/lib/python3.12/site-packages/airflow/example_dags/example_branch_python_dop_operator_3.py
[2024-10-22T09:32:59.089+0000] {processor.py:925} INFO - DAG(s) 'example_branch_dop_operator_v3' retrieved from /home/airflow/.local/lib/python3.12/site-packages/airflow/example_dags/example_branch_python_dop_operator_3.py
[2024-10-22T09:32:59.448+0000] {logging_mixin.py:190} INFO - [2024-10-22T09:32:59.447+0000] {dag.py:3239} INFO - Sync 1 DAGs
[2024-10-22T09:32:59.657+0000] {logging_mixin.py:190} INFO - [2024-10-22T09:32:59.657+0000] {dag.py:4180} INFO - Setting next_dagrun for example_branch_dop_operator_v3 to 2024-10-22 09:31:00+00:00, run_after=2024-10-22 09:32:00+00:00
[2024-10-22T09:32:59.776+0000] {processor.py:208} INFO - Processing /home/airflow/.local/lib/python3.12/site-packages/airflow/example_dags/example_branch_python_dop_operator_3.py took 1.061 seconds
[2024-10-22T09:33:30.780+0000] {processor.py:186} INFO - Started process (PID=1184) to work on /home/airflow/.local/lib/python3.12/site-packages/airflow/example_dags/example_branch_python_dop_operator_3.py
[2024-10-22T09:33:30.783+0000] {processor.py:914} INFO - Processing file /home/airflow/.local/lib/python3.12/site-packages/airflow/example_dags/example_branch_python_dop_operator_3.py for tasks to queue
[2024-10-22T09:33:30.795+0000] {logging_mixin.py:190} INFO - [2024-10-22T09:33:30.794+0000] {dagbag.py:588} INFO - Filling up the DagBag from /home/airflow/.local/lib/python3.12/site-packages/airflow/example_dags/example_branch_python_dop_operator_3.py
[2024-10-22T09:33:30.844+0000] {processor.py:925} INFO - DAG(s) 'example_branch_dop_operator_v3' retrieved from /home/airflow/.local/lib/python3.12/site-packages/airflow/example_dags/example_branch_python_dop_operator_3.py
[2024-10-22T09:33:30.939+0000] {logging_mixin.py:190} INFO - [2024-10-22T09:33:30.938+0000] {dag.py:3239} INFO - Sync 1 DAGs
[2024-10-22T09:33:31.098+0000] {logging_mixin.py:190} INFO - [2024-10-22T09:33:31.097+0000] {dag.py:4180} INFO - Setting next_dagrun for example_branch_dop_operator_v3 to 2024-10-22 09:32:00+00:00, run_after=2024-10-22 09:33:00+00:00
[2024-10-22T09:33:31.215+0000] {processor.py:208} INFO - Processing /home/airflow/.local/lib/python3.12/site-packages/airflow/example_dags/example_branch_python_dop_operator_3.py took 0.470 seconds
[2024-10-22T09:34:01.555+0000] {processor.py:186} INFO - Started process (PID=1246) to work on /home/airflow/.local/lib/python3.12/site-packages/airflow/example_dags/example_branch_python_dop_operator_3.py
[2024-10-22T09:34:01.558+0000] {processor.py:914} INFO - Processing file /home/airflow/.local/lib/python3.12/site-packages/airflow/example_dags/example_branch_python_dop_operator_3.py for tasks to queue
[2024-10-22T09:34:01.567+0000] {logging_mixin.py:190} INFO - [2024-10-22T09:34:01.566+0000] {dagbag.py:588} INFO - Filling up the DagBag from /home/airflow/.local/lib/python3.12/site-packages/airflow/example_dags/example_branch_python_dop_operator_3.py
[2024-10-22T09:34:01.601+0000] {processor.py:925} INFO - DAG(s) 'example_branch_dop_operator_v3' retrieved from /home/airflow/.local/lib/python3.12/site-packages/airflow/example_dags/example_branch_python_dop_operator_3.py
[2024-10-22T09:34:01.659+0000] {logging_mixin.py:190} INFO - [2024-10-22T09:34:01.658+0000] {dag.py:3239} INFO - Sync 1 DAGs
[2024-10-22T09:34:01.731+0000] {logging_mixin.py:190} INFO - [2024-10-22T09:34:01.730+0000] {dag.py:4180} INFO - Setting next_dagrun for example_branch_dop_operator_v3 to 2024-10-22 09:33:00+00:00, run_after=2024-10-22 09:34:00+00:00
[2024-10-22T09:34:01.767+0000] {processor.py:208} INFO - Processing /home/airflow/.local/lib/python3.12/site-packages/airflow/example_dags/example_branch_python_dop_operator_3.py took 0.237 seconds
[2024-10-22T09:34:32.535+0000] {processor.py:186} INFO - Started process (PID=1308) to work on /home/airflow/.local/lib/python3.12/site-packages/airflow/example_dags/example_branch_python_dop_operator_3.py
[2024-10-22T09:34:32.538+0000] {processor.py:914} INFO - Processing file /home/airflow/.local/lib/python3.12/site-packages/airflow/example_dags/example_branch_python_dop_operator_3.py for tasks to queue
[2024-10-22T09:34:32.545+0000] {logging_mixin.py:190} INFO - [2024-10-22T09:34:32.544+0000] {dagbag.py:588} INFO - Filling up the DagBag from /home/airflow/.local/lib/python3.12/site-packages/airflow/example_dags/example_branch_python_dop_operator_3.py
[2024-10-22T09:34:32.566+0000] {processor.py:925} INFO - DAG(s) 'example_branch_dop_operator_v3' retrieved from /home/airflow/.local/lib/python3.12/site-packages/airflow/example_dags/example_branch_python_dop_operator_3.py
[2024-10-22T09:34:32.632+0000] {logging_mixin.py:190} INFO - [2024-10-22T09:34:32.631+0000] {dag.py:3239} INFO - Sync 1 DAGs
[2024-10-22T09:34:32.698+0000] {logging_mixin.py:190} INFO - [2024-10-22T09:34:32.698+0000] {dag.py:4180} INFO - Setting next_dagrun for example_branch_dop_operator_v3 to 2024-10-22 09:33:00+00:00, run_after=2024-10-22 09:34:00+00:00
[2024-10-22T09:34:32.743+0000] {processor.py:208} INFO - Processing /home/airflow/.local/lib/python3.12/site-packages/airflow/example_dags/example_branch_python_dop_operator_3.py took 0.221 seconds
[2024-10-22T09:35:02.882+0000] {processor.py:186} INFO - Started process (PID=1370) to work on /home/airflow/.local/lib/python3.12/site-packages/airflow/example_dags/example_branch_python_dop_operator_3.py
[2024-10-22T09:35:02.885+0000] {processor.py:914} INFO - Processing file /home/airflow/.local/lib/python3.12/site-packages/airflow/example_dags/example_branch_python_dop_operator_3.py for tasks to queue
[2024-10-22T09:35:02.890+0000] {logging_mixin.py:190} INFO - [2024-10-22T09:35:02.889+0000] {dagbag.py:588} INFO - Filling up the DagBag from /home/airflow/.local/lib/python3.12/site-packages/airflow/example_dags/example_branch_python_dop_operator_3.py
[2024-10-22T09:35:02.916+0000] {processor.py:925} INFO - DAG(s) 'example_branch_dop_operator_v3' retrieved from /home/airflow/.local/lib/python3.12/site-packages/airflow/example_dags/example_branch_python_dop_operator_3.py
[2024-10-22T09:35:02.954+0000] {logging_mixin.py:190} INFO - [2024-10-22T09:35:02.954+0000] {dag.py:3239} INFO - Sync 1 DAGs
[2024-10-22T09:35:02.999+0000] {logging_mixin.py:190} INFO - [2024-10-22T09:35:02.999+0000] {dag.py:4180} INFO - Setting next_dagrun for example_branch_dop_operator_v3 to 2024-10-22 09:34:00+00:00, run_after=2024-10-22 09:35:00+00:00
[2024-10-22T09:35:03.044+0000] {processor.py:208} INFO - Processing /home/airflow/.local/lib/python3.12/site-packages/airflow/example_dags/example_branch_python_dop_operator_3.py took 0.177 seconds
[2024-10-22T09:35:33.537+0000] {processor.py:186} INFO - Started process (PID=1432) to work on /home/airflow/.local/lib/python3.12/site-packages/airflow/example_dags/example_branch_python_dop_operator_3.py
[2024-10-22T09:35:33.540+0000] {processor.py:914} INFO - Processing file /home/airflow/.local/lib/python3.12/site-packages/airflow/example_dags/example_branch_python_dop_operator_3.py for tasks to queue
[2024-10-22T09:35:33.545+0000] {logging_mixin.py:190} INFO - [2024-10-22T09:35:33.544+0000] {dagbag.py:588} INFO - Filling up the DagBag from /home/airflow/.local/lib/python3.12/site-packages/airflow/example_dags/example_branch_python_dop_operator_3.py
[2024-10-22T09:35:33.564+0000] {processor.py:925} INFO - DAG(s) 'example_branch_dop_operator_v3' retrieved from /home/airflow/.local/lib/python3.12/site-packages/airflow/example_dags/example_branch_python_dop_operator_3.py
[2024-10-22T09:35:33.600+0000] {logging_mixin.py:190} INFO - [2024-10-22T09:35:33.599+0000] {dag.py:3239} INFO - Sync 1 DAGs
[2024-10-22T09:35:33.661+0000] {logging_mixin.py:190} INFO - [2024-10-22T09:35:33.660+0000] {dag.py:4180} INFO - Setting next_dagrun for example_branch_dop_operator_v3 to 2024-10-22 09:34:00+00:00, run_after=2024-10-22 09:35:00+00:00
[2024-10-22T09:35:33.706+0000] {processor.py:208} INFO - Processing /home/airflow/.local/lib/python3.12/site-packages/airflow/example_dags/example_branch_python_dop_operator_3.py took 0.183 seconds
[2024-10-22T09:36:04.370+0000] {processor.py:186} INFO - Started process (PID=1494) to work on /home/airflow/.local/lib/python3.12/site-packages/airflow/example_dags/example_branch_python_dop_operator_3.py
[2024-10-22T09:36:04.372+0000] {processor.py:914} INFO - Processing file /home/airflow/.local/lib/python3.12/site-packages/airflow/example_dags/example_branch_python_dop_operator_3.py for tasks to queue
[2024-10-22T09:36:04.379+0000] {logging_mixin.py:190} INFO - [2024-10-22T09:36:04.378+0000] {dagbag.py:588} INFO - Filling up the DagBag from /home/airflow/.local/lib/python3.12/site-packages/airflow/example_dags/example_branch_python_dop_operator_3.py
[2024-10-22T09:36:04.404+0000] {processor.py:925} INFO - DAG(s) 'example_branch_dop_operator_v3' retrieved from /home/airflow/.local/lib/python3.12/site-packages/airflow/example_dags/example_branch_python_dop_operator_3.py
[2024-10-22T09:36:04.447+0000] {logging_mixin.py:190} INFO - [2024-10-22T09:36:04.447+0000] {dag.py:3239} INFO - Sync 1 DAGs
[2024-10-22T09:36:04.505+0000] {logging_mixin.py:190} INFO - [2024-10-22T09:36:04.504+0000] {dag.py:4180} INFO - Setting next_dagrun for example_branch_dop_operator_v3 to 2024-10-22 09:35:00+00:00, run_after=2024-10-22 09:36:00+00:00
[2024-10-22T09:36:04.537+0000] {processor.py:208} INFO - Processing /home/airflow/.local/lib/python3.12/site-packages/airflow/example_dags/example_branch_python_dop_operator_3.py took 0.179 seconds
[2024-10-22T09:36:34.903+0000] {processor.py:186} INFO - Started process (PID=1557) to work on /home/airflow/.local/lib/python3.12/site-packages/airflow/example_dags/example_branch_python_dop_operator_3.py
[2024-10-22T09:36:34.904+0000] {processor.py:914} INFO - Processing file /home/airflow/.local/lib/python3.12/site-packages/airflow/example_dags/example_branch_python_dop_operator_3.py for tasks to queue
[2024-10-22T09:36:34.911+0000] {logging_mixin.py:190} INFO - [2024-10-22T09:36:34.910+0000] {dagbag.py:588} INFO - Filling up the DagBag from /home/airflow/.local/lib/python3.12/site-packages/airflow/example_dags/example_branch_python_dop_operator_3.py
[2024-10-22T09:36:34.934+0000] {processor.py:925} INFO - DAG(s) 'example_branch_dop_operator_v3' retrieved from /home/airflow/.local/lib/python3.12/site-packages/airflow/example_dags/example_branch_python_dop_operator_3.py
[2024-10-22T09:36:34.977+0000] {logging_mixin.py:190} INFO - [2024-10-22T09:36:34.977+0000] {dag.py:3239} INFO - Sync 1 DAGs
[2024-10-22T09:36:35.039+0000] {logging_mixin.py:190} INFO - [2024-10-22T09:36:35.039+0000] {dag.py:4180} INFO - Setting next_dagrun for example_branch_dop_operator_v3 to 2024-10-22 09:35:00+00:00, run_after=2024-10-22 09:36:00+00:00
[2024-10-22T09:36:35.072+0000] {processor.py:208} INFO - Processing /home/airflow/.local/lib/python3.12/site-packages/airflow/example_dags/example_branch_python_dop_operator_3.py took 0.185 seconds
[2024-10-22T09:37:05.884+0000] {processor.py:186} INFO - Started process (PID=1619) to work on /home/airflow/.local/lib/python3.12/site-packages/airflow/example_dags/example_branch_python_dop_operator_3.py
[2024-10-22T09:37:05.887+0000] {processor.py:914} INFO - Processing file /home/airflow/.local/lib/python3.12/site-packages/airflow/example_dags/example_branch_python_dop_operator_3.py for tasks to queue
[2024-10-22T09:37:05.896+0000] {logging_mixin.py:190} INFO - [2024-10-22T09:37:05.896+0000] {dagbag.py:588} INFO - Filling up the DagBag from /home/airflow/.local/lib/python3.12/site-packages/airflow/example_dags/example_branch_python_dop_operator_3.py
[2024-10-22T09:37:05.924+0000] {processor.py:925} INFO - DAG(s) 'example_branch_dop_operator_v3' retrieved from /home/airflow/.local/lib/python3.12/site-packages/airflow/example_dags/example_branch_python_dop_operator_3.py
[2024-10-22T09:37:05.979+0000] {logging_mixin.py:190} INFO - [2024-10-22T09:37:05.979+0000] {dag.py:3239} INFO - Sync 1 DAGs
[2024-10-22T09:37:06.120+0000] {logging_mixin.py:190} INFO - [2024-10-22T09:37:06.117+0000] {dag.py:4180} INFO - Setting next_dagrun for example_branch_dop_operator_v3 to 2024-10-22 09:36:00+00:00, run_after=2024-10-22 09:37:00+00:00
[2024-10-22T09:37:06.234+0000] {processor.py:208} INFO - Processing /home/airflow/.local/lib/python3.12/site-packages/airflow/example_dags/example_branch_python_dop_operator_3.py took 0.370 seconds
[2024-10-22T09:37:36.725+0000] {processor.py:186} INFO - Started process (PID=1681) to work on /home/airflow/.local/lib/python3.12/site-packages/airflow/example_dags/example_branch_python_dop_operator_3.py
[2024-10-22T09:37:36.727+0000] {processor.py:914} INFO - Processing file /home/airflow/.local/lib/python3.12/site-packages/airflow/example_dags/example_branch_python_dop_operator_3.py for tasks to queue
[2024-10-22T09:37:36.735+0000] {logging_mixin.py:190} INFO - [2024-10-22T09:37:36.734+0000] {dagbag.py:588} INFO - Filling up the DagBag from /home/airflow/.local/lib/python3.12/site-packages/airflow/example_dags/example_branch_python_dop_operator_3.py
[2024-10-22T09:37:36.760+0000] {processor.py:925} INFO - DAG(s) 'example_branch_dop_operator_v3' retrieved from /home/airflow/.local/lib/python3.12/site-packages/airflow/example_dags/example_branch_python_dop_operator_3.py
[2024-10-22T09:37:36.806+0000] {logging_mixin.py:190} INFO - [2024-10-22T09:37:36.805+0000] {dag.py:3239} INFO - Sync 1 DAGs
[2024-10-22T09:37:36.864+0000] {logging_mixin.py:190} INFO - [2024-10-22T09:37:36.864+0000] {dag.py:4180} INFO - Setting next_dagrun for example_branch_dop_operator_v3 to 2024-10-22 09:36:00+00:00, run_after=2024-10-22 09:37:00+00:00
[2024-10-22T09:37:36.895+0000] {processor.py:208} INFO - Processing /home/airflow/.local/lib/python3.12/site-packages/airflow/example_dags/example_branch_python_dop_operator_3.py took 0.185 seconds
[2024-10-22T09:38:07.341+0000] {processor.py:186} INFO - Started process (PID=1743) to work on /home/airflow/.local/lib/python3.12/site-packages/airflow/example_dags/example_branch_python_dop_operator_3.py
[2024-10-22T09:38:07.343+0000] {processor.py:914} INFO - Processing file /home/airflow/.local/lib/python3.12/site-packages/airflow/example_dags/example_branch_python_dop_operator_3.py for tasks to queue
[2024-10-22T09:38:07.350+0000] {logging_mixin.py:190} INFO - [2024-10-22T09:38:07.349+0000] {dagbag.py:588} INFO - Filling up the DagBag from /home/airflow/.local/lib/python3.12/site-packages/airflow/example_dags/example_branch_python_dop_operator_3.py
[2024-10-22T09:38:07.376+0000] {processor.py:925} INFO - DAG(s) 'example_branch_dop_operator_v3' retrieved from /home/airflow/.local/lib/python3.12/site-packages/airflow/example_dags/example_branch_python_dop_operator_3.py
[2024-10-22T09:38:07.421+0000] {logging_mixin.py:190} INFO - [2024-10-22T09:38:07.420+0000] {dag.py:3239} INFO - Sync 1 DAGs
[2024-10-22T09:38:07.490+0000] {logging_mixin.py:190} INFO - [2024-10-22T09:38:07.489+0000] {dag.py:4180} INFO - Setting next_dagrun for example_branch_dop_operator_v3 to 2024-10-22 09:37:00+00:00, run_after=2024-10-22 09:38:00+00:00
[2024-10-22T09:38:07.542+0000] {processor.py:208} INFO - Processing /home/airflow/.local/lib/python3.12/site-packages/airflow/example_dags/example_branch_python_dop_operator_3.py took 0.219 seconds
[2024-10-22T09:38:38.206+0000] {processor.py:186} INFO - Started process (PID=1805) to work on /home/airflow/.local/lib/python3.12/site-packages/airflow/example_dags/example_branch_python_dop_operator_3.py
[2024-10-22T09:38:38.209+0000] {processor.py:914} INFO - Processing file /home/airflow/.local/lib/python3.12/site-packages/airflow/example_dags/example_branch_python_dop_operator_3.py for tasks to queue
[2024-10-22T09:38:38.215+0000] {logging_mixin.py:190} INFO - [2024-10-22T09:38:38.215+0000] {dagbag.py:588} INFO - Filling up the DagBag from /home/airflow/.local/lib/python3.12/site-packages/airflow/example_dags/example_branch_python_dop_operator_3.py
[2024-10-22T09:38:38.234+0000] {processor.py:925} INFO - DAG(s) 'example_branch_dop_operator_v3' retrieved from /home/airflow/.local/lib/python3.12/site-packages/airflow/example_dags/example_branch_python_dop_operator_3.py
[2024-10-22T09:38:38.279+0000] {logging_mixin.py:190} INFO - [2024-10-22T09:38:38.279+0000] {dag.py:3239} INFO - Sync 1 DAGs
[2024-10-22T09:38:38.356+0000] {logging_mixin.py:190} INFO - [2024-10-22T09:38:38.355+0000] {dag.py:4180} INFO - Setting next_dagrun for example_branch_dop_operator_v3 to 2024-10-22 09:37:00+00:00, run_after=2024-10-22 09:38:00+00:00
[2024-10-22T09:38:38.408+0000] {processor.py:208} INFO - Processing /home/airflow/.local/lib/python3.12/site-packages/airflow/example_dags/example_branch_python_dop_operator_3.py took 0.215 seconds
[2024-10-22T09:39:08.999+0000] {processor.py:186} INFO - Started process (PID=1868) to work on /home/airflow/.local/lib/python3.12/site-packages/airflow/example_dags/example_branch_python_dop_operator_3.py
[2024-10-22T09:39:09.002+0000] {processor.py:914} INFO - Processing file /home/airflow/.local/lib/python3.12/site-packages/airflow/example_dags/example_branch_python_dop_operator_3.py for tasks to queue
[2024-10-22T09:39:09.008+0000] {logging_mixin.py:190} INFO - [2024-10-22T09:39:09.008+0000] {dagbag.py:588} INFO - Filling up the DagBag from /home/airflow/.local/lib/python3.12/site-packages/airflow/example_dags/example_branch_python_dop_operator_3.py
[2024-10-22T09:39:09.031+0000] {processor.py:925} INFO - DAG(s) 'example_branch_dop_operator_v3' retrieved from /home/airflow/.local/lib/python3.12/site-packages/airflow/example_dags/example_branch_python_dop_operator_3.py
[2024-10-22T09:39:09.076+0000] {logging_mixin.py:190} INFO - [2024-10-22T09:39:09.076+0000] {dag.py:3239} INFO - Sync 1 DAGs
[2024-10-22T09:39:09.291+0000] {logging_mixin.py:190} INFO - [2024-10-22T09:39:09.290+0000] {dag.py:4180} INFO - Setting next_dagrun for example_branch_dop_operator_v3 to 2024-10-22 09:38:00+00:00, run_after=2024-10-22 09:39:00+00:00
[2024-10-22T09:39:09.363+0000] {processor.py:208} INFO - Processing /home/airflow/.local/lib/python3.12/site-packages/airflow/example_dags/example_branch_python_dop_operator_3.py took 0.376 seconds
[2024-10-22T09:39:39.765+0000] {processor.py:186} INFO - Started process (PID=1930) to work on /home/airflow/.local/lib/python3.12/site-packages/airflow/example_dags/example_branch_python_dop_operator_3.py
[2024-10-22T09:39:39.781+0000] {processor.py:914} INFO - Processing file /home/airflow/.local/lib/python3.12/site-packages/airflow/example_dags/example_branch_python_dop_operator_3.py for tasks to queue
[2024-10-22T09:39:39.792+0000] {logging_mixin.py:190} INFO - [2024-10-22T09:39:39.791+0000] {dagbag.py:588} INFO - Filling up the DagBag from /home/airflow/.local/lib/python3.12/site-packages/airflow/example_dags/example_branch_python_dop_operator_3.py
[2024-10-22T09:39:39.838+0000] {processor.py:925} INFO - DAG(s) 'example_branch_dop_operator_v3' retrieved from /home/airflow/.local/lib/python3.12/site-packages/airflow/example_dags/example_branch_python_dop_operator_3.py
[2024-10-22T09:39:39.933+0000] {logging_mixin.py:190} INFO - [2024-10-22T09:39:39.932+0000] {dag.py:3239} INFO - Sync 1 DAGs
[2024-10-22T09:39:40.024+0000] {logging_mixin.py:190} INFO - [2024-10-22T09:39:40.023+0000] {dag.py:4180} INFO - Setting next_dagrun for example_branch_dop_operator_v3 to 2024-10-22 09:38:00+00:00, run_after=2024-10-22 09:39:00+00:00
[2024-10-22T09:39:40.066+0000] {processor.py:208} INFO - Processing /home/airflow/.local/lib/python3.12/site-packages/airflow/example_dags/example_branch_python_dop_operator_3.py took 0.329 seconds
[2024-10-22T09:40:10.508+0000] {processor.py:186} INFO - Started process (PID=1992) to work on /home/airflow/.local/lib/python3.12/site-packages/airflow/example_dags/example_branch_python_dop_operator_3.py
[2024-10-22T09:40:10.511+0000] {processor.py:914} INFO - Processing file /home/airflow/.local/lib/python3.12/site-packages/airflow/example_dags/example_branch_python_dop_operator_3.py for tasks to queue
[2024-10-22T09:40:10.518+0000] {logging_mixin.py:190} INFO - [2024-10-22T09:40:10.518+0000] {dagbag.py:588} INFO - Filling up the DagBag from /home/airflow/.local/lib/python3.12/site-packages/airflow/example_dags/example_branch_python_dop_operator_3.py
[2024-10-22T09:40:10.550+0000] {processor.py:925} INFO - DAG(s) 'example_branch_dop_operator_v3' retrieved from /home/airflow/.local/lib/python3.12/site-packages/airflow/example_dags/example_branch_python_dop_operator_3.py
[2024-10-22T09:40:10.607+0000] {logging_mixin.py:190} INFO - [2024-10-22T09:40:10.606+0000] {dag.py:3239} INFO - Sync 1 DAGs
[2024-10-22T09:40:10.704+0000] {logging_mixin.py:190} INFO - [2024-10-22T09:40:10.703+0000] {dag.py:4180} INFO - Setting next_dagrun for example_branch_dop_operator_v3 to 2024-10-22 09:39:00+00:00, run_after=2024-10-22 09:40:00+00:00
[2024-10-22T09:40:10.755+0000] {processor.py:208} INFO - Processing /home/airflow/.local/lib/python3.12/site-packages/airflow/example_dags/example_branch_python_dop_operator_3.py took 0.263 seconds
[2024-10-22T09:40:40.988+0000] {processor.py:186} INFO - Started process (PID=2054) to work on /home/airflow/.local/lib/python3.12/site-packages/airflow/example_dags/example_branch_python_dop_operator_3.py
[2024-10-22T09:40:40.990+0000] {processor.py:914} INFO - Processing file /home/airflow/.local/lib/python3.12/site-packages/airflow/example_dags/example_branch_python_dop_operator_3.py for tasks to queue
[2024-10-22T09:40:40.995+0000] {logging_mixin.py:190} INFO - [2024-10-22T09:40:40.995+0000] {dagbag.py:588} INFO - Filling up the DagBag from /home/airflow/.local/lib/python3.12/site-packages/airflow/example_dags/example_branch_python_dop_operator_3.py
[2024-10-22T09:40:41.013+0000] {processor.py:925} INFO - DAG(s) 'example_branch_dop_operator_v3' retrieved from /home/airflow/.local/lib/python3.12/site-packages/airflow/example_dags/example_branch_python_dop_operator_3.py
[2024-10-22T09:40:41.047+0000] {logging_mixin.py:190} INFO - [2024-10-22T09:40:41.046+0000] {dag.py:3239} INFO - Sync 1 DAGs
[2024-10-22T09:40:41.092+0000] {logging_mixin.py:190} INFO - [2024-10-22T09:40:41.091+0000] {dag.py:4180} INFO - Setting next_dagrun for example_branch_dop_operator_v3 to 2024-10-22 09:39:00+00:00, run_after=2024-10-22 09:40:00+00:00
[2024-10-22T09:40:41.123+0000] {processor.py:208} INFO - Processing /home/airflow/.local/lib/python3.12/site-packages/airflow/example_dags/example_branch_python_dop_operator_3.py took 0.145 seconds
[2024-10-22T09:41:11.327+0000] {processor.py:186} INFO - Started process (PID=2116) to work on /home/airflow/.local/lib/python3.12/site-packages/airflow/example_dags/example_branch_python_dop_operator_3.py
[2024-10-22T09:41:11.329+0000] {processor.py:914} INFO - Processing file /home/airflow/.local/lib/python3.12/site-packages/airflow/example_dags/example_branch_python_dop_operator_3.py for tasks to queue
[2024-10-22T09:41:11.336+0000] {logging_mixin.py:190} INFO - [2024-10-22T09:41:11.335+0000] {dagbag.py:588} INFO - Filling up the DagBag from /home/airflow/.local/lib/python3.12/site-packages/airflow/example_dags/example_branch_python_dop_operator_3.py
[2024-10-22T09:41:11.359+0000] {processor.py:925} INFO - DAG(s) 'example_branch_dop_operator_v3' retrieved from /home/airflow/.local/lib/python3.12/site-packages/airflow/example_dags/example_branch_python_dop_operator_3.py
[2024-10-22T09:41:11.398+0000] {logging_mixin.py:190} INFO - [2024-10-22T09:41:11.398+0000] {dag.py:3239} INFO - Sync 1 DAGs
[2024-10-22T09:41:11.461+0000] {logging_mixin.py:190} INFO - [2024-10-22T09:41:11.461+0000] {dag.py:4180} INFO - Setting next_dagrun for example_branch_dop_operator_v3 to 2024-10-22 09:40:00+00:00, run_after=2024-10-22 09:41:00+00:00
[2024-10-22T09:41:11.497+0000] {processor.py:208} INFO - Processing /home/airflow/.local/lib/python3.12/site-packages/airflow/example_dags/example_branch_python_dop_operator_3.py took 0.183 seconds
[2024-10-22T09:41:42.291+0000] {processor.py:186} INFO - Started process (PID=2178) to work on /home/airflow/.local/lib/python3.12/site-packages/airflow/example_dags/example_branch_python_dop_operator_3.py
[2024-10-22T09:41:42.294+0000] {processor.py:914} INFO - Processing file /home/airflow/.local/lib/python3.12/site-packages/airflow/example_dags/example_branch_python_dop_operator_3.py for tasks to queue
[2024-10-22T09:41:42.301+0000] {logging_mixin.py:190} INFO - [2024-10-22T09:41:42.300+0000] {dagbag.py:588} INFO - Filling up the DagBag from /home/airflow/.local/lib/python3.12/site-packages/airflow/example_dags/example_branch_python_dop_operator_3.py
[2024-10-22T09:41:42.325+0000] {processor.py:925} INFO - DAG(s) 'example_branch_dop_operator_v3' retrieved from /home/airflow/.local/lib/python3.12/site-packages/airflow/example_dags/example_branch_python_dop_operator_3.py
[2024-10-22T09:41:42.405+0000] {logging_mixin.py:190} INFO - [2024-10-22T09:41:42.405+0000] {dag.py:3239} INFO - Sync 1 DAGs
[2024-10-22T09:41:42.458+0000] {logging_mixin.py:190} INFO - [2024-10-22T09:41:42.458+0000] {dag.py:4180} INFO - Setting next_dagrun for example_branch_dop_operator_v3 to 2024-10-22 09:40:00+00:00, run_after=2024-10-22 09:41:00+00:00
[2024-10-22T09:41:42.488+0000] {processor.py:208} INFO - Processing /home/airflow/.local/lib/python3.12/site-packages/airflow/example_dags/example_branch_python_dop_operator_3.py took 0.226 seconds
[2024-10-22T09:42:12.818+0000] {processor.py:186} INFO - Started process (PID=2240) to work on /home/airflow/.local/lib/python3.12/site-packages/airflow/example_dags/example_branch_python_dop_operator_3.py
[2024-10-22T09:42:12.819+0000] {processor.py:914} INFO - Processing file /home/airflow/.local/lib/python3.12/site-packages/airflow/example_dags/example_branch_python_dop_operator_3.py for tasks to queue
[2024-10-22T09:42:12.825+0000] {logging_mixin.py:190} INFO - [2024-10-22T09:42:12.824+0000] {dagbag.py:588} INFO - Filling up the DagBag from /home/airflow/.local/lib/python3.12/site-packages/airflow/example_dags/example_branch_python_dop_operator_3.py
[2024-10-22T09:42:12.845+0000] {processor.py:925} INFO - DAG(s) 'example_branch_dop_operator_v3' retrieved from /home/airflow/.local/lib/python3.12/site-packages/airflow/example_dags/example_branch_python_dop_operator_3.py
[2024-10-22T09:42:12.882+0000] {logging_mixin.py:190} INFO - [2024-10-22T09:42:12.882+0000] {dag.py:3239} INFO - Sync 1 DAGs
[2024-10-22T09:42:12.936+0000] {logging_mixin.py:190} INFO - [2024-10-22T09:42:12.936+0000] {dag.py:4180} INFO - Setting next_dagrun for example_branch_dop_operator_v3 to 2024-10-22 09:41:00+00:00, run_after=2024-10-22 09:42:00+00:00
[2024-10-22T09:42:12.964+0000] {processor.py:208} INFO - Processing /home/airflow/.local/lib/python3.12/site-packages/airflow/example_dags/example_branch_python_dop_operator_3.py took 0.159 seconds
[2024-10-22T09:42:43.773+0000] {processor.py:186} INFO - Started process (PID=2302) to work on /home/airflow/.local/lib/python3.12/site-packages/airflow/example_dags/example_branch_python_dop_operator_3.py
[2024-10-22T09:42:43.776+0000] {processor.py:914} INFO - Processing file /home/airflow/.local/lib/python3.12/site-packages/airflow/example_dags/example_branch_python_dop_operator_3.py for tasks to queue
[2024-10-22T09:42:43.783+0000] {logging_mixin.py:190} INFO - [2024-10-22T09:42:43.782+0000] {dagbag.py:588} INFO - Filling up the DagBag from /home/airflow/.local/lib/python3.12/site-packages/airflow/example_dags/example_branch_python_dop_operator_3.py
[2024-10-22T09:42:43.806+0000] {processor.py:925} INFO - DAG(s) 'example_branch_dop_operator_v3' retrieved from /home/airflow/.local/lib/python3.12/site-packages/airflow/example_dags/example_branch_python_dop_operator_3.py
[2024-10-22T09:42:43.850+0000] {logging_mixin.py:190} INFO - [2024-10-22T09:42:43.849+0000] {dag.py:3239} INFO - Sync 1 DAGs
[2024-10-22T09:42:43.912+0000] {logging_mixin.py:190} INFO - [2024-10-22T09:42:43.911+0000] {dag.py:4180} INFO - Setting next_dagrun for example_branch_dop_operator_v3 to 2024-10-22 09:41:00+00:00, run_after=2024-10-22 09:42:00+00:00
[2024-10-22T09:42:43.948+0000] {processor.py:208} INFO - Processing /home/airflow/.local/lib/python3.12/site-packages/airflow/example_dags/example_branch_python_dop_operator_3.py took 0.192 seconds
[2024-10-22T09:43:14.693+0000] {processor.py:186} INFO - Started process (PID=2364) to work on /home/airflow/.local/lib/python3.12/site-packages/airflow/example_dags/example_branch_python_dop_operator_3.py
[2024-10-22T09:43:14.696+0000] {processor.py:914} INFO - Processing file /home/airflow/.local/lib/python3.12/site-packages/airflow/example_dags/example_branch_python_dop_operator_3.py for tasks to queue
[2024-10-22T09:43:14.703+0000] {logging_mixin.py:190} INFO - [2024-10-22T09:43:14.702+0000] {dagbag.py:588} INFO - Filling up the DagBag from /home/airflow/.local/lib/python3.12/site-packages/airflow/example_dags/example_branch_python_dop_operator_3.py
[2024-10-22T09:43:14.740+0000] {processor.py:925} INFO - DAG(s) 'example_branch_dop_operator_v3' retrieved from /home/airflow/.local/lib/python3.12/site-packages/airflow/example_dags/example_branch_python_dop_operator_3.py
[2024-10-22T09:43:14.810+0000] {logging_mixin.py:190} INFO - [2024-10-22T09:43:14.809+0000] {dag.py:3239} INFO - Sync 1 DAGs
[2024-10-22T09:43:14.948+0000] {logging_mixin.py:190} INFO - [2024-10-22T09:43:14.948+0000] {dag.py:4180} INFO - Setting next_dagrun for example_branch_dop_operator_v3 to 2024-10-22 09:42:00+00:00, run_after=2024-10-22 09:43:00+00:00
[2024-10-22T09:43:15.042+0000] {processor.py:208} INFO - Processing /home/airflow/.local/lib/python3.12/site-packages/airflow/example_dags/example_branch_python_dop_operator_3.py took 0.376 seconds
[2024-10-22T09:43:45.198+0000] {processor.py:186} INFO - Started process (PID=2426) to work on /home/airflow/.local/lib/python3.12/site-packages/airflow/example_dags/example_branch_python_dop_operator_3.py
[2024-10-22T09:43:45.201+0000] {processor.py:914} INFO - Processing file /home/airflow/.local/lib/python3.12/site-packages/airflow/example_dags/example_branch_python_dop_operator_3.py for tasks to queue
[2024-10-22T09:43:45.207+0000] {logging_mixin.py:190} INFO - [2024-10-22T09:43:45.206+0000] {dagbag.py:588} INFO - Filling up the DagBag from /home/airflow/.local/lib/python3.12/site-packages/airflow/example_dags/example_branch_python_dop_operator_3.py
[2024-10-22T09:43:45.239+0000] {processor.py:925} INFO - DAG(s) 'example_branch_dop_operator_v3' retrieved from /home/airflow/.local/lib/python3.12/site-packages/airflow/example_dags/example_branch_python_dop_operator_3.py
[2024-10-22T09:43:45.314+0000] {logging_mixin.py:190} INFO - [2024-10-22T09:43:45.313+0000] {dag.py:3239} INFO - Sync 1 DAGs
[2024-10-22T09:43:45.416+0000] {logging_mixin.py:190} INFO - [2024-10-22T09:43:45.416+0000] {dag.py:4180} INFO - Setting next_dagrun for example_branch_dop_operator_v3 to 2024-10-22 09:42:00+00:00, run_after=2024-10-22 09:43:00+00:00
[2024-10-22T09:43:45.473+0000] {processor.py:208} INFO - Processing /home/airflow/.local/lib/python3.12/site-packages/airflow/example_dags/example_branch_python_dop_operator_3.py took 0.293 seconds
