[2024-10-22T09:23:31.912+0000] {processor.py:186} INFO - Started process (PID=100) to work on /home/airflow/.local/lib/python3.12/site-packages/airflow/example_dags/example_python_decorator.py
[2024-10-22T09:23:31.915+0000] {processor.py:914} INFO - Processing file /home/airflow/.local/lib/python3.12/site-packages/airflow/example_dags/example_python_decorator.py for tasks to queue
[2024-10-22T09:23:31.924+0000] {logging_mixin.py:190} INFO - [2024-10-22T09:23:31.923+0000] {dagbag.py:588} INFO - Filling up the DagBag from /home/airflow/.local/lib/python3.12/site-packages/airflow/example_dags/example_python_decorator.py
[2024-10-22T09:23:31.988+0000] {processor.py:925} INFO - DAG(s) 'example_python_decorator' retrieved from /home/airflow/.local/lib/python3.12/site-packages/airflow/example_dags/example_python_decorator.py
[2024-10-22T09:23:32.536+0000] {logging_mixin.py:190} INFO - [2024-10-22T09:23:32.535+0000] {dag.py:3239} INFO - Sync 1 DAGs
[2024-10-22T09:23:32.626+0000] {logging_mixin.py:190} INFO - [2024-10-22T09:23:32.625+0000] {dag.py:4180} INFO - Setting next_dagrun for example_python_decorator to None, run_after=None
[2024-10-22T09:23:32.790+0000] {processor.py:208} INFO - Processing /home/airflow/.local/lib/python3.12/site-packages/airflow/example_dags/example_python_decorator.py took 0.899 seconds
[2024-10-22T09:24:23.299+0000] {processor.py:186} INFO - Started process (PID=179) to work on /home/airflow/.local/lib/python3.12/site-packages/airflow/example_dags/example_python_decorator.py
[2024-10-22T09:24:23.301+0000] {processor.py:914} INFO - Processing file /home/airflow/.local/lib/python3.12/site-packages/airflow/example_dags/example_python_decorator.py for tasks to queue
[2024-10-22T09:24:23.307+0000] {logging_mixin.py:190} INFO - [2024-10-22T09:24:23.306+0000] {dagbag.py:588} INFO - Filling up the DagBag from /home/airflow/.local/lib/python3.12/site-packages/airflow/example_dags/example_python_decorator.py
[2024-10-22T09:24:23.336+0000] {processor.py:925} INFO - DAG(s) 'example_python_decorator' retrieved from /home/airflow/.local/lib/python3.12/site-packages/airflow/example_dags/example_python_decorator.py
[2024-10-22T09:24:23.381+0000] {logging_mixin.py:190} INFO - [2024-10-22T09:24:23.381+0000] {dag.py:3239} INFO - Sync 1 DAGs
[2024-10-22T09:24:23.411+0000] {logging_mixin.py:190} INFO - [2024-10-22T09:24:23.411+0000] {dag.py:4180} INFO - Setting next_dagrun for example_python_decorator to None, run_after=None
[2024-10-22T09:24:24.646+0000] {processor.py:208} INFO - Processing /home/airflow/.local/lib/python3.12/site-packages/airflow/example_dags/example_python_decorator.py took 1.363 seconds
[2024-10-22T09:25:01.956+0000] {processor.py:186} INFO - Started process (PID=241) to work on /home/airflow/.local/lib/python3.12/site-packages/airflow/example_dags/example_python_decorator.py
[2024-10-22T09:25:01.958+0000] {processor.py:914} INFO - Processing file /home/airflow/.local/lib/python3.12/site-packages/airflow/example_dags/example_python_decorator.py for tasks to queue
[2024-10-22T09:25:01.983+0000] {logging_mixin.py:190} INFO - [2024-10-22T09:25:01.979+0000] {dagbag.py:588} INFO - Filling up the DagBag from /home/airflow/.local/lib/python3.12/site-packages/airflow/example_dags/example_python_decorator.py
[2024-10-22T09:25:02.109+0000] {processor.py:925} INFO - DAG(s) 'example_python_decorator' retrieved from /home/airflow/.local/lib/python3.12/site-packages/airflow/example_dags/example_python_decorator.py
[2024-10-22T09:25:02.291+0000] {logging_mixin.py:190} INFO - [2024-10-22T09:25:02.291+0000] {dag.py:3239} INFO - Sync 1 DAGs
[2024-10-22T09:25:02.392+0000] {logging_mixin.py:190} INFO - [2024-10-22T09:25:02.392+0000] {dag.py:4180} INFO - Setting next_dagrun for example_python_decorator to None, run_after=None
[2024-10-22T09:25:02.496+0000] {processor.py:208} INFO - Processing /home/airflow/.local/lib/python3.12/site-packages/airflow/example_dags/example_python_decorator.py took 0.593 seconds
[2024-10-22T09:25:33.741+0000] {processor.py:186} INFO - Started process (PID=303) to work on /home/airflow/.local/lib/python3.12/site-packages/airflow/example_dags/example_python_decorator.py
[2024-10-22T09:25:33.744+0000] {processor.py:914} INFO - Processing file /home/airflow/.local/lib/python3.12/site-packages/airflow/example_dags/example_python_decorator.py for tasks to queue
[2024-10-22T09:25:33.748+0000] {logging_mixin.py:190} INFO - [2024-10-22T09:25:33.748+0000] {dagbag.py:588} INFO - Filling up the DagBag from /home/airflow/.local/lib/python3.12/site-packages/airflow/example_dags/example_python_decorator.py
[2024-10-22T09:25:33.773+0000] {processor.py:925} INFO - DAG(s) 'example_python_decorator' retrieved from /home/airflow/.local/lib/python3.12/site-packages/airflow/example_dags/example_python_decorator.py
[2024-10-22T09:25:33.810+0000] {logging_mixin.py:190} INFO - [2024-10-22T09:25:33.809+0000] {dag.py:3239} INFO - Sync 1 DAGs
[2024-10-22T09:25:33.835+0000] {logging_mixin.py:190} INFO - [2024-10-22T09:25:33.835+0000] {dag.py:4180} INFO - Setting next_dagrun for example_python_decorator to None, run_after=None
[2024-10-22T09:25:34.005+0000] {processor.py:208} INFO - Processing /home/airflow/.local/lib/python3.12/site-packages/airflow/example_dags/example_python_decorator.py took 0.274 seconds
[2024-10-22T09:26:07.698+0000] {processor.py:186} INFO - Started process (PID=366) to work on /home/airflow/.local/lib/python3.12/site-packages/airflow/example_dags/example_python_decorator.py
[2024-10-22T09:26:07.701+0000] {processor.py:914} INFO - Processing file /home/airflow/.local/lib/python3.12/site-packages/airflow/example_dags/example_python_decorator.py for tasks to queue
[2024-10-22T09:26:07.709+0000] {logging_mixin.py:190} INFO - [2024-10-22T09:26:07.708+0000] {dagbag.py:588} INFO - Filling up the DagBag from /home/airflow/.local/lib/python3.12/site-packages/airflow/example_dags/example_python_decorator.py
[2024-10-22T09:26:07.761+0000] {processor.py:925} INFO - DAG(s) 'example_python_decorator' retrieved from /home/airflow/.local/lib/python3.12/site-packages/airflow/example_dags/example_python_decorator.py
[2024-10-22T09:26:07.842+0000] {logging_mixin.py:190} INFO - [2024-10-22T09:26:07.842+0000] {dag.py:3239} INFO - Sync 1 DAGs
[2024-10-22T09:26:07.926+0000] {logging_mixin.py:190} INFO - [2024-10-22T09:26:07.925+0000] {dag.py:4180} INFO - Setting next_dagrun for example_python_decorator to None, run_after=None
[2024-10-22T09:26:08.024+0000] {processor.py:208} INFO - Processing /home/airflow/.local/lib/python3.12/site-packages/airflow/example_dags/example_python_decorator.py took 0.348 seconds
[2024-10-22T09:26:50.081+0000] {processor.py:186} INFO - Started process (PID=437) to work on /home/airflow/.local/lib/python3.12/site-packages/airflow/example_dags/example_python_decorator.py
[2024-10-22T09:26:50.170+0000] {processor.py:914} INFO - Processing file /home/airflow/.local/lib/python3.12/site-packages/airflow/example_dags/example_python_decorator.py for tasks to queue
[2024-10-22T09:26:50.188+0000] {logging_mixin.py:190} INFO - [2024-10-22T09:26:50.187+0000] {dagbag.py:588} INFO - Filling up the DagBag from /home/airflow/.local/lib/python3.12/site-packages/airflow/example_dags/example_python_decorator.py
[2024-10-22T09:26:50.308+0000] {processor.py:925} INFO - DAG(s) 'example_python_decorator' retrieved from /home/airflow/.local/lib/python3.12/site-packages/airflow/example_dags/example_python_decorator.py
[2024-10-22T09:26:50.504+0000] {logging_mixin.py:190} INFO - [2024-10-22T09:26:50.503+0000] {dag.py:3239} INFO - Sync 1 DAGs
[2024-10-22T09:26:50.657+0000] {logging_mixin.py:190} INFO - [2024-10-22T09:26:50.645+0000] {dag.py:4180} INFO - Setting next_dagrun for example_python_decorator to None, run_after=None
[2024-10-22T09:26:50.829+0000] {processor.py:208} INFO - Processing /home/airflow/.local/lib/python3.12/site-packages/airflow/example_dags/example_python_decorator.py took 0.766 seconds
[2024-10-22T09:27:22.738+0000] {processor.py:186} INFO - Started process (PID=498) to work on /home/airflow/.local/lib/python3.12/site-packages/airflow/example_dags/example_python_decorator.py
[2024-10-22T09:27:22.743+0000] {processor.py:914} INFO - Processing file /home/airflow/.local/lib/python3.12/site-packages/airflow/example_dags/example_python_decorator.py for tasks to queue
[2024-10-22T09:27:22.749+0000] {logging_mixin.py:190} INFO - [2024-10-22T09:27:22.749+0000] {dagbag.py:588} INFO - Filling up the DagBag from /home/airflow/.local/lib/python3.12/site-packages/airflow/example_dags/example_python_decorator.py
[2024-10-22T09:27:22.788+0000] {processor.py:925} INFO - DAG(s) 'example_python_decorator' retrieved from /home/airflow/.local/lib/python3.12/site-packages/airflow/example_dags/example_python_decorator.py
[2024-10-22T09:27:22.855+0000] {logging_mixin.py:190} INFO - [2024-10-22T09:27:22.854+0000] {dag.py:3239} INFO - Sync 1 DAGs
[2024-10-22T09:27:22.901+0000] {logging_mixin.py:190} INFO - [2024-10-22T09:27:22.901+0000] {dag.py:4180} INFO - Setting next_dagrun for example_python_decorator to None, run_after=None
[2024-10-22T09:27:23.680+0000] {processor.py:208} INFO - Processing /home/airflow/.local/lib/python3.12/site-packages/airflow/example_dags/example_python_decorator.py took 0.968 seconds
[2024-10-22T09:27:53.804+0000] {processor.py:186} INFO - Started process (PID=560) to work on /home/airflow/.local/lib/python3.12/site-packages/airflow/example_dags/example_python_decorator.py
[2024-10-22T09:27:53.807+0000] {processor.py:914} INFO - Processing file /home/airflow/.local/lib/python3.12/site-packages/airflow/example_dags/example_python_decorator.py for tasks to queue
[2024-10-22T09:27:53.813+0000] {logging_mixin.py:190} INFO - [2024-10-22T09:27:53.812+0000] {dagbag.py:588} INFO - Filling up the DagBag from /home/airflow/.local/lib/python3.12/site-packages/airflow/example_dags/example_python_decorator.py
[2024-10-22T09:27:53.855+0000] {processor.py:925} INFO - DAG(s) 'example_python_decorator' retrieved from /home/airflow/.local/lib/python3.12/site-packages/airflow/example_dags/example_python_decorator.py
[2024-10-22T09:27:53.918+0000] {logging_mixin.py:190} INFO - [2024-10-22T09:27:53.917+0000] {dag.py:3239} INFO - Sync 1 DAGs
[2024-10-22T09:27:53.965+0000] {logging_mixin.py:190} INFO - [2024-10-22T09:27:53.964+0000] {dag.py:4180} INFO - Setting next_dagrun for example_python_decorator to None, run_after=None
[2024-10-22T09:27:54.023+0000] {processor.py:208} INFO - Processing /home/airflow/.local/lib/python3.12/site-packages/airflow/example_dags/example_python_decorator.py took 0.237 seconds
[2024-10-22T09:28:25.088+0000] {processor.py:186} INFO - Started process (PID=622) to work on /home/airflow/.local/lib/python3.12/site-packages/airflow/example_dags/example_python_decorator.py
[2024-10-22T09:28:25.091+0000] {processor.py:914} INFO - Processing file /home/airflow/.local/lib/python3.12/site-packages/airflow/example_dags/example_python_decorator.py for tasks to queue
[2024-10-22T09:28:25.095+0000] {logging_mixin.py:190} INFO - [2024-10-22T09:28:25.095+0000] {dagbag.py:588} INFO - Filling up the DagBag from /home/airflow/.local/lib/python3.12/site-packages/airflow/example_dags/example_python_decorator.py
[2024-10-22T09:28:25.128+0000] {processor.py:925} INFO - DAG(s) 'example_python_decorator' retrieved from /home/airflow/.local/lib/python3.12/site-packages/airflow/example_dags/example_python_decorator.py
[2024-10-22T09:28:25.173+0000] {logging_mixin.py:190} INFO - [2024-10-22T09:28:25.172+0000] {dag.py:3239} INFO - Sync 1 DAGs
[2024-10-22T09:28:25.203+0000] {logging_mixin.py:190} INFO - [2024-10-22T09:28:25.203+0000] {dag.py:4180} INFO - Setting next_dagrun for example_python_decorator to None, run_after=None
[2024-10-22T09:28:26.873+0000] {processor.py:208} INFO - Processing /home/airflow/.local/lib/python3.12/site-packages/airflow/example_dags/example_python_decorator.py took 1.796 seconds
[2024-10-22T09:28:57.515+0000] {processor.py:186} INFO - Started process (PID=684) to work on /home/airflow/.local/lib/python3.12/site-packages/airflow/example_dags/example_python_decorator.py
[2024-10-22T09:28:57.517+0000] {processor.py:914} INFO - Processing file /home/airflow/.local/lib/python3.12/site-packages/airflow/example_dags/example_python_decorator.py for tasks to queue
[2024-10-22T09:28:57.523+0000] {logging_mixin.py:190} INFO - [2024-10-22T09:28:57.523+0000] {dagbag.py:588} INFO - Filling up the DagBag from /home/airflow/.local/lib/python3.12/site-packages/airflow/example_dags/example_python_decorator.py
[2024-10-22T09:28:57.551+0000] {processor.py:925} INFO - DAG(s) 'example_python_decorator' retrieved from /home/airflow/.local/lib/python3.12/site-packages/airflow/example_dags/example_python_decorator.py
[2024-10-22T09:28:57.594+0000] {logging_mixin.py:190} INFO - [2024-10-22T09:28:57.594+0000] {dag.py:3239} INFO - Sync 1 DAGs
[2024-10-22T09:28:57.628+0000] {logging_mixin.py:190} INFO - [2024-10-22T09:28:57.627+0000] {dag.py:4180} INFO - Setting next_dagrun for example_python_decorator to None, run_after=None
[2024-10-22T09:28:57.729+0000] {processor.py:208} INFO - Processing /home/airflow/.local/lib/python3.12/site-packages/airflow/example_dags/example_python_decorator.py took 0.230 seconds
[2024-10-22T09:29:28.668+0000] {processor.py:186} INFO - Started process (PID=748) to work on /home/airflow/.local/lib/python3.12/site-packages/airflow/example_dags/example_python_decorator.py
[2024-10-22T09:29:28.670+0000] {processor.py:914} INFO - Processing file /home/airflow/.local/lib/python3.12/site-packages/airflow/example_dags/example_python_decorator.py for tasks to queue
[2024-10-22T09:29:28.675+0000] {logging_mixin.py:190} INFO - [2024-10-22T09:29:28.674+0000] {dagbag.py:588} INFO - Filling up the DagBag from /home/airflow/.local/lib/python3.12/site-packages/airflow/example_dags/example_python_decorator.py
[2024-10-22T09:29:28.714+0000] {processor.py:925} INFO - DAG(s) 'example_python_decorator' retrieved from /home/airflow/.local/lib/python3.12/site-packages/airflow/example_dags/example_python_decorator.py
[2024-10-22T09:29:28.767+0000] {logging_mixin.py:190} INFO - [2024-10-22T09:29:28.767+0000] {dag.py:3239} INFO - Sync 1 DAGs
[2024-10-22T09:29:28.808+0000] {logging_mixin.py:190} INFO - [2024-10-22T09:29:28.807+0000] {dag.py:4180} INFO - Setting next_dagrun for example_python_decorator to None, run_after=None
[2024-10-22T09:29:28.862+0000] {processor.py:208} INFO - Processing /home/airflow/.local/lib/python3.12/site-packages/airflow/example_dags/example_python_decorator.py took 0.206 seconds
[2024-10-22T09:29:59.497+0000] {processor.py:186} INFO - Started process (PID=810) to work on /home/airflow/.local/lib/python3.12/site-packages/airflow/example_dags/example_python_decorator.py
[2024-10-22T09:29:59.521+0000] {processor.py:914} INFO - Processing file /home/airflow/.local/lib/python3.12/site-packages/airflow/example_dags/example_python_decorator.py for tasks to queue
[2024-10-22T09:29:59.537+0000] {logging_mixin.py:190} INFO - [2024-10-22T09:29:59.535+0000] {dagbag.py:588} INFO - Filling up the DagBag from /home/airflow/.local/lib/python3.12/site-packages/airflow/example_dags/example_python_decorator.py
[2024-10-22T09:29:59.641+0000] {processor.py:925} INFO - DAG(s) 'example_python_decorator' retrieved from /home/airflow/.local/lib/python3.12/site-packages/airflow/example_dags/example_python_decorator.py
[2024-10-22T09:29:59.816+0000] {logging_mixin.py:190} INFO - [2024-10-22T09:29:59.815+0000] {dag.py:3239} INFO - Sync 1 DAGs
[2024-10-22T09:29:59.915+0000] {logging_mixin.py:190} INFO - [2024-10-22T09:29:59.914+0000] {dag.py:4180} INFO - Setting next_dagrun for example_python_decorator to None, run_after=None
[2024-10-22T09:30:00.029+0000] {processor.py:208} INFO - Processing /home/airflow/.local/lib/python3.12/site-packages/airflow/example_dags/example_python_decorator.py took 0.556 seconds
[2024-10-22T09:30:30.211+0000] {processor.py:186} INFO - Started process (PID=872) to work on /home/airflow/.local/lib/python3.12/site-packages/airflow/example_dags/example_python_decorator.py
[2024-10-22T09:30:30.213+0000] {processor.py:914} INFO - Processing file /home/airflow/.local/lib/python3.12/site-packages/airflow/example_dags/example_python_decorator.py for tasks to queue
[2024-10-22T09:30:30.219+0000] {logging_mixin.py:190} INFO - [2024-10-22T09:30:30.218+0000] {dagbag.py:588} INFO - Filling up the DagBag from /home/airflow/.local/lib/python3.12/site-packages/airflow/example_dags/example_python_decorator.py
[2024-10-22T09:30:30.265+0000] {processor.py:925} INFO - DAG(s) 'example_python_decorator' retrieved from /home/airflow/.local/lib/python3.12/site-packages/airflow/example_dags/example_python_decorator.py
[2024-10-22T09:30:30.308+0000] {logging_mixin.py:190} INFO - [2024-10-22T09:30:30.308+0000] {dag.py:3239} INFO - Sync 1 DAGs
[2024-10-22T09:30:30.336+0000] {logging_mixin.py:190} INFO - [2024-10-22T09:30:30.336+0000] {dag.py:4180} INFO - Setting next_dagrun for example_python_decorator to None, run_after=None
[2024-10-22T09:30:30.369+0000] {processor.py:208} INFO - Processing /home/airflow/.local/lib/python3.12/site-packages/airflow/example_dags/example_python_decorator.py took 0.174 seconds
[2024-10-22T09:31:01.100+0000] {processor.py:186} INFO - Started process (PID=934) to work on /home/airflow/.local/lib/python3.12/site-packages/airflow/example_dags/example_python_decorator.py
[2024-10-22T09:31:01.103+0000] {processor.py:914} INFO - Processing file /home/airflow/.local/lib/python3.12/site-packages/airflow/example_dags/example_python_decorator.py for tasks to queue
[2024-10-22T09:31:01.111+0000] {logging_mixin.py:190} INFO - [2024-10-22T09:31:01.110+0000] {dagbag.py:588} INFO - Filling up the DagBag from /home/airflow/.local/lib/python3.12/site-packages/airflow/example_dags/example_python_decorator.py
[2024-10-22T09:31:01.149+0000] {processor.py:925} INFO - DAG(s) 'example_python_decorator' retrieved from /home/airflow/.local/lib/python3.12/site-packages/airflow/example_dags/example_python_decorator.py
[2024-10-22T09:31:01.191+0000] {logging_mixin.py:190} INFO - [2024-10-22T09:31:01.190+0000] {dag.py:3239} INFO - Sync 1 DAGs
[2024-10-22T09:31:01.248+0000] {logging_mixin.py:190} INFO - [2024-10-22T09:31:01.248+0000] {dag.py:4180} INFO - Setting next_dagrun for example_python_decorator to None, run_after=None
[2024-10-22T09:31:01.288+0000] {processor.py:208} INFO - Processing /home/airflow/.local/lib/python3.12/site-packages/airflow/example_dags/example_python_decorator.py took 0.204 seconds
[2024-10-22T09:31:42.012+0000] {processor.py:186} INFO - Started process (PID=999) to work on /home/airflow/.local/lib/python3.12/site-packages/airflow/example_dags/example_python_decorator.py
[2024-10-22T09:31:42.017+0000] {processor.py:914} INFO - Processing file /home/airflow/.local/lib/python3.12/site-packages/airflow/example_dags/example_python_decorator.py for tasks to queue
[2024-10-22T09:31:42.044+0000] {logging_mixin.py:190} INFO - [2024-10-22T09:31:42.035+0000] {dagbag.py:588} INFO - Filling up the DagBag from /home/airflow/.local/lib/python3.12/site-packages/airflow/example_dags/example_python_decorator.py
[2024-10-22T09:31:42.224+0000] {processor.py:925} INFO - DAG(s) 'example_python_decorator' retrieved from /home/airflow/.local/lib/python3.12/site-packages/airflow/example_dags/example_python_decorator.py
[2024-10-22T09:31:42.388+0000] {logging_mixin.py:190} INFO - [2024-10-22T09:31:42.378+0000] {dag.py:3239} INFO - Sync 1 DAGs
[2024-10-22T09:31:42.521+0000] {logging_mixin.py:190} INFO - [2024-10-22T09:31:42.520+0000] {dag.py:4180} INFO - Setting next_dagrun for example_python_decorator to None, run_after=None
[2024-10-22T09:31:42.674+0000] {processor.py:208} INFO - Processing /home/airflow/.local/lib/python3.12/site-packages/airflow/example_dags/example_python_decorator.py took 0.725 seconds
[2024-10-22T09:32:20.736+0000] {processor.py:186} INFO - Started process (PID=1060) to work on /home/airflow/.local/lib/python3.12/site-packages/airflow/example_dags/example_python_decorator.py
[2024-10-22T09:32:20.739+0000] {processor.py:914} INFO - Processing file /home/airflow/.local/lib/python3.12/site-packages/airflow/example_dags/example_python_decorator.py for tasks to queue
[2024-10-22T09:32:20.766+0000] {logging_mixin.py:190} INFO - [2024-10-22T09:32:20.754+0000] {dagbag.py:588} INFO - Filling up the DagBag from /home/airflow/.local/lib/python3.12/site-packages/airflow/example_dags/example_python_decorator.py
[2024-10-22T09:32:20.961+0000] {processor.py:925} INFO - DAG(s) 'example_python_decorator' retrieved from /home/airflow/.local/lib/python3.12/site-packages/airflow/example_dags/example_python_decorator.py
[2024-10-22T09:32:21.158+0000] {logging_mixin.py:190} INFO - [2024-10-22T09:32:21.157+0000] {dag.py:3239} INFO - Sync 1 DAGs
[2024-10-22T09:32:21.230+0000] {logging_mixin.py:190} INFO - [2024-10-22T09:32:21.229+0000] {dag.py:4180} INFO - Setting next_dagrun for example_python_decorator to None, run_after=None
[2024-10-22T09:32:21.323+0000] {processor.py:208} INFO - Processing /home/airflow/.local/lib/python3.12/site-packages/airflow/example_dags/example_python_decorator.py took 0.662 seconds
[2024-10-22T09:33:04.739+0000] {processor.py:186} INFO - Started process (PID=1137) to work on /home/airflow/.local/lib/python3.12/site-packages/airflow/example_dags/example_python_decorator.py
[2024-10-22T09:33:04.742+0000] {processor.py:914} INFO - Processing file /home/airflow/.local/lib/python3.12/site-packages/airflow/example_dags/example_python_decorator.py for tasks to queue
[2024-10-22T09:33:04.760+0000] {logging_mixin.py:190} INFO - [2024-10-22T09:33:04.759+0000] {dagbag.py:588} INFO - Filling up the DagBag from /home/airflow/.local/lib/python3.12/site-packages/airflow/example_dags/example_python_decorator.py
[2024-10-22T09:33:04.844+0000] {processor.py:925} INFO - DAG(s) 'example_python_decorator' retrieved from /home/airflow/.local/lib/python3.12/site-packages/airflow/example_dags/example_python_decorator.py
[2024-10-22T09:33:04.981+0000] {logging_mixin.py:190} INFO - [2024-10-22T09:33:04.980+0000] {dag.py:3239} INFO - Sync 1 DAGs
[2024-10-22T09:33:05.082+0000] {logging_mixin.py:190} INFO - [2024-10-22T09:33:05.081+0000] {dag.py:4180} INFO - Setting next_dagrun for example_python_decorator to None, run_after=None
[2024-10-22T09:33:05.196+0000] {processor.py:208} INFO - Processing /home/airflow/.local/lib/python3.12/site-packages/airflow/example_dags/example_python_decorator.py took 0.490 seconds
[2024-10-22T09:33:35.614+0000] {processor.py:186} INFO - Started process (PID=1199) to work on /home/airflow/.local/lib/python3.12/site-packages/airflow/example_dags/example_python_decorator.py
[2024-10-22T09:33:35.616+0000] {processor.py:914} INFO - Processing file /home/airflow/.local/lib/python3.12/site-packages/airflow/example_dags/example_python_decorator.py for tasks to queue
[2024-10-22T09:33:35.623+0000] {logging_mixin.py:190} INFO - [2024-10-22T09:33:35.622+0000] {dagbag.py:588} INFO - Filling up the DagBag from /home/airflow/.local/lib/python3.12/site-packages/airflow/example_dags/example_python_decorator.py
[2024-10-22T09:33:35.670+0000] {processor.py:925} INFO - DAG(s) 'example_python_decorator' retrieved from /home/airflow/.local/lib/python3.12/site-packages/airflow/example_dags/example_python_decorator.py
[2024-10-22T09:33:35.737+0000] {logging_mixin.py:190} INFO - [2024-10-22T09:33:35.736+0000] {dag.py:3239} INFO - Sync 1 DAGs
[2024-10-22T09:33:35.791+0000] {logging_mixin.py:190} INFO - [2024-10-22T09:33:35.791+0000] {dag.py:4180} INFO - Setting next_dagrun for example_python_decorator to None, run_after=None
[2024-10-22T09:33:35.844+0000] {processor.py:208} INFO - Processing /home/airflow/.local/lib/python3.12/site-packages/airflow/example_dags/example_python_decorator.py took 0.257 seconds
[2024-10-22T09:34:06.251+0000] {processor.py:186} INFO - Started process (PID=1261) to work on /home/airflow/.local/lib/python3.12/site-packages/airflow/example_dags/example_python_decorator.py
[2024-10-22T09:34:06.253+0000] {processor.py:914} INFO - Processing file /home/airflow/.local/lib/python3.12/site-packages/airflow/example_dags/example_python_decorator.py for tasks to queue
[2024-10-22T09:34:06.259+0000] {logging_mixin.py:190} INFO - [2024-10-22T09:34:06.258+0000] {dagbag.py:588} INFO - Filling up the DagBag from /home/airflow/.local/lib/python3.12/site-packages/airflow/example_dags/example_python_decorator.py
[2024-10-22T09:34:06.289+0000] {processor.py:925} INFO - DAG(s) 'example_python_decorator' retrieved from /home/airflow/.local/lib/python3.12/site-packages/airflow/example_dags/example_python_decorator.py
[2024-10-22T09:34:06.332+0000] {logging_mixin.py:190} INFO - [2024-10-22T09:34:06.331+0000] {dag.py:3239} INFO - Sync 1 DAGs
[2024-10-22T09:34:06.365+0000] {logging_mixin.py:190} INFO - [2024-10-22T09:34:06.365+0000] {dag.py:4180} INFO - Setting next_dagrun for example_python_decorator to None, run_after=None
[2024-10-22T09:34:06.408+0000] {processor.py:208} INFO - Processing /home/airflow/.local/lib/python3.12/site-packages/airflow/example_dags/example_python_decorator.py took 0.169 seconds
[2024-10-22T09:34:37.409+0000] {processor.py:186} INFO - Started process (PID=1323) to work on /home/airflow/.local/lib/python3.12/site-packages/airflow/example_dags/example_python_decorator.py
[2024-10-22T09:34:37.412+0000] {processor.py:914} INFO - Processing file /home/airflow/.local/lib/python3.12/site-packages/airflow/example_dags/example_python_decorator.py for tasks to queue
[2024-10-22T09:34:37.422+0000] {logging_mixin.py:190} INFO - [2024-10-22T09:34:37.421+0000] {dagbag.py:588} INFO - Filling up the DagBag from /home/airflow/.local/lib/python3.12/site-packages/airflow/example_dags/example_python_decorator.py
[2024-10-22T09:34:37.468+0000] {processor.py:925} INFO - DAG(s) 'example_python_decorator' retrieved from /home/airflow/.local/lib/python3.12/site-packages/airflow/example_dags/example_python_decorator.py
[2024-10-22T09:34:37.514+0000] {logging_mixin.py:190} INFO - [2024-10-22T09:34:37.514+0000] {dag.py:3239} INFO - Sync 1 DAGs
[2024-10-22T09:34:37.555+0000] {logging_mixin.py:190} INFO - [2024-10-22T09:34:37.554+0000] {dag.py:4180} INFO - Setting next_dagrun for example_python_decorator to None, run_after=None
[2024-10-22T09:34:37.606+0000] {processor.py:208} INFO - Processing /home/airflow/.local/lib/python3.12/site-packages/airflow/example_dags/example_python_decorator.py took 0.219 seconds
[2024-10-22T09:35:08.997+0000] {processor.py:186} INFO - Started process (PID=1385) to work on /home/airflow/.local/lib/python3.12/site-packages/airflow/example_dags/example_python_decorator.py
[2024-10-22T09:35:08.999+0000] {processor.py:914} INFO - Processing file /home/airflow/.local/lib/python3.12/site-packages/airflow/example_dags/example_python_decorator.py for tasks to queue
[2024-10-22T09:35:09.003+0000] {logging_mixin.py:190} INFO - [2024-10-22T09:35:09.002+0000] {dagbag.py:588} INFO - Filling up the DagBag from /home/airflow/.local/lib/python3.12/site-packages/airflow/example_dags/example_python_decorator.py
[2024-10-22T09:35:09.042+0000] {processor.py:925} INFO - DAG(s) 'example_python_decorator' retrieved from /home/airflow/.local/lib/python3.12/site-packages/airflow/example_dags/example_python_decorator.py
[2024-10-22T09:35:09.116+0000] {logging_mixin.py:190} INFO - [2024-10-22T09:35:09.116+0000] {dag.py:3239} INFO - Sync 1 DAGs
[2024-10-22T09:35:09.150+0000] {logging_mixin.py:190} INFO - [2024-10-22T09:35:09.150+0000] {dag.py:4180} INFO - Setting next_dagrun for example_python_decorator to None, run_after=None
[2024-10-22T09:35:09.199+0000] {processor.py:208} INFO - Processing /home/airflow/.local/lib/python3.12/site-packages/airflow/example_dags/example_python_decorator.py took 0.216 seconds
[2024-10-22T09:35:39.774+0000] {processor.py:186} INFO - Started process (PID=1447) to work on /home/airflow/.local/lib/python3.12/site-packages/airflow/example_dags/example_python_decorator.py
[2024-10-22T09:35:39.776+0000] {processor.py:914} INFO - Processing file /home/airflow/.local/lib/python3.12/site-packages/airflow/example_dags/example_python_decorator.py for tasks to queue
[2024-10-22T09:35:39.782+0000] {logging_mixin.py:190} INFO - [2024-10-22T09:35:39.781+0000] {dagbag.py:588} INFO - Filling up the DagBag from /home/airflow/.local/lib/python3.12/site-packages/airflow/example_dags/example_python_decorator.py
[2024-10-22T09:35:39.807+0000] {processor.py:925} INFO - DAG(s) 'example_python_decorator' retrieved from /home/airflow/.local/lib/python3.12/site-packages/airflow/example_dags/example_python_decorator.py
[2024-10-22T09:35:39.845+0000] {logging_mixin.py:190} INFO - [2024-10-22T09:35:39.844+0000] {dag.py:3239} INFO - Sync 1 DAGs
[2024-10-22T09:35:39.870+0000] {logging_mixin.py:190} INFO - [2024-10-22T09:35:39.870+0000] {dag.py:4180} INFO - Setting next_dagrun for example_python_decorator to None, run_after=None
[2024-10-22T09:35:39.899+0000] {processor.py:208} INFO - Processing /home/airflow/.local/lib/python3.12/site-packages/airflow/example_dags/example_python_decorator.py took 0.144 seconds
[2024-10-22T09:36:10.402+0000] {processor.py:186} INFO - Started process (PID=1509) to work on /home/airflow/.local/lib/python3.12/site-packages/airflow/example_dags/example_python_decorator.py
[2024-10-22T09:36:10.404+0000] {processor.py:914} INFO - Processing file /home/airflow/.local/lib/python3.12/site-packages/airflow/example_dags/example_python_decorator.py for tasks to queue
[2024-10-22T09:36:10.408+0000] {logging_mixin.py:190} INFO - [2024-10-22T09:36:10.408+0000] {dagbag.py:588} INFO - Filling up the DagBag from /home/airflow/.local/lib/python3.12/site-packages/airflow/example_dags/example_python_decorator.py
[2024-10-22T09:36:10.433+0000] {processor.py:925} INFO - DAG(s) 'example_python_decorator' retrieved from /home/airflow/.local/lib/python3.12/site-packages/airflow/example_dags/example_python_decorator.py
[2024-10-22T09:36:10.469+0000] {logging_mixin.py:190} INFO - [2024-10-22T09:36:10.469+0000] {dag.py:3239} INFO - Sync 1 DAGs
[2024-10-22T09:36:10.495+0000] {logging_mixin.py:190} INFO - [2024-10-22T09:36:10.495+0000] {dag.py:4180} INFO - Setting next_dagrun for example_python_decorator to None, run_after=None
[2024-10-22T09:36:10.525+0000] {processor.py:208} INFO - Processing /home/airflow/.local/lib/python3.12/site-packages/airflow/example_dags/example_python_decorator.py took 0.134 seconds
[2024-10-22T09:36:41.071+0000] {processor.py:186} INFO - Started process (PID=1572) to work on /home/airflow/.local/lib/python3.12/site-packages/airflow/example_dags/example_python_decorator.py
[2024-10-22T09:36:41.072+0000] {processor.py:914} INFO - Processing file /home/airflow/.local/lib/python3.12/site-packages/airflow/example_dags/example_python_decorator.py for tasks to queue
[2024-10-22T09:36:41.079+0000] {logging_mixin.py:190} INFO - [2024-10-22T09:36:41.079+0000] {dagbag.py:588} INFO - Filling up the DagBag from /home/airflow/.local/lib/python3.12/site-packages/airflow/example_dags/example_python_decorator.py
[2024-10-22T09:36:41.113+0000] {processor.py:925} INFO - DAG(s) 'example_python_decorator' retrieved from /home/airflow/.local/lib/python3.12/site-packages/airflow/example_dags/example_python_decorator.py
[2024-10-22T09:36:41.162+0000] {logging_mixin.py:190} INFO - [2024-10-22T09:36:41.162+0000] {dag.py:3239} INFO - Sync 1 DAGs
[2024-10-22T09:36:41.193+0000] {logging_mixin.py:190} INFO - [2024-10-22T09:36:41.193+0000] {dag.py:4180} INFO - Setting next_dagrun for example_python_decorator to None, run_after=None
[2024-10-22T09:36:41.235+0000] {processor.py:208} INFO - Processing /home/airflow/.local/lib/python3.12/site-packages/airflow/example_dags/example_python_decorator.py took 0.179 seconds
[2024-10-22T09:37:11.477+0000] {processor.py:186} INFO - Started process (PID=1634) to work on /home/airflow/.local/lib/python3.12/site-packages/airflow/example_dags/example_python_decorator.py
[2024-10-22T09:37:11.479+0000] {processor.py:914} INFO - Processing file /home/airflow/.local/lib/python3.12/site-packages/airflow/example_dags/example_python_decorator.py for tasks to queue
[2024-10-22T09:37:11.485+0000] {logging_mixin.py:190} INFO - [2024-10-22T09:37:11.485+0000] {dagbag.py:588} INFO - Filling up the DagBag from /home/airflow/.local/lib/python3.12/site-packages/airflow/example_dags/example_python_decorator.py
[2024-10-22T09:37:11.522+0000] {processor.py:925} INFO - DAG(s) 'example_python_decorator' retrieved from /home/airflow/.local/lib/python3.12/site-packages/airflow/example_dags/example_python_decorator.py
[2024-10-22T09:37:11.599+0000] {logging_mixin.py:190} INFO - [2024-10-22T09:37:11.598+0000] {dag.py:3239} INFO - Sync 1 DAGs
[2024-10-22T09:37:11.638+0000] {logging_mixin.py:190} INFO - [2024-10-22T09:37:11.638+0000] {dag.py:4180} INFO - Setting next_dagrun for example_python_decorator to None, run_after=None
[2024-10-22T09:37:11.689+0000] {processor.py:208} INFO - Processing /home/airflow/.local/lib/python3.12/site-packages/airflow/example_dags/example_python_decorator.py took 0.223 seconds
[2024-10-22T09:37:41.783+0000] {processor.py:186} INFO - Started process (PID=1696) to work on /home/airflow/.local/lib/python3.12/site-packages/airflow/example_dags/example_python_decorator.py
[2024-10-22T09:37:41.785+0000] {processor.py:914} INFO - Processing file /home/airflow/.local/lib/python3.12/site-packages/airflow/example_dags/example_python_decorator.py for tasks to queue
[2024-10-22T09:37:41.790+0000] {logging_mixin.py:190} INFO - [2024-10-22T09:37:41.789+0000] {dagbag.py:588} INFO - Filling up the DagBag from /home/airflow/.local/lib/python3.12/site-packages/airflow/example_dags/example_python_decorator.py
[2024-10-22T09:37:41.819+0000] {processor.py:925} INFO - DAG(s) 'example_python_decorator' retrieved from /home/airflow/.local/lib/python3.12/site-packages/airflow/example_dags/example_python_decorator.py
[2024-10-22T09:37:41.888+0000] {logging_mixin.py:190} INFO - [2024-10-22T09:37:41.888+0000] {dag.py:3239} INFO - Sync 1 DAGs
[2024-10-22T09:37:41.926+0000] {logging_mixin.py:190} INFO - [2024-10-22T09:37:41.925+0000] {dag.py:4180} INFO - Setting next_dagrun for example_python_decorator to None, run_after=None
[2024-10-22T09:37:41.986+0000] {processor.py:208} INFO - Processing /home/airflow/.local/lib/python3.12/site-packages/airflow/example_dags/example_python_decorator.py took 0.220 seconds
[2024-10-22T09:38:12.207+0000] {processor.py:186} INFO - Started process (PID=1758) to work on /home/airflow/.local/lib/python3.12/site-packages/airflow/example_dags/example_python_decorator.py
[2024-10-22T09:38:12.210+0000] {processor.py:914} INFO - Processing file /home/airflow/.local/lib/python3.12/site-packages/airflow/example_dags/example_python_decorator.py for tasks to queue
[2024-10-22T09:38:12.215+0000] {logging_mixin.py:190} INFO - [2024-10-22T09:38:12.214+0000] {dagbag.py:588} INFO - Filling up the DagBag from /home/airflow/.local/lib/python3.12/site-packages/airflow/example_dags/example_python_decorator.py
[2024-10-22T09:38:12.247+0000] {processor.py:925} INFO - DAG(s) 'example_python_decorator' retrieved from /home/airflow/.local/lib/python3.12/site-packages/airflow/example_dags/example_python_decorator.py
[2024-10-22T09:38:12.290+0000] {logging_mixin.py:190} INFO - [2024-10-22T09:38:12.290+0000] {dag.py:3239} INFO - Sync 1 DAGs
[2024-10-22T09:38:12.322+0000] {logging_mixin.py:190} INFO - [2024-10-22T09:38:12.321+0000] {dag.py:4180} INFO - Setting next_dagrun for example_python_decorator to None, run_after=None
[2024-10-22T09:38:12.361+0000] {processor.py:208} INFO - Processing /home/airflow/.local/lib/python3.12/site-packages/airflow/example_dags/example_python_decorator.py took 0.171 seconds
[2024-10-22T09:38:43.049+0000] {processor.py:186} INFO - Started process (PID=1820) to work on /home/airflow/.local/lib/python3.12/site-packages/airflow/example_dags/example_python_decorator.py
[2024-10-22T09:38:43.051+0000] {processor.py:914} INFO - Processing file /home/airflow/.local/lib/python3.12/site-packages/airflow/example_dags/example_python_decorator.py for tasks to queue
[2024-10-22T09:38:43.058+0000] {logging_mixin.py:190} INFO - [2024-10-22T09:38:43.057+0000] {dagbag.py:588} INFO - Filling up the DagBag from /home/airflow/.local/lib/python3.12/site-packages/airflow/example_dags/example_python_decorator.py
[2024-10-22T09:38:43.090+0000] {processor.py:925} INFO - DAG(s) 'example_python_decorator' retrieved from /home/airflow/.local/lib/python3.12/site-packages/airflow/example_dags/example_python_decorator.py
[2024-10-22T09:38:43.159+0000] {logging_mixin.py:190} INFO - [2024-10-22T09:38:43.159+0000] {dag.py:3239} INFO - Sync 1 DAGs
[2024-10-22T09:38:43.199+0000] {logging_mixin.py:190} INFO - [2024-10-22T09:38:43.199+0000] {dag.py:4180} INFO - Setting next_dagrun for example_python_decorator to None, run_after=None
[2024-10-22T09:38:43.233+0000] {processor.py:208} INFO - Processing /home/airflow/.local/lib/python3.12/site-packages/airflow/example_dags/example_python_decorator.py took 0.199 seconds
[2024-10-22T09:39:14.819+0000] {processor.py:186} INFO - Started process (PID=1883) to work on /home/airflow/.local/lib/python3.12/site-packages/airflow/example_dags/example_python_decorator.py
[2024-10-22T09:39:14.821+0000] {processor.py:914} INFO - Processing file /home/airflow/.local/lib/python3.12/site-packages/airflow/example_dags/example_python_decorator.py for tasks to queue
[2024-10-22T09:39:14.825+0000] {logging_mixin.py:190} INFO - [2024-10-22T09:39:14.825+0000] {dagbag.py:588} INFO - Filling up the DagBag from /home/airflow/.local/lib/python3.12/site-packages/airflow/example_dags/example_python_decorator.py
[2024-10-22T09:39:14.855+0000] {processor.py:925} INFO - DAG(s) 'example_python_decorator' retrieved from /home/airflow/.local/lib/python3.12/site-packages/airflow/example_dags/example_python_decorator.py
[2024-10-22T09:39:14.895+0000] {logging_mixin.py:190} INFO - [2024-10-22T09:39:14.895+0000] {dag.py:3239} INFO - Sync 1 DAGs
[2024-10-22T09:39:14.924+0000] {logging_mixin.py:190} INFO - [2024-10-22T09:39:14.923+0000] {dag.py:4180} INFO - Setting next_dagrun for example_python_decorator to None, run_after=None
[2024-10-22T09:39:14.959+0000] {processor.py:208} INFO - Processing /home/airflow/.local/lib/python3.12/site-packages/airflow/example_dags/example_python_decorator.py took 0.152 seconds
[2024-10-22T09:39:45.618+0000] {processor.py:186} INFO - Started process (PID=1944) to work on /home/airflow/.local/lib/python3.12/site-packages/airflow/example_dags/example_python_decorator.py
[2024-10-22T09:39:45.620+0000] {processor.py:914} INFO - Processing file /home/airflow/.local/lib/python3.12/site-packages/airflow/example_dags/example_python_decorator.py for tasks to queue
[2024-10-22T09:39:45.624+0000] {logging_mixin.py:190} INFO - [2024-10-22T09:39:45.623+0000] {dagbag.py:588} INFO - Filling up the DagBag from /home/airflow/.local/lib/python3.12/site-packages/airflow/example_dags/example_python_decorator.py
[2024-10-22T09:39:45.649+0000] {processor.py:925} INFO - DAG(s) 'example_python_decorator' retrieved from /home/airflow/.local/lib/python3.12/site-packages/airflow/example_dags/example_python_decorator.py
[2024-10-22T09:39:45.684+0000] {logging_mixin.py:190} INFO - [2024-10-22T09:39:45.684+0000] {dag.py:3239} INFO - Sync 1 DAGs
[2024-10-22T09:39:45.709+0000] {logging_mixin.py:190} INFO - [2024-10-22T09:39:45.709+0000] {dag.py:4180} INFO - Setting next_dagrun for example_python_decorator to None, run_after=None
[2024-10-22T09:39:45.741+0000] {processor.py:208} INFO - Processing /home/airflow/.local/lib/python3.12/site-packages/airflow/example_dags/example_python_decorator.py took 0.134 seconds
[2024-10-22T09:40:15.979+0000] {processor.py:186} INFO - Started process (PID=2006) to work on /home/airflow/.local/lib/python3.12/site-packages/airflow/example_dags/example_python_decorator.py
[2024-10-22T09:40:15.981+0000] {processor.py:914} INFO - Processing file /home/airflow/.local/lib/python3.12/site-packages/airflow/example_dags/example_python_decorator.py for tasks to queue
[2024-10-22T09:40:15.988+0000] {logging_mixin.py:190} INFO - [2024-10-22T09:40:15.987+0000] {dagbag.py:588} INFO - Filling up the DagBag from /home/airflow/.local/lib/python3.12/site-packages/airflow/example_dags/example_python_decorator.py
[2024-10-22T09:40:16.021+0000] {processor.py:925} INFO - DAG(s) 'example_python_decorator' retrieved from /home/airflow/.local/lib/python3.12/site-packages/airflow/example_dags/example_python_decorator.py
[2024-10-22T09:40:16.067+0000] {logging_mixin.py:190} INFO - [2024-10-22T09:40:16.067+0000] {dag.py:3239} INFO - Sync 1 DAGs
[2024-10-22T09:40:16.093+0000] {logging_mixin.py:190} INFO - [2024-10-22T09:40:16.092+0000] {dag.py:4180} INFO - Setting next_dagrun for example_python_decorator to None, run_after=None
[2024-10-22T09:40:16.128+0000] {processor.py:208} INFO - Processing /home/airflow/.local/lib/python3.12/site-packages/airflow/example_dags/example_python_decorator.py took 0.160 seconds
[2024-10-22T09:40:47.071+0000] {processor.py:186} INFO - Started process (PID=2068) to work on /home/airflow/.local/lib/python3.12/site-packages/airflow/example_dags/example_python_decorator.py
[2024-10-22T09:40:47.073+0000] {processor.py:914} INFO - Processing file /home/airflow/.local/lib/python3.12/site-packages/airflow/example_dags/example_python_decorator.py for tasks to queue
[2024-10-22T09:40:47.077+0000] {logging_mixin.py:190} INFO - [2024-10-22T09:40:47.077+0000] {dagbag.py:588} INFO - Filling up the DagBag from /home/airflow/.local/lib/python3.12/site-packages/airflow/example_dags/example_python_decorator.py
[2024-10-22T09:40:47.102+0000] {processor.py:925} INFO - DAG(s) 'example_python_decorator' retrieved from /home/airflow/.local/lib/python3.12/site-packages/airflow/example_dags/example_python_decorator.py
[2024-10-22T09:40:47.139+0000] {logging_mixin.py:190} INFO - [2024-10-22T09:40:47.139+0000] {dag.py:3239} INFO - Sync 1 DAGs
[2024-10-22T09:40:47.163+0000] {logging_mixin.py:190} INFO - [2024-10-22T09:40:47.163+0000] {dag.py:4180} INFO - Setting next_dagrun for example_python_decorator to None, run_after=None
[2024-10-22T09:40:47.194+0000] {processor.py:208} INFO - Processing /home/airflow/.local/lib/python3.12/site-packages/airflow/example_dags/example_python_decorator.py took 0.133 seconds
[2024-10-22T09:41:18.168+0000] {processor.py:186} INFO - Started process (PID=2130) to work on /home/airflow/.local/lib/python3.12/site-packages/airflow/example_dags/example_python_decorator.py
[2024-10-22T09:41:18.170+0000] {processor.py:914} INFO - Processing file /home/airflow/.local/lib/python3.12/site-packages/airflow/example_dags/example_python_decorator.py for tasks to queue
[2024-10-22T09:41:18.174+0000] {logging_mixin.py:190} INFO - [2024-10-22T09:41:18.174+0000] {dagbag.py:588} INFO - Filling up the DagBag from /home/airflow/.local/lib/python3.12/site-packages/airflow/example_dags/example_python_decorator.py
[2024-10-22T09:41:18.199+0000] {processor.py:925} INFO - DAG(s) 'example_python_decorator' retrieved from /home/airflow/.local/lib/python3.12/site-packages/airflow/example_dags/example_python_decorator.py
[2024-10-22T09:41:18.250+0000] {logging_mixin.py:190} INFO - [2024-10-22T09:41:18.250+0000] {dag.py:3239} INFO - Sync 1 DAGs
[2024-10-22T09:41:18.287+0000] {logging_mixin.py:190} INFO - [2024-10-22T09:41:18.287+0000] {dag.py:4180} INFO - Setting next_dagrun for example_python_decorator to None, run_after=None
[2024-10-22T09:41:18.330+0000] {processor.py:208} INFO - Processing /home/airflow/.local/lib/python3.12/site-packages/airflow/example_dags/example_python_decorator.py took 0.173 seconds
[2024-10-22T09:41:49.262+0000] {processor.py:186} INFO - Started process (PID=2192) to work on /home/airflow/.local/lib/python3.12/site-packages/airflow/example_dags/example_python_decorator.py
[2024-10-22T09:41:49.264+0000] {processor.py:914} INFO - Processing file /home/airflow/.local/lib/python3.12/site-packages/airflow/example_dags/example_python_decorator.py for tasks to queue
[2024-10-22T09:41:49.268+0000] {logging_mixin.py:190} INFO - [2024-10-22T09:41:49.268+0000] {dagbag.py:588} INFO - Filling up the DagBag from /home/airflow/.local/lib/python3.12/site-packages/airflow/example_dags/example_python_decorator.py
[2024-10-22T09:41:49.292+0000] {processor.py:925} INFO - DAG(s) 'example_python_decorator' retrieved from /home/airflow/.local/lib/python3.12/site-packages/airflow/example_dags/example_python_decorator.py
[2024-10-22T09:41:49.328+0000] {logging_mixin.py:190} INFO - [2024-10-22T09:41:49.327+0000] {dag.py:3239} INFO - Sync 1 DAGs
[2024-10-22T09:41:49.353+0000] {logging_mixin.py:190} INFO - [2024-10-22T09:41:49.352+0000] {dag.py:4180} INFO - Setting next_dagrun for example_python_decorator to None, run_after=None
[2024-10-22T09:41:49.382+0000] {processor.py:208} INFO - Processing /home/airflow/.local/lib/python3.12/site-packages/airflow/example_dags/example_python_decorator.py took 0.131 seconds
[2024-10-22T09:42:22.105+0000] {processor.py:186} INFO - Started process (PID=2254) to work on /home/airflow/.local/lib/python3.12/site-packages/airflow/example_dags/example_python_decorator.py
[2024-10-22T09:42:22.107+0000] {processor.py:914} INFO - Processing file /home/airflow/.local/lib/python3.12/site-packages/airflow/example_dags/example_python_decorator.py for tasks to queue
[2024-10-22T09:42:22.113+0000] {logging_mixin.py:190} INFO - [2024-10-22T09:42:22.112+0000] {dagbag.py:588} INFO - Filling up the DagBag from /home/airflow/.local/lib/python3.12/site-packages/airflow/example_dags/example_python_decorator.py
[2024-10-22T09:42:22.138+0000] {processor.py:925} INFO - DAG(s) 'example_python_decorator' retrieved from /home/airflow/.local/lib/python3.12/site-packages/airflow/example_dags/example_python_decorator.py
[2024-10-22T09:42:22.176+0000] {logging_mixin.py:190} INFO - [2024-10-22T09:42:22.176+0000] {dag.py:3239} INFO - Sync 1 DAGs
[2024-10-22T09:42:22.203+0000] {logging_mixin.py:190} INFO - [2024-10-22T09:42:22.203+0000] {dag.py:4180} INFO - Setting next_dagrun for example_python_decorator to None, run_after=None
[2024-10-22T09:42:22.938+0000] {processor.py:208} INFO - Processing /home/airflow/.local/lib/python3.12/site-packages/airflow/example_dags/example_python_decorator.py took 0.845 seconds
[2024-10-22T09:42:53.149+0000] {processor.py:186} INFO - Started process (PID=2316) to work on /home/airflow/.local/lib/python3.12/site-packages/airflow/example_dags/example_python_decorator.py
[2024-10-22T09:42:53.151+0000] {processor.py:914} INFO - Processing file /home/airflow/.local/lib/python3.12/site-packages/airflow/example_dags/example_python_decorator.py for tasks to queue
[2024-10-22T09:42:53.157+0000] {logging_mixin.py:190} INFO - [2024-10-22T09:42:53.156+0000] {dagbag.py:588} INFO - Filling up the DagBag from /home/airflow/.local/lib/python3.12/site-packages/airflow/example_dags/example_python_decorator.py
[2024-10-22T09:42:53.186+0000] {processor.py:925} INFO - DAG(s) 'example_python_decorator' retrieved from /home/airflow/.local/lib/python3.12/site-packages/airflow/example_dags/example_python_decorator.py
[2024-10-22T09:42:53.237+0000] {logging_mixin.py:190} INFO - [2024-10-22T09:42:53.237+0000] {dag.py:3239} INFO - Sync 1 DAGs
[2024-10-22T09:42:53.270+0000] {logging_mixin.py:190} INFO - [2024-10-22T09:42:53.269+0000] {dag.py:4180} INFO - Setting next_dagrun for example_python_decorator to None, run_after=None
[2024-10-22T09:42:53.309+0000] {processor.py:208} INFO - Processing /home/airflow/.local/lib/python3.12/site-packages/airflow/example_dags/example_python_decorator.py took 0.179 seconds
[2024-10-22T09:43:23.621+0000] {processor.py:186} INFO - Started process (PID=2378) to work on /home/airflow/.local/lib/python3.12/site-packages/airflow/example_dags/example_python_decorator.py
[2024-10-22T09:43:23.625+0000] {processor.py:914} INFO - Processing file /home/airflow/.local/lib/python3.12/site-packages/airflow/example_dags/example_python_decorator.py for tasks to queue
[2024-10-22T09:43:23.632+0000] {logging_mixin.py:190} INFO - [2024-10-22T09:43:23.631+0000] {dagbag.py:588} INFO - Filling up the DagBag from /home/airflow/.local/lib/python3.12/site-packages/airflow/example_dags/example_python_decorator.py
[2024-10-22T09:43:23.684+0000] {processor.py:925} INFO - DAG(s) 'example_python_decorator' retrieved from /home/airflow/.local/lib/python3.12/site-packages/airflow/example_dags/example_python_decorator.py
[2024-10-22T09:43:23.748+0000] {logging_mixin.py:190} INFO - [2024-10-22T09:43:23.747+0000] {dag.py:3239} INFO - Sync 1 DAGs
[2024-10-22T09:43:23.791+0000] {logging_mixin.py:190} INFO - [2024-10-22T09:43:23.790+0000] {dag.py:4180} INFO - Setting next_dagrun for example_python_decorator to None, run_after=None
[2024-10-22T09:43:23.840+0000] {processor.py:208} INFO - Processing /home/airflow/.local/lib/python3.12/site-packages/airflow/example_dags/example_python_decorator.py took 0.244 seconds
[2024-10-22T09:43:54.320+0000] {processor.py:186} INFO - Started process (PID=2440) to work on /home/airflow/.local/lib/python3.12/site-packages/airflow/example_dags/example_python_decorator.py
[2024-10-22T09:43:54.322+0000] {processor.py:914} INFO - Processing file /home/airflow/.local/lib/python3.12/site-packages/airflow/example_dags/example_python_decorator.py for tasks to queue
[2024-10-22T09:43:54.327+0000] {logging_mixin.py:190} INFO - [2024-10-22T09:43:54.326+0000] {dagbag.py:588} INFO - Filling up the DagBag from /home/airflow/.local/lib/python3.12/site-packages/airflow/example_dags/example_python_decorator.py
[2024-10-22T09:43:54.354+0000] {processor.py:925} INFO - DAG(s) 'example_python_decorator' retrieved from /home/airflow/.local/lib/python3.12/site-packages/airflow/example_dags/example_python_decorator.py
[2024-10-22T09:43:54.395+0000] {logging_mixin.py:190} INFO - [2024-10-22T09:43:54.394+0000] {dag.py:3239} INFO - Sync 1 DAGs
[2024-10-22T09:43:54.421+0000] {logging_mixin.py:190} INFO - [2024-10-22T09:43:54.421+0000] {dag.py:4180} INFO - Setting next_dagrun for example_python_decorator to None, run_after=None
[2024-10-22T09:43:54.467+0000] {processor.py:208} INFO - Processing /home/airflow/.local/lib/python3.12/site-packages/airflow/example_dags/example_python_decorator.py took 0.160 seconds
