[2024-10-22T09:23:25.949+0000] {processor.py:186} INFO - Started process (PID=86) to work on /home/airflow/.local/lib/python3.12/site-packages/airflow/example_dags/example_python_operator.py
[2024-10-22T09:23:25.952+0000] {processor.py:914} INFO - Processing file /home/airflow/.local/lib/python3.12/site-packages/airflow/example_dags/example_python_operator.py for tasks to queue
[2024-10-22T09:23:25.974+0000] {logging_mixin.py:190} INFO - [2024-10-22T09:23:25.972+0000] {dagbag.py:588} INFO - Filling up the DagBag from /home/airflow/.local/lib/python3.12/site-packages/airflow/example_dags/example_python_operator.py
[2024-10-22T09:23:26.089+0000] {processor.py:925} INFO - DAG(s) 'example_python_operator' retrieved from /home/airflow/.local/lib/python3.12/site-packages/airflow/example_dags/example_python_operator.py
[2024-10-22T09:23:27.037+0000] {logging_mixin.py:190} INFO - [2024-10-22T09:23:27.035+0000] {dag.py:3239} INFO - Sync 1 DAGs
[2024-10-22T09:23:27.106+0000] {logging_mixin.py:190} INFO - [2024-10-22T09:23:27.094+0000] {dag.py:4180} INFO - Setting next_dagrun for example_python_operator to None, run_after=None
[2024-10-22T09:23:27.233+0000] {processor.py:208} INFO - Processing /home/airflow/.local/lib/python3.12/site-packages/airflow/example_dags/example_python_operator.py took 1.322 seconds
[2024-10-22T09:24:15.514+0000] {processor.py:186} INFO - Started process (PID=165) to work on /home/airflow/.local/lib/python3.12/site-packages/airflow/example_dags/example_python_operator.py
[2024-10-22T09:24:15.517+0000] {processor.py:914} INFO - Processing file /home/airflow/.local/lib/python3.12/site-packages/airflow/example_dags/example_python_operator.py for tasks to queue
[2024-10-22T09:24:15.522+0000] {logging_mixin.py:190} INFO - [2024-10-22T09:24:15.521+0000] {dagbag.py:588} INFO - Filling up the DagBag from /home/airflow/.local/lib/python3.12/site-packages/airflow/example_dags/example_python_operator.py
[2024-10-22T09:24:15.557+0000] {processor.py:925} INFO - DAG(s) 'example_python_operator' retrieved from /home/airflow/.local/lib/python3.12/site-packages/airflow/example_dags/example_python_operator.py
[2024-10-22T09:24:15.634+0000] {logging_mixin.py:190} INFO - [2024-10-22T09:24:15.634+0000] {dag.py:3239} INFO - Sync 1 DAGs
[2024-10-22T09:24:15.669+0000] {logging_mixin.py:190} INFO - [2024-10-22T09:24:15.668+0000] {dag.py:4180} INFO - Setting next_dagrun for example_python_operator to None, run_after=None
[2024-10-22T09:24:18.148+0000] {processor.py:208} INFO - Processing /home/airflow/.local/lib/python3.12/site-packages/airflow/example_dags/example_python_operator.py took 2.648 seconds
[2024-10-22T09:24:53.349+0000] {processor.py:186} INFO - Started process (PID=227) to work on /home/airflow/.local/lib/python3.12/site-packages/airflow/example_dags/example_python_operator.py
[2024-10-22T09:24:53.351+0000] {processor.py:914} INFO - Processing file /home/airflow/.local/lib/python3.12/site-packages/airflow/example_dags/example_python_operator.py for tasks to queue
[2024-10-22T09:24:53.358+0000] {logging_mixin.py:190} INFO - [2024-10-22T09:24:53.357+0000] {dagbag.py:588} INFO - Filling up the DagBag from /home/airflow/.local/lib/python3.12/site-packages/airflow/example_dags/example_python_operator.py
[2024-10-22T09:24:53.426+0000] {processor.py:925} INFO - DAG(s) 'example_python_operator' retrieved from /home/airflow/.local/lib/python3.12/site-packages/airflow/example_dags/example_python_operator.py
[2024-10-22T09:24:53.538+0000] {logging_mixin.py:190} INFO - [2024-10-22T09:24:53.538+0000] {dag.py:3239} INFO - Sync 1 DAGs
[2024-10-22T09:24:53.607+0000] {logging_mixin.py:190} INFO - [2024-10-22T09:24:53.605+0000] {dag.py:4180} INFO - Setting next_dagrun for example_python_operator to None, run_after=None
[2024-10-22T09:24:53.704+0000] {processor.py:208} INFO - Processing /home/airflow/.local/lib/python3.12/site-packages/airflow/example_dags/example_python_operator.py took 0.382 seconds
[2024-10-22T09:25:28.740+0000] {processor.py:186} INFO - Started process (PID=289) to work on /home/airflow/.local/lib/python3.12/site-packages/airflow/example_dags/example_python_operator.py
[2024-10-22T09:25:28.749+0000] {processor.py:914} INFO - Processing file /home/airflow/.local/lib/python3.12/site-packages/airflow/example_dags/example_python_operator.py for tasks to queue
[2024-10-22T09:25:28.778+0000] {logging_mixin.py:190} INFO - [2024-10-22T09:25:28.773+0000] {dagbag.py:588} INFO - Filling up the DagBag from /home/airflow/.local/lib/python3.12/site-packages/airflow/example_dags/example_python_operator.py
[2024-10-22T09:25:28.998+0000] {processor.py:925} INFO - DAG(s) 'example_python_operator' retrieved from /home/airflow/.local/lib/python3.12/site-packages/airflow/example_dags/example_python_operator.py
[2024-10-22T09:25:29.159+0000] {logging_mixin.py:190} INFO - [2024-10-22T09:25:29.158+0000] {dag.py:3239} INFO - Sync 1 DAGs
[2024-10-22T09:25:29.288+0000] {logging_mixin.py:190} INFO - [2024-10-22T09:25:29.287+0000] {dag.py:4180} INFO - Setting next_dagrun for example_python_operator to None, run_after=None
[2024-10-22T09:25:29.501+0000] {processor.py:208} INFO - Processing /home/airflow/.local/lib/python3.12/site-packages/airflow/example_dags/example_python_operator.py took 0.828 seconds
[2024-10-22T09:25:59.759+0000] {processor.py:186} INFO - Started process (PID=351) to work on /home/airflow/.local/lib/python3.12/site-packages/airflow/example_dags/example_python_operator.py
[2024-10-22T09:25:59.762+0000] {processor.py:914} INFO - Processing file /home/airflow/.local/lib/python3.12/site-packages/airflow/example_dags/example_python_operator.py for tasks to queue
[2024-10-22T09:25:59.771+0000] {logging_mixin.py:190} INFO - [2024-10-22T09:25:59.769+0000] {dagbag.py:588} INFO - Filling up the DagBag from /home/airflow/.local/lib/python3.12/site-packages/airflow/example_dags/example_python_operator.py
[2024-10-22T09:25:59.845+0000] {processor.py:925} INFO - DAG(s) 'example_python_operator' retrieved from /home/airflow/.local/lib/python3.12/site-packages/airflow/example_dags/example_python_operator.py
[2024-10-22T09:26:00.025+0000] {logging_mixin.py:190} INFO - [2024-10-22T09:26:00.024+0000] {dag.py:3239} INFO - Sync 1 DAGs
[2024-10-22T09:26:00.116+0000] {logging_mixin.py:190} INFO - [2024-10-22T09:26:00.116+0000] {dag.py:4180} INFO - Setting next_dagrun for example_python_operator to None, run_after=None
[2024-10-22T09:26:00.291+0000] {processor.py:208} INFO - Processing /home/airflow/.local/lib/python3.12/site-packages/airflow/example_dags/example_python_operator.py took 0.570 seconds
[2024-10-22T09:26:30.916+0000] {processor.py:186} INFO - Started process (PID=414) to work on /home/airflow/.local/lib/python3.12/site-packages/airflow/example_dags/example_python_operator.py
[2024-10-22T09:26:30.919+0000] {processor.py:914} INFO - Processing file /home/airflow/.local/lib/python3.12/site-packages/airflow/example_dags/example_python_operator.py for tasks to queue
[2024-10-22T09:26:30.953+0000] {logging_mixin.py:190} INFO - [2024-10-22T09:26:30.949+0000] {dagbag.py:588} INFO - Filling up the DagBag from /home/airflow/.local/lib/python3.12/site-packages/airflow/example_dags/example_python_operator.py
[2024-10-22T09:26:31.039+0000] {processor.py:925} INFO - DAG(s) 'example_python_operator' retrieved from /home/airflow/.local/lib/python3.12/site-packages/airflow/example_dags/example_python_operator.py
[2024-10-22T09:26:31.226+0000] {logging_mixin.py:190} INFO - [2024-10-22T09:26:31.226+0000] {dag.py:3239} INFO - Sync 1 DAGs
[2024-10-22T09:26:31.382+0000] {logging_mixin.py:190} INFO - [2024-10-22T09:26:31.381+0000] {dag.py:4180} INFO - Setting next_dagrun for example_python_operator to None, run_after=None
[2024-10-22T09:26:31.602+0000] {processor.py:208} INFO - Processing /home/airflow/.local/lib/python3.12/site-packages/airflow/example_dags/example_python_operator.py took 0.722 seconds
[2024-10-22T09:27:09.171+0000] {processor.py:186} INFO - Started process (PID=476) to work on /home/airflow/.local/lib/python3.12/site-packages/airflow/example_dags/example_python_operator.py
[2024-10-22T09:27:09.181+0000] {processor.py:914} INFO - Processing file /home/airflow/.local/lib/python3.12/site-packages/airflow/example_dags/example_python_operator.py for tasks to queue
[2024-10-22T09:27:09.199+0000] {logging_mixin.py:190} INFO - [2024-10-22T09:27:09.198+0000] {dagbag.py:588} INFO - Filling up the DagBag from /home/airflow/.local/lib/python3.12/site-packages/airflow/example_dags/example_python_operator.py
[2024-10-22T09:27:09.316+0000] {processor.py:925} INFO - DAG(s) 'example_python_operator' retrieved from /home/airflow/.local/lib/python3.12/site-packages/airflow/example_dags/example_python_operator.py
[2024-10-22T09:27:09.605+0000] {logging_mixin.py:190} INFO - [2024-10-22T09:27:09.605+0000] {dag.py:3239} INFO - Sync 1 DAGs
[2024-10-22T09:27:09.665+0000] {logging_mixin.py:190} INFO - [2024-10-22T09:27:09.665+0000] {dag.py:4180} INFO - Setting next_dagrun for example_python_operator to None, run_after=None
[2024-10-22T09:27:09.782+0000] {processor.py:208} INFO - Processing /home/airflow/.local/lib/python3.12/site-packages/airflow/example_dags/example_python_operator.py took 0.639 seconds
[2024-10-22T09:27:40.345+0000] {processor.py:186} INFO - Started process (PID=537) to work on /home/airflow/.local/lib/python3.12/site-packages/airflow/example_dags/example_python_operator.py
[2024-10-22T09:27:40.368+0000] {processor.py:914} INFO - Processing file /home/airflow/.local/lib/python3.12/site-packages/airflow/example_dags/example_python_operator.py for tasks to queue
[2024-10-22T09:27:40.375+0000] {logging_mixin.py:190} INFO - [2024-10-22T09:27:40.374+0000] {dagbag.py:588} INFO - Filling up the DagBag from /home/airflow/.local/lib/python3.12/site-packages/airflow/example_dags/example_python_operator.py
[2024-10-22T09:27:40.431+0000] {processor.py:925} INFO - DAG(s) 'example_python_operator' retrieved from /home/airflow/.local/lib/python3.12/site-packages/airflow/example_dags/example_python_operator.py
[2024-10-22T09:27:40.520+0000] {logging_mixin.py:190} INFO - [2024-10-22T09:27:40.519+0000] {dag.py:3239} INFO - Sync 1 DAGs
[2024-10-22T09:27:40.563+0000] {logging_mixin.py:190} INFO - [2024-10-22T09:27:40.562+0000] {dag.py:4180} INFO - Setting next_dagrun for example_python_operator to None, run_after=None
[2024-10-22T09:27:40.632+0000] {processor.py:208} INFO - Processing /home/airflow/.local/lib/python3.12/site-packages/airflow/example_dags/example_python_operator.py took 0.313 seconds
[2024-10-22T09:28:11.417+0000] {processor.py:186} INFO - Started process (PID=599) to work on /home/airflow/.local/lib/python3.12/site-packages/airflow/example_dags/example_python_operator.py
[2024-10-22T09:28:11.420+0000] {processor.py:914} INFO - Processing file /home/airflow/.local/lib/python3.12/site-packages/airflow/example_dags/example_python_operator.py for tasks to queue
[2024-10-22T09:28:11.425+0000] {logging_mixin.py:190} INFO - [2024-10-22T09:28:11.424+0000] {dagbag.py:588} INFO - Filling up the DagBag from /home/airflow/.local/lib/python3.12/site-packages/airflow/example_dags/example_python_operator.py
[2024-10-22T09:28:11.461+0000] {processor.py:925} INFO - DAG(s) 'example_python_operator' retrieved from /home/airflow/.local/lib/python3.12/site-packages/airflow/example_dags/example_python_operator.py
[2024-10-22T09:28:11.531+0000] {logging_mixin.py:190} INFO - [2024-10-22T09:28:11.530+0000] {dag.py:3239} INFO - Sync 1 DAGs
[2024-10-22T09:28:11.568+0000] {logging_mixin.py:190} INFO - [2024-10-22T09:28:11.568+0000] {dag.py:4180} INFO - Setting next_dagrun for example_python_operator to None, run_after=None
[2024-10-22T09:28:11.616+0000] {processor.py:208} INFO - Processing /home/airflow/.local/lib/python3.12/site-packages/airflow/example_dags/example_python_operator.py took 0.213 seconds
[2024-10-22T09:28:42.727+0000] {processor.py:186} INFO - Started process (PID=661) to work on /home/airflow/.local/lib/python3.12/site-packages/airflow/example_dags/example_python_operator.py
[2024-10-22T09:28:42.738+0000] {processor.py:914} INFO - Processing file /home/airflow/.local/lib/python3.12/site-packages/airflow/example_dags/example_python_operator.py for tasks to queue
[2024-10-22T09:28:42.744+0000] {logging_mixin.py:190} INFO - [2024-10-22T09:28:42.743+0000] {dagbag.py:588} INFO - Filling up the DagBag from /home/airflow/.local/lib/python3.12/site-packages/airflow/example_dags/example_python_operator.py
[2024-10-22T09:28:42.778+0000] {processor.py:925} INFO - DAG(s) 'example_python_operator' retrieved from /home/airflow/.local/lib/python3.12/site-packages/airflow/example_dags/example_python_operator.py
[2024-10-22T09:28:42.839+0000] {logging_mixin.py:190} INFO - [2024-10-22T09:28:42.839+0000] {dag.py:3239} INFO - Sync 1 DAGs
[2024-10-22T09:28:42.880+0000] {logging_mixin.py:190} INFO - [2024-10-22T09:28:42.879+0000] {dag.py:4180} INFO - Setting next_dagrun for example_python_operator to None, run_after=None
[2024-10-22T09:28:42.933+0000] {processor.py:208} INFO - Processing /home/airflow/.local/lib/python3.12/site-packages/airflow/example_dags/example_python_operator.py took 0.223 seconds
[2024-10-22T09:29:15.888+0000] {processor.py:186} INFO - Started process (PID=723) to work on /home/airflow/.local/lib/python3.12/site-packages/airflow/example_dags/example_python_operator.py
[2024-10-22T09:29:15.893+0000] {processor.py:914} INFO - Processing file /home/airflow/.local/lib/python3.12/site-packages/airflow/example_dags/example_python_operator.py for tasks to queue
[2024-10-22T09:29:15.911+0000] {logging_mixin.py:190} INFO - [2024-10-22T09:29:15.909+0000] {dagbag.py:588} INFO - Filling up the DagBag from /home/airflow/.local/lib/python3.12/site-packages/airflow/example_dags/example_python_operator.py
[2024-10-22T09:29:15.969+0000] {processor.py:925} INFO - DAG(s) 'example_python_operator' retrieved from /home/airflow/.local/lib/python3.12/site-packages/airflow/example_dags/example_python_operator.py
[2024-10-22T09:29:16.073+0000] {logging_mixin.py:190} INFO - [2024-10-22T09:29:16.072+0000] {dag.py:3239} INFO - Sync 1 DAGs
[2024-10-22T09:29:16.128+0000] {logging_mixin.py:190} INFO - [2024-10-22T09:29:16.127+0000] {dag.py:4180} INFO - Setting next_dagrun for example_python_operator to None, run_after=None
[2024-10-22T09:29:16.518+0000] {processor.py:208} INFO - Processing /home/airflow/.local/lib/python3.12/site-packages/airflow/example_dags/example_python_operator.py took 0.658 seconds
[2024-10-22T09:29:46.975+0000] {processor.py:186} INFO - Started process (PID=786) to work on /home/airflow/.local/lib/python3.12/site-packages/airflow/example_dags/example_python_operator.py
[2024-10-22T09:29:46.978+0000] {processor.py:914} INFO - Processing file /home/airflow/.local/lib/python3.12/site-packages/airflow/example_dags/example_python_operator.py for tasks to queue
[2024-10-22T09:29:46.986+0000] {logging_mixin.py:190} INFO - [2024-10-22T09:29:46.985+0000] {dagbag.py:588} INFO - Filling up the DagBag from /home/airflow/.local/lib/python3.12/site-packages/airflow/example_dags/example_python_operator.py
[2024-10-22T09:29:47.022+0000] {processor.py:925} INFO - DAG(s) 'example_python_operator' retrieved from /home/airflow/.local/lib/python3.12/site-packages/airflow/example_dags/example_python_operator.py
[2024-10-22T09:29:47.077+0000] {logging_mixin.py:190} INFO - [2024-10-22T09:29:47.077+0000] {dag.py:3239} INFO - Sync 1 DAGs
[2024-10-22T09:29:47.123+0000] {logging_mixin.py:190} INFO - [2024-10-22T09:29:47.123+0000] {dag.py:4180} INFO - Setting next_dagrun for example_python_operator to None, run_after=None
[2024-10-22T09:29:47.172+0000] {processor.py:208} INFO - Processing /home/airflow/.local/lib/python3.12/site-packages/airflow/example_dags/example_python_operator.py took 0.214 seconds
[2024-10-22T09:30:18.083+0000] {processor.py:186} INFO - Started process (PID=848) to work on /home/airflow/.local/lib/python3.12/site-packages/airflow/example_dags/example_python_operator.py
[2024-10-22T09:30:18.085+0000] {processor.py:914} INFO - Processing file /home/airflow/.local/lib/python3.12/site-packages/airflow/example_dags/example_python_operator.py for tasks to queue
[2024-10-22T09:30:18.092+0000] {logging_mixin.py:190} INFO - [2024-10-22T09:30:18.091+0000] {dagbag.py:588} INFO - Filling up the DagBag from /home/airflow/.local/lib/python3.12/site-packages/airflow/example_dags/example_python_operator.py
[2024-10-22T09:30:18.122+0000] {processor.py:925} INFO - DAG(s) 'example_python_operator' retrieved from /home/airflow/.local/lib/python3.12/site-packages/airflow/example_dags/example_python_operator.py
[2024-10-22T09:30:18.173+0000] {logging_mixin.py:190} INFO - [2024-10-22T09:30:18.173+0000] {dag.py:3239} INFO - Sync 1 DAGs
[2024-10-22T09:30:18.212+0000] {logging_mixin.py:190} INFO - [2024-10-22T09:30:18.211+0000] {dag.py:4180} INFO - Setting next_dagrun for example_python_operator to None, run_after=None
[2024-10-22T09:30:18.269+0000] {processor.py:208} INFO - Processing /home/airflow/.local/lib/python3.12/site-packages/airflow/example_dags/example_python_operator.py took 0.202 seconds
[2024-10-22T09:30:53.464+0000] {processor.py:186} INFO - Started process (PID=911) to work on /home/airflow/.local/lib/python3.12/site-packages/airflow/example_dags/example_python_operator.py
[2024-10-22T09:30:53.467+0000] {processor.py:914} INFO - Processing file /home/airflow/.local/lib/python3.12/site-packages/airflow/example_dags/example_python_operator.py for tasks to queue
[2024-10-22T09:30:53.495+0000] {logging_mixin.py:190} INFO - [2024-10-22T09:30:53.494+0000] {dagbag.py:588} INFO - Filling up the DagBag from /home/airflow/.local/lib/python3.12/site-packages/airflow/example_dags/example_python_operator.py
[2024-10-22T09:30:53.614+0000] {processor.py:925} INFO - DAG(s) 'example_python_operator' retrieved from /home/airflow/.local/lib/python3.12/site-packages/airflow/example_dags/example_python_operator.py
[2024-10-22T09:30:53.798+0000] {logging_mixin.py:190} INFO - [2024-10-22T09:30:53.790+0000] {dag.py:3239} INFO - Sync 1 DAGs
[2024-10-22T09:30:53.892+0000] {logging_mixin.py:190} INFO - [2024-10-22T09:30:53.891+0000] {dag.py:4180} INFO - Setting next_dagrun for example_python_operator to None, run_after=None
[2024-10-22T09:30:54.137+0000] {processor.py:208} INFO - Processing /home/airflow/.local/lib/python3.12/site-packages/airflow/example_dags/example_python_operator.py took 0.730 seconds
[2024-10-22T09:31:30.502+0000] {processor.py:186} INFO - Started process (PID=980) to work on /home/airflow/.local/lib/python3.12/site-packages/airflow/example_dags/example_python_operator.py
[2024-10-22T09:31:30.506+0000] {processor.py:914} INFO - Processing file /home/airflow/.local/lib/python3.12/site-packages/airflow/example_dags/example_python_operator.py for tasks to queue
[2024-10-22T09:31:30.524+0000] {logging_mixin.py:190} INFO - [2024-10-22T09:31:30.523+0000] {dagbag.py:588} INFO - Filling up the DagBag from /home/airflow/.local/lib/python3.12/site-packages/airflow/example_dags/example_python_operator.py
[2024-10-22T09:31:30.653+0000] {processor.py:925} INFO - DAG(s) 'example_python_operator' retrieved from /home/airflow/.local/lib/python3.12/site-packages/airflow/example_dags/example_python_operator.py
[2024-10-22T09:31:30.862+0000] {logging_mixin.py:190} INFO - [2024-10-22T09:31:30.862+0000] {dag.py:3239} INFO - Sync 1 DAGs
[2024-10-22T09:31:31.019+0000] {logging_mixin.py:190} INFO - [2024-10-22T09:31:31.019+0000] {dag.py:4180} INFO - Setting next_dagrun for example_python_operator to None, run_after=None
[2024-10-22T09:31:31.225+0000] {processor.py:208} INFO - Processing /home/airflow/.local/lib/python3.12/site-packages/airflow/example_dags/example_python_operator.py took 0.785 seconds
[2024-10-22T09:32:06.040+0000] {processor.py:186} INFO - Started process (PID=1041) to work on /home/airflow/.local/lib/python3.12/site-packages/airflow/example_dags/example_python_operator.py
[2024-10-22T09:32:06.051+0000] {processor.py:914} INFO - Processing file /home/airflow/.local/lib/python3.12/site-packages/airflow/example_dags/example_python_operator.py for tasks to queue
[2024-10-22T09:32:06.072+0000] {logging_mixin.py:190} INFO - [2024-10-22T09:32:06.069+0000] {dagbag.py:588} INFO - Filling up the DagBag from /home/airflow/.local/lib/python3.12/site-packages/airflow/example_dags/example_python_operator.py
[2024-10-22T09:32:06.204+0000] {processor.py:925} INFO - DAG(s) 'example_python_operator' retrieved from /home/airflow/.local/lib/python3.12/site-packages/airflow/example_dags/example_python_operator.py
[2024-10-22T09:32:06.469+0000] {logging_mixin.py:190} INFO - [2024-10-22T09:32:06.469+0000] {dag.py:3239} INFO - Sync 1 DAGs
[2024-10-22T09:32:06.928+0000] {logging_mixin.py:190} INFO - [2024-10-22T09:32:06.926+0000] {dag.py:4180} INFO - Setting next_dagrun for example_python_operator to None, run_after=None
[2024-10-22T09:32:07.291+0000] {processor.py:208} INFO - Processing /home/airflow/.local/lib/python3.12/site-packages/airflow/example_dags/example_python_operator.py took 1.303 seconds
[2024-10-22T09:32:46.689+0000] {processor.py:186} INFO - Started process (PID=1103) to work on /home/airflow/.local/lib/python3.12/site-packages/airflow/example_dags/example_python_operator.py
[2024-10-22T09:32:46.703+0000] {processor.py:914} INFO - Processing file /home/airflow/.local/lib/python3.12/site-packages/airflow/example_dags/example_python_operator.py for tasks to queue
[2024-10-22T09:32:46.720+0000] {logging_mixin.py:190} INFO - [2024-10-22T09:32:46.719+0000] {dagbag.py:588} INFO - Filling up the DagBag from /home/airflow/.local/lib/python3.12/site-packages/airflow/example_dags/example_python_operator.py
[2024-10-22T09:32:46.831+0000] {processor.py:925} INFO - DAG(s) 'example_python_operator' retrieved from /home/airflow/.local/lib/python3.12/site-packages/airflow/example_dags/example_python_operator.py
[2024-10-22T09:32:47.015+0000] {logging_mixin.py:190} INFO - [2024-10-22T09:32:47.015+0000] {dag.py:3239} INFO - Sync 1 DAGs
[2024-10-22T09:32:47.173+0000] {logging_mixin.py:190} INFO - [2024-10-22T09:32:47.173+0000] {dag.py:4180} INFO - Setting next_dagrun for example_python_operator to None, run_after=None
[2024-10-22T09:32:47.319+0000] {processor.py:208} INFO - Processing /home/airflow/.local/lib/python3.12/site-packages/airflow/example_dags/example_python_operator.py took 0.675 seconds
[2024-10-22T09:33:18.219+0000] {processor.py:186} INFO - Started process (PID=1165) to work on /home/airflow/.local/lib/python3.12/site-packages/airflow/example_dags/example_python_operator.py
[2024-10-22T09:33:18.223+0000] {processor.py:914} INFO - Processing file /home/airflow/.local/lib/python3.12/site-packages/airflow/example_dags/example_python_operator.py for tasks to queue
[2024-10-22T09:33:18.240+0000] {logging_mixin.py:190} INFO - [2024-10-22T09:33:18.239+0000] {dagbag.py:588} INFO - Filling up the DagBag from /home/airflow/.local/lib/python3.12/site-packages/airflow/example_dags/example_python_operator.py
[2024-10-22T09:33:18.324+0000] {processor.py:925} INFO - DAG(s) 'example_python_operator' retrieved from /home/airflow/.local/lib/python3.12/site-packages/airflow/example_dags/example_python_operator.py
[2024-10-22T09:33:18.412+0000] {logging_mixin.py:190} INFO - [2024-10-22T09:33:18.411+0000] {dag.py:3239} INFO - Sync 1 DAGs
[2024-10-22T09:33:18.456+0000] {logging_mixin.py:190} INFO - [2024-10-22T09:33:18.455+0000] {dag.py:4180} INFO - Setting next_dagrun for example_python_operator to None, run_after=None
[2024-10-22T09:33:18.559+0000] {processor.py:208} INFO - Processing /home/airflow/.local/lib/python3.12/site-packages/airflow/example_dags/example_python_operator.py took 0.381 seconds
[2024-10-22T09:33:49.102+0000] {processor.py:186} INFO - Started process (PID=1227) to work on /home/airflow/.local/lib/python3.12/site-packages/airflow/example_dags/example_python_operator.py
[2024-10-22T09:33:49.104+0000] {processor.py:914} INFO - Processing file /home/airflow/.local/lib/python3.12/site-packages/airflow/example_dags/example_python_operator.py for tasks to queue
[2024-10-22T09:33:49.109+0000] {logging_mixin.py:190} INFO - [2024-10-22T09:33:49.109+0000] {dagbag.py:588} INFO - Filling up the DagBag from /home/airflow/.local/lib/python3.12/site-packages/airflow/example_dags/example_python_operator.py
[2024-10-22T09:33:49.133+0000] {processor.py:925} INFO - DAG(s) 'example_python_operator' retrieved from /home/airflow/.local/lib/python3.12/site-packages/airflow/example_dags/example_python_operator.py
[2024-10-22T09:33:49.170+0000] {logging_mixin.py:190} INFO - [2024-10-22T09:33:49.170+0000] {dag.py:3239} INFO - Sync 1 DAGs
[2024-10-22T09:33:49.201+0000] {logging_mixin.py:190} INFO - [2024-10-22T09:33:49.200+0000] {dag.py:4180} INFO - Setting next_dagrun for example_python_operator to None, run_after=None
[2024-10-22T09:33:49.241+0000] {processor.py:208} INFO - Processing /home/airflow/.local/lib/python3.12/site-packages/airflow/example_dags/example_python_operator.py took 0.154 seconds
[2024-10-22T09:34:20.862+0000] {processor.py:186} INFO - Started process (PID=1289) to work on /home/airflow/.local/lib/python3.12/site-packages/airflow/example_dags/example_python_operator.py
[2024-10-22T09:34:20.864+0000] {processor.py:914} INFO - Processing file /home/airflow/.local/lib/python3.12/site-packages/airflow/example_dags/example_python_operator.py for tasks to queue
[2024-10-22T09:34:20.868+0000] {logging_mixin.py:190} INFO - [2024-10-22T09:34:20.867+0000] {dagbag.py:588} INFO - Filling up the DagBag from /home/airflow/.local/lib/python3.12/site-packages/airflow/example_dags/example_python_operator.py
[2024-10-22T09:34:20.888+0000] {processor.py:925} INFO - DAG(s) 'example_python_operator' retrieved from /home/airflow/.local/lib/python3.12/site-packages/airflow/example_dags/example_python_operator.py
[2024-10-22T09:34:20.925+0000] {logging_mixin.py:190} INFO - [2024-10-22T09:34:20.925+0000] {dag.py:3239} INFO - Sync 1 DAGs
[2024-10-22T09:34:20.951+0000] {logging_mixin.py:190} INFO - [2024-10-22T09:34:20.951+0000] {dag.py:4180} INFO - Setting next_dagrun for example_python_operator to None, run_after=None
[2024-10-22T09:34:22.553+0000] {processor.py:208} INFO - Processing /home/airflow/.local/lib/python3.12/site-packages/airflow/example_dags/example_python_operator.py took 1.701 seconds
[2024-10-22T09:34:52.829+0000] {processor.py:186} INFO - Started process (PID=1351) to work on /home/airflow/.local/lib/python3.12/site-packages/airflow/example_dags/example_python_operator.py
[2024-10-22T09:34:52.832+0000] {processor.py:914} INFO - Processing file /home/airflow/.local/lib/python3.12/site-packages/airflow/example_dags/example_python_operator.py for tasks to queue
[2024-10-22T09:34:52.842+0000] {logging_mixin.py:190} INFO - [2024-10-22T09:34:52.839+0000] {dagbag.py:588} INFO - Filling up the DagBag from /home/airflow/.local/lib/python3.12/site-packages/airflow/example_dags/example_python_operator.py
[2024-10-22T09:34:52.879+0000] {processor.py:925} INFO - DAG(s) 'example_python_operator' retrieved from /home/airflow/.local/lib/python3.12/site-packages/airflow/example_dags/example_python_operator.py
[2024-10-22T09:34:52.928+0000] {logging_mixin.py:190} INFO - [2024-10-22T09:34:52.927+0000] {dag.py:3239} INFO - Sync 1 DAGs
[2024-10-22T09:34:52.973+0000] {logging_mixin.py:190} INFO - [2024-10-22T09:34:52.972+0000] {dag.py:4180} INFO - Setting next_dagrun for example_python_operator to None, run_after=None
[2024-10-22T09:34:53.186+0000] {processor.py:208} INFO - Processing /home/airflow/.local/lib/python3.12/site-packages/airflow/example_dags/example_python_operator.py took 0.373 seconds
[2024-10-22T09:35:23.492+0000] {processor.py:186} INFO - Started process (PID=1413) to work on /home/airflow/.local/lib/python3.12/site-packages/airflow/example_dags/example_python_operator.py
[2024-10-22T09:35:23.499+0000] {processor.py:914} INFO - Processing file /home/airflow/.local/lib/python3.12/site-packages/airflow/example_dags/example_python_operator.py for tasks to queue
[2024-10-22T09:35:23.506+0000] {logging_mixin.py:190} INFO - [2024-10-22T09:35:23.505+0000] {dagbag.py:588} INFO - Filling up the DagBag from /home/airflow/.local/lib/python3.12/site-packages/airflow/example_dags/example_python_operator.py
[2024-10-22T09:35:23.583+0000] {processor.py:925} INFO - DAG(s) 'example_python_operator' retrieved from /home/airflow/.local/lib/python3.12/site-packages/airflow/example_dags/example_python_operator.py
[2024-10-22T09:35:23.699+0000] {logging_mixin.py:190} INFO - [2024-10-22T09:35:23.698+0000] {dag.py:3239} INFO - Sync 1 DAGs
[2024-10-22T09:35:23.770+0000] {logging_mixin.py:190} INFO - [2024-10-22T09:35:23.770+0000] {dag.py:4180} INFO - Setting next_dagrun for example_python_operator to None, run_after=None
[2024-10-22T09:35:23.858+0000] {processor.py:208} INFO - Processing /home/airflow/.local/lib/python3.12/site-packages/airflow/example_dags/example_python_operator.py took 0.397 seconds
[2024-10-22T09:35:54.245+0000] {processor.py:186} INFO - Started process (PID=1475) to work on /home/airflow/.local/lib/python3.12/site-packages/airflow/example_dags/example_python_operator.py
[2024-10-22T09:35:54.248+0000] {processor.py:914} INFO - Processing file /home/airflow/.local/lib/python3.12/site-packages/airflow/example_dags/example_python_operator.py for tasks to queue
[2024-10-22T09:35:54.257+0000] {logging_mixin.py:190} INFO - [2024-10-22T09:35:54.256+0000] {dagbag.py:588} INFO - Filling up the DagBag from /home/airflow/.local/lib/python3.12/site-packages/airflow/example_dags/example_python_operator.py
[2024-10-22T09:35:54.345+0000] {processor.py:925} INFO - DAG(s) 'example_python_operator' retrieved from /home/airflow/.local/lib/python3.12/site-packages/airflow/example_dags/example_python_operator.py
[2024-10-22T09:35:54.405+0000] {logging_mixin.py:190} INFO - [2024-10-22T09:35:54.404+0000] {dag.py:3239} INFO - Sync 1 DAGs
[2024-10-22T09:35:54.478+0000] {logging_mixin.py:190} INFO - [2024-10-22T09:35:54.477+0000] {dag.py:4180} INFO - Setting next_dagrun for example_python_operator to None, run_after=None
[2024-10-22T09:35:54.548+0000] {processor.py:208} INFO - Processing /home/airflow/.local/lib/python3.12/site-packages/airflow/example_dags/example_python_operator.py took 0.326 seconds
[2024-10-22T09:36:24.834+0000] {processor.py:186} INFO - Started process (PID=1537) to work on /home/airflow/.local/lib/python3.12/site-packages/airflow/example_dags/example_python_operator.py
[2024-10-22T09:36:24.836+0000] {processor.py:914} INFO - Processing file /home/airflow/.local/lib/python3.12/site-packages/airflow/example_dags/example_python_operator.py for tasks to queue
[2024-10-22T09:36:24.841+0000] {logging_mixin.py:190} INFO - [2024-10-22T09:36:24.840+0000] {dagbag.py:588} INFO - Filling up the DagBag from /home/airflow/.local/lib/python3.12/site-packages/airflow/example_dags/example_python_operator.py
[2024-10-22T09:36:24.865+0000] {processor.py:925} INFO - DAG(s) 'example_python_operator' retrieved from /home/airflow/.local/lib/python3.12/site-packages/airflow/example_dags/example_python_operator.py
[2024-10-22T09:36:24.899+0000] {logging_mixin.py:190} INFO - [2024-10-22T09:36:24.898+0000] {dag.py:3239} INFO - Sync 1 DAGs
[2024-10-22T09:36:24.925+0000] {logging_mixin.py:190} INFO - [2024-10-22T09:36:24.925+0000] {dag.py:4180} INFO - Setting next_dagrun for example_python_operator to None, run_after=None
[2024-10-22T09:36:24.955+0000] {processor.py:208} INFO - Processing /home/airflow/.local/lib/python3.12/site-packages/airflow/example_dags/example_python_operator.py took 0.134 seconds
[2024-10-22T09:36:55.573+0000] {processor.py:186} INFO - Started process (PID=1600) to work on /home/airflow/.local/lib/python3.12/site-packages/airflow/example_dags/example_python_operator.py
[2024-10-22T09:36:55.575+0000] {processor.py:914} INFO - Processing file /home/airflow/.local/lib/python3.12/site-packages/airflow/example_dags/example_python_operator.py for tasks to queue
[2024-10-22T09:36:55.579+0000] {logging_mixin.py:190} INFO - [2024-10-22T09:36:55.579+0000] {dagbag.py:588} INFO - Filling up the DagBag from /home/airflow/.local/lib/python3.12/site-packages/airflow/example_dags/example_python_operator.py
[2024-10-22T09:36:55.602+0000] {processor.py:925} INFO - DAG(s) 'example_python_operator' retrieved from /home/airflow/.local/lib/python3.12/site-packages/airflow/example_dags/example_python_operator.py
[2024-10-22T09:36:55.640+0000] {logging_mixin.py:190} INFO - [2024-10-22T09:36:55.640+0000] {dag.py:3239} INFO - Sync 1 DAGs
[2024-10-22T09:36:55.669+0000] {logging_mixin.py:190} INFO - [2024-10-22T09:36:55.669+0000] {dag.py:4180} INFO - Setting next_dagrun for example_python_operator to None, run_after=None
[2024-10-22T09:36:55.707+0000] {processor.py:208} INFO - Processing /home/airflow/.local/lib/python3.12/site-packages/airflow/example_dags/example_python_operator.py took 0.149 seconds
[2024-10-22T09:37:26.087+0000] {processor.py:186} INFO - Started process (PID=1662) to work on /home/airflow/.local/lib/python3.12/site-packages/airflow/example_dags/example_python_operator.py
[2024-10-22T09:37:26.089+0000] {processor.py:914} INFO - Processing file /home/airflow/.local/lib/python3.12/site-packages/airflow/example_dags/example_python_operator.py for tasks to queue
[2024-10-22T09:37:26.094+0000] {logging_mixin.py:190} INFO - [2024-10-22T09:37:26.093+0000] {dagbag.py:588} INFO - Filling up the DagBag from /home/airflow/.local/lib/python3.12/site-packages/airflow/example_dags/example_python_operator.py
[2024-10-22T09:37:26.121+0000] {processor.py:925} INFO - DAG(s) 'example_python_operator' retrieved from /home/airflow/.local/lib/python3.12/site-packages/airflow/example_dags/example_python_operator.py
[2024-10-22T09:37:26.163+0000] {logging_mixin.py:190} INFO - [2024-10-22T09:37:26.163+0000] {dag.py:3239} INFO - Sync 1 DAGs
[2024-10-22T09:37:26.195+0000] {logging_mixin.py:190} INFO - [2024-10-22T09:37:26.195+0000] {dag.py:4180} INFO - Setting next_dagrun for example_python_operator to None, run_after=None
[2024-10-22T09:37:26.229+0000] {processor.py:208} INFO - Processing /home/airflow/.local/lib/python3.12/site-packages/airflow/example_dags/example_python_operator.py took 0.158 seconds
[2024-10-22T09:37:56.819+0000] {processor.py:186} INFO - Started process (PID=1724) to work on /home/airflow/.local/lib/python3.12/site-packages/airflow/example_dags/example_python_operator.py
[2024-10-22T09:37:56.821+0000] {processor.py:914} INFO - Processing file /home/airflow/.local/lib/python3.12/site-packages/airflow/example_dags/example_python_operator.py for tasks to queue
[2024-10-22T09:37:56.827+0000] {logging_mixin.py:190} INFO - [2024-10-22T09:37:56.826+0000] {dagbag.py:588} INFO - Filling up the DagBag from /home/airflow/.local/lib/python3.12/site-packages/airflow/example_dags/example_python_operator.py
[2024-10-22T09:37:56.858+0000] {processor.py:925} INFO - DAG(s) 'example_python_operator' retrieved from /home/airflow/.local/lib/python3.12/site-packages/airflow/example_dags/example_python_operator.py
[2024-10-22T09:37:56.901+0000] {logging_mixin.py:190} INFO - [2024-10-22T09:37:56.900+0000] {dag.py:3239} INFO - Sync 1 DAGs
[2024-10-22T09:37:56.941+0000] {logging_mixin.py:190} INFO - [2024-10-22T09:37:56.940+0000] {dag.py:4180} INFO - Setting next_dagrun for example_python_operator to None, run_after=None
[2024-10-22T09:37:56.995+0000] {processor.py:208} INFO - Processing /home/airflow/.local/lib/python3.12/site-packages/airflow/example_dags/example_python_operator.py took 0.186 seconds
[2024-10-22T09:38:27.524+0000] {processor.py:186} INFO - Started process (PID=1786) to work on /home/airflow/.local/lib/python3.12/site-packages/airflow/example_dags/example_python_operator.py
[2024-10-22T09:38:27.526+0000] {processor.py:914} INFO - Processing file /home/airflow/.local/lib/python3.12/site-packages/airflow/example_dags/example_python_operator.py for tasks to queue
[2024-10-22T09:38:27.534+0000] {logging_mixin.py:190} INFO - [2024-10-22T09:38:27.532+0000] {dagbag.py:588} INFO - Filling up the DagBag from /home/airflow/.local/lib/python3.12/site-packages/airflow/example_dags/example_python_operator.py
[2024-10-22T09:38:27.577+0000] {processor.py:925} INFO - DAG(s) 'example_python_operator' retrieved from /home/airflow/.local/lib/python3.12/site-packages/airflow/example_dags/example_python_operator.py
[2024-10-22T09:38:27.627+0000] {logging_mixin.py:190} INFO - [2024-10-22T09:38:27.627+0000] {dag.py:3239} INFO - Sync 1 DAGs
[2024-10-22T09:38:27.662+0000] {logging_mixin.py:190} INFO - [2024-10-22T09:38:27.662+0000] {dag.py:4180} INFO - Setting next_dagrun for example_python_operator to None, run_after=None
[2024-10-22T09:38:27.706+0000] {processor.py:208} INFO - Processing /home/airflow/.local/lib/python3.12/site-packages/airflow/example_dags/example_python_operator.py took 0.193 seconds
[2024-10-22T09:38:58.707+0000] {processor.py:186} INFO - Started process (PID=1848) to work on /home/airflow/.local/lib/python3.12/site-packages/airflow/example_dags/example_python_operator.py
[2024-10-22T09:38:58.716+0000] {processor.py:914} INFO - Processing file /home/airflow/.local/lib/python3.12/site-packages/airflow/example_dags/example_python_operator.py for tasks to queue
[2024-10-22T09:38:58.725+0000] {logging_mixin.py:190} INFO - [2024-10-22T09:38:58.724+0000] {dagbag.py:588} INFO - Filling up the DagBag from /home/airflow/.local/lib/python3.12/site-packages/airflow/example_dags/example_python_operator.py
[2024-10-22T09:38:58.790+0000] {processor.py:925} INFO - DAG(s) 'example_python_operator' retrieved from /home/airflow/.local/lib/python3.12/site-packages/airflow/example_dags/example_python_operator.py
[2024-10-22T09:38:59.041+0000] {logging_mixin.py:190} INFO - [2024-10-22T09:38:59.040+0000] {dag.py:3239} INFO - Sync 1 DAGs
[2024-10-22T09:38:59.118+0000] {logging_mixin.py:190} INFO - [2024-10-22T09:38:59.117+0000] {dag.py:4180} INFO - Setting next_dagrun for example_python_operator to None, run_after=None
[2024-10-22T09:38:59.369+0000] {processor.py:208} INFO - Processing /home/airflow/.local/lib/python3.12/site-packages/airflow/example_dags/example_python_operator.py took 0.710 seconds
[2024-10-22T09:39:29.846+0000] {processor.py:186} INFO - Started process (PID=1911) to work on /home/airflow/.local/lib/python3.12/site-packages/airflow/example_dags/example_python_operator.py
[2024-10-22T09:39:29.848+0000] {processor.py:914} INFO - Processing file /home/airflow/.local/lib/python3.12/site-packages/airflow/example_dags/example_python_operator.py for tasks to queue
[2024-10-22T09:39:29.853+0000] {logging_mixin.py:190} INFO - [2024-10-22T09:39:29.852+0000] {dagbag.py:588} INFO - Filling up the DagBag from /home/airflow/.local/lib/python3.12/site-packages/airflow/example_dags/example_python_operator.py
[2024-10-22T09:39:29.880+0000] {processor.py:925} INFO - DAG(s) 'example_python_operator' retrieved from /home/airflow/.local/lib/python3.12/site-packages/airflow/example_dags/example_python_operator.py
[2024-10-22T09:39:29.922+0000] {logging_mixin.py:190} INFO - [2024-10-22T09:39:29.921+0000] {dag.py:3239} INFO - Sync 1 DAGs
[2024-10-22T09:39:29.948+0000] {logging_mixin.py:190} INFO - [2024-10-22T09:39:29.948+0000] {dag.py:4180} INFO - Setting next_dagrun for example_python_operator to None, run_after=None
[2024-10-22T09:39:29.980+0000] {processor.py:208} INFO - Processing /home/airflow/.local/lib/python3.12/site-packages/airflow/example_dags/example_python_operator.py took 0.147 seconds
[2024-10-22T09:40:01.131+0000] {processor.py:186} INFO - Started process (PID=1975) to work on /home/airflow/.local/lib/python3.12/site-packages/airflow/example_dags/example_python_operator.py
[2024-10-22T09:40:01.133+0000] {processor.py:914} INFO - Processing file /home/airflow/.local/lib/python3.12/site-packages/airflow/example_dags/example_python_operator.py for tasks to queue
[2024-10-22T09:40:01.137+0000] {logging_mixin.py:190} INFO - [2024-10-22T09:40:01.137+0000] {dagbag.py:588} INFO - Filling up the DagBag from /home/airflow/.local/lib/python3.12/site-packages/airflow/example_dags/example_python_operator.py
[2024-10-22T09:40:01.159+0000] {processor.py:925} INFO - DAG(s) 'example_python_operator' retrieved from /home/airflow/.local/lib/python3.12/site-packages/airflow/example_dags/example_python_operator.py
[2024-10-22T09:40:01.214+0000] {logging_mixin.py:190} INFO - [2024-10-22T09:40:01.214+0000] {dag.py:3239} INFO - Sync 1 DAGs
[2024-10-22T09:40:01.246+0000] {logging_mixin.py:190} INFO - [2024-10-22T09:40:01.246+0000] {dag.py:4180} INFO - Setting next_dagrun for example_python_operator to None, run_after=None
[2024-10-22T09:40:01.283+0000] {processor.py:208} INFO - Processing /home/airflow/.local/lib/python3.12/site-packages/airflow/example_dags/example_python_operator.py took 0.166 seconds
[2024-10-22T09:40:32.172+0000] {processor.py:186} INFO - Started process (PID=2037) to work on /home/airflow/.local/lib/python3.12/site-packages/airflow/example_dags/example_python_operator.py
[2024-10-22T09:40:32.174+0000] {processor.py:914} INFO - Processing file /home/airflow/.local/lib/python3.12/site-packages/airflow/example_dags/example_python_operator.py for tasks to queue
[2024-10-22T09:40:32.180+0000] {logging_mixin.py:190} INFO - [2024-10-22T09:40:32.179+0000] {dagbag.py:588} INFO - Filling up the DagBag from /home/airflow/.local/lib/python3.12/site-packages/airflow/example_dags/example_python_operator.py
[2024-10-22T09:40:32.205+0000] {processor.py:925} INFO - DAG(s) 'example_python_operator' retrieved from /home/airflow/.local/lib/python3.12/site-packages/airflow/example_dags/example_python_operator.py
[2024-10-22T09:40:32.249+0000] {logging_mixin.py:190} INFO - [2024-10-22T09:40:32.248+0000] {dag.py:3239} INFO - Sync 1 DAGs
[2024-10-22T09:40:32.279+0000] {logging_mixin.py:190} INFO - [2024-10-22T09:40:32.278+0000] {dag.py:4180} INFO - Setting next_dagrun for example_python_operator to None, run_after=None
[2024-10-22T09:40:32.323+0000] {processor.py:208} INFO - Processing /home/airflow/.local/lib/python3.12/site-packages/airflow/example_dags/example_python_operator.py took 0.164 seconds
[2024-10-22T09:41:02.919+0000] {processor.py:186} INFO - Started process (PID=2099) to work on /home/airflow/.local/lib/python3.12/site-packages/airflow/example_dags/example_python_operator.py
[2024-10-22T09:41:02.922+0000] {processor.py:914} INFO - Processing file /home/airflow/.local/lib/python3.12/site-packages/airflow/example_dags/example_python_operator.py for tasks to queue
[2024-10-22T09:41:02.928+0000] {logging_mixin.py:190} INFO - [2024-10-22T09:41:02.927+0000] {dagbag.py:588} INFO - Filling up the DagBag from /home/airflow/.local/lib/python3.12/site-packages/airflow/example_dags/example_python_operator.py
[2024-10-22T09:41:02.964+0000] {processor.py:925} INFO - DAG(s) 'example_python_operator' retrieved from /home/airflow/.local/lib/python3.12/site-packages/airflow/example_dags/example_python_operator.py
[2024-10-22T09:41:03.017+0000] {logging_mixin.py:190} INFO - [2024-10-22T09:41:03.016+0000] {dag.py:3239} INFO - Sync 1 DAGs
[2024-10-22T09:41:03.084+0000] {logging_mixin.py:190} INFO - [2024-10-22T09:41:03.076+0000] {dag.py:4180} INFO - Setting next_dagrun for example_python_operator to None, run_after=None
[2024-10-22T09:41:03.139+0000] {processor.py:208} INFO - Processing /home/airflow/.local/lib/python3.12/site-packages/airflow/example_dags/example_python_operator.py took 0.236 seconds
[2024-10-22T09:41:33.444+0000] {processor.py:186} INFO - Started process (PID=2161) to work on /home/airflow/.local/lib/python3.12/site-packages/airflow/example_dags/example_python_operator.py
[2024-10-22T09:41:33.447+0000] {processor.py:914} INFO - Processing file /home/airflow/.local/lib/python3.12/site-packages/airflow/example_dags/example_python_operator.py for tasks to queue
[2024-10-22T09:41:33.452+0000] {logging_mixin.py:190} INFO - [2024-10-22T09:41:33.452+0000] {dagbag.py:588} INFO - Filling up the DagBag from /home/airflow/.local/lib/python3.12/site-packages/airflow/example_dags/example_python_operator.py
[2024-10-22T09:41:33.475+0000] {processor.py:925} INFO - DAG(s) 'example_python_operator' retrieved from /home/airflow/.local/lib/python3.12/site-packages/airflow/example_dags/example_python_operator.py
[2024-10-22T09:41:33.529+0000] {logging_mixin.py:190} INFO - [2024-10-22T09:41:33.529+0000] {dag.py:3239} INFO - Sync 1 DAGs
[2024-10-22T09:41:33.562+0000] {logging_mixin.py:190} INFO - [2024-10-22T09:41:33.561+0000] {dag.py:4180} INFO - Setting next_dagrun for example_python_operator to None, run_after=None
[2024-10-22T09:41:33.593+0000] {processor.py:208} INFO - Processing /home/airflow/.local/lib/python3.12/site-packages/airflow/example_dags/example_python_operator.py took 0.164 seconds
[2024-10-22T09:42:03.992+0000] {processor.py:186} INFO - Started process (PID=2229) to work on /home/airflow/.local/lib/python3.12/site-packages/airflow/example_dags/example_python_operator.py
[2024-10-22T09:42:03.994+0000] {processor.py:914} INFO - Processing file /home/airflow/.local/lib/python3.12/site-packages/airflow/example_dags/example_python_operator.py for tasks to queue
[2024-10-22T09:42:04.001+0000] {logging_mixin.py:190} INFO - [2024-10-22T09:42:04.000+0000] {dagbag.py:588} INFO - Filling up the DagBag from /home/airflow/.local/lib/python3.12/site-packages/airflow/example_dags/example_python_operator.py
[2024-10-22T09:42:04.034+0000] {processor.py:925} INFO - DAG(s) 'example_python_operator' retrieved from /home/airflow/.local/lib/python3.12/site-packages/airflow/example_dags/example_python_operator.py
[2024-10-22T09:42:04.091+0000] {logging_mixin.py:190} INFO - [2024-10-22T09:42:04.090+0000] {dag.py:3239} INFO - Sync 1 DAGs
[2024-10-22T09:42:04.126+0000] {logging_mixin.py:190} INFO - [2024-10-22T09:42:04.126+0000] {dag.py:4180} INFO - Setting next_dagrun for example_python_operator to None, run_after=None
[2024-10-22T09:42:04.174+0000] {processor.py:208} INFO - Processing /home/airflow/.local/lib/python3.12/site-packages/airflow/example_dags/example_python_operator.py took 0.196 seconds
[2024-10-22T09:42:34.489+0000] {processor.py:186} INFO - Started process (PID=2291) to work on /home/airflow/.local/lib/python3.12/site-packages/airflow/example_dags/example_python_operator.py
[2024-10-22T09:42:34.491+0000] {processor.py:914} INFO - Processing file /home/airflow/.local/lib/python3.12/site-packages/airflow/example_dags/example_python_operator.py for tasks to queue
[2024-10-22T09:42:34.496+0000] {logging_mixin.py:190} INFO - [2024-10-22T09:42:34.496+0000] {dagbag.py:588} INFO - Filling up the DagBag from /home/airflow/.local/lib/python3.12/site-packages/airflow/example_dags/example_python_operator.py
[2024-10-22T09:42:34.519+0000] {processor.py:925} INFO - DAG(s) 'example_python_operator' retrieved from /home/airflow/.local/lib/python3.12/site-packages/airflow/example_dags/example_python_operator.py
[2024-10-22T09:42:34.562+0000] {logging_mixin.py:190} INFO - [2024-10-22T09:42:34.562+0000] {dag.py:3239} INFO - Sync 1 DAGs
[2024-10-22T09:42:34.595+0000] {logging_mixin.py:190} INFO - [2024-10-22T09:42:34.595+0000] {dag.py:4180} INFO - Setting next_dagrun for example_python_operator to None, run_after=None
[2024-10-22T09:42:34.634+0000] {processor.py:208} INFO - Processing /home/airflow/.local/lib/python3.12/site-packages/airflow/example_dags/example_python_operator.py took 0.157 seconds
[2024-10-22T09:43:06.085+0000] {processor.py:186} INFO - Started process (PID=2353) to work on /home/airflow/.local/lib/python3.12/site-packages/airflow/example_dags/example_python_operator.py
[2024-10-22T09:43:06.091+0000] {processor.py:914} INFO - Processing file /home/airflow/.local/lib/python3.12/site-packages/airflow/example_dags/example_python_operator.py for tasks to queue
[2024-10-22T09:43:06.098+0000] {logging_mixin.py:190} INFO - [2024-10-22T09:43:06.098+0000] {dagbag.py:588} INFO - Filling up the DagBag from /home/airflow/.local/lib/python3.12/site-packages/airflow/example_dags/example_python_operator.py
[2024-10-22T09:43:06.200+0000] {processor.py:925} INFO - DAG(s) 'example_python_operator' retrieved from /home/airflow/.local/lib/python3.12/site-packages/airflow/example_dags/example_python_operator.py
[2024-10-22T09:43:06.384+0000] {logging_mixin.py:190} INFO - [2024-10-22T09:43:06.383+0000] {dag.py:3239} INFO - Sync 1 DAGs
[2024-10-22T09:43:06.606+0000] {logging_mixin.py:190} INFO - [2024-10-22T09:43:06.605+0000] {dag.py:4180} INFO - Setting next_dagrun for example_python_operator to None, run_after=None
[2024-10-22T09:43:06.679+0000] {processor.py:208} INFO - Processing /home/airflow/.local/lib/python3.12/site-packages/airflow/example_dags/example_python_operator.py took 0.626 seconds
[2024-10-22T09:43:36.948+0000] {processor.py:186} INFO - Started process (PID=2415) to work on /home/airflow/.local/lib/python3.12/site-packages/airflow/example_dags/example_python_operator.py
[2024-10-22T09:43:36.950+0000] {processor.py:914} INFO - Processing file /home/airflow/.local/lib/python3.12/site-packages/airflow/example_dags/example_python_operator.py for tasks to queue
[2024-10-22T09:43:36.955+0000] {logging_mixin.py:190} INFO - [2024-10-22T09:43:36.954+0000] {dagbag.py:588} INFO - Filling up the DagBag from /home/airflow/.local/lib/python3.12/site-packages/airflow/example_dags/example_python_operator.py
[2024-10-22T09:43:36.976+0000] {processor.py:925} INFO - DAG(s) 'example_python_operator' retrieved from /home/airflow/.local/lib/python3.12/site-packages/airflow/example_dags/example_python_operator.py
[2024-10-22T09:43:37.015+0000] {logging_mixin.py:190} INFO - [2024-10-22T09:43:37.015+0000] {dag.py:3239} INFO - Sync 1 DAGs
[2024-10-22T09:43:37.042+0000] {logging_mixin.py:190} INFO - [2024-10-22T09:43:37.041+0000] {dag.py:4180} INFO - Setting next_dagrun for example_python_operator to None, run_after=None
[2024-10-22T09:43:37.083+0000] {processor.py:208} INFO - Processing /home/airflow/.local/lib/python3.12/site-packages/airflow/example_dags/example_python_operator.py took 0.148 seconds
[2024-10-22T09:44:09.021+0000] {processor.py:186} INFO - Started process (PID=2479) to work on /home/airflow/.local/lib/python3.12/site-packages/airflow/example_dags/example_python_operator.py
[2024-10-22T09:44:09.023+0000] {processor.py:914} INFO - Processing file /home/airflow/.local/lib/python3.12/site-packages/airflow/example_dags/example_python_operator.py for tasks to queue
[2024-10-22T09:44:09.030+0000] {logging_mixin.py:190} INFO - [2024-10-22T09:44:09.029+0000] {dagbag.py:588} INFO - Filling up the DagBag from /home/airflow/.local/lib/python3.12/site-packages/airflow/example_dags/example_python_operator.py
[2024-10-22T09:44:09.059+0000] {processor.py:925} INFO - DAG(s) 'example_python_operator' retrieved from /home/airflow/.local/lib/python3.12/site-packages/airflow/example_dags/example_python_operator.py
[2024-10-22T09:44:09.103+0000] {logging_mixin.py:190} INFO - [2024-10-22T09:44:09.102+0000] {dag.py:3239} INFO - Sync 1 DAGs
[2024-10-22T09:44:09.129+0000] {logging_mixin.py:190} INFO - [2024-10-22T09:44:09.128+0000] {dag.py:4180} INFO - Setting next_dagrun for example_python_operator to None, run_after=None
[2024-10-22T09:44:09.171+0000] {processor.py:208} INFO - Processing /home/airflow/.local/lib/python3.12/site-packages/airflow/example_dags/example_python_operator.py took 0.167 seconds
