[2024-10-22T09:23:27.480+0000] {processor.py:186} INFO - Started process (PID=89) to work on /home/airflow/.local/lib/python3.12/site-packages/airflow/example_dags/example_nested_branch_dag.py
[2024-10-22T09:23:27.482+0000] {processor.py:914} INFO - Processing file /home/airflow/.local/lib/python3.12/site-packages/airflow/example_dags/example_nested_branch_dag.py for tasks to queue
[2024-10-22T09:23:27.499+0000] {logging_mixin.py:190} INFO - [2024-10-22T09:23:27.499+0000] {dagbag.py:588} INFO - Filling up the DagBag from /home/airflow/.local/lib/python3.12/site-packages/airflow/example_dags/example_nested_branch_dag.py
[2024-10-22T09:23:27.714+0000] {processor.py:925} INFO - DAG(s) 'example_nested_branch_dag' retrieved from /home/airflow/.local/lib/python3.12/site-packages/airflow/example_dags/example_nested_branch_dag.py
[2024-10-22T09:23:27.922+0000] {logging_mixin.py:190} INFO - [2024-10-22T09:23:27.922+0000] {dag.py:3239} INFO - Sync 1 DAGs
[2024-10-22T09:23:28.090+0000] {logging_mixin.py:190} INFO - [2024-10-22T09:23:28.090+0000] {dag.py:4180} INFO - Setting next_dagrun for example_nested_branch_dag to 2024-10-21 00:00:00+00:00, run_after=2024-10-22 00:00:00+00:00
[2024-10-22T09:23:28.209+0000] {processor.py:208} INFO - Processing /home/airflow/.local/lib/python3.12/site-packages/airflow/example_dags/example_nested_branch_dag.py took 0.778 seconds
[2024-10-22T09:24:19.268+0000] {processor.py:186} INFO - Started process (PID=168) to work on /home/airflow/.local/lib/python3.12/site-packages/airflow/example_dags/example_nested_branch_dag.py
[2024-10-22T09:24:19.270+0000] {processor.py:914} INFO - Processing file /home/airflow/.local/lib/python3.12/site-packages/airflow/example_dags/example_nested_branch_dag.py for tasks to queue
[2024-10-22T09:24:19.277+0000] {logging_mixin.py:190} INFO - [2024-10-22T09:24:19.276+0000] {dagbag.py:588} INFO - Filling up the DagBag from /home/airflow/.local/lib/python3.12/site-packages/airflow/example_dags/example_nested_branch_dag.py
[2024-10-22T09:24:19.301+0000] {processor.py:925} INFO - DAG(s) 'example_nested_branch_dag' retrieved from /home/airflow/.local/lib/python3.12/site-packages/airflow/example_dags/example_nested_branch_dag.py
[2024-10-22T09:24:19.343+0000] {logging_mixin.py:190} INFO - [2024-10-22T09:24:19.342+0000] {dag.py:3239} INFO - Sync 1 DAGs
[2024-10-22T09:24:19.391+0000] {logging_mixin.py:190} INFO - [2024-10-22T09:24:19.391+0000] {dag.py:4180} INFO - Setting next_dagrun for example_nested_branch_dag to 2024-10-21 00:00:00+00:00, run_after=2024-10-22 00:00:00+00:00
[2024-10-22T09:24:19.779+0000] {processor.py:208} INFO - Processing /home/airflow/.local/lib/python3.12/site-packages/airflow/example_dags/example_nested_branch_dag.py took 0.524 seconds
[2024-10-22T09:24:53.946+0000] {processor.py:186} INFO - Started process (PID=230) to work on /home/airflow/.local/lib/python3.12/site-packages/airflow/example_dags/example_nested_branch_dag.py
[2024-10-22T09:24:53.950+0000] {processor.py:914} INFO - Processing file /home/airflow/.local/lib/python3.12/site-packages/airflow/example_dags/example_nested_branch_dag.py for tasks to queue
[2024-10-22T09:24:53.956+0000] {logging_mixin.py:190} INFO - [2024-10-22T09:24:53.955+0000] {dagbag.py:588} INFO - Filling up the DagBag from /home/airflow/.local/lib/python3.12/site-packages/airflow/example_dags/example_nested_branch_dag.py
[2024-10-22T09:24:54.034+0000] {processor.py:925} INFO - DAG(s) 'example_nested_branch_dag' retrieved from /home/airflow/.local/lib/python3.12/site-packages/airflow/example_dags/example_nested_branch_dag.py
[2024-10-22T09:24:54.137+0000] {logging_mixin.py:190} INFO - [2024-10-22T09:24:54.136+0000] {dag.py:3239} INFO - Sync 1 DAGs
[2024-10-22T09:24:54.319+0000] {logging_mixin.py:190} INFO - [2024-10-22T09:24:54.308+0000] {dag.py:4180} INFO - Setting next_dagrun for example_nested_branch_dag to 2024-10-21 00:00:00+00:00, run_after=2024-10-22 00:00:00+00:00
[2024-10-22T09:24:54.450+0000] {processor.py:208} INFO - Processing /home/airflow/.local/lib/python3.12/site-packages/airflow/example_dags/example_nested_branch_dag.py took 0.554 seconds
[2024-10-22T09:25:30.523+0000] {processor.py:186} INFO - Started process (PID=292) to work on /home/airflow/.local/lib/python3.12/site-packages/airflow/example_dags/example_nested_branch_dag.py
[2024-10-22T09:25:30.538+0000] {processor.py:914} INFO - Processing file /home/airflow/.local/lib/python3.12/site-packages/airflow/example_dags/example_nested_branch_dag.py for tasks to queue
[2024-10-22T09:25:30.557+0000] {logging_mixin.py:190} INFO - [2024-10-22T09:25:30.556+0000] {dagbag.py:588} INFO - Filling up the DagBag from /home/airflow/.local/lib/python3.12/site-packages/airflow/example_dags/example_nested_branch_dag.py
[2024-10-22T09:25:30.701+0000] {processor.py:925} INFO - DAG(s) 'example_nested_branch_dag' retrieved from /home/airflow/.local/lib/python3.12/site-packages/airflow/example_dags/example_nested_branch_dag.py
[2024-10-22T09:25:30.928+0000] {logging_mixin.py:190} INFO - [2024-10-22T09:25:30.928+0000] {dag.py:3239} INFO - Sync 1 DAGs
[2024-10-22T09:25:31.177+0000] {logging_mixin.py:190} INFO - [2024-10-22T09:25:31.177+0000] {dag.py:4180} INFO - Setting next_dagrun for example_nested_branch_dag to 2024-10-21 00:00:00+00:00, run_after=2024-10-22 00:00:00+00:00
[2024-10-22T09:25:31.411+0000] {processor.py:208} INFO - Processing /home/airflow/.local/lib/python3.12/site-packages/airflow/example_dags/example_nested_branch_dag.py took 0.952 seconds
[2024-10-22T09:26:01.840+0000] {processor.py:186} INFO - Started process (PID=354) to work on /home/airflow/.local/lib/python3.12/site-packages/airflow/example_dags/example_nested_branch_dag.py
[2024-10-22T09:26:01.843+0000] {processor.py:914} INFO - Processing file /home/airflow/.local/lib/python3.12/site-packages/airflow/example_dags/example_nested_branch_dag.py for tasks to queue
[2024-10-22T09:26:01.857+0000] {logging_mixin.py:190} INFO - [2024-10-22T09:26:01.854+0000] {dagbag.py:588} INFO - Filling up the DagBag from /home/airflow/.local/lib/python3.12/site-packages/airflow/example_dags/example_nested_branch_dag.py
[2024-10-22T09:26:01.900+0000] {processor.py:925} INFO - DAG(s) 'example_nested_branch_dag' retrieved from /home/airflow/.local/lib/python3.12/site-packages/airflow/example_dags/example_nested_branch_dag.py
[2024-10-22T09:26:02.055+0000] {logging_mixin.py:190} INFO - [2024-10-22T09:26:02.054+0000] {dag.py:3239} INFO - Sync 1 DAGs
[2024-10-22T09:26:02.279+0000] {logging_mixin.py:190} INFO - [2024-10-22T09:26:02.278+0000] {dag.py:4180} INFO - Setting next_dagrun for example_nested_branch_dag to 2024-10-21 00:00:00+00:00, run_after=2024-10-22 00:00:00+00:00
[2024-10-22T09:26:02.362+0000] {processor.py:208} INFO - Processing /home/airflow/.local/lib/python3.12/site-packages/airflow/example_dags/example_nested_branch_dag.py took 0.551 seconds
[2024-10-22T09:26:32.976+0000] {processor.py:186} INFO - Started process (PID=417) to work on /home/airflow/.local/lib/python3.12/site-packages/airflow/example_dags/example_nested_branch_dag.py
[2024-10-22T09:26:32.981+0000] {processor.py:914} INFO - Processing file /home/airflow/.local/lib/python3.12/site-packages/airflow/example_dags/example_nested_branch_dag.py for tasks to queue
[2024-10-22T09:26:32.994+0000] {logging_mixin.py:190} INFO - [2024-10-22T09:26:32.992+0000] {dagbag.py:588} INFO - Filling up the DagBag from /home/airflow/.local/lib/python3.12/site-packages/airflow/example_dags/example_nested_branch_dag.py
[2024-10-22T09:26:33.041+0000] {processor.py:925} INFO - DAG(s) 'example_nested_branch_dag' retrieved from /home/airflow/.local/lib/python3.12/site-packages/airflow/example_dags/example_nested_branch_dag.py
[2024-10-22T09:26:33.214+0000] {logging_mixin.py:190} INFO - [2024-10-22T09:26:33.214+0000] {dag.py:3239} INFO - Sync 1 DAGs
[2024-10-22T09:26:33.330+0000] {logging_mixin.py:190} INFO - [2024-10-22T09:26:33.329+0000] {dag.py:4180} INFO - Setting next_dagrun for example_nested_branch_dag to 2024-10-21 00:00:00+00:00, run_after=2024-10-22 00:00:00+00:00
[2024-10-22T09:26:33.460+0000] {processor.py:208} INFO - Processing /home/airflow/.local/lib/python3.12/site-packages/airflow/example_dags/example_nested_branch_dag.py took 0.511 seconds
[2024-10-22T09:27:10.519+0000] {processor.py:186} INFO - Started process (PID=479) to work on /home/airflow/.local/lib/python3.12/site-packages/airflow/example_dags/example_nested_branch_dag.py
[2024-10-22T09:27:10.534+0000] {processor.py:914} INFO - Processing file /home/airflow/.local/lib/python3.12/site-packages/airflow/example_dags/example_nested_branch_dag.py for tasks to queue
[2024-10-22T09:27:10.555+0000] {logging_mixin.py:190} INFO - [2024-10-22T09:27:10.545+0000] {dagbag.py:588} INFO - Filling up the DagBag from /home/airflow/.local/lib/python3.12/site-packages/airflow/example_dags/example_nested_branch_dag.py
[2024-10-22T09:27:10.633+0000] {processor.py:925} INFO - DAG(s) 'example_nested_branch_dag' retrieved from /home/airflow/.local/lib/python3.12/site-packages/airflow/example_dags/example_nested_branch_dag.py
[2024-10-22T09:27:10.833+0000] {logging_mixin.py:190} INFO - [2024-10-22T09:27:10.833+0000] {dag.py:3239} INFO - Sync 1 DAGs
[2024-10-22T09:27:11.090+0000] {logging_mixin.py:190} INFO - [2024-10-22T09:27:11.090+0000] {dag.py:4180} INFO - Setting next_dagrun for example_nested_branch_dag to 2024-10-21 00:00:00+00:00, run_after=2024-10-22 00:00:00+00:00
[2024-10-22T09:27:11.667+0000] {processor.py:208} INFO - Processing /home/airflow/.local/lib/python3.12/site-packages/airflow/example_dags/example_nested_branch_dag.py took 1.187 seconds
[2024-10-22T09:27:41.966+0000] {processor.py:186} INFO - Started process (PID=540) to work on /home/airflow/.local/lib/python3.12/site-packages/airflow/example_dags/example_nested_branch_dag.py
[2024-10-22T09:27:41.968+0000] {processor.py:914} INFO - Processing file /home/airflow/.local/lib/python3.12/site-packages/airflow/example_dags/example_nested_branch_dag.py for tasks to queue
[2024-10-22T09:27:41.974+0000] {logging_mixin.py:190} INFO - [2024-10-22T09:27:41.973+0000] {dagbag.py:588} INFO - Filling up the DagBag from /home/airflow/.local/lib/python3.12/site-packages/airflow/example_dags/example_nested_branch_dag.py
[2024-10-22T09:27:42.008+0000] {processor.py:925} INFO - DAG(s) 'example_nested_branch_dag' retrieved from /home/airflow/.local/lib/python3.12/site-packages/airflow/example_dags/example_nested_branch_dag.py
[2024-10-22T09:27:42.046+0000] {logging_mixin.py:190} INFO - [2024-10-22T09:27:42.045+0000] {dag.py:3239} INFO - Sync 1 DAGs
[2024-10-22T09:27:42.100+0000] {logging_mixin.py:190} INFO - [2024-10-22T09:27:42.099+0000] {dag.py:4180} INFO - Setting next_dagrun for example_nested_branch_dag to 2024-10-21 00:00:00+00:00, run_after=2024-10-22 00:00:00+00:00
[2024-10-22T09:27:42.174+0000] {processor.py:208} INFO - Processing /home/airflow/.local/lib/python3.12/site-packages/airflow/example_dags/example_nested_branch_dag.py took 0.221 seconds
[2024-10-22T09:28:12.711+0000] {processor.py:186} INFO - Started process (PID=602) to work on /home/airflow/.local/lib/python3.12/site-packages/airflow/example_dags/example_nested_branch_dag.py
[2024-10-22T09:28:12.713+0000] {processor.py:914} INFO - Processing file /home/airflow/.local/lib/python3.12/site-packages/airflow/example_dags/example_nested_branch_dag.py for tasks to queue
[2024-10-22T09:28:12.719+0000] {logging_mixin.py:190} INFO - [2024-10-22T09:28:12.718+0000] {dagbag.py:588} INFO - Filling up the DagBag from /home/airflow/.local/lib/python3.12/site-packages/airflow/example_dags/example_nested_branch_dag.py
[2024-10-22T09:28:12.743+0000] {processor.py:925} INFO - DAG(s) 'example_nested_branch_dag' retrieved from /home/airflow/.local/lib/python3.12/site-packages/airflow/example_dags/example_nested_branch_dag.py
[2024-10-22T09:28:12.796+0000] {logging_mixin.py:190} INFO - [2024-10-22T09:28:12.796+0000] {dag.py:3239} INFO - Sync 1 DAGs
[2024-10-22T09:28:12.852+0000] {logging_mixin.py:190} INFO - [2024-10-22T09:28:12.852+0000] {dag.py:4180} INFO - Setting next_dagrun for example_nested_branch_dag to 2024-10-21 00:00:00+00:00, run_after=2024-10-22 00:00:00+00:00
[2024-10-22T09:28:12.910+0000] {processor.py:208} INFO - Processing /home/airflow/.local/lib/python3.12/site-packages/airflow/example_dags/example_nested_branch_dag.py took 0.213 seconds
[2024-10-22T09:28:43.015+0000] {processor.py:186} INFO - Started process (PID=663) to work on /home/airflow/.local/lib/python3.12/site-packages/airflow/example_dags/example_nested_branch_dag.py
[2024-10-22T09:28:43.017+0000] {processor.py:914} INFO - Processing file /home/airflow/.local/lib/python3.12/site-packages/airflow/example_dags/example_nested_branch_dag.py for tasks to queue
[2024-10-22T09:28:43.021+0000] {logging_mixin.py:190} INFO - [2024-10-22T09:28:43.021+0000] {dagbag.py:588} INFO - Filling up the DagBag from /home/airflow/.local/lib/python3.12/site-packages/airflow/example_dags/example_nested_branch_dag.py
[2024-10-22T09:28:43.041+0000] {processor.py:925} INFO - DAG(s) 'example_nested_branch_dag' retrieved from /home/airflow/.local/lib/python3.12/site-packages/airflow/example_dags/example_nested_branch_dag.py
[2024-10-22T09:28:43.081+0000] {logging_mixin.py:190} INFO - [2024-10-22T09:28:43.080+0000] {dag.py:3239} INFO - Sync 1 DAGs
[2024-10-22T09:28:43.132+0000] {logging_mixin.py:190} INFO - [2024-10-22T09:28:43.132+0000] {dag.py:4180} INFO - Setting next_dagrun for example_nested_branch_dag to 2024-10-21 00:00:00+00:00, run_after=2024-10-22 00:00:00+00:00
[2024-10-22T09:28:43.185+0000] {processor.py:208} INFO - Processing /home/airflow/.local/lib/python3.12/site-packages/airflow/example_dags/example_nested_branch_dag.py took 0.181 seconds
[2024-10-22T09:29:17.065+0000] {processor.py:186} INFO - Started process (PID=726) to work on /home/airflow/.local/lib/python3.12/site-packages/airflow/example_dags/example_nested_branch_dag.py
[2024-10-22T09:29:17.068+0000] {processor.py:914} INFO - Processing file /home/airflow/.local/lib/python3.12/site-packages/airflow/example_dags/example_nested_branch_dag.py for tasks to queue
[2024-10-22T09:29:17.097+0000] {logging_mixin.py:190} INFO - [2024-10-22T09:29:17.096+0000] {dagbag.py:588} INFO - Filling up the DagBag from /home/airflow/.local/lib/python3.12/site-packages/airflow/example_dags/example_nested_branch_dag.py
[2024-10-22T09:29:17.188+0000] {processor.py:925} INFO - DAG(s) 'example_nested_branch_dag' retrieved from /home/airflow/.local/lib/python3.12/site-packages/airflow/example_dags/example_nested_branch_dag.py
[2024-10-22T09:29:17.310+0000] {logging_mixin.py:190} INFO - [2024-10-22T09:29:17.309+0000] {dag.py:3239} INFO - Sync 1 DAGs
[2024-10-22T09:29:17.597+0000] {logging_mixin.py:190} INFO - [2024-10-22T09:29:17.596+0000] {dag.py:4180} INFO - Setting next_dagrun for example_nested_branch_dag to 2024-10-21 00:00:00+00:00, run_after=2024-10-22 00:00:00+00:00
[2024-10-22T09:29:17.794+0000] {processor.py:208} INFO - Processing /home/airflow/.local/lib/python3.12/site-packages/airflow/example_dags/example_nested_branch_dag.py took 0.765 seconds
[2024-10-22T09:29:48.266+0000] {processor.py:186} INFO - Started process (PID=789) to work on /home/airflow/.local/lib/python3.12/site-packages/airflow/example_dags/example_nested_branch_dag.py
[2024-10-22T09:29:48.268+0000] {processor.py:914} INFO - Processing file /home/airflow/.local/lib/python3.12/site-packages/airflow/example_dags/example_nested_branch_dag.py for tasks to queue
[2024-10-22T09:29:48.276+0000] {logging_mixin.py:190} INFO - [2024-10-22T09:29:48.275+0000] {dagbag.py:588} INFO - Filling up the DagBag from /home/airflow/.local/lib/python3.12/site-packages/airflow/example_dags/example_nested_branch_dag.py
[2024-10-22T09:29:48.298+0000] {processor.py:925} INFO - DAG(s) 'example_nested_branch_dag' retrieved from /home/airflow/.local/lib/python3.12/site-packages/airflow/example_dags/example_nested_branch_dag.py
[2024-10-22T09:29:48.362+0000] {logging_mixin.py:190} INFO - [2024-10-22T09:29:48.362+0000] {dag.py:3239} INFO - Sync 1 DAGs
[2024-10-22T09:29:48.447+0000] {logging_mixin.py:190} INFO - [2024-10-22T09:29:48.447+0000] {dag.py:4180} INFO - Setting next_dagrun for example_nested_branch_dag to 2024-10-21 00:00:00+00:00, run_after=2024-10-22 00:00:00+00:00
[2024-10-22T09:29:48.494+0000] {processor.py:208} INFO - Processing /home/airflow/.local/lib/python3.12/site-packages/airflow/example_dags/example_nested_branch_dag.py took 0.240 seconds
[2024-10-22T09:30:18.572+0000] {processor.py:186} INFO - Started process (PID=850) to work on /home/airflow/.local/lib/python3.12/site-packages/airflow/example_dags/example_nested_branch_dag.py
[2024-10-22T09:30:18.574+0000] {processor.py:914} INFO - Processing file /home/airflow/.local/lib/python3.12/site-packages/airflow/example_dags/example_nested_branch_dag.py for tasks to queue
[2024-10-22T09:30:18.579+0000] {logging_mixin.py:190} INFO - [2024-10-22T09:30:18.578+0000] {dagbag.py:588} INFO - Filling up the DagBag from /home/airflow/.local/lib/python3.12/site-packages/airflow/example_dags/example_nested_branch_dag.py
[2024-10-22T09:30:18.601+0000] {processor.py:925} INFO - DAG(s) 'example_nested_branch_dag' retrieved from /home/airflow/.local/lib/python3.12/site-packages/airflow/example_dags/example_nested_branch_dag.py
[2024-10-22T09:30:18.646+0000] {logging_mixin.py:190} INFO - [2024-10-22T09:30:18.646+0000] {dag.py:3239} INFO - Sync 1 DAGs
[2024-10-22T09:30:18.714+0000] {logging_mixin.py:190} INFO - [2024-10-22T09:30:18.713+0000] {dag.py:4180} INFO - Setting next_dagrun for example_nested_branch_dag to 2024-10-21 00:00:00+00:00, run_after=2024-10-22 00:00:00+00:00
[2024-10-22T09:30:18.778+0000] {processor.py:208} INFO - Processing /home/airflow/.local/lib/python3.12/site-packages/airflow/example_dags/example_nested_branch_dag.py took 0.218 seconds
[2024-10-22T09:30:54.863+0000] {processor.py:186} INFO - Started process (PID=914) to work on /home/airflow/.local/lib/python3.12/site-packages/airflow/example_dags/example_nested_branch_dag.py
[2024-10-22T09:30:54.868+0000] {processor.py:914} INFO - Processing file /home/airflow/.local/lib/python3.12/site-packages/airflow/example_dags/example_nested_branch_dag.py for tasks to queue
[2024-10-22T09:30:54.876+0000] {logging_mixin.py:190} INFO - [2024-10-22T09:30:54.875+0000] {dagbag.py:588} INFO - Filling up the DagBag from /home/airflow/.local/lib/python3.12/site-packages/airflow/example_dags/example_nested_branch_dag.py
[2024-10-22T09:30:54.980+0000] {processor.py:925} INFO - DAG(s) 'example_nested_branch_dag' retrieved from /home/airflow/.local/lib/python3.12/site-packages/airflow/example_dags/example_nested_branch_dag.py
[2024-10-22T09:30:55.168+0000] {logging_mixin.py:190} INFO - [2024-10-22T09:30:55.167+0000] {dag.py:3239} INFO - Sync 1 DAGs
[2024-10-22T09:30:55.323+0000] {logging_mixin.py:190} INFO - [2024-10-22T09:30:55.322+0000] {dag.py:4180} INFO - Setting next_dagrun for example_nested_branch_dag to 2024-10-21 00:00:00+00:00, run_after=2024-10-22 00:00:00+00:00
[2024-10-22T09:30:55.375+0000] {processor.py:208} INFO - Processing /home/airflow/.local/lib/python3.12/site-packages/airflow/example_dags/example_nested_branch_dag.py took 0.563 seconds
[2024-10-22T09:31:32.579+0000] {processor.py:186} INFO - Started process (PID=983) to work on /home/airflow/.local/lib/python3.12/site-packages/airflow/example_dags/example_nested_branch_dag.py
[2024-10-22T09:31:32.593+0000] {processor.py:914} INFO - Processing file /home/airflow/.local/lib/python3.12/site-packages/airflow/example_dags/example_nested_branch_dag.py for tasks to queue
[2024-10-22T09:31:32.612+0000] {logging_mixin.py:190} INFO - [2024-10-22T09:31:32.611+0000] {dagbag.py:588} INFO - Filling up the DagBag from /home/airflow/.local/lib/python3.12/site-packages/airflow/example_dags/example_nested_branch_dag.py
[2024-10-22T09:31:32.725+0000] {processor.py:925} INFO - DAG(s) 'example_nested_branch_dag' retrieved from /home/airflow/.local/lib/python3.12/site-packages/airflow/example_dags/example_nested_branch_dag.py
[2024-10-22T09:31:33.164+0000] {logging_mixin.py:190} INFO - [2024-10-22T09:31:33.163+0000] {dag.py:3239} INFO - Sync 1 DAGs
[2024-10-22T09:31:33.553+0000] {logging_mixin.py:190} INFO - [2024-10-22T09:31:33.552+0000] {dag.py:4180} INFO - Setting next_dagrun for example_nested_branch_dag to 2024-10-21 00:00:00+00:00, run_after=2024-10-22 00:00:00+00:00
[2024-10-22T09:31:33.788+0000] {processor.py:208} INFO - Processing /home/airflow/.local/lib/python3.12/site-packages/airflow/example_dags/example_nested_branch_dag.py took 1.264 seconds
[2024-10-22T09:32:08.960+0000] {processor.py:186} INFO - Started process (PID=1045) to work on /home/airflow/.local/lib/python3.12/site-packages/airflow/example_dags/example_nested_branch_dag.py
[2024-10-22T09:32:08.963+0000] {processor.py:914} INFO - Processing file /home/airflow/.local/lib/python3.12/site-packages/airflow/example_dags/example_nested_branch_dag.py for tasks to queue
[2024-10-22T09:32:08.980+0000] {logging_mixin.py:190} INFO - [2024-10-22T09:32:08.979+0000] {dagbag.py:588} INFO - Filling up the DagBag from /home/airflow/.local/lib/python3.12/site-packages/airflow/example_dags/example_nested_branch_dag.py
[2024-10-22T09:32:09.425+0000] {processor.py:925} INFO - DAG(s) 'example_nested_branch_dag' retrieved from /home/airflow/.local/lib/python3.12/site-packages/airflow/example_dags/example_nested_branch_dag.py
[2024-10-22T09:32:09.644+0000] {logging_mixin.py:190} INFO - [2024-10-22T09:32:09.643+0000] {dag.py:3239} INFO - Sync 1 DAGs
[2024-10-22T09:32:10.123+0000] {logging_mixin.py:190} INFO - [2024-10-22T09:32:10.123+0000] {dag.py:4180} INFO - Setting next_dagrun for example_nested_branch_dag to 2024-10-21 00:00:00+00:00, run_after=2024-10-22 00:00:00+00:00
[2024-10-22T09:32:10.350+0000] {processor.py:208} INFO - Processing /home/airflow/.local/lib/python3.12/site-packages/airflow/example_dags/example_nested_branch_dag.py took 1.361 seconds
[2024-10-22T09:32:54.212+0000] {processor.py:186} INFO - Started process (PID=1110) to work on /home/airflow/.local/lib/python3.12/site-packages/airflow/example_dags/example_nested_branch_dag.py
[2024-10-22T09:32:54.215+0000] {processor.py:914} INFO - Processing file /home/airflow/.local/lib/python3.12/site-packages/airflow/example_dags/example_nested_branch_dag.py for tasks to queue
[2024-10-22T09:32:54.233+0000] {logging_mixin.py:190} INFO - [2024-10-22T09:32:54.232+0000] {dagbag.py:588} INFO - Filling up the DagBag from /home/airflow/.local/lib/python3.12/site-packages/airflow/example_dags/example_nested_branch_dag.py
[2024-10-22T09:32:54.357+0000] {processor.py:925} INFO - DAG(s) 'example_nested_branch_dag' retrieved from /home/airflow/.local/lib/python3.12/site-packages/airflow/example_dags/example_nested_branch_dag.py
[2024-10-22T09:32:54.628+0000] {logging_mixin.py:190} INFO - [2024-10-22T09:32:54.617+0000] {dag.py:3239} INFO - Sync 1 DAGs
[2024-10-22T09:32:54.873+0000] {logging_mixin.py:190} INFO - [2024-10-22T09:32:54.872+0000] {dag.py:4180} INFO - Setting next_dagrun for example_nested_branch_dag to 2024-10-21 00:00:00+00:00, run_after=2024-10-22 00:00:00+00:00
[2024-10-22T09:32:55.098+0000] {processor.py:208} INFO - Processing /home/airflow/.local/lib/python3.12/site-packages/airflow/example_dags/example_nested_branch_dag.py took 0.965 seconds
[2024-10-22T09:33:25.493+0000] {processor.py:186} INFO - Started process (PID=1172) to work on /home/airflow/.local/lib/python3.12/site-packages/airflow/example_dags/example_nested_branch_dag.py
[2024-10-22T09:33:25.503+0000] {processor.py:914} INFO - Processing file /home/airflow/.local/lib/python3.12/site-packages/airflow/example_dags/example_nested_branch_dag.py for tasks to queue
[2024-10-22T09:33:25.512+0000] {logging_mixin.py:190} INFO - [2024-10-22T09:33:25.510+0000] {dagbag.py:588} INFO - Filling up the DagBag from /home/airflow/.local/lib/python3.12/site-packages/airflow/example_dags/example_nested_branch_dag.py
[2024-10-22T09:33:25.613+0000] {processor.py:925} INFO - DAG(s) 'example_nested_branch_dag' retrieved from /home/airflow/.local/lib/python3.12/site-packages/airflow/example_dags/example_nested_branch_dag.py
[2024-10-22T09:33:25.738+0000] {logging_mixin.py:190} INFO - [2024-10-22T09:33:25.736+0000] {dag.py:3239} INFO - Sync 1 DAGs
[2024-10-22T09:33:25.840+0000] {logging_mixin.py:190} INFO - [2024-10-22T09:33:25.835+0000] {dag.py:4180} INFO - Setting next_dagrun for example_nested_branch_dag to 2024-10-21 00:00:00+00:00, run_after=2024-10-22 00:00:00+00:00
[2024-10-22T09:33:25.992+0000] {processor.py:208} INFO - Processing /home/airflow/.local/lib/python3.12/site-packages/airflow/example_dags/example_nested_branch_dag.py took 0.557 seconds
[2024-10-22T09:33:56.791+0000] {processor.py:186} INFO - Started process (PID=1234) to work on /home/airflow/.local/lib/python3.12/site-packages/airflow/example_dags/example_nested_branch_dag.py
[2024-10-22T09:33:56.794+0000] {processor.py:914} INFO - Processing file /home/airflow/.local/lib/python3.12/site-packages/airflow/example_dags/example_nested_branch_dag.py for tasks to queue
[2024-10-22T09:33:56.800+0000] {logging_mixin.py:190} INFO - [2024-10-22T09:33:56.799+0000] {dagbag.py:588} INFO - Filling up the DagBag from /home/airflow/.local/lib/python3.12/site-packages/airflow/example_dags/example_nested_branch_dag.py
[2024-10-22T09:33:56.830+0000] {processor.py:925} INFO - DAG(s) 'example_nested_branch_dag' retrieved from /home/airflow/.local/lib/python3.12/site-packages/airflow/example_dags/example_nested_branch_dag.py
[2024-10-22T09:33:56.880+0000] {logging_mixin.py:190} INFO - [2024-10-22T09:33:56.880+0000] {dag.py:3239} INFO - Sync 1 DAGs
[2024-10-22T09:33:56.946+0000] {logging_mixin.py:190} INFO - [2024-10-22T09:33:56.946+0000] {dag.py:4180} INFO - Setting next_dagrun for example_nested_branch_dag to 2024-10-21 00:00:00+00:00, run_after=2024-10-22 00:00:00+00:00
[2024-10-22T09:33:56.996+0000] {processor.py:208} INFO - Processing /home/airflow/.local/lib/python3.12/site-packages/airflow/example_dags/example_nested_branch_dag.py took 0.220 seconds
[2024-10-22T09:34:27.397+0000] {processor.py:186} INFO - Started process (PID=1296) to work on /home/airflow/.local/lib/python3.12/site-packages/airflow/example_dags/example_nested_branch_dag.py
[2024-10-22T09:34:27.400+0000] {processor.py:914} INFO - Processing file /home/airflow/.local/lib/python3.12/site-packages/airflow/example_dags/example_nested_branch_dag.py for tasks to queue
[2024-10-22T09:34:27.407+0000] {logging_mixin.py:190} INFO - [2024-10-22T09:34:27.406+0000] {dagbag.py:588} INFO - Filling up the DagBag from /home/airflow/.local/lib/python3.12/site-packages/airflow/example_dags/example_nested_branch_dag.py
[2024-10-22T09:34:27.432+0000] {processor.py:925} INFO - DAG(s) 'example_nested_branch_dag' retrieved from /home/airflow/.local/lib/python3.12/site-packages/airflow/example_dags/example_nested_branch_dag.py
[2024-10-22T09:34:27.493+0000] {logging_mixin.py:190} INFO - [2024-10-22T09:34:27.492+0000] {dag.py:3239} INFO - Sync 1 DAGs
[2024-10-22T09:34:27.550+0000] {logging_mixin.py:190} INFO - [2024-10-22T09:34:27.549+0000] {dag.py:4180} INFO - Setting next_dagrun for example_nested_branch_dag to 2024-10-21 00:00:00+00:00, run_after=2024-10-22 00:00:00+00:00
[2024-10-22T09:34:27.592+0000] {processor.py:208} INFO - Processing /home/airflow/.local/lib/python3.12/site-packages/airflow/example_dags/example_nested_branch_dag.py took 0.211 seconds
[2024-10-22T09:34:58.257+0000] {processor.py:186} INFO - Started process (PID=1358) to work on /home/airflow/.local/lib/python3.12/site-packages/airflow/example_dags/example_nested_branch_dag.py
[2024-10-22T09:34:58.258+0000] {processor.py:914} INFO - Processing file /home/airflow/.local/lib/python3.12/site-packages/airflow/example_dags/example_nested_branch_dag.py for tasks to queue
[2024-10-22T09:34:58.263+0000] {logging_mixin.py:190} INFO - [2024-10-22T09:34:58.262+0000] {dagbag.py:588} INFO - Filling up the DagBag from /home/airflow/.local/lib/python3.12/site-packages/airflow/example_dags/example_nested_branch_dag.py
[2024-10-22T09:34:58.283+0000] {processor.py:925} INFO - DAG(s) 'example_nested_branch_dag' retrieved from /home/airflow/.local/lib/python3.12/site-packages/airflow/example_dags/example_nested_branch_dag.py
[2024-10-22T09:34:58.325+0000] {logging_mixin.py:190} INFO - [2024-10-22T09:34:58.324+0000] {dag.py:3239} INFO - Sync 1 DAGs
[2024-10-22T09:34:58.371+0000] {logging_mixin.py:190} INFO - [2024-10-22T09:34:58.371+0000] {dag.py:4180} INFO - Setting next_dagrun for example_nested_branch_dag to 2024-10-21 00:00:00+00:00, run_after=2024-10-22 00:00:00+00:00
[2024-10-22T09:34:59.288+0000] {processor.py:208} INFO - Processing /home/airflow/.local/lib/python3.12/site-packages/airflow/example_dags/example_nested_branch_dag.py took 1.044 seconds
[2024-10-22T09:35:29.593+0000] {processor.py:186} INFO - Started process (PID=1420) to work on /home/airflow/.local/lib/python3.12/site-packages/airflow/example_dags/example_nested_branch_dag.py
[2024-10-22T09:35:29.595+0000] {processor.py:914} INFO - Processing file /home/airflow/.local/lib/python3.12/site-packages/airflow/example_dags/example_nested_branch_dag.py for tasks to queue
[2024-10-22T09:35:29.599+0000] {logging_mixin.py:190} INFO - [2024-10-22T09:35:29.599+0000] {dagbag.py:588} INFO - Filling up the DagBag from /home/airflow/.local/lib/python3.12/site-packages/airflow/example_dags/example_nested_branch_dag.py
[2024-10-22T09:35:29.619+0000] {processor.py:925} INFO - DAG(s) 'example_nested_branch_dag' retrieved from /home/airflow/.local/lib/python3.12/site-packages/airflow/example_dags/example_nested_branch_dag.py
[2024-10-22T09:35:29.663+0000] {logging_mixin.py:190} INFO - [2024-10-22T09:35:29.663+0000] {dag.py:3239} INFO - Sync 1 DAGs
[2024-10-22T09:35:29.730+0000] {logging_mixin.py:190} INFO - [2024-10-22T09:35:29.729+0000] {dag.py:4180} INFO - Setting next_dagrun for example_nested_branch_dag to 2024-10-21 00:00:00+00:00, run_after=2024-10-22 00:00:00+00:00
[2024-10-22T09:35:29.775+0000] {processor.py:208} INFO - Processing /home/airflow/.local/lib/python3.12/site-packages/airflow/example_dags/example_nested_branch_dag.py took 0.194 seconds
[2024-10-22T09:36:00.601+0000] {processor.py:186} INFO - Started process (PID=1482) to work on /home/airflow/.local/lib/python3.12/site-packages/airflow/example_dags/example_nested_branch_dag.py
[2024-10-22T09:36:00.603+0000] {processor.py:914} INFO - Processing file /home/airflow/.local/lib/python3.12/site-packages/airflow/example_dags/example_nested_branch_dag.py for tasks to queue
[2024-10-22T09:36:00.607+0000] {logging_mixin.py:190} INFO - [2024-10-22T09:36:00.607+0000] {dagbag.py:588} INFO - Filling up the DagBag from /home/airflow/.local/lib/python3.12/site-packages/airflow/example_dags/example_nested_branch_dag.py
[2024-10-22T09:36:00.627+0000] {processor.py:925} INFO - DAG(s) 'example_nested_branch_dag' retrieved from /home/airflow/.local/lib/python3.12/site-packages/airflow/example_dags/example_nested_branch_dag.py
[2024-10-22T09:36:00.679+0000] {logging_mixin.py:190} INFO - [2024-10-22T09:36:00.678+0000] {dag.py:3239} INFO - Sync 1 DAGs
[2024-10-22T09:36:00.747+0000] {logging_mixin.py:190} INFO - [2024-10-22T09:36:00.746+0000] {dag.py:4180} INFO - Setting next_dagrun for example_nested_branch_dag to 2024-10-21 00:00:00+00:00, run_after=2024-10-22 00:00:00+00:00
[2024-10-22T09:36:00.784+0000] {processor.py:208} INFO - Processing /home/airflow/.local/lib/python3.12/site-packages/airflow/example_dags/example_nested_branch_dag.py took 0.194 seconds
[2024-10-22T09:36:30.979+0000] {processor.py:186} INFO - Started process (PID=1544) to work on /home/airflow/.local/lib/python3.12/site-packages/airflow/example_dags/example_nested_branch_dag.py
[2024-10-22T09:36:30.981+0000] {processor.py:914} INFO - Processing file /home/airflow/.local/lib/python3.12/site-packages/airflow/example_dags/example_nested_branch_dag.py for tasks to queue
[2024-10-22T09:36:30.987+0000] {logging_mixin.py:190} INFO - [2024-10-22T09:36:30.986+0000] {dagbag.py:588} INFO - Filling up the DagBag from /home/airflow/.local/lib/python3.12/site-packages/airflow/example_dags/example_nested_branch_dag.py
[2024-10-22T09:36:31.019+0000] {processor.py:925} INFO - DAG(s) 'example_nested_branch_dag' retrieved from /home/airflow/.local/lib/python3.12/site-packages/airflow/example_dags/example_nested_branch_dag.py
[2024-10-22T09:36:31.096+0000] {logging_mixin.py:190} INFO - [2024-10-22T09:36:31.096+0000] {dag.py:3239} INFO - Sync 1 DAGs
[2024-10-22T09:36:31.217+0000] {logging_mixin.py:190} INFO - [2024-10-22T09:36:31.216+0000] {dag.py:4180} INFO - Setting next_dagrun for example_nested_branch_dag to 2024-10-21 00:00:00+00:00, run_after=2024-10-22 00:00:00+00:00
[2024-10-22T09:36:31.300+0000] {processor.py:208} INFO - Processing /home/airflow/.local/lib/python3.12/site-packages/airflow/example_dags/example_nested_branch_dag.py took 0.338 seconds
[2024-10-22T09:37:01.462+0000] {processor.py:186} INFO - Started process (PID=1607) to work on /home/airflow/.local/lib/python3.12/site-packages/airflow/example_dags/example_nested_branch_dag.py
[2024-10-22T09:37:01.464+0000] {processor.py:914} INFO - Processing file /home/airflow/.local/lib/python3.12/site-packages/airflow/example_dags/example_nested_branch_dag.py for tasks to queue
[2024-10-22T09:37:01.469+0000] {logging_mixin.py:190} INFO - [2024-10-22T09:37:01.468+0000] {dagbag.py:588} INFO - Filling up the DagBag from /home/airflow/.local/lib/python3.12/site-packages/airflow/example_dags/example_nested_branch_dag.py
[2024-10-22T09:37:01.496+0000] {processor.py:925} INFO - DAG(s) 'example_nested_branch_dag' retrieved from /home/airflow/.local/lib/python3.12/site-packages/airflow/example_dags/example_nested_branch_dag.py
[2024-10-22T09:37:01.536+0000] {logging_mixin.py:190} INFO - [2024-10-22T09:37:01.536+0000] {dag.py:3239} INFO - Sync 1 DAGs
[2024-10-22T09:37:01.600+0000] {logging_mixin.py:190} INFO - [2024-10-22T09:37:01.600+0000] {dag.py:4180} INFO - Setting next_dagrun for example_nested_branch_dag to 2024-10-21 00:00:00+00:00, run_after=2024-10-22 00:00:00+00:00
[2024-10-22T09:37:01.634+0000] {processor.py:208} INFO - Processing /home/airflow/.local/lib/python3.12/site-packages/airflow/example_dags/example_nested_branch_dag.py took 0.188 seconds
[2024-10-22T09:37:31.929+0000] {processor.py:186} INFO - Started process (PID=1669) to work on /home/airflow/.local/lib/python3.12/site-packages/airflow/example_dags/example_nested_branch_dag.py
[2024-10-22T09:37:31.931+0000] {processor.py:914} INFO - Processing file /home/airflow/.local/lib/python3.12/site-packages/airflow/example_dags/example_nested_branch_dag.py for tasks to queue
[2024-10-22T09:37:31.937+0000] {logging_mixin.py:190} INFO - [2024-10-22T09:37:31.937+0000] {dagbag.py:588} INFO - Filling up the DagBag from /home/airflow/.local/lib/python3.12/site-packages/airflow/example_dags/example_nested_branch_dag.py
[2024-10-22T09:37:31.961+0000] {processor.py:925} INFO - DAG(s) 'example_nested_branch_dag' retrieved from /home/airflow/.local/lib/python3.12/site-packages/airflow/example_dags/example_nested_branch_dag.py
[2024-10-22T09:37:32.016+0000] {logging_mixin.py:190} INFO - [2024-10-22T09:37:32.016+0000] {dag.py:3239} INFO - Sync 1 DAGs
[2024-10-22T09:37:32.067+0000] {logging_mixin.py:190} INFO - [2024-10-22T09:37:32.066+0000] {dag.py:4180} INFO - Setting next_dagrun for example_nested_branch_dag to 2024-10-21 00:00:00+00:00, run_after=2024-10-22 00:00:00+00:00
[2024-10-22T09:37:32.103+0000] {processor.py:208} INFO - Processing /home/airflow/.local/lib/python3.12/site-packages/airflow/example_dags/example_nested_branch_dag.py took 0.187 seconds
[2024-10-22T09:38:02.527+0000] {processor.py:186} INFO - Started process (PID=1737) to work on /home/airflow/.local/lib/python3.12/site-packages/airflow/example_dags/example_nested_branch_dag.py
[2024-10-22T09:38:02.529+0000] {processor.py:914} INFO - Processing file /home/airflow/.local/lib/python3.12/site-packages/airflow/example_dags/example_nested_branch_dag.py for tasks to queue
[2024-10-22T09:38:02.533+0000] {logging_mixin.py:190} INFO - [2024-10-22T09:38:02.533+0000] {dagbag.py:588} INFO - Filling up the DagBag from /home/airflow/.local/lib/python3.12/site-packages/airflow/example_dags/example_nested_branch_dag.py
[2024-10-22T09:38:02.554+0000] {processor.py:925} INFO - DAG(s) 'example_nested_branch_dag' retrieved from /home/airflow/.local/lib/python3.12/site-packages/airflow/example_dags/example_nested_branch_dag.py
[2024-10-22T09:38:02.598+0000] {logging_mixin.py:190} INFO - [2024-10-22T09:38:02.598+0000] {dag.py:3239} INFO - Sync 1 DAGs
[2024-10-22T09:38:02.647+0000] {logging_mixin.py:190} INFO - [2024-10-22T09:38:02.647+0000] {dag.py:4180} INFO - Setting next_dagrun for example_nested_branch_dag to 2024-10-21 00:00:00+00:00, run_after=2024-10-22 00:00:00+00:00
[2024-10-22T09:38:02.682+0000] {processor.py:208} INFO - Processing /home/airflow/.local/lib/python3.12/site-packages/airflow/example_dags/example_nested_branch_dag.py took 0.166 seconds
[2024-10-22T09:38:33.396+0000] {processor.py:186} INFO - Started process (PID=1799) to work on /home/airflow/.local/lib/python3.12/site-packages/airflow/example_dags/example_nested_branch_dag.py
[2024-10-22T09:38:33.397+0000] {processor.py:914} INFO - Processing file /home/airflow/.local/lib/python3.12/site-packages/airflow/example_dags/example_nested_branch_dag.py for tasks to queue
[2024-10-22T09:38:33.404+0000] {logging_mixin.py:190} INFO - [2024-10-22T09:38:33.404+0000] {dagbag.py:588} INFO - Filling up the DagBag from /home/airflow/.local/lib/python3.12/site-packages/airflow/example_dags/example_nested_branch_dag.py
[2024-10-22T09:38:33.430+0000] {processor.py:925} INFO - DAG(s) 'example_nested_branch_dag' retrieved from /home/airflow/.local/lib/python3.12/site-packages/airflow/example_dags/example_nested_branch_dag.py
[2024-10-22T09:38:33.481+0000] {logging_mixin.py:190} INFO - [2024-10-22T09:38:33.480+0000] {dag.py:3239} INFO - Sync 1 DAGs
[2024-10-22T09:38:33.537+0000] {logging_mixin.py:190} INFO - [2024-10-22T09:38:33.536+0000] {dag.py:4180} INFO - Setting next_dagrun for example_nested_branch_dag to 2024-10-21 00:00:00+00:00, run_after=2024-10-22 00:00:00+00:00
[2024-10-22T09:38:33.587+0000] {processor.py:208} INFO - Processing /home/airflow/.local/lib/python3.12/site-packages/airflow/example_dags/example_nested_branch_dag.py took 0.206 seconds
[2024-10-22T09:39:03.979+0000] {processor.py:186} INFO - Started process (PID=1862) to work on /home/airflow/.local/lib/python3.12/site-packages/airflow/example_dags/example_nested_branch_dag.py
[2024-10-22T09:39:03.982+0000] {processor.py:914} INFO - Processing file /home/airflow/.local/lib/python3.12/site-packages/airflow/example_dags/example_nested_branch_dag.py for tasks to queue
[2024-10-22T09:39:03.995+0000] {logging_mixin.py:190} INFO - [2024-10-22T09:39:03.995+0000] {dagbag.py:588} INFO - Filling up the DagBag from /home/airflow/.local/lib/python3.12/site-packages/airflow/example_dags/example_nested_branch_dag.py
[2024-10-22T09:39:04.065+0000] {processor.py:925} INFO - DAG(s) 'example_nested_branch_dag' retrieved from /home/airflow/.local/lib/python3.12/site-packages/airflow/example_dags/example_nested_branch_dag.py
[2024-10-22T09:39:04.184+0000] {logging_mixin.py:190} INFO - [2024-10-22T09:39:04.184+0000] {dag.py:3239} INFO - Sync 1 DAGs
[2024-10-22T09:39:04.298+0000] {logging_mixin.py:190} INFO - [2024-10-22T09:39:04.297+0000] {dag.py:4180} INFO - Setting next_dagrun for example_nested_branch_dag to 2024-10-21 00:00:00+00:00, run_after=2024-10-22 00:00:00+00:00
[2024-10-22T09:39:04.340+0000] {processor.py:208} INFO - Processing /home/airflow/.local/lib/python3.12/site-packages/airflow/example_dags/example_nested_branch_dag.py took 0.391 seconds
[2024-10-22T09:39:34.820+0000] {processor.py:186} INFO - Started process (PID=1924) to work on /home/airflow/.local/lib/python3.12/site-packages/airflow/example_dags/example_nested_branch_dag.py
[2024-10-22T09:39:34.822+0000] {processor.py:914} INFO - Processing file /home/airflow/.local/lib/python3.12/site-packages/airflow/example_dags/example_nested_branch_dag.py for tasks to queue
[2024-10-22T09:39:34.829+0000] {logging_mixin.py:190} INFO - [2024-10-22T09:39:34.828+0000] {dagbag.py:588} INFO - Filling up the DagBag from /home/airflow/.local/lib/python3.12/site-packages/airflow/example_dags/example_nested_branch_dag.py
[2024-10-22T09:39:34.877+0000] {processor.py:925} INFO - DAG(s) 'example_nested_branch_dag' retrieved from /home/airflow/.local/lib/python3.12/site-packages/airflow/example_dags/example_nested_branch_dag.py
[2024-10-22T09:39:34.929+0000] {logging_mixin.py:190} INFO - [2024-10-22T09:39:34.929+0000] {dag.py:3239} INFO - Sync 1 DAGs
[2024-10-22T09:39:34.983+0000] {logging_mixin.py:190} INFO - [2024-10-22T09:39:34.983+0000] {dag.py:4180} INFO - Setting next_dagrun for example_nested_branch_dag to 2024-10-21 00:00:00+00:00, run_after=2024-10-22 00:00:00+00:00
[2024-10-22T09:39:35.031+0000] {processor.py:208} INFO - Processing /home/airflow/.local/lib/python3.12/site-packages/airflow/example_dags/example_nested_branch_dag.py took 0.228 seconds
[2024-10-22T09:40:05.670+0000] {processor.py:186} INFO - Started process (PID=1986) to work on /home/airflow/.local/lib/python3.12/site-packages/airflow/example_dags/example_nested_branch_dag.py
[2024-10-22T09:40:05.672+0000] {processor.py:914} INFO - Processing file /home/airflow/.local/lib/python3.12/site-packages/airflow/example_dags/example_nested_branch_dag.py for tasks to queue
[2024-10-22T09:40:05.678+0000] {logging_mixin.py:190} INFO - [2024-10-22T09:40:05.677+0000] {dagbag.py:588} INFO - Filling up the DagBag from /home/airflow/.local/lib/python3.12/site-packages/airflow/example_dags/example_nested_branch_dag.py
[2024-10-22T09:40:05.702+0000] {processor.py:925} INFO - DAG(s) 'example_nested_branch_dag' retrieved from /home/airflow/.local/lib/python3.12/site-packages/airflow/example_dags/example_nested_branch_dag.py
[2024-10-22T09:40:05.750+0000] {logging_mixin.py:190} INFO - [2024-10-22T09:40:05.750+0000] {dag.py:3239} INFO - Sync 1 DAGs
[2024-10-22T09:40:05.800+0000] {logging_mixin.py:190} INFO - [2024-10-22T09:40:05.799+0000] {dag.py:4180} INFO - Setting next_dagrun for example_nested_branch_dag to 2024-10-21 00:00:00+00:00, run_after=2024-10-22 00:00:00+00:00
[2024-10-22T09:40:05.833+0000] {processor.py:208} INFO - Processing /home/airflow/.local/lib/python3.12/site-packages/airflow/example_dags/example_nested_branch_dag.py took 0.177 seconds
[2024-10-22T09:40:35.938+0000] {processor.py:186} INFO - Started process (PID=2048) to work on /home/airflow/.local/lib/python3.12/site-packages/airflow/example_dags/example_nested_branch_dag.py
[2024-10-22T09:40:35.940+0000] {processor.py:914} INFO - Processing file /home/airflow/.local/lib/python3.12/site-packages/airflow/example_dags/example_nested_branch_dag.py for tasks to queue
[2024-10-22T09:40:35.944+0000] {logging_mixin.py:190} INFO - [2024-10-22T09:40:35.944+0000] {dagbag.py:588} INFO - Filling up the DagBag from /home/airflow/.local/lib/python3.12/site-packages/airflow/example_dags/example_nested_branch_dag.py
[2024-10-22T09:40:35.969+0000] {processor.py:925} INFO - DAG(s) 'example_nested_branch_dag' retrieved from /home/airflow/.local/lib/python3.12/site-packages/airflow/example_dags/example_nested_branch_dag.py
[2024-10-22T09:40:36.015+0000] {logging_mixin.py:190} INFO - [2024-10-22T09:40:36.014+0000] {dag.py:3239} INFO - Sync 1 DAGs
[2024-10-22T09:40:36.062+0000] {logging_mixin.py:190} INFO - [2024-10-22T09:40:36.061+0000] {dag.py:4180} INFO - Setting next_dagrun for example_nested_branch_dag to 2024-10-21 00:00:00+00:00, run_after=2024-10-22 00:00:00+00:00
[2024-10-22T09:40:36.095+0000] {processor.py:208} INFO - Processing /home/airflow/.local/lib/python3.12/site-packages/airflow/example_dags/example_nested_branch_dag.py took 0.170 seconds
[2024-10-22T09:41:06.500+0000] {processor.py:186} INFO - Started process (PID=2110) to work on /home/airflow/.local/lib/python3.12/site-packages/airflow/example_dags/example_nested_branch_dag.py
[2024-10-22T09:41:06.502+0000] {processor.py:914} INFO - Processing file /home/airflow/.local/lib/python3.12/site-packages/airflow/example_dags/example_nested_branch_dag.py for tasks to queue
[2024-10-22T09:41:06.508+0000] {logging_mixin.py:190} INFO - [2024-10-22T09:41:06.507+0000] {dagbag.py:588} INFO - Filling up the DagBag from /home/airflow/.local/lib/python3.12/site-packages/airflow/example_dags/example_nested_branch_dag.py
[2024-10-22T09:41:06.534+0000] {processor.py:925} INFO - DAG(s) 'example_nested_branch_dag' retrieved from /home/airflow/.local/lib/python3.12/site-packages/airflow/example_dags/example_nested_branch_dag.py
[2024-10-22T09:41:06.578+0000] {logging_mixin.py:190} INFO - [2024-10-22T09:41:06.578+0000] {dag.py:3239} INFO - Sync 1 DAGs
[2024-10-22T09:41:06.630+0000] {logging_mixin.py:190} INFO - [2024-10-22T09:41:06.629+0000] {dag.py:4180} INFO - Setting next_dagrun for example_nested_branch_dag to 2024-10-21 00:00:00+00:00, run_after=2024-10-22 00:00:00+00:00
[2024-10-22T09:41:06.666+0000] {processor.py:208} INFO - Processing /home/airflow/.local/lib/python3.12/site-packages/airflow/example_dags/example_nested_branch_dag.py took 0.179 seconds
[2024-10-22T09:41:37.049+0000] {processor.py:186} INFO - Started process (PID=2172) to work on /home/airflow/.local/lib/python3.12/site-packages/airflow/example_dags/example_nested_branch_dag.py
[2024-10-22T09:41:37.051+0000] {processor.py:914} INFO - Processing file /home/airflow/.local/lib/python3.12/site-packages/airflow/example_dags/example_nested_branch_dag.py for tasks to queue
[2024-10-22T09:41:37.056+0000] {logging_mixin.py:190} INFO - [2024-10-22T09:41:37.055+0000] {dagbag.py:588} INFO - Filling up the DagBag from /home/airflow/.local/lib/python3.12/site-packages/airflow/example_dags/example_nested_branch_dag.py
[2024-10-22T09:41:37.082+0000] {processor.py:925} INFO - DAG(s) 'example_nested_branch_dag' retrieved from /home/airflow/.local/lib/python3.12/site-packages/airflow/example_dags/example_nested_branch_dag.py
[2024-10-22T09:41:37.124+0000] {logging_mixin.py:190} INFO - [2024-10-22T09:41:37.124+0000] {dag.py:3239} INFO - Sync 1 DAGs
[2024-10-22T09:41:37.172+0000] {logging_mixin.py:190} INFO - [2024-10-22T09:41:37.171+0000] {dag.py:4180} INFO - Setting next_dagrun for example_nested_branch_dag to 2024-10-21 00:00:00+00:00, run_after=2024-10-22 00:00:00+00:00
[2024-10-22T09:41:37.206+0000] {processor.py:208} INFO - Processing /home/airflow/.local/lib/python3.12/site-packages/airflow/example_dags/example_nested_branch_dag.py took 0.168 seconds
[2024-10-22T09:42:07.613+0000] {processor.py:186} INFO - Started process (PID=2234) to work on /home/airflow/.local/lib/python3.12/site-packages/airflow/example_dags/example_nested_branch_dag.py
[2024-10-22T09:42:07.615+0000] {processor.py:914} INFO - Processing file /home/airflow/.local/lib/python3.12/site-packages/airflow/example_dags/example_nested_branch_dag.py for tasks to queue
[2024-10-22T09:42:07.621+0000] {logging_mixin.py:190} INFO - [2024-10-22T09:42:07.620+0000] {dagbag.py:588} INFO - Filling up the DagBag from /home/airflow/.local/lib/python3.12/site-packages/airflow/example_dags/example_nested_branch_dag.py
[2024-10-22T09:42:07.649+0000] {processor.py:925} INFO - DAG(s) 'example_nested_branch_dag' retrieved from /home/airflow/.local/lib/python3.12/site-packages/airflow/example_dags/example_nested_branch_dag.py
[2024-10-22T09:42:07.710+0000] {logging_mixin.py:190} INFO - [2024-10-22T09:42:07.710+0000] {dag.py:3239} INFO - Sync 1 DAGs
[2024-10-22T09:42:07.778+0000] {logging_mixin.py:190} INFO - [2024-10-22T09:42:07.778+0000] {dag.py:4180} INFO - Setting next_dagrun for example_nested_branch_dag to 2024-10-21 00:00:00+00:00, run_after=2024-10-22 00:00:00+00:00
[2024-10-22T09:42:07.816+0000] {processor.py:208} INFO - Processing /home/airflow/.local/lib/python3.12/site-packages/airflow/example_dags/example_nested_branch_dag.py took 0.218 seconds
[2024-10-22T09:42:37.941+0000] {processor.py:186} INFO - Started process (PID=2296) to work on /home/airflow/.local/lib/python3.12/site-packages/airflow/example_dags/example_nested_branch_dag.py
[2024-10-22T09:42:37.943+0000] {processor.py:914} INFO - Processing file /home/airflow/.local/lib/python3.12/site-packages/airflow/example_dags/example_nested_branch_dag.py for tasks to queue
[2024-10-22T09:42:37.949+0000] {logging_mixin.py:190} INFO - [2024-10-22T09:42:37.949+0000] {dagbag.py:588} INFO - Filling up the DagBag from /home/airflow/.local/lib/python3.12/site-packages/airflow/example_dags/example_nested_branch_dag.py
[2024-10-22T09:42:37.977+0000] {processor.py:925} INFO - DAG(s) 'example_nested_branch_dag' retrieved from /home/airflow/.local/lib/python3.12/site-packages/airflow/example_dags/example_nested_branch_dag.py
[2024-10-22T09:42:38.020+0000] {logging_mixin.py:190} INFO - [2024-10-22T09:42:38.020+0000] {dag.py:3239} INFO - Sync 1 DAGs
[2024-10-22T09:42:38.081+0000] {logging_mixin.py:190} INFO - [2024-10-22T09:42:38.081+0000] {dag.py:4180} INFO - Setting next_dagrun for example_nested_branch_dag to 2024-10-21 00:00:00+00:00, run_after=2024-10-22 00:00:00+00:00
[2024-10-22T09:42:38.118+0000] {processor.py:208} INFO - Processing /home/airflow/.local/lib/python3.12/site-packages/airflow/example_dags/example_nested_branch_dag.py took 0.193 seconds
[2024-10-22T09:43:08.203+0000] {processor.py:186} INFO - Started process (PID=2357) to work on /home/airflow/.local/lib/python3.12/site-packages/airflow/example_dags/example_nested_branch_dag.py
[2024-10-22T09:43:08.208+0000] {processor.py:914} INFO - Processing file /home/airflow/.local/lib/python3.12/site-packages/airflow/example_dags/example_nested_branch_dag.py for tasks to queue
[2024-10-22T09:43:08.215+0000] {logging_mixin.py:190} INFO - [2024-10-22T09:43:08.214+0000] {dagbag.py:588} INFO - Filling up the DagBag from /home/airflow/.local/lib/python3.12/site-packages/airflow/example_dags/example_nested_branch_dag.py
[2024-10-22T09:43:08.240+0000] {processor.py:925} INFO - DAG(s) 'example_nested_branch_dag' retrieved from /home/airflow/.local/lib/python3.12/site-packages/airflow/example_dags/example_nested_branch_dag.py
[2024-10-22T09:43:08.285+0000] {logging_mixin.py:190} INFO - [2024-10-22T09:43:08.284+0000] {dag.py:3239} INFO - Sync 1 DAGs
[2024-10-22T09:43:08.366+0000] {logging_mixin.py:190} INFO - [2024-10-22T09:43:08.366+0000] {dag.py:4180} INFO - Setting next_dagrun for example_nested_branch_dag to 2024-10-21 00:00:00+00:00, run_after=2024-10-22 00:00:00+00:00
[2024-10-22T09:43:08.416+0000] {processor.py:208} INFO - Processing /home/airflow/.local/lib/python3.12/site-packages/airflow/example_dags/example_nested_branch_dag.py took 0.225 seconds
[2024-10-22T09:43:39.172+0000] {processor.py:186} INFO - Started process (PID=2420) to work on /home/airflow/.local/lib/python3.12/site-packages/airflow/example_dags/example_nested_branch_dag.py
[2024-10-22T09:43:39.174+0000] {processor.py:914} INFO - Processing file /home/airflow/.local/lib/python3.12/site-packages/airflow/example_dags/example_nested_branch_dag.py for tasks to queue
[2024-10-22T09:43:39.180+0000] {logging_mixin.py:190} INFO - [2024-10-22T09:43:39.179+0000] {dagbag.py:588} INFO - Filling up the DagBag from /home/airflow/.local/lib/python3.12/site-packages/airflow/example_dags/example_nested_branch_dag.py
[2024-10-22T09:43:39.200+0000] {processor.py:925} INFO - DAG(s) 'example_nested_branch_dag' retrieved from /home/airflow/.local/lib/python3.12/site-packages/airflow/example_dags/example_nested_branch_dag.py
[2024-10-22T09:43:39.243+0000] {logging_mixin.py:190} INFO - [2024-10-22T09:43:39.243+0000] {dag.py:3239} INFO - Sync 1 DAGs
[2024-10-22T09:43:39.290+0000] {logging_mixin.py:190} INFO - [2024-10-22T09:43:39.290+0000] {dag.py:4180} INFO - Setting next_dagrun for example_nested_branch_dag to 2024-10-21 00:00:00+00:00, run_after=2024-10-22 00:00:00+00:00
[2024-10-22T09:43:39.325+0000] {processor.py:208} INFO - Processing /home/airflow/.local/lib/python3.12/site-packages/airflow/example_dags/example_nested_branch_dag.py took 0.166 seconds
[2024-10-22T09:44:09.789+0000] {processor.py:186} INFO - Started process (PID=2482) to work on /home/airflow/.local/lib/python3.12/site-packages/airflow/example_dags/example_nested_branch_dag.py
[2024-10-22T09:44:09.791+0000] {processor.py:914} INFO - Processing file /home/airflow/.local/lib/python3.12/site-packages/airflow/example_dags/example_nested_branch_dag.py for tasks to queue
[2024-10-22T09:44:09.796+0000] {logging_mixin.py:190} INFO - [2024-10-22T09:44:09.796+0000] {dagbag.py:588} INFO - Filling up the DagBag from /home/airflow/.local/lib/python3.12/site-packages/airflow/example_dags/example_nested_branch_dag.py
[2024-10-22T09:44:09.822+0000] {processor.py:925} INFO - DAG(s) 'example_nested_branch_dag' retrieved from /home/airflow/.local/lib/python3.12/site-packages/airflow/example_dags/example_nested_branch_dag.py
[2024-10-22T09:44:09.868+0000] {logging_mixin.py:190} INFO - [2024-10-22T09:44:09.868+0000] {dag.py:3239} INFO - Sync 1 DAGs
[2024-10-22T09:44:10.066+0000] {logging_mixin.py:190} INFO - [2024-10-22T09:44:10.066+0000] {dag.py:4180} INFO - Setting next_dagrun for example_nested_branch_dag to 2024-10-21 00:00:00+00:00, run_after=2024-10-22 00:00:00+00:00
[2024-10-22T09:44:10.104+0000] {processor.py:208} INFO - Processing /home/airflow/.local/lib/python3.12/site-packages/airflow/example_dags/example_nested_branch_dag.py took 0.328 seconds
