[2024-10-22T09:23:12.050+0000] {processor.py:186} INFO - Started process (PID=67) to work on /home/airflow/.local/lib/python3.12/site-packages/airflow/example_dags/example_display_name.py
[2024-10-22T09:23:12.074+0000] {processor.py:914} INFO - Processing file /home/airflow/.local/lib/python3.12/site-packages/airflow/example_dags/example_display_name.py for tasks to queue
[2024-10-22T09:23:12.083+0000] {logging_mixin.py:190} INFO - [2024-10-22T09:23:12.082+0000] {dagbag.py:588} INFO - Filling up the DagBag from /home/airflow/.local/lib/python3.12/site-packages/airflow/example_dags/example_display_name.py
[2024-10-22T09:23:12.150+0000] {processor.py:925} INFO - DAG(s) 'example_display_name' retrieved from /home/airflow/.local/lib/python3.12/site-packages/airflow/example_dags/example_display_name.py
[2024-10-22T09:23:12.350+0000] {logging_mixin.py:190} INFO - [2024-10-22T09:23:12.349+0000] {dag.py:3239} INFO - Sync 1 DAGs
[2024-10-22T09:23:12.520+0000] {logging_mixin.py:190} INFO - [2024-10-22T09:23:12.519+0000] {dag.py:4180} INFO - Setting next_dagrun for example_display_name to None, run_after=None
[2024-10-22T09:23:12.806+0000] {processor.py:208} INFO - Processing /home/airflow/.local/lib/python3.12/site-packages/airflow/example_dags/example_display_name.py took 0.824 seconds
[2024-10-22T09:23:43.167+0000] {processor.py:186} INFO - Started process (PID=129) to work on /home/airflow/.local/lib/python3.12/site-packages/airflow/example_dags/example_display_name.py
[2024-10-22T09:23:43.170+0000] {processor.py:914} INFO - Processing file /home/airflow/.local/lib/python3.12/site-packages/airflow/example_dags/example_display_name.py for tasks to queue
[2024-10-22T09:23:43.182+0000] {logging_mixin.py:190} INFO - [2024-10-22T09:23:43.176+0000] {dagbag.py:588} INFO - Filling up the DagBag from /home/airflow/.local/lib/python3.12/site-packages/airflow/example_dags/example_display_name.py
[2024-10-22T09:23:43.227+0000] {processor.py:925} INFO - DAG(s) 'example_display_name' retrieved from /home/airflow/.local/lib/python3.12/site-packages/airflow/example_dags/example_display_name.py
[2024-10-22T09:23:43.379+0000] {logging_mixin.py:190} INFO - [2024-10-22T09:23:43.368+0000] {dag.py:3239} INFO - Sync 1 DAGs
[2024-10-22T09:23:43.483+0000] {logging_mixin.py:190} INFO - [2024-10-22T09:23:43.471+0000] {dag.py:4180} INFO - Setting next_dagrun for example_display_name to None, run_after=None
[2024-10-22T09:23:43.664+0000] {processor.py:208} INFO - Processing /home/airflow/.local/lib/python3.12/site-packages/airflow/example_dags/example_display_name.py took 0.545 seconds
[2024-10-22T09:24:29.359+0000] {processor.py:186} INFO - Started process (PID=192) to work on /home/airflow/.local/lib/python3.12/site-packages/airflow/example_dags/example_display_name.py
[2024-10-22T09:24:29.431+0000] {processor.py:914} INFO - Processing file /home/airflow/.local/lib/python3.12/site-packages/airflow/example_dags/example_display_name.py for tasks to queue
[2024-10-22T09:24:29.491+0000] {logging_mixin.py:190} INFO - [2024-10-22T09:24:29.490+0000] {dagbag.py:588} INFO - Filling up the DagBag from /home/airflow/.local/lib/python3.12/site-packages/airflow/example_dags/example_display_name.py
[2024-10-22T09:24:29.572+0000] {processor.py:925} INFO - DAG(s) 'example_display_name' retrieved from /home/airflow/.local/lib/python3.12/site-packages/airflow/example_dags/example_display_name.py
[2024-10-22T09:24:29.765+0000] {logging_mixin.py:190} INFO - [2024-10-22T09:24:29.753+0000] {dag.py:3239} INFO - Sync 1 DAGs
[2024-10-22T09:24:29.924+0000] {logging_mixin.py:190} INFO - [2024-10-22T09:24:29.924+0000] {dag.py:4180} INFO - Setting next_dagrun for example_display_name to None, run_after=None
[2024-10-22T09:24:30.076+0000] {processor.py:208} INFO - Processing /home/airflow/.local/lib/python3.12/site-packages/airflow/example_dags/example_display_name.py took 0.780 seconds
[2024-10-22T09:25:05.499+0000] {processor.py:186} INFO - Started process (PID=254) to work on /home/airflow/.local/lib/python3.12/site-packages/airflow/example_dags/example_display_name.py
[2024-10-22T09:25:05.512+0000] {processor.py:914} INFO - Processing file /home/airflow/.local/lib/python3.12/site-packages/airflow/example_dags/example_display_name.py for tasks to queue
[2024-10-22T09:25:05.533+0000] {logging_mixin.py:190} INFO - [2024-10-22T09:25:05.532+0000] {dagbag.py:588} INFO - Filling up the DagBag from /home/airflow/.local/lib/python3.12/site-packages/airflow/example_dags/example_display_name.py
[2024-10-22T09:25:05.596+0000] {processor.py:925} INFO - DAG(s) 'example_display_name' retrieved from /home/airflow/.local/lib/python3.12/site-packages/airflow/example_dags/example_display_name.py
[2024-10-22T09:25:05.885+0000] {logging_mixin.py:190} INFO - [2024-10-22T09:25:05.885+0000] {dag.py:3239} INFO - Sync 1 DAGs
[2024-10-22T09:25:06.118+0000] {logging_mixin.py:190} INFO - [2024-10-22T09:25:06.117+0000] {dag.py:4180} INFO - Setting next_dagrun for example_display_name to None, run_after=None
[2024-10-22T09:25:06.373+0000] {processor.py:208} INFO - Processing /home/airflow/.local/lib/python3.12/site-packages/airflow/example_dags/example_display_name.py took 0.931 seconds
[2024-10-22T09:25:37.058+0000] {processor.py:186} INFO - Started process (PID=315) to work on /home/airflow/.local/lib/python3.12/site-packages/airflow/example_dags/example_display_name.py
[2024-10-22T09:25:37.065+0000] {processor.py:914} INFO - Processing file /home/airflow/.local/lib/python3.12/site-packages/airflow/example_dags/example_display_name.py for tasks to queue
[2024-10-22T09:25:37.072+0000] {logging_mixin.py:190} INFO - [2024-10-22T09:25:37.071+0000] {dagbag.py:588} INFO - Filling up the DagBag from /home/airflow/.local/lib/python3.12/site-packages/airflow/example_dags/example_display_name.py
[2024-10-22T09:25:37.124+0000] {processor.py:925} INFO - DAG(s) 'example_display_name' retrieved from /home/airflow/.local/lib/python3.12/site-packages/airflow/example_dags/example_display_name.py
[2024-10-22T09:25:37.194+0000] {logging_mixin.py:190} INFO - [2024-10-22T09:25:37.193+0000] {dag.py:3239} INFO - Sync 1 DAGs
[2024-10-22T09:25:37.256+0000] {logging_mixin.py:190} INFO - [2024-10-22T09:25:37.255+0000] {dag.py:4180} INFO - Setting next_dagrun for example_display_name to None, run_after=None
[2024-10-22T09:25:37.319+0000] {processor.py:208} INFO - Processing /home/airflow/.local/lib/python3.12/site-packages/airflow/example_dags/example_display_name.py took 0.288 seconds
[2024-10-22T09:26:10.837+0000] {processor.py:186} INFO - Started process (PID=377) to work on /home/airflow/.local/lib/python3.12/site-packages/airflow/example_dags/example_display_name.py
[2024-10-22T09:26:10.840+0000] {processor.py:914} INFO - Processing file /home/airflow/.local/lib/python3.12/site-packages/airflow/example_dags/example_display_name.py for tasks to queue
[2024-10-22T09:26:10.847+0000] {logging_mixin.py:190} INFO - [2024-10-22T09:26:10.846+0000] {dagbag.py:588} INFO - Filling up the DagBag from /home/airflow/.local/lib/python3.12/site-packages/airflow/example_dags/example_display_name.py
[2024-10-22T09:26:10.878+0000] {processor.py:925} INFO - DAG(s) 'example_display_name' retrieved from /home/airflow/.local/lib/python3.12/site-packages/airflow/example_dags/example_display_name.py
[2024-10-22T09:26:11.011+0000] {logging_mixin.py:190} INFO - [2024-10-22T09:26:11.010+0000] {dag.py:3239} INFO - Sync 1 DAGs
[2024-10-22T09:26:11.091+0000] {logging_mixin.py:190} INFO - [2024-10-22T09:26:11.090+0000] {dag.py:4180} INFO - Setting next_dagrun for example_display_name to None, run_after=None
[2024-10-22T09:26:11.188+0000] {processor.py:208} INFO - Processing /home/airflow/.local/lib/python3.12/site-packages/airflow/example_dags/example_display_name.py took 0.392 seconds
[2024-10-22T09:26:56.709+0000] {processor.py:186} INFO - Started process (PID=451) to work on /home/airflow/.local/lib/python3.12/site-packages/airflow/example_dags/example_display_name.py
[2024-10-22T09:26:56.713+0000] {processor.py:914} INFO - Processing file /home/airflow/.local/lib/python3.12/site-packages/airflow/example_dags/example_display_name.py for tasks to queue
[2024-10-22T09:26:56.728+0000] {logging_mixin.py:190} INFO - [2024-10-22T09:26:56.727+0000] {dagbag.py:588} INFO - Filling up the DagBag from /home/airflow/.local/lib/python3.12/site-packages/airflow/example_dags/example_display_name.py
[2024-10-22T09:26:56.773+0000] {processor.py:925} INFO - DAG(s) 'example_display_name' retrieved from /home/airflow/.local/lib/python3.12/site-packages/airflow/example_dags/example_display_name.py
[2024-10-22T09:26:56.879+0000] {logging_mixin.py:190} INFO - [2024-10-22T09:26:56.878+0000] {dag.py:3239} INFO - Sync 1 DAGs
[2024-10-22T09:26:56.976+0000] {logging_mixin.py:190} INFO - [2024-10-22T09:26:56.976+0000] {dag.py:4180} INFO - Setting next_dagrun for example_display_name to None, run_after=None
[2024-10-22T09:26:57.102+0000] {processor.py:208} INFO - Processing /home/airflow/.local/lib/python3.12/site-packages/airflow/example_dags/example_display_name.py took 0.431 seconds
[2024-10-22T09:27:27.978+0000] {processor.py:186} INFO - Started process (PID=512) to work on /home/airflow/.local/lib/python3.12/site-packages/airflow/example_dags/example_display_name.py
[2024-10-22T09:27:28.029+0000] {processor.py:914} INFO - Processing file /home/airflow/.local/lib/python3.12/site-packages/airflow/example_dags/example_display_name.py for tasks to queue
[2024-10-22T09:27:28.039+0000] {logging_mixin.py:190} INFO - [2024-10-22T09:27:28.038+0000] {dagbag.py:588} INFO - Filling up the DagBag from /home/airflow/.local/lib/python3.12/site-packages/airflow/example_dags/example_display_name.py
[2024-10-22T09:27:28.063+0000] {processor.py:925} INFO - DAG(s) 'example_display_name' retrieved from /home/airflow/.local/lib/python3.12/site-packages/airflow/example_dags/example_display_name.py
[2024-10-22T09:27:28.131+0000] {logging_mixin.py:190} INFO - [2024-10-22T09:27:28.131+0000] {dag.py:3239} INFO - Sync 1 DAGs
[2024-10-22T09:27:28.192+0000] {logging_mixin.py:190} INFO - [2024-10-22T09:27:28.192+0000] {dag.py:4180} INFO - Setting next_dagrun for example_display_name to None, run_after=None
[2024-10-22T09:27:28.250+0000] {processor.py:208} INFO - Processing /home/airflow/.local/lib/python3.12/site-packages/airflow/example_dags/example_display_name.py took 0.289 seconds
[2024-10-22T09:27:59.403+0000] {processor.py:186} INFO - Started process (PID=574) to work on /home/airflow/.local/lib/python3.12/site-packages/airflow/example_dags/example_display_name.py
[2024-10-22T09:27:59.407+0000] {processor.py:914} INFO - Processing file /home/airflow/.local/lib/python3.12/site-packages/airflow/example_dags/example_display_name.py for tasks to queue
[2024-10-22T09:27:59.414+0000] {logging_mixin.py:190} INFO - [2024-10-22T09:27:59.413+0000] {dagbag.py:588} INFO - Filling up the DagBag from /home/airflow/.local/lib/python3.12/site-packages/airflow/example_dags/example_display_name.py
[2024-10-22T09:27:59.447+0000] {processor.py:925} INFO - DAG(s) 'example_display_name' retrieved from /home/airflow/.local/lib/python3.12/site-packages/airflow/example_dags/example_display_name.py
[2024-10-22T09:27:59.575+0000] {logging_mixin.py:190} INFO - [2024-10-22T09:27:59.574+0000] {dag.py:3239} INFO - Sync 1 DAGs
[2024-10-22T09:27:59.677+0000] {logging_mixin.py:190} INFO - [2024-10-22T09:27:59.677+0000] {dag.py:4180} INFO - Setting next_dagrun for example_display_name to None, run_after=None
[2024-10-22T09:27:59.864+0000] {processor.py:208} INFO - Processing /home/airflow/.local/lib/python3.12/site-packages/airflow/example_dags/example_display_name.py took 0.490 seconds
[2024-10-22T09:28:30.453+0000] {processor.py:186} INFO - Started process (PID=636) to work on /home/airflow/.local/lib/python3.12/site-packages/airflow/example_dags/example_display_name.py
[2024-10-22T09:28:30.468+0000] {processor.py:914} INFO - Processing file /home/airflow/.local/lib/python3.12/site-packages/airflow/example_dags/example_display_name.py for tasks to queue
[2024-10-22T09:28:30.476+0000] {logging_mixin.py:190} INFO - [2024-10-22T09:28:30.475+0000] {dagbag.py:588} INFO - Filling up the DagBag from /home/airflow/.local/lib/python3.12/site-packages/airflow/example_dags/example_display_name.py
[2024-10-22T09:28:30.502+0000] {processor.py:925} INFO - DAG(s) 'example_display_name' retrieved from /home/airflow/.local/lib/python3.12/site-packages/airflow/example_dags/example_display_name.py
[2024-10-22T09:28:30.583+0000] {logging_mixin.py:190} INFO - [2024-10-22T09:28:30.582+0000] {dag.py:3239} INFO - Sync 1 DAGs
[2024-10-22T09:28:30.628+0000] {logging_mixin.py:190} INFO - [2024-10-22T09:28:30.627+0000] {dag.py:4180} INFO - Setting next_dagrun for example_display_name to None, run_after=None
[2024-10-22T09:28:30.685+0000] {processor.py:208} INFO - Processing /home/airflow/.local/lib/python3.12/site-packages/airflow/example_dags/example_display_name.py took 0.266 seconds
[2024-10-22T09:29:00.868+0000] {processor.py:186} INFO - Started process (PID=697) to work on /home/airflow/.local/lib/python3.12/site-packages/airflow/example_dags/example_display_name.py
[2024-10-22T09:29:00.871+0000] {processor.py:914} INFO - Processing file /home/airflow/.local/lib/python3.12/site-packages/airflow/example_dags/example_display_name.py for tasks to queue
[2024-10-22T09:29:00.879+0000] {logging_mixin.py:190} INFO - [2024-10-22T09:29:00.878+0000] {dagbag.py:588} INFO - Filling up the DagBag from /home/airflow/.local/lib/python3.12/site-packages/airflow/example_dags/example_display_name.py
[2024-10-22T09:29:00.899+0000] {processor.py:925} INFO - DAG(s) 'example_display_name' retrieved from /home/airflow/.local/lib/python3.12/site-packages/airflow/example_dags/example_display_name.py
[2024-10-22T09:29:00.959+0000] {logging_mixin.py:190} INFO - [2024-10-22T09:29:00.959+0000] {dag.py:3239} INFO - Sync 1 DAGs
[2024-10-22T09:29:00.999+0000] {logging_mixin.py:190} INFO - [2024-10-22T09:29:00.998+0000] {dag.py:4180} INFO - Setting next_dagrun for example_display_name to None, run_after=None
[2024-10-22T09:29:01.041+0000] {processor.py:208} INFO - Processing /home/airflow/.local/lib/python3.12/site-packages/airflow/example_dags/example_display_name.py took 0.195 seconds
[2024-10-22T09:29:31.484+0000] {processor.py:186} INFO - Started process (PID=760) to work on /home/airflow/.local/lib/python3.12/site-packages/airflow/example_dags/example_display_name.py
[2024-10-22T09:29:31.486+0000] {processor.py:914} INFO - Processing file /home/airflow/.local/lib/python3.12/site-packages/airflow/example_dags/example_display_name.py for tasks to queue
[2024-10-22T09:29:31.493+0000] {logging_mixin.py:190} INFO - [2024-10-22T09:29:31.492+0000] {dagbag.py:588} INFO - Filling up the DagBag from /home/airflow/.local/lib/python3.12/site-packages/airflow/example_dags/example_display_name.py
[2024-10-22T09:29:31.507+0000] {processor.py:925} INFO - DAG(s) 'example_display_name' retrieved from /home/airflow/.local/lib/python3.12/site-packages/airflow/example_dags/example_display_name.py
[2024-10-22T09:29:31.561+0000] {logging_mixin.py:190} INFO - [2024-10-22T09:29:31.561+0000] {dag.py:3239} INFO - Sync 1 DAGs
[2024-10-22T09:29:31.592+0000] {logging_mixin.py:190} INFO - [2024-10-22T09:29:31.591+0000] {dag.py:4180} INFO - Setting next_dagrun for example_display_name to None, run_after=None
[2024-10-22T09:29:31.649+0000] {processor.py:208} INFO - Processing /home/airflow/.local/lib/python3.12/site-packages/airflow/example_dags/example_display_name.py took 0.177 seconds
[2024-10-22T09:30:02.609+0000] {processor.py:186} INFO - Started process (PID=822) to work on /home/airflow/.local/lib/python3.12/site-packages/airflow/example_dags/example_display_name.py
[2024-10-22T09:30:02.612+0000] {processor.py:914} INFO - Processing file /home/airflow/.local/lib/python3.12/site-packages/airflow/example_dags/example_display_name.py for tasks to queue
[2024-10-22T09:30:02.619+0000] {logging_mixin.py:190} INFO - [2024-10-22T09:30:02.617+0000] {dagbag.py:588} INFO - Filling up the DagBag from /home/airflow/.local/lib/python3.12/site-packages/airflow/example_dags/example_display_name.py
[2024-10-22T09:30:02.643+0000] {processor.py:925} INFO - DAG(s) 'example_display_name' retrieved from /home/airflow/.local/lib/python3.12/site-packages/airflow/example_dags/example_display_name.py
[2024-10-22T09:30:02.706+0000] {logging_mixin.py:190} INFO - [2024-10-22T09:30:02.706+0000] {dag.py:3239} INFO - Sync 1 DAGs
[2024-10-22T09:30:02.750+0000] {logging_mixin.py:190} INFO - [2024-10-22T09:30:02.750+0000] {dag.py:4180} INFO - Setting next_dagrun for example_display_name to None, run_after=None
[2024-10-22T09:30:02.814+0000] {processor.py:208} INFO - Processing /home/airflow/.local/lib/python3.12/site-packages/airflow/example_dags/example_display_name.py took 0.226 seconds
[2024-10-22T09:30:36.117+0000] {processor.py:186} INFO - Started process (PID=885) to work on /home/airflow/.local/lib/python3.12/site-packages/airflow/example_dags/example_display_name.py
[2024-10-22T09:30:36.121+0000] {processor.py:914} INFO - Processing file /home/airflow/.local/lib/python3.12/site-packages/airflow/example_dags/example_display_name.py for tasks to queue
[2024-10-22T09:30:36.150+0000] {logging_mixin.py:190} INFO - [2024-10-22T09:30:36.149+0000] {dagbag.py:588} INFO - Filling up the DagBag from /home/airflow/.local/lib/python3.12/site-packages/airflow/example_dags/example_display_name.py
[2024-10-22T09:30:36.217+0000] {processor.py:925} INFO - DAG(s) 'example_display_name' retrieved from /home/airflow/.local/lib/python3.12/site-packages/airflow/example_dags/example_display_name.py
[2024-10-22T09:30:36.392+0000] {logging_mixin.py:190} INFO - [2024-10-22T09:30:36.391+0000] {dag.py:3239} INFO - Sync 1 DAGs
[2024-10-22T09:30:36.658+0000] {logging_mixin.py:190} INFO - [2024-10-22T09:30:36.658+0000] {dag.py:4180} INFO - Setting next_dagrun for example_display_name to None, run_after=None
[2024-10-22T09:30:36.852+0000] {processor.py:208} INFO - Processing /home/airflow/.local/lib/python3.12/site-packages/airflow/example_dags/example_display_name.py took 0.796 seconds
[2024-10-22T09:31:07.173+0000] {processor.py:186} INFO - Started process (PID=946) to work on /home/airflow/.local/lib/python3.12/site-packages/airflow/example_dags/example_display_name.py
[2024-10-22T09:31:07.175+0000] {processor.py:914} INFO - Processing file /home/airflow/.local/lib/python3.12/site-packages/airflow/example_dags/example_display_name.py for tasks to queue
[2024-10-22T09:31:07.203+0000] {logging_mixin.py:190} INFO - [2024-10-22T09:31:07.192+0000] {dagbag.py:588} INFO - Filling up the DagBag from /home/airflow/.local/lib/python3.12/site-packages/airflow/example_dags/example_display_name.py
[2024-10-22T09:31:07.251+0000] {processor.py:925} INFO - DAG(s) 'example_display_name' retrieved from /home/airflow/.local/lib/python3.12/site-packages/airflow/example_dags/example_display_name.py
[2024-10-22T09:31:07.334+0000] {logging_mixin.py:190} INFO - [2024-10-22T09:31:07.334+0000] {dag.py:3239} INFO - Sync 1 DAGs
[2024-10-22T09:31:07.430+0000] {logging_mixin.py:190} INFO - [2024-10-22T09:31:07.430+0000] {dag.py:4180} INFO - Setting next_dagrun for example_display_name to None, run_after=None
[2024-10-22T09:31:07.654+0000] {processor.py:208} INFO - Processing /home/airflow/.local/lib/python3.12/site-packages/airflow/example_dags/example_display_name.py took 0.526 seconds
[2024-10-22T09:31:45.709+0000] {processor.py:186} INFO - Started process (PID=1009) to work on /home/airflow/.local/lib/python3.12/site-packages/airflow/example_dags/example_display_name.py
[2024-10-22T09:31:45.711+0000] {processor.py:914} INFO - Processing file /home/airflow/.local/lib/python3.12/site-packages/airflow/example_dags/example_display_name.py for tasks to queue
[2024-10-22T09:31:45.738+0000] {logging_mixin.py:190} INFO - [2024-10-22T09:31:45.737+0000] {dagbag.py:588} INFO - Filling up the DagBag from /home/airflow/.local/lib/python3.12/site-packages/airflow/example_dags/example_display_name.py
[2024-10-22T09:31:45.789+0000] {processor.py:925} INFO - DAG(s) 'example_display_name' retrieved from /home/airflow/.local/lib/python3.12/site-packages/airflow/example_dags/example_display_name.py
[2024-10-22T09:31:45.902+0000] {logging_mixin.py:190} INFO - [2024-10-22T09:31:45.901+0000] {dag.py:3239} INFO - Sync 1 DAGs
[2024-10-22T09:31:46.063+0000] {logging_mixin.py:190} INFO - [2024-10-22T09:31:46.062+0000] {dag.py:4180} INFO - Setting next_dagrun for example_display_name to None, run_after=None
[2024-10-22T09:31:46.171+0000] {processor.py:208} INFO - Processing /home/airflow/.local/lib/python3.12/site-packages/airflow/example_dags/example_display_name.py took 0.509 seconds
[2024-10-22T09:32:23.391+0000] {processor.py:186} INFO - Started process (PID=1063) to work on /home/airflow/.local/lib/python3.12/site-packages/airflow/example_dags/example_display_name.py
[2024-10-22T09:32:23.394+0000] {processor.py:914} INFO - Processing file /home/airflow/.local/lib/python3.12/site-packages/airflow/example_dags/example_display_name.py for tasks to queue
[2024-10-22T09:32:23.412+0000] {logging_mixin.py:190} INFO - [2024-10-22T09:32:23.411+0000] {dagbag.py:588} INFO - Filling up the DagBag from /home/airflow/.local/lib/python3.12/site-packages/airflow/example_dags/example_display_name.py
[2024-10-22T09:32:23.487+0000] {processor.py:925} INFO - DAG(s) 'example_display_name' retrieved from /home/airflow/.local/lib/python3.12/site-packages/airflow/example_dags/example_display_name.py
[2024-10-22T09:32:23.672+0000] {logging_mixin.py:190} INFO - [2024-10-22T09:32:23.671+0000] {dag.py:3239} INFO - Sync 1 DAGs
[2024-10-22T09:32:23.797+0000] {logging_mixin.py:190} INFO - [2024-10-22T09:32:23.785+0000] {dag.py:4180} INFO - Setting next_dagrun for example_display_name to None, run_after=None
[2024-10-22T09:32:23.933+0000] {processor.py:208} INFO - Processing /home/airflow/.local/lib/python3.12/site-packages/airflow/example_dags/example_display_name.py took 0.603 seconds
[2024-10-22T09:33:00.499+0000] {processor.py:186} INFO - Started process (PID=1125) to work on /home/airflow/.local/lib/python3.12/site-packages/airflow/example_dags/example_display_name.py
[2024-10-22T09:33:00.502+0000] {processor.py:914} INFO - Processing file /home/airflow/.local/lib/python3.12/site-packages/airflow/example_dags/example_display_name.py for tasks to queue
[2024-10-22T09:33:00.514+0000] {logging_mixin.py:190} INFO - [2024-10-22T09:33:00.513+0000] {dagbag.py:588} INFO - Filling up the DagBag from /home/airflow/.local/lib/python3.12/site-packages/airflow/example_dags/example_display_name.py
[2024-10-22T09:33:00.540+0000] {processor.py:925} INFO - DAG(s) 'example_display_name' retrieved from /home/airflow/.local/lib/python3.12/site-packages/airflow/example_dags/example_display_name.py
[2024-10-22T09:33:00.657+0000] {logging_mixin.py:190} INFO - [2024-10-22T09:33:00.656+0000] {dag.py:3239} INFO - Sync 1 DAGs
[2024-10-22T09:33:00.800+0000] {logging_mixin.py:190} INFO - [2024-10-22T09:33:00.799+0000] {dag.py:4180} INFO - Setting next_dagrun for example_display_name to None, run_after=None
[2024-10-22T09:33:01.026+0000] {processor.py:208} INFO - Processing /home/airflow/.local/lib/python3.12/site-packages/airflow/example_dags/example_display_name.py took 0.551 seconds
[2024-10-22T09:33:32.177+0000] {processor.py:186} INFO - Started process (PID=1187) to work on /home/airflow/.local/lib/python3.12/site-packages/airflow/example_dags/example_display_name.py
[2024-10-22T09:33:32.181+0000] {processor.py:914} INFO - Processing file /home/airflow/.local/lib/python3.12/site-packages/airflow/example_dags/example_display_name.py for tasks to queue
[2024-10-22T09:33:32.190+0000] {logging_mixin.py:190} INFO - [2024-10-22T09:33:32.189+0000] {dagbag.py:588} INFO - Filling up the DagBag from /home/airflow/.local/lib/python3.12/site-packages/airflow/example_dags/example_display_name.py
[2024-10-22T09:33:32.220+0000] {processor.py:925} INFO - DAG(s) 'example_display_name' retrieved from /home/airflow/.local/lib/python3.12/site-packages/airflow/example_dags/example_display_name.py
[2024-10-22T09:33:32.315+0000] {logging_mixin.py:190} INFO - [2024-10-22T09:33:32.315+0000] {dag.py:3239} INFO - Sync 1 DAGs
[2024-10-22T09:33:32.372+0000] {logging_mixin.py:190} INFO - [2024-10-22T09:33:32.371+0000] {dag.py:4180} INFO - Setting next_dagrun for example_display_name to None, run_after=None
[2024-10-22T09:33:32.447+0000] {processor.py:208} INFO - Processing /home/airflow/.local/lib/python3.12/site-packages/airflow/example_dags/example_display_name.py took 0.291 seconds
[2024-10-22T09:34:02.862+0000] {processor.py:186} INFO - Started process (PID=1248) to work on /home/airflow/.local/lib/python3.12/site-packages/airflow/example_dags/example_display_name.py
[2024-10-22T09:34:02.866+0000] {processor.py:914} INFO - Processing file /home/airflow/.local/lib/python3.12/site-packages/airflow/example_dags/example_display_name.py for tasks to queue
[2024-10-22T09:34:02.874+0000] {logging_mixin.py:190} INFO - [2024-10-22T09:34:02.873+0000] {dagbag.py:588} INFO - Filling up the DagBag from /home/airflow/.local/lib/python3.12/site-packages/airflow/example_dags/example_display_name.py
[2024-10-22T09:34:02.916+0000] {processor.py:925} INFO - DAG(s) 'example_display_name' retrieved from /home/airflow/.local/lib/python3.12/site-packages/airflow/example_dags/example_display_name.py
[2024-10-22T09:34:02.981+0000] {logging_mixin.py:190} INFO - [2024-10-22T09:34:02.978+0000] {dag.py:3239} INFO - Sync 1 DAGs
[2024-10-22T09:34:03.057+0000] {logging_mixin.py:190} INFO - [2024-10-22T09:34:03.056+0000] {dag.py:4180} INFO - Setting next_dagrun for example_display_name to None, run_after=None
[2024-10-22T09:34:03.111+0000] {processor.py:208} INFO - Processing /home/airflow/.local/lib/python3.12/site-packages/airflow/example_dags/example_display_name.py took 0.286 seconds
[2024-10-22T09:34:34.136+0000] {processor.py:186} INFO - Started process (PID=1311) to work on /home/airflow/.local/lib/python3.12/site-packages/airflow/example_dags/example_display_name.py
[2024-10-22T09:34:34.138+0000] {processor.py:914} INFO - Processing file /home/airflow/.local/lib/python3.12/site-packages/airflow/example_dags/example_display_name.py for tasks to queue
[2024-10-22T09:34:34.145+0000] {logging_mixin.py:190} INFO - [2024-10-22T09:34:34.145+0000] {dagbag.py:588} INFO - Filling up the DagBag from /home/airflow/.local/lib/python3.12/site-packages/airflow/example_dags/example_display_name.py
[2024-10-22T09:34:34.175+0000] {processor.py:925} INFO - DAG(s) 'example_display_name' retrieved from /home/airflow/.local/lib/python3.12/site-packages/airflow/example_dags/example_display_name.py
[2024-10-22T09:34:34.262+0000] {logging_mixin.py:190} INFO - [2024-10-22T09:34:34.261+0000] {dag.py:3239} INFO - Sync 1 DAGs
[2024-10-22T09:34:34.313+0000] {logging_mixin.py:190} INFO - [2024-10-22T09:34:34.313+0000] {dag.py:4180} INFO - Setting next_dagrun for example_display_name to None, run_after=None
[2024-10-22T09:34:34.410+0000] {processor.py:208} INFO - Processing /home/airflow/.local/lib/python3.12/site-packages/airflow/example_dags/example_display_name.py took 0.300 seconds
[2024-10-22T09:35:04.731+0000] {processor.py:186} INFO - Started process (PID=1373) to work on /home/airflow/.local/lib/python3.12/site-packages/airflow/example_dags/example_display_name.py
[2024-10-22T09:35:04.734+0000] {processor.py:914} INFO - Processing file /home/airflow/.local/lib/python3.12/site-packages/airflow/example_dags/example_display_name.py for tasks to queue
[2024-10-22T09:35:04.751+0000] {logging_mixin.py:190} INFO - [2024-10-22T09:35:04.750+0000] {dagbag.py:588} INFO - Filling up the DagBag from /home/airflow/.local/lib/python3.12/site-packages/airflow/example_dags/example_display_name.py
[2024-10-22T09:35:04.822+0000] {processor.py:925} INFO - DAG(s) 'example_display_name' retrieved from /home/airflow/.local/lib/python3.12/site-packages/airflow/example_dags/example_display_name.py
[2024-10-22T09:35:04.926+0000] {logging_mixin.py:190} INFO - [2024-10-22T09:35:04.926+0000] {dag.py:3239} INFO - Sync 1 DAGs
[2024-10-22T09:35:04.954+0000] {logging_mixin.py:190} INFO - [2024-10-22T09:35:04.954+0000] {dag.py:4180} INFO - Setting next_dagrun for example_display_name to None, run_after=None
[2024-10-22T09:35:05.010+0000] {processor.py:208} INFO - Processing /home/airflow/.local/lib/python3.12/site-packages/airflow/example_dags/example_display_name.py took 0.294 seconds
[2024-10-22T09:35:35.074+0000] {processor.py:186} INFO - Started process (PID=1435) to work on /home/airflow/.local/lib/python3.12/site-packages/airflow/example_dags/example_display_name.py
[2024-10-22T09:35:35.076+0000] {processor.py:914} INFO - Processing file /home/airflow/.local/lib/python3.12/site-packages/airflow/example_dags/example_display_name.py for tasks to queue
[2024-10-22T09:35:35.082+0000] {logging_mixin.py:190} INFO - [2024-10-22T09:35:35.081+0000] {dagbag.py:588} INFO - Filling up the DagBag from /home/airflow/.local/lib/python3.12/site-packages/airflow/example_dags/example_display_name.py
[2024-10-22T09:35:35.101+0000] {processor.py:925} INFO - DAG(s) 'example_display_name' retrieved from /home/airflow/.local/lib/python3.12/site-packages/airflow/example_dags/example_display_name.py
[2024-10-22T09:35:35.152+0000] {logging_mixin.py:190} INFO - [2024-10-22T09:35:35.151+0000] {dag.py:3239} INFO - Sync 1 DAGs
[2024-10-22T09:35:35.195+0000] {logging_mixin.py:190} INFO - [2024-10-22T09:35:35.194+0000] {dag.py:4180} INFO - Setting next_dagrun for example_display_name to None, run_after=None
[2024-10-22T09:35:35.246+0000] {processor.py:208} INFO - Processing /home/airflow/.local/lib/python3.12/site-packages/airflow/example_dags/example_display_name.py took 0.188 seconds
[2024-10-22T09:36:05.935+0000] {processor.py:186} INFO - Started process (PID=1497) to work on /home/airflow/.local/lib/python3.12/site-packages/airflow/example_dags/example_display_name.py
[2024-10-22T09:36:05.936+0000] {processor.py:914} INFO - Processing file /home/airflow/.local/lib/python3.12/site-packages/airflow/example_dags/example_display_name.py for tasks to queue
[2024-10-22T09:36:05.941+0000] {logging_mixin.py:190} INFO - [2024-10-22T09:36:05.941+0000] {dagbag.py:588} INFO - Filling up the DagBag from /home/airflow/.local/lib/python3.12/site-packages/airflow/example_dags/example_display_name.py
[2024-10-22T09:36:05.957+0000] {processor.py:925} INFO - DAG(s) 'example_display_name' retrieved from /home/airflow/.local/lib/python3.12/site-packages/airflow/example_dags/example_display_name.py
[2024-10-22T09:36:06.000+0000] {logging_mixin.py:190} INFO - [2024-10-22T09:36:05.999+0000] {dag.py:3239} INFO - Sync 1 DAGs
[2024-10-22T09:36:06.028+0000] {logging_mixin.py:190} INFO - [2024-10-22T09:36:06.028+0000] {dag.py:4180} INFO - Setting next_dagrun for example_display_name to None, run_after=None
[2024-10-22T09:36:06.070+0000] {processor.py:208} INFO - Processing /home/airflow/.local/lib/python3.12/site-packages/airflow/example_dags/example_display_name.py took 0.148 seconds
[2024-10-22T09:36:36.556+0000] {processor.py:186} INFO - Started process (PID=1560) to work on /home/airflow/.local/lib/python3.12/site-packages/airflow/example_dags/example_display_name.py
[2024-10-22T09:36:36.559+0000] {processor.py:914} INFO - Processing file /home/airflow/.local/lib/python3.12/site-packages/airflow/example_dags/example_display_name.py for tasks to queue
[2024-10-22T09:36:36.564+0000] {logging_mixin.py:190} INFO - [2024-10-22T09:36:36.564+0000] {dagbag.py:588} INFO - Filling up the DagBag from /home/airflow/.local/lib/python3.12/site-packages/airflow/example_dags/example_display_name.py
[2024-10-22T09:36:36.581+0000] {processor.py:925} INFO - DAG(s) 'example_display_name' retrieved from /home/airflow/.local/lib/python3.12/site-packages/airflow/example_dags/example_display_name.py
[2024-10-22T09:36:36.622+0000] {logging_mixin.py:190} INFO - [2024-10-22T09:36:36.621+0000] {dag.py:3239} INFO - Sync 1 DAGs
[2024-10-22T09:36:36.657+0000] {logging_mixin.py:190} INFO - [2024-10-22T09:36:36.657+0000] {dag.py:4180} INFO - Setting next_dagrun for example_display_name to None, run_after=None
[2024-10-22T09:36:36.693+0000] {processor.py:208} INFO - Processing /home/airflow/.local/lib/python3.12/site-packages/airflow/example_dags/example_display_name.py took 0.151 seconds
[2024-10-22T09:37:07.773+0000] {processor.py:186} INFO - Started process (PID=1622) to work on /home/airflow/.local/lib/python3.12/site-packages/airflow/example_dags/example_display_name.py
[2024-10-22T09:37:07.775+0000] {processor.py:914} INFO - Processing file /home/airflow/.local/lib/python3.12/site-packages/airflow/example_dags/example_display_name.py for tasks to queue
[2024-10-22T09:37:07.783+0000] {logging_mixin.py:190} INFO - [2024-10-22T09:37:07.782+0000] {dagbag.py:588} INFO - Filling up the DagBag from /home/airflow/.local/lib/python3.12/site-packages/airflow/example_dags/example_display_name.py
[2024-10-22T09:37:07.805+0000] {processor.py:925} INFO - DAG(s) 'example_display_name' retrieved from /home/airflow/.local/lib/python3.12/site-packages/airflow/example_dags/example_display_name.py
[2024-10-22T09:37:07.879+0000] {logging_mixin.py:190} INFO - [2024-10-22T09:37:07.878+0000] {dag.py:3239} INFO - Sync 1 DAGs
[2024-10-22T09:37:07.929+0000] {logging_mixin.py:190} INFO - [2024-10-22T09:37:07.928+0000] {dag.py:4180} INFO - Setting next_dagrun for example_display_name to None, run_after=None
[2024-10-22T09:37:07.989+0000] {processor.py:208} INFO - Processing /home/airflow/.local/lib/python3.12/site-packages/airflow/example_dags/example_display_name.py took 0.234 seconds
[2024-10-22T09:37:38.181+0000] {processor.py:186} INFO - Started process (PID=1684) to work on /home/airflow/.local/lib/python3.12/site-packages/airflow/example_dags/example_display_name.py
[2024-10-22T09:37:38.183+0000] {processor.py:914} INFO - Processing file /home/airflow/.local/lib/python3.12/site-packages/airflow/example_dags/example_display_name.py for tasks to queue
[2024-10-22T09:37:38.189+0000] {logging_mixin.py:190} INFO - [2024-10-22T09:37:38.188+0000] {dagbag.py:588} INFO - Filling up the DagBag from /home/airflow/.local/lib/python3.12/site-packages/airflow/example_dags/example_display_name.py
[2024-10-22T09:37:38.205+0000] {processor.py:925} INFO - DAG(s) 'example_display_name' retrieved from /home/airflow/.local/lib/python3.12/site-packages/airflow/example_dags/example_display_name.py
[2024-10-22T09:37:38.244+0000] {logging_mixin.py:190} INFO - [2024-10-22T09:37:38.243+0000] {dag.py:3239} INFO - Sync 1 DAGs
[2024-10-22T09:37:38.275+0000] {logging_mixin.py:190} INFO - [2024-10-22T09:37:38.275+0000] {dag.py:4180} INFO - Setting next_dagrun for example_display_name to None, run_after=None
[2024-10-22T09:37:38.314+0000] {processor.py:208} INFO - Processing /home/airflow/.local/lib/python3.12/site-packages/airflow/example_dags/example_display_name.py took 0.146 seconds
[2024-10-22T09:38:08.786+0000] {processor.py:186} INFO - Started process (PID=1746) to work on /home/airflow/.local/lib/python3.12/site-packages/airflow/example_dags/example_display_name.py
[2024-10-22T09:38:08.788+0000] {processor.py:914} INFO - Processing file /home/airflow/.local/lib/python3.12/site-packages/airflow/example_dags/example_display_name.py for tasks to queue
[2024-10-22T09:38:08.793+0000] {logging_mixin.py:190} INFO - [2024-10-22T09:38:08.792+0000] {dagbag.py:588} INFO - Filling up the DagBag from /home/airflow/.local/lib/python3.12/site-packages/airflow/example_dags/example_display_name.py
[2024-10-22T09:38:08.811+0000] {processor.py:925} INFO - DAG(s) 'example_display_name' retrieved from /home/airflow/.local/lib/python3.12/site-packages/airflow/example_dags/example_display_name.py
[2024-10-22T09:38:08.853+0000] {logging_mixin.py:190} INFO - [2024-10-22T09:38:08.853+0000] {dag.py:3239} INFO - Sync 1 DAGs
[2024-10-22T09:38:08.888+0000] {logging_mixin.py:190} INFO - [2024-10-22T09:38:08.888+0000] {dag.py:4180} INFO - Setting next_dagrun for example_display_name to None, run_after=None
[2024-10-22T09:38:08.926+0000] {processor.py:208} INFO - Processing /home/airflow/.local/lib/python3.12/site-packages/airflow/example_dags/example_display_name.py took 0.153 seconds
[2024-10-22T09:38:39.674+0000] {processor.py:186} INFO - Started process (PID=1808) to work on /home/airflow/.local/lib/python3.12/site-packages/airflow/example_dags/example_display_name.py
[2024-10-22T09:38:39.677+0000] {processor.py:914} INFO - Processing file /home/airflow/.local/lib/python3.12/site-packages/airflow/example_dags/example_display_name.py for tasks to queue
[2024-10-22T09:38:39.682+0000] {logging_mixin.py:190} INFO - [2024-10-22T09:38:39.681+0000] {dagbag.py:588} INFO - Filling up the DagBag from /home/airflow/.local/lib/python3.12/site-packages/airflow/example_dags/example_display_name.py
[2024-10-22T09:38:39.701+0000] {processor.py:925} INFO - DAG(s) 'example_display_name' retrieved from /home/airflow/.local/lib/python3.12/site-packages/airflow/example_dags/example_display_name.py
[2024-10-22T09:38:39.740+0000] {logging_mixin.py:190} INFO - [2024-10-22T09:38:39.739+0000] {dag.py:3239} INFO - Sync 1 DAGs
[2024-10-22T09:38:39.773+0000] {logging_mixin.py:190} INFO - [2024-10-22T09:38:39.772+0000] {dag.py:4180} INFO - Setting next_dagrun for example_display_name to None, run_after=None
[2024-10-22T09:38:39.815+0000] {processor.py:208} INFO - Processing /home/airflow/.local/lib/python3.12/site-packages/airflow/example_dags/example_display_name.py took 0.157 seconds
[2024-10-22T09:39:10.672+0000] {processor.py:186} INFO - Started process (PID=1871) to work on /home/airflow/.local/lib/python3.12/site-packages/airflow/example_dags/example_display_name.py
[2024-10-22T09:39:10.675+0000] {processor.py:914} INFO - Processing file /home/airflow/.local/lib/python3.12/site-packages/airflow/example_dags/example_display_name.py for tasks to queue
[2024-10-22T09:39:10.681+0000] {logging_mixin.py:190} INFO - [2024-10-22T09:39:10.681+0000] {dagbag.py:588} INFO - Filling up the DagBag from /home/airflow/.local/lib/python3.12/site-packages/airflow/example_dags/example_display_name.py
[2024-10-22T09:39:10.699+0000] {processor.py:925} INFO - DAG(s) 'example_display_name' retrieved from /home/airflow/.local/lib/python3.12/site-packages/airflow/example_dags/example_display_name.py
[2024-10-22T09:39:10.743+0000] {logging_mixin.py:190} INFO - [2024-10-22T09:39:10.743+0000] {dag.py:3239} INFO - Sync 1 DAGs
[2024-10-22T09:39:10.778+0000] {logging_mixin.py:190} INFO - [2024-10-22T09:39:10.778+0000] {dag.py:4180} INFO - Setting next_dagrun for example_display_name to None, run_after=None
[2024-10-22T09:39:10.830+0000] {processor.py:208} INFO - Processing /home/airflow/.local/lib/python3.12/site-packages/airflow/example_dags/example_display_name.py took 0.172 seconds
[2024-10-22T09:39:41.314+0000] {processor.py:186} INFO - Started process (PID=1933) to work on /home/airflow/.local/lib/python3.12/site-packages/airflow/example_dags/example_display_name.py
[2024-10-22T09:39:41.315+0000] {processor.py:914} INFO - Processing file /home/airflow/.local/lib/python3.12/site-packages/airflow/example_dags/example_display_name.py for tasks to queue
[2024-10-22T09:39:41.320+0000] {logging_mixin.py:190} INFO - [2024-10-22T09:39:41.319+0000] {dagbag.py:588} INFO - Filling up the DagBag from /home/airflow/.local/lib/python3.12/site-packages/airflow/example_dags/example_display_name.py
[2024-10-22T09:39:41.333+0000] {processor.py:925} INFO - DAG(s) 'example_display_name' retrieved from /home/airflow/.local/lib/python3.12/site-packages/airflow/example_dags/example_display_name.py
[2024-10-22T09:39:41.368+0000] {logging_mixin.py:190} INFO - [2024-10-22T09:39:41.367+0000] {dag.py:3239} INFO - Sync 1 DAGs
[2024-10-22T09:39:41.399+0000] {logging_mixin.py:190} INFO - [2024-10-22T09:39:41.398+0000] {dag.py:4180} INFO - Setting next_dagrun for example_display_name to None, run_after=None
[2024-10-22T09:39:41.435+0000] {processor.py:208} INFO - Processing /home/airflow/.local/lib/python3.12/site-packages/airflow/example_dags/example_display_name.py took 0.132 seconds
[2024-10-22T09:40:12.218+0000] {processor.py:186} INFO - Started process (PID=1995) to work on /home/airflow/.local/lib/python3.12/site-packages/airflow/example_dags/example_display_name.py
[2024-10-22T09:40:12.221+0000] {processor.py:914} INFO - Processing file /home/airflow/.local/lib/python3.12/site-packages/airflow/example_dags/example_display_name.py for tasks to queue
[2024-10-22T09:40:12.227+0000] {logging_mixin.py:190} INFO - [2024-10-22T09:40:12.227+0000] {dagbag.py:588} INFO - Filling up the DagBag from /home/airflow/.local/lib/python3.12/site-packages/airflow/example_dags/example_display_name.py
[2024-10-22T09:40:12.259+0000] {processor.py:925} INFO - DAG(s) 'example_display_name' retrieved from /home/airflow/.local/lib/python3.12/site-packages/airflow/example_dags/example_display_name.py
[2024-10-22T09:40:12.328+0000] {logging_mixin.py:190} INFO - [2024-10-22T09:40:12.327+0000] {dag.py:3239} INFO - Sync 1 DAGs
[2024-10-22T09:40:12.362+0000] {logging_mixin.py:190} INFO - [2024-10-22T09:40:12.362+0000] {dag.py:4180} INFO - Setting next_dagrun for example_display_name to None, run_after=None
[2024-10-22T09:40:12.442+0000] {processor.py:208} INFO - Processing /home/airflow/.local/lib/python3.12/site-packages/airflow/example_dags/example_display_name.py took 0.247 seconds
[2024-10-22T09:40:43.222+0000] {processor.py:186} INFO - Started process (PID=2057) to work on /home/airflow/.local/lib/python3.12/site-packages/airflow/example_dags/example_display_name.py
[2024-10-22T09:40:43.224+0000] {processor.py:914} INFO - Processing file /home/airflow/.local/lib/python3.12/site-packages/airflow/example_dags/example_display_name.py for tasks to queue
[2024-10-22T09:40:43.228+0000] {logging_mixin.py:190} INFO - [2024-10-22T09:40:43.227+0000] {dagbag.py:588} INFO - Filling up the DagBag from /home/airflow/.local/lib/python3.12/site-packages/airflow/example_dags/example_display_name.py
[2024-10-22T09:40:43.247+0000] {processor.py:925} INFO - DAG(s) 'example_display_name' retrieved from /home/airflow/.local/lib/python3.12/site-packages/airflow/example_dags/example_display_name.py
[2024-10-22T09:40:43.288+0000] {logging_mixin.py:190} INFO - [2024-10-22T09:40:43.287+0000] {dag.py:3239} INFO - Sync 1 DAGs
[2024-10-22T09:40:43.316+0000] {logging_mixin.py:190} INFO - [2024-10-22T09:40:43.316+0000] {dag.py:4180} INFO - Setting next_dagrun for example_display_name to None, run_after=None
[2024-10-22T09:40:43.362+0000] {processor.py:208} INFO - Processing /home/airflow/.local/lib/python3.12/site-packages/airflow/example_dags/example_display_name.py took 0.156 seconds
[2024-10-22T09:41:13.591+0000] {processor.py:186} INFO - Started process (PID=2119) to work on /home/airflow/.local/lib/python3.12/site-packages/airflow/example_dags/example_display_name.py
[2024-10-22T09:41:13.593+0000] {processor.py:914} INFO - Processing file /home/airflow/.local/lib/python3.12/site-packages/airflow/example_dags/example_display_name.py for tasks to queue
[2024-10-22T09:41:13.598+0000] {logging_mixin.py:190} INFO - [2024-10-22T09:41:13.598+0000] {dagbag.py:588} INFO - Filling up the DagBag from /home/airflow/.local/lib/python3.12/site-packages/airflow/example_dags/example_display_name.py
[2024-10-22T09:41:13.615+0000] {processor.py:925} INFO - DAG(s) 'example_display_name' retrieved from /home/airflow/.local/lib/python3.12/site-packages/airflow/example_dags/example_display_name.py
[2024-10-22T09:41:13.652+0000] {logging_mixin.py:190} INFO - [2024-10-22T09:41:13.652+0000] {dag.py:3239} INFO - Sync 1 DAGs
[2024-10-22T09:41:13.684+0000] {logging_mixin.py:190} INFO - [2024-10-22T09:41:13.684+0000] {dag.py:4180} INFO - Setting next_dagrun for example_display_name to None, run_after=None
[2024-10-22T09:41:13.723+0000] {processor.py:208} INFO - Processing /home/airflow/.local/lib/python3.12/site-packages/airflow/example_dags/example_display_name.py took 0.144 seconds
[2024-10-22T09:41:44.584+0000] {processor.py:186} INFO - Started process (PID=2181) to work on /home/airflow/.local/lib/python3.12/site-packages/airflow/example_dags/example_display_name.py
[2024-10-22T09:41:44.586+0000] {processor.py:914} INFO - Processing file /home/airflow/.local/lib/python3.12/site-packages/airflow/example_dags/example_display_name.py for tasks to queue
[2024-10-22T09:41:44.591+0000] {logging_mixin.py:190} INFO - [2024-10-22T09:41:44.590+0000] {dagbag.py:588} INFO - Filling up the DagBag from /home/airflow/.local/lib/python3.12/site-packages/airflow/example_dags/example_display_name.py
[2024-10-22T09:41:44.608+0000] {processor.py:925} INFO - DAG(s) 'example_display_name' retrieved from /home/airflow/.local/lib/python3.12/site-packages/airflow/example_dags/example_display_name.py
[2024-10-22T09:41:44.645+0000] {logging_mixin.py:190} INFO - [2024-10-22T09:41:44.644+0000] {dag.py:3239} INFO - Sync 1 DAGs
[2024-10-22T09:41:44.678+0000] {logging_mixin.py:190} INFO - [2024-10-22T09:41:44.678+0000] {dag.py:4180} INFO - Setting next_dagrun for example_display_name to None, run_after=None
[2024-10-22T09:41:44.717+0000] {processor.py:208} INFO - Processing /home/airflow/.local/lib/python3.12/site-packages/airflow/example_dags/example_display_name.py took 0.144 seconds
[2024-10-22T09:42:15.108+0000] {processor.py:186} INFO - Started process (PID=2243) to work on /home/airflow/.local/lib/python3.12/site-packages/airflow/example_dags/example_display_name.py
[2024-10-22T09:42:15.122+0000] {processor.py:914} INFO - Processing file /home/airflow/.local/lib/python3.12/site-packages/airflow/example_dags/example_display_name.py for tasks to queue
[2024-10-22T09:42:15.128+0000] {logging_mixin.py:190} INFO - [2024-10-22T09:42:15.127+0000] {dagbag.py:588} INFO - Filling up the DagBag from /home/airflow/.local/lib/python3.12/site-packages/airflow/example_dags/example_display_name.py
[2024-10-22T09:42:15.179+0000] {processor.py:925} INFO - DAG(s) 'example_display_name' retrieved from /home/airflow/.local/lib/python3.12/site-packages/airflow/example_dags/example_display_name.py
[2024-10-22T09:42:15.235+0000] {logging_mixin.py:190} INFO - [2024-10-22T09:42:15.229+0000] {dag.py:3239} INFO - Sync 1 DAGs
[2024-10-22T09:42:15.303+0000] {logging_mixin.py:190} INFO - [2024-10-22T09:42:15.302+0000] {dag.py:4180} INFO - Setting next_dagrun for example_display_name to None, run_after=None
[2024-10-22T09:42:15.354+0000] {processor.py:208} INFO - Processing /home/airflow/.local/lib/python3.12/site-packages/airflow/example_dags/example_display_name.py took 0.274 seconds
[2024-10-22T09:42:46.042+0000] {processor.py:186} INFO - Started process (PID=2305) to work on /home/airflow/.local/lib/python3.12/site-packages/airflow/example_dags/example_display_name.py
[2024-10-22T09:42:46.043+0000] {processor.py:914} INFO - Processing file /home/airflow/.local/lib/python3.12/site-packages/airflow/example_dags/example_display_name.py for tasks to queue
[2024-10-22T09:42:46.048+0000] {logging_mixin.py:190} INFO - [2024-10-22T09:42:46.047+0000] {dagbag.py:588} INFO - Filling up the DagBag from /home/airflow/.local/lib/python3.12/site-packages/airflow/example_dags/example_display_name.py
[2024-10-22T09:42:46.062+0000] {processor.py:925} INFO - DAG(s) 'example_display_name' retrieved from /home/airflow/.local/lib/python3.12/site-packages/airflow/example_dags/example_display_name.py
[2024-10-22T09:42:46.105+0000] {logging_mixin.py:190} INFO - [2024-10-22T09:42:46.104+0000] {dag.py:3239} INFO - Sync 1 DAGs
[2024-10-22T09:42:46.132+0000] {logging_mixin.py:190} INFO - [2024-10-22T09:42:46.131+0000] {dag.py:4180} INFO - Setting next_dagrun for example_display_name to None, run_after=None
[2024-10-22T09:42:46.167+0000] {processor.py:208} INFO - Processing /home/airflow/.local/lib/python3.12/site-packages/airflow/example_dags/example_display_name.py took 0.138 seconds
[2024-10-22T09:43:16.310+0000] {processor.py:186} INFO - Started process (PID=2366) to work on /home/airflow/.local/lib/python3.12/site-packages/airflow/example_dags/example_display_name.py
[2024-10-22T09:43:16.312+0000] {processor.py:914} INFO - Processing file /home/airflow/.local/lib/python3.12/site-packages/airflow/example_dags/example_display_name.py for tasks to queue
[2024-10-22T09:43:16.321+0000] {logging_mixin.py:190} INFO - [2024-10-22T09:43:16.316+0000] {dagbag.py:588} INFO - Filling up the DagBag from /home/airflow/.local/lib/python3.12/site-packages/airflow/example_dags/example_display_name.py
[2024-10-22T09:43:16.344+0000] {processor.py:925} INFO - DAG(s) 'example_display_name' retrieved from /home/airflow/.local/lib/python3.12/site-packages/airflow/example_dags/example_display_name.py
[2024-10-22T09:43:16.392+0000] {logging_mixin.py:190} INFO - [2024-10-22T09:43:16.391+0000] {dag.py:3239} INFO - Sync 1 DAGs
[2024-10-22T09:43:16.440+0000] {logging_mixin.py:190} INFO - [2024-10-22T09:43:16.439+0000] {dag.py:4180} INFO - Setting next_dagrun for example_display_name to None, run_after=None
[2024-10-22T09:43:16.490+0000] {processor.py:208} INFO - Processing /home/airflow/.local/lib/python3.12/site-packages/airflow/example_dags/example_display_name.py took 0.192 seconds
[2024-10-22T09:43:46.762+0000] {processor.py:186} INFO - Started process (PID=2428) to work on /home/airflow/.local/lib/python3.12/site-packages/airflow/example_dags/example_display_name.py
[2024-10-22T09:43:46.764+0000] {processor.py:914} INFO - Processing file /home/airflow/.local/lib/python3.12/site-packages/airflow/example_dags/example_display_name.py for tasks to queue
[2024-10-22T09:43:46.768+0000] {logging_mixin.py:190} INFO - [2024-10-22T09:43:46.768+0000] {dagbag.py:588} INFO - Filling up the DagBag from /home/airflow/.local/lib/python3.12/site-packages/airflow/example_dags/example_display_name.py
[2024-10-22T09:43:46.787+0000] {processor.py:925} INFO - DAG(s) 'example_display_name' retrieved from /home/airflow/.local/lib/python3.12/site-packages/airflow/example_dags/example_display_name.py
[2024-10-22T09:43:46.822+0000] {logging_mixin.py:190} INFO - [2024-10-22T09:43:46.822+0000] {dag.py:3239} INFO - Sync 1 DAGs
[2024-10-22T09:43:46.853+0000] {logging_mixin.py:190} INFO - [2024-10-22T09:43:46.852+0000] {dag.py:4180} INFO - Setting next_dagrun for example_display_name to None, run_after=None
[2024-10-22T09:43:46.890+0000] {processor.py:208} INFO - Processing /home/airflow/.local/lib/python3.12/site-packages/airflow/example_dags/example_display_name.py took 0.141 seconds
