[2024-10-22T09:23:27.054+0000] {processor.py:186} INFO - Started process (PID=88) to work on /home/airflow/.local/lib/python3.12/site-packages/airflow/example_dags/example_branch_operator.py
[2024-10-22T09:23:27.057+0000] {processor.py:914} INFO - Processing file /home/airflow/.local/lib/python3.12/site-packages/airflow/example_dags/example_branch_operator.py for tasks to queue
[2024-10-22T09:23:27.065+0000] {logging_mixin.py:190} INFO - [2024-10-22T09:23:27.064+0000] {dagbag.py:588} INFO - Filling up the DagBag from /home/airflow/.local/lib/python3.12/site-packages/airflow/example_dags/example_branch_operator.py
[2024-10-22T09:23:27.206+0000] {processor.py:925} INFO - DAG(s) 'example_branch_operator' retrieved from /home/airflow/.local/lib/python3.12/site-packages/airflow/example_dags/example_branch_operator.py
[2024-10-22T09:23:28.086+0000] {logging_mixin.py:190} INFO - [2024-10-22T09:23:28.086+0000] {dag.py:3239} INFO - Sync 1 DAGs
[2024-10-22T09:23:28.219+0000] {logging_mixin.py:190} INFO - [2024-10-22T09:23:28.217+0000] {dag.py:4180} INFO - Setting next_dagrun for example_branch_operator to 2024-10-21 00:00:00+00:00, run_after=2024-10-22 00:00:00+00:00
[2024-10-22T09:23:28.349+0000] {processor.py:208} INFO - Processing /home/airflow/.local/lib/python3.12/site-packages/airflow/example_dags/example_branch_operator.py took 1.323 seconds
[2024-10-22T09:24:18.199+0000] {processor.py:186} INFO - Started process (PID=167) to work on /home/airflow/.local/lib/python3.12/site-packages/airflow/example_dags/example_branch_operator.py
[2024-10-22T09:24:18.201+0000] {processor.py:914} INFO - Processing file /home/airflow/.local/lib/python3.12/site-packages/airflow/example_dags/example_branch_operator.py for tasks to queue
[2024-10-22T09:24:18.205+0000] {logging_mixin.py:190} INFO - [2024-10-22T09:24:18.205+0000] {dagbag.py:588} INFO - Filling up the DagBag from /home/airflow/.local/lib/python3.12/site-packages/airflow/example_dags/example_branch_operator.py
[2024-10-22T09:24:18.239+0000] {processor.py:925} INFO - DAG(s) 'example_branch_operator' retrieved from /home/airflow/.local/lib/python3.12/site-packages/airflow/example_dags/example_branch_operator.py
[2024-10-22T09:24:18.300+0000] {logging_mixin.py:190} INFO - [2024-10-22T09:24:18.300+0000] {dag.py:3239} INFO - Sync 1 DAGs
[2024-10-22T09:24:18.343+0000] {logging_mixin.py:190} INFO - [2024-10-22T09:24:18.343+0000] {dag.py:4180} INFO - Setting next_dagrun for example_branch_operator to 2024-10-21 00:00:00+00:00, run_after=2024-10-22 00:00:00+00:00
[2024-10-22T09:24:19.524+0000] {processor.py:208} INFO - Processing /home/airflow/.local/lib/python3.12/site-packages/airflow/example_dags/example_branch_operator.py took 1.337 seconds
[2024-10-22T09:24:53.850+0000] {processor.py:186} INFO - Started process (PID=229) to work on /home/airflow/.local/lib/python3.12/site-packages/airflow/example_dags/example_branch_operator.py
[2024-10-22T09:24:53.864+0000] {processor.py:914} INFO - Processing file /home/airflow/.local/lib/python3.12/site-packages/airflow/example_dags/example_branch_operator.py for tasks to queue
[2024-10-22T09:24:53.875+0000] {logging_mixin.py:190} INFO - [2024-10-22T09:24:53.875+0000] {dagbag.py:588} INFO - Filling up the DagBag from /home/airflow/.local/lib/python3.12/site-packages/airflow/example_dags/example_branch_operator.py
[2024-10-22T09:24:53.985+0000] {processor.py:925} INFO - DAG(s) 'example_branch_operator' retrieved from /home/airflow/.local/lib/python3.12/site-packages/airflow/example_dags/example_branch_operator.py
[2024-10-22T09:24:54.141+0000] {logging_mixin.py:190} INFO - [2024-10-22T09:24:54.140+0000] {dag.py:3239} INFO - Sync 1 DAGs
[2024-10-22T09:24:54.308+0000] {logging_mixin.py:190} INFO - [2024-10-22T09:24:54.308+0000] {dag.py:4180} INFO - Setting next_dagrun for example_branch_operator to 2024-10-21 00:00:00+00:00, run_after=2024-10-22 00:00:00+00:00
[2024-10-22T09:24:54.436+0000] {processor.py:208} INFO - Processing /home/airflow/.local/lib/python3.12/site-packages/airflow/example_dags/example_branch_operator.py took 0.630 seconds
[2024-10-22T09:25:30.035+0000] {processor.py:186} INFO - Started process (PID=291) to work on /home/airflow/.local/lib/python3.12/site-packages/airflow/example_dags/example_branch_operator.py
[2024-10-22T09:25:30.042+0000] {processor.py:914} INFO - Processing file /home/airflow/.local/lib/python3.12/site-packages/airflow/example_dags/example_branch_operator.py for tasks to queue
[2024-10-22T09:25:30.109+0000] {logging_mixin.py:190} INFO - [2024-10-22T09:25:30.108+0000] {dagbag.py:588} INFO - Filling up the DagBag from /home/airflow/.local/lib/python3.12/site-packages/airflow/example_dags/example_branch_operator.py
[2024-10-22T09:25:30.334+0000] {processor.py:925} INFO - DAG(s) 'example_branch_operator' retrieved from /home/airflow/.local/lib/python3.12/site-packages/airflow/example_dags/example_branch_operator.py
[2024-10-22T09:25:30.580+0000] {logging_mixin.py:190} INFO - [2024-10-22T09:25:30.579+0000] {dag.py:3239} INFO - Sync 1 DAGs
[2024-10-22T09:25:30.846+0000] {logging_mixin.py:190} INFO - [2024-10-22T09:25:30.846+0000] {dag.py:4180} INFO - Setting next_dagrun for example_branch_operator to 2024-10-21 00:00:00+00:00, run_after=2024-10-22 00:00:00+00:00
[2024-10-22T09:25:31.134+0000] {processor.py:208} INFO - Processing /home/airflow/.local/lib/python3.12/site-packages/airflow/example_dags/example_branch_operator.py took 1.189 seconds
[2024-10-22T09:26:01.842+0000] {processor.py:186} INFO - Started process (PID=353) to work on /home/airflow/.local/lib/python3.12/site-packages/airflow/example_dags/example_branch_operator.py
[2024-10-22T09:26:01.847+0000] {processor.py:914} INFO - Processing file /home/airflow/.local/lib/python3.12/site-packages/airflow/example_dags/example_branch_operator.py for tasks to queue
[2024-10-22T09:26:01.855+0000] {logging_mixin.py:190} INFO - [2024-10-22T09:26:01.854+0000] {dagbag.py:588} INFO - Filling up the DagBag from /home/airflow/.local/lib/python3.12/site-packages/airflow/example_dags/example_branch_operator.py
[2024-10-22T09:26:01.956+0000] {processor.py:925} INFO - DAG(s) 'example_branch_operator' retrieved from /home/airflow/.local/lib/python3.12/site-packages/airflow/example_dags/example_branch_operator.py
[2024-10-22T09:26:02.226+0000] {logging_mixin.py:190} INFO - [2024-10-22T09:26:02.226+0000] {dag.py:3239} INFO - Sync 1 DAGs
[2024-10-22T09:26:02.337+0000] {logging_mixin.py:190} INFO - [2024-10-22T09:26:02.336+0000] {dag.py:4180} INFO - Setting next_dagrun for example_branch_operator to 2024-10-21 00:00:00+00:00, run_after=2024-10-22 00:00:00+00:00
[2024-10-22T09:26:02.477+0000] {processor.py:208} INFO - Processing /home/airflow/.local/lib/python3.12/site-packages/airflow/example_dags/example_branch_operator.py took 0.661 seconds
[2024-10-22T09:26:32.961+0000] {processor.py:186} INFO - Started process (PID=416) to work on /home/airflow/.local/lib/python3.12/site-packages/airflow/example_dags/example_branch_operator.py
[2024-10-22T09:26:32.969+0000] {processor.py:914} INFO - Processing file /home/airflow/.local/lib/python3.12/site-packages/airflow/example_dags/example_branch_operator.py for tasks to queue
[2024-10-22T09:26:32.978+0000] {logging_mixin.py:190} INFO - [2024-10-22T09:26:32.977+0000] {dagbag.py:588} INFO - Filling up the DagBag from /home/airflow/.local/lib/python3.12/site-packages/airflow/example_dags/example_branch_operator.py
[2024-10-22T09:26:33.087+0000] {processor.py:925} INFO - DAG(s) 'example_branch_operator' retrieved from /home/airflow/.local/lib/python3.12/site-packages/airflow/example_dags/example_branch_operator.py
[2024-10-22T09:26:33.242+0000] {logging_mixin.py:190} INFO - [2024-10-22T09:26:33.241+0000] {dag.py:3239} INFO - Sync 1 DAGs
[2024-10-22T09:26:33.364+0000] {logging_mixin.py:190} INFO - [2024-10-22T09:26:33.364+0000] {dag.py:4180} INFO - Setting next_dagrun for example_branch_operator to 2024-10-21 00:00:00+00:00, run_after=2024-10-22 00:00:00+00:00
[2024-10-22T09:26:33.503+0000] {processor.py:208} INFO - Processing /home/airflow/.local/lib/python3.12/site-packages/airflow/example_dags/example_branch_operator.py took 0.563 seconds
[2024-10-22T09:27:09.911+0000] {processor.py:186} INFO - Started process (PID=478) to work on /home/airflow/.local/lib/python3.12/site-packages/airflow/example_dags/example_branch_operator.py
[2024-10-22T09:27:09.916+0000] {processor.py:914} INFO - Processing file /home/airflow/.local/lib/python3.12/site-packages/airflow/example_dags/example_branch_operator.py for tasks to queue
[2024-10-22T09:27:09.924+0000] {logging_mixin.py:190} INFO - [2024-10-22T09:27:09.923+0000] {dagbag.py:588} INFO - Filling up the DagBag from /home/airflow/.local/lib/python3.12/site-packages/airflow/example_dags/example_branch_operator.py
[2024-10-22T09:27:10.091+0000] {processor.py:925} INFO - DAG(s) 'example_branch_operator' retrieved from /home/airflow/.local/lib/python3.12/site-packages/airflow/example_dags/example_branch_operator.py
[2024-10-22T09:27:10.504+0000] {logging_mixin.py:190} INFO - [2024-10-22T09:27:10.503+0000] {dag.py:3239} INFO - Sync 1 DAGs
[2024-10-22T09:27:10.692+0000] {logging_mixin.py:190} INFO - [2024-10-22T09:27:10.692+0000] {dag.py:4180} INFO - Setting next_dagrun for example_branch_operator to 2024-10-21 00:00:00+00:00, run_after=2024-10-22 00:00:00+00:00
[2024-10-22T09:27:10.864+0000] {processor.py:208} INFO - Processing /home/airflow/.local/lib/python3.12/site-packages/airflow/example_dags/example_branch_operator.py took 0.976 seconds
[2024-10-22T09:27:41.759+0000] {processor.py:186} INFO - Started process (PID=539) to work on /home/airflow/.local/lib/python3.12/site-packages/airflow/example_dags/example_branch_operator.py
[2024-10-22T09:27:41.762+0000] {processor.py:914} INFO - Processing file /home/airflow/.local/lib/python3.12/site-packages/airflow/example_dags/example_branch_operator.py for tasks to queue
[2024-10-22T09:27:41.771+0000] {logging_mixin.py:190} INFO - [2024-10-22T09:27:41.770+0000] {dagbag.py:588} INFO - Filling up the DagBag from /home/airflow/.local/lib/python3.12/site-packages/airflow/example_dags/example_branch_operator.py
[2024-10-22T09:27:41.817+0000] {processor.py:925} INFO - DAG(s) 'example_branch_operator' retrieved from /home/airflow/.local/lib/python3.12/site-packages/airflow/example_dags/example_branch_operator.py
[2024-10-22T09:27:41.875+0000] {logging_mixin.py:190} INFO - [2024-10-22T09:27:41.874+0000] {dag.py:3239} INFO - Sync 1 DAGs
[2024-10-22T09:27:41.934+0000] {logging_mixin.py:190} INFO - [2024-10-22T09:27:41.934+0000] {dag.py:4180} INFO - Setting next_dagrun for example_branch_operator to 2024-10-21 00:00:00+00:00, run_after=2024-10-22 00:00:00+00:00
[2024-10-22T09:27:41.979+0000] {processor.py:208} INFO - Processing /home/airflow/.local/lib/python3.12/site-packages/airflow/example_dags/example_branch_operator.py took 0.239 seconds
[2024-10-22T09:28:12.707+0000] {processor.py:186} INFO - Started process (PID=601) to work on /home/airflow/.local/lib/python3.12/site-packages/airflow/example_dags/example_branch_operator.py
[2024-10-22T09:28:12.709+0000] {processor.py:914} INFO - Processing file /home/airflow/.local/lib/python3.12/site-packages/airflow/example_dags/example_branch_operator.py for tasks to queue
[2024-10-22T09:28:12.714+0000] {logging_mixin.py:190} INFO - [2024-10-22T09:28:12.714+0000] {dagbag.py:588} INFO - Filling up the DagBag from /home/airflow/.local/lib/python3.12/site-packages/airflow/example_dags/example_branch_operator.py
[2024-10-22T09:28:12.765+0000] {processor.py:925} INFO - DAG(s) 'example_branch_operator' retrieved from /home/airflow/.local/lib/python3.12/site-packages/airflow/example_dags/example_branch_operator.py
[2024-10-22T09:28:12.833+0000] {logging_mixin.py:190} INFO - [2024-10-22T09:28:12.833+0000] {dag.py:3239} INFO - Sync 1 DAGs
[2024-10-22T09:28:12.889+0000] {logging_mixin.py:190} INFO - [2024-10-22T09:28:12.888+0000] {dag.py:4180} INFO - Setting next_dagrun for example_branch_operator to 2024-10-21 00:00:00+00:00, run_after=2024-10-22 00:00:00+00:00
[2024-10-22T09:28:12.946+0000] {processor.py:208} INFO - Processing /home/airflow/.local/lib/python3.12/site-packages/airflow/example_dags/example_branch_operator.py took 0.254 seconds
[2024-10-22T09:28:43.243+0000] {processor.py:186} INFO - Started process (PID=664) to work on /home/airflow/.local/lib/python3.12/site-packages/airflow/example_dags/example_branch_operator.py
[2024-10-22T09:28:43.245+0000] {processor.py:914} INFO - Processing file /home/airflow/.local/lib/python3.12/site-packages/airflow/example_dags/example_branch_operator.py for tasks to queue
[2024-10-22T09:28:43.249+0000] {logging_mixin.py:190} INFO - [2024-10-22T09:28:43.249+0000] {dagbag.py:588} INFO - Filling up the DagBag from /home/airflow/.local/lib/python3.12/site-packages/airflow/example_dags/example_branch_operator.py
[2024-10-22T09:28:43.281+0000] {processor.py:925} INFO - DAG(s) 'example_branch_operator' retrieved from /home/airflow/.local/lib/python3.12/site-packages/airflow/example_dags/example_branch_operator.py
[2024-10-22T09:28:43.330+0000] {logging_mixin.py:190} INFO - [2024-10-22T09:28:43.329+0000] {dag.py:3239} INFO - Sync 1 DAGs
[2024-10-22T09:28:43.411+0000] {logging_mixin.py:190} INFO - [2024-10-22T09:28:43.409+0000] {dag.py:4180} INFO - Setting next_dagrun for example_branch_operator to 2024-10-21 00:00:00+00:00, run_after=2024-10-22 00:00:00+00:00
[2024-10-22T09:28:43.466+0000] {processor.py:208} INFO - Processing /home/airflow/.local/lib/python3.12/site-packages/airflow/example_dags/example_branch_operator.py took 0.235 seconds
[2024-10-22T09:29:16.642+0000] {processor.py:186} INFO - Started process (PID=725) to work on /home/airflow/.local/lib/python3.12/site-packages/airflow/example_dags/example_branch_operator.py
[2024-10-22T09:29:16.650+0000] {processor.py:914} INFO - Processing file /home/airflow/.local/lib/python3.12/site-packages/airflow/example_dags/example_branch_operator.py for tasks to queue
[2024-10-22T09:29:16.656+0000] {logging_mixin.py:190} INFO - [2024-10-22T09:29:16.656+0000] {dagbag.py:588} INFO - Filling up the DagBag from /home/airflow/.local/lib/python3.12/site-packages/airflow/example_dags/example_branch_operator.py
[2024-10-22T09:29:16.721+0000] {processor.py:925} INFO - DAG(s) 'example_branch_operator' retrieved from /home/airflow/.local/lib/python3.12/site-packages/airflow/example_dags/example_branch_operator.py
[2024-10-22T09:29:16.953+0000] {logging_mixin.py:190} INFO - [2024-10-22T09:29:16.953+0000] {dag.py:3239} INFO - Sync 1 DAGs
[2024-10-22T09:29:17.151+0000] {logging_mixin.py:190} INFO - [2024-10-22T09:29:17.151+0000] {dag.py:4180} INFO - Setting next_dagrun for example_branch_operator to 2024-10-21 00:00:00+00:00, run_after=2024-10-22 00:00:00+00:00
[2024-10-22T09:29:17.304+0000] {processor.py:208} INFO - Processing /home/airflow/.local/lib/python3.12/site-packages/airflow/example_dags/example_branch_operator.py took 0.679 seconds
[2024-10-22T09:29:48.265+0000] {processor.py:186} INFO - Started process (PID=788) to work on /home/airflow/.local/lib/python3.12/site-packages/airflow/example_dags/example_branch_operator.py
[2024-10-22T09:29:48.267+0000] {processor.py:914} INFO - Processing file /home/airflow/.local/lib/python3.12/site-packages/airflow/example_dags/example_branch_operator.py for tasks to queue
[2024-10-22T09:29:48.274+0000] {logging_mixin.py:190} INFO - [2024-10-22T09:29:48.273+0000] {dagbag.py:588} INFO - Filling up the DagBag from /home/airflow/.local/lib/python3.12/site-packages/airflow/example_dags/example_branch_operator.py
[2024-10-22T09:29:48.315+0000] {processor.py:925} INFO - DAG(s) 'example_branch_operator' retrieved from /home/airflow/.local/lib/python3.12/site-packages/airflow/example_dags/example_branch_operator.py
[2024-10-22T09:29:48.435+0000] {logging_mixin.py:190} INFO - [2024-10-22T09:29:48.434+0000] {dag.py:3239} INFO - Sync 1 DAGs
[2024-10-22T09:29:48.496+0000] {logging_mixin.py:190} INFO - [2024-10-22T09:29:48.495+0000] {dag.py:4180} INFO - Setting next_dagrun for example_branch_operator to 2024-10-21 00:00:00+00:00, run_after=2024-10-22 00:00:00+00:00
[2024-10-22T09:29:48.553+0000] {processor.py:208} INFO - Processing /home/airflow/.local/lib/python3.12/site-packages/airflow/example_dags/example_branch_operator.py took 0.304 seconds
[2024-10-22T09:30:18.939+0000] {processor.py:186} INFO - Started process (PID=851) to work on /home/airflow/.local/lib/python3.12/site-packages/airflow/example_dags/example_branch_operator.py
[2024-10-22T09:30:18.953+0000] {processor.py:914} INFO - Processing file /home/airflow/.local/lib/python3.12/site-packages/airflow/example_dags/example_branch_operator.py for tasks to queue
[2024-10-22T09:30:18.971+0000] {logging_mixin.py:190} INFO - [2024-10-22T09:30:18.970+0000] {dagbag.py:588} INFO - Filling up the DagBag from /home/airflow/.local/lib/python3.12/site-packages/airflow/example_dags/example_branch_operator.py
[2024-10-22T09:30:19.100+0000] {processor.py:925} INFO - DAG(s) 'example_branch_operator' retrieved from /home/airflow/.local/lib/python3.12/site-packages/airflow/example_dags/example_branch_operator.py
[2024-10-22T09:30:19.211+0000] {logging_mixin.py:190} INFO - [2024-10-22T09:30:19.211+0000] {dag.py:3239} INFO - Sync 1 DAGs
[2024-10-22T09:30:19.281+0000] {logging_mixin.py:190} INFO - [2024-10-22T09:30:19.281+0000] {dag.py:4180} INFO - Setting next_dagrun for example_branch_operator to 2024-10-21 00:00:00+00:00, run_after=2024-10-22 00:00:00+00:00
[2024-10-22T09:30:19.335+0000] {processor.py:208} INFO - Processing /home/airflow/.local/lib/python3.12/site-packages/airflow/example_dags/example_branch_operator.py took 0.427 seconds
[2024-10-22T09:30:54.356+0000] {processor.py:186} INFO - Started process (PID=913) to work on /home/airflow/.local/lib/python3.12/site-packages/airflow/example_dags/example_branch_operator.py
[2024-10-22T09:30:54.370+0000] {processor.py:914} INFO - Processing file /home/airflow/.local/lib/python3.12/site-packages/airflow/example_dags/example_branch_operator.py for tasks to queue
[2024-10-22T09:30:54.388+0000] {logging_mixin.py:190} INFO - [2024-10-22T09:30:54.386+0000] {dagbag.py:588} INFO - Filling up the DagBag from /home/airflow/.local/lib/python3.12/site-packages/airflow/example_dags/example_branch_operator.py
[2024-10-22T09:30:54.522+0000] {processor.py:925} INFO - DAG(s) 'example_branch_operator' retrieved from /home/airflow/.local/lib/python3.12/site-packages/airflow/example_dags/example_branch_operator.py
[2024-10-22T09:30:54.798+0000] {logging_mixin.py:190} INFO - [2024-10-22T09:30:54.797+0000] {dag.py:3239} INFO - Sync 1 DAGs
[2024-10-22T09:30:55.013+0000] {logging_mixin.py:190} INFO - [2024-10-22T09:30:55.006+0000] {dag.py:4180} INFO - Setting next_dagrun for example_branch_operator to 2024-10-21 00:00:00+00:00, run_after=2024-10-22 00:00:00+00:00
[2024-10-22T09:30:55.148+0000] {processor.py:208} INFO - Processing /home/airflow/.local/lib/python3.12/site-packages/airflow/example_dags/example_branch_operator.py took 0.843 seconds
[2024-10-22T09:31:31.497+0000] {processor.py:186} INFO - Started process (PID=982) to work on /home/airflow/.local/lib/python3.12/site-packages/airflow/example_dags/example_branch_operator.py
[2024-10-22T09:31:31.501+0000] {processor.py:914} INFO - Processing file /home/airflow/.local/lib/python3.12/site-packages/airflow/example_dags/example_branch_operator.py for tasks to queue
[2024-10-22T09:31:31.522+0000] {logging_mixin.py:190} INFO - [2024-10-22T09:31:31.521+0000] {dagbag.py:588} INFO - Filling up the DagBag from /home/airflow/.local/lib/python3.12/site-packages/airflow/example_dags/example_branch_operator.py
[2024-10-22T09:31:31.725+0000] {processor.py:925} INFO - DAG(s) 'example_branch_operator' retrieved from /home/airflow/.local/lib/python3.12/site-packages/airflow/example_dags/example_branch_operator.py
[2024-10-22T09:31:31.993+0000] {logging_mixin.py:190} INFO - [2024-10-22T09:31:31.982+0000] {dag.py:3239} INFO - Sync 1 DAGs
[2024-10-22T09:31:32.174+0000] {logging_mixin.py:190} INFO - [2024-10-22T09:31:32.174+0000] {dag.py:4180} INFO - Setting next_dagrun for example_branch_operator to 2024-10-21 00:00:00+00:00, run_after=2024-10-22 00:00:00+00:00
[2024-10-22T09:31:32.303+0000] {processor.py:208} INFO - Processing /home/airflow/.local/lib/python3.12/site-packages/airflow/example_dags/example_branch_operator.py took 0.869 seconds
[2024-10-22T09:32:07.579+0000] {processor.py:186} INFO - Started process (PID=1043) to work on /home/airflow/.local/lib/python3.12/site-packages/airflow/example_dags/example_branch_operator.py
[2024-10-22T09:32:07.593+0000] {processor.py:914} INFO - Processing file /home/airflow/.local/lib/python3.12/site-packages/airflow/example_dags/example_branch_operator.py for tasks to queue
[2024-10-22T09:32:07.600+0000] {logging_mixin.py:190} INFO - [2024-10-22T09:32:07.599+0000] {dagbag.py:588} INFO - Filling up the DagBag from /home/airflow/.local/lib/python3.12/site-packages/airflow/example_dags/example_branch_operator.py
[2024-10-22T09:32:07.789+0000] {processor.py:925} INFO - DAG(s) 'example_branch_operator' retrieved from /home/airflow/.local/lib/python3.12/site-packages/airflow/example_dags/example_branch_operator.py
[2024-10-22T09:32:08.191+0000] {logging_mixin.py:190} INFO - [2024-10-22T09:32:08.191+0000] {dag.py:3239} INFO - Sync 1 DAGs
[2024-10-22T09:32:08.492+0000] {logging_mixin.py:190} INFO - [2024-10-22T09:32:08.492+0000] {dag.py:4180} INFO - Setting next_dagrun for example_branch_operator to 2024-10-21 00:00:00+00:00, run_after=2024-10-22 00:00:00+00:00
[2024-10-22T09:32:08.685+0000] {processor.py:208} INFO - Processing /home/airflow/.local/lib/python3.12/site-packages/airflow/example_dags/example_branch_operator.py took 1.155 seconds
[2024-10-22T09:32:52.887+0000] {processor.py:186} INFO - Started process (PID=1109) to work on /home/airflow/.local/lib/python3.12/site-packages/airflow/example_dags/example_branch_operator.py
[2024-10-22T09:32:52.907+0000] {processor.py:914} INFO - Processing file /home/airflow/.local/lib/python3.12/site-packages/airflow/example_dags/example_branch_operator.py for tasks to queue
[2024-10-22T09:32:52.929+0000] {logging_mixin.py:190} INFO - [2024-10-22T09:32:52.928+0000] {dagbag.py:588} INFO - Filling up the DagBag from /home/airflow/.local/lib/python3.12/site-packages/airflow/example_dags/example_branch_operator.py
[2024-10-22T09:32:53.168+0000] {processor.py:925} INFO - DAG(s) 'example_branch_operator' retrieved from /home/airflow/.local/lib/python3.12/site-packages/airflow/example_dags/example_branch_operator.py
[2024-10-22T09:32:53.596+0000] {logging_mixin.py:190} INFO - [2024-10-22T09:32:53.582+0000] {dag.py:3239} INFO - Sync 1 DAGs
[2024-10-22T09:32:54.043+0000] {logging_mixin.py:190} INFO - [2024-10-22T09:32:54.028+0000] {dag.py:4180} INFO - Setting next_dagrun for example_branch_operator to 2024-10-21 00:00:00+00:00, run_after=2024-10-22 00:00:00+00:00
[2024-10-22T09:32:54.394+0000] {processor.py:208} INFO - Processing /home/airflow/.local/lib/python3.12/site-packages/airflow/example_dags/example_branch_operator.py took 1.549 seconds
[2024-10-22T09:33:25.015+0000] {processor.py:186} INFO - Started process (PID=1171) to work on /home/airflow/.local/lib/python3.12/site-packages/airflow/example_dags/example_branch_operator.py
[2024-10-22T09:33:25.024+0000] {processor.py:914} INFO - Processing file /home/airflow/.local/lib/python3.12/site-packages/airflow/example_dags/example_branch_operator.py for tasks to queue
[2024-10-22T09:33:25.038+0000] {logging_mixin.py:190} INFO - [2024-10-22T09:33:25.036+0000] {dagbag.py:588} INFO - Filling up the DagBag from /home/airflow/.local/lib/python3.12/site-packages/airflow/example_dags/example_branch_operator.py
[2024-10-22T09:33:25.159+0000] {processor.py:925} INFO - DAG(s) 'example_branch_operator' retrieved from /home/airflow/.local/lib/python3.12/site-packages/airflow/example_dags/example_branch_operator.py
[2024-10-22T09:33:25.461+0000] {logging_mixin.py:190} INFO - [2024-10-22T09:33:25.460+0000] {dag.py:3239} INFO - Sync 1 DAGs
[2024-10-22T09:33:25.649+0000] {logging_mixin.py:190} INFO - [2024-10-22T09:33:25.649+0000] {dag.py:4180} INFO - Setting next_dagrun for example_branch_operator to 2024-10-21 00:00:00+00:00, run_after=2024-10-22 00:00:00+00:00
[2024-10-22T09:33:25.839+0000] {processor.py:208} INFO - Processing /home/airflow/.local/lib/python3.12/site-packages/airflow/example_dags/example_branch_operator.py took 0.879 seconds
[2024-10-22T09:33:56.778+0000] {processor.py:186} INFO - Started process (PID=1233) to work on /home/airflow/.local/lib/python3.12/site-packages/airflow/example_dags/example_branch_operator.py
[2024-10-22T09:33:56.780+0000] {processor.py:914} INFO - Processing file /home/airflow/.local/lib/python3.12/site-packages/airflow/example_dags/example_branch_operator.py for tasks to queue
[2024-10-22T09:33:56.787+0000] {logging_mixin.py:190} INFO - [2024-10-22T09:33:56.786+0000] {dagbag.py:588} INFO - Filling up the DagBag from /home/airflow/.local/lib/python3.12/site-packages/airflow/example_dags/example_branch_operator.py
[2024-10-22T09:33:56.836+0000] {processor.py:925} INFO - DAG(s) 'example_branch_operator' retrieved from /home/airflow/.local/lib/python3.12/site-packages/airflow/example_dags/example_branch_operator.py
[2024-10-22T09:33:56.949+0000] {logging_mixin.py:190} INFO - [2024-10-22T09:33:56.949+0000] {dag.py:3239} INFO - Sync 1 DAGs
[2024-10-22T09:33:57.024+0000] {logging_mixin.py:190} INFO - [2024-10-22T09:33:57.024+0000] {dag.py:4180} INFO - Setting next_dagrun for example_branch_operator to 2024-10-21 00:00:00+00:00, run_after=2024-10-22 00:00:00+00:00
[2024-10-22T09:33:57.065+0000] {processor.py:208} INFO - Processing /home/airflow/.local/lib/python3.12/site-packages/airflow/example_dags/example_branch_operator.py took 0.305 seconds
[2024-10-22T09:34:27.390+0000] {processor.py:186} INFO - Started process (PID=1295) to work on /home/airflow/.local/lib/python3.12/site-packages/airflow/example_dags/example_branch_operator.py
[2024-10-22T09:34:27.393+0000] {processor.py:914} INFO - Processing file /home/airflow/.local/lib/python3.12/site-packages/airflow/example_dags/example_branch_operator.py for tasks to queue
[2024-10-22T09:34:27.399+0000] {logging_mixin.py:190} INFO - [2024-10-22T09:34:27.399+0000] {dagbag.py:588} INFO - Filling up the DagBag from /home/airflow/.local/lib/python3.12/site-packages/airflow/example_dags/example_branch_operator.py
[2024-10-22T09:34:27.452+0000] {processor.py:925} INFO - DAG(s) 'example_branch_operator' retrieved from /home/airflow/.local/lib/python3.12/site-packages/airflow/example_dags/example_branch_operator.py
[2024-10-22T09:34:27.533+0000] {logging_mixin.py:190} INFO - [2024-10-22T09:34:27.532+0000] {dag.py:3239} INFO - Sync 1 DAGs
[2024-10-22T09:34:27.590+0000] {logging_mixin.py:190} INFO - [2024-10-22T09:34:27.589+0000] {dag.py:4180} INFO - Setting next_dagrun for example_branch_operator to 2024-10-21 00:00:00+00:00, run_after=2024-10-22 00:00:00+00:00
[2024-10-22T09:34:27.635+0000] {processor.py:208} INFO - Processing /home/airflow/.local/lib/python3.12/site-packages/airflow/example_dags/example_branch_operator.py took 0.258 seconds
[2024-10-22T09:34:58.253+0000] {processor.py:186} INFO - Started process (PID=1357) to work on /home/airflow/.local/lib/python3.12/site-packages/airflow/example_dags/example_branch_operator.py
[2024-10-22T09:34:58.255+0000] {processor.py:914} INFO - Processing file /home/airflow/.local/lib/python3.12/site-packages/airflow/example_dags/example_branch_operator.py for tasks to queue
[2024-10-22T09:34:58.260+0000] {logging_mixin.py:190} INFO - [2024-10-22T09:34:58.259+0000] {dagbag.py:588} INFO - Filling up the DagBag from /home/airflow/.local/lib/python3.12/site-packages/airflow/example_dags/example_branch_operator.py
[2024-10-22T09:34:58.295+0000] {processor.py:925} INFO - DAG(s) 'example_branch_operator' retrieved from /home/airflow/.local/lib/python3.12/site-packages/airflow/example_dags/example_branch_operator.py
[2024-10-22T09:34:58.351+0000] {logging_mixin.py:190} INFO - [2024-10-22T09:34:58.350+0000] {dag.py:3239} INFO - Sync 1 DAGs
[2024-10-22T09:34:58.399+0000] {logging_mixin.py:190} INFO - [2024-10-22T09:34:58.398+0000] {dag.py:4180} INFO - Setting next_dagrun for example_branch_operator to 2024-10-21 00:00:00+00:00, run_after=2024-10-22 00:00:00+00:00
[2024-10-22T09:34:59.285+0000] {processor.py:208} INFO - Processing /home/airflow/.local/lib/python3.12/site-packages/airflow/example_dags/example_branch_operator.py took 1.046 seconds
[2024-10-22T09:35:29.588+0000] {processor.py:186} INFO - Started process (PID=1419) to work on /home/airflow/.local/lib/python3.12/site-packages/airflow/example_dags/example_branch_operator.py
[2024-10-22T09:35:29.590+0000] {processor.py:914} INFO - Processing file /home/airflow/.local/lib/python3.12/site-packages/airflow/example_dags/example_branch_operator.py for tasks to queue
[2024-10-22T09:35:29.595+0000] {logging_mixin.py:190} INFO - [2024-10-22T09:35:29.595+0000] {dagbag.py:588} INFO - Filling up the DagBag from /home/airflow/.local/lib/python3.12/site-packages/airflow/example_dags/example_branch_operator.py
[2024-10-22T09:35:29.631+0000] {processor.py:925} INFO - DAG(s) 'example_branch_operator' retrieved from /home/airflow/.local/lib/python3.12/site-packages/airflow/example_dags/example_branch_operator.py
[2024-10-22T09:35:29.697+0000] {logging_mixin.py:190} INFO - [2024-10-22T09:35:29.697+0000] {dag.py:3239} INFO - Sync 1 DAGs
[2024-10-22T09:35:29.764+0000] {logging_mixin.py:190} INFO - [2024-10-22T09:35:29.764+0000] {dag.py:4180} INFO - Setting next_dagrun for example_branch_operator to 2024-10-21 00:00:00+00:00, run_after=2024-10-22 00:00:00+00:00
[2024-10-22T09:35:29.805+0000] {processor.py:208} INFO - Processing /home/airflow/.local/lib/python3.12/site-packages/airflow/example_dags/example_branch_operator.py took 0.229 seconds
[2024-10-22T09:36:00.601+0000] {processor.py:186} INFO - Started process (PID=1481) to work on /home/airflow/.local/lib/python3.12/site-packages/airflow/example_dags/example_branch_operator.py
[2024-10-22T09:36:00.603+0000] {processor.py:914} INFO - Processing file /home/airflow/.local/lib/python3.12/site-packages/airflow/example_dags/example_branch_operator.py for tasks to queue
[2024-10-22T09:36:00.607+0000] {logging_mixin.py:190} INFO - [2024-10-22T09:36:00.607+0000] {dagbag.py:588} INFO - Filling up the DagBag from /home/airflow/.local/lib/python3.12/site-packages/airflow/example_dags/example_branch_operator.py
[2024-10-22T09:36:00.642+0000] {processor.py:925} INFO - DAG(s) 'example_branch_operator' retrieved from /home/airflow/.local/lib/python3.12/site-packages/airflow/example_dags/example_branch_operator.py
[2024-10-22T09:36:00.717+0000] {logging_mixin.py:190} INFO - [2024-10-22T09:36:00.717+0000] {dag.py:3239} INFO - Sync 1 DAGs
[2024-10-22T09:36:00.770+0000] {logging_mixin.py:190} INFO - [2024-10-22T09:36:00.770+0000] {dag.py:4180} INFO - Setting next_dagrun for example_branch_operator to 2024-10-21 00:00:00+00:00, run_after=2024-10-22 00:00:00+00:00
[2024-10-22T09:36:00.809+0000] {processor.py:208} INFO - Processing /home/airflow/.local/lib/python3.12/site-packages/airflow/example_dags/example_branch_operator.py took 0.221 seconds
[2024-10-22T09:36:30.964+0000] {processor.py:186} INFO - Started process (PID=1543) to work on /home/airflow/.local/lib/python3.12/site-packages/airflow/example_dags/example_branch_operator.py
[2024-10-22T09:36:30.966+0000] {processor.py:914} INFO - Processing file /home/airflow/.local/lib/python3.12/site-packages/airflow/example_dags/example_branch_operator.py for tasks to queue
[2024-10-22T09:36:30.974+0000] {logging_mixin.py:190} INFO - [2024-10-22T09:36:30.973+0000] {dagbag.py:588} INFO - Filling up the DagBag from /home/airflow/.local/lib/python3.12/site-packages/airflow/example_dags/example_branch_operator.py
[2024-10-22T09:36:31.037+0000] {processor.py:925} INFO - DAG(s) 'example_branch_operator' retrieved from /home/airflow/.local/lib/python3.12/site-packages/airflow/example_dags/example_branch_operator.py
[2024-10-22T09:36:31.150+0000] {logging_mixin.py:190} INFO - [2024-10-22T09:36:31.150+0000] {dag.py:3239} INFO - Sync 1 DAGs
[2024-10-22T09:36:31.241+0000] {logging_mixin.py:190} INFO - [2024-10-22T09:36:31.240+0000] {dag.py:4180} INFO - Setting next_dagrun for example_branch_operator to 2024-10-21 00:00:00+00:00, run_after=2024-10-22 00:00:00+00:00
[2024-10-22T09:36:31.299+0000] {processor.py:208} INFO - Processing /home/airflow/.local/lib/python3.12/site-packages/airflow/example_dags/example_branch_operator.py took 0.353 seconds
[2024-10-22T09:37:01.387+0000] {processor.py:186} INFO - Started process (PID=1606) to work on /home/airflow/.local/lib/python3.12/site-packages/airflow/example_dags/example_branch_operator.py
[2024-10-22T09:37:01.389+0000] {processor.py:914} INFO - Processing file /home/airflow/.local/lib/python3.12/site-packages/airflow/example_dags/example_branch_operator.py for tasks to queue
[2024-10-22T09:37:01.395+0000] {logging_mixin.py:190} INFO - [2024-10-22T09:37:01.394+0000] {dagbag.py:588} INFO - Filling up the DagBag from /home/airflow/.local/lib/python3.12/site-packages/airflow/example_dags/example_branch_operator.py
[2024-10-22T09:37:01.452+0000] {processor.py:925} INFO - DAG(s) 'example_branch_operator' retrieved from /home/airflow/.local/lib/python3.12/site-packages/airflow/example_dags/example_branch_operator.py
[2024-10-22T09:37:01.512+0000] {logging_mixin.py:190} INFO - [2024-10-22T09:37:01.512+0000] {dag.py:3239} INFO - Sync 1 DAGs
[2024-10-22T09:37:01.573+0000] {logging_mixin.py:190} INFO - [2024-10-22T09:37:01.572+0000] {dag.py:4180} INFO - Setting next_dagrun for example_branch_operator to 2024-10-21 00:00:00+00:00, run_after=2024-10-22 00:00:00+00:00
[2024-10-22T09:37:01.613+0000] {processor.py:208} INFO - Processing /home/airflow/.local/lib/python3.12/site-packages/airflow/example_dags/example_branch_operator.py took 0.239 seconds
[2024-10-22T09:37:31.924+0000] {processor.py:186} INFO - Started process (PID=1668) to work on /home/airflow/.local/lib/python3.12/site-packages/airflow/example_dags/example_branch_operator.py
[2024-10-22T09:37:31.926+0000] {processor.py:914} INFO - Processing file /home/airflow/.local/lib/python3.12/site-packages/airflow/example_dags/example_branch_operator.py for tasks to queue
[2024-10-22T09:37:31.932+0000] {logging_mixin.py:190} INFO - [2024-10-22T09:37:31.932+0000] {dagbag.py:588} INFO - Filling up the DagBag from /home/airflow/.local/lib/python3.12/site-packages/airflow/example_dags/example_branch_operator.py
[2024-10-22T09:37:31.973+0000] {processor.py:925} INFO - DAG(s) 'example_branch_operator' retrieved from /home/airflow/.local/lib/python3.12/site-packages/airflow/example_dags/example_branch_operator.py
[2024-10-22T09:37:32.042+0000] {logging_mixin.py:190} INFO - [2024-10-22T09:37:32.042+0000] {dag.py:3239} INFO - Sync 1 DAGs
[2024-10-22T09:37:32.092+0000] {logging_mixin.py:190} INFO - [2024-10-22T09:37:32.092+0000] {dag.py:4180} INFO - Setting next_dagrun for example_branch_operator to 2024-10-21 00:00:00+00:00, run_after=2024-10-22 00:00:00+00:00
[2024-10-22T09:37:32.147+0000] {processor.py:208} INFO - Processing /home/airflow/.local/lib/python3.12/site-packages/airflow/example_dags/example_branch_operator.py took 0.236 seconds
[2024-10-22T09:38:02.526+0000] {processor.py:186} INFO - Started process (PID=1736) to work on /home/airflow/.local/lib/python3.12/site-packages/airflow/example_dags/example_branch_operator.py
[2024-10-22T09:38:02.528+0000] {processor.py:914} INFO - Processing file /home/airflow/.local/lib/python3.12/site-packages/airflow/example_dags/example_branch_operator.py for tasks to queue
[2024-10-22T09:38:02.533+0000] {logging_mixin.py:190} INFO - [2024-10-22T09:38:02.532+0000] {dagbag.py:588} INFO - Filling up the DagBag from /home/airflow/.local/lib/python3.12/site-packages/airflow/example_dags/example_branch_operator.py
[2024-10-22T09:38:02.567+0000] {processor.py:925} INFO - DAG(s) 'example_branch_operator' retrieved from /home/airflow/.local/lib/python3.12/site-packages/airflow/example_dags/example_branch_operator.py
[2024-10-22T09:38:02.631+0000] {logging_mixin.py:190} INFO - [2024-10-22T09:38:02.630+0000] {dag.py:3239} INFO - Sync 1 DAGs
[2024-10-22T09:38:02.679+0000] {logging_mixin.py:190} INFO - [2024-10-22T09:38:02.679+0000] {dag.py:4180} INFO - Setting next_dagrun for example_branch_operator to 2024-10-21 00:00:00+00:00, run_after=2024-10-22 00:00:00+00:00
[2024-10-22T09:38:02.721+0000] {processor.py:208} INFO - Processing /home/airflow/.local/lib/python3.12/site-packages/airflow/example_dags/example_branch_operator.py took 0.206 seconds
[2024-10-22T09:38:33.391+0000] {processor.py:186} INFO - Started process (PID=1798) to work on /home/airflow/.local/lib/python3.12/site-packages/airflow/example_dags/example_branch_operator.py
[2024-10-22T09:38:33.393+0000] {processor.py:914} INFO - Processing file /home/airflow/.local/lib/python3.12/site-packages/airflow/example_dags/example_branch_operator.py for tasks to queue
[2024-10-22T09:38:33.399+0000] {logging_mixin.py:190} INFO - [2024-10-22T09:38:33.398+0000] {dagbag.py:588} INFO - Filling up the DagBag from /home/airflow/.local/lib/python3.12/site-packages/airflow/example_dags/example_branch_operator.py
[2024-10-22T09:38:33.439+0000] {processor.py:925} INFO - DAG(s) 'example_branch_operator' retrieved from /home/airflow/.local/lib/python3.12/site-packages/airflow/example_dags/example_branch_operator.py
[2024-10-22T09:38:33.506+0000] {logging_mixin.py:190} INFO - [2024-10-22T09:38:33.505+0000] {dag.py:3239} INFO - Sync 1 DAGs
[2024-10-22T09:38:33.566+0000] {logging_mixin.py:190} INFO - [2024-10-22T09:38:33.566+0000] {dag.py:4180} INFO - Setting next_dagrun for example_branch_operator to 2024-10-21 00:00:00+00:00, run_after=2024-10-22 00:00:00+00:00
[2024-10-22T09:38:33.609+0000] {processor.py:208} INFO - Processing /home/airflow/.local/lib/python3.12/site-packages/airflow/example_dags/example_branch_operator.py took 0.231 seconds
[2024-10-22T09:39:03.970+0000] {processor.py:186} INFO - Started process (PID=1861) to work on /home/airflow/.local/lib/python3.12/site-packages/airflow/example_dags/example_branch_operator.py
[2024-10-22T09:39:03.974+0000] {processor.py:914} INFO - Processing file /home/airflow/.local/lib/python3.12/site-packages/airflow/example_dags/example_branch_operator.py for tasks to queue
[2024-10-22T09:39:03.982+0000] {logging_mixin.py:190} INFO - [2024-10-22T09:39:03.981+0000] {dagbag.py:588} INFO - Filling up the DagBag from /home/airflow/.local/lib/python3.12/site-packages/airflow/example_dags/example_branch_operator.py
[2024-10-22T09:39:04.065+0000] {processor.py:925} INFO - DAG(s) 'example_branch_operator' retrieved from /home/airflow/.local/lib/python3.12/site-packages/airflow/example_dags/example_branch_operator.py
[2024-10-22T09:39:04.199+0000] {logging_mixin.py:190} INFO - [2024-10-22T09:39:04.198+0000] {dag.py:3239} INFO - Sync 1 DAGs
[2024-10-22T09:39:04.294+0000] {logging_mixin.py:190} INFO - [2024-10-22T09:39:04.294+0000] {dag.py:4180} INFO - Setting next_dagrun for example_branch_operator to 2024-10-21 00:00:00+00:00, run_after=2024-10-22 00:00:00+00:00
[2024-10-22T09:39:04.341+0000] {processor.py:208} INFO - Processing /home/airflow/.local/lib/python3.12/site-packages/airflow/example_dags/example_branch_operator.py took 0.400 seconds
[2024-10-22T09:39:34.832+0000] {processor.py:186} INFO - Started process (PID=1923) to work on /home/airflow/.local/lib/python3.12/site-packages/airflow/example_dags/example_branch_operator.py
[2024-10-22T09:39:34.836+0000] {processor.py:914} INFO - Processing file /home/airflow/.local/lib/python3.12/site-packages/airflow/example_dags/example_branch_operator.py for tasks to queue
[2024-10-22T09:39:34.842+0000] {logging_mixin.py:190} INFO - [2024-10-22T09:39:34.841+0000] {dagbag.py:588} INFO - Filling up the DagBag from /home/airflow/.local/lib/python3.12/site-packages/airflow/example_dags/example_branch_operator.py
[2024-10-22T09:39:34.898+0000] {processor.py:925} INFO - DAG(s) 'example_branch_operator' retrieved from /home/airflow/.local/lib/python3.12/site-packages/airflow/example_dags/example_branch_operator.py
[2024-10-22T09:39:34.971+0000] {logging_mixin.py:190} INFO - [2024-10-22T09:39:34.971+0000] {dag.py:3239} INFO - Sync 1 DAGs
[2024-10-22T09:39:35.038+0000] {logging_mixin.py:190} INFO - [2024-10-22T09:39:35.038+0000] {dag.py:4180} INFO - Setting next_dagrun for example_branch_operator to 2024-10-21 00:00:00+00:00, run_after=2024-10-22 00:00:00+00:00
[2024-10-22T09:39:35.082+0000] {processor.py:208} INFO - Processing /home/airflow/.local/lib/python3.12/site-packages/airflow/example_dags/example_branch_operator.py took 0.285 seconds
[2024-10-22T09:40:05.666+0000] {processor.py:186} INFO - Started process (PID=1985) to work on /home/airflow/.local/lib/python3.12/site-packages/airflow/example_dags/example_branch_operator.py
[2024-10-22T09:40:05.668+0000] {processor.py:914} INFO - Processing file /home/airflow/.local/lib/python3.12/site-packages/airflow/example_dags/example_branch_operator.py for tasks to queue
[2024-10-22T09:40:05.674+0000] {logging_mixin.py:190} INFO - [2024-10-22T09:40:05.673+0000] {dagbag.py:588} INFO - Filling up the DagBag from /home/airflow/.local/lib/python3.12/site-packages/airflow/example_dags/example_branch_operator.py
[2024-10-22T09:40:05.713+0000] {processor.py:925} INFO - DAG(s) 'example_branch_operator' retrieved from /home/airflow/.local/lib/python3.12/site-packages/airflow/example_dags/example_branch_operator.py
[2024-10-22T09:40:05.776+0000] {logging_mixin.py:190} INFO - [2024-10-22T09:40:05.776+0000] {dag.py:3239} INFO - Sync 1 DAGs
[2024-10-22T09:40:05.821+0000] {logging_mixin.py:190} INFO - [2024-10-22T09:40:05.820+0000] {dag.py:4180} INFO - Setting next_dagrun for example_branch_operator to 2024-10-21 00:00:00+00:00, run_after=2024-10-22 00:00:00+00:00
[2024-10-22T09:40:05.857+0000] {processor.py:208} INFO - Processing /home/airflow/.local/lib/python3.12/site-packages/airflow/example_dags/example_branch_operator.py took 0.208 seconds
[2024-10-22T09:40:35.935+0000] {processor.py:186} INFO - Started process (PID=2047) to work on /home/airflow/.local/lib/python3.12/site-packages/airflow/example_dags/example_branch_operator.py
[2024-10-22T09:40:35.936+0000] {processor.py:914} INFO - Processing file /home/airflow/.local/lib/python3.12/site-packages/airflow/example_dags/example_branch_operator.py for tasks to queue
[2024-10-22T09:40:35.941+0000] {logging_mixin.py:190} INFO - [2024-10-22T09:40:35.941+0000] {dagbag.py:588} INFO - Filling up the DagBag from /home/airflow/.local/lib/python3.12/site-packages/airflow/example_dags/example_branch_operator.py
[2024-10-22T09:40:35.984+0000] {processor.py:925} INFO - DAG(s) 'example_branch_operator' retrieved from /home/airflow/.local/lib/python3.12/site-packages/airflow/example_dags/example_branch_operator.py
[2024-10-22T09:40:36.045+0000] {logging_mixin.py:190} INFO - [2024-10-22T09:40:36.044+0000] {dag.py:3239} INFO - Sync 1 DAGs
[2024-10-22T09:40:36.091+0000] {logging_mixin.py:190} INFO - [2024-10-22T09:40:36.091+0000] {dag.py:4180} INFO - Setting next_dagrun for example_branch_operator to 2024-10-21 00:00:00+00:00, run_after=2024-10-22 00:00:00+00:00
[2024-10-22T09:40:36.136+0000] {processor.py:208} INFO - Processing /home/airflow/.local/lib/python3.12/site-packages/airflow/example_dags/example_branch_operator.py took 0.212 seconds
[2024-10-22T09:41:06.495+0000] {processor.py:186} INFO - Started process (PID=2109) to work on /home/airflow/.local/lib/python3.12/site-packages/airflow/example_dags/example_branch_operator.py
[2024-10-22T09:41:06.497+0000] {processor.py:914} INFO - Processing file /home/airflow/.local/lib/python3.12/site-packages/airflow/example_dags/example_branch_operator.py for tasks to queue
[2024-10-22T09:41:06.503+0000] {logging_mixin.py:190} INFO - [2024-10-22T09:41:06.502+0000] {dagbag.py:588} INFO - Filling up the DagBag from /home/airflow/.local/lib/python3.12/site-packages/airflow/example_dags/example_branch_operator.py
[2024-10-22T09:41:06.546+0000] {processor.py:925} INFO - DAG(s) 'example_branch_operator' retrieved from /home/airflow/.local/lib/python3.12/site-packages/airflow/example_dags/example_branch_operator.py
[2024-10-22T09:41:06.606+0000] {logging_mixin.py:190} INFO - [2024-10-22T09:41:06.605+0000] {dag.py:3239} INFO - Sync 1 DAGs
[2024-10-22T09:41:06.660+0000] {logging_mixin.py:190} INFO - [2024-10-22T09:41:06.659+0000] {dag.py:4180} INFO - Setting next_dagrun for example_branch_operator to 2024-10-21 00:00:00+00:00, run_after=2024-10-22 00:00:00+00:00
[2024-10-22T09:41:06.699+0000] {processor.py:208} INFO - Processing /home/airflow/.local/lib/python3.12/site-packages/airflow/example_dags/example_branch_operator.py took 0.216 seconds
[2024-10-22T09:41:37.045+0000] {processor.py:186} INFO - Started process (PID=2171) to work on /home/airflow/.local/lib/python3.12/site-packages/airflow/example_dags/example_branch_operator.py
[2024-10-22T09:41:37.047+0000] {processor.py:914} INFO - Processing file /home/airflow/.local/lib/python3.12/site-packages/airflow/example_dags/example_branch_operator.py for tasks to queue
[2024-10-22T09:41:37.052+0000] {logging_mixin.py:190} INFO - [2024-10-22T09:41:37.051+0000] {dagbag.py:588} INFO - Filling up the DagBag from /home/airflow/.local/lib/python3.12/site-packages/airflow/example_dags/example_branch_operator.py
[2024-10-22T09:41:37.094+0000] {processor.py:925} INFO - DAG(s) 'example_branch_operator' retrieved from /home/airflow/.local/lib/python3.12/site-packages/airflow/example_dags/example_branch_operator.py
[2024-10-22T09:41:37.144+0000] {logging_mixin.py:190} INFO - [2024-10-22T09:41:37.144+0000] {dag.py:3239} INFO - Sync 1 DAGs
[2024-10-22T09:41:37.196+0000] {logging_mixin.py:190} INFO - [2024-10-22T09:41:37.195+0000] {dag.py:4180} INFO - Setting next_dagrun for example_branch_operator to 2024-10-21 00:00:00+00:00, run_after=2024-10-22 00:00:00+00:00
[2024-10-22T09:41:37.231+0000] {processor.py:208} INFO - Processing /home/airflow/.local/lib/python3.12/site-packages/airflow/example_dags/example_branch_operator.py took 0.199 seconds
[2024-10-22T09:42:07.607+0000] {processor.py:186} INFO - Started process (PID=2233) to work on /home/airflow/.local/lib/python3.12/site-packages/airflow/example_dags/example_branch_operator.py
[2024-10-22T09:42:07.609+0000] {processor.py:914} INFO - Processing file /home/airflow/.local/lib/python3.12/site-packages/airflow/example_dags/example_branch_operator.py for tasks to queue
[2024-10-22T09:42:07.614+0000] {logging_mixin.py:190} INFO - [2024-10-22T09:42:07.614+0000] {dagbag.py:588} INFO - Filling up the DagBag from /home/airflow/.local/lib/python3.12/site-packages/airflow/example_dags/example_branch_operator.py
[2024-10-22T09:42:07.666+0000] {processor.py:925} INFO - DAG(s) 'example_branch_operator' retrieved from /home/airflow/.local/lib/python3.12/site-packages/airflow/example_dags/example_branch_operator.py
[2024-10-22T09:42:07.747+0000] {logging_mixin.py:190} INFO - [2024-10-22T09:42:07.746+0000] {dag.py:3239} INFO - Sync 1 DAGs
[2024-10-22T09:42:07.803+0000] {logging_mixin.py:190} INFO - [2024-10-22T09:42:07.803+0000] {dag.py:4180} INFO - Setting next_dagrun for example_branch_operator to 2024-10-21 00:00:00+00:00, run_after=2024-10-22 00:00:00+00:00
[2024-10-22T09:42:07.841+0000] {processor.py:208} INFO - Processing /home/airflow/.local/lib/python3.12/site-packages/airflow/example_dags/example_branch_operator.py took 0.250 seconds
[2024-10-22T09:42:37.936+0000] {processor.py:186} INFO - Started process (PID=2295) to work on /home/airflow/.local/lib/python3.12/site-packages/airflow/example_dags/example_branch_operator.py
[2024-10-22T09:42:37.939+0000] {processor.py:914} INFO - Processing file /home/airflow/.local/lib/python3.12/site-packages/airflow/example_dags/example_branch_operator.py for tasks to queue
[2024-10-22T09:42:37.944+0000] {logging_mixin.py:190} INFO - [2024-10-22T09:42:37.944+0000] {dagbag.py:588} INFO - Filling up the DagBag from /home/airflow/.local/lib/python3.12/site-packages/airflow/example_dags/example_branch_operator.py
[2024-10-22T09:42:37.987+0000] {processor.py:925} INFO - DAG(s) 'example_branch_operator' retrieved from /home/airflow/.local/lib/python3.12/site-packages/airflow/example_dags/example_branch_operator.py
[2024-10-22T09:42:38.059+0000] {logging_mixin.py:190} INFO - [2024-10-22T09:42:38.059+0000] {dag.py:3239} INFO - Sync 1 DAGs
[2024-10-22T09:42:38.116+0000] {logging_mixin.py:190} INFO - [2024-10-22T09:42:38.115+0000] {dag.py:4180} INFO - Setting next_dagrun for example_branch_operator to 2024-10-21 00:00:00+00:00, run_after=2024-10-22 00:00:00+00:00
[2024-10-22T09:42:38.164+0000] {processor.py:208} INFO - Processing /home/airflow/.local/lib/python3.12/site-packages/airflow/example_dags/example_branch_operator.py took 0.241 seconds
[2024-10-22T09:43:08.347+0000] {processor.py:186} INFO - Started process (PID=2358) to work on /home/airflow/.local/lib/python3.12/site-packages/airflow/example_dags/example_branch_operator.py
[2024-10-22T09:43:08.349+0000] {processor.py:914} INFO - Processing file /home/airflow/.local/lib/python3.12/site-packages/airflow/example_dags/example_branch_operator.py for tasks to queue
[2024-10-22T09:43:08.356+0000] {logging_mixin.py:190} INFO - [2024-10-22T09:43:08.355+0000] {dagbag.py:588} INFO - Filling up the DagBag from /home/airflow/.local/lib/python3.12/site-packages/airflow/example_dags/example_branch_operator.py
[2024-10-22T09:43:08.417+0000] {processor.py:925} INFO - DAG(s) 'example_branch_operator' retrieved from /home/airflow/.local/lib/python3.12/site-packages/airflow/example_dags/example_branch_operator.py
[2024-10-22T09:43:08.534+0000] {logging_mixin.py:190} INFO - [2024-10-22T09:43:08.534+0000] {dag.py:3239} INFO - Sync 1 DAGs
[2024-10-22T09:43:08.597+0000] {logging_mixin.py:190} INFO - [2024-10-22T09:43:08.596+0000] {dag.py:4180} INFO - Setting next_dagrun for example_branch_operator to 2024-10-21 00:00:00+00:00, run_after=2024-10-22 00:00:00+00:00
[2024-10-22T09:43:08.659+0000] {processor.py:208} INFO - Processing /home/airflow/.local/lib/python3.12/site-packages/airflow/example_dags/example_branch_operator.py took 0.329 seconds
[2024-10-22T09:43:39.163+0000] {processor.py:186} INFO - Started process (PID=2419) to work on /home/airflow/.local/lib/python3.12/site-packages/airflow/example_dags/example_branch_operator.py
[2024-10-22T09:43:39.165+0000] {processor.py:914} INFO - Processing file /home/airflow/.local/lib/python3.12/site-packages/airflow/example_dags/example_branch_operator.py for tasks to queue
[2024-10-22T09:43:39.170+0000] {logging_mixin.py:190} INFO - [2024-10-22T09:43:39.170+0000] {dagbag.py:588} INFO - Filling up the DagBag from /home/airflow/.local/lib/python3.12/site-packages/airflow/example_dags/example_branch_operator.py
[2024-10-22T09:43:39.204+0000] {processor.py:925} INFO - DAG(s) 'example_branch_operator' retrieved from /home/airflow/.local/lib/python3.12/site-packages/airflow/example_dags/example_branch_operator.py
[2024-10-22T09:43:39.259+0000] {logging_mixin.py:190} INFO - [2024-10-22T09:43:39.258+0000] {dag.py:3239} INFO - Sync 1 DAGs
[2024-10-22T09:43:39.311+0000] {logging_mixin.py:190} INFO - [2024-10-22T09:43:39.310+0000] {dag.py:4180} INFO - Setting next_dagrun for example_branch_operator to 2024-10-21 00:00:00+00:00, run_after=2024-10-22 00:00:00+00:00
[2024-10-22T09:43:39.348+0000] {processor.py:208} INFO - Processing /home/airflow/.local/lib/python3.12/site-packages/airflow/example_dags/example_branch_operator.py took 0.200 seconds
[2024-10-22T09:44:09.468+0000] {processor.py:186} INFO - Started process (PID=2481) to work on /home/airflow/.local/lib/python3.12/site-packages/airflow/example_dags/example_branch_operator.py
[2024-10-22T09:44:09.471+0000] {processor.py:914} INFO - Processing file /home/airflow/.local/lib/python3.12/site-packages/airflow/example_dags/example_branch_operator.py for tasks to queue
[2024-10-22T09:44:09.477+0000] {logging_mixin.py:190} INFO - [2024-10-22T09:44:09.477+0000] {dagbag.py:588} INFO - Filling up the DagBag from /home/airflow/.local/lib/python3.12/site-packages/airflow/example_dags/example_branch_operator.py
[2024-10-22T09:44:09.528+0000] {processor.py:925} INFO - DAG(s) 'example_branch_operator' retrieved from /home/airflow/.local/lib/python3.12/site-packages/airflow/example_dags/example_branch_operator.py
[2024-10-22T09:44:09.596+0000] {logging_mixin.py:190} INFO - [2024-10-22T09:44:09.596+0000] {dag.py:3239} INFO - Sync 1 DAGs
[2024-10-22T09:44:09.657+0000] {logging_mixin.py:190} INFO - [2024-10-22T09:44:09.656+0000] {dag.py:4180} INFO - Setting next_dagrun for example_branch_operator to 2024-10-21 00:00:00+00:00, run_after=2024-10-22 00:00:00+00:00
[2024-10-22T09:44:09.702+0000] {processor.py:208} INFO - Processing /home/airflow/.local/lib/python3.12/site-packages/airflow/example_dags/example_branch_operator.py took 0.245 seconds
