[2024-10-22T09:23:28.722+0000] {processor.py:186} INFO - Started process (PID=91) to work on /home/airflow/.local/lib/python3.12/site-packages/airflow/example_dags/example_bash_operator.py
[2024-10-22T09:23:28.736+0000] {processor.py:914} INFO - Processing file /home/airflow/.local/lib/python3.12/site-packages/airflow/example_dags/example_bash_operator.py for tasks to queue
[2024-10-22T09:23:28.754+0000] {logging_mixin.py:190} INFO - [2024-10-22T09:23:28.753+0000] {dagbag.py:588} INFO - Filling up the DagBag from /home/airflow/.local/lib/python3.12/site-packages/airflow/example_dags/example_bash_operator.py
[2024-10-22T09:23:28.904+0000] {processor.py:925} INFO - DAG(s) 'example_bash_operator' retrieved from /home/airflow/.local/lib/python3.12/site-packages/airflow/example_dags/example_bash_operator.py
[2024-10-22T09:23:29.210+0000] {logging_mixin.py:190} INFO - [2024-10-22T09:23:29.209+0000] {dag.py:3239} INFO - Sync 1 DAGs
[2024-10-22T09:23:29.350+0000] {logging_mixin.py:190} INFO - [2024-10-22T09:23:29.350+0000] {dag.py:4180} INFO - Setting next_dagrun for example_bash_operator to 2024-10-21 00:00:00+00:00, run_after=2024-10-22 00:00:00+00:00
[2024-10-22T09:23:29.448+0000] {processor.py:208} INFO - Processing /home/airflow/.local/lib/python3.12/site-packages/airflow/example_dags/example_bash_operator.py took 0.777 seconds
[2024-10-22T09:24:19.866+0000] {processor.py:186} INFO - Started process (PID=170) to work on /home/airflow/.local/lib/python3.12/site-packages/airflow/example_dags/example_bash_operator.py
[2024-10-22T09:24:19.868+0000] {processor.py:914} INFO - Processing file /home/airflow/.local/lib/python3.12/site-packages/airflow/example_dags/example_bash_operator.py for tasks to queue
[2024-10-22T09:24:19.873+0000] {logging_mixin.py:190} INFO - [2024-10-22T09:24:19.873+0000] {dagbag.py:588} INFO - Filling up the DagBag from /home/airflow/.local/lib/python3.12/site-packages/airflow/example_dags/example_bash_operator.py
[2024-10-22T09:24:19.899+0000] {processor.py:925} INFO - DAG(s) 'example_bash_operator' retrieved from /home/airflow/.local/lib/python3.12/site-packages/airflow/example_dags/example_bash_operator.py
[2024-10-22T09:24:19.952+0000] {logging_mixin.py:190} INFO - [2024-10-22T09:24:19.952+0000] {dag.py:3239} INFO - Sync 1 DAGs
[2024-10-22T09:24:19.999+0000] {logging_mixin.py:190} INFO - [2024-10-22T09:24:19.999+0000] {dag.py:4180} INFO - Setting next_dagrun for example_bash_operator to 2024-10-21 00:00:00+00:00, run_after=2024-10-22 00:00:00+00:00
[2024-10-22T09:24:20.252+0000] {processor.py:208} INFO - Processing /home/airflow/.local/lib/python3.12/site-packages/airflow/example_dags/example_bash_operator.py took 0.398 seconds
[2024-10-22T09:24:54.920+0000] {processor.py:186} INFO - Started process (PID=232) to work on /home/airflow/.local/lib/python3.12/site-packages/airflow/example_dags/example_bash_operator.py
[2024-10-22T09:24:54.922+0000] {processor.py:914} INFO - Processing file /home/airflow/.local/lib/python3.12/site-packages/airflow/example_dags/example_bash_operator.py for tasks to queue
[2024-10-22T09:24:54.929+0000] {logging_mixin.py:190} INFO - [2024-10-22T09:24:54.928+0000] {dagbag.py:588} INFO - Filling up the DagBag from /home/airflow/.local/lib/python3.12/site-packages/airflow/example_dags/example_bash_operator.py
[2024-10-22T09:24:54.965+0000] {processor.py:925} INFO - DAG(s) 'example_bash_operator' retrieved from /home/airflow/.local/lib/python3.12/site-packages/airflow/example_dags/example_bash_operator.py
[2024-10-22T09:24:55.026+0000] {logging_mixin.py:190} INFO - [2024-10-22T09:24:55.026+0000] {dag.py:3239} INFO - Sync 1 DAGs
[2024-10-22T09:24:55.104+0000] {logging_mixin.py:190} INFO - [2024-10-22T09:24:55.104+0000] {dag.py:4180} INFO - Setting next_dagrun for example_bash_operator to 2024-10-21 00:00:00+00:00, run_after=2024-10-22 00:00:00+00:00
[2024-10-22T09:24:55.231+0000] {processor.py:208} INFO - Processing /home/airflow/.local/lib/python3.12/site-packages/airflow/example_dags/example_bash_operator.py took 0.324 seconds
[2024-10-22T09:25:31.607+0000] {processor.py:186} INFO - Started process (PID=294) to work on /home/airflow/.local/lib/python3.12/site-packages/airflow/example_dags/example_bash_operator.py
[2024-10-22T09:25:31.609+0000] {processor.py:914} INFO - Processing file /home/airflow/.local/lib/python3.12/site-packages/airflow/example_dags/example_bash_operator.py for tasks to queue
[2024-10-22T09:25:31.628+0000] {logging_mixin.py:190} INFO - [2024-10-22T09:25:31.627+0000] {dagbag.py:588} INFO - Filling up the DagBag from /home/airflow/.local/lib/python3.12/site-packages/airflow/example_dags/example_bash_operator.py
[2024-10-22T09:25:31.713+0000] {processor.py:925} INFO - DAG(s) 'example_bash_operator' retrieved from /home/airflow/.local/lib/python3.12/site-packages/airflow/example_dags/example_bash_operator.py
[2024-10-22T09:25:31.811+0000] {logging_mixin.py:190} INFO - [2024-10-22T09:25:31.811+0000] {dag.py:3239} INFO - Sync 1 DAGs
[2024-10-22T09:25:31.910+0000] {logging_mixin.py:190} INFO - [2024-10-22T09:25:31.909+0000] {dag.py:4180} INFO - Setting next_dagrun for example_bash_operator to 2024-10-21 00:00:00+00:00, run_after=2024-10-22 00:00:00+00:00
[2024-10-22T09:25:32.074+0000] {processor.py:208} INFO - Processing /home/airflow/.local/lib/python3.12/site-packages/airflow/example_dags/example_bash_operator.py took 0.520 seconds
[2024-10-22T09:26:02.763+0000] {processor.py:186} INFO - Started process (PID=356) to work on /home/airflow/.local/lib/python3.12/site-packages/airflow/example_dags/example_bash_operator.py
[2024-10-22T09:26:02.780+0000] {processor.py:914} INFO - Processing file /home/airflow/.local/lib/python3.12/site-packages/airflow/example_dags/example_bash_operator.py for tasks to queue
[2024-10-22T09:26:02.798+0000] {logging_mixin.py:190} INFO - [2024-10-22T09:26:02.797+0000] {dagbag.py:588} INFO - Filling up the DagBag from /home/airflow/.local/lib/python3.12/site-packages/airflow/example_dags/example_bash_operator.py
[2024-10-22T09:26:02.918+0000] {processor.py:925} INFO - DAG(s) 'example_bash_operator' retrieved from /home/airflow/.local/lib/python3.12/site-packages/airflow/example_dags/example_bash_operator.py
[2024-10-22T09:26:03.188+0000] {logging_mixin.py:190} INFO - [2024-10-22T09:26:03.166+0000] {dag.py:3239} INFO - Sync 1 DAGs
[2024-10-22T09:26:03.365+0000] {logging_mixin.py:190} INFO - [2024-10-22T09:26:03.364+0000] {dag.py:4180} INFO - Setting next_dagrun for example_bash_operator to 2024-10-21 00:00:00+00:00, run_after=2024-10-22 00:00:00+00:00
[2024-10-22T09:26:03.516+0000] {processor.py:208} INFO - Processing /home/airflow/.local/lib/python3.12/site-packages/airflow/example_dags/example_bash_operator.py took 0.803 seconds
[2024-10-22T09:26:34.401+0000] {processor.py:186} INFO - Started process (PID=419) to work on /home/airflow/.local/lib/python3.12/site-packages/airflow/example_dags/example_bash_operator.py
[2024-10-22T09:26:34.414+0000] {processor.py:914} INFO - Processing file /home/airflow/.local/lib/python3.12/site-packages/airflow/example_dags/example_bash_operator.py for tasks to queue
[2024-10-22T09:26:34.425+0000] {logging_mixin.py:190} INFO - [2024-10-22T09:26:34.424+0000] {dagbag.py:588} INFO - Filling up the DagBag from /home/airflow/.local/lib/python3.12/site-packages/airflow/example_dags/example_bash_operator.py
[2024-10-22T09:26:34.546+0000] {processor.py:925} INFO - DAG(s) 'example_bash_operator' retrieved from /home/airflow/.local/lib/python3.12/site-packages/airflow/example_dags/example_bash_operator.py
[2024-10-22T09:26:34.803+0000] {logging_mixin.py:190} INFO - [2024-10-22T09:26:34.802+0000] {dag.py:3239} INFO - Sync 1 DAGs
[2024-10-22T09:26:35.146+0000] {logging_mixin.py:190} INFO - [2024-10-22T09:26:35.145+0000] {dag.py:4180} INFO - Setting next_dagrun for example_bash_operator to 2024-10-21 00:00:00+00:00, run_after=2024-10-22 00:00:00+00:00
[2024-10-22T09:26:35.391+0000] {processor.py:208} INFO - Processing /home/airflow/.local/lib/python3.12/site-packages/airflow/example_dags/example_bash_operator.py took 1.039 seconds
[2024-10-22T09:27:11.801+0000] {processor.py:186} INFO - Started process (PID=481) to work on /home/airflow/.local/lib/python3.12/site-packages/airflow/example_dags/example_bash_operator.py
[2024-10-22T09:27:11.804+0000] {processor.py:914} INFO - Processing file /home/airflow/.local/lib/python3.12/site-packages/airflow/example_dags/example_bash_operator.py for tasks to queue
[2024-10-22T09:27:11.813+0000] {logging_mixin.py:190} INFO - [2024-10-22T09:27:11.812+0000] {dagbag.py:588} INFO - Filling up the DagBag from /home/airflow/.local/lib/python3.12/site-packages/airflow/example_dags/example_bash_operator.py
[2024-10-22T09:27:11.853+0000] {processor.py:925} INFO - DAG(s) 'example_bash_operator' retrieved from /home/airflow/.local/lib/python3.12/site-packages/airflow/example_dags/example_bash_operator.py
[2024-10-22T09:27:12.111+0000] {logging_mixin.py:190} INFO - [2024-10-22T09:27:12.110+0000] {dag.py:3239} INFO - Sync 1 DAGs
[2024-10-22T09:27:12.638+0000] {logging_mixin.py:190} INFO - [2024-10-22T09:27:12.638+0000] {dag.py:4180} INFO - Setting next_dagrun for example_bash_operator to 2024-10-21 00:00:00+00:00, run_after=2024-10-22 00:00:00+00:00
[2024-10-22T09:27:13.861+0000] {processor.py:208} INFO - Processing /home/airflow/.local/lib/python3.12/site-packages/airflow/example_dags/example_bash_operator.py took 2.094 seconds
[2024-10-22T09:27:44.258+0000] {processor.py:186} INFO - Started process (PID=542) to work on /home/airflow/.local/lib/python3.12/site-packages/airflow/example_dags/example_bash_operator.py
[2024-10-22T09:27:44.261+0000] {processor.py:914} INFO - Processing file /home/airflow/.local/lib/python3.12/site-packages/airflow/example_dags/example_bash_operator.py for tasks to queue
[2024-10-22T09:27:44.268+0000] {logging_mixin.py:190} INFO - [2024-10-22T09:27:44.267+0000] {dagbag.py:588} INFO - Filling up the DagBag from /home/airflow/.local/lib/python3.12/site-packages/airflow/example_dags/example_bash_operator.py
[2024-10-22T09:27:44.312+0000] {processor.py:925} INFO - DAG(s) 'example_bash_operator' retrieved from /home/airflow/.local/lib/python3.12/site-packages/airflow/example_dags/example_bash_operator.py
[2024-10-22T09:27:44.433+0000] {logging_mixin.py:190} INFO - [2024-10-22T09:27:44.432+0000] {dag.py:3239} INFO - Sync 1 DAGs
[2024-10-22T09:27:44.512+0000] {logging_mixin.py:190} INFO - [2024-10-22T09:27:44.512+0000] {dag.py:4180} INFO - Setting next_dagrun for example_bash_operator to 2024-10-21 00:00:00+00:00, run_after=2024-10-22 00:00:00+00:00
[2024-10-22T09:27:44.563+0000] {processor.py:208} INFO - Processing /home/airflow/.local/lib/python3.12/site-packages/airflow/example_dags/example_bash_operator.py took 0.319 seconds
[2024-10-22T09:28:15.041+0000] {processor.py:186} INFO - Started process (PID=604) to work on /home/airflow/.local/lib/python3.12/site-packages/airflow/example_dags/example_bash_operator.py
[2024-10-22T09:28:15.044+0000] {processor.py:914} INFO - Processing file /home/airflow/.local/lib/python3.12/site-packages/airflow/example_dags/example_bash_operator.py for tasks to queue
[2024-10-22T09:28:15.049+0000] {logging_mixin.py:190} INFO - [2024-10-22T09:28:15.048+0000] {dagbag.py:588} INFO - Filling up the DagBag from /home/airflow/.local/lib/python3.12/site-packages/airflow/example_dags/example_bash_operator.py
[2024-10-22T09:28:15.073+0000] {processor.py:925} INFO - DAG(s) 'example_bash_operator' retrieved from /home/airflow/.local/lib/python3.12/site-packages/airflow/example_dags/example_bash_operator.py
[2024-10-22T09:28:15.153+0000] {logging_mixin.py:190} INFO - [2024-10-22T09:28:15.152+0000] {dag.py:3239} INFO - Sync 1 DAGs
[2024-10-22T09:28:15.212+0000] {logging_mixin.py:190} INFO - [2024-10-22T09:28:15.212+0000] {dag.py:4180} INFO - Setting next_dagrun for example_bash_operator to 2024-10-21 00:00:00+00:00, run_after=2024-10-22 00:00:00+00:00
[2024-10-22T09:28:16.157+0000] {processor.py:208} INFO - Processing /home/airflow/.local/lib/python3.12/site-packages/airflow/example_dags/example_bash_operator.py took 1.127 seconds
[2024-10-22T09:28:46.591+0000] {processor.py:186} INFO - Started process (PID=667) to work on /home/airflow/.local/lib/python3.12/site-packages/airflow/example_dags/example_bash_operator.py
[2024-10-22T09:28:46.593+0000] {processor.py:914} INFO - Processing file /home/airflow/.local/lib/python3.12/site-packages/airflow/example_dags/example_bash_operator.py for tasks to queue
[2024-10-22T09:28:46.599+0000] {logging_mixin.py:190} INFO - [2024-10-22T09:28:46.598+0000] {dagbag.py:588} INFO - Filling up the DagBag from /home/airflow/.local/lib/python3.12/site-packages/airflow/example_dags/example_bash_operator.py
[2024-10-22T09:28:46.625+0000] {processor.py:925} INFO - DAG(s) 'example_bash_operator' retrieved from /home/airflow/.local/lib/python3.12/site-packages/airflow/example_dags/example_bash_operator.py
[2024-10-22T09:28:46.686+0000] {logging_mixin.py:190} INFO - [2024-10-22T09:28:46.685+0000] {dag.py:3239} INFO - Sync 1 DAGs
[2024-10-22T09:28:46.731+0000] {logging_mixin.py:190} INFO - [2024-10-22T09:28:46.731+0000] {dag.py:4180} INFO - Setting next_dagrun for example_bash_operator to 2024-10-21 00:00:00+00:00, run_after=2024-10-22 00:00:00+00:00
[2024-10-22T09:28:46.828+0000] {processor.py:208} INFO - Processing /home/airflow/.local/lib/python3.12/site-packages/airflow/example_dags/example_bash_operator.py took 0.251 seconds
[2024-10-22T09:29:18.596+0000] {processor.py:186} INFO - Started process (PID=729) to work on /home/airflow/.local/lib/python3.12/site-packages/airflow/example_dags/example_bash_operator.py
[2024-10-22T09:29:18.626+0000] {processor.py:914} INFO - Processing file /home/airflow/.local/lib/python3.12/site-packages/airflow/example_dags/example_bash_operator.py for tasks to queue
[2024-10-22T09:29:18.652+0000] {logging_mixin.py:190} INFO - [2024-10-22T09:29:18.651+0000] {dagbag.py:588} INFO - Filling up the DagBag from /home/airflow/.local/lib/python3.12/site-packages/airflow/example_dags/example_bash_operator.py
[2024-10-22T09:29:18.742+0000] {processor.py:925} INFO - DAG(s) 'example_bash_operator' retrieved from /home/airflow/.local/lib/python3.12/site-packages/airflow/example_dags/example_bash_operator.py
[2024-10-22T09:29:18.873+0000] {logging_mixin.py:190} INFO - [2024-10-22T09:29:18.872+0000] {dag.py:3239} INFO - Sync 1 DAGs
[2024-10-22T09:29:19.021+0000] {logging_mixin.py:190} INFO - [2024-10-22T09:29:19.020+0000] {dag.py:4180} INFO - Setting next_dagrun for example_bash_operator to 2024-10-21 00:00:00+00:00, run_after=2024-10-22 00:00:00+00:00
[2024-10-22T09:29:19.114+0000] {processor.py:208} INFO - Processing /home/airflow/.local/lib/python3.12/site-packages/airflow/example_dags/example_bash_operator.py took 0.557 seconds
[2024-10-22T09:29:49.775+0000] {processor.py:186} INFO - Started process (PID=792) to work on /home/airflow/.local/lib/python3.12/site-packages/airflow/example_dags/example_bash_operator.py
[2024-10-22T09:29:49.777+0000] {processor.py:914} INFO - Processing file /home/airflow/.local/lib/python3.12/site-packages/airflow/example_dags/example_bash_operator.py for tasks to queue
[2024-10-22T09:29:49.781+0000] {logging_mixin.py:190} INFO - [2024-10-22T09:29:49.781+0000] {dagbag.py:588} INFO - Filling up the DagBag from /home/airflow/.local/lib/python3.12/site-packages/airflow/example_dags/example_bash_operator.py
[2024-10-22T09:29:49.805+0000] {processor.py:925} INFO - DAG(s) 'example_bash_operator' retrieved from /home/airflow/.local/lib/python3.12/site-packages/airflow/example_dags/example_bash_operator.py
[2024-10-22T09:29:49.874+0000] {logging_mixin.py:190} INFO - [2024-10-22T09:29:49.872+0000] {dag.py:3239} INFO - Sync 1 DAGs
[2024-10-22T09:29:49.929+0000] {logging_mixin.py:190} INFO - [2024-10-22T09:29:49.929+0000] {dag.py:4180} INFO - Setting next_dagrun for example_bash_operator to 2024-10-21 00:00:00+00:00, run_after=2024-10-22 00:00:00+00:00
[2024-10-22T09:29:49.965+0000] {processor.py:208} INFO - Processing /home/airflow/.local/lib/python3.12/site-packages/airflow/example_dags/example_bash_operator.py took 0.205 seconds
[2024-10-22T09:30:20.424+0000] {processor.py:186} INFO - Started process (PID=854) to work on /home/airflow/.local/lib/python3.12/site-packages/airflow/example_dags/example_bash_operator.py
[2024-10-22T09:30:20.426+0000] {processor.py:914} INFO - Processing file /home/airflow/.local/lib/python3.12/site-packages/airflow/example_dags/example_bash_operator.py for tasks to queue
[2024-10-22T09:30:20.432+0000] {logging_mixin.py:190} INFO - [2024-10-22T09:30:20.431+0000] {dagbag.py:588} INFO - Filling up the DagBag from /home/airflow/.local/lib/python3.12/site-packages/airflow/example_dags/example_bash_operator.py
[2024-10-22T09:30:20.459+0000] {processor.py:925} INFO - DAG(s) 'example_bash_operator' retrieved from /home/airflow/.local/lib/python3.12/site-packages/airflow/example_dags/example_bash_operator.py
[2024-10-22T09:30:20.518+0000] {logging_mixin.py:190} INFO - [2024-10-22T09:30:20.518+0000] {dag.py:3239} INFO - Sync 1 DAGs
[2024-10-22T09:30:20.569+0000] {logging_mixin.py:190} INFO - [2024-10-22T09:30:20.568+0000] {dag.py:4180} INFO - Setting next_dagrun for example_bash_operator to 2024-10-21 00:00:00+00:00, run_after=2024-10-22 00:00:00+00:00
[2024-10-22T09:30:20.606+0000] {processor.py:208} INFO - Processing /home/airflow/.local/lib/python3.12/site-packages/airflow/example_dags/example_bash_operator.py took 0.197 seconds
[2024-10-22T09:30:55.483+0000] {processor.py:186} INFO - Started process (PID=916) to work on /home/airflow/.local/lib/python3.12/site-packages/airflow/example_dags/example_bash_operator.py
[2024-10-22T09:30:55.486+0000] {processor.py:914} INFO - Processing file /home/airflow/.local/lib/python3.12/site-packages/airflow/example_dags/example_bash_operator.py for tasks to queue
[2024-10-22T09:30:55.500+0000] {logging_mixin.py:190} INFO - [2024-10-22T09:30:55.499+0000] {dagbag.py:588} INFO - Filling up the DagBag from /home/airflow/.local/lib/python3.12/site-packages/airflow/example_dags/example_bash_operator.py
[2024-10-22T09:30:55.573+0000] {processor.py:925} INFO - DAG(s) 'example_bash_operator' retrieved from /home/airflow/.local/lib/python3.12/site-packages/airflow/example_dags/example_bash_operator.py
[2024-10-22T09:30:55.693+0000] {logging_mixin.py:190} INFO - [2024-10-22T09:30:55.692+0000] {dag.py:3239} INFO - Sync 1 DAGs
[2024-10-22T09:30:55.860+0000] {logging_mixin.py:190} INFO - [2024-10-22T09:30:55.859+0000] {dag.py:4180} INFO - Setting next_dagrun for example_bash_operator to 2024-10-21 00:00:00+00:00, run_after=2024-10-22 00:00:00+00:00
[2024-10-22T09:30:55.972+0000] {processor.py:208} INFO - Processing /home/airflow/.local/lib/python3.12/site-packages/airflow/example_dags/example_bash_operator.py took 0.525 seconds
[2024-10-22T09:31:33.753+0000] {processor.py:186} INFO - Started process (PID=985) to work on /home/airflow/.local/lib/python3.12/site-packages/airflow/example_dags/example_bash_operator.py
[2024-10-22T09:31:33.756+0000] {processor.py:914} INFO - Processing file /home/airflow/.local/lib/python3.12/site-packages/airflow/example_dags/example_bash_operator.py for tasks to queue
[2024-10-22T09:31:33.789+0000] {logging_mixin.py:190} INFO - [2024-10-22T09:31:33.788+0000] {dagbag.py:588} INFO - Filling up the DagBag from /home/airflow/.local/lib/python3.12/site-packages/airflow/example_dags/example_bash_operator.py
[2024-10-22T09:31:33.964+0000] {processor.py:925} INFO - DAG(s) 'example_bash_operator' retrieved from /home/airflow/.local/lib/python3.12/site-packages/airflow/example_dags/example_bash_operator.py
[2024-10-22T09:31:34.202+0000] {logging_mixin.py:190} INFO - [2024-10-22T09:31:34.201+0000] {dag.py:3239} INFO - Sync 1 DAGs
[2024-10-22T09:31:34.407+0000] {logging_mixin.py:190} INFO - [2024-10-22T09:31:34.395+0000] {dag.py:4180} INFO - Setting next_dagrun for example_bash_operator to 2024-10-21 00:00:00+00:00, run_after=2024-10-22 00:00:00+00:00
[2024-10-22T09:31:34.589+0000] {processor.py:208} INFO - Processing /home/airflow/.local/lib/python3.12/site-packages/airflow/example_dags/example_bash_operator.py took 0.912 seconds
[2024-10-22T09:32:10.706+0000] {processor.py:186} INFO - Started process (PID=1047) to work on /home/airflow/.local/lib/python3.12/site-packages/airflow/example_dags/example_bash_operator.py
[2024-10-22T09:32:10.739+0000] {processor.py:914} INFO - Processing file /home/airflow/.local/lib/python3.12/site-packages/airflow/example_dags/example_bash_operator.py for tasks to queue
[2024-10-22T09:32:10.785+0000] {logging_mixin.py:190} INFO - [2024-10-22T09:32:10.784+0000] {dagbag.py:588} INFO - Filling up the DagBag from /home/airflow/.local/lib/python3.12/site-packages/airflow/example_dags/example_bash_operator.py
[2024-10-22T09:32:10.959+0000] {processor.py:925} INFO - DAG(s) 'example_bash_operator' retrieved from /home/airflow/.local/lib/python3.12/site-packages/airflow/example_dags/example_bash_operator.py
[2024-10-22T09:32:11.215+0000] {logging_mixin.py:190} INFO - [2024-10-22T09:32:11.214+0000] {dag.py:3239} INFO - Sync 1 DAGs
[2024-10-22T09:32:11.459+0000] {logging_mixin.py:190} INFO - [2024-10-22T09:32:11.459+0000] {dag.py:4180} INFO - Setting next_dagrun for example_bash_operator to 2024-10-21 00:00:00+00:00, run_after=2024-10-22 00:00:00+00:00
[2024-10-22T09:32:11.635+0000] {processor.py:208} INFO - Processing /home/airflow/.local/lib/python3.12/site-packages/airflow/example_dags/example_bash_operator.py took 1.043 seconds
[2024-10-22T09:32:55.820+0000] {processor.py:186} INFO - Started process (PID=1112) to work on /home/airflow/.local/lib/python3.12/site-packages/airflow/example_dags/example_bash_operator.py
[2024-10-22T09:32:55.823+0000] {processor.py:914} INFO - Processing file /home/airflow/.local/lib/python3.12/site-packages/airflow/example_dags/example_bash_operator.py for tasks to queue
[2024-10-22T09:32:55.853+0000] {logging_mixin.py:190} INFO - [2024-10-22T09:32:55.852+0000] {dagbag.py:588} INFO - Filling up the DagBag from /home/airflow/.local/lib/python3.12/site-packages/airflow/example_dags/example_bash_operator.py
[2024-10-22T09:32:55.999+0000] {processor.py:925} INFO - DAG(s) 'example_bash_operator' retrieved from /home/airflow/.local/lib/python3.12/site-packages/airflow/example_dags/example_bash_operator.py
[2024-10-22T09:32:56.429+0000] {logging_mixin.py:190} INFO - [2024-10-22T09:32:56.428+0000] {dag.py:3239} INFO - Sync 1 DAGs
[2024-10-22T09:32:56.689+0000] {logging_mixin.py:190} INFO - [2024-10-22T09:32:56.688+0000] {dag.py:4180} INFO - Setting next_dagrun for example_bash_operator to 2024-10-21 00:00:00+00:00, run_after=2024-10-22 00:00:00+00:00
[2024-10-22T09:32:56.857+0000] {processor.py:208} INFO - Processing /home/airflow/.local/lib/python3.12/site-packages/airflow/example_dags/example_bash_operator.py took 1.111 seconds
[2024-10-22T09:33:27.158+0000] {processor.py:186} INFO - Started process (PID=1174) to work on /home/airflow/.local/lib/python3.12/site-packages/airflow/example_dags/example_bash_operator.py
[2024-10-22T09:33:27.161+0000] {processor.py:914} INFO - Processing file /home/airflow/.local/lib/python3.12/site-packages/airflow/example_dags/example_bash_operator.py for tasks to queue
[2024-10-22T09:33:27.169+0000] {logging_mixin.py:190} INFO - [2024-10-22T09:33:27.168+0000] {dagbag.py:588} INFO - Filling up the DagBag from /home/airflow/.local/lib/python3.12/site-packages/airflow/example_dags/example_bash_operator.py
[2024-10-22T09:33:27.240+0000] {processor.py:925} INFO - DAG(s) 'example_bash_operator' retrieved from /home/airflow/.local/lib/python3.12/site-packages/airflow/example_dags/example_bash_operator.py
[2024-10-22T09:33:27.422+0000] {logging_mixin.py:190} INFO - [2024-10-22T09:33:27.422+0000] {dag.py:3239} INFO - Sync 1 DAGs
[2024-10-22T09:33:27.527+0000] {logging_mixin.py:190} INFO - [2024-10-22T09:33:27.526+0000] {dag.py:4180} INFO - Setting next_dagrun for example_bash_operator to 2024-10-21 00:00:00+00:00, run_after=2024-10-22 00:00:00+00:00
[2024-10-22T09:33:27.581+0000] {processor.py:208} INFO - Processing /home/airflow/.local/lib/python3.12/site-packages/airflow/example_dags/example_bash_operator.py took 0.446 seconds
[2024-10-22T09:33:58.117+0000] {processor.py:186} INFO - Started process (PID=1236) to work on /home/airflow/.local/lib/python3.12/site-packages/airflow/example_dags/example_bash_operator.py
[2024-10-22T09:33:58.119+0000] {processor.py:914} INFO - Processing file /home/airflow/.local/lib/python3.12/site-packages/airflow/example_dags/example_bash_operator.py for tasks to queue
[2024-10-22T09:33:58.127+0000] {logging_mixin.py:190} INFO - [2024-10-22T09:33:58.126+0000] {dagbag.py:588} INFO - Filling up the DagBag from /home/airflow/.local/lib/python3.12/site-packages/airflow/example_dags/example_bash_operator.py
[2024-10-22T09:33:58.195+0000] {processor.py:925} INFO - DAG(s) 'example_bash_operator' retrieved from /home/airflow/.local/lib/python3.12/site-packages/airflow/example_dags/example_bash_operator.py
[2024-10-22T09:33:58.280+0000] {logging_mixin.py:190} INFO - [2024-10-22T09:33:58.279+0000] {dag.py:3239} INFO - Sync 1 DAGs
[2024-10-22T09:33:58.351+0000] {logging_mixin.py:190} INFO - [2024-10-22T09:33:58.350+0000] {dag.py:4180} INFO - Setting next_dagrun for example_bash_operator to 2024-10-21 00:00:00+00:00, run_after=2024-10-22 00:00:00+00:00
[2024-10-22T09:33:58.402+0000] {processor.py:208} INFO - Processing /home/airflow/.local/lib/python3.12/site-packages/airflow/example_dags/example_bash_operator.py took 0.303 seconds
[2024-10-22T09:34:28.673+0000] {processor.py:186} INFO - Started process (PID=1298) to work on /home/airflow/.local/lib/python3.12/site-packages/airflow/example_dags/example_bash_operator.py
[2024-10-22T09:34:28.676+0000] {processor.py:914} INFO - Processing file /home/airflow/.local/lib/python3.12/site-packages/airflow/example_dags/example_bash_operator.py for tasks to queue
[2024-10-22T09:34:28.681+0000] {logging_mixin.py:190} INFO - [2024-10-22T09:34:28.681+0000] {dagbag.py:588} INFO - Filling up the DagBag from /home/airflow/.local/lib/python3.12/site-packages/airflow/example_dags/example_bash_operator.py
[2024-10-22T09:34:28.709+0000] {processor.py:925} INFO - DAG(s) 'example_bash_operator' retrieved from /home/airflow/.local/lib/python3.12/site-packages/airflow/example_dags/example_bash_operator.py
[2024-10-22T09:34:28.755+0000] {logging_mixin.py:190} INFO - [2024-10-22T09:34:28.754+0000] {dag.py:3239} INFO - Sync 1 DAGs
[2024-10-22T09:34:28.804+0000] {logging_mixin.py:190} INFO - [2024-10-22T09:34:28.803+0000] {dag.py:4180} INFO - Setting next_dagrun for example_bash_operator to 2024-10-21 00:00:00+00:00, run_after=2024-10-22 00:00:00+00:00
[2024-10-22T09:34:28.836+0000] {processor.py:208} INFO - Processing /home/airflow/.local/lib/python3.12/site-packages/airflow/example_dags/example_bash_operator.py took 0.178 seconds
[2024-10-22T09:35:00.692+0000] {processor.py:186} INFO - Started process (PID=1366) to work on /home/airflow/.local/lib/python3.12/site-packages/airflow/example_dags/example_bash_operator.py
[2024-10-22T09:35:00.694+0000] {processor.py:914} INFO - Processing file /home/airflow/.local/lib/python3.12/site-packages/airflow/example_dags/example_bash_operator.py for tasks to queue
[2024-10-22T09:35:00.701+0000] {logging_mixin.py:190} INFO - [2024-10-22T09:35:00.700+0000] {dagbag.py:588} INFO - Filling up the DagBag from /home/airflow/.local/lib/python3.12/site-packages/airflow/example_dags/example_bash_operator.py
[2024-10-22T09:35:00.729+0000] {processor.py:925} INFO - DAG(s) 'example_bash_operator' retrieved from /home/airflow/.local/lib/python3.12/site-packages/airflow/example_dags/example_bash_operator.py
[2024-10-22T09:35:00.778+0000] {logging_mixin.py:190} INFO - [2024-10-22T09:35:00.777+0000] {dag.py:3239} INFO - Sync 1 DAGs
[2024-10-22T09:35:00.819+0000] {logging_mixin.py:190} INFO - [2024-10-22T09:35:00.819+0000] {dag.py:4180} INFO - Setting next_dagrun for example_bash_operator to 2024-10-21 00:00:00+00:00, run_after=2024-10-22 00:00:00+00:00
[2024-10-22T09:35:01.468+0000] {processor.py:208} INFO - Processing /home/airflow/.local/lib/python3.12/site-packages/airflow/example_dags/example_bash_operator.py took 0.798 seconds
[2024-10-22T09:35:31.898+0000] {processor.py:186} INFO - Started process (PID=1428) to work on /home/airflow/.local/lib/python3.12/site-packages/airflow/example_dags/example_bash_operator.py
[2024-10-22T09:35:31.900+0000] {processor.py:914} INFO - Processing file /home/airflow/.local/lib/python3.12/site-packages/airflow/example_dags/example_bash_operator.py for tasks to queue
[2024-10-22T09:35:31.905+0000] {logging_mixin.py:190} INFO - [2024-10-22T09:35:31.904+0000] {dagbag.py:588} INFO - Filling up the DagBag from /home/airflow/.local/lib/python3.12/site-packages/airflow/example_dags/example_bash_operator.py
[2024-10-22T09:35:31.929+0000] {processor.py:925} INFO - DAG(s) 'example_bash_operator' retrieved from /home/airflow/.local/lib/python3.12/site-packages/airflow/example_dags/example_bash_operator.py
[2024-10-22T09:35:31.974+0000] {logging_mixin.py:190} INFO - [2024-10-22T09:35:31.974+0000] {dag.py:3239} INFO - Sync 1 DAGs
[2024-10-22T09:35:32.039+0000] {logging_mixin.py:190} INFO - [2024-10-22T09:35:32.038+0000] {dag.py:4180} INFO - Setting next_dagrun for example_bash_operator to 2024-10-21 00:00:00+00:00, run_after=2024-10-22 00:00:00+00:00
[2024-10-22T09:35:32.072+0000] {processor.py:208} INFO - Processing /home/airflow/.local/lib/python3.12/site-packages/airflow/example_dags/example_bash_operator.py took 0.184 seconds
[2024-10-22T09:36:02.894+0000] {processor.py:186} INFO - Started process (PID=1490) to work on /home/airflow/.local/lib/python3.12/site-packages/airflow/example_dags/example_bash_operator.py
[2024-10-22T09:36:02.896+0000] {processor.py:914} INFO - Processing file /home/airflow/.local/lib/python3.12/site-packages/airflow/example_dags/example_bash_operator.py for tasks to queue
[2024-10-22T09:36:02.901+0000] {logging_mixin.py:190} INFO - [2024-10-22T09:36:02.900+0000] {dagbag.py:588} INFO - Filling up the DagBag from /home/airflow/.local/lib/python3.12/site-packages/airflow/example_dags/example_bash_operator.py
[2024-10-22T09:36:02.925+0000] {processor.py:925} INFO - DAG(s) 'example_bash_operator' retrieved from /home/airflow/.local/lib/python3.12/site-packages/airflow/example_dags/example_bash_operator.py
[2024-10-22T09:36:02.971+0000] {logging_mixin.py:190} INFO - [2024-10-22T09:36:02.970+0000] {dag.py:3239} INFO - Sync 1 DAGs
[2024-10-22T09:36:03.021+0000] {logging_mixin.py:190} INFO - [2024-10-22T09:36:03.021+0000] {dag.py:4180} INFO - Setting next_dagrun for example_bash_operator to 2024-10-21 00:00:00+00:00, run_after=2024-10-22 00:00:00+00:00
[2024-10-22T09:36:03.054+0000] {processor.py:208} INFO - Processing /home/airflow/.local/lib/python3.12/site-packages/airflow/example_dags/example_bash_operator.py took 0.170 seconds
[2024-10-22T09:36:33.408+0000] {processor.py:186} INFO - Started process (PID=1553) to work on /home/airflow/.local/lib/python3.12/site-packages/airflow/example_dags/example_bash_operator.py
[2024-10-22T09:36:33.410+0000] {processor.py:914} INFO - Processing file /home/airflow/.local/lib/python3.12/site-packages/airflow/example_dags/example_bash_operator.py for tasks to queue
[2024-10-22T09:36:33.416+0000] {logging_mixin.py:190} INFO - [2024-10-22T09:36:33.415+0000] {dagbag.py:588} INFO - Filling up the DagBag from /home/airflow/.local/lib/python3.12/site-packages/airflow/example_dags/example_bash_operator.py
[2024-10-22T09:36:33.450+0000] {processor.py:925} INFO - DAG(s) 'example_bash_operator' retrieved from /home/airflow/.local/lib/python3.12/site-packages/airflow/example_dags/example_bash_operator.py
[2024-10-22T09:36:33.510+0000] {logging_mixin.py:190} INFO - [2024-10-22T09:36:33.509+0000] {dag.py:3239} INFO - Sync 1 DAGs
[2024-10-22T09:36:33.559+0000] {logging_mixin.py:190} INFO - [2024-10-22T09:36:33.559+0000] {dag.py:4180} INFO - Setting next_dagrun for example_bash_operator to 2024-10-21 00:00:00+00:00, run_after=2024-10-22 00:00:00+00:00
[2024-10-22T09:36:33.606+0000] {processor.py:208} INFO - Processing /home/airflow/.local/lib/python3.12/site-packages/airflow/example_dags/example_bash_operator.py took 0.209 seconds
[2024-10-22T09:37:04.017+0000] {processor.py:186} INFO - Started process (PID=1615) to work on /home/airflow/.local/lib/python3.12/site-packages/airflow/example_dags/example_bash_operator.py
[2024-10-22T09:37:04.020+0000] {processor.py:914} INFO - Processing file /home/airflow/.local/lib/python3.12/site-packages/airflow/example_dags/example_bash_operator.py for tasks to queue
[2024-10-22T09:37:04.026+0000] {logging_mixin.py:190} INFO - [2024-10-22T09:37:04.025+0000] {dagbag.py:588} INFO - Filling up the DagBag from /home/airflow/.local/lib/python3.12/site-packages/airflow/example_dags/example_bash_operator.py
[2024-10-22T09:37:04.069+0000] {processor.py:925} INFO - DAG(s) 'example_bash_operator' retrieved from /home/airflow/.local/lib/python3.12/site-packages/airflow/example_dags/example_bash_operator.py
[2024-10-22T09:37:04.136+0000] {logging_mixin.py:190} INFO - [2024-10-22T09:37:04.135+0000] {dag.py:3239} INFO - Sync 1 DAGs
[2024-10-22T09:37:04.210+0000] {logging_mixin.py:190} INFO - [2024-10-22T09:37:04.210+0000] {dag.py:4180} INFO - Setting next_dagrun for example_bash_operator to 2024-10-21 00:00:00+00:00, run_after=2024-10-22 00:00:00+00:00
[2024-10-22T09:37:04.260+0000] {processor.py:208} INFO - Processing /home/airflow/.local/lib/python3.12/site-packages/airflow/example_dags/example_bash_operator.py took 0.264 seconds
[2024-10-22T09:37:34.420+0000] {processor.py:186} INFO - Started process (PID=1677) to work on /home/airflow/.local/lib/python3.12/site-packages/airflow/example_dags/example_bash_operator.py
[2024-10-22T09:37:34.422+0000] {processor.py:914} INFO - Processing file /home/airflow/.local/lib/python3.12/site-packages/airflow/example_dags/example_bash_operator.py for tasks to queue
[2024-10-22T09:37:34.427+0000] {logging_mixin.py:190} INFO - [2024-10-22T09:37:34.426+0000] {dagbag.py:588} INFO - Filling up the DagBag from /home/airflow/.local/lib/python3.12/site-packages/airflow/example_dags/example_bash_operator.py
[2024-10-22T09:37:34.450+0000] {processor.py:925} INFO - DAG(s) 'example_bash_operator' retrieved from /home/airflow/.local/lib/python3.12/site-packages/airflow/example_dags/example_bash_operator.py
[2024-10-22T09:37:34.496+0000] {logging_mixin.py:190} INFO - [2024-10-22T09:37:34.496+0000] {dag.py:3239} INFO - Sync 1 DAGs
[2024-10-22T09:37:34.551+0000] {logging_mixin.py:190} INFO - [2024-10-22T09:37:34.550+0000] {dag.py:4180} INFO - Setting next_dagrun for example_bash_operator to 2024-10-21 00:00:00+00:00, run_after=2024-10-22 00:00:00+00:00
[2024-10-22T09:37:34.583+0000] {processor.py:208} INFO - Processing /home/airflow/.local/lib/python3.12/site-packages/airflow/example_dags/example_bash_operator.py took 0.174 seconds
[2024-10-22T09:38:04.835+0000] {processor.py:186} INFO - Started process (PID=1739) to work on /home/airflow/.local/lib/python3.12/site-packages/airflow/example_dags/example_bash_operator.py
[2024-10-22T09:38:04.837+0000] {processor.py:914} INFO - Processing file /home/airflow/.local/lib/python3.12/site-packages/airflow/example_dags/example_bash_operator.py for tasks to queue
[2024-10-22T09:38:04.843+0000] {logging_mixin.py:190} INFO - [2024-10-22T09:38:04.842+0000] {dagbag.py:588} INFO - Filling up the DagBag from /home/airflow/.local/lib/python3.12/site-packages/airflow/example_dags/example_bash_operator.py
[2024-10-22T09:38:04.872+0000] {processor.py:925} INFO - DAG(s) 'example_bash_operator' retrieved from /home/airflow/.local/lib/python3.12/site-packages/airflow/example_dags/example_bash_operator.py
[2024-10-22T09:38:04.922+0000] {logging_mixin.py:190} INFO - [2024-10-22T09:38:04.921+0000] {dag.py:3239} INFO - Sync 1 DAGs
[2024-10-22T09:38:04.964+0000] {logging_mixin.py:190} INFO - [2024-10-22T09:38:04.963+0000] {dag.py:4180} INFO - Setting next_dagrun for example_bash_operator to 2024-10-21 00:00:00+00:00, run_after=2024-10-22 00:00:00+00:00
[2024-10-22T09:38:04.996+0000] {processor.py:208} INFO - Processing /home/airflow/.local/lib/python3.12/site-packages/airflow/example_dags/example_bash_operator.py took 0.174 seconds
[2024-10-22T09:38:35.802+0000] {processor.py:186} INFO - Started process (PID=1801) to work on /home/airflow/.local/lib/python3.12/site-packages/airflow/example_dags/example_bash_operator.py
[2024-10-22T09:38:35.804+0000] {processor.py:914} INFO - Processing file /home/airflow/.local/lib/python3.12/site-packages/airflow/example_dags/example_bash_operator.py for tasks to queue
[2024-10-22T09:38:35.810+0000] {logging_mixin.py:190} INFO - [2024-10-22T09:38:35.809+0000] {dagbag.py:588} INFO - Filling up the DagBag from /home/airflow/.local/lib/python3.12/site-packages/airflow/example_dags/example_bash_operator.py
[2024-10-22T09:38:35.833+0000] {processor.py:925} INFO - DAG(s) 'example_bash_operator' retrieved from /home/airflow/.local/lib/python3.12/site-packages/airflow/example_dags/example_bash_operator.py
[2024-10-22T09:38:35.877+0000] {logging_mixin.py:190} INFO - [2024-10-22T09:38:35.877+0000] {dag.py:3239} INFO - Sync 1 DAGs
[2024-10-22T09:38:35.918+0000] {logging_mixin.py:190} INFO - [2024-10-22T09:38:35.917+0000] {dag.py:4180} INFO - Setting next_dagrun for example_bash_operator to 2024-10-21 00:00:00+00:00, run_after=2024-10-22 00:00:00+00:00
[2024-10-22T09:38:35.949+0000] {processor.py:208} INFO - Processing /home/airflow/.local/lib/python3.12/site-packages/airflow/example_dags/example_bash_operator.py took 0.162 seconds
[2024-10-22T09:39:06.453+0000] {processor.py:186} INFO - Started process (PID=1864) to work on /home/airflow/.local/lib/python3.12/site-packages/airflow/example_dags/example_bash_operator.py
[2024-10-22T09:39:06.455+0000] {processor.py:914} INFO - Processing file /home/airflow/.local/lib/python3.12/site-packages/airflow/example_dags/example_bash_operator.py for tasks to queue
[2024-10-22T09:39:06.464+0000] {logging_mixin.py:190} INFO - [2024-10-22T09:39:06.462+0000] {dagbag.py:588} INFO - Filling up the DagBag from /home/airflow/.local/lib/python3.12/site-packages/airflow/example_dags/example_bash_operator.py
[2024-10-22T09:39:06.494+0000] {processor.py:925} INFO - DAG(s) 'example_bash_operator' retrieved from /home/airflow/.local/lib/python3.12/site-packages/airflow/example_dags/example_bash_operator.py
[2024-10-22T09:39:06.544+0000] {logging_mixin.py:190} INFO - [2024-10-22T09:39:06.544+0000] {dag.py:3239} INFO - Sync 1 DAGs
[2024-10-22T09:39:06.589+0000] {logging_mixin.py:190} INFO - [2024-10-22T09:39:06.588+0000] {dag.py:4180} INFO - Setting next_dagrun for example_bash_operator to 2024-10-21 00:00:00+00:00, run_after=2024-10-22 00:00:00+00:00
[2024-10-22T09:39:06.621+0000] {processor.py:208} INFO - Processing /home/airflow/.local/lib/python3.12/site-packages/airflow/example_dags/example_bash_operator.py took 0.182 seconds
[2024-10-22T09:39:37.185+0000] {processor.py:186} INFO - Started process (PID=1926) to work on /home/airflow/.local/lib/python3.12/site-packages/airflow/example_dags/example_bash_operator.py
[2024-10-22T09:39:37.187+0000] {processor.py:914} INFO - Processing file /home/airflow/.local/lib/python3.12/site-packages/airflow/example_dags/example_bash_operator.py for tasks to queue
[2024-10-22T09:39:37.191+0000] {logging_mixin.py:190} INFO - [2024-10-22T09:39:37.191+0000] {dagbag.py:588} INFO - Filling up the DagBag from /home/airflow/.local/lib/python3.12/site-packages/airflow/example_dags/example_bash_operator.py
[2024-10-22T09:39:37.214+0000] {processor.py:925} INFO - DAG(s) 'example_bash_operator' retrieved from /home/airflow/.local/lib/python3.12/site-packages/airflow/example_dags/example_bash_operator.py
[2024-10-22T09:39:37.270+0000] {logging_mixin.py:190} INFO - [2024-10-22T09:39:37.270+0000] {dag.py:3239} INFO - Sync 1 DAGs
[2024-10-22T09:39:37.314+0000] {logging_mixin.py:190} INFO - [2024-10-22T09:39:37.313+0000] {dag.py:4180} INFO - Setting next_dagrun for example_bash_operator to 2024-10-21 00:00:00+00:00, run_after=2024-10-22 00:00:00+00:00
[2024-10-22T09:39:37.358+0000] {processor.py:208} INFO - Processing /home/airflow/.local/lib/python3.12/site-packages/airflow/example_dags/example_bash_operator.py took 0.183 seconds
[2024-10-22T09:40:07.941+0000] {processor.py:186} INFO - Started process (PID=1988) to work on /home/airflow/.local/lib/python3.12/site-packages/airflow/example_dags/example_bash_operator.py
[2024-10-22T09:40:07.943+0000] {processor.py:914} INFO - Processing file /home/airflow/.local/lib/python3.12/site-packages/airflow/example_dags/example_bash_operator.py for tasks to queue
[2024-10-22T09:40:07.949+0000] {logging_mixin.py:190} INFO - [2024-10-22T09:40:07.949+0000] {dagbag.py:588} INFO - Filling up the DagBag from /home/airflow/.local/lib/python3.12/site-packages/airflow/example_dags/example_bash_operator.py
[2024-10-22T09:40:07.982+0000] {processor.py:925} INFO - DAG(s) 'example_bash_operator' retrieved from /home/airflow/.local/lib/python3.12/site-packages/airflow/example_dags/example_bash_operator.py
[2024-10-22T09:40:08.031+0000] {logging_mixin.py:190} INFO - [2024-10-22T09:40:08.031+0000] {dag.py:3239} INFO - Sync 1 DAGs
[2024-10-22T09:40:08.089+0000] {logging_mixin.py:190} INFO - [2024-10-22T09:40:08.088+0000] {dag.py:4180} INFO - Setting next_dagrun for example_bash_operator to 2024-10-21 00:00:00+00:00, run_after=2024-10-22 00:00:00+00:00
[2024-10-22T09:40:08.123+0000] {processor.py:208} INFO - Processing /home/airflow/.local/lib/python3.12/site-packages/airflow/example_dags/example_bash_operator.py took 0.193 seconds
[2024-10-22T09:40:38.226+0000] {processor.py:186} INFO - Started process (PID=2050) to work on /home/airflow/.local/lib/python3.12/site-packages/airflow/example_dags/example_bash_operator.py
[2024-10-22T09:40:38.228+0000] {processor.py:914} INFO - Processing file /home/airflow/.local/lib/python3.12/site-packages/airflow/example_dags/example_bash_operator.py for tasks to queue
[2024-10-22T09:40:38.235+0000] {logging_mixin.py:190} INFO - [2024-10-22T09:40:38.234+0000] {dagbag.py:588} INFO - Filling up the DagBag from /home/airflow/.local/lib/python3.12/site-packages/airflow/example_dags/example_bash_operator.py
[2024-10-22T09:40:38.270+0000] {processor.py:925} INFO - DAG(s) 'example_bash_operator' retrieved from /home/airflow/.local/lib/python3.12/site-packages/airflow/example_dags/example_bash_operator.py
[2024-10-22T09:40:38.328+0000] {logging_mixin.py:190} INFO - [2024-10-22T09:40:38.327+0000] {dag.py:3239} INFO - Sync 1 DAGs
[2024-10-22T09:40:38.372+0000] {logging_mixin.py:190} INFO - [2024-10-22T09:40:38.371+0000] {dag.py:4180} INFO - Setting next_dagrun for example_bash_operator to 2024-10-21 00:00:00+00:00, run_after=2024-10-22 00:00:00+00:00
[2024-10-22T09:40:38.401+0000] {processor.py:208} INFO - Processing /home/airflow/.local/lib/python3.12/site-packages/airflow/example_dags/example_bash_operator.py took 0.187 seconds
[2024-10-22T09:41:08.794+0000] {processor.py:186} INFO - Started process (PID=2112) to work on /home/airflow/.local/lib/python3.12/site-packages/airflow/example_dags/example_bash_operator.py
[2024-10-22T09:41:08.796+0000] {processor.py:914} INFO - Processing file /home/airflow/.local/lib/python3.12/site-packages/airflow/example_dags/example_bash_operator.py for tasks to queue
[2024-10-22T09:41:08.801+0000] {logging_mixin.py:190} INFO - [2024-10-22T09:41:08.800+0000] {dagbag.py:588} INFO - Filling up the DagBag from /home/airflow/.local/lib/python3.12/site-packages/airflow/example_dags/example_bash_operator.py
[2024-10-22T09:41:08.824+0000] {processor.py:925} INFO - DAG(s) 'example_bash_operator' retrieved from /home/airflow/.local/lib/python3.12/site-packages/airflow/example_dags/example_bash_operator.py
[2024-10-22T09:41:08.871+0000] {logging_mixin.py:190} INFO - [2024-10-22T09:41:08.870+0000] {dag.py:3239} INFO - Sync 1 DAGs
[2024-10-22T09:41:08.911+0000] {logging_mixin.py:190} INFO - [2024-10-22T09:41:08.911+0000] {dag.py:4180} INFO - Setting next_dagrun for example_bash_operator to 2024-10-21 00:00:00+00:00, run_after=2024-10-22 00:00:00+00:00
[2024-10-22T09:41:08.942+0000] {processor.py:208} INFO - Processing /home/airflow/.local/lib/python3.12/site-packages/airflow/example_dags/example_bash_operator.py took 0.158 seconds
[2024-10-22T09:41:39.360+0000] {processor.py:186} INFO - Started process (PID=2174) to work on /home/airflow/.local/lib/python3.12/site-packages/airflow/example_dags/example_bash_operator.py
[2024-10-22T09:41:39.363+0000] {processor.py:914} INFO - Processing file /home/airflow/.local/lib/python3.12/site-packages/airflow/example_dags/example_bash_operator.py for tasks to queue
[2024-10-22T09:41:39.368+0000] {logging_mixin.py:190} INFO - [2024-10-22T09:41:39.368+0000] {dagbag.py:588} INFO - Filling up the DagBag from /home/airflow/.local/lib/python3.12/site-packages/airflow/example_dags/example_bash_operator.py
[2024-10-22T09:41:39.398+0000] {processor.py:925} INFO - DAG(s) 'example_bash_operator' retrieved from /home/airflow/.local/lib/python3.12/site-packages/airflow/example_dags/example_bash_operator.py
[2024-10-22T09:41:39.458+0000] {logging_mixin.py:190} INFO - [2024-10-22T09:41:39.458+0000] {dag.py:3239} INFO - Sync 1 DAGs
[2024-10-22T09:41:39.498+0000] {logging_mixin.py:190} INFO - [2024-10-22T09:41:39.497+0000] {dag.py:4180} INFO - Setting next_dagrun for example_bash_operator to 2024-10-21 00:00:00+00:00, run_after=2024-10-22 00:00:00+00:00
[2024-10-22T09:41:39.530+0000] {processor.py:208} INFO - Processing /home/airflow/.local/lib/python3.12/site-packages/airflow/example_dags/example_bash_operator.py took 0.183 seconds
[2024-10-22T09:42:09.952+0000] {processor.py:186} INFO - Started process (PID=2236) to work on /home/airflow/.local/lib/python3.12/site-packages/airflow/example_dags/example_bash_operator.py
[2024-10-22T09:42:09.954+0000] {processor.py:914} INFO - Processing file /home/airflow/.local/lib/python3.12/site-packages/airflow/example_dags/example_bash_operator.py for tasks to queue
[2024-10-22T09:42:09.960+0000] {logging_mixin.py:190} INFO - [2024-10-22T09:42:09.959+0000] {dagbag.py:588} INFO - Filling up the DagBag from /home/airflow/.local/lib/python3.12/site-packages/airflow/example_dags/example_bash_operator.py
[2024-10-22T09:42:10.008+0000] {processor.py:925} INFO - DAG(s) 'example_bash_operator' retrieved from /home/airflow/.local/lib/python3.12/site-packages/airflow/example_dags/example_bash_operator.py
[2024-10-22T09:42:10.177+0000] {logging_mixin.py:190} INFO - [2024-10-22T09:42:10.176+0000] {dag.py:3239} INFO - Sync 1 DAGs
[2024-10-22T09:42:10.258+0000] {logging_mixin.py:190} INFO - [2024-10-22T09:42:10.258+0000] {dag.py:4180} INFO - Setting next_dagrun for example_bash_operator to 2024-10-21 00:00:00+00:00, run_after=2024-10-22 00:00:00+00:00
[2024-10-22T09:42:10.297+0000] {processor.py:208} INFO - Processing /home/airflow/.local/lib/python3.12/site-packages/airflow/example_dags/example_bash_operator.py took 0.362 seconds
[2024-10-22T09:42:40.407+0000] {processor.py:186} INFO - Started process (PID=2298) to work on /home/airflow/.local/lib/python3.12/site-packages/airflow/example_dags/example_bash_operator.py
[2024-10-22T09:42:40.409+0000] {processor.py:914} INFO - Processing file /home/airflow/.local/lib/python3.12/site-packages/airflow/example_dags/example_bash_operator.py for tasks to queue
[2024-10-22T09:42:40.414+0000] {logging_mixin.py:190} INFO - [2024-10-22T09:42:40.413+0000] {dagbag.py:588} INFO - Filling up the DagBag from /home/airflow/.local/lib/python3.12/site-packages/airflow/example_dags/example_bash_operator.py
[2024-10-22T09:42:40.439+0000] {processor.py:925} INFO - DAG(s) 'example_bash_operator' retrieved from /home/airflow/.local/lib/python3.12/site-packages/airflow/example_dags/example_bash_operator.py
[2024-10-22T09:42:40.494+0000] {logging_mixin.py:190} INFO - [2024-10-22T09:42:40.494+0000] {dag.py:3239} INFO - Sync 1 DAGs
[2024-10-22T09:42:40.550+0000] {logging_mixin.py:190} INFO - [2024-10-22T09:42:40.549+0000] {dag.py:4180} INFO - Setting next_dagrun for example_bash_operator to 2024-10-21 00:00:00+00:00, run_after=2024-10-22 00:00:00+00:00
[2024-10-22T09:42:40.597+0000] {processor.py:208} INFO - Processing /home/airflow/.local/lib/python3.12/site-packages/airflow/example_dags/example_bash_operator.py took 0.200 seconds
[2024-10-22T09:43:10.758+0000] {processor.py:186} INFO - Started process (PID=2360) to work on /home/airflow/.local/lib/python3.12/site-packages/airflow/example_dags/example_bash_operator.py
[2024-10-22T09:43:10.761+0000] {processor.py:914} INFO - Processing file /home/airflow/.local/lib/python3.12/site-packages/airflow/example_dags/example_bash_operator.py for tasks to queue
[2024-10-22T09:43:10.766+0000] {logging_mixin.py:190} INFO - [2024-10-22T09:43:10.765+0000] {dagbag.py:588} INFO - Filling up the DagBag from /home/airflow/.local/lib/python3.12/site-packages/airflow/example_dags/example_bash_operator.py
[2024-10-22T09:43:10.795+0000] {processor.py:925} INFO - DAG(s) 'example_bash_operator' retrieved from /home/airflow/.local/lib/python3.12/site-packages/airflow/example_dags/example_bash_operator.py
[2024-10-22T09:43:10.858+0000] {logging_mixin.py:190} INFO - [2024-10-22T09:43:10.857+0000] {dag.py:3239} INFO - Sync 1 DAGs
[2024-10-22T09:43:10.911+0000] {logging_mixin.py:190} INFO - [2024-10-22T09:43:10.911+0000] {dag.py:4180} INFO - Setting next_dagrun for example_bash_operator to 2024-10-21 00:00:00+00:00, run_after=2024-10-22 00:00:00+00:00
[2024-10-22T09:43:10.956+0000] {processor.py:208} INFO - Processing /home/airflow/.local/lib/python3.12/site-packages/airflow/example_dags/example_bash_operator.py took 0.213 seconds
[2024-10-22T09:43:41.467+0000] {processor.py:186} INFO - Started process (PID=2422) to work on /home/airflow/.local/lib/python3.12/site-packages/airflow/example_dags/example_bash_operator.py
[2024-10-22T09:43:41.469+0000] {processor.py:914} INFO - Processing file /home/airflow/.local/lib/python3.12/site-packages/airflow/example_dags/example_bash_operator.py for tasks to queue
[2024-10-22T09:43:41.474+0000] {logging_mixin.py:190} INFO - [2024-10-22T09:43:41.473+0000] {dagbag.py:588} INFO - Filling up the DagBag from /home/airflow/.local/lib/python3.12/site-packages/airflow/example_dags/example_bash_operator.py
[2024-10-22T09:43:41.503+0000] {processor.py:925} INFO - DAG(s) 'example_bash_operator' retrieved from /home/airflow/.local/lib/python3.12/site-packages/airflow/example_dags/example_bash_operator.py
[2024-10-22T09:43:41.558+0000] {logging_mixin.py:190} INFO - [2024-10-22T09:43:41.557+0000] {dag.py:3239} INFO - Sync 1 DAGs
[2024-10-22T09:43:41.612+0000] {logging_mixin.py:190} INFO - [2024-10-22T09:43:41.612+0000] {dag.py:4180} INFO - Setting next_dagrun for example_bash_operator to 2024-10-21 00:00:00+00:00, run_after=2024-10-22 00:00:00+00:00
[2024-10-22T09:43:41.657+0000] {processor.py:208} INFO - Processing /home/airflow/.local/lib/python3.12/site-packages/airflow/example_dags/example_bash_operator.py took 0.201 seconds
[2024-10-22T09:44:12.226+0000] {processor.py:186} INFO - Started process (PID=2484) to work on /home/airflow/.local/lib/python3.12/site-packages/airflow/example_dags/example_bash_operator.py
[2024-10-22T09:44:12.228+0000] {processor.py:914} INFO - Processing file /home/airflow/.local/lib/python3.12/site-packages/airflow/example_dags/example_bash_operator.py for tasks to queue
[2024-10-22T09:44:12.236+0000] {logging_mixin.py:190} INFO - [2024-10-22T09:44:12.235+0000] {dagbag.py:588} INFO - Filling up the DagBag from /home/airflow/.local/lib/python3.12/site-packages/airflow/example_dags/example_bash_operator.py
[2024-10-22T09:44:12.273+0000] {processor.py:925} INFO - DAG(s) 'example_bash_operator' retrieved from /home/airflow/.local/lib/python3.12/site-packages/airflow/example_dags/example_bash_operator.py
[2024-10-22T09:44:12.319+0000] {logging_mixin.py:190} INFO - [2024-10-22T09:44:12.318+0000] {dag.py:3239} INFO - Sync 1 DAGs
[2024-10-22T09:44:12.361+0000] {logging_mixin.py:190} INFO - [2024-10-22T09:44:12.361+0000] {dag.py:4180} INFO - Setting next_dagrun for example_bash_operator to 2024-10-21 00:00:00+00:00, run_after=2024-10-22 00:00:00+00:00
[2024-10-22T09:44:12.391+0000] {processor.py:208} INFO - Processing /home/airflow/.local/lib/python3.12/site-packages/airflow/example_dags/example_bash_operator.py took 0.179 seconds
