[2024-10-22T09:23:20.280+0000] {processor.py:186} INFO - Started process (PID=74) to work on /home/airflow/.local/lib/python3.12/site-packages/airflow/example_dags/example_skip_dag.py
[2024-10-22T09:23:20.283+0000] {processor.py:914} INFO - Processing file /home/airflow/.local/lib/python3.12/site-packages/airflow/example_dags/example_skip_dag.py for tasks to queue
[2024-10-22T09:23:20.288+0000] {logging_mixin.py:190} INFO - [2024-10-22T09:23:20.287+0000] {dagbag.py:588} INFO - Filling up the DagBag from /home/airflow/.local/lib/python3.12/site-packages/airflow/example_dags/example_skip_dag.py
[2024-10-22T09:23:20.310+0000] {processor.py:925} INFO - DAG(s) 'example_skip_dag' retrieved from /home/airflow/.local/lib/python3.12/site-packages/airflow/example_dags/example_skip_dag.py
[2024-10-22T09:23:20.371+0000] {logging_mixin.py:190} INFO - [2024-10-22T09:23:20.371+0000] {dag.py:3239} INFO - Sync 1 DAGs
[2024-10-22T09:23:20.576+0000] {logging_mixin.py:190} INFO - [2024-10-22T09:23:20.575+0000] {dag.py:4180} INFO - Setting next_dagrun for example_skip_dag to 2024-10-21 00:00:00+00:00, run_after=2024-10-22 00:00:00+00:00
[2024-10-22T09:23:21.186+0000] {processor.py:208} INFO - Processing /home/airflow/.local/lib/python3.12/site-packages/airflow/example_dags/example_skip_dag.py took 0.932 seconds
[2024-10-22T09:23:58.327+0000] {processor.py:186} INFO - Started process (PID=136) to work on /home/airflow/.local/lib/python3.12/site-packages/airflow/example_dags/example_skip_dag.py
[2024-10-22T09:23:58.445+0000] {processor.py:914} INFO - Processing file /home/airflow/.local/lib/python3.12/site-packages/airflow/example_dags/example_skip_dag.py for tasks to queue
[2024-10-22T09:23:58.452+0000] {logging_mixin.py:190} INFO - [2024-10-22T09:23:58.452+0000] {dagbag.py:588} INFO - Filling up the DagBag from /home/airflow/.local/lib/python3.12/site-packages/airflow/example_dags/example_skip_dag.py
[2024-10-22T09:23:58.487+0000] {processor.py:925} INFO - DAG(s) 'example_skip_dag' retrieved from /home/airflow/.local/lib/python3.12/site-packages/airflow/example_dags/example_skip_dag.py
[2024-10-22T09:23:58.995+0000] {logging_mixin.py:190} INFO - [2024-10-22T09:23:58.993+0000] {dag.py:3239} INFO - Sync 1 DAGs
[2024-10-22T09:23:59.553+0000] {logging_mixin.py:190} INFO - [2024-10-22T09:23:59.553+0000] {dag.py:4180} INFO - Setting next_dagrun for example_skip_dag to 2024-10-21 00:00:00+00:00, run_after=2024-10-22 00:00:00+00:00
[2024-10-22T09:24:00.022+0000] {processor.py:208} INFO - Processing /home/airflow/.local/lib/python3.12/site-packages/airflow/example_dags/example_skip_dag.py took 1.723 seconds
[2024-10-22T09:24:38.016+0000] {processor.py:186} INFO - Started process (PID=199) to work on /home/airflow/.local/lib/python3.12/site-packages/airflow/example_dags/example_skip_dag.py
[2024-10-22T09:24:38.030+0000] {processor.py:914} INFO - Processing file /home/airflow/.local/lib/python3.12/site-packages/airflow/example_dags/example_skip_dag.py for tasks to queue
[2024-10-22T09:24:38.050+0000] {logging_mixin.py:190} INFO - [2024-10-22T09:24:38.049+0000] {dagbag.py:588} INFO - Filling up the DagBag from /home/airflow/.local/lib/python3.12/site-packages/airflow/example_dags/example_skip_dag.py
[2024-10-22T09:24:38.107+0000] {processor.py:925} INFO - DAG(s) 'example_skip_dag' retrieved from /home/airflow/.local/lib/python3.12/site-packages/airflow/example_dags/example_skip_dag.py
[2024-10-22T09:24:38.292+0000] {logging_mixin.py:190} INFO - [2024-10-22T09:24:38.291+0000] {dag.py:3239} INFO - Sync 1 DAGs
[2024-10-22T09:24:38.393+0000] {logging_mixin.py:190} INFO - [2024-10-22T09:24:38.393+0000] {dag.py:4180} INFO - Setting next_dagrun for example_skip_dag to 2024-10-21 00:00:00+00:00, run_after=2024-10-22 00:00:00+00:00
[2024-10-22T09:24:38.707+0000] {processor.py:208} INFO - Processing /home/airflow/.local/lib/python3.12/site-packages/airflow/example_dags/example_skip_dag.py took 0.725 seconds
[2024-10-22T09:25:14.616+0000] {processor.py:186} INFO - Started process (PID=267) to work on /home/airflow/.local/lib/python3.12/site-packages/airflow/example_dags/example_skip_dag.py
[2024-10-22T09:25:14.629+0000] {processor.py:914} INFO - Processing file /home/airflow/.local/lib/python3.12/site-packages/airflow/example_dags/example_skip_dag.py for tasks to queue
[2024-10-22T09:25:14.646+0000] {logging_mixin.py:190} INFO - [2024-10-22T09:25:14.645+0000] {dagbag.py:588} INFO - Filling up the DagBag from /home/airflow/.local/lib/python3.12/site-packages/airflow/example_dags/example_skip_dag.py
[2024-10-22T09:25:14.700+0000] {processor.py:925} INFO - DAG(s) 'example_skip_dag' retrieved from /home/airflow/.local/lib/python3.12/site-packages/airflow/example_dags/example_skip_dag.py
[2024-10-22T09:25:14.870+0000] {logging_mixin.py:190} INFO - [2024-10-22T09:25:14.869+0000] {dag.py:3239} INFO - Sync 1 DAGs
[2024-10-22T09:25:15.044+0000] {logging_mixin.py:190} INFO - [2024-10-22T09:25:15.043+0000] {dag.py:4180} INFO - Setting next_dagrun for example_skip_dag to 2024-10-21 00:00:00+00:00, run_after=2024-10-22 00:00:00+00:00
[2024-10-22T09:25:15.156+0000] {processor.py:208} INFO - Processing /home/airflow/.local/lib/python3.12/site-packages/airflow/example_dags/example_skip_dag.py took 0.591 seconds
[2024-10-22T09:25:45.696+0000] {processor.py:186} INFO - Started process (PID=328) to work on /home/airflow/.local/lib/python3.12/site-packages/airflow/example_dags/example_skip_dag.py
[2024-10-22T09:25:45.702+0000] {processor.py:914} INFO - Processing file /home/airflow/.local/lib/python3.12/site-packages/airflow/example_dags/example_skip_dag.py for tasks to queue
[2024-10-22T09:25:45.712+0000] {logging_mixin.py:190} INFO - [2024-10-22T09:25:45.711+0000] {dagbag.py:588} INFO - Filling up the DagBag from /home/airflow/.local/lib/python3.12/site-packages/airflow/example_dags/example_skip_dag.py
[2024-10-22T09:25:45.748+0000] {processor.py:925} INFO - DAG(s) 'example_skip_dag' retrieved from /home/airflow/.local/lib/python3.12/site-packages/airflow/example_dags/example_skip_dag.py
[2024-10-22T09:25:45.839+0000] {logging_mixin.py:190} INFO - [2024-10-22T09:25:45.838+0000] {dag.py:3239} INFO - Sync 1 DAGs
[2024-10-22T09:25:45.953+0000] {logging_mixin.py:190} INFO - [2024-10-22T09:25:45.952+0000] {dag.py:4180} INFO - Setting next_dagrun for example_skip_dag to 2024-10-21 00:00:00+00:00, run_after=2024-10-22 00:00:00+00:00
[2024-10-22T09:25:46.030+0000] {processor.py:208} INFO - Processing /home/airflow/.local/lib/python3.12/site-packages/airflow/example_dags/example_skip_dag.py took 0.366 seconds
[2024-10-22T09:26:17.315+0000] {processor.py:186} INFO - Started process (PID=391) to work on /home/airflow/.local/lib/python3.12/site-packages/airflow/example_dags/example_skip_dag.py
[2024-10-22T09:26:17.317+0000] {processor.py:914} INFO - Processing file /home/airflow/.local/lib/python3.12/site-packages/airflow/example_dags/example_skip_dag.py for tasks to queue
[2024-10-22T09:26:17.326+0000] {logging_mixin.py:190} INFO - [2024-10-22T09:26:17.325+0000] {dagbag.py:588} INFO - Filling up the DagBag from /home/airflow/.local/lib/python3.12/site-packages/airflow/example_dags/example_skip_dag.py
[2024-10-22T09:26:17.349+0000] {processor.py:925} INFO - DAG(s) 'example_skip_dag' retrieved from /home/airflow/.local/lib/python3.12/site-packages/airflow/example_dags/example_skip_dag.py
[2024-10-22T09:26:17.408+0000] {logging_mixin.py:190} INFO - [2024-10-22T09:26:17.407+0000] {dag.py:3239} INFO - Sync 1 DAGs
[2024-10-22T09:26:17.509+0000] {logging_mixin.py:190} INFO - [2024-10-22T09:26:17.508+0000] {dag.py:4180} INFO - Setting next_dagrun for example_skip_dag to 2024-10-21 00:00:00+00:00, run_after=2024-10-22 00:00:00+00:00
[2024-10-22T09:26:17.585+0000] {processor.py:208} INFO - Processing /home/airflow/.local/lib/python3.12/site-packages/airflow/example_dags/example_skip_dag.py took 0.299 seconds
[2024-10-22T09:27:01.047+0000] {processor.py:186} INFO - Started process (PID=458) to work on /home/airflow/.local/lib/python3.12/site-packages/airflow/example_dags/example_skip_dag.py
[2024-10-22T09:27:01.067+0000] {processor.py:914} INFO - Processing file /home/airflow/.local/lib/python3.12/site-packages/airflow/example_dags/example_skip_dag.py for tasks to queue
[2024-10-22T09:27:01.081+0000] {logging_mixin.py:190} INFO - [2024-10-22T09:27:01.080+0000] {dagbag.py:588} INFO - Filling up the DagBag from /home/airflow/.local/lib/python3.12/site-packages/airflow/example_dags/example_skip_dag.py
[2024-10-22T09:27:01.173+0000] {processor.py:925} INFO - DAG(s) 'example_skip_dag' retrieved from /home/airflow/.local/lib/python3.12/site-packages/airflow/example_dags/example_skip_dag.py
[2024-10-22T09:27:01.376+0000] {logging_mixin.py:190} INFO - [2024-10-22T09:27:01.375+0000] {dag.py:3239} INFO - Sync 1 DAGs
[2024-10-22T09:27:01.618+0000] {logging_mixin.py:190} INFO - [2024-10-22T09:27:01.617+0000] {dag.py:4180} INFO - Setting next_dagrun for example_skip_dag to 2024-10-21 00:00:00+00:00, run_after=2024-10-22 00:00:00+00:00
[2024-10-22T09:27:01.795+0000] {processor.py:208} INFO - Processing /home/airflow/.local/lib/python3.12/site-packages/airflow/example_dags/example_skip_dag.py took 0.799 seconds
[2024-10-22T09:27:32.362+0000] {processor.py:186} INFO - Started process (PID=518) to work on /home/airflow/.local/lib/python3.12/site-packages/airflow/example_dags/example_skip_dag.py
[2024-10-22T09:27:32.365+0000] {processor.py:914} INFO - Processing file /home/airflow/.local/lib/python3.12/site-packages/airflow/example_dags/example_skip_dag.py for tasks to queue
[2024-10-22T09:27:32.377+0000] {logging_mixin.py:190} INFO - [2024-10-22T09:27:32.376+0000] {dagbag.py:588} INFO - Filling up the DagBag from /home/airflow/.local/lib/python3.12/site-packages/airflow/example_dags/example_skip_dag.py
[2024-10-22T09:27:32.403+0000] {processor.py:925} INFO - DAG(s) 'example_skip_dag' retrieved from /home/airflow/.local/lib/python3.12/site-packages/airflow/example_dags/example_skip_dag.py
[2024-10-22T09:27:32.486+0000] {logging_mixin.py:190} INFO - [2024-10-22T09:27:32.486+0000] {dag.py:3239} INFO - Sync 1 DAGs
[2024-10-22T09:27:32.590+0000] {logging_mixin.py:190} INFO - [2024-10-22T09:27:32.590+0000] {dag.py:4180} INFO - Setting next_dagrun for example_skip_dag to 2024-10-21 00:00:00+00:00, run_after=2024-10-22 00:00:00+00:00
[2024-10-22T09:27:32.658+0000] {processor.py:208} INFO - Processing /home/airflow/.local/lib/python3.12/site-packages/airflow/example_dags/example_skip_dag.py took 0.317 seconds
[2024-10-22T09:28:03.526+0000] {processor.py:186} INFO - Started process (PID=580) to work on /home/airflow/.local/lib/python3.12/site-packages/airflow/example_dags/example_skip_dag.py
[2024-10-22T09:28:03.529+0000] {processor.py:914} INFO - Processing file /home/airflow/.local/lib/python3.12/site-packages/airflow/example_dags/example_skip_dag.py for tasks to queue
[2024-10-22T09:28:03.537+0000] {logging_mixin.py:190} INFO - [2024-10-22T09:28:03.536+0000] {dagbag.py:588} INFO - Filling up the DagBag from /home/airflow/.local/lib/python3.12/site-packages/airflow/example_dags/example_skip_dag.py
[2024-10-22T09:28:03.557+0000] {processor.py:925} INFO - DAG(s) 'example_skip_dag' retrieved from /home/airflow/.local/lib/python3.12/site-packages/airflow/example_dags/example_skip_dag.py
[2024-10-22T09:28:03.606+0000] {logging_mixin.py:190} INFO - [2024-10-22T09:28:03.606+0000] {dag.py:3239} INFO - Sync 1 DAGs
[2024-10-22T09:28:03.656+0000] {logging_mixin.py:190} INFO - [2024-10-22T09:28:03.656+0000] {dag.py:4180} INFO - Setting next_dagrun for example_skip_dag to 2024-10-21 00:00:00+00:00, run_after=2024-10-22 00:00:00+00:00
[2024-10-22T09:28:03.698+0000] {processor.py:208} INFO - Processing /home/airflow/.local/lib/python3.12/site-packages/airflow/example_dags/example_skip_dag.py took 0.199 seconds
[2024-10-22T09:28:34.905+0000] {processor.py:186} INFO - Started process (PID=642) to work on /home/airflow/.local/lib/python3.12/site-packages/airflow/example_dags/example_skip_dag.py
[2024-10-22T09:28:34.915+0000] {processor.py:914} INFO - Processing file /home/airflow/.local/lib/python3.12/site-packages/airflow/example_dags/example_skip_dag.py for tasks to queue
[2024-10-22T09:28:34.930+0000] {logging_mixin.py:190} INFO - [2024-10-22T09:28:34.929+0000] {dagbag.py:588} INFO - Filling up the DagBag from /home/airflow/.local/lib/python3.12/site-packages/airflow/example_dags/example_skip_dag.py
[2024-10-22T09:28:34.965+0000] {processor.py:925} INFO - DAG(s) 'example_skip_dag' retrieved from /home/airflow/.local/lib/python3.12/site-packages/airflow/example_dags/example_skip_dag.py
[2024-10-22T09:28:35.042+0000] {logging_mixin.py:190} INFO - [2024-10-22T09:28:35.041+0000] {dag.py:3239} INFO - Sync 1 DAGs
[2024-10-22T09:28:35.147+0000] {logging_mixin.py:190} INFO - [2024-10-22T09:28:35.146+0000] {dag.py:4180} INFO - Setting next_dagrun for example_skip_dag to 2024-10-21 00:00:00+00:00, run_after=2024-10-22 00:00:00+00:00
[2024-10-22T09:28:35.293+0000] {processor.py:208} INFO - Processing /home/airflow/.local/lib/python3.12/site-packages/airflow/example_dags/example_skip_dag.py took 0.417 seconds
[2024-10-22T09:29:05.999+0000] {processor.py:186} INFO - Started process (PID=704) to work on /home/airflow/.local/lib/python3.12/site-packages/airflow/example_dags/example_skip_dag.py
[2024-10-22T09:29:06.001+0000] {processor.py:914} INFO - Processing file /home/airflow/.local/lib/python3.12/site-packages/airflow/example_dags/example_skip_dag.py for tasks to queue
[2024-10-22T09:29:06.008+0000] {logging_mixin.py:190} INFO - [2024-10-22T09:29:06.007+0000] {dagbag.py:588} INFO - Filling up the DagBag from /home/airflow/.local/lib/python3.12/site-packages/airflow/example_dags/example_skip_dag.py
[2024-10-22T09:29:06.028+0000] {processor.py:925} INFO - DAG(s) 'example_skip_dag' retrieved from /home/airflow/.local/lib/python3.12/site-packages/airflow/example_dags/example_skip_dag.py
[2024-10-22T09:29:06.097+0000] {logging_mixin.py:190} INFO - [2024-10-22T09:29:06.096+0000] {dag.py:3239} INFO - Sync 1 DAGs
[2024-10-22T09:29:06.191+0000] {logging_mixin.py:190} INFO - [2024-10-22T09:29:06.191+0000] {dag.py:4180} INFO - Setting next_dagrun for example_skip_dag to 2024-10-21 00:00:00+00:00, run_after=2024-10-22 00:00:00+00:00
[2024-10-22T09:29:06.243+0000] {processor.py:208} INFO - Processing /home/airflow/.local/lib/python3.12/site-packages/airflow/example_dags/example_skip_dag.py took 0.260 seconds
[2024-10-22T09:29:36.924+0000] {processor.py:186} INFO - Started process (PID=767) to work on /home/airflow/.local/lib/python3.12/site-packages/airflow/example_dags/example_skip_dag.py
[2024-10-22T09:29:36.926+0000] {processor.py:914} INFO - Processing file /home/airflow/.local/lib/python3.12/site-packages/airflow/example_dags/example_skip_dag.py for tasks to queue
[2024-10-22T09:29:36.932+0000] {logging_mixin.py:190} INFO - [2024-10-22T09:29:36.932+0000] {dagbag.py:588} INFO - Filling up the DagBag from /home/airflow/.local/lib/python3.12/site-packages/airflow/example_dags/example_skip_dag.py
[2024-10-22T09:29:36.948+0000] {processor.py:925} INFO - DAG(s) 'example_skip_dag' retrieved from /home/airflow/.local/lib/python3.12/site-packages/airflow/example_dags/example_skip_dag.py
[2024-10-22T09:29:36.994+0000] {logging_mixin.py:190} INFO - [2024-10-22T09:29:36.994+0000] {dag.py:3239} INFO - Sync 1 DAGs
[2024-10-22T09:29:37.049+0000] {logging_mixin.py:190} INFO - [2024-10-22T09:29:37.047+0000] {dag.py:4180} INFO - Setting next_dagrun for example_skip_dag to 2024-10-21 00:00:00+00:00, run_after=2024-10-22 00:00:00+00:00
[2024-10-22T09:29:37.100+0000] {processor.py:208} INFO - Processing /home/airflow/.local/lib/python3.12/site-packages/airflow/example_dags/example_skip_dag.py took 0.189 seconds
[2024-10-22T09:30:07.600+0000] {processor.py:186} INFO - Started process (PID=829) to work on /home/airflow/.local/lib/python3.12/site-packages/airflow/example_dags/example_skip_dag.py
[2024-10-22T09:30:07.603+0000] {processor.py:914} INFO - Processing file /home/airflow/.local/lib/python3.12/site-packages/airflow/example_dags/example_skip_dag.py for tasks to queue
[2024-10-22T09:30:07.612+0000] {logging_mixin.py:190} INFO - [2024-10-22T09:30:07.612+0000] {dagbag.py:588} INFO - Filling up the DagBag from /home/airflow/.local/lib/python3.12/site-packages/airflow/example_dags/example_skip_dag.py
[2024-10-22T09:30:07.636+0000] {processor.py:925} INFO - DAG(s) 'example_skip_dag' retrieved from /home/airflow/.local/lib/python3.12/site-packages/airflow/example_dags/example_skip_dag.py
[2024-10-22T09:30:07.704+0000] {logging_mixin.py:190} INFO - [2024-10-22T09:30:07.703+0000] {dag.py:3239} INFO - Sync 1 DAGs
[2024-10-22T09:30:07.759+0000] {logging_mixin.py:190} INFO - [2024-10-22T09:30:07.758+0000] {dag.py:4180} INFO - Setting next_dagrun for example_skip_dag to 2024-10-21 00:00:00+00:00, run_after=2024-10-22 00:00:00+00:00
[2024-10-22T09:30:07.798+0000] {processor.py:208} INFO - Processing /home/airflow/.local/lib/python3.12/site-packages/airflow/example_dags/example_skip_dag.py took 0.216 seconds
[2024-10-22T09:30:39.109+0000] {processor.py:186} INFO - Started process (PID=890) to work on /home/airflow/.local/lib/python3.12/site-packages/airflow/example_dags/example_skip_dag.py
[2024-10-22T09:30:39.112+0000] {processor.py:914} INFO - Processing file /home/airflow/.local/lib/python3.12/site-packages/airflow/example_dags/example_skip_dag.py for tasks to queue
[2024-10-22T09:30:39.126+0000] {logging_mixin.py:190} INFO - [2024-10-22T09:30:39.125+0000] {dagbag.py:588} INFO - Filling up the DagBag from /home/airflow/.local/lib/python3.12/site-packages/airflow/example_dags/example_skip_dag.py
[2024-10-22T09:30:39.177+0000] {processor.py:925} INFO - DAG(s) 'example_skip_dag' retrieved from /home/airflow/.local/lib/python3.12/site-packages/airflow/example_dags/example_skip_dag.py
[2024-10-22T09:30:39.306+0000] {logging_mixin.py:190} INFO - [2024-10-22T09:30:39.305+0000] {dag.py:3239} INFO - Sync 1 DAGs
[2024-10-22T09:30:39.530+0000] {logging_mixin.py:190} INFO - [2024-10-22T09:30:39.530+0000] {dag.py:4180} INFO - Setting next_dagrun for example_skip_dag to 2024-10-21 00:00:00+00:00, run_after=2024-10-22 00:00:00+00:00
[2024-10-22T09:30:39.767+0000] {processor.py:208} INFO - Processing /home/airflow/.local/lib/python3.12/site-packages/airflow/example_dags/example_skip_dag.py took 0.687 seconds
[2024-10-22T09:31:12.277+0000] {processor.py:186} INFO - Started process (PID=952) to work on /home/airflow/.local/lib/python3.12/site-packages/airflow/example_dags/example_skip_dag.py
[2024-10-22T09:31:12.282+0000] {processor.py:914} INFO - Processing file /home/airflow/.local/lib/python3.12/site-packages/airflow/example_dags/example_skip_dag.py for tasks to queue
[2024-10-22T09:31:12.309+0000] {logging_mixin.py:190} INFO - [2024-10-22T09:31:12.298+0000] {dagbag.py:588} INFO - Filling up the DagBag from /home/airflow/.local/lib/python3.12/site-packages/airflow/example_dags/example_skip_dag.py
[2024-10-22T09:31:12.376+0000] {processor.py:925} INFO - DAG(s) 'example_skip_dag' retrieved from /home/airflow/.local/lib/python3.12/site-packages/airflow/example_dags/example_skip_dag.py
[2024-10-22T09:31:12.602+0000] {logging_mixin.py:190} INFO - [2024-10-22T09:31:12.589+0000] {dag.py:3239} INFO - Sync 1 DAGs
[2024-10-22T09:31:12.858+0000] {logging_mixin.py:190} INFO - [2024-10-22T09:31:12.846+0000] {dag.py:4180} INFO - Setting next_dagrun for example_skip_dag to 2024-10-21 00:00:00+00:00, run_after=2024-10-22 00:00:00+00:00
[2024-10-22T09:31:13.120+0000] {processor.py:208} INFO - Processing /home/airflow/.local/lib/python3.12/site-packages/airflow/example_dags/example_skip_dag.py took 0.900 seconds
[2024-10-22T09:31:47.984+0000] {processor.py:186} INFO - Started process (PID=1014) to work on /home/airflow/.local/lib/python3.12/site-packages/airflow/example_dags/example_skip_dag.py
[2024-10-22T09:31:47.986+0000] {processor.py:914} INFO - Processing file /home/airflow/.local/lib/python3.12/site-packages/airflow/example_dags/example_skip_dag.py for tasks to queue
[2024-10-22T09:31:48.015+0000] {logging_mixin.py:190} INFO - [2024-10-22T09:31:48.003+0000] {dagbag.py:588} INFO - Filling up the DagBag from /home/airflow/.local/lib/python3.12/site-packages/airflow/example_dags/example_skip_dag.py
[2024-10-22T09:31:48.067+0000] {processor.py:925} INFO - DAG(s) 'example_skip_dag' retrieved from /home/airflow/.local/lib/python3.12/site-packages/airflow/example_dags/example_skip_dag.py
[2024-10-22T09:31:48.324+0000] {logging_mixin.py:190} INFO - [2024-10-22T09:31:48.314+0000] {dag.py:3239} INFO - Sync 1 DAGs
[2024-10-22T09:31:48.587+0000] {logging_mixin.py:190} INFO - [2024-10-22T09:31:48.587+0000] {dag.py:4180} INFO - Setting next_dagrun for example_skip_dag to 2024-10-21 00:00:00+00:00, run_after=2024-10-22 00:00:00+00:00
[2024-10-22T09:31:48.692+0000] {processor.py:208} INFO - Processing /home/airflow/.local/lib/python3.12/site-packages/airflow/example_dags/example_skip_dag.py took 0.759 seconds
[2024-10-22T09:32:25.686+0000] {processor.py:186} INFO - Started process (PID=1068) to work on /home/airflow/.local/lib/python3.12/site-packages/airflow/example_dags/example_skip_dag.py
[2024-10-22T09:32:25.698+0000] {processor.py:914} INFO - Processing file /home/airflow/.local/lib/python3.12/site-packages/airflow/example_dags/example_skip_dag.py for tasks to queue
[2024-10-22T09:32:25.716+0000] {logging_mixin.py:190} INFO - [2024-10-22T09:32:25.715+0000] {dagbag.py:588} INFO - Filling up the DagBag from /home/airflow/.local/lib/python3.12/site-packages/airflow/example_dags/example_skip_dag.py
[2024-10-22T09:32:25.795+0000] {processor.py:925} INFO - DAG(s) 'example_skip_dag' retrieved from /home/airflow/.local/lib/python3.12/site-packages/airflow/example_dags/example_skip_dag.py
[2024-10-22T09:32:25.917+0000] {logging_mixin.py:190} INFO - [2024-10-22T09:32:25.916+0000] {dag.py:3239} INFO - Sync 1 DAGs
[2024-10-22T09:32:26.049+0000] {logging_mixin.py:190} INFO - [2024-10-22T09:32:26.049+0000] {dag.py:4180} INFO - Setting next_dagrun for example_skip_dag to 2024-10-21 00:00:00+00:00, run_after=2024-10-22 00:00:00+00:00
[2024-10-22T09:32:26.166+0000] {processor.py:208} INFO - Processing /home/airflow/.local/lib/python3.12/site-packages/airflow/example_dags/example_skip_dag.py took 0.531 seconds
[2024-10-22T09:33:02.679+0000] {processor.py:186} INFO - Started process (PID=1130) to work on /home/airflow/.local/lib/python3.12/site-packages/airflow/example_dags/example_skip_dag.py
[2024-10-22T09:33:02.681+0000] {processor.py:914} INFO - Processing file /home/airflow/.local/lib/python3.12/site-packages/airflow/example_dags/example_skip_dag.py for tasks to queue
[2024-10-22T09:33:02.688+0000] {logging_mixin.py:190} INFO - [2024-10-22T09:33:02.687+0000] {dagbag.py:588} INFO - Filling up the DagBag from /home/airflow/.local/lib/python3.12/site-packages/airflow/example_dags/example_skip_dag.py
[2024-10-22T09:33:02.723+0000] {processor.py:925} INFO - DAG(s) 'example_skip_dag' retrieved from /home/airflow/.local/lib/python3.12/site-packages/airflow/example_dags/example_skip_dag.py
[2024-10-22T09:33:02.797+0000] {logging_mixin.py:190} INFO - [2024-10-22T09:33:02.796+0000] {dag.py:3239} INFO - Sync 1 DAGs
[2024-10-22T09:33:02.967+0000] {logging_mixin.py:190} INFO - [2024-10-22T09:33:02.966+0000] {dag.py:4180} INFO - Setting next_dagrun for example_skip_dag to 2024-10-21 00:00:00+00:00, run_after=2024-10-22 00:00:00+00:00
[2024-10-22T09:33:03.110+0000] {processor.py:208} INFO - Processing /home/airflow/.local/lib/python3.12/site-packages/airflow/example_dags/example_skip_dag.py took 0.450 seconds
[2024-10-22T09:33:33.930+0000] {processor.py:186} INFO - Started process (PID=1192) to work on /home/airflow/.local/lib/python3.12/site-packages/airflow/example_dags/example_skip_dag.py
[2024-10-22T09:33:33.932+0000] {processor.py:914} INFO - Processing file /home/airflow/.local/lib/python3.12/site-packages/airflow/example_dags/example_skip_dag.py for tasks to queue
[2024-10-22T09:33:33.948+0000] {logging_mixin.py:190} INFO - [2024-10-22T09:33:33.947+0000] {dagbag.py:588} INFO - Filling up the DagBag from /home/airflow/.local/lib/python3.12/site-packages/airflow/example_dags/example_skip_dag.py
[2024-10-22T09:33:34.021+0000] {processor.py:925} INFO - DAG(s) 'example_skip_dag' retrieved from /home/airflow/.local/lib/python3.12/site-packages/airflow/example_dags/example_skip_dag.py
[2024-10-22T09:33:34.113+0000] {logging_mixin.py:190} INFO - [2024-10-22T09:33:34.112+0000] {dag.py:3239} INFO - Sync 1 DAGs
[2024-10-22T09:33:34.217+0000] {logging_mixin.py:190} INFO - [2024-10-22T09:33:34.216+0000] {dag.py:4180} INFO - Setting next_dagrun for example_skip_dag to 2024-10-21 00:00:00+00:00, run_after=2024-10-22 00:00:00+00:00
[2024-10-22T09:33:34.359+0000] {processor.py:208} INFO - Processing /home/airflow/.local/lib/python3.12/site-packages/airflow/example_dags/example_skip_dag.py took 0.448 seconds
[2024-10-22T09:34:04.688+0000] {processor.py:186} INFO - Started process (PID=1253) to work on /home/airflow/.local/lib/python3.12/site-packages/airflow/example_dags/example_skip_dag.py
[2024-10-22T09:34:04.689+0000] {processor.py:914} INFO - Processing file /home/airflow/.local/lib/python3.12/site-packages/airflow/example_dags/example_skip_dag.py for tasks to queue
[2024-10-22T09:34:04.694+0000] {logging_mixin.py:190} INFO - [2024-10-22T09:34:04.694+0000] {dagbag.py:588} INFO - Filling up the DagBag from /home/airflow/.local/lib/python3.12/site-packages/airflow/example_dags/example_skip_dag.py
[2024-10-22T09:34:04.709+0000] {processor.py:925} INFO - DAG(s) 'example_skip_dag' retrieved from /home/airflow/.local/lib/python3.12/site-packages/airflow/example_dags/example_skip_dag.py
[2024-10-22T09:34:04.753+0000] {logging_mixin.py:190} INFO - [2024-10-22T09:34:04.753+0000] {dag.py:3239} INFO - Sync 1 DAGs
[2024-10-22T09:34:04.799+0000] {logging_mixin.py:190} INFO - [2024-10-22T09:34:04.799+0000] {dag.py:4180} INFO - Setting next_dagrun for example_skip_dag to 2024-10-21 00:00:00+00:00, run_after=2024-10-22 00:00:00+00:00
[2024-10-22T09:34:04.836+0000] {processor.py:208} INFO - Processing /home/airflow/.local/lib/python3.12/site-packages/airflow/example_dags/example_skip_dag.py took 0.168 seconds
[2024-10-22T09:34:36.102+0000] {processor.py:186} INFO - Started process (PID=1316) to work on /home/airflow/.local/lib/python3.12/site-packages/airflow/example_dags/example_skip_dag.py
[2024-10-22T09:34:36.105+0000] {processor.py:914} INFO - Processing file /home/airflow/.local/lib/python3.12/site-packages/airflow/example_dags/example_skip_dag.py for tasks to queue
[2024-10-22T09:34:36.111+0000] {logging_mixin.py:190} INFO - [2024-10-22T09:34:36.111+0000] {dagbag.py:588} INFO - Filling up the DagBag from /home/airflow/.local/lib/python3.12/site-packages/airflow/example_dags/example_skip_dag.py
[2024-10-22T09:34:36.134+0000] {processor.py:925} INFO - DAG(s) 'example_skip_dag' retrieved from /home/airflow/.local/lib/python3.12/site-packages/airflow/example_dags/example_skip_dag.py
[2024-10-22T09:34:36.194+0000] {logging_mixin.py:190} INFO - [2024-10-22T09:34:36.193+0000] {dag.py:3239} INFO - Sync 1 DAGs
[2024-10-22T09:34:36.259+0000] {logging_mixin.py:190} INFO - [2024-10-22T09:34:36.259+0000] {dag.py:4180} INFO - Setting next_dagrun for example_skip_dag to 2024-10-21 00:00:00+00:00, run_after=2024-10-22 00:00:00+00:00
[2024-10-22T09:34:36.326+0000] {processor.py:208} INFO - Processing /home/airflow/.local/lib/python3.12/site-packages/airflow/example_dags/example_skip_dag.py took 0.241 seconds
[2024-10-22T09:35:06.450+0000] {processor.py:186} INFO - Started process (PID=1377) to work on /home/airflow/.local/lib/python3.12/site-packages/airflow/example_dags/example_skip_dag.py
[2024-10-22T09:35:06.452+0000] {processor.py:914} INFO - Processing file /home/airflow/.local/lib/python3.12/site-packages/airflow/example_dags/example_skip_dag.py for tasks to queue
[2024-10-22T09:35:06.457+0000] {logging_mixin.py:190} INFO - [2024-10-22T09:35:06.456+0000] {dagbag.py:588} INFO - Filling up the DagBag from /home/airflow/.local/lib/python3.12/site-packages/airflow/example_dags/example_skip_dag.py
[2024-10-22T09:35:06.472+0000] {processor.py:925} INFO - DAG(s) 'example_skip_dag' retrieved from /home/airflow/.local/lib/python3.12/site-packages/airflow/example_dags/example_skip_dag.py
[2024-10-22T09:35:06.513+0000] {logging_mixin.py:190} INFO - [2024-10-22T09:35:06.512+0000] {dag.py:3239} INFO - Sync 1 DAGs
[2024-10-22T09:35:06.554+0000] {logging_mixin.py:190} INFO - [2024-10-22T09:35:06.554+0000] {dag.py:4180} INFO - Setting next_dagrun for example_skip_dag to 2024-10-21 00:00:00+00:00, run_after=2024-10-22 00:00:00+00:00
[2024-10-22T09:35:06.587+0000] {processor.py:208} INFO - Processing /home/airflow/.local/lib/python3.12/site-packages/airflow/example_dags/example_skip_dag.py took 0.148 seconds
[2024-10-22T09:35:36.756+0000] {processor.py:186} INFO - Started process (PID=1439) to work on /home/airflow/.local/lib/python3.12/site-packages/airflow/example_dags/example_skip_dag.py
[2024-10-22T09:35:36.758+0000] {processor.py:914} INFO - Processing file /home/airflow/.local/lib/python3.12/site-packages/airflow/example_dags/example_skip_dag.py for tasks to queue
[2024-10-22T09:35:36.763+0000] {logging_mixin.py:190} INFO - [2024-10-22T09:35:36.762+0000] {dagbag.py:588} INFO - Filling up the DagBag from /home/airflow/.local/lib/python3.12/site-packages/airflow/example_dags/example_skip_dag.py
[2024-10-22T09:35:36.776+0000] {processor.py:925} INFO - DAG(s) 'example_skip_dag' retrieved from /home/airflow/.local/lib/python3.12/site-packages/airflow/example_dags/example_skip_dag.py
[2024-10-22T09:35:36.828+0000] {logging_mixin.py:190} INFO - [2024-10-22T09:35:36.827+0000] {dag.py:3239} INFO - Sync 1 DAGs
[2024-10-22T09:35:36.897+0000] {logging_mixin.py:190} INFO - [2024-10-22T09:35:36.897+0000] {dag.py:4180} INFO - Setting next_dagrun for example_skip_dag to 2024-10-21 00:00:00+00:00, run_after=2024-10-22 00:00:00+00:00
[2024-10-22T09:35:37.017+0000] {processor.py:208} INFO - Processing /home/airflow/.local/lib/python3.12/site-packages/airflow/example_dags/example_skip_dag.py took 0.272 seconds
[2024-10-22T09:36:07.376+0000] {processor.py:186} INFO - Started process (PID=1501) to work on /home/airflow/.local/lib/python3.12/site-packages/airflow/example_dags/example_skip_dag.py
[2024-10-22T09:36:07.380+0000] {processor.py:914} INFO - Processing file /home/airflow/.local/lib/python3.12/site-packages/airflow/example_dags/example_skip_dag.py for tasks to queue
[2024-10-22T09:36:07.390+0000] {logging_mixin.py:190} INFO - [2024-10-22T09:36:07.389+0000] {dagbag.py:588} INFO - Filling up the DagBag from /home/airflow/.local/lib/python3.12/site-packages/airflow/example_dags/example_skip_dag.py
[2024-10-22T09:36:07.412+0000] {processor.py:925} INFO - DAG(s) 'example_skip_dag' retrieved from /home/airflow/.local/lib/python3.12/site-packages/airflow/example_dags/example_skip_dag.py
[2024-10-22T09:36:07.471+0000] {logging_mixin.py:190} INFO - [2024-10-22T09:36:07.470+0000] {dag.py:3239} INFO - Sync 1 DAGs
[2024-10-22T09:36:07.518+0000] {logging_mixin.py:190} INFO - [2024-10-22T09:36:07.518+0000] {dag.py:4180} INFO - Setting next_dagrun for example_skip_dag to 2024-10-21 00:00:00+00:00, run_after=2024-10-22 00:00:00+00:00
[2024-10-22T09:36:07.564+0000] {processor.py:208} INFO - Processing /home/airflow/.local/lib/python3.12/site-packages/airflow/example_dags/example_skip_dag.py took 0.202 seconds
[2024-10-22T09:36:37.870+0000] {processor.py:186} INFO - Started process (PID=1564) to work on /home/airflow/.local/lib/python3.12/site-packages/airflow/example_dags/example_skip_dag.py
[2024-10-22T09:36:37.872+0000] {processor.py:914} INFO - Processing file /home/airflow/.local/lib/python3.12/site-packages/airflow/example_dags/example_skip_dag.py for tasks to queue
[2024-10-22T09:36:37.878+0000] {logging_mixin.py:190} INFO - [2024-10-22T09:36:37.878+0000] {dagbag.py:588} INFO - Filling up the DagBag from /home/airflow/.local/lib/python3.12/site-packages/airflow/example_dags/example_skip_dag.py
[2024-10-22T09:36:37.897+0000] {processor.py:925} INFO - DAG(s) 'example_skip_dag' retrieved from /home/airflow/.local/lib/python3.12/site-packages/airflow/example_dags/example_skip_dag.py
[2024-10-22T09:36:37.938+0000] {logging_mixin.py:190} INFO - [2024-10-22T09:36:37.938+0000] {dag.py:3239} INFO - Sync 1 DAGs
[2024-10-22T09:36:37.990+0000] {logging_mixin.py:190} INFO - [2024-10-22T09:36:37.990+0000] {dag.py:4180} INFO - Setting next_dagrun for example_skip_dag to 2024-10-21 00:00:00+00:00, run_after=2024-10-22 00:00:00+00:00
[2024-10-22T09:36:38.029+0000] {processor.py:208} INFO - Processing /home/airflow/.local/lib/python3.12/site-packages/airflow/example_dags/example_skip_dag.py took 0.176 seconds
[2024-10-22T09:37:08.939+0000] {processor.py:186} INFO - Started process (PID=1626) to work on /home/airflow/.local/lib/python3.12/site-packages/airflow/example_dags/example_skip_dag.py
[2024-10-22T09:37:08.944+0000] {processor.py:914} INFO - Processing file /home/airflow/.local/lib/python3.12/site-packages/airflow/example_dags/example_skip_dag.py for tasks to queue
[2024-10-22T09:37:08.960+0000] {logging_mixin.py:190} INFO - [2024-10-22T09:37:08.958+0000] {dagbag.py:588} INFO - Filling up the DagBag from /home/airflow/.local/lib/python3.12/site-packages/airflow/example_dags/example_skip_dag.py
[2024-10-22T09:37:08.992+0000] {processor.py:925} INFO - DAG(s) 'example_skip_dag' retrieved from /home/airflow/.local/lib/python3.12/site-packages/airflow/example_dags/example_skip_dag.py
[2024-10-22T09:37:09.067+0000] {logging_mixin.py:190} INFO - [2024-10-22T09:37:09.066+0000] {dag.py:3239} INFO - Sync 1 DAGs
[2024-10-22T09:37:09.158+0000] {logging_mixin.py:190} INFO - [2024-10-22T09:37:09.158+0000] {dag.py:4180} INFO - Setting next_dagrun for example_skip_dag to 2024-10-21 00:00:00+00:00, run_after=2024-10-22 00:00:00+00:00
[2024-10-22T09:37:09.224+0000] {processor.py:208} INFO - Processing /home/airflow/.local/lib/python3.12/site-packages/airflow/example_dags/example_skip_dag.py took 0.325 seconds
[2024-10-22T09:37:39.647+0000] {processor.py:186} INFO - Started process (PID=1688) to work on /home/airflow/.local/lib/python3.12/site-packages/airflow/example_dags/example_skip_dag.py
[2024-10-22T09:37:39.649+0000] {processor.py:914} INFO - Processing file /home/airflow/.local/lib/python3.12/site-packages/airflow/example_dags/example_skip_dag.py for tasks to queue
[2024-10-22T09:37:39.657+0000] {logging_mixin.py:190} INFO - [2024-10-22T09:37:39.656+0000] {dagbag.py:588} INFO - Filling up the DagBag from /home/airflow/.local/lib/python3.12/site-packages/airflow/example_dags/example_skip_dag.py
[2024-10-22T09:37:39.675+0000] {processor.py:925} INFO - DAG(s) 'example_skip_dag' retrieved from /home/airflow/.local/lib/python3.12/site-packages/airflow/example_dags/example_skip_dag.py
[2024-10-22T09:37:39.758+0000] {logging_mixin.py:190} INFO - [2024-10-22T09:37:39.757+0000] {dag.py:3239} INFO - Sync 1 DAGs
[2024-10-22T09:37:39.817+0000] {logging_mixin.py:190} INFO - [2024-10-22T09:37:39.817+0000] {dag.py:4180} INFO - Setting next_dagrun for example_skip_dag to 2024-10-21 00:00:00+00:00, run_after=2024-10-22 00:00:00+00:00
[2024-10-22T09:37:39.876+0000] {processor.py:208} INFO - Processing /home/airflow/.local/lib/python3.12/site-packages/airflow/example_dags/example_skip_dag.py took 0.244 seconds
[2024-10-22T09:38:10.225+0000] {processor.py:186} INFO - Started process (PID=1750) to work on /home/airflow/.local/lib/python3.12/site-packages/airflow/example_dags/example_skip_dag.py
[2024-10-22T09:38:10.228+0000] {processor.py:914} INFO - Processing file /home/airflow/.local/lib/python3.12/site-packages/airflow/example_dags/example_skip_dag.py for tasks to queue
[2024-10-22T09:38:10.234+0000] {logging_mixin.py:190} INFO - [2024-10-22T09:38:10.233+0000] {dagbag.py:588} INFO - Filling up the DagBag from /home/airflow/.local/lib/python3.12/site-packages/airflow/example_dags/example_skip_dag.py
[2024-10-22T09:38:10.250+0000] {processor.py:925} INFO - DAG(s) 'example_skip_dag' retrieved from /home/airflow/.local/lib/python3.12/site-packages/airflow/example_dags/example_skip_dag.py
[2024-10-22T09:38:10.292+0000] {logging_mixin.py:190} INFO - [2024-10-22T09:38:10.291+0000] {dag.py:3239} INFO - Sync 1 DAGs
[2024-10-22T09:38:10.346+0000] {logging_mixin.py:190} INFO - [2024-10-22T09:38:10.346+0000] {dag.py:4180} INFO - Setting next_dagrun for example_skip_dag to 2024-10-21 00:00:00+00:00, run_after=2024-10-22 00:00:00+00:00
[2024-10-22T09:38:10.380+0000] {processor.py:208} INFO - Processing /home/airflow/.local/lib/python3.12/site-packages/airflow/example_dags/example_skip_dag.py took 0.171 seconds
[2024-10-22T09:38:41.084+0000] {processor.py:186} INFO - Started process (PID=1812) to work on /home/airflow/.local/lib/python3.12/site-packages/airflow/example_dags/example_skip_dag.py
[2024-10-22T09:38:41.086+0000] {processor.py:914} INFO - Processing file /home/airflow/.local/lib/python3.12/site-packages/airflow/example_dags/example_skip_dag.py for tasks to queue
[2024-10-22T09:38:41.092+0000] {logging_mixin.py:190} INFO - [2024-10-22T09:38:41.090+0000] {dagbag.py:588} INFO - Filling up the DagBag from /home/airflow/.local/lib/python3.12/site-packages/airflow/example_dags/example_skip_dag.py
[2024-10-22T09:38:41.112+0000] {processor.py:925} INFO - DAG(s) 'example_skip_dag' retrieved from /home/airflow/.local/lib/python3.12/site-packages/airflow/example_dags/example_skip_dag.py
[2024-10-22T09:38:41.156+0000] {logging_mixin.py:190} INFO - [2024-10-22T09:38:41.155+0000] {dag.py:3239} INFO - Sync 1 DAGs
[2024-10-22T09:38:41.203+0000] {logging_mixin.py:190} INFO - [2024-10-22T09:38:41.202+0000] {dag.py:4180} INFO - Setting next_dagrun for example_skip_dag to 2024-10-21 00:00:00+00:00, run_after=2024-10-22 00:00:00+00:00
[2024-10-22T09:38:41.234+0000] {processor.py:208} INFO - Processing /home/airflow/.local/lib/python3.12/site-packages/airflow/example_dags/example_skip_dag.py took 0.164 seconds
[2024-10-22T09:39:11.527+0000] {processor.py:186} INFO - Started process (PID=1875) to work on /home/airflow/.local/lib/python3.12/site-packages/airflow/example_dags/example_skip_dag.py
[2024-10-22T09:39:11.529+0000] {processor.py:914} INFO - Processing file /home/airflow/.local/lib/python3.12/site-packages/airflow/example_dags/example_skip_dag.py for tasks to queue
[2024-10-22T09:39:11.536+0000] {logging_mixin.py:190} INFO - [2024-10-22T09:39:11.535+0000] {dagbag.py:588} INFO - Filling up the DagBag from /home/airflow/.local/lib/python3.12/site-packages/airflow/example_dags/example_skip_dag.py
[2024-10-22T09:39:11.559+0000] {processor.py:925} INFO - DAG(s) 'example_skip_dag' retrieved from /home/airflow/.local/lib/python3.12/site-packages/airflow/example_dags/example_skip_dag.py
[2024-10-22T09:39:11.614+0000] {logging_mixin.py:190} INFO - [2024-10-22T09:39:11.613+0000] {dag.py:3239} INFO - Sync 1 DAGs
[2024-10-22T09:39:11.657+0000] {logging_mixin.py:190} INFO - [2024-10-22T09:39:11.657+0000] {dag.py:4180} INFO - Setting next_dagrun for example_skip_dag to 2024-10-21 00:00:00+00:00, run_after=2024-10-22 00:00:00+00:00
[2024-10-22T09:39:11.691+0000] {processor.py:208} INFO - Processing /home/airflow/.local/lib/python3.12/site-packages/airflow/example_dags/example_skip_dag.py took 0.181 seconds
[2024-10-22T09:39:41.849+0000] {processor.py:186} INFO - Started process (PID=1937) to work on /home/airflow/.local/lib/python3.12/site-packages/airflow/example_dags/example_skip_dag.py
[2024-10-22T09:39:41.851+0000] {processor.py:914} INFO - Processing file /home/airflow/.local/lib/python3.12/site-packages/airflow/example_dags/example_skip_dag.py for tasks to queue
[2024-10-22T09:39:41.857+0000] {logging_mixin.py:190} INFO - [2024-10-22T09:39:41.856+0000] {dagbag.py:588} INFO - Filling up the DagBag from /home/airflow/.local/lib/python3.12/site-packages/airflow/example_dags/example_skip_dag.py
[2024-10-22T09:39:41.876+0000] {processor.py:925} INFO - DAG(s) 'example_skip_dag' retrieved from /home/airflow/.local/lib/python3.12/site-packages/airflow/example_dags/example_skip_dag.py
[2024-10-22T09:39:41.924+0000] {logging_mixin.py:190} INFO - [2024-10-22T09:39:41.923+0000] {dag.py:3239} INFO - Sync 1 DAGs
[2024-10-22T09:39:41.970+0000] {logging_mixin.py:190} INFO - [2024-10-22T09:39:41.970+0000] {dag.py:4180} INFO - Setting next_dagrun for example_skip_dag to 2024-10-21 00:00:00+00:00, run_after=2024-10-22 00:00:00+00:00
[2024-10-22T09:39:42.025+0000] {processor.py:208} INFO - Processing /home/airflow/.local/lib/python3.12/site-packages/airflow/example_dags/example_skip_dag.py took 0.190 seconds
[2024-10-22T09:40:12.830+0000] {processor.py:186} INFO - Started process (PID=1999) to work on /home/airflow/.local/lib/python3.12/site-packages/airflow/example_dags/example_skip_dag.py
[2024-10-22T09:40:12.835+0000] {processor.py:914} INFO - Processing file /home/airflow/.local/lib/python3.12/site-packages/airflow/example_dags/example_skip_dag.py for tasks to queue
[2024-10-22T09:40:12.842+0000] {logging_mixin.py:190} INFO - [2024-10-22T09:40:12.841+0000] {dagbag.py:588} INFO - Filling up the DagBag from /home/airflow/.local/lib/python3.12/site-packages/airflow/example_dags/example_skip_dag.py
[2024-10-22T09:40:12.860+0000] {processor.py:925} INFO - DAG(s) 'example_skip_dag' retrieved from /home/airflow/.local/lib/python3.12/site-packages/airflow/example_dags/example_skip_dag.py
[2024-10-22T09:40:12.909+0000] {logging_mixin.py:190} INFO - [2024-10-22T09:40:12.908+0000] {dag.py:3239} INFO - Sync 1 DAGs
[2024-10-22T09:40:12.963+0000] {logging_mixin.py:190} INFO - [2024-10-22T09:40:12.963+0000] {dag.py:4180} INFO - Setting next_dagrun for example_skip_dag to 2024-10-21 00:00:00+00:00, run_after=2024-10-22 00:00:00+00:00
[2024-10-22T09:40:13.017+0000] {processor.py:208} INFO - Processing /home/airflow/.local/lib/python3.12/site-packages/airflow/example_dags/example_skip_dag.py took 0.206 seconds
[2024-10-22T09:40:43.918+0000] {processor.py:186} INFO - Started process (PID=2061) to work on /home/airflow/.local/lib/python3.12/site-packages/airflow/example_dags/example_skip_dag.py
[2024-10-22T09:40:43.919+0000] {processor.py:914} INFO - Processing file /home/airflow/.local/lib/python3.12/site-packages/airflow/example_dags/example_skip_dag.py for tasks to queue
[2024-10-22T09:40:43.924+0000] {logging_mixin.py:190} INFO - [2024-10-22T09:40:43.923+0000] {dagbag.py:588} INFO - Filling up the DagBag from /home/airflow/.local/lib/python3.12/site-packages/airflow/example_dags/example_skip_dag.py
[2024-10-22T09:40:43.941+0000] {processor.py:925} INFO - DAG(s) 'example_skip_dag' retrieved from /home/airflow/.local/lib/python3.12/site-packages/airflow/example_dags/example_skip_dag.py
[2024-10-22T09:40:43.980+0000] {logging_mixin.py:190} INFO - [2024-10-22T09:40:43.980+0000] {dag.py:3239} INFO - Sync 1 DAGs
[2024-10-22T09:40:44.026+0000] {logging_mixin.py:190} INFO - [2024-10-22T09:40:44.025+0000] {dag.py:4180} INFO - Setting next_dagrun for example_skip_dag to 2024-10-21 00:00:00+00:00, run_after=2024-10-22 00:00:00+00:00
[2024-10-22T09:40:44.081+0000] {processor.py:208} INFO - Processing /home/airflow/.local/lib/python3.12/site-packages/airflow/example_dags/example_skip_dag.py took 0.174 seconds
[2024-10-22T09:41:14.167+0000] {processor.py:186} INFO - Started process (PID=2123) to work on /home/airflow/.local/lib/python3.12/site-packages/airflow/example_dags/example_skip_dag.py
[2024-10-22T09:41:14.169+0000] {processor.py:914} INFO - Processing file /home/airflow/.local/lib/python3.12/site-packages/airflow/example_dags/example_skip_dag.py for tasks to queue
[2024-10-22T09:41:14.173+0000] {logging_mixin.py:190} INFO - [2024-10-22T09:41:14.173+0000] {dagbag.py:588} INFO - Filling up the DagBag from /home/airflow/.local/lib/python3.12/site-packages/airflow/example_dags/example_skip_dag.py
[2024-10-22T09:41:14.191+0000] {processor.py:925} INFO - DAG(s) 'example_skip_dag' retrieved from /home/airflow/.local/lib/python3.12/site-packages/airflow/example_dags/example_skip_dag.py
[2024-10-22T09:41:14.231+0000] {logging_mixin.py:190} INFO - [2024-10-22T09:41:14.230+0000] {dag.py:3239} INFO - Sync 1 DAGs
[2024-10-22T09:41:14.283+0000] {logging_mixin.py:190} INFO - [2024-10-22T09:41:14.283+0000] {dag.py:4180} INFO - Setting next_dagrun for example_skip_dag to 2024-10-21 00:00:00+00:00, run_after=2024-10-22 00:00:00+00:00
[2024-10-22T09:41:14.324+0000] {processor.py:208} INFO - Processing /home/airflow/.local/lib/python3.12/site-packages/airflow/example_dags/example_skip_dag.py took 0.174 seconds
[2024-10-22T09:41:45.180+0000] {processor.py:186} INFO - Started process (PID=2185) to work on /home/airflow/.local/lib/python3.12/site-packages/airflow/example_dags/example_skip_dag.py
[2024-10-22T09:41:45.183+0000] {processor.py:914} INFO - Processing file /home/airflow/.local/lib/python3.12/site-packages/airflow/example_dags/example_skip_dag.py for tasks to queue
[2024-10-22T09:41:45.188+0000] {logging_mixin.py:190} INFO - [2024-10-22T09:41:45.187+0000] {dagbag.py:588} INFO - Filling up the DagBag from /home/airflow/.local/lib/python3.12/site-packages/airflow/example_dags/example_skip_dag.py
[2024-10-22T09:41:45.203+0000] {processor.py:925} INFO - DAG(s) 'example_skip_dag' retrieved from /home/airflow/.local/lib/python3.12/site-packages/airflow/example_dags/example_skip_dag.py
[2024-10-22T09:41:45.246+0000] {logging_mixin.py:190} INFO - [2024-10-22T09:41:45.246+0000] {dag.py:3239} INFO - Sync 1 DAGs
[2024-10-22T09:41:45.293+0000] {logging_mixin.py:190} INFO - [2024-10-22T09:41:45.293+0000] {dag.py:4180} INFO - Setting next_dagrun for example_skip_dag to 2024-10-21 00:00:00+00:00, run_after=2024-10-22 00:00:00+00:00
[2024-10-22T09:41:45.326+0000] {processor.py:208} INFO - Processing /home/airflow/.local/lib/python3.12/site-packages/airflow/example_dags/example_skip_dag.py took 0.158 seconds
[2024-10-22T09:42:16.078+0000] {processor.py:186} INFO - Started process (PID=2247) to work on /home/airflow/.local/lib/python3.12/site-packages/airflow/example_dags/example_skip_dag.py
[2024-10-22T09:42:16.080+0000] {processor.py:914} INFO - Processing file /home/airflow/.local/lib/python3.12/site-packages/airflow/example_dags/example_skip_dag.py for tasks to queue
[2024-10-22T09:42:16.086+0000] {logging_mixin.py:190} INFO - [2024-10-22T09:42:16.085+0000] {dagbag.py:588} INFO - Filling up the DagBag from /home/airflow/.local/lib/python3.12/site-packages/airflow/example_dags/example_skip_dag.py
[2024-10-22T09:42:16.105+0000] {processor.py:925} INFO - DAG(s) 'example_skip_dag' retrieved from /home/airflow/.local/lib/python3.12/site-packages/airflow/example_dags/example_skip_dag.py
[2024-10-22T09:42:16.147+0000] {logging_mixin.py:190} INFO - [2024-10-22T09:42:16.146+0000] {dag.py:3239} INFO - Sync 1 DAGs
[2024-10-22T09:42:16.198+0000] {logging_mixin.py:190} INFO - [2024-10-22T09:42:16.197+0000] {dag.py:4180} INFO - Setting next_dagrun for example_skip_dag to 2024-10-21 00:00:00+00:00, run_after=2024-10-22 00:00:00+00:00
[2024-10-22T09:42:16.395+0000] {processor.py:208} INFO - Processing /home/airflow/.local/lib/python3.12/site-packages/airflow/example_dags/example_skip_dag.py took 0.329 seconds
[2024-10-22T09:42:46.629+0000] {processor.py:186} INFO - Started process (PID=2308) to work on /home/airflow/.local/lib/python3.12/site-packages/airflow/example_dags/example_skip_dag.py
[2024-10-22T09:42:46.631+0000] {processor.py:914} INFO - Processing file /home/airflow/.local/lib/python3.12/site-packages/airflow/example_dags/example_skip_dag.py for tasks to queue
[2024-10-22T09:42:46.638+0000] {logging_mixin.py:190} INFO - [2024-10-22T09:42:46.637+0000] {dagbag.py:588} INFO - Filling up the DagBag from /home/airflow/.local/lib/python3.12/site-packages/airflow/example_dags/example_skip_dag.py
[2024-10-22T09:42:46.652+0000] {processor.py:925} INFO - DAG(s) 'example_skip_dag' retrieved from /home/airflow/.local/lib/python3.12/site-packages/airflow/example_dags/example_skip_dag.py
[2024-10-22T09:42:46.701+0000] {logging_mixin.py:190} INFO - [2024-10-22T09:42:46.700+0000] {dag.py:3239} INFO - Sync 1 DAGs
[2024-10-22T09:42:46.760+0000] {logging_mixin.py:190} INFO - [2024-10-22T09:42:46.758+0000] {dag.py:4180} INFO - Setting next_dagrun for example_skip_dag to 2024-10-21 00:00:00+00:00, run_after=2024-10-22 00:00:00+00:00
[2024-10-22T09:42:46.794+0000] {processor.py:208} INFO - Processing /home/airflow/.local/lib/python3.12/site-packages/airflow/example_dags/example_skip_dag.py took 0.179 seconds
[2024-10-22T09:43:17.340+0000] {processor.py:186} INFO - Started process (PID=2370) to work on /home/airflow/.local/lib/python3.12/site-packages/airflow/example_dags/example_skip_dag.py
[2024-10-22T09:43:17.354+0000] {processor.py:914} INFO - Processing file /home/airflow/.local/lib/python3.12/site-packages/airflow/example_dags/example_skip_dag.py for tasks to queue
[2024-10-22T09:43:17.372+0000] {logging_mixin.py:190} INFO - [2024-10-22T09:43:17.372+0000] {dagbag.py:588} INFO - Filling up the DagBag from /home/airflow/.local/lib/python3.12/site-packages/airflow/example_dags/example_skip_dag.py
[2024-10-22T09:43:17.414+0000] {processor.py:925} INFO - DAG(s) 'example_skip_dag' retrieved from /home/airflow/.local/lib/python3.12/site-packages/airflow/example_dags/example_skip_dag.py
[2024-10-22T09:43:17.515+0000] {logging_mixin.py:190} INFO - [2024-10-22T09:43:17.514+0000] {dag.py:3239} INFO - Sync 1 DAGs
[2024-10-22T09:43:17.611+0000] {logging_mixin.py:190} INFO - [2024-10-22T09:43:17.609+0000] {dag.py:4180} INFO - Setting next_dagrun for example_skip_dag to 2024-10-21 00:00:00+00:00, run_after=2024-10-22 00:00:00+00:00
[2024-10-22T09:43:17.751+0000] {processor.py:208} INFO - Processing /home/airflow/.local/lib/python3.12/site-packages/airflow/example_dags/example_skip_dag.py took 0.434 seconds
[2024-10-22T09:43:48.256+0000] {processor.py:186} INFO - Started process (PID=2432) to work on /home/airflow/.local/lib/python3.12/site-packages/airflow/example_dags/example_skip_dag.py
[2024-10-22T09:43:48.258+0000] {processor.py:914} INFO - Processing file /home/airflow/.local/lib/python3.12/site-packages/airflow/example_dags/example_skip_dag.py for tasks to queue
[2024-10-22T09:43:48.262+0000] {logging_mixin.py:190} INFO - [2024-10-22T09:43:48.262+0000] {dagbag.py:588} INFO - Filling up the DagBag from /home/airflow/.local/lib/python3.12/site-packages/airflow/example_dags/example_skip_dag.py
[2024-10-22T09:43:48.282+0000] {processor.py:925} INFO - DAG(s) 'example_skip_dag' retrieved from /home/airflow/.local/lib/python3.12/site-packages/airflow/example_dags/example_skip_dag.py
[2024-10-22T09:43:48.330+0000] {logging_mixin.py:190} INFO - [2024-10-22T09:43:48.329+0000] {dag.py:3239} INFO - Sync 1 DAGs
[2024-10-22T09:43:48.385+0000] {logging_mixin.py:190} INFO - [2024-10-22T09:43:48.385+0000] {dag.py:4180} INFO - Setting next_dagrun for example_skip_dag to 2024-10-21 00:00:00+00:00, run_after=2024-10-22 00:00:00+00:00
[2024-10-22T09:43:48.420+0000] {processor.py:208} INFO - Processing /home/airflow/.local/lib/python3.12/site-packages/airflow/example_dags/example_skip_dag.py took 0.177 seconds
