[2024-10-22T09:23:31.475+0000] {processor.py:186} INFO - Started process (PID=98) to work on /home/airflow/.local/lib/python3.12/site-packages/airflow/example_dags/example_latest_only_with_trigger.py
[2024-10-22T09:23:31.491+0000] {processor.py:914} INFO - Processing file /home/airflow/.local/lib/python3.12/site-packages/airflow/example_dags/example_latest_only_with_trigger.py for tasks to queue
[2024-10-22T09:23:31.508+0000] {logging_mixin.py:190} INFO - [2024-10-22T09:23:31.498+0000] {dagbag.py:588} INFO - Filling up the DagBag from /home/airflow/.local/lib/python3.12/site-packages/airflow/example_dags/example_latest_only_with_trigger.py
[2024-10-22T09:23:31.540+0000] {processor.py:925} INFO - DAG(s) 'latest_only_with_trigger' retrieved from /home/airflow/.local/lib/python3.12/site-packages/airflow/example_dags/example_latest_only_with_trigger.py
[2024-10-22T09:23:31.651+0000] {logging_mixin.py:190} INFO - [2024-10-22T09:23:31.645+0000] {dag.py:3239} INFO - Sync 1 DAGs
[2024-10-22T09:23:31.747+0000] {logging_mixin.py:190} INFO - [2024-10-22T09:23:31.746+0000] {dag.py:4180} INFO - Setting next_dagrun for latest_only_with_trigger to 2024-10-22 04:00:00+00:00, run_after=2024-10-22 08:00:00+00:00
[2024-10-22T09:23:31.817+0000] {processor.py:208} INFO - Processing /home/airflow/.local/lib/python3.12/site-packages/airflow/example_dags/example_latest_only_with_trigger.py took 0.383 seconds
[2024-10-22T09:24:22.623+0000] {processor.py:186} INFO - Started process (PID=177) to work on /home/airflow/.local/lib/python3.12/site-packages/airflow/example_dags/example_latest_only_with_trigger.py
[2024-10-22T09:24:22.626+0000] {processor.py:914} INFO - Processing file /home/airflow/.local/lib/python3.12/site-packages/airflow/example_dags/example_latest_only_with_trigger.py for tasks to queue
[2024-10-22T09:24:22.633+0000] {logging_mixin.py:190} INFO - [2024-10-22T09:24:22.633+0000] {dagbag.py:588} INFO - Filling up the DagBag from /home/airflow/.local/lib/python3.12/site-packages/airflow/example_dags/example_latest_only_with_trigger.py
[2024-10-22T09:24:22.656+0000] {processor.py:925} INFO - DAG(s) 'latest_only_with_trigger' retrieved from /home/airflow/.local/lib/python3.12/site-packages/airflow/example_dags/example_latest_only_with_trigger.py
[2024-10-22T09:24:22.719+0000] {logging_mixin.py:190} INFO - [2024-10-22T09:24:22.719+0000] {dag.py:3239} INFO - Sync 1 DAGs
[2024-10-22T09:24:22.789+0000] {logging_mixin.py:190} INFO - [2024-10-22T09:24:22.787+0000] {dag.py:4180} INFO - Setting next_dagrun for latest_only_with_trigger to 2024-10-22 04:00:00+00:00, run_after=2024-10-22 08:00:00+00:00
[2024-10-22T09:24:23.232+0000] {processor.py:208} INFO - Processing /home/airflow/.local/lib/python3.12/site-packages/airflow/example_dags/example_latest_only_with_trigger.py took 0.639 seconds
[2024-10-22T09:25:01.463+0000] {processor.py:186} INFO - Started process (PID=239) to work on /home/airflow/.local/lib/python3.12/site-packages/airflow/example_dags/example_latest_only_with_trigger.py
[2024-10-22T09:25:01.465+0000] {processor.py:914} INFO - Processing file /home/airflow/.local/lib/python3.12/site-packages/airflow/example_dags/example_latest_only_with_trigger.py for tasks to queue
[2024-10-22T09:25:01.470+0000] {logging_mixin.py:190} INFO - [2024-10-22T09:25:01.469+0000] {dagbag.py:588} INFO - Filling up the DagBag from /home/airflow/.local/lib/python3.12/site-packages/airflow/example_dags/example_latest_only_with_trigger.py
[2024-10-22T09:25:01.482+0000] {processor.py:925} INFO - DAG(s) 'latest_only_with_trigger' retrieved from /home/airflow/.local/lib/python3.12/site-packages/airflow/example_dags/example_latest_only_with_trigger.py
[2024-10-22T09:25:01.519+0000] {logging_mixin.py:190} INFO - [2024-10-22T09:25:01.518+0000] {dag.py:3239} INFO - Sync 1 DAGs
[2024-10-22T09:25:01.575+0000] {logging_mixin.py:190} INFO - [2024-10-22T09:25:01.575+0000] {dag.py:4180} INFO - Setting next_dagrun for latest_only_with_trigger to 2024-10-22 04:00:00+00:00, run_after=2024-10-22 08:00:00+00:00
[2024-10-22T09:25:01.686+0000] {processor.py:208} INFO - Processing /home/airflow/.local/lib/python3.12/site-packages/airflow/example_dags/example_latest_only_with_trigger.py took 0.235 seconds
[2024-10-22T09:25:33.202+0000] {processor.py:186} INFO - Started process (PID=301) to work on /home/airflow/.local/lib/python3.12/site-packages/airflow/example_dags/example_latest_only_with_trigger.py
[2024-10-22T09:25:33.204+0000] {processor.py:914} INFO - Processing file /home/airflow/.local/lib/python3.12/site-packages/airflow/example_dags/example_latest_only_with_trigger.py for tasks to queue
[2024-10-22T09:25:33.211+0000] {logging_mixin.py:190} INFO - [2024-10-22T09:25:33.210+0000] {dagbag.py:588} INFO - Filling up the DagBag from /home/airflow/.local/lib/python3.12/site-packages/airflow/example_dags/example_latest_only_with_trigger.py
[2024-10-22T09:25:33.225+0000] {processor.py:925} INFO - DAG(s) 'latest_only_with_trigger' retrieved from /home/airflow/.local/lib/python3.12/site-packages/airflow/example_dags/example_latest_only_with_trigger.py
[2024-10-22T09:25:33.265+0000] {logging_mixin.py:190} INFO - [2024-10-22T09:25:33.264+0000] {dag.py:3239} INFO - Sync 1 DAGs
[2024-10-22T09:25:33.315+0000] {logging_mixin.py:190} INFO - [2024-10-22T09:25:33.314+0000] {dag.py:4180} INFO - Setting next_dagrun for latest_only_with_trigger to 2024-10-22 04:00:00+00:00, run_after=2024-10-22 08:00:00+00:00
[2024-10-22T09:25:33.684+0000] {processor.py:208} INFO - Processing /home/airflow/.local/lib/python3.12/site-packages/airflow/example_dags/example_latest_only_with_trigger.py took 0.495 seconds
[2024-10-22T09:26:06.977+0000] {processor.py:186} INFO - Started process (PID=364) to work on /home/airflow/.local/lib/python3.12/site-packages/airflow/example_dags/example_latest_only_with_trigger.py
[2024-10-22T09:26:06.998+0000] {processor.py:914} INFO - Processing file /home/airflow/.local/lib/python3.12/site-packages/airflow/example_dags/example_latest_only_with_trigger.py for tasks to queue
[2024-10-22T09:26:07.007+0000] {logging_mixin.py:190} INFO - [2024-10-22T09:26:07.006+0000] {dagbag.py:588} INFO - Filling up the DagBag from /home/airflow/.local/lib/python3.12/site-packages/airflow/example_dags/example_latest_only_with_trigger.py
[2024-10-22T09:26:07.069+0000] {processor.py:925} INFO - DAG(s) 'latest_only_with_trigger' retrieved from /home/airflow/.local/lib/python3.12/site-packages/airflow/example_dags/example_latest_only_with_trigger.py
[2024-10-22T09:26:07.198+0000] {logging_mixin.py:190} INFO - [2024-10-22T09:26:07.190+0000] {dag.py:3239} INFO - Sync 1 DAGs
[2024-10-22T09:26:07.354+0000] {logging_mixin.py:190} INFO - [2024-10-22T09:26:07.353+0000] {dag.py:4180} INFO - Setting next_dagrun for latest_only_with_trigger to 2024-10-22 04:00:00+00:00, run_after=2024-10-22 08:00:00+00:00
[2024-10-22T09:26:07.535+0000] {processor.py:208} INFO - Processing /home/airflow/.local/lib/python3.12/site-packages/airflow/example_dags/example_latest_only_with_trigger.py took 0.595 seconds
[2024-10-22T09:26:46.444+0000] {processor.py:186} INFO - Started process (PID=435) to work on /home/airflow/.local/lib/python3.12/site-packages/airflow/example_dags/example_latest_only_with_trigger.py
[2024-10-22T09:26:46.457+0000] {processor.py:914} INFO - Processing file /home/airflow/.local/lib/python3.12/site-packages/airflow/example_dags/example_latest_only_with_trigger.py for tasks to queue
[2024-10-22T09:26:46.477+0000] {logging_mixin.py:190} INFO - [2024-10-22T09:26:46.465+0000] {dagbag.py:588} INFO - Filling up the DagBag from /home/airflow/.local/lib/python3.12/site-packages/airflow/example_dags/example_latest_only_with_trigger.py
[2024-10-22T09:26:46.527+0000] {processor.py:925} INFO - DAG(s) 'latest_only_with_trigger' retrieved from /home/airflow/.local/lib/python3.12/site-packages/airflow/example_dags/example_latest_only_with_trigger.py
[2024-10-22T09:26:46.665+0000] {logging_mixin.py:190} INFO - [2024-10-22T09:26:46.665+0000] {dag.py:3239} INFO - Sync 1 DAGs
[2024-10-22T09:26:46.724+0000] {logging_mixin.py:190} INFO - [2024-10-22T09:26:46.723+0000] {dag.py:4180} INFO - Setting next_dagrun for latest_only_with_trigger to 2024-10-22 04:00:00+00:00, run_after=2024-10-22 08:00:00+00:00
[2024-10-22T09:26:48.817+0000] {processor.py:208} INFO - Processing /home/airflow/.local/lib/python3.12/site-packages/airflow/example_dags/example_latest_only_with_trigger.py took 2.424 seconds
[2024-10-22T09:27:21.159+0000] {processor.py:186} INFO - Started process (PID=496) to work on /home/airflow/.local/lib/python3.12/site-packages/airflow/example_dags/example_latest_only_with_trigger.py
[2024-10-22T09:27:21.162+0000] {processor.py:914} INFO - Processing file /home/airflow/.local/lib/python3.12/site-packages/airflow/example_dags/example_latest_only_with_trigger.py for tasks to queue
[2024-10-22T09:27:21.168+0000] {logging_mixin.py:190} INFO - [2024-10-22T09:27:21.167+0000] {dagbag.py:588} INFO - Filling up the DagBag from /home/airflow/.local/lib/python3.12/site-packages/airflow/example_dags/example_latest_only_with_trigger.py
[2024-10-22T09:27:21.203+0000] {processor.py:925} INFO - DAG(s) 'latest_only_with_trigger' retrieved from /home/airflow/.local/lib/python3.12/site-packages/airflow/example_dags/example_latest_only_with_trigger.py
[2024-10-22T09:27:21.429+0000] {logging_mixin.py:190} INFO - [2024-10-22T09:27:21.428+0000] {dag.py:3239} INFO - Sync 1 DAGs
[2024-10-22T09:27:21.544+0000] {logging_mixin.py:190} INFO - [2024-10-22T09:27:21.543+0000] {dag.py:4180} INFO - Setting next_dagrun for latest_only_with_trigger to 2024-10-22 04:00:00+00:00, run_after=2024-10-22 08:00:00+00:00
[2024-10-22T09:27:22.212+0000] {processor.py:208} INFO - Processing /home/airflow/.local/lib/python3.12/site-packages/airflow/example_dags/example_latest_only_with_trigger.py took 1.068 seconds
[2024-10-22T09:27:52.677+0000] {processor.py:186} INFO - Started process (PID=558) to work on /home/airflow/.local/lib/python3.12/site-packages/airflow/example_dags/example_latest_only_with_trigger.py
[2024-10-22T09:27:52.689+0000] {processor.py:914} INFO - Processing file /home/airflow/.local/lib/python3.12/site-packages/airflow/example_dags/example_latest_only_with_trigger.py for tasks to queue
[2024-10-22T09:27:52.719+0000] {logging_mixin.py:190} INFO - [2024-10-22T09:27:52.718+0000] {dagbag.py:588} INFO - Filling up the DagBag from /home/airflow/.local/lib/python3.12/site-packages/airflow/example_dags/example_latest_only_with_trigger.py
[2024-10-22T09:27:52.762+0000] {processor.py:925} INFO - DAG(s) 'latest_only_with_trigger' retrieved from /home/airflow/.local/lib/python3.12/site-packages/airflow/example_dags/example_latest_only_with_trigger.py
[2024-10-22T09:27:52.844+0000] {logging_mixin.py:190} INFO - [2024-10-22T09:27:52.844+0000] {dag.py:3239} INFO - Sync 1 DAGs
[2024-10-22T09:27:52.919+0000] {logging_mixin.py:190} INFO - [2024-10-22T09:27:52.918+0000] {dag.py:4180} INFO - Setting next_dagrun for latest_only_with_trigger to 2024-10-22 04:00:00+00:00, run_after=2024-10-22 08:00:00+00:00
[2024-10-22T09:27:53.353+0000] {processor.py:208} INFO - Processing /home/airflow/.local/lib/python3.12/site-packages/airflow/example_dags/example_latest_only_with_trigger.py took 0.715 seconds
[2024-10-22T09:28:23.999+0000] {processor.py:186} INFO - Started process (PID=620) to work on /home/airflow/.local/lib/python3.12/site-packages/airflow/example_dags/example_latest_only_with_trigger.py
[2024-10-22T09:28:24.001+0000] {processor.py:914} INFO - Processing file /home/airflow/.local/lib/python3.12/site-packages/airflow/example_dags/example_latest_only_with_trigger.py for tasks to queue
[2024-10-22T09:28:24.007+0000] {logging_mixin.py:190} INFO - [2024-10-22T09:28:24.006+0000] {dagbag.py:588} INFO - Filling up the DagBag from /home/airflow/.local/lib/python3.12/site-packages/airflow/example_dags/example_latest_only_with_trigger.py
[2024-10-22T09:28:24.027+0000] {processor.py:925} INFO - DAG(s) 'latest_only_with_trigger' retrieved from /home/airflow/.local/lib/python3.12/site-packages/airflow/example_dags/example_latest_only_with_trigger.py
[2024-10-22T09:28:24.077+0000] {logging_mixin.py:190} INFO - [2024-10-22T09:28:24.076+0000] {dag.py:3239} INFO - Sync 1 DAGs
[2024-10-22T09:28:24.153+0000] {logging_mixin.py:190} INFO - [2024-10-22T09:28:24.152+0000] {dag.py:4180} INFO - Setting next_dagrun for latest_only_with_trigger to 2024-10-22 04:00:00+00:00, run_after=2024-10-22 08:00:00+00:00
[2024-10-22T09:28:25.029+0000] {processor.py:208} INFO - Processing /home/airflow/.local/lib/python3.12/site-packages/airflow/example_dags/example_latest_only_with_trigger.py took 1.046 seconds
[2024-10-22T09:28:55.844+0000] {processor.py:186} INFO - Started process (PID=682) to work on /home/airflow/.local/lib/python3.12/site-packages/airflow/example_dags/example_latest_only_with_trigger.py
[2024-10-22T09:28:55.846+0000] {processor.py:914} INFO - Processing file /home/airflow/.local/lib/python3.12/site-packages/airflow/example_dags/example_latest_only_with_trigger.py for tasks to queue
[2024-10-22T09:28:55.851+0000] {logging_mixin.py:190} INFO - [2024-10-22T09:28:55.850+0000] {dagbag.py:588} INFO - Filling up the DagBag from /home/airflow/.local/lib/python3.12/site-packages/airflow/example_dags/example_latest_only_with_trigger.py
[2024-10-22T09:28:55.865+0000] {processor.py:925} INFO - DAG(s) 'latest_only_with_trigger' retrieved from /home/airflow/.local/lib/python3.12/site-packages/airflow/example_dags/example_latest_only_with_trigger.py
[2024-10-22T09:28:55.909+0000] {logging_mixin.py:190} INFO - [2024-10-22T09:28:55.908+0000] {dag.py:3239} INFO - Sync 1 DAGs
[2024-10-22T09:28:55.971+0000] {logging_mixin.py:190} INFO - [2024-10-22T09:28:55.971+0000] {dag.py:4180} INFO - Setting next_dagrun for latest_only_with_trigger to 2024-10-22 04:00:00+00:00, run_after=2024-10-22 08:00:00+00:00
[2024-10-22T09:28:56.141+0000] {processor.py:208} INFO - Processing /home/airflow/.local/lib/python3.12/site-packages/airflow/example_dags/example_latest_only_with_trigger.py took 0.309 seconds
[2024-10-22T09:29:26.355+0000] {processor.py:186} INFO - Started process (PID=745) to work on /home/airflow/.local/lib/python3.12/site-packages/airflow/example_dags/example_latest_only_with_trigger.py
[2024-10-22T09:29:26.377+0000] {processor.py:914} INFO - Processing file /home/airflow/.local/lib/python3.12/site-packages/airflow/example_dags/example_latest_only_with_trigger.py for tasks to queue
[2024-10-22T09:29:26.383+0000] {logging_mixin.py:190} INFO - [2024-10-22T09:29:26.383+0000] {dagbag.py:588} INFO - Filling up the DagBag from /home/airflow/.local/lib/python3.12/site-packages/airflow/example_dags/example_latest_only_with_trigger.py
[2024-10-22T09:29:26.403+0000] {processor.py:925} INFO - DAG(s) 'latest_only_with_trigger' retrieved from /home/airflow/.local/lib/python3.12/site-packages/airflow/example_dags/example_latest_only_with_trigger.py
[2024-10-22T09:29:26.471+0000] {logging_mixin.py:190} INFO - [2024-10-22T09:29:26.471+0000] {dag.py:3239} INFO - Sync 1 DAGs
[2024-10-22T09:29:26.533+0000] {logging_mixin.py:190} INFO - [2024-10-22T09:29:26.533+0000] {dag.py:4180} INFO - Setting next_dagrun for latest_only_with_trigger to 2024-10-22 04:00:00+00:00, run_after=2024-10-22 08:00:00+00:00
[2024-10-22T09:29:26.587+0000] {processor.py:208} INFO - Processing /home/airflow/.local/lib/python3.12/site-packages/airflow/example_dags/example_latest_only_with_trigger.py took 0.249 seconds
[2024-10-22T09:29:58.348+0000] {processor.py:186} INFO - Started process (PID=807) to work on /home/airflow/.local/lib/python3.12/site-packages/airflow/example_dags/example_latest_only_with_trigger.py
[2024-10-22T09:29:58.350+0000] {processor.py:914} INFO - Processing file /home/airflow/.local/lib/python3.12/site-packages/airflow/example_dags/example_latest_only_with_trigger.py for tasks to queue
[2024-10-22T09:29:58.355+0000] {logging_mixin.py:190} INFO - [2024-10-22T09:29:58.354+0000] {dagbag.py:588} INFO - Filling up the DagBag from /home/airflow/.local/lib/python3.12/site-packages/airflow/example_dags/example_latest_only_with_trigger.py
[2024-10-22T09:29:58.385+0000] {processor.py:925} INFO - DAG(s) 'latest_only_with_trigger' retrieved from /home/airflow/.local/lib/python3.12/site-packages/airflow/example_dags/example_latest_only_with_trigger.py
[2024-10-22T09:29:58.629+0000] {logging_mixin.py:190} INFO - [2024-10-22T09:29:58.629+0000] {dag.py:3239} INFO - Sync 1 DAGs
[2024-10-22T09:29:58.709+0000] {logging_mixin.py:190} INFO - [2024-10-22T09:29:58.708+0000] {dag.py:4180} INFO - Setting next_dagrun for latest_only_with_trigger to 2024-10-22 04:00:00+00:00, run_after=2024-10-22 08:00:00+00:00
[2024-10-22T09:29:59.032+0000] {processor.py:208} INFO - Processing /home/airflow/.local/lib/python3.12/site-packages/airflow/example_dags/example_latest_only_with_trigger.py took 0.704 seconds
[2024-10-22T09:30:29.733+0000] {processor.py:186} INFO - Started process (PID=869) to work on /home/airflow/.local/lib/python3.12/site-packages/airflow/example_dags/example_latest_only_with_trigger.py
[2024-10-22T09:30:29.735+0000] {processor.py:914} INFO - Processing file /home/airflow/.local/lib/python3.12/site-packages/airflow/example_dags/example_latest_only_with_trigger.py for tasks to queue
[2024-10-22T09:30:29.743+0000] {logging_mixin.py:190} INFO - [2024-10-22T09:30:29.742+0000] {dagbag.py:588} INFO - Filling up the DagBag from /home/airflow/.local/lib/python3.12/site-packages/airflow/example_dags/example_latest_only_with_trigger.py
[2024-10-22T09:30:29.761+0000] {processor.py:925} INFO - DAG(s) 'latest_only_with_trigger' retrieved from /home/airflow/.local/lib/python3.12/site-packages/airflow/example_dags/example_latest_only_with_trigger.py
[2024-10-22T09:30:29.807+0000] {logging_mixin.py:190} INFO - [2024-10-22T09:30:29.806+0000] {dag.py:3239} INFO - Sync 1 DAGs
[2024-10-22T09:30:29.873+0000] {logging_mixin.py:190} INFO - [2024-10-22T09:30:29.872+0000] {dag.py:4180} INFO - Setting next_dagrun for latest_only_with_trigger to 2024-10-22 04:00:00+00:00, run_after=2024-10-22 08:00:00+00:00
[2024-10-22T09:30:29.923+0000] {processor.py:208} INFO - Processing /home/airflow/.local/lib/python3.12/site-packages/airflow/example_dags/example_latest_only_with_trigger.py took 0.204 seconds
[2024-10-22T09:31:00.839+0000] {processor.py:186} INFO - Started process (PID=932) to work on /home/airflow/.local/lib/python3.12/site-packages/airflow/example_dags/example_latest_only_with_trigger.py
[2024-10-22T09:31:00.841+0000] {processor.py:914} INFO - Processing file /home/airflow/.local/lib/python3.12/site-packages/airflow/example_dags/example_latest_only_with_trigger.py for tasks to queue
[2024-10-22T09:31:00.853+0000] {logging_mixin.py:190} INFO - [2024-10-22T09:31:00.852+0000] {dagbag.py:588} INFO - Filling up the DagBag from /home/airflow/.local/lib/python3.12/site-packages/airflow/example_dags/example_latest_only_with_trigger.py
[2024-10-22T09:31:00.876+0000] {processor.py:925} INFO - DAG(s) 'latest_only_with_trigger' retrieved from /home/airflow/.local/lib/python3.12/site-packages/airflow/example_dags/example_latest_only_with_trigger.py
[2024-10-22T09:31:00.921+0000] {logging_mixin.py:190} INFO - [2024-10-22T09:31:00.920+0000] {dag.py:3239} INFO - Sync 1 DAGs
[2024-10-22T09:31:00.976+0000] {logging_mixin.py:190} INFO - [2024-10-22T09:31:00.975+0000] {dag.py:4180} INFO - Setting next_dagrun for latest_only_with_trigger to 2024-10-22 04:00:00+00:00, run_after=2024-10-22 08:00:00+00:00
[2024-10-22T09:31:01.026+0000] {processor.py:208} INFO - Processing /home/airflow/.local/lib/python3.12/site-packages/airflow/example_dags/example_latest_only_with_trigger.py took 0.207 seconds
[2024-10-22T09:31:41.046+0000] {processor.py:186} INFO - Started process (PID=997) to work on /home/airflow/.local/lib/python3.12/site-packages/airflow/example_dags/example_latest_only_with_trigger.py
[2024-10-22T09:31:41.049+0000] {processor.py:914} INFO - Processing file /home/airflow/.local/lib/python3.12/site-packages/airflow/example_dags/example_latest_only_with_trigger.py for tasks to queue
[2024-10-22T09:31:41.078+0000] {logging_mixin.py:190} INFO - [2024-10-22T09:31:41.066+0000] {dagbag.py:588} INFO - Filling up the DagBag from /home/airflow/.local/lib/python3.12/site-packages/airflow/example_dags/example_latest_only_with_trigger.py
[2024-10-22T09:31:41.143+0000] {processor.py:925} INFO - DAG(s) 'latest_only_with_trigger' retrieved from /home/airflow/.local/lib/python3.12/site-packages/airflow/example_dags/example_latest_only_with_trigger.py
[2024-10-22T09:31:41.306+0000] {logging_mixin.py:190} INFO - [2024-10-22T09:31:41.305+0000] {dag.py:3239} INFO - Sync 1 DAGs
[2024-10-22T09:31:41.512+0000] {logging_mixin.py:190} INFO - [2024-10-22T09:31:41.512+0000] {dag.py:4180} INFO - Setting next_dagrun for latest_only_with_trigger to 2024-10-22 04:00:00+00:00, run_after=2024-10-22 08:00:00+00:00
[2024-10-22T09:31:41.651+0000] {processor.py:208} INFO - Processing /home/airflow/.local/lib/python3.12/site-packages/airflow/example_dags/example_latest_only_with_trigger.py took 0.665 seconds
[2024-10-22T09:32:19.602+0000] {processor.py:186} INFO - Started process (PID=1058) to work on /home/airflow/.local/lib/python3.12/site-packages/airflow/example_dags/example_latest_only_with_trigger.py
[2024-10-22T09:32:19.624+0000] {processor.py:914} INFO - Processing file /home/airflow/.local/lib/python3.12/site-packages/airflow/example_dags/example_latest_only_with_trigger.py for tasks to queue
[2024-10-22T09:32:19.642+0000] {logging_mixin.py:190} INFO - [2024-10-22T09:32:19.641+0000] {dagbag.py:588} INFO - Filling up the DagBag from /home/airflow/.local/lib/python3.12/site-packages/airflow/example_dags/example_latest_only_with_trigger.py
[2024-10-22T09:32:19.698+0000] {processor.py:925} INFO - DAG(s) 'latest_only_with_trigger' retrieved from /home/airflow/.local/lib/python3.12/site-packages/airflow/example_dags/example_latest_only_with_trigger.py
[2024-10-22T09:32:19.890+0000] {logging_mixin.py:190} INFO - [2024-10-22T09:32:19.879+0000] {dag.py:3239} INFO - Sync 1 DAGs
[2024-10-22T09:32:20.159+0000] {logging_mixin.py:190} INFO - [2024-10-22T09:32:20.158+0000] {dag.py:4180} INFO - Setting next_dagrun for latest_only_with_trigger to 2024-10-22 04:00:00+00:00, run_after=2024-10-22 08:00:00+00:00
[2024-10-22T09:32:20.461+0000] {processor.py:208} INFO - Processing /home/airflow/.local/lib/python3.12/site-packages/airflow/example_dags/example_latest_only_with_trigger.py took 0.897 seconds
[2024-10-22T09:33:04.182+0000] {processor.py:186} INFO - Started process (PID=1135) to work on /home/airflow/.local/lib/python3.12/site-packages/airflow/example_dags/example_latest_only_with_trigger.py
[2024-10-22T09:33:04.186+0000] {processor.py:914} INFO - Processing file /home/airflow/.local/lib/python3.12/site-packages/airflow/example_dags/example_latest_only_with_trigger.py for tasks to queue
[2024-10-22T09:33:04.194+0000] {logging_mixin.py:190} INFO - [2024-10-22T09:33:04.193+0000] {dagbag.py:588} INFO - Filling up the DagBag from /home/airflow/.local/lib/python3.12/site-packages/airflow/example_dags/example_latest_only_with_trigger.py
[2024-10-22T09:33:04.227+0000] {processor.py:925} INFO - DAG(s) 'latest_only_with_trigger' retrieved from /home/airflow/.local/lib/python3.12/site-packages/airflow/example_dags/example_latest_only_with_trigger.py
[2024-10-22T09:33:04.318+0000] {logging_mixin.py:190} INFO - [2024-10-22T09:33:04.317+0000] {dag.py:3239} INFO - Sync 1 DAGs
[2024-10-22T09:33:04.467+0000] {logging_mixin.py:190} INFO - [2024-10-22T09:33:04.457+0000] {dag.py:4180} INFO - Setting next_dagrun for latest_only_with_trigger to 2024-10-22 04:00:00+00:00, run_after=2024-10-22 08:00:00+00:00
[2024-10-22T09:33:04.581+0000] {processor.py:208} INFO - Processing /home/airflow/.local/lib/python3.12/site-packages/airflow/example_dags/example_latest_only_with_trigger.py took 0.434 seconds
[2024-10-22T09:33:35.352+0000] {processor.py:186} INFO - Started process (PID=1197) to work on /home/airflow/.local/lib/python3.12/site-packages/airflow/example_dags/example_latest_only_with_trigger.py
[2024-10-22T09:33:35.354+0000] {processor.py:914} INFO - Processing file /home/airflow/.local/lib/python3.12/site-packages/airflow/example_dags/example_latest_only_with_trigger.py for tasks to queue
[2024-10-22T09:33:35.360+0000] {logging_mixin.py:190} INFO - [2024-10-22T09:33:35.360+0000] {dagbag.py:588} INFO - Filling up the DagBag from /home/airflow/.local/lib/python3.12/site-packages/airflow/example_dags/example_latest_only_with_trigger.py
[2024-10-22T09:33:35.377+0000] {processor.py:925} INFO - DAG(s) 'latest_only_with_trigger' retrieved from /home/airflow/.local/lib/python3.12/site-packages/airflow/example_dags/example_latest_only_with_trigger.py
[2024-10-22T09:33:35.427+0000] {logging_mixin.py:190} INFO - [2024-10-22T09:33:35.426+0000] {dag.py:3239} INFO - Sync 1 DAGs
[2024-10-22T09:33:35.489+0000] {logging_mixin.py:190} INFO - [2024-10-22T09:33:35.488+0000] {dag.py:4180} INFO - Setting next_dagrun for latest_only_with_trigger to 2024-10-22 04:00:00+00:00, run_after=2024-10-22 08:00:00+00:00
[2024-10-22T09:33:35.538+0000] {processor.py:208} INFO - Processing /home/airflow/.local/lib/python3.12/site-packages/airflow/example_dags/example_latest_only_with_trigger.py took 0.199 seconds
[2024-10-22T09:34:06.030+0000] {processor.py:186} INFO - Started process (PID=1259) to work on /home/airflow/.local/lib/python3.12/site-packages/airflow/example_dags/example_latest_only_with_trigger.py
[2024-10-22T09:34:06.032+0000] {processor.py:914} INFO - Processing file /home/airflow/.local/lib/python3.12/site-packages/airflow/example_dags/example_latest_only_with_trigger.py for tasks to queue
[2024-10-22T09:34:06.038+0000] {logging_mixin.py:190} INFO - [2024-10-22T09:34:06.037+0000] {dagbag.py:588} INFO - Filling up the DagBag from /home/airflow/.local/lib/python3.12/site-packages/airflow/example_dags/example_latest_only_with_trigger.py
[2024-10-22T09:34:06.056+0000] {processor.py:925} INFO - DAG(s) 'latest_only_with_trigger' retrieved from /home/airflow/.local/lib/python3.12/site-packages/airflow/example_dags/example_latest_only_with_trigger.py
[2024-10-22T09:34:06.093+0000] {logging_mixin.py:190} INFO - [2024-10-22T09:34:06.093+0000] {dag.py:3239} INFO - Sync 1 DAGs
[2024-10-22T09:34:06.141+0000] {logging_mixin.py:190} INFO - [2024-10-22T09:34:06.140+0000] {dag.py:4180} INFO - Setting next_dagrun for latest_only_with_trigger to 2024-10-22 04:00:00+00:00, run_after=2024-10-22 08:00:00+00:00
[2024-10-22T09:34:06.185+0000] {processor.py:208} INFO - Processing /home/airflow/.local/lib/python3.12/site-packages/airflow/example_dags/example_latest_only_with_trigger.py took 0.168 seconds
[2024-10-22T09:34:37.099+0000] {processor.py:186} INFO - Started process (PID=1321) to work on /home/airflow/.local/lib/python3.12/site-packages/airflow/example_dags/example_latest_only_with_trigger.py
[2024-10-22T09:34:37.103+0000] {processor.py:914} INFO - Processing file /home/airflow/.local/lib/python3.12/site-packages/airflow/example_dags/example_latest_only_with_trigger.py for tasks to queue
[2024-10-22T09:34:37.110+0000] {logging_mixin.py:190} INFO - [2024-10-22T09:34:37.109+0000] {dagbag.py:588} INFO - Filling up the DagBag from /home/airflow/.local/lib/python3.12/site-packages/airflow/example_dags/example_latest_only_with_trigger.py
[2024-10-22T09:34:37.133+0000] {processor.py:925} INFO - DAG(s) 'latest_only_with_trigger' retrieved from /home/airflow/.local/lib/python3.12/site-packages/airflow/example_dags/example_latest_only_with_trigger.py
[2024-10-22T09:34:37.187+0000] {logging_mixin.py:190} INFO - [2024-10-22T09:34:37.187+0000] {dag.py:3239} INFO - Sync 1 DAGs
[2024-10-22T09:34:37.260+0000] {logging_mixin.py:190} INFO - [2024-10-22T09:34:37.259+0000] {dag.py:4180} INFO - Setting next_dagrun for latest_only_with_trigger to 2024-10-22 04:00:00+00:00, run_after=2024-10-22 08:00:00+00:00
[2024-10-22T09:34:37.311+0000] {processor.py:208} INFO - Processing /home/airflow/.local/lib/python3.12/site-packages/airflow/example_dags/example_latest_only_with_trigger.py took 0.240 seconds
[2024-10-22T09:35:08.609+0000] {processor.py:186} INFO - Started process (PID=1383) to work on /home/airflow/.local/lib/python3.12/site-packages/airflow/example_dags/example_latest_only_with_trigger.py
[2024-10-22T09:35:08.613+0000] {processor.py:914} INFO - Processing file /home/airflow/.local/lib/python3.12/site-packages/airflow/example_dags/example_latest_only_with_trigger.py for tasks to queue
[2024-10-22T09:35:08.627+0000] {logging_mixin.py:190} INFO - [2024-10-22T09:35:08.626+0000] {dagbag.py:588} INFO - Filling up the DagBag from /home/airflow/.local/lib/python3.12/site-packages/airflow/example_dags/example_latest_only_with_trigger.py
[2024-10-22T09:35:08.668+0000] {processor.py:925} INFO - DAG(s) 'latest_only_with_trigger' retrieved from /home/airflow/.local/lib/python3.12/site-packages/airflow/example_dags/example_latest_only_with_trigger.py
[2024-10-22T09:35:08.781+0000] {logging_mixin.py:190} INFO - [2024-10-22T09:35:08.781+0000] {dag.py:3239} INFO - Sync 1 DAGs
[2024-10-22T09:35:08.880+0000] {logging_mixin.py:190} INFO - [2024-10-22T09:35:08.879+0000] {dag.py:4180} INFO - Setting next_dagrun for latest_only_with_trigger to 2024-10-22 04:00:00+00:00, run_after=2024-10-22 08:00:00+00:00
[2024-10-22T09:35:08.926+0000] {processor.py:208} INFO - Processing /home/airflow/.local/lib/python3.12/site-packages/airflow/example_dags/example_latest_only_with_trigger.py took 0.359 seconds
[2024-10-22T09:35:39.534+0000] {processor.py:186} INFO - Started process (PID=1445) to work on /home/airflow/.local/lib/python3.12/site-packages/airflow/example_dags/example_latest_only_with_trigger.py
[2024-10-22T09:35:39.536+0000] {processor.py:914} INFO - Processing file /home/airflow/.local/lib/python3.12/site-packages/airflow/example_dags/example_latest_only_with_trigger.py for tasks to queue
[2024-10-22T09:35:39.540+0000] {logging_mixin.py:190} INFO - [2024-10-22T09:35:39.540+0000] {dagbag.py:588} INFO - Filling up the DagBag from /home/airflow/.local/lib/python3.12/site-packages/airflow/example_dags/example_latest_only_with_trigger.py
[2024-10-22T09:35:39.559+0000] {processor.py:925} INFO - DAG(s) 'latest_only_with_trigger' retrieved from /home/airflow/.local/lib/python3.12/site-packages/airflow/example_dags/example_latest_only_with_trigger.py
[2024-10-22T09:35:39.602+0000] {logging_mixin.py:190} INFO - [2024-10-22T09:35:39.601+0000] {dag.py:3239} INFO - Sync 1 DAGs
[2024-10-22T09:35:39.652+0000] {logging_mixin.py:190} INFO - [2024-10-22T09:35:39.651+0000] {dag.py:4180} INFO - Setting next_dagrun for latest_only_with_trigger to 2024-10-22 04:00:00+00:00, run_after=2024-10-22 08:00:00+00:00
[2024-10-22T09:35:39.688+0000] {processor.py:208} INFO - Processing /home/airflow/.local/lib/python3.12/site-packages/airflow/example_dags/example_latest_only_with_trigger.py took 0.169 seconds
[2024-10-22T09:36:10.141+0000] {processor.py:186} INFO - Started process (PID=1507) to work on /home/airflow/.local/lib/python3.12/site-packages/airflow/example_dags/example_latest_only_with_trigger.py
[2024-10-22T09:36:10.143+0000] {processor.py:914} INFO - Processing file /home/airflow/.local/lib/python3.12/site-packages/airflow/example_dags/example_latest_only_with_trigger.py for tasks to queue
[2024-10-22T09:36:10.151+0000] {logging_mixin.py:190} INFO - [2024-10-22T09:36:10.150+0000] {dagbag.py:588} INFO - Filling up the DagBag from /home/airflow/.local/lib/python3.12/site-packages/airflow/example_dags/example_latest_only_with_trigger.py
[2024-10-22T09:36:10.167+0000] {processor.py:925} INFO - DAG(s) 'latest_only_with_trigger' retrieved from /home/airflow/.local/lib/python3.12/site-packages/airflow/example_dags/example_latest_only_with_trigger.py
[2024-10-22T09:36:10.212+0000] {logging_mixin.py:190} INFO - [2024-10-22T09:36:10.212+0000] {dag.py:3239} INFO - Sync 1 DAGs
[2024-10-22T09:36:10.281+0000] {logging_mixin.py:190} INFO - [2024-10-22T09:36:10.281+0000] {dag.py:4180} INFO - Setting next_dagrun for latest_only_with_trigger to 2024-10-22 04:00:00+00:00, run_after=2024-10-22 08:00:00+00:00
[2024-10-22T09:36:10.330+0000] {processor.py:208} INFO - Processing /home/airflow/.local/lib/python3.12/site-packages/airflow/example_dags/example_latest_only_with_trigger.py took 0.205 seconds
[2024-10-22T09:36:40.643+0000] {processor.py:186} INFO - Started process (PID=1570) to work on /home/airflow/.local/lib/python3.12/site-packages/airflow/example_dags/example_latest_only_with_trigger.py
[2024-10-22T09:36:40.645+0000] {processor.py:914} INFO - Processing file /home/airflow/.local/lib/python3.12/site-packages/airflow/example_dags/example_latest_only_with_trigger.py for tasks to queue
[2024-10-22T09:36:40.649+0000] {logging_mixin.py:190} INFO - [2024-10-22T09:36:40.649+0000] {dagbag.py:588} INFO - Filling up the DagBag from /home/airflow/.local/lib/python3.12/site-packages/airflow/example_dags/example_latest_only_with_trigger.py
[2024-10-22T09:36:40.662+0000] {processor.py:925} INFO - DAG(s) 'latest_only_with_trigger' retrieved from /home/airflow/.local/lib/python3.12/site-packages/airflow/example_dags/example_latest_only_with_trigger.py
[2024-10-22T09:36:40.695+0000] {logging_mixin.py:190} INFO - [2024-10-22T09:36:40.695+0000] {dag.py:3239} INFO - Sync 1 DAGs
[2024-10-22T09:36:40.736+0000] {logging_mixin.py:190} INFO - [2024-10-22T09:36:40.736+0000] {dag.py:4180} INFO - Setting next_dagrun for latest_only_with_trigger to 2024-10-22 04:00:00+00:00, run_after=2024-10-22 08:00:00+00:00
[2024-10-22T09:36:40.774+0000] {processor.py:208} INFO - Processing /home/airflow/.local/lib/python3.12/site-packages/airflow/example_dags/example_latest_only_with_trigger.py took 0.141 seconds
[2024-10-22T09:37:11.248+0000] {processor.py:186} INFO - Started process (PID=1632) to work on /home/airflow/.local/lib/python3.12/site-packages/airflow/example_dags/example_latest_only_with_trigger.py
[2024-10-22T09:37:11.250+0000] {processor.py:914} INFO - Processing file /home/airflow/.local/lib/python3.12/site-packages/airflow/example_dags/example_latest_only_with_trigger.py for tasks to queue
[2024-10-22T09:37:11.255+0000] {logging_mixin.py:190} INFO - [2024-10-22T09:37:11.255+0000] {dagbag.py:588} INFO - Filling up the DagBag from /home/airflow/.local/lib/python3.12/site-packages/airflow/example_dags/example_latest_only_with_trigger.py
[2024-10-22T09:37:11.275+0000] {processor.py:925} INFO - DAG(s) 'latest_only_with_trigger' retrieved from /home/airflow/.local/lib/python3.12/site-packages/airflow/example_dags/example_latest_only_with_trigger.py
[2024-10-22T09:37:11.316+0000] {logging_mixin.py:190} INFO - [2024-10-22T09:37:11.315+0000] {dag.py:3239} INFO - Sync 1 DAGs
[2024-10-22T09:37:11.368+0000] {logging_mixin.py:190} INFO - [2024-10-22T09:37:11.368+0000] {dag.py:4180} INFO - Setting next_dagrun for latest_only_with_trigger to 2024-10-22 04:00:00+00:00, run_after=2024-10-22 08:00:00+00:00
[2024-10-22T09:37:11.402+0000] {processor.py:208} INFO - Processing /home/airflow/.local/lib/python3.12/site-packages/airflow/example_dags/example_latest_only_with_trigger.py took 0.167 seconds
[2024-10-22T09:37:41.506+0000] {processor.py:186} INFO - Started process (PID=1694) to work on /home/airflow/.local/lib/python3.12/site-packages/airflow/example_dags/example_latest_only_with_trigger.py
[2024-10-22T09:37:41.508+0000] {processor.py:914} INFO - Processing file /home/airflow/.local/lib/python3.12/site-packages/airflow/example_dags/example_latest_only_with_trigger.py for tasks to queue
[2024-10-22T09:37:41.513+0000] {logging_mixin.py:190} INFO - [2024-10-22T09:37:41.512+0000] {dagbag.py:588} INFO - Filling up the DagBag from /home/airflow/.local/lib/python3.12/site-packages/airflow/example_dags/example_latest_only_with_trigger.py
[2024-10-22T09:37:41.527+0000] {processor.py:925} INFO - DAG(s) 'latest_only_with_trigger' retrieved from /home/airflow/.local/lib/python3.12/site-packages/airflow/example_dags/example_latest_only_with_trigger.py
[2024-10-22T09:37:41.586+0000] {logging_mixin.py:190} INFO - [2024-10-22T09:37:41.585+0000] {dag.py:3239} INFO - Sync 1 DAGs
[2024-10-22T09:37:41.645+0000] {logging_mixin.py:190} INFO - [2024-10-22T09:37:41.645+0000] {dag.py:4180} INFO - Setting next_dagrun for latest_only_with_trigger to 2024-10-22 04:00:00+00:00, run_after=2024-10-22 08:00:00+00:00
[2024-10-22T09:37:41.680+0000] {processor.py:208} INFO - Processing /home/airflow/.local/lib/python3.12/site-packages/airflow/example_dags/example_latest_only_with_trigger.py took 0.185 seconds
[2024-10-22T09:38:11.978+0000] {processor.py:186} INFO - Started process (PID=1756) to work on /home/airflow/.local/lib/python3.12/site-packages/airflow/example_dags/example_latest_only_with_trigger.py
[2024-10-22T09:38:11.980+0000] {processor.py:914} INFO - Processing file /home/airflow/.local/lib/python3.12/site-packages/airflow/example_dags/example_latest_only_with_trigger.py for tasks to queue
[2024-10-22T09:38:11.984+0000] {logging_mixin.py:190} INFO - [2024-10-22T09:38:11.983+0000] {dagbag.py:588} INFO - Filling up the DagBag from /home/airflow/.local/lib/python3.12/site-packages/airflow/example_dags/example_latest_only_with_trigger.py
[2024-10-22T09:38:11.997+0000] {processor.py:925} INFO - DAG(s) 'latest_only_with_trigger' retrieved from /home/airflow/.local/lib/python3.12/site-packages/airflow/example_dags/example_latest_only_with_trigger.py
[2024-10-22T09:38:12.041+0000] {logging_mixin.py:190} INFO - [2024-10-22T09:38:12.041+0000] {dag.py:3239} INFO - Sync 1 DAGs
[2024-10-22T09:38:12.094+0000] {logging_mixin.py:190} INFO - [2024-10-22T09:38:12.094+0000] {dag.py:4180} INFO - Setting next_dagrun for latest_only_with_trigger to 2024-10-22 04:00:00+00:00, run_after=2024-10-22 08:00:00+00:00
[2024-10-22T09:38:12.135+0000] {processor.py:208} INFO - Processing /home/airflow/.local/lib/python3.12/site-packages/airflow/example_dags/example_latest_only_with_trigger.py took 0.168 seconds
[2024-10-22T09:38:42.779+0000] {processor.py:186} INFO - Started process (PID=1818) to work on /home/airflow/.local/lib/python3.12/site-packages/airflow/example_dags/example_latest_only_with_trigger.py
[2024-10-22T09:38:42.781+0000] {processor.py:914} INFO - Processing file /home/airflow/.local/lib/python3.12/site-packages/airflow/example_dags/example_latest_only_with_trigger.py for tasks to queue
[2024-10-22T09:38:42.787+0000] {logging_mixin.py:190} INFO - [2024-10-22T09:38:42.786+0000] {dagbag.py:588} INFO - Filling up the DagBag from /home/airflow/.local/lib/python3.12/site-packages/airflow/example_dags/example_latest_only_with_trigger.py
[2024-10-22T09:38:42.806+0000] {processor.py:925} INFO - DAG(s) 'latest_only_with_trigger' retrieved from /home/airflow/.local/lib/python3.12/site-packages/airflow/example_dags/example_latest_only_with_trigger.py
[2024-10-22T09:38:42.843+0000] {logging_mixin.py:190} INFO - [2024-10-22T09:38:42.843+0000] {dag.py:3239} INFO - Sync 1 DAGs
[2024-10-22T09:38:42.892+0000] {logging_mixin.py:190} INFO - [2024-10-22T09:38:42.891+0000] {dag.py:4180} INFO - Setting next_dagrun for latest_only_with_trigger to 2024-10-22 04:00:00+00:00, run_after=2024-10-22 08:00:00+00:00
[2024-10-22T09:38:42.958+0000] {processor.py:208} INFO - Processing /home/airflow/.local/lib/python3.12/site-packages/airflow/example_dags/example_latest_only_with_trigger.py took 0.190 seconds
[2024-10-22T09:39:14.054+0000] {processor.py:186} INFO - Started process (PID=1881) to work on /home/airflow/.local/lib/python3.12/site-packages/airflow/example_dags/example_latest_only_with_trigger.py
[2024-10-22T09:39:14.057+0000] {processor.py:914} INFO - Processing file /home/airflow/.local/lib/python3.12/site-packages/airflow/example_dags/example_latest_only_with_trigger.py for tasks to queue
[2024-10-22T09:39:14.067+0000] {logging_mixin.py:190} INFO - [2024-10-22T09:39:14.066+0000] {dagbag.py:588} INFO - Filling up the DagBag from /home/airflow/.local/lib/python3.12/site-packages/airflow/example_dags/example_latest_only_with_trigger.py
[2024-10-22T09:39:14.093+0000] {processor.py:925} INFO - DAG(s) 'latest_only_with_trigger' retrieved from /home/airflow/.local/lib/python3.12/site-packages/airflow/example_dags/example_latest_only_with_trigger.py
[2024-10-22T09:39:14.192+0000] {logging_mixin.py:190} INFO - [2024-10-22T09:39:14.191+0000] {dag.py:3239} INFO - Sync 1 DAGs
[2024-10-22T09:39:14.321+0000] {logging_mixin.py:190} INFO - [2024-10-22T09:39:14.320+0000] {dag.py:4180} INFO - Setting next_dagrun for latest_only_with_trigger to 2024-10-22 04:00:00+00:00, run_after=2024-10-22 08:00:00+00:00
[2024-10-22T09:39:14.424+0000] {processor.py:208} INFO - Processing /home/airflow/.local/lib/python3.12/site-packages/airflow/example_dags/example_latest_only_with_trigger.py took 0.398 seconds
[2024-10-22T09:39:45.410+0000] {processor.py:186} INFO - Started process (PID=1942) to work on /home/airflow/.local/lib/python3.12/site-packages/airflow/example_dags/example_latest_only_with_trigger.py
[2024-10-22T09:39:45.412+0000] {processor.py:914} INFO - Processing file /home/airflow/.local/lib/python3.12/site-packages/airflow/example_dags/example_latest_only_with_trigger.py for tasks to queue
[2024-10-22T09:39:45.417+0000] {logging_mixin.py:190} INFO - [2024-10-22T09:39:45.416+0000] {dagbag.py:588} INFO - Filling up the DagBag from /home/airflow/.local/lib/python3.12/site-packages/airflow/example_dags/example_latest_only_with_trigger.py
[2024-10-22T09:39:45.431+0000] {processor.py:925} INFO - DAG(s) 'latest_only_with_trigger' retrieved from /home/airflow/.local/lib/python3.12/site-packages/airflow/example_dags/example_latest_only_with_trigger.py
[2024-10-22T09:39:45.475+0000] {logging_mixin.py:190} INFO - [2024-10-22T09:39:45.475+0000] {dag.py:3239} INFO - Sync 1 DAGs
[2024-10-22T09:39:45.530+0000] {logging_mixin.py:190} INFO - [2024-10-22T09:39:45.529+0000] {dag.py:4180} INFO - Setting next_dagrun for latest_only_with_trigger to 2024-10-22 04:00:00+00:00, run_after=2024-10-22 08:00:00+00:00
[2024-10-22T09:39:45.569+0000] {processor.py:208} INFO - Processing /home/airflow/.local/lib/python3.12/site-packages/airflow/example_dags/example_latest_only_with_trigger.py took 0.172 seconds
[2024-10-22T09:40:15.712+0000] {processor.py:186} INFO - Started process (PID=2004) to work on /home/airflow/.local/lib/python3.12/site-packages/airflow/example_dags/example_latest_only_with_trigger.py
[2024-10-22T09:40:15.714+0000] {processor.py:914} INFO - Processing file /home/airflow/.local/lib/python3.12/site-packages/airflow/example_dags/example_latest_only_with_trigger.py for tasks to queue
[2024-10-22T09:40:15.722+0000] {logging_mixin.py:190} INFO - [2024-10-22T09:40:15.720+0000] {dagbag.py:588} INFO - Filling up the DagBag from /home/airflow/.local/lib/python3.12/site-packages/airflow/example_dags/example_latest_only_with_trigger.py
[2024-10-22T09:40:15.742+0000] {processor.py:925} INFO - DAG(s) 'latest_only_with_trigger' retrieved from /home/airflow/.local/lib/python3.12/site-packages/airflow/example_dags/example_latest_only_with_trigger.py
[2024-10-22T09:40:15.798+0000] {logging_mixin.py:190} INFO - [2024-10-22T09:40:15.798+0000] {dag.py:3239} INFO - Sync 1 DAGs
[2024-10-22T09:40:15.867+0000] {logging_mixin.py:190} INFO - [2024-10-22T09:40:15.866+0000] {dag.py:4180} INFO - Setting next_dagrun for latest_only_with_trigger to 2024-10-22 04:00:00+00:00, run_after=2024-10-22 08:00:00+00:00
[2024-10-22T09:40:15.912+0000] {processor.py:208} INFO - Processing /home/airflow/.local/lib/python3.12/site-packages/airflow/example_dags/example_latest_only_with_trigger.py took 0.218 seconds
[2024-10-22T09:40:46.870+0000] {processor.py:186} INFO - Started process (PID=2066) to work on /home/airflow/.local/lib/python3.12/site-packages/airflow/example_dags/example_latest_only_with_trigger.py
[2024-10-22T09:40:46.872+0000] {processor.py:914} INFO - Processing file /home/airflow/.local/lib/python3.12/site-packages/airflow/example_dags/example_latest_only_with_trigger.py for tasks to queue
[2024-10-22T09:40:46.878+0000] {logging_mixin.py:190} INFO - [2024-10-22T09:40:46.877+0000] {dagbag.py:588} INFO - Filling up the DagBag from /home/airflow/.local/lib/python3.12/site-packages/airflow/example_dags/example_latest_only_with_trigger.py
[2024-10-22T09:40:46.893+0000] {processor.py:925} INFO - DAG(s) 'latest_only_with_trigger' retrieved from /home/airflow/.local/lib/python3.12/site-packages/airflow/example_dags/example_latest_only_with_trigger.py
[2024-10-22T09:40:46.939+0000] {logging_mixin.py:190} INFO - [2024-10-22T09:40:46.938+0000] {dag.py:3239} INFO - Sync 1 DAGs
[2024-10-22T09:40:46.984+0000] {logging_mixin.py:190} INFO - [2024-10-22T09:40:46.984+0000] {dag.py:4180} INFO - Setting next_dagrun for latest_only_with_trigger to 2024-10-22 04:00:00+00:00, run_after=2024-10-22 08:00:00+00:00
[2024-10-22T09:40:47.017+0000] {processor.py:208} INFO - Processing /home/airflow/.local/lib/python3.12/site-packages/airflow/example_dags/example_latest_only_with_trigger.py took 0.158 seconds
[2024-10-22T09:41:17.898+0000] {processor.py:186} INFO - Started process (PID=2128) to work on /home/airflow/.local/lib/python3.12/site-packages/airflow/example_dags/example_latest_only_with_trigger.py
[2024-10-22T09:41:17.900+0000] {processor.py:914} INFO - Processing file /home/airflow/.local/lib/python3.12/site-packages/airflow/example_dags/example_latest_only_with_trigger.py for tasks to queue
[2024-10-22T09:41:17.907+0000] {logging_mixin.py:190} INFO - [2024-10-22T09:41:17.906+0000] {dagbag.py:588} INFO - Filling up the DagBag from /home/airflow/.local/lib/python3.12/site-packages/airflow/example_dags/example_latest_only_with_trigger.py
[2024-10-22T09:41:17.930+0000] {processor.py:925} INFO - DAG(s) 'latest_only_with_trigger' retrieved from /home/airflow/.local/lib/python3.12/site-packages/airflow/example_dags/example_latest_only_with_trigger.py
[2024-10-22T09:41:17.978+0000] {logging_mixin.py:190} INFO - [2024-10-22T09:41:17.977+0000] {dag.py:3239} INFO - Sync 1 DAGs
[2024-10-22T09:41:18.042+0000] {logging_mixin.py:190} INFO - [2024-10-22T09:41:18.042+0000] {dag.py:4180} INFO - Setting next_dagrun for latest_only_with_trigger to 2024-10-22 04:00:00+00:00, run_after=2024-10-22 08:00:00+00:00
[2024-10-22T09:41:18.082+0000] {processor.py:208} INFO - Processing /home/airflow/.local/lib/python3.12/site-packages/airflow/example_dags/example_latest_only_with_trigger.py took 0.201 seconds
[2024-10-22T09:41:49.004+0000] {processor.py:186} INFO - Started process (PID=2190) to work on /home/airflow/.local/lib/python3.12/site-packages/airflow/example_dags/example_latest_only_with_trigger.py
[2024-10-22T09:41:49.007+0000] {processor.py:914} INFO - Processing file /home/airflow/.local/lib/python3.12/site-packages/airflow/example_dags/example_latest_only_with_trigger.py for tasks to queue
[2024-10-22T09:41:49.016+0000] {logging_mixin.py:190} INFO - [2024-10-22T09:41:49.015+0000] {dagbag.py:588} INFO - Filling up the DagBag from /home/airflow/.local/lib/python3.12/site-packages/airflow/example_dags/example_latest_only_with_trigger.py
[2024-10-22T09:41:49.042+0000] {processor.py:925} INFO - DAG(s) 'latest_only_with_trigger' retrieved from /home/airflow/.local/lib/python3.12/site-packages/airflow/example_dags/example_latest_only_with_trigger.py
[2024-10-22T09:41:49.096+0000] {logging_mixin.py:190} INFO - [2024-10-22T09:41:49.095+0000] {dag.py:3239} INFO - Sync 1 DAGs
[2024-10-22T09:41:49.165+0000] {logging_mixin.py:190} INFO - [2024-10-22T09:41:49.164+0000] {dag.py:4180} INFO - Setting next_dagrun for latest_only_with_trigger to 2024-10-22 04:00:00+00:00, run_after=2024-10-22 08:00:00+00:00
[2024-10-22T09:41:49.197+0000] {processor.py:208} INFO - Processing /home/airflow/.local/lib/python3.12/site-packages/airflow/example_dags/example_latest_only_with_trigger.py took 0.219 seconds
[2024-10-22T09:42:20.787+0000] {processor.py:186} INFO - Started process (PID=2252) to work on /home/airflow/.local/lib/python3.12/site-packages/airflow/example_dags/example_latest_only_with_trigger.py
[2024-10-22T09:42:20.789+0000] {processor.py:914} INFO - Processing file /home/airflow/.local/lib/python3.12/site-packages/airflow/example_dags/example_latest_only_with_trigger.py for tasks to queue
[2024-10-22T09:42:20.795+0000] {logging_mixin.py:190} INFO - [2024-10-22T09:42:20.794+0000] {dagbag.py:588} INFO - Filling up the DagBag from /home/airflow/.local/lib/python3.12/site-packages/airflow/example_dags/example_latest_only_with_trigger.py
[2024-10-22T09:42:20.808+0000] {processor.py:925} INFO - DAG(s) 'latest_only_with_trigger' retrieved from /home/airflow/.local/lib/python3.12/site-packages/airflow/example_dags/example_latest_only_with_trigger.py
[2024-10-22T09:42:20.842+0000] {logging_mixin.py:190} INFO - [2024-10-22T09:42:20.842+0000] {dag.py:3239} INFO - Sync 1 DAGs
[2024-10-22T09:42:20.881+0000] {logging_mixin.py:190} INFO - [2024-10-22T09:42:20.881+0000] {dag.py:4180} INFO - Setting next_dagrun for latest_only_with_trigger to 2024-10-22 04:00:00+00:00, run_after=2024-10-22 08:00:00+00:00
[2024-10-22T09:42:22.047+0000] {processor.py:208} INFO - Processing /home/airflow/.local/lib/python3.12/site-packages/airflow/example_dags/example_latest_only_with_trigger.py took 1.273 seconds
[2024-10-22T09:42:52.900+0000] {processor.py:186} INFO - Started process (PID=2314) to work on /home/airflow/.local/lib/python3.12/site-packages/airflow/example_dags/example_latest_only_with_trigger.py
[2024-10-22T09:42:52.903+0000] {processor.py:914} INFO - Processing file /home/airflow/.local/lib/python3.12/site-packages/airflow/example_dags/example_latest_only_with_trigger.py for tasks to queue
[2024-10-22T09:42:52.910+0000] {logging_mixin.py:190} INFO - [2024-10-22T09:42:52.909+0000] {dagbag.py:588} INFO - Filling up the DagBag from /home/airflow/.local/lib/python3.12/site-packages/airflow/example_dags/example_latest_only_with_trigger.py
[2024-10-22T09:42:52.927+0000] {processor.py:925} INFO - DAG(s) 'latest_only_with_trigger' retrieved from /home/airflow/.local/lib/python3.12/site-packages/airflow/example_dags/example_latest_only_with_trigger.py
[2024-10-22T09:42:52.995+0000] {logging_mixin.py:190} INFO - [2024-10-22T09:42:52.994+0000] {dag.py:3239} INFO - Sync 1 DAGs
[2024-10-22T09:42:53.066+0000] {logging_mixin.py:190} INFO - [2024-10-22T09:42:53.066+0000] {dag.py:4180} INFO - Setting next_dagrun for latest_only_with_trigger to 2024-10-22 04:00:00+00:00, run_after=2024-10-22 08:00:00+00:00
[2024-10-22T09:42:53.119+0000] {processor.py:208} INFO - Processing /home/airflow/.local/lib/python3.12/site-packages/airflow/example_dags/example_latest_only_with_trigger.py took 0.232 seconds
[2024-10-22T09:43:23.352+0000] {processor.py:186} INFO - Started process (PID=2376) to work on /home/airflow/.local/lib/python3.12/site-packages/airflow/example_dags/example_latest_only_with_trigger.py
[2024-10-22T09:43:23.354+0000] {processor.py:914} INFO - Processing file /home/airflow/.local/lib/python3.12/site-packages/airflow/example_dags/example_latest_only_with_trigger.py for tasks to queue
[2024-10-22T09:43:23.361+0000] {logging_mixin.py:190} INFO - [2024-10-22T09:43:23.361+0000] {dagbag.py:588} INFO - Filling up the DagBag from /home/airflow/.local/lib/python3.12/site-packages/airflow/example_dags/example_latest_only_with_trigger.py
[2024-10-22T09:43:23.377+0000] {processor.py:925} INFO - DAG(s) 'latest_only_with_trigger' retrieved from /home/airflow/.local/lib/python3.12/site-packages/airflow/example_dags/example_latest_only_with_trigger.py
[2024-10-22T09:43:23.435+0000] {logging_mixin.py:190} INFO - [2024-10-22T09:43:23.434+0000] {dag.py:3239} INFO - Sync 1 DAGs
[2024-10-22T09:43:23.506+0000] {logging_mixin.py:190} INFO - [2024-10-22T09:43:23.506+0000] {dag.py:4180} INFO - Setting next_dagrun for latest_only_with_trigger to 2024-10-22 04:00:00+00:00, run_after=2024-10-22 08:00:00+00:00
[2024-10-22T09:43:23.561+0000] {processor.py:208} INFO - Processing /home/airflow/.local/lib/python3.12/site-packages/airflow/example_dags/example_latest_only_with_trigger.py took 0.230 seconds
[2024-10-22T09:43:53.954+0000] {processor.py:186} INFO - Started process (PID=2438) to work on /home/airflow/.local/lib/python3.12/site-packages/airflow/example_dags/example_latest_only_with_trigger.py
[2024-10-22T09:43:53.956+0000] {processor.py:914} INFO - Processing file /home/airflow/.local/lib/python3.12/site-packages/airflow/example_dags/example_latest_only_with_trigger.py for tasks to queue
[2024-10-22T09:43:53.963+0000] {logging_mixin.py:190} INFO - [2024-10-22T09:43:53.962+0000] {dagbag.py:588} INFO - Filling up the DagBag from /home/airflow/.local/lib/python3.12/site-packages/airflow/example_dags/example_latest_only_with_trigger.py
[2024-10-22T09:43:53.984+0000] {processor.py:925} INFO - DAG(s) 'latest_only_with_trigger' retrieved from /home/airflow/.local/lib/python3.12/site-packages/airflow/example_dags/example_latest_only_with_trigger.py
[2024-10-22T09:43:54.026+0000] {logging_mixin.py:190} INFO - [2024-10-22T09:43:54.025+0000] {dag.py:3239} INFO - Sync 1 DAGs
[2024-10-22T09:43:54.091+0000] {logging_mixin.py:190} INFO - [2024-10-22T09:43:54.081+0000] {dag.py:4180} INFO - Setting next_dagrun for latest_only_with_trigger to 2024-10-22 04:00:00+00:00, run_after=2024-10-22 08:00:00+00:00
[2024-10-22T09:43:54.242+0000] {processor.py:208} INFO - Processing /home/airflow/.local/lib/python3.12/site-packages/airflow/example_dags/example_latest_only_with_trigger.py took 0.304 seconds
