[2024-10-22T09:23:26.168+0000] {processor.py:186} INFO - Started process (PID=87) to work on /home/airflow/.local/lib/python3.12/site-packages/airflow/example_dags/example_sla_dag.py
[2024-10-22T09:23:26.177+0000] {processor.py:914} INFO - Processing file /home/airflow/.local/lib/python3.12/site-packages/airflow/example_dags/example_sla_dag.py for tasks to queue
[2024-10-22T09:23:26.184+0000] {logging_mixin.py:190} INFO - [2024-10-22T09:23:26.183+0000] {dagbag.py:588} INFO - Filling up the DagBag from /home/airflow/.local/lib/python3.12/site-packages/airflow/example_dags/example_sla_dag.py
[2024-10-22T09:23:26.314+0000] {processor.py:925} INFO - DAG(s) 'example_sla_dag' retrieved from /home/airflow/.local/lib/python3.12/site-packages/airflow/example_dags/example_sla_dag.py
[2024-10-22T09:23:26.532+0000] {logging_mixin.py:190} INFO - [2024-10-22T09:23:26.531+0000] {dag.py:3239} INFO - Sync 1 DAGs
[2024-10-22T09:23:26.805+0000] {logging_mixin.py:190} INFO - [2024-10-22T09:23:26.805+0000] {dag.py:4180} INFO - Setting next_dagrun for example_sla_dag to 2024-10-22 09:20:00+00:00, run_after=2024-10-22 09:22:00+00:00
[2024-10-22T09:23:26.927+0000] {processor.py:208} INFO - Processing /home/airflow/.local/lib/python3.12/site-packages/airflow/example_dags/example_sla_dag.py took 0.805 seconds
[2024-10-22T09:24:16.675+0000] {processor.py:186} INFO - Started process (PID=166) to work on /home/airflow/.local/lib/python3.12/site-packages/airflow/example_dags/example_sla_dag.py
[2024-10-22T09:24:16.681+0000] {processor.py:914} INFO - Processing file /home/airflow/.local/lib/python3.12/site-packages/airflow/example_dags/example_sla_dag.py for tasks to queue
[2024-10-22T09:24:16.691+0000] {logging_mixin.py:190} INFO - [2024-10-22T09:24:16.690+0000] {dagbag.py:588} INFO - Filling up the DagBag from /home/airflow/.local/lib/python3.12/site-packages/airflow/example_dags/example_sla_dag.py
[2024-10-22T09:24:16.719+0000] {processor.py:925} INFO - DAG(s) 'example_sla_dag' retrieved from /home/airflow/.local/lib/python3.12/site-packages/airflow/example_dags/example_sla_dag.py
[2024-10-22T09:24:16.776+0000] {logging_mixin.py:190} INFO - [2024-10-22T09:24:16.775+0000] {dag.py:3239} INFO - Sync 1 DAGs
[2024-10-22T09:24:16.841+0000] {logging_mixin.py:190} INFO - [2024-10-22T09:24:16.840+0000] {dag.py:4180} INFO - Setting next_dagrun for example_sla_dag to 2024-10-22 09:22:00+00:00, run_after=2024-10-22 09:24:00+00:00
[2024-10-22T09:24:19.121+0000] {processor.py:208} INFO - Processing /home/airflow/.local/lib/python3.12/site-packages/airflow/example_dags/example_sla_dag.py took 2.463 seconds
[2024-10-22T09:24:53.372+0000] {processor.py:186} INFO - Started process (PID=228) to work on /home/airflow/.local/lib/python3.12/site-packages/airflow/example_dags/example_sla_dag.py
[2024-10-22T09:24:53.374+0000] {processor.py:914} INFO - Processing file /home/airflow/.local/lib/python3.12/site-packages/airflow/example_dags/example_sla_dag.py for tasks to queue
[2024-10-22T09:24:53.387+0000] {logging_mixin.py:190} INFO - [2024-10-22T09:24:53.386+0000] {dagbag.py:588} INFO - Filling up the DagBag from /home/airflow/.local/lib/python3.12/site-packages/airflow/example_dags/example_sla_dag.py
[2024-10-22T09:24:53.440+0000] {processor.py:925} INFO - DAG(s) 'example_sla_dag' retrieved from /home/airflow/.local/lib/python3.12/site-packages/airflow/example_dags/example_sla_dag.py
[2024-10-22T09:24:53.526+0000] {logging_mixin.py:190} INFO - [2024-10-22T09:24:53.525+0000] {dag.py:3239} INFO - Sync 1 DAGs
[2024-10-22T09:24:53.654+0000] {logging_mixin.py:190} INFO - [2024-10-22T09:24:53.654+0000] {dag.py:4180} INFO - Setting next_dagrun for example_sla_dag to 2024-10-22 09:22:00+00:00, run_after=2024-10-22 09:24:00+00:00
[2024-10-22T09:24:53.770+0000] {processor.py:208} INFO - Processing /home/airflow/.local/lib/python3.12/site-packages/airflow/example_dags/example_sla_dag.py took 0.421 seconds
[2024-10-22T09:25:29.234+0000] {processor.py:186} INFO - Started process (PID=290) to work on /home/airflow/.local/lib/python3.12/site-packages/airflow/example_dags/example_sla_dag.py
[2024-10-22T09:25:29.251+0000] {processor.py:914} INFO - Processing file /home/airflow/.local/lib/python3.12/site-packages/airflow/example_dags/example_sla_dag.py for tasks to queue
[2024-10-22T09:25:29.270+0000] {logging_mixin.py:190} INFO - [2024-10-22T09:25:29.269+0000] {dagbag.py:588} INFO - Filling up the DagBag from /home/airflow/.local/lib/python3.12/site-packages/airflow/example_dags/example_sla_dag.py
[2024-10-22T09:25:29.398+0000] {processor.py:925} INFO - DAG(s) 'example_sla_dag' retrieved from /home/airflow/.local/lib/python3.12/site-packages/airflow/example_dags/example_sla_dag.py
[2024-10-22T09:25:29.611+0000] {logging_mixin.py:190} INFO - [2024-10-22T09:25:29.600+0000] {dag.py:3239} INFO - Sync 1 DAGs
[2024-10-22T09:25:29.935+0000] {logging_mixin.py:190} INFO - [2024-10-22T09:25:29.934+0000] {dag.py:4180} INFO - Setting next_dagrun for example_sla_dag to 2024-10-22 09:22:00+00:00, run_after=2024-10-22 09:24:00+00:00
[2024-10-22T09:25:30.059+0000] {processor.py:208} INFO - Processing /home/airflow/.local/lib/python3.12/site-packages/airflow/example_dags/example_sla_dag.py took 0.877 seconds
[2024-10-22T09:26:00.499+0000] {processor.py:186} INFO - Started process (PID=352) to work on /home/airflow/.local/lib/python3.12/site-packages/airflow/example_dags/example_sla_dag.py
[2024-10-22T09:26:00.513+0000] {processor.py:914} INFO - Processing file /home/airflow/.local/lib/python3.12/site-packages/airflow/example_dags/example_sla_dag.py for tasks to queue
[2024-10-22T09:26:00.537+0000] {logging_mixin.py:190} INFO - [2024-10-22T09:26:00.536+0000] {dagbag.py:588} INFO - Filling up the DagBag from /home/airflow/.local/lib/python3.12/site-packages/airflow/example_dags/example_sla_dag.py
[2024-10-22T09:26:00.602+0000] {processor.py:925} INFO - DAG(s) 'example_sla_dag' retrieved from /home/airflow/.local/lib/python3.12/site-packages/airflow/example_dags/example_sla_dag.py
[2024-10-22T09:26:00.723+0000] {logging_mixin.py:190} INFO - [2024-10-22T09:26:00.710+0000] {dag.py:3239} INFO - Sync 1 DAGs
[2024-10-22T09:26:00.893+0000] {logging_mixin.py:190} INFO - [2024-10-22T09:26:00.893+0000] {dag.py:4180} INFO - Setting next_dagrun for example_sla_dag to 2024-10-22 09:24:00+00:00, run_after=2024-10-22 09:26:00+00:00
[2024-10-22T09:26:01.034+0000] {processor.py:208} INFO - Processing /home/airflow/.local/lib/python3.12/site-packages/airflow/example_dags/example_sla_dag.py took 0.577 seconds
[2024-10-22T09:26:31.771+0000] {processor.py:186} INFO - Started process (PID=415) to work on /home/airflow/.local/lib/python3.12/site-packages/airflow/example_dags/example_sla_dag.py
[2024-10-22T09:26:31.774+0000] {processor.py:914} INFO - Processing file /home/airflow/.local/lib/python3.12/site-packages/airflow/example_dags/example_sla_dag.py for tasks to queue
[2024-10-22T09:26:31.784+0000] {logging_mixin.py:190} INFO - [2024-10-22T09:26:31.783+0000] {dagbag.py:588} INFO - Filling up the DagBag from /home/airflow/.local/lib/python3.12/site-packages/airflow/example_dags/example_sla_dag.py
[2024-10-22T09:26:31.824+0000] {processor.py:925} INFO - DAG(s) 'example_sla_dag' retrieved from /home/airflow/.local/lib/python3.12/site-packages/airflow/example_dags/example_sla_dag.py
[2024-10-22T09:26:31.905+0000] {logging_mixin.py:190} INFO - [2024-10-22T09:26:31.904+0000] {dag.py:3239} INFO - Sync 1 DAGs
[2024-10-22T09:26:32.024+0000] {logging_mixin.py:190} INFO - [2024-10-22T09:26:32.023+0000] {dag.py:4180} INFO - Setting next_dagrun for example_sla_dag to 2024-10-22 09:24:00+00:00, run_after=2024-10-22 09:26:00+00:00
[2024-10-22T09:26:32.105+0000] {processor.py:208} INFO - Processing /home/airflow/.local/lib/python3.12/site-packages/airflow/example_dags/example_sla_dag.py took 0.353 seconds
[2024-10-22T09:27:09.726+0000] {processor.py:186} INFO - Started process (PID=477) to work on /home/airflow/.local/lib/python3.12/site-packages/airflow/example_dags/example_sla_dag.py
[2024-10-22T09:27:09.730+0000] {processor.py:914} INFO - Processing file /home/airflow/.local/lib/python3.12/site-packages/airflow/example_dags/example_sla_dag.py for tasks to queue
[2024-10-22T09:27:09.736+0000] {logging_mixin.py:190} INFO - [2024-10-22T09:27:09.735+0000] {dagbag.py:588} INFO - Filling up the DagBag from /home/airflow/.local/lib/python3.12/site-packages/airflow/example_dags/example_sla_dag.py
[2024-10-22T09:27:09.767+0000] {processor.py:925} INFO - DAG(s) 'example_sla_dag' retrieved from /home/airflow/.local/lib/python3.12/site-packages/airflow/example_dags/example_sla_dag.py
[2024-10-22T09:27:09.833+0000] {logging_mixin.py:190} INFO - [2024-10-22T09:27:09.832+0000] {dag.py:3239} INFO - Sync 1 DAGs
[2024-10-22T09:27:09.999+0000] {logging_mixin.py:190} INFO - [2024-10-22T09:27:09.999+0000] {dag.py:4180} INFO - Setting next_dagrun for example_sla_dag to 2024-10-22 09:24:00+00:00, run_after=2024-10-22 09:26:00+00:00
[2024-10-22T09:27:10.191+0000] {processor.py:208} INFO - Processing /home/airflow/.local/lib/python3.12/site-packages/airflow/example_dags/example_sla_dag.py took 0.501 seconds
[2024-10-22T09:27:40.719+0000] {processor.py:186} INFO - Started process (PID=538) to work on /home/airflow/.local/lib/python3.12/site-packages/airflow/example_dags/example_sla_dag.py
[2024-10-22T09:27:40.721+0000] {processor.py:914} INFO - Processing file /home/airflow/.local/lib/python3.12/site-packages/airflow/example_dags/example_sla_dag.py for tasks to queue
[2024-10-22T09:27:40.726+0000] {logging_mixin.py:190} INFO - [2024-10-22T09:27:40.725+0000] {dagbag.py:588} INFO - Filling up the DagBag from /home/airflow/.local/lib/python3.12/site-packages/airflow/example_dags/example_sla_dag.py
[2024-10-22T09:27:40.750+0000] {processor.py:925} INFO - DAG(s) 'example_sla_dag' retrieved from /home/airflow/.local/lib/python3.12/site-packages/airflow/example_dags/example_sla_dag.py
[2024-10-22T09:27:40.788+0000] {logging_mixin.py:190} INFO - [2024-10-22T09:27:40.787+0000] {dag.py:3239} INFO - Sync 1 DAGs
[2024-10-22T09:27:40.836+0000] {logging_mixin.py:190} INFO - [2024-10-22T09:27:40.836+0000] {dag.py:4180} INFO - Setting next_dagrun for example_sla_dag to 2024-10-22 09:24:00+00:00, run_after=2024-10-22 09:26:00+00:00
[2024-10-22T09:27:40.885+0000] {processor.py:208} INFO - Processing /home/airflow/.local/lib/python3.12/site-packages/airflow/example_dags/example_sla_dag.py took 0.182 seconds
[2024-10-22T09:28:11.692+0000] {processor.py:186} INFO - Started process (PID=600) to work on /home/airflow/.local/lib/python3.12/site-packages/airflow/example_dags/example_sla_dag.py
[2024-10-22T09:28:11.694+0000] {processor.py:914} INFO - Processing file /home/airflow/.local/lib/python3.12/site-packages/airflow/example_dags/example_sla_dag.py for tasks to queue
[2024-10-22T09:28:11.700+0000] {logging_mixin.py:190} INFO - [2024-10-22T09:28:11.699+0000] {dagbag.py:588} INFO - Filling up the DagBag from /home/airflow/.local/lib/python3.12/site-packages/airflow/example_dags/example_sla_dag.py
[2024-10-22T09:28:11.724+0000] {processor.py:925} INFO - DAG(s) 'example_sla_dag' retrieved from /home/airflow/.local/lib/python3.12/site-packages/airflow/example_dags/example_sla_dag.py
[2024-10-22T09:28:11.762+0000] {logging_mixin.py:190} INFO - [2024-10-22T09:28:11.762+0000] {dag.py:3239} INFO - Sync 1 DAGs
[2024-10-22T09:28:11.816+0000] {logging_mixin.py:190} INFO - [2024-10-22T09:28:11.816+0000] {dag.py:4180} INFO - Setting next_dagrun for example_sla_dag to 2024-10-22 09:26:00+00:00, run_after=2024-10-22 09:28:00+00:00
[2024-10-22T09:28:11.860+0000] {processor.py:208} INFO - Processing /home/airflow/.local/lib/python3.12/site-packages/airflow/example_dags/example_sla_dag.py took 0.187 seconds
[2024-10-22T09:28:42.733+0000] {processor.py:186} INFO - Started process (PID=662) to work on /home/airflow/.local/lib/python3.12/site-packages/airflow/example_dags/example_sla_dag.py
[2024-10-22T09:28:42.739+0000] {processor.py:914} INFO - Processing file /home/airflow/.local/lib/python3.12/site-packages/airflow/example_dags/example_sla_dag.py for tasks to queue
[2024-10-22T09:28:42.746+0000] {logging_mixin.py:190} INFO - [2024-10-22T09:28:42.745+0000] {dagbag.py:588} INFO - Filling up the DagBag from /home/airflow/.local/lib/python3.12/site-packages/airflow/example_dags/example_sla_dag.py
[2024-10-22T09:28:42.772+0000] {processor.py:925} INFO - DAG(s) 'example_sla_dag' retrieved from /home/airflow/.local/lib/python3.12/site-packages/airflow/example_dags/example_sla_dag.py
[2024-10-22T09:28:42.823+0000] {logging_mixin.py:190} INFO - [2024-10-22T09:28:42.822+0000] {dag.py:3239} INFO - Sync 1 DAGs
[2024-10-22T09:28:42.900+0000] {logging_mixin.py:190} INFO - [2024-10-22T09:28:42.900+0000] {dag.py:4180} INFO - Setting next_dagrun for example_sla_dag to 2024-10-22 09:26:00+00:00, run_after=2024-10-22 09:28:00+00:00
[2024-10-22T09:28:42.951+0000] {processor.py:208} INFO - Processing /home/airflow/.local/lib/python3.12/site-packages/airflow/example_dags/example_sla_dag.py took 0.234 seconds
[2024-10-22T09:29:16.269+0000] {processor.py:186} INFO - Started process (PID=724) to work on /home/airflow/.local/lib/python3.12/site-packages/airflow/example_dags/example_sla_dag.py
[2024-10-22T09:29:16.274+0000] {processor.py:914} INFO - Processing file /home/airflow/.local/lib/python3.12/site-packages/airflow/example_dags/example_sla_dag.py for tasks to queue
[2024-10-22T09:29:16.300+0000] {logging_mixin.py:190} INFO - [2024-10-22T09:29:16.299+0000] {dagbag.py:588} INFO - Filling up the DagBag from /home/airflow/.local/lib/python3.12/site-packages/airflow/example_dags/example_sla_dag.py
[2024-10-22T09:29:16.359+0000] {processor.py:925} INFO - DAG(s) 'example_sla_dag' retrieved from /home/airflow/.local/lib/python3.12/site-packages/airflow/example_dags/example_sla_dag.py
[2024-10-22T09:29:16.435+0000] {logging_mixin.py:190} INFO - [2024-10-22T09:29:16.434+0000] {dag.py:3239} INFO - Sync 1 DAGs
[2024-10-22T09:29:16.548+0000] {logging_mixin.py:190} INFO - [2024-10-22T09:29:16.547+0000] {dag.py:4180} INFO - Setting next_dagrun for example_sla_dag to 2024-10-22 09:26:00+00:00, run_after=2024-10-22 09:28:00+00:00
[2024-10-22T09:29:16.787+0000] {processor.py:208} INFO - Processing /home/airflow/.local/lib/python3.12/site-packages/airflow/example_dags/example_sla_dag.py took 0.543 seconds
[2024-10-22T09:29:47.237+0000] {processor.py:186} INFO - Started process (PID=787) to work on /home/airflow/.local/lib/python3.12/site-packages/airflow/example_dags/example_sla_dag.py
[2024-10-22T09:29:47.238+0000] {processor.py:914} INFO - Processing file /home/airflow/.local/lib/python3.12/site-packages/airflow/example_dags/example_sla_dag.py for tasks to queue
[2024-10-22T09:29:47.243+0000] {logging_mixin.py:190} INFO - [2024-10-22T09:29:47.242+0000] {dagbag.py:588} INFO - Filling up the DagBag from /home/airflow/.local/lib/python3.12/site-packages/airflow/example_dags/example_sla_dag.py
[2024-10-22T09:29:47.263+0000] {processor.py:925} INFO - DAG(s) 'example_sla_dag' retrieved from /home/airflow/.local/lib/python3.12/site-packages/airflow/example_dags/example_sla_dag.py
[2024-10-22T09:29:47.300+0000] {logging_mixin.py:190} INFO - [2024-10-22T09:29:47.300+0000] {dag.py:3239} INFO - Sync 1 DAGs
[2024-10-22T09:29:47.352+0000] {logging_mixin.py:190} INFO - [2024-10-22T09:29:47.352+0000] {dag.py:4180} INFO - Setting next_dagrun for example_sla_dag to 2024-10-22 09:26:00+00:00, run_after=2024-10-22 09:28:00+00:00
[2024-10-22T09:29:47.392+0000] {processor.py:208} INFO - Processing /home/airflow/.local/lib/python3.12/site-packages/airflow/example_dags/example_sla_dag.py took 0.168 seconds
[2024-10-22T09:30:18.353+0000] {processor.py:186} INFO - Started process (PID=849) to work on /home/airflow/.local/lib/python3.12/site-packages/airflow/example_dags/example_sla_dag.py
[2024-10-22T09:30:18.355+0000] {processor.py:914} INFO - Processing file /home/airflow/.local/lib/python3.12/site-packages/airflow/example_dags/example_sla_dag.py for tasks to queue
[2024-10-22T09:30:18.362+0000] {logging_mixin.py:190} INFO - [2024-10-22T09:30:18.361+0000] {dagbag.py:588} INFO - Filling up the DagBag from /home/airflow/.local/lib/python3.12/site-packages/airflow/example_dags/example_sla_dag.py
[2024-10-22T09:30:18.387+0000] {processor.py:925} INFO - DAG(s) 'example_sla_dag' retrieved from /home/airflow/.local/lib/python3.12/site-packages/airflow/example_dags/example_sla_dag.py
[2024-10-22T09:30:18.422+0000] {logging_mixin.py:190} INFO - [2024-10-22T09:30:18.422+0000] {dag.py:3239} INFO - Sync 1 DAGs
[2024-10-22T09:30:18.471+0000] {logging_mixin.py:190} INFO - [2024-10-22T09:30:18.471+0000] {dag.py:4180} INFO - Setting next_dagrun for example_sla_dag to 2024-10-22 09:28:00+00:00, run_after=2024-10-22 09:30:00+00:00
[2024-10-22T09:30:18.505+0000] {processor.py:208} INFO - Processing /home/airflow/.local/lib/python3.12/site-packages/airflow/example_dags/example_sla_dag.py took 0.167 seconds
[2024-10-22T09:30:53.912+0000] {processor.py:186} INFO - Started process (PID=912) to work on /home/airflow/.local/lib/python3.12/site-packages/airflow/example_dags/example_sla_dag.py
[2024-10-22T09:30:53.931+0000] {processor.py:914} INFO - Processing file /home/airflow/.local/lib/python3.12/site-packages/airflow/example_dags/example_sla_dag.py for tasks to queue
[2024-10-22T09:30:53.960+0000] {logging_mixin.py:190} INFO - [2024-10-22T09:30:53.959+0000] {dagbag.py:588} INFO - Filling up the DagBag from /home/airflow/.local/lib/python3.12/site-packages/airflow/example_dags/example_sla_dag.py
[2024-10-22T09:30:54.067+0000] {processor.py:925} INFO - DAG(s) 'example_sla_dag' retrieved from /home/airflow/.local/lib/python3.12/site-packages/airflow/example_dags/example_sla_dag.py
[2024-10-22T09:30:54.263+0000] {logging_mixin.py:190} INFO - [2024-10-22T09:30:54.263+0000] {dag.py:3239} INFO - Sync 1 DAGs
[2024-10-22T09:30:54.455+0000] {logging_mixin.py:190} INFO - [2024-10-22T09:30:54.455+0000] {dag.py:4180} INFO - Setting next_dagrun for example_sla_dag to 2024-10-22 09:28:00+00:00, run_after=2024-10-22 09:30:00+00:00
[2024-10-22T09:30:54.622+0000] {processor.py:208} INFO - Processing /home/airflow/.local/lib/python3.12/site-packages/airflow/example_dags/example_sla_dag.py took 0.750 seconds
[2024-10-22T09:31:30.734+0000] {processor.py:186} INFO - Started process (PID=981) to work on /home/airflow/.local/lib/python3.12/site-packages/airflow/example_dags/example_sla_dag.py
[2024-10-22T09:31:30.763+0000] {processor.py:914} INFO - Processing file /home/airflow/.local/lib/python3.12/site-packages/airflow/example_dags/example_sla_dag.py for tasks to queue
[2024-10-22T09:31:30.826+0000] {logging_mixin.py:190} INFO - [2024-10-22T09:31:30.825+0000] {dagbag.py:588} INFO - Filling up the DagBag from /home/airflow/.local/lib/python3.12/site-packages/airflow/example_dags/example_sla_dag.py
[2024-10-22T09:31:30.971+0000] {processor.py:925} INFO - DAG(s) 'example_sla_dag' retrieved from /home/airflow/.local/lib/python3.12/site-packages/airflow/example_dags/example_sla_dag.py
[2024-10-22T09:31:31.162+0000] {logging_mixin.py:190} INFO - [2024-10-22T09:31:31.161+0000] {dag.py:3239} INFO - Sync 1 DAGs
[2024-10-22T09:31:31.411+0000] {logging_mixin.py:190} INFO - [2024-10-22T09:31:31.400+0000] {dag.py:4180} INFO - Setting next_dagrun for example_sla_dag to 2024-10-22 09:28:00+00:00, run_after=2024-10-22 09:30:00+00:00
[2024-10-22T09:31:31.579+0000] {processor.py:208} INFO - Processing /home/airflow/.local/lib/python3.12/site-packages/airflow/example_dags/example_sla_dag.py took 0.911 seconds
[2024-10-22T09:32:06.084+0000] {processor.py:186} INFO - Started process (PID=1042) to work on /home/airflow/.local/lib/python3.12/site-packages/airflow/example_dags/example_sla_dag.py
[2024-10-22T09:32:06.087+0000] {processor.py:914} INFO - Processing file /home/airflow/.local/lib/python3.12/site-packages/airflow/example_dags/example_sla_dag.py for tasks to queue
[2024-10-22T09:32:06.104+0000] {logging_mixin.py:190} INFO - [2024-10-22T09:32:06.103+0000] {dagbag.py:588} INFO - Filling up the DagBag from /home/airflow/.local/lib/python3.12/site-packages/airflow/example_dags/example_sla_dag.py
[2024-10-22T09:32:06.229+0000] {processor.py:925} INFO - DAG(s) 'example_sla_dag' retrieved from /home/airflow/.local/lib/python3.12/site-packages/airflow/example_dags/example_sla_dag.py
[2024-10-22T09:32:06.654+0000] {logging_mixin.py:190} INFO - [2024-10-22T09:32:06.653+0000] {dag.py:3239} INFO - Sync 1 DAGs
[2024-10-22T09:32:07.276+0000] {logging_mixin.py:190} INFO - [2024-10-22T09:32:07.276+0000] {dag.py:4180} INFO - Setting next_dagrun for example_sla_dag to 2024-10-22 09:30:00+00:00, run_after=2024-10-22 09:32:00+00:00
[2024-10-22T09:32:07.550+0000] {processor.py:208} INFO - Processing /home/airflow/.local/lib/python3.12/site-packages/airflow/example_dags/example_sla_dag.py took 1.529 seconds
[2024-10-22T09:32:47.723+0000] {processor.py:186} INFO - Started process (PID=1104) to work on /home/airflow/.local/lib/python3.12/site-packages/airflow/example_dags/example_sla_dag.py
[2024-10-22T09:32:47.752+0000] {processor.py:914} INFO - Processing file /home/airflow/.local/lib/python3.12/site-packages/airflow/example_dags/example_sla_dag.py for tasks to queue
[2024-10-22T09:32:47.770+0000] {logging_mixin.py:190} INFO - [2024-10-22T09:32:47.769+0000] {dagbag.py:588} INFO - Filling up the DagBag from /home/airflow/.local/lib/python3.12/site-packages/airflow/example_dags/example_sla_dag.py
[2024-10-22T09:32:47.867+0000] {processor.py:925} INFO - DAG(s) 'example_sla_dag' retrieved from /home/airflow/.local/lib/python3.12/site-packages/airflow/example_dags/example_sla_dag.py
[2024-10-22T09:32:48.044+0000] {logging_mixin.py:190} INFO - [2024-10-22T09:32:48.043+0000] {dag.py:3239} INFO - Sync 1 DAGs
[2024-10-22T09:32:48.330+0000] {logging_mixin.py:190} INFO - [2024-10-22T09:32:48.329+0000] {dag.py:4180} INFO - Setting next_dagrun for example_sla_dag to 2024-10-22 09:30:00+00:00, run_after=2024-10-22 09:32:00+00:00
[2024-10-22T09:32:48.567+0000] {processor.py:208} INFO - Processing /home/airflow/.local/lib/python3.12/site-packages/airflow/example_dags/example_sla_dag.py took 0.927 seconds
[2024-10-22T09:33:20.142+0000] {processor.py:186} INFO - Started process (PID=1167) to work on /home/airflow/.local/lib/python3.12/site-packages/airflow/example_dags/example_sla_dag.py
[2024-10-22T09:33:20.145+0000] {processor.py:914} INFO - Processing file /home/airflow/.local/lib/python3.12/site-packages/airflow/example_dags/example_sla_dag.py for tasks to queue
[2024-10-22T09:33:20.152+0000] {logging_mixin.py:190} INFO - [2024-10-22T09:33:20.151+0000] {dagbag.py:588} INFO - Filling up the DagBag from /home/airflow/.local/lib/python3.12/site-packages/airflow/example_dags/example_sla_dag.py
[2024-10-22T09:33:20.190+0000] {processor.py:925} INFO - DAG(s) 'example_sla_dag' retrieved from /home/airflow/.local/lib/python3.12/site-packages/airflow/example_dags/example_sla_dag.py
[2024-10-22T09:33:20.269+0000] {logging_mixin.py:190} INFO - [2024-10-22T09:33:20.268+0000] {dag.py:3239} INFO - Sync 1 DAGs
[2024-10-22T09:33:20.384+0000] {logging_mixin.py:190} INFO - [2024-10-22T09:33:20.383+0000] {dag.py:4180} INFO - Setting next_dagrun for example_sla_dag to 2024-10-22 09:30:00+00:00, run_after=2024-10-22 09:32:00+00:00
[2024-10-22T09:33:20.496+0000] {processor.py:208} INFO - Processing /home/airflow/.local/lib/python3.12/site-packages/airflow/example_dags/example_sla_dag.py took 0.407 seconds
[2024-10-22T09:33:51.459+0000] {processor.py:186} INFO - Started process (PID=1229) to work on /home/airflow/.local/lib/python3.12/site-packages/airflow/example_dags/example_sla_dag.py
[2024-10-22T09:33:51.482+0000] {processor.py:914} INFO - Processing file /home/airflow/.local/lib/python3.12/site-packages/airflow/example_dags/example_sla_dag.py for tasks to queue
[2024-10-22T09:33:51.506+0000] {logging_mixin.py:190} INFO - [2024-10-22T09:33:51.505+0000] {dagbag.py:588} INFO - Filling up the DagBag from /home/airflow/.local/lib/python3.12/site-packages/airflow/example_dags/example_sla_dag.py
[2024-10-22T09:33:51.593+0000] {processor.py:925} INFO - DAG(s) 'example_sla_dag' retrieved from /home/airflow/.local/lib/python3.12/site-packages/airflow/example_dags/example_sla_dag.py
[2024-10-22T09:33:51.727+0000] {logging_mixin.py:190} INFO - [2024-10-22T09:33:51.726+0000] {dag.py:3239} INFO - Sync 1 DAGs
[2024-10-22T09:33:51.887+0000] {logging_mixin.py:190} INFO - [2024-10-22T09:33:51.887+0000] {dag.py:4180} INFO - Setting next_dagrun for example_sla_dag to 2024-10-22 09:30:00+00:00, run_after=2024-10-22 09:32:00+00:00
[2024-10-22T09:33:51.978+0000] {processor.py:208} INFO - Processing /home/airflow/.local/lib/python3.12/site-packages/airflow/example_dags/example_sla_dag.py took 0.549 seconds
[2024-10-22T09:34:22.641+0000] {processor.py:186} INFO - Started process (PID=1291) to work on /home/airflow/.local/lib/python3.12/site-packages/airflow/example_dags/example_sla_dag.py
[2024-10-22T09:34:22.644+0000] {processor.py:914} INFO - Processing file /home/airflow/.local/lib/python3.12/site-packages/airflow/example_dags/example_sla_dag.py for tasks to queue
[2024-10-22T09:34:22.651+0000] {logging_mixin.py:190} INFO - [2024-10-22T09:34:22.650+0000] {dagbag.py:588} INFO - Filling up the DagBag from /home/airflow/.local/lib/python3.12/site-packages/airflow/example_dags/example_sla_dag.py
[2024-10-22T09:34:22.673+0000] {processor.py:925} INFO - DAG(s) 'example_sla_dag' retrieved from /home/airflow/.local/lib/python3.12/site-packages/airflow/example_dags/example_sla_dag.py
[2024-10-22T09:34:22.720+0000] {logging_mixin.py:190} INFO - [2024-10-22T09:34:22.720+0000] {dag.py:3239} INFO - Sync 1 DAGs
[2024-10-22T09:34:22.787+0000] {logging_mixin.py:190} INFO - [2024-10-22T09:34:22.786+0000] {dag.py:4180} INFO - Setting next_dagrun for example_sla_dag to 2024-10-22 09:32:00+00:00, run_after=2024-10-22 09:34:00+00:00
[2024-10-22T09:34:23.767+0000] {processor.py:208} INFO - Processing /home/airflow/.local/lib/python3.12/site-packages/airflow/example_dags/example_sla_dag.py took 1.143 seconds
[2024-10-22T09:34:53.851+0000] {processor.py:186} INFO - Started process (PID=1352) to work on /home/airflow/.local/lib/python3.12/site-packages/airflow/example_dags/example_sla_dag.py
[2024-10-22T09:34:53.853+0000] {processor.py:914} INFO - Processing file /home/airflow/.local/lib/python3.12/site-packages/airflow/example_dags/example_sla_dag.py for tasks to queue
[2024-10-22T09:34:53.857+0000] {logging_mixin.py:190} INFO - [2024-10-22T09:34:53.857+0000] {dagbag.py:588} INFO - Filling up the DagBag from /home/airflow/.local/lib/python3.12/site-packages/airflow/example_dags/example_sla_dag.py
[2024-10-22T09:34:53.876+0000] {processor.py:925} INFO - DAG(s) 'example_sla_dag' retrieved from /home/airflow/.local/lib/python3.12/site-packages/airflow/example_dags/example_sla_dag.py
[2024-10-22T09:34:53.912+0000] {logging_mixin.py:190} INFO - [2024-10-22T09:34:53.911+0000] {dag.py:3239} INFO - Sync 1 DAGs
[2024-10-22T09:34:53.956+0000] {logging_mixin.py:190} INFO - [2024-10-22T09:34:53.956+0000] {dag.py:4180} INFO - Setting next_dagrun for example_sla_dag to 2024-10-22 09:32:00+00:00, run_after=2024-10-22 09:34:00+00:00
[2024-10-22T09:34:54.098+0000] {processor.py:208} INFO - Processing /home/airflow/.local/lib/python3.12/site-packages/airflow/example_dags/example_sla_dag.py took 0.259 seconds
[2024-10-22T09:35:24.475+0000] {processor.py:186} INFO - Started process (PID=1414) to work on /home/airflow/.local/lib/python3.12/site-packages/airflow/example_dags/example_sla_dag.py
[2024-10-22T09:35:24.477+0000] {processor.py:914} INFO - Processing file /home/airflow/.local/lib/python3.12/site-packages/airflow/example_dags/example_sla_dag.py for tasks to queue
[2024-10-22T09:35:24.483+0000] {logging_mixin.py:190} INFO - [2024-10-22T09:35:24.483+0000] {dagbag.py:588} INFO - Filling up the DagBag from /home/airflow/.local/lib/python3.12/site-packages/airflow/example_dags/example_sla_dag.py
[2024-10-22T09:35:24.503+0000] {processor.py:925} INFO - DAG(s) 'example_sla_dag' retrieved from /home/airflow/.local/lib/python3.12/site-packages/airflow/example_dags/example_sla_dag.py
[2024-10-22T09:35:24.537+0000] {logging_mixin.py:190} INFO - [2024-10-22T09:35:24.537+0000] {dag.py:3239} INFO - Sync 1 DAGs
[2024-10-22T09:35:24.640+0000] {logging_mixin.py:190} INFO - [2024-10-22T09:35:24.639+0000] {dag.py:4180} INFO - Setting next_dagrun for example_sla_dag to 2024-10-22 09:32:00+00:00, run_after=2024-10-22 09:34:00+00:00
[2024-10-22T09:35:24.693+0000] {processor.py:208} INFO - Processing /home/airflow/.local/lib/python3.12/site-packages/airflow/example_dags/example_sla_dag.py took 0.230 seconds
[2024-10-22T09:35:55.984+0000] {processor.py:186} INFO - Started process (PID=1478) to work on /home/airflow/.local/lib/python3.12/site-packages/airflow/example_dags/example_sla_dag.py
[2024-10-22T09:35:55.986+0000] {processor.py:914} INFO - Processing file /home/airflow/.local/lib/python3.12/site-packages/airflow/example_dags/example_sla_dag.py for tasks to queue
[2024-10-22T09:35:55.995+0000] {logging_mixin.py:190} INFO - [2024-10-22T09:35:55.994+0000] {dagbag.py:588} INFO - Filling up the DagBag from /home/airflow/.local/lib/python3.12/site-packages/airflow/example_dags/example_sla_dag.py
[2024-10-22T09:35:56.036+0000] {processor.py:925} INFO - DAG(s) 'example_sla_dag' retrieved from /home/airflow/.local/lib/python3.12/site-packages/airflow/example_dags/example_sla_dag.py
[2024-10-22T09:35:56.092+0000] {logging_mixin.py:190} INFO - [2024-10-22T09:35:56.092+0000] {dag.py:3239} INFO - Sync 1 DAGs
[2024-10-22T09:35:56.158+0000] {logging_mixin.py:190} INFO - [2024-10-22T09:35:56.158+0000] {dag.py:4180} INFO - Setting next_dagrun for example_sla_dag to 2024-10-22 09:32:00+00:00, run_after=2024-10-22 09:34:00+00:00
[2024-10-22T09:35:56.210+0000] {processor.py:208} INFO - Processing /home/airflow/.local/lib/python3.12/site-packages/airflow/example_dags/example_sla_dag.py took 0.249 seconds
[2024-10-22T09:36:26.424+0000] {processor.py:186} INFO - Started process (PID=1540) to work on /home/airflow/.local/lib/python3.12/site-packages/airflow/example_dags/example_sla_dag.py
[2024-10-22T09:36:26.426+0000] {processor.py:914} INFO - Processing file /home/airflow/.local/lib/python3.12/site-packages/airflow/example_dags/example_sla_dag.py for tasks to queue
[2024-10-22T09:36:26.434+0000] {logging_mixin.py:190} INFO - [2024-10-22T09:36:26.434+0000] {dagbag.py:588} INFO - Filling up the DagBag from /home/airflow/.local/lib/python3.12/site-packages/airflow/example_dags/example_sla_dag.py
[2024-10-22T09:36:26.454+0000] {processor.py:925} INFO - DAG(s) 'example_sla_dag' retrieved from /home/airflow/.local/lib/python3.12/site-packages/airflow/example_dags/example_sla_dag.py
[2024-10-22T09:36:26.486+0000] {logging_mixin.py:190} INFO - [2024-10-22T09:36:26.485+0000] {dag.py:3239} INFO - Sync 1 DAGs
[2024-10-22T09:36:26.537+0000] {logging_mixin.py:190} INFO - [2024-10-22T09:36:26.537+0000] {dag.py:4180} INFO - Setting next_dagrun for example_sla_dag to 2024-10-22 09:34:00+00:00, run_after=2024-10-22 09:36:00+00:00
[2024-10-22T09:36:26.577+0000] {processor.py:208} INFO - Processing /home/airflow/.local/lib/python3.12/site-packages/airflow/example_dags/example_sla_dag.py took 0.170 seconds
[2024-10-22T09:36:56.993+0000] {processor.py:186} INFO - Started process (PID=1603) to work on /home/airflow/.local/lib/python3.12/site-packages/airflow/example_dags/example_sla_dag.py
[2024-10-22T09:36:56.995+0000] {processor.py:914} INFO - Processing file /home/airflow/.local/lib/python3.12/site-packages/airflow/example_dags/example_sla_dag.py for tasks to queue
[2024-10-22T09:36:57.002+0000] {logging_mixin.py:190} INFO - [2024-10-22T09:36:57.001+0000] {dagbag.py:588} INFO - Filling up the DagBag from /home/airflow/.local/lib/python3.12/site-packages/airflow/example_dags/example_sla_dag.py
[2024-10-22T09:36:57.026+0000] {processor.py:925} INFO - DAG(s) 'example_sla_dag' retrieved from /home/airflow/.local/lib/python3.12/site-packages/airflow/example_dags/example_sla_dag.py
[2024-10-22T09:36:57.067+0000] {logging_mixin.py:190} INFO - [2024-10-22T09:36:57.067+0000] {dag.py:3239} INFO - Sync 1 DAGs
[2024-10-22T09:36:57.127+0000] {logging_mixin.py:190} INFO - [2024-10-22T09:36:57.126+0000] {dag.py:4180} INFO - Setting next_dagrun for example_sla_dag to 2024-10-22 09:34:00+00:00, run_after=2024-10-22 09:36:00+00:00
[2024-10-22T09:36:57.161+0000] {processor.py:208} INFO - Processing /home/airflow/.local/lib/python3.12/site-packages/airflow/example_dags/example_sla_dag.py took 0.183 seconds
[2024-10-22T09:37:27.533+0000] {processor.py:186} INFO - Started process (PID=1665) to work on /home/airflow/.local/lib/python3.12/site-packages/airflow/example_dags/example_sla_dag.py
[2024-10-22T09:37:27.535+0000] {processor.py:914} INFO - Processing file /home/airflow/.local/lib/python3.12/site-packages/airflow/example_dags/example_sla_dag.py for tasks to queue
[2024-10-22T09:37:27.546+0000] {logging_mixin.py:190} INFO - [2024-10-22T09:37:27.545+0000] {dagbag.py:588} INFO - Filling up the DagBag from /home/airflow/.local/lib/python3.12/site-packages/airflow/example_dags/example_sla_dag.py
[2024-10-22T09:37:27.585+0000] {processor.py:925} INFO - DAG(s) 'example_sla_dag' retrieved from /home/airflow/.local/lib/python3.12/site-packages/airflow/example_dags/example_sla_dag.py
[2024-10-22T09:37:27.626+0000] {logging_mixin.py:190} INFO - [2024-10-22T09:37:27.625+0000] {dag.py:3239} INFO - Sync 1 DAGs
[2024-10-22T09:37:27.681+0000] {logging_mixin.py:190} INFO - [2024-10-22T09:37:27.680+0000] {dag.py:4180} INFO - Setting next_dagrun for example_sla_dag to 2024-10-22 09:34:00+00:00, run_after=2024-10-22 09:36:00+00:00
[2024-10-22T09:37:27.718+0000] {processor.py:208} INFO - Processing /home/airflow/.local/lib/python3.12/site-packages/airflow/example_dags/example_sla_dag.py took 0.200 seconds
[2024-10-22T09:37:58.127+0000] {processor.py:186} INFO - Started process (PID=1727) to work on /home/airflow/.local/lib/python3.12/site-packages/airflow/example_dags/example_sla_dag.py
[2024-10-22T09:37:58.130+0000] {processor.py:914} INFO - Processing file /home/airflow/.local/lib/python3.12/site-packages/airflow/example_dags/example_sla_dag.py for tasks to queue
[2024-10-22T09:37:58.135+0000] {logging_mixin.py:190} INFO - [2024-10-22T09:37:58.134+0000] {dagbag.py:588} INFO - Filling up the DagBag from /home/airflow/.local/lib/python3.12/site-packages/airflow/example_dags/example_sla_dag.py
[2024-10-22T09:37:58.158+0000] {processor.py:925} INFO - DAG(s) 'example_sla_dag' retrieved from /home/airflow/.local/lib/python3.12/site-packages/airflow/example_dags/example_sla_dag.py
[2024-10-22T09:37:58.199+0000] {logging_mixin.py:190} INFO - [2024-10-22T09:37:58.198+0000] {dag.py:3239} INFO - Sync 1 DAGs
[2024-10-22T09:37:58.253+0000] {logging_mixin.py:190} INFO - [2024-10-22T09:37:58.253+0000] {dag.py:4180} INFO - Setting next_dagrun for example_sla_dag to 2024-10-22 09:34:00+00:00, run_after=2024-10-22 09:36:00+00:00
[2024-10-22T09:37:58.293+0000] {processor.py:208} INFO - Processing /home/airflow/.local/lib/python3.12/site-packages/airflow/example_dags/example_sla_dag.py took 0.186 seconds
[2024-10-22T09:38:29.014+0000] {processor.py:186} INFO - Started process (PID=1790) to work on /home/airflow/.local/lib/python3.12/site-packages/airflow/example_dags/example_sla_dag.py
[2024-10-22T09:38:29.016+0000] {processor.py:914} INFO - Processing file /home/airflow/.local/lib/python3.12/site-packages/airflow/example_dags/example_sla_dag.py for tasks to queue
[2024-10-22T09:38:29.021+0000] {logging_mixin.py:190} INFO - [2024-10-22T09:38:29.020+0000] {dagbag.py:588} INFO - Filling up the DagBag from /home/airflow/.local/lib/python3.12/site-packages/airflow/example_dags/example_sla_dag.py
[2024-10-22T09:38:29.045+0000] {processor.py:925} INFO - DAG(s) 'example_sla_dag' retrieved from /home/airflow/.local/lib/python3.12/site-packages/airflow/example_dags/example_sla_dag.py
[2024-10-22T09:38:29.093+0000] {logging_mixin.py:190} INFO - [2024-10-22T09:38:29.093+0000] {dag.py:3239} INFO - Sync 1 DAGs
[2024-10-22T09:38:29.158+0000] {logging_mixin.py:190} INFO - [2024-10-22T09:38:29.157+0000] {dag.py:4180} INFO - Setting next_dagrun for example_sla_dag to 2024-10-22 09:36:00+00:00, run_after=2024-10-22 09:38:00+00:00
[2024-10-22T09:38:29.195+0000] {processor.py:208} INFO - Processing /home/airflow/.local/lib/python3.12/site-packages/airflow/example_dags/example_sla_dag.py took 0.196 seconds
[2024-10-22T09:38:59.985+0000] {processor.py:186} INFO - Started process (PID=1851) to work on /home/airflow/.local/lib/python3.12/site-packages/airflow/example_dags/example_sla_dag.py
[2024-10-22T09:38:59.988+0000] {processor.py:914} INFO - Processing file /home/airflow/.local/lib/python3.12/site-packages/airflow/example_dags/example_sla_dag.py for tasks to queue
[2024-10-22T09:38:59.998+0000] {logging_mixin.py:190} INFO - [2024-10-22T09:38:59.998+0000] {dagbag.py:588} INFO - Filling up the DagBag from /home/airflow/.local/lib/python3.12/site-packages/airflow/example_dags/example_sla_dag.py
[2024-10-22T09:39:00.060+0000] {processor.py:925} INFO - DAG(s) 'example_sla_dag' retrieved from /home/airflow/.local/lib/python3.12/site-packages/airflow/example_dags/example_sla_dag.py
[2024-10-22T09:39:00.156+0000] {logging_mixin.py:190} INFO - [2024-10-22T09:39:00.156+0000] {dag.py:3239} INFO - Sync 1 DAGs
[2024-10-22T09:39:00.242+0000] {logging_mixin.py:190} INFO - [2024-10-22T09:39:00.242+0000] {dag.py:4180} INFO - Setting next_dagrun for example_sla_dag to 2024-10-22 09:36:00+00:00, run_after=2024-10-22 09:38:00+00:00
[2024-10-22T09:39:00.359+0000] {processor.py:208} INFO - Processing /home/airflow/.local/lib/python3.12/site-packages/airflow/example_dags/example_sla_dag.py took 0.398 seconds
[2024-10-22T09:39:30.443+0000] {processor.py:186} INFO - Started process (PID=1914) to work on /home/airflow/.local/lib/python3.12/site-packages/airflow/example_dags/example_sla_dag.py
[2024-10-22T09:39:30.444+0000] {processor.py:914} INFO - Processing file /home/airflow/.local/lib/python3.12/site-packages/airflow/example_dags/example_sla_dag.py for tasks to queue
[2024-10-22T09:39:30.449+0000] {logging_mixin.py:190} INFO - [2024-10-22T09:39:30.448+0000] {dagbag.py:588} INFO - Filling up the DagBag from /home/airflow/.local/lib/python3.12/site-packages/airflow/example_dags/example_sla_dag.py
[2024-10-22T09:39:30.466+0000] {processor.py:925} INFO - DAG(s) 'example_sla_dag' retrieved from /home/airflow/.local/lib/python3.12/site-packages/airflow/example_dags/example_sla_dag.py
[2024-10-22T09:39:30.501+0000] {logging_mixin.py:190} INFO - [2024-10-22T09:39:30.501+0000] {dag.py:3239} INFO - Sync 1 DAGs
[2024-10-22T09:39:30.560+0000] {logging_mixin.py:190} INFO - [2024-10-22T09:39:30.560+0000] {dag.py:4180} INFO - Setting next_dagrun for example_sla_dag to 2024-10-22 09:36:00+00:00, run_after=2024-10-22 09:38:00+00:00
[2024-10-22T09:39:30.600+0000] {processor.py:208} INFO - Processing /home/airflow/.local/lib/python3.12/site-packages/airflow/example_dags/example_sla_dag.py took 0.168 seconds
[2024-10-22T09:40:01.290+0000] {processor.py:186} INFO - Started process (PID=1976) to work on /home/airflow/.local/lib/python3.12/site-packages/airflow/example_dags/example_sla_dag.py
[2024-10-22T09:40:01.292+0000] {processor.py:914} INFO - Processing file /home/airflow/.local/lib/python3.12/site-packages/airflow/example_dags/example_sla_dag.py for tasks to queue
[2024-10-22T09:40:01.297+0000] {logging_mixin.py:190} INFO - [2024-10-22T09:40:01.296+0000] {dagbag.py:588} INFO - Filling up the DagBag from /home/airflow/.local/lib/python3.12/site-packages/airflow/example_dags/example_sla_dag.py
[2024-10-22T09:40:01.318+0000] {processor.py:925} INFO - DAG(s) 'example_sla_dag' retrieved from /home/airflow/.local/lib/python3.12/site-packages/airflow/example_dags/example_sla_dag.py
[2024-10-22T09:40:01.347+0000] {logging_mixin.py:190} INFO - [2024-10-22T09:40:01.347+0000] {dag.py:3239} INFO - Sync 1 DAGs
[2024-10-22T09:40:01.392+0000] {logging_mixin.py:190} INFO - [2024-10-22T09:40:01.391+0000] {dag.py:4180} INFO - Setting next_dagrun for example_sla_dag to 2024-10-22 09:38:00+00:00, run_after=2024-10-22 09:40:00+00:00
[2024-10-22T09:40:01.420+0000] {processor.py:208} INFO - Processing /home/airflow/.local/lib/python3.12/site-packages/airflow/example_dags/example_sla_dag.py took 0.144 seconds
[2024-10-22T09:40:32.335+0000] {processor.py:186} INFO - Started process (PID=2038) to work on /home/airflow/.local/lib/python3.12/site-packages/airflow/example_dags/example_sla_dag.py
[2024-10-22T09:40:32.340+0000] {processor.py:914} INFO - Processing file /home/airflow/.local/lib/python3.12/site-packages/airflow/example_dags/example_sla_dag.py for tasks to queue
[2024-10-22T09:40:32.350+0000] {logging_mixin.py:190} INFO - [2024-10-22T09:40:32.347+0000] {dagbag.py:588} INFO - Filling up the DagBag from /home/airflow/.local/lib/python3.12/site-packages/airflow/example_dags/example_sla_dag.py
[2024-10-22T09:40:32.378+0000] {processor.py:925} INFO - DAG(s) 'example_sla_dag' retrieved from /home/airflow/.local/lib/python3.12/site-packages/airflow/example_dags/example_sla_dag.py
[2024-10-22T09:40:32.414+0000] {logging_mixin.py:190} INFO - [2024-10-22T09:40:32.414+0000] {dag.py:3239} INFO - Sync 1 DAGs
[2024-10-22T09:40:32.463+0000] {logging_mixin.py:190} INFO - [2024-10-22T09:40:32.463+0000] {dag.py:4180} INFO - Setting next_dagrun for example_sla_dag to 2024-10-22 09:38:00+00:00, run_after=2024-10-22 09:40:00+00:00
[2024-10-22T09:40:32.492+0000] {processor.py:208} INFO - Processing /home/airflow/.local/lib/python3.12/site-packages/airflow/example_dags/example_sla_dag.py took 0.177 seconds
[2024-10-22T09:41:03.141+0000] {processor.py:186} INFO - Started process (PID=2100) to work on /home/airflow/.local/lib/python3.12/site-packages/airflow/example_dags/example_sla_dag.py
[2024-10-22T09:41:03.143+0000] {processor.py:914} INFO - Processing file /home/airflow/.local/lib/python3.12/site-packages/airflow/example_dags/example_sla_dag.py for tasks to queue
[2024-10-22T09:41:03.150+0000] {logging_mixin.py:190} INFO - [2024-10-22T09:41:03.149+0000] {dagbag.py:588} INFO - Filling up the DagBag from /home/airflow/.local/lib/python3.12/site-packages/airflow/example_dags/example_sla_dag.py
[2024-10-22T09:41:03.182+0000] {processor.py:925} INFO - DAG(s) 'example_sla_dag' retrieved from /home/airflow/.local/lib/python3.12/site-packages/airflow/example_dags/example_sla_dag.py
[2024-10-22T09:41:03.237+0000] {logging_mixin.py:190} INFO - [2024-10-22T09:41:03.236+0000] {dag.py:3239} INFO - Sync 1 DAGs
[2024-10-22T09:41:03.305+0000] {logging_mixin.py:190} INFO - [2024-10-22T09:41:03.304+0000] {dag.py:4180} INFO - Setting next_dagrun for example_sla_dag to 2024-10-22 09:38:00+00:00, run_after=2024-10-22 09:40:00+00:00
[2024-10-22T09:41:03.334+0000] {processor.py:208} INFO - Processing /home/airflow/.local/lib/python3.12/site-packages/airflow/example_dags/example_sla_dag.py took 0.214 seconds
[2024-10-22T09:41:33.676+0000] {processor.py:186} INFO - Started process (PID=2168) to work on /home/airflow/.local/lib/python3.12/site-packages/airflow/example_dags/example_sla_dag.py
[2024-10-22T09:41:33.678+0000] {processor.py:914} INFO - Processing file /home/airflow/.local/lib/python3.12/site-packages/airflow/example_dags/example_sla_dag.py for tasks to queue
[2024-10-22T09:41:33.683+0000] {logging_mixin.py:190} INFO - [2024-10-22T09:41:33.682+0000] {dagbag.py:588} INFO - Filling up the DagBag from /home/airflow/.local/lib/python3.12/site-packages/airflow/example_dags/example_sla_dag.py
[2024-10-22T09:41:33.702+0000] {processor.py:925} INFO - DAG(s) 'example_sla_dag' retrieved from /home/airflow/.local/lib/python3.12/site-packages/airflow/example_dags/example_sla_dag.py
[2024-10-22T09:41:33.735+0000] {logging_mixin.py:190} INFO - [2024-10-22T09:41:33.734+0000] {dag.py:3239} INFO - Sync 1 DAGs
[2024-10-22T09:41:33.779+0000] {logging_mixin.py:190} INFO - [2024-10-22T09:41:33.779+0000] {dag.py:4180} INFO - Setting next_dagrun for example_sla_dag to 2024-10-22 09:38:00+00:00, run_after=2024-10-22 09:40:00+00:00
[2024-10-22T09:41:33.810+0000] {processor.py:208} INFO - Processing /home/airflow/.local/lib/python3.12/site-packages/airflow/example_dags/example_sla_dag.py took 0.146 seconds
[2024-10-22T09:42:04.226+0000] {processor.py:186} INFO - Started process (PID=2230) to work on /home/airflow/.local/lib/python3.12/site-packages/airflow/example_dags/example_sla_dag.py
[2024-10-22T09:42:04.227+0000] {processor.py:914} INFO - Processing file /home/airflow/.local/lib/python3.12/site-packages/airflow/example_dags/example_sla_dag.py for tasks to queue
[2024-10-22T09:42:04.232+0000] {logging_mixin.py:190} INFO - [2024-10-22T09:42:04.231+0000] {dagbag.py:588} INFO - Filling up the DagBag from /home/airflow/.local/lib/python3.12/site-packages/airflow/example_dags/example_sla_dag.py
[2024-10-22T09:42:04.252+0000] {processor.py:925} INFO - DAG(s) 'example_sla_dag' retrieved from /home/airflow/.local/lib/python3.12/site-packages/airflow/example_dags/example_sla_dag.py
[2024-10-22T09:42:04.285+0000] {logging_mixin.py:190} INFO - [2024-10-22T09:42:04.285+0000] {dag.py:3239} INFO - Sync 1 DAGs
[2024-10-22T09:42:04.336+0000] {logging_mixin.py:190} INFO - [2024-10-22T09:42:04.336+0000] {dag.py:4180} INFO - Setting next_dagrun for example_sla_dag to 2024-10-22 09:40:00+00:00, run_after=2024-10-22 09:42:00+00:00
[2024-10-22T09:42:04.367+0000] {processor.py:208} INFO - Processing /home/airflow/.local/lib/python3.12/site-packages/airflow/example_dags/example_sla_dag.py took 0.153 seconds
[2024-10-22T09:42:34.605+0000] {processor.py:186} INFO - Started process (PID=2292) to work on /home/airflow/.local/lib/python3.12/site-packages/airflow/example_dags/example_sla_dag.py
[2024-10-22T09:42:34.607+0000] {processor.py:914} INFO - Processing file /home/airflow/.local/lib/python3.12/site-packages/airflow/example_dags/example_sla_dag.py for tasks to queue
[2024-10-22T09:42:34.612+0000] {logging_mixin.py:190} INFO - [2024-10-22T09:42:34.611+0000] {dagbag.py:588} INFO - Filling up the DagBag from /home/airflow/.local/lib/python3.12/site-packages/airflow/example_dags/example_sla_dag.py
[2024-10-22T09:42:34.638+0000] {processor.py:925} INFO - DAG(s) 'example_sla_dag' retrieved from /home/airflow/.local/lib/python3.12/site-packages/airflow/example_dags/example_sla_dag.py
[2024-10-22T09:42:34.677+0000] {logging_mixin.py:190} INFO - [2024-10-22T09:42:34.676+0000] {dag.py:3239} INFO - Sync 1 DAGs
[2024-10-22T09:42:34.727+0000] {logging_mixin.py:190} INFO - [2024-10-22T09:42:34.726+0000] {dag.py:4180} INFO - Setting next_dagrun for example_sla_dag to 2024-10-22 09:40:00+00:00, run_after=2024-10-22 09:42:00+00:00
[2024-10-22T09:42:34.754+0000] {processor.py:208} INFO - Processing /home/airflow/.local/lib/python3.12/site-packages/airflow/example_dags/example_sla_dag.py took 0.165 seconds
[2024-10-22T09:43:06.808+0000] {processor.py:186} INFO - Started process (PID=2354) to work on /home/airflow/.local/lib/python3.12/site-packages/airflow/example_dags/example_sla_dag.py
[2024-10-22T09:43:06.812+0000] {processor.py:914} INFO - Processing file /home/airflow/.local/lib/python3.12/site-packages/airflow/example_dags/example_sla_dag.py for tasks to queue
[2024-10-22T09:43:06.820+0000] {logging_mixin.py:190} INFO - [2024-10-22T09:43:06.819+0000] {dagbag.py:588} INFO - Filling up the DagBag from /home/airflow/.local/lib/python3.12/site-packages/airflow/example_dags/example_sla_dag.py
[2024-10-22T09:43:06.848+0000] {processor.py:925} INFO - DAG(s) 'example_sla_dag' retrieved from /home/airflow/.local/lib/python3.12/site-packages/airflow/example_dags/example_sla_dag.py
[2024-10-22T09:43:06.889+0000] {logging_mixin.py:190} INFO - [2024-10-22T09:43:06.888+0000] {dag.py:3239} INFO - Sync 1 DAGs
[2024-10-22T09:43:06.956+0000] {logging_mixin.py:190} INFO - [2024-10-22T09:43:06.955+0000] {dag.py:4180} INFO - Setting next_dagrun for example_sla_dag to 2024-10-22 09:40:00+00:00, run_after=2024-10-22 09:42:00+00:00
[2024-10-22T09:43:06.997+0000] {processor.py:208} INFO - Processing /home/airflow/.local/lib/python3.12/site-packages/airflow/example_dags/example_sla_dag.py took 0.207 seconds
[2024-10-22T09:43:37.707+0000] {processor.py:186} INFO - Started process (PID=2416) to work on /home/airflow/.local/lib/python3.12/site-packages/airflow/example_dags/example_sla_dag.py
[2024-10-22T09:43:37.709+0000] {processor.py:914} INFO - Processing file /home/airflow/.local/lib/python3.12/site-packages/airflow/example_dags/example_sla_dag.py for tasks to queue
[2024-10-22T09:43:37.713+0000] {logging_mixin.py:190} INFO - [2024-10-22T09:43:37.713+0000] {dagbag.py:588} INFO - Filling up the DagBag from /home/airflow/.local/lib/python3.12/site-packages/airflow/example_dags/example_sla_dag.py
[2024-10-22T09:43:37.731+0000] {processor.py:925} INFO - DAG(s) 'example_sla_dag' retrieved from /home/airflow/.local/lib/python3.12/site-packages/airflow/example_dags/example_sla_dag.py
[2024-10-22T09:43:37.765+0000] {logging_mixin.py:190} INFO - [2024-10-22T09:43:37.765+0000] {dag.py:3239} INFO - Sync 1 DAGs
[2024-10-22T09:43:37.808+0000] {logging_mixin.py:190} INFO - [2024-10-22T09:43:37.807+0000] {dag.py:4180} INFO - Setting next_dagrun for example_sla_dag to 2024-10-22 09:40:00+00:00, run_after=2024-10-22 09:42:00+00:00
[2024-10-22T09:43:37.841+0000] {processor.py:208} INFO - Processing /home/airflow/.local/lib/python3.12/site-packages/airflow/example_dags/example_sla_dag.py took 0.144 seconds
[2024-10-22T09:44:09.229+0000] {processor.py:186} INFO - Started process (PID=2480) to work on /home/airflow/.local/lib/python3.12/site-packages/airflow/example_dags/example_sla_dag.py
[2024-10-22T09:44:09.231+0000] {processor.py:914} INFO - Processing file /home/airflow/.local/lib/python3.12/site-packages/airflow/example_dags/example_sla_dag.py for tasks to queue
[2024-10-22T09:44:09.238+0000] {logging_mixin.py:190} INFO - [2024-10-22T09:44:09.237+0000] {dagbag.py:588} INFO - Filling up the DagBag from /home/airflow/.local/lib/python3.12/site-packages/airflow/example_dags/example_sla_dag.py
[2024-10-22T09:44:09.266+0000] {processor.py:925} INFO - DAG(s) 'example_sla_dag' retrieved from /home/airflow/.local/lib/python3.12/site-packages/airflow/example_dags/example_sla_dag.py
[2024-10-22T09:44:09.309+0000] {logging_mixin.py:190} INFO - [2024-10-22T09:44:09.309+0000] {dag.py:3239} INFO - Sync 1 DAGs
[2024-10-22T09:44:09.371+0000] {logging_mixin.py:190} INFO - [2024-10-22T09:44:09.371+0000] {dag.py:4180} INFO - Setting next_dagrun for example_sla_dag to 2024-10-22 09:42:00+00:00, run_after=2024-10-22 09:44:00+00:00
[2024-10-22T09:44:09.411+0000] {processor.py:208} INFO - Processing /home/airflow/.local/lib/python3.12/site-packages/airflow/example_dags/example_sla_dag.py took 0.198 seconds
