[2024-10-22T09:23:32.915+0000] {processor.py:186} INFO - Started process (PID=103) to work on /home/airflow/.local/lib/python3.12/site-packages/airflow/example_dags/example_xcomargs.py
[2024-10-22T09:23:32.918+0000] {processor.py:914} INFO - Processing file /home/airflow/.local/lib/python3.12/site-packages/airflow/example_dags/example_xcomargs.py for tasks to queue
[2024-10-22T09:23:32.928+0000] {logging_mixin.py:190} INFO - [2024-10-22T09:23:32.927+0000] {dagbag.py:588} INFO - Filling up the DagBag from /home/airflow/.local/lib/python3.12/site-packages/airflow/example_dags/example_xcomargs.py
[2024-10-22T09:23:32.968+0000] {processor.py:925} INFO - DAG(s) 'example_xcom_args', 'example_xcom_args_with_operators' retrieved from /home/airflow/.local/lib/python3.12/site-packages/airflow/example_dags/example_xcomargs.py
[2024-10-22T09:23:33.077+0000] {logging_mixin.py:190} INFO - [2024-10-22T09:23:33.077+0000] {dag.py:3239} INFO - Sync 2 DAGs
[2024-10-22T09:23:33.161+0000] {logging_mixin.py:190} INFO - [2024-10-22T09:23:33.161+0000] {dag.py:4180} INFO - Setting next_dagrun for example_xcom_args to None, run_after=None
[2024-10-22T09:23:33.182+0000] {logging_mixin.py:190} INFO - [2024-10-22T09:23:33.178+0000] {dag.py:4180} INFO - Setting next_dagrun for example_xcom_args_with_operators to None, run_after=None
[2024-10-22T09:23:33.304+0000] {processor.py:208} INFO - Processing /home/airflow/.local/lib/python3.12/site-packages/airflow/example_dags/example_xcomargs.py took 0.408 seconds
[2024-10-22T09:24:25.629+0000] {processor.py:186} INFO - Started process (PID=182) to work on /home/airflow/.local/lib/python3.12/site-packages/airflow/example_dags/example_xcomargs.py
[2024-10-22T09:24:25.647+0000] {processor.py:914} INFO - Processing file /home/airflow/.local/lib/python3.12/site-packages/airflow/example_dags/example_xcomargs.py for tasks to queue
[2024-10-22T09:24:25.666+0000] {logging_mixin.py:190} INFO - [2024-10-22T09:24:25.664+0000] {dagbag.py:588} INFO - Filling up the DagBag from /home/airflow/.local/lib/python3.12/site-packages/airflow/example_dags/example_xcomargs.py
[2024-10-22T09:24:25.726+0000] {processor.py:925} INFO - DAG(s) 'example_xcom_args_with_operators', 'example_xcom_args' retrieved from /home/airflow/.local/lib/python3.12/site-packages/airflow/example_dags/example_xcomargs.py
[2024-10-22T09:24:25.827+0000] {logging_mixin.py:190} INFO - [2024-10-22T09:24:25.824+0000] {dag.py:3239} INFO - Sync 2 DAGs
[2024-10-22T09:24:25.880+0000] {logging_mixin.py:190} INFO - [2024-10-22T09:24:25.880+0000] {dag.py:4180} INFO - Setting next_dagrun for example_xcom_args to None, run_after=None
[2024-10-22T09:24:25.890+0000] {logging_mixin.py:190} INFO - [2024-10-22T09:24:25.890+0000] {dag.py:4180} INFO - Setting next_dagrun for example_xcom_args_with_operators to None, run_after=None
[2024-10-22T09:24:26.997+0000] {processor.py:208} INFO - Processing /home/airflow/.local/lib/python3.12/site-packages/airflow/example_dags/example_xcomargs.py took 1.394 seconds
[2024-10-22T09:25:02.982+0000] {processor.py:186} INFO - Started process (PID=244) to work on /home/airflow/.local/lib/python3.12/site-packages/airflow/example_dags/example_xcomargs.py
[2024-10-22T09:25:02.985+0000] {processor.py:914} INFO - Processing file /home/airflow/.local/lib/python3.12/site-packages/airflow/example_dags/example_xcomargs.py for tasks to queue
[2024-10-22T09:25:02.993+0000] {logging_mixin.py:190} INFO - [2024-10-22T09:25:02.992+0000] {dagbag.py:588} INFO - Filling up the DagBag from /home/airflow/.local/lib/python3.12/site-packages/airflow/example_dags/example_xcomargs.py
[2024-10-22T09:25:03.035+0000] {processor.py:925} INFO - DAG(s) 'example_xcom_args_with_operators', 'example_xcom_args' retrieved from /home/airflow/.local/lib/python3.12/site-packages/airflow/example_dags/example_xcomargs.py
[2024-10-22T09:25:03.174+0000] {logging_mixin.py:190} INFO - [2024-10-22T09:25:03.173+0000] {dag.py:3239} INFO - Sync 2 DAGs
[2024-10-22T09:25:03.283+0000] {logging_mixin.py:190} INFO - [2024-10-22T09:25:03.282+0000] {dag.py:4180} INFO - Setting next_dagrun for example_xcom_args to None, run_after=None
[2024-10-22T09:25:03.303+0000] {logging_mixin.py:190} INFO - [2024-10-22T09:25:03.303+0000] {dag.py:4180} INFO - Setting next_dagrun for example_xcom_args_with_operators to None, run_after=None
[2024-10-22T09:25:03.424+0000] {processor.py:208} INFO - Processing /home/airflow/.local/lib/python3.12/site-packages/airflow/example_dags/example_xcomargs.py took 0.464 seconds
[2024-10-22T09:25:34.779+0000] {processor.py:186} INFO - Started process (PID=306) to work on /home/airflow/.local/lib/python3.12/site-packages/airflow/example_dags/example_xcomargs.py
[2024-10-22T09:25:34.782+0000] {processor.py:914} INFO - Processing file /home/airflow/.local/lib/python3.12/site-packages/airflow/example_dags/example_xcomargs.py for tasks to queue
[2024-10-22T09:25:34.792+0000] {logging_mixin.py:190} INFO - [2024-10-22T09:25:34.791+0000] {dagbag.py:588} INFO - Filling up the DagBag from /home/airflow/.local/lib/python3.12/site-packages/airflow/example_dags/example_xcomargs.py
[2024-10-22T09:25:34.843+0000] {processor.py:925} INFO - DAG(s) 'example_xcom_args', 'example_xcom_args_with_operators' retrieved from /home/airflow/.local/lib/python3.12/site-packages/airflow/example_dags/example_xcomargs.py
[2024-10-22T09:25:34.962+0000] {logging_mixin.py:190} INFO - [2024-10-22T09:25:34.961+0000] {dag.py:3239} INFO - Sync 2 DAGs
[2024-10-22T09:25:35.024+0000] {logging_mixin.py:190} INFO - [2024-10-22T09:25:35.024+0000] {dag.py:4180} INFO - Setting next_dagrun for example_xcom_args to None, run_after=None
[2024-10-22T09:25:35.042+0000] {logging_mixin.py:190} INFO - [2024-10-22T09:25:35.041+0000] {dag.py:4180} INFO - Setting next_dagrun for example_xcom_args_with_operators to None, run_after=None
[2024-10-22T09:25:35.085+0000] {processor.py:208} INFO - Processing /home/airflow/.local/lib/python3.12/site-packages/airflow/example_dags/example_xcomargs.py took 0.344 seconds
[2024-10-22T09:26:08.685+0000] {processor.py:186} INFO - Started process (PID=369) to work on /home/airflow/.local/lib/python3.12/site-packages/airflow/example_dags/example_xcomargs.py
[2024-10-22T09:26:08.688+0000] {processor.py:914} INFO - Processing file /home/airflow/.local/lib/python3.12/site-packages/airflow/example_dags/example_xcomargs.py for tasks to queue
[2024-10-22T09:26:08.695+0000] {logging_mixin.py:190} INFO - [2024-10-22T09:26:08.694+0000] {dagbag.py:588} INFO - Filling up the DagBag from /home/airflow/.local/lib/python3.12/site-packages/airflow/example_dags/example_xcomargs.py
[2024-10-22T09:26:08.730+0000] {processor.py:925} INFO - DAG(s) 'example_xcom_args', 'example_xcom_args_with_operators' retrieved from /home/airflow/.local/lib/python3.12/site-packages/airflow/example_dags/example_xcomargs.py
[2024-10-22T09:26:08.804+0000] {logging_mixin.py:190} INFO - [2024-10-22T09:26:08.803+0000] {dag.py:3239} INFO - Sync 2 DAGs
[2024-10-22T09:26:08.872+0000] {logging_mixin.py:190} INFO - [2024-10-22T09:26:08.871+0000] {dag.py:4180} INFO - Setting next_dagrun for example_xcom_args to None, run_after=None
[2024-10-22T09:26:08.883+0000] {logging_mixin.py:190} INFO - [2024-10-22T09:26:08.882+0000] {dag.py:4180} INFO - Setting next_dagrun for example_xcom_args_with_operators to None, run_after=None
[2024-10-22T09:26:08.983+0000] {processor.py:208} INFO - Processing /home/airflow/.local/lib/python3.12/site-packages/airflow/example_dags/example_xcomargs.py took 0.325 seconds
[2024-10-22T09:26:53.299+0000] {processor.py:186} INFO - Started process (PID=440) to work on /home/airflow/.local/lib/python3.12/site-packages/airflow/example_dags/example_xcomargs.py
[2024-10-22T09:26:53.318+0000] {processor.py:914} INFO - Processing file /home/airflow/.local/lib/python3.12/site-packages/airflow/example_dags/example_xcomargs.py for tasks to queue
[2024-10-22T09:26:53.335+0000] {logging_mixin.py:190} INFO - [2024-10-22T09:26:53.334+0000] {dagbag.py:588} INFO - Filling up the DagBag from /home/airflow/.local/lib/python3.12/site-packages/airflow/example_dags/example_xcomargs.py
[2024-10-22T09:26:53.439+0000] {processor.py:925} INFO - DAG(s) 'example_xcom_args', 'example_xcom_args_with_operators' retrieved from /home/airflow/.local/lib/python3.12/site-packages/airflow/example_dags/example_xcomargs.py
[2024-10-22T09:26:53.645+0000] {logging_mixin.py:190} INFO - [2024-10-22T09:26:53.645+0000] {dag.py:3239} INFO - Sync 2 DAGs
[2024-10-22T09:26:53.818+0000] {logging_mixin.py:190} INFO - [2024-10-22T09:26:53.818+0000] {dag.py:4180} INFO - Setting next_dagrun for example_xcom_args to None, run_after=None
[2024-10-22T09:26:53.853+0000] {logging_mixin.py:190} INFO - [2024-10-22T09:26:53.852+0000] {dag.py:4180} INFO - Setting next_dagrun for example_xcom_args_with_operators to None, run_after=None
[2024-10-22T09:26:53.963+0000] {processor.py:208} INFO - Processing /home/airflow/.local/lib/python3.12/site-packages/airflow/example_dags/example_xcomargs.py took 0.724 seconds
[2024-10-22T09:27:24.063+0000] {processor.py:186} INFO - Started process (PID=501) to work on /home/airflow/.local/lib/python3.12/site-packages/airflow/example_dags/example_xcomargs.py
[2024-10-22T09:27:24.070+0000] {processor.py:914} INFO - Processing file /home/airflow/.local/lib/python3.12/site-packages/airflow/example_dags/example_xcomargs.py for tasks to queue
[2024-10-22T09:27:24.077+0000] {logging_mixin.py:190} INFO - [2024-10-22T09:27:24.076+0000] {dagbag.py:588} INFO - Filling up the DagBag from /home/airflow/.local/lib/python3.12/site-packages/airflow/example_dags/example_xcomargs.py
[2024-10-22T09:27:24.124+0000] {processor.py:925} INFO - DAG(s) 'example_xcom_args_with_operators', 'example_xcom_args' retrieved from /home/airflow/.local/lib/python3.12/site-packages/airflow/example_dags/example_xcomargs.py
[2024-10-22T09:27:24.255+0000] {logging_mixin.py:190} INFO - [2024-10-22T09:27:24.254+0000] {dag.py:3239} INFO - Sync 2 DAGs
[2024-10-22T09:27:24.338+0000] {logging_mixin.py:190} INFO - [2024-10-22T09:27:24.333+0000] {dag.py:4180} INFO - Setting next_dagrun for example_xcom_args to None, run_after=None
[2024-10-22T09:27:24.363+0000] {logging_mixin.py:190} INFO - [2024-10-22T09:27:24.362+0000] {dag.py:4180} INFO - Setting next_dagrun for example_xcom_args_with_operators to None, run_after=None
[2024-10-22T09:27:24.466+0000] {processor.py:208} INFO - Processing /home/airflow/.local/lib/python3.12/site-packages/airflow/example_dags/example_xcomargs.py took 0.427 seconds
[2024-10-22T09:27:55.067+0000] {processor.py:186} INFO - Started process (PID=564) to work on /home/airflow/.local/lib/python3.12/site-packages/airflow/example_dags/example_xcomargs.py
[2024-10-22T09:27:55.074+0000] {processor.py:914} INFO - Processing file /home/airflow/.local/lib/python3.12/site-packages/airflow/example_dags/example_xcomargs.py for tasks to queue
[2024-10-22T09:27:55.084+0000] {logging_mixin.py:190} INFO - [2024-10-22T09:27:55.083+0000] {dagbag.py:588} INFO - Filling up the DagBag from /home/airflow/.local/lib/python3.12/site-packages/airflow/example_dags/example_xcomargs.py
[2024-10-22T09:27:55.173+0000] {processor.py:925} INFO - DAG(s) 'example_xcom_args_with_operators', 'example_xcom_args' retrieved from /home/airflow/.local/lib/python3.12/site-packages/airflow/example_dags/example_xcomargs.py
[2024-10-22T09:27:55.320+0000] {logging_mixin.py:190} INFO - [2024-10-22T09:27:55.319+0000] {dag.py:3239} INFO - Sync 2 DAGs
[2024-10-22T09:27:55.440+0000] {logging_mixin.py:190} INFO - [2024-10-22T09:27:55.439+0000] {dag.py:4180} INFO - Setting next_dagrun for example_xcom_args to None, run_after=None
[2024-10-22T09:27:55.473+0000] {logging_mixin.py:190} INFO - [2024-10-22T09:27:55.473+0000] {dag.py:4180} INFO - Setting next_dagrun for example_xcom_args_with_operators to None, run_after=None
[2024-10-22T09:27:55.585+0000] {processor.py:208} INFO - Processing /home/airflow/.local/lib/python3.12/site-packages/airflow/example_dags/example_xcomargs.py took 0.540 seconds
[2024-10-22T09:28:27.322+0000] {processor.py:186} INFO - Started process (PID=627) to work on /home/airflow/.local/lib/python3.12/site-packages/airflow/example_dags/example_xcomargs.py
[2024-10-22T09:28:27.324+0000] {processor.py:914} INFO - Processing file /home/airflow/.local/lib/python3.12/site-packages/airflow/example_dags/example_xcomargs.py for tasks to queue
[2024-10-22T09:28:27.330+0000] {logging_mixin.py:190} INFO - [2024-10-22T09:28:27.329+0000] {dagbag.py:588} INFO - Filling up the DagBag from /home/airflow/.local/lib/python3.12/site-packages/airflow/example_dags/example_xcomargs.py
[2024-10-22T09:28:27.356+0000] {processor.py:925} INFO - DAG(s) 'example_xcom_args', 'example_xcom_args_with_operators' retrieved from /home/airflow/.local/lib/python3.12/site-packages/airflow/example_dags/example_xcomargs.py
[2024-10-22T09:28:27.408+0000] {logging_mixin.py:190} INFO - [2024-10-22T09:28:27.408+0000] {dag.py:3239} INFO - Sync 2 DAGs
[2024-10-22T09:28:27.455+0000] {logging_mixin.py:190} INFO - [2024-10-22T09:28:27.455+0000] {dag.py:4180} INFO - Setting next_dagrun for example_xcom_args to None, run_after=None
[2024-10-22T09:28:27.464+0000] {logging_mixin.py:190} INFO - [2024-10-22T09:28:27.464+0000] {dag.py:4180} INFO - Setting next_dagrun for example_xcom_args_with_operators to None, run_after=None
[2024-10-22T09:28:27.567+0000] {processor.py:208} INFO - Processing /home/airflow/.local/lib/python3.12/site-packages/airflow/example_dags/example_xcomargs.py took 0.262 seconds
[2024-10-22T09:28:58.222+0000] {processor.py:186} INFO - Started process (PID=690) to work on /home/airflow/.local/lib/python3.12/site-packages/airflow/example_dags/example_xcomargs.py
[2024-10-22T09:28:58.224+0000] {processor.py:914} INFO - Processing file /home/airflow/.local/lib/python3.12/site-packages/airflow/example_dags/example_xcomargs.py for tasks to queue
[2024-10-22T09:28:58.230+0000] {logging_mixin.py:190} INFO - [2024-10-22T09:28:58.229+0000] {dagbag.py:588} INFO - Filling up the DagBag from /home/airflow/.local/lib/python3.12/site-packages/airflow/example_dags/example_xcomargs.py
[2024-10-22T09:28:58.257+0000] {processor.py:925} INFO - DAG(s) 'example_xcom_args', 'example_xcom_args_with_operators' retrieved from /home/airflow/.local/lib/python3.12/site-packages/airflow/example_dags/example_xcomargs.py
[2024-10-22T09:28:58.317+0000] {logging_mixin.py:190} INFO - [2024-10-22T09:28:58.317+0000] {dag.py:3239} INFO - Sync 2 DAGs
[2024-10-22T09:28:58.353+0000] {logging_mixin.py:190} INFO - [2024-10-22T09:28:58.352+0000] {dag.py:4180} INFO - Setting next_dagrun for example_xcom_args to None, run_after=None
[2024-10-22T09:28:58.363+0000] {logging_mixin.py:190} INFO - [2024-10-22T09:28:58.362+0000] {dag.py:4180} INFO - Setting next_dagrun for example_xcom_args_with_operators to None, run_after=None
[2024-10-22T09:28:58.400+0000] {processor.py:208} INFO - Processing /home/airflow/.local/lib/python3.12/site-packages/airflow/example_dags/example_xcomargs.py took 0.193 seconds
[2024-10-22T09:29:29.226+0000] {processor.py:186} INFO - Started process (PID=751) to work on /home/airflow/.local/lib/python3.12/site-packages/airflow/example_dags/example_xcomargs.py
[2024-10-22T09:29:29.231+0000] {processor.py:914} INFO - Processing file /home/airflow/.local/lib/python3.12/site-packages/airflow/example_dags/example_xcomargs.py for tasks to queue
[2024-10-22T09:29:29.237+0000] {logging_mixin.py:190} INFO - [2024-10-22T09:29:29.236+0000] {dagbag.py:588} INFO - Filling up the DagBag from /home/airflow/.local/lib/python3.12/site-packages/airflow/example_dags/example_xcomargs.py
[2024-10-22T09:29:29.265+0000] {processor.py:925} INFO - DAG(s) 'example_xcom_args_with_operators', 'example_xcom_args' retrieved from /home/airflow/.local/lib/python3.12/site-packages/airflow/example_dags/example_xcomargs.py
[2024-10-22T09:29:29.370+0000] {logging_mixin.py:190} INFO - [2024-10-22T09:29:29.369+0000] {dag.py:3239} INFO - Sync 2 DAGs
[2024-10-22T09:29:29.428+0000] {logging_mixin.py:190} INFO - [2024-10-22T09:29:29.428+0000] {dag.py:4180} INFO - Setting next_dagrun for example_xcom_args to None, run_after=None
[2024-10-22T09:29:29.447+0000] {logging_mixin.py:190} INFO - [2024-10-22T09:29:29.447+0000] {dag.py:4180} INFO - Setting next_dagrun for example_xcom_args_with_operators to None, run_after=None
[2024-10-22T09:29:29.508+0000] {processor.py:208} INFO - Processing /home/airflow/.local/lib/python3.12/site-packages/airflow/example_dags/example_xcomargs.py took 0.299 seconds
[2024-10-22T09:30:00.603+0000] {processor.py:186} INFO - Started process (PID=813) to work on /home/airflow/.local/lib/python3.12/site-packages/airflow/example_dags/example_xcomargs.py
[2024-10-22T09:30:00.605+0000] {processor.py:914} INFO - Processing file /home/airflow/.local/lib/python3.12/site-packages/airflow/example_dags/example_xcomargs.py for tasks to queue
[2024-10-22T09:30:00.613+0000] {logging_mixin.py:190} INFO - [2024-10-22T09:30:00.612+0000] {dagbag.py:588} INFO - Filling up the DagBag from /home/airflow/.local/lib/python3.12/site-packages/airflow/example_dags/example_xcomargs.py
[2024-10-22T09:30:00.662+0000] {processor.py:925} INFO - DAG(s) 'example_xcom_args', 'example_xcom_args_with_operators' retrieved from /home/airflow/.local/lib/python3.12/site-packages/airflow/example_dags/example_xcomargs.py
[2024-10-22T09:30:00.749+0000] {logging_mixin.py:190} INFO - [2024-10-22T09:30:00.748+0000] {dag.py:3239} INFO - Sync 2 DAGs
[2024-10-22T09:30:00.832+0000] {logging_mixin.py:190} INFO - [2024-10-22T09:30:00.831+0000] {dag.py:4180} INFO - Setting next_dagrun for example_xcom_args to None, run_after=None
[2024-10-22T09:30:00.867+0000] {logging_mixin.py:190} INFO - [2024-10-22T09:30:00.867+0000] {dag.py:4180} INFO - Setting next_dagrun for example_xcom_args_with_operators to None, run_after=None
[2024-10-22T09:30:00.937+0000] {processor.py:208} INFO - Processing /home/airflow/.local/lib/python3.12/site-packages/airflow/example_dags/example_xcomargs.py took 0.350 seconds
[2024-10-22T09:30:31.801+0000] {processor.py:186} INFO - Started process (PID=875) to work on /home/airflow/.local/lib/python3.12/site-packages/airflow/example_dags/example_xcomargs.py
[2024-10-22T09:30:31.803+0000] {processor.py:914} INFO - Processing file /home/airflow/.local/lib/python3.12/site-packages/airflow/example_dags/example_xcomargs.py for tasks to queue
[2024-10-22T09:30:31.820+0000] {logging_mixin.py:190} INFO - [2024-10-22T09:30:31.819+0000] {dagbag.py:588} INFO - Filling up the DagBag from /home/airflow/.local/lib/python3.12/site-packages/airflow/example_dags/example_xcomargs.py
[2024-10-22T09:30:31.895+0000] {processor.py:925} INFO - DAG(s) 'example_xcom_args', 'example_xcom_args_with_operators' retrieved from /home/airflow/.local/lib/python3.12/site-packages/airflow/example_dags/example_xcomargs.py
[2024-10-22T09:30:32.014+0000] {logging_mixin.py:190} INFO - [2024-10-22T09:30:32.013+0000] {dag.py:3239} INFO - Sync 2 DAGs
[2024-10-22T09:30:32.107+0000] {logging_mixin.py:190} INFO - [2024-10-22T09:30:32.106+0000] {dag.py:4180} INFO - Setting next_dagrun for example_xcom_args to None, run_after=None
[2024-10-22T09:30:32.136+0000] {logging_mixin.py:190} INFO - [2024-10-22T09:30:32.134+0000] {dag.py:4180} INFO - Setting next_dagrun for example_xcom_args_with_operators to None, run_after=None
[2024-10-22T09:30:32.251+0000] {processor.py:208} INFO - Processing /home/airflow/.local/lib/python3.12/site-packages/airflow/example_dags/example_xcomargs.py took 0.475 seconds
[2024-10-22T09:31:02.594+0000] {processor.py:186} INFO - Started process (PID=937) to work on /home/airflow/.local/lib/python3.12/site-packages/airflow/example_dags/example_xcomargs.py
[2024-10-22T09:31:02.596+0000] {processor.py:914} INFO - Processing file /home/airflow/.local/lib/python3.12/site-packages/airflow/example_dags/example_xcomargs.py for tasks to queue
[2024-10-22T09:31:02.603+0000] {logging_mixin.py:190} INFO - [2024-10-22T09:31:02.602+0000] {dagbag.py:588} INFO - Filling up the DagBag from /home/airflow/.local/lib/python3.12/site-packages/airflow/example_dags/example_xcomargs.py
[2024-10-22T09:31:02.628+0000] {processor.py:925} INFO - DAG(s) 'example_xcom_args', 'example_xcom_args_with_operators' retrieved from /home/airflow/.local/lib/python3.12/site-packages/airflow/example_dags/example_xcomargs.py
[2024-10-22T09:31:02.697+0000] {logging_mixin.py:190} INFO - [2024-10-22T09:31:02.696+0000] {dag.py:3239} INFO - Sync 2 DAGs
[2024-10-22T09:31:02.737+0000] {logging_mixin.py:190} INFO - [2024-10-22T09:31:02.737+0000] {dag.py:4180} INFO - Setting next_dagrun for example_xcom_args to None, run_after=None
[2024-10-22T09:31:02.750+0000] {logging_mixin.py:190} INFO - [2024-10-22T09:31:02.750+0000] {dag.py:4180} INFO - Setting next_dagrun for example_xcom_args_with_operators to None, run_after=None
[2024-10-22T09:31:02.811+0000] {processor.py:208} INFO - Processing /home/airflow/.local/lib/python3.12/site-packages/airflow/example_dags/example_xcomargs.py took 0.235 seconds
[2024-10-22T09:31:43.604+0000] {processor.py:186} INFO - Started process (PID=1002) to work on /home/airflow/.local/lib/python3.12/site-packages/airflow/example_dags/example_xcomargs.py
[2024-10-22T09:31:43.617+0000] {processor.py:914} INFO - Processing file /home/airflow/.local/lib/python3.12/site-packages/airflow/example_dags/example_xcomargs.py for tasks to queue
[2024-10-22T09:31:43.624+0000] {logging_mixin.py:190} INFO - [2024-10-22T09:31:43.623+0000] {dagbag.py:588} INFO - Filling up the DagBag from /home/airflow/.local/lib/python3.12/site-packages/airflow/example_dags/example_xcomargs.py
[2024-10-22T09:31:43.707+0000] {processor.py:925} INFO - DAG(s) 'example_xcom_args_with_operators', 'example_xcom_args' retrieved from /home/airflow/.local/lib/python3.12/site-packages/airflow/example_dags/example_xcomargs.py
[2024-10-22T09:31:43.894+0000] {logging_mixin.py:190} INFO - [2024-10-22T09:31:43.893+0000] {dag.py:3239} INFO - Sync 2 DAGs
[2024-10-22T09:31:44.018+0000] {logging_mixin.py:190} INFO - [2024-10-22T09:31:44.018+0000] {dag.py:4180} INFO - Setting next_dagrun for example_xcom_args to None, run_after=None
[2024-10-22T09:31:44.050+0000] {logging_mixin.py:190} INFO - [2024-10-22T09:31:44.050+0000] {dag.py:4180} INFO - Setting next_dagrun for example_xcom_args_with_operators to None, run_after=None
[2024-10-22T09:31:44.164+0000] {processor.py:208} INFO - Processing /home/airflow/.local/lib/python3.12/site-packages/airflow/example_dags/example_xcomargs.py took 0.604 seconds
[2024-10-22T09:32:27.768+0000] {processor.py:186} INFO - Started process (PID=1073) to work on /home/airflow/.local/lib/python3.12/site-packages/airflow/example_dags/example_xcomargs.py
[2024-10-22T09:32:27.771+0000] {processor.py:914} INFO - Processing file /home/airflow/.local/lib/python3.12/site-packages/airflow/example_dags/example_xcomargs.py for tasks to queue
[2024-10-22T09:32:27.788+0000] {logging_mixin.py:190} INFO - [2024-10-22T09:32:27.787+0000] {dagbag.py:588} INFO - Filling up the DagBag from /home/airflow/.local/lib/python3.12/site-packages/airflow/example_dags/example_xcomargs.py
[2024-10-22T09:32:27.939+0000] {processor.py:925} INFO - DAG(s) 'example_xcom_args', 'example_xcom_args_with_operators' retrieved from /home/airflow/.local/lib/python3.12/site-packages/airflow/example_dags/example_xcomargs.py
[2024-10-22T09:32:28.102+0000] {logging_mixin.py:190} INFO - [2024-10-22T09:32:28.101+0000] {dag.py:3239} INFO - Sync 2 DAGs
[2024-10-22T09:32:28.211+0000] {logging_mixin.py:190} INFO - [2024-10-22T09:32:28.211+0000] {dag.py:4180} INFO - Setting next_dagrun for example_xcom_args to None, run_after=None
[2024-10-22T09:32:28.255+0000] {logging_mixin.py:190} INFO - [2024-10-22T09:32:28.245+0000] {dag.py:4180} INFO - Setting next_dagrun for example_xcom_args_with_operators to None, run_after=None
[2024-10-22T09:32:28.340+0000] {processor.py:208} INFO - Processing /home/airflow/.local/lib/python3.12/site-packages/airflow/example_dags/example_xcomargs.py took 0.664 seconds
[2024-10-22T09:33:05.675+0000] {processor.py:186} INFO - Started process (PID=1140) to work on /home/airflow/.local/lib/python3.12/site-packages/airflow/example_dags/example_xcomargs.py
[2024-10-22T09:33:05.678+0000] {processor.py:914} INFO - Processing file /home/airflow/.local/lib/python3.12/site-packages/airflow/example_dags/example_xcomargs.py for tasks to queue
[2024-10-22T09:33:05.693+0000] {logging_mixin.py:190} INFO - [2024-10-22T09:33:05.692+0000] {dagbag.py:588} INFO - Filling up the DagBag from /home/airflow/.local/lib/python3.12/site-packages/airflow/example_dags/example_xcomargs.py
[2024-10-22T09:33:05.758+0000] {processor.py:925} INFO - DAG(s) 'example_xcom_args_with_operators', 'example_xcom_args' retrieved from /home/airflow/.local/lib/python3.12/site-packages/airflow/example_dags/example_xcomargs.py
[2024-10-22T09:33:05.930+0000] {logging_mixin.py:190} INFO - [2024-10-22T09:33:05.920+0000] {dag.py:3239} INFO - Sync 2 DAGs
[2024-10-22T09:33:06.020+0000] {logging_mixin.py:190} INFO - [2024-10-22T09:33:06.019+0000] {dag.py:4180} INFO - Setting next_dagrun for example_xcom_args to None, run_after=None
[2024-10-22T09:33:06.041+0000] {logging_mixin.py:190} INFO - [2024-10-22T09:33:06.040+0000] {dag.py:4180} INFO - Setting next_dagrun for example_xcom_args_with_operators to None, run_after=None
[2024-10-22T09:33:06.118+0000] {processor.py:208} INFO - Processing /home/airflow/.local/lib/python3.12/site-packages/airflow/example_dags/example_xcomargs.py took 0.463 seconds
[2024-10-22T09:33:36.356+0000] {processor.py:186} INFO - Started process (PID=1203) to work on /home/airflow/.local/lib/python3.12/site-packages/airflow/example_dags/example_xcomargs.py
[2024-10-22T09:33:36.359+0000] {processor.py:914} INFO - Processing file /home/airflow/.local/lib/python3.12/site-packages/airflow/example_dags/example_xcomargs.py for tasks to queue
[2024-10-22T09:33:36.364+0000] {logging_mixin.py:190} INFO - [2024-10-22T09:33:36.363+0000] {dagbag.py:588} INFO - Filling up the DagBag from /home/airflow/.local/lib/python3.12/site-packages/airflow/example_dags/example_xcomargs.py
[2024-10-22T09:33:36.386+0000] {processor.py:925} INFO - DAG(s) 'example_xcom_args_with_operators', 'example_xcom_args' retrieved from /home/airflow/.local/lib/python3.12/site-packages/airflow/example_dags/example_xcomargs.py
[2024-10-22T09:33:36.440+0000] {logging_mixin.py:190} INFO - [2024-10-22T09:33:36.439+0000] {dag.py:3239} INFO - Sync 2 DAGs
[2024-10-22T09:33:36.475+0000] {logging_mixin.py:190} INFO - [2024-10-22T09:33:36.474+0000] {dag.py:4180} INFO - Setting next_dagrun for example_xcom_args to None, run_after=None
[2024-10-22T09:33:36.483+0000] {logging_mixin.py:190} INFO - [2024-10-22T09:33:36.482+0000] {dag.py:4180} INFO - Setting next_dagrun for example_xcom_args_with_operators to None, run_after=None
[2024-10-22T09:33:36.523+0000] {processor.py:208} INFO - Processing /home/airflow/.local/lib/python3.12/site-packages/airflow/example_dags/example_xcomargs.py took 0.182 seconds
[2024-10-22T09:34:06.870+0000] {processor.py:186} INFO - Started process (PID=1266) to work on /home/airflow/.local/lib/python3.12/site-packages/airflow/example_dags/example_xcomargs.py
[2024-10-22T09:34:06.872+0000] {processor.py:914} INFO - Processing file /home/airflow/.local/lib/python3.12/site-packages/airflow/example_dags/example_xcomargs.py for tasks to queue
[2024-10-22T09:34:06.877+0000] {logging_mixin.py:190} INFO - [2024-10-22T09:34:06.876+0000] {dagbag.py:588} INFO - Filling up the DagBag from /home/airflow/.local/lib/python3.12/site-packages/airflow/example_dags/example_xcomargs.py
[2024-10-22T09:34:06.898+0000] {processor.py:925} INFO - DAG(s) 'example_xcom_args', 'example_xcom_args_with_operators' retrieved from /home/airflow/.local/lib/python3.12/site-packages/airflow/example_dags/example_xcomargs.py
[2024-10-22T09:34:06.951+0000] {logging_mixin.py:190} INFO - [2024-10-22T09:34:06.950+0000] {dag.py:3239} INFO - Sync 2 DAGs
[2024-10-22T09:34:06.976+0000] {logging_mixin.py:190} INFO - [2024-10-22T09:34:06.975+0000] {dag.py:4180} INFO - Setting next_dagrun for example_xcom_args to None, run_after=None
[2024-10-22T09:34:06.982+0000] {logging_mixin.py:190} INFO - [2024-10-22T09:34:06.982+0000] {dag.py:4180} INFO - Setting next_dagrun for example_xcom_args_with_operators to None, run_after=None
[2024-10-22T09:34:07.008+0000] {processor.py:208} INFO - Processing /home/airflow/.local/lib/python3.12/site-packages/airflow/example_dags/example_xcomargs.py took 0.149 seconds
[2024-10-22T09:34:37.917+0000] {processor.py:186} INFO - Started process (PID=1326) to work on /home/airflow/.local/lib/python3.12/site-packages/airflow/example_dags/example_xcomargs.py
[2024-10-22T09:34:37.921+0000] {processor.py:914} INFO - Processing file /home/airflow/.local/lib/python3.12/site-packages/airflow/example_dags/example_xcomargs.py for tasks to queue
[2024-10-22T09:34:37.928+0000] {logging_mixin.py:190} INFO - [2024-10-22T09:34:37.927+0000] {dagbag.py:588} INFO - Filling up the DagBag from /home/airflow/.local/lib/python3.12/site-packages/airflow/example_dags/example_xcomargs.py
[2024-10-22T09:34:37.955+0000] {processor.py:925} INFO - DAG(s) 'example_xcom_args', 'example_xcom_args_with_operators' retrieved from /home/airflow/.local/lib/python3.12/site-packages/airflow/example_dags/example_xcomargs.py
[2024-10-22T09:34:38.030+0000] {logging_mixin.py:190} INFO - [2024-10-22T09:34:38.030+0000] {dag.py:3239} INFO - Sync 2 DAGs
[2024-10-22T09:34:38.068+0000] {logging_mixin.py:190} INFO - [2024-10-22T09:34:38.068+0000] {dag.py:4180} INFO - Setting next_dagrun for example_xcom_args to None, run_after=None
[2024-10-22T09:34:38.076+0000] {logging_mixin.py:190} INFO - [2024-10-22T09:34:38.075+0000] {dag.py:4180} INFO - Setting next_dagrun for example_xcom_args_with_operators to None, run_after=None
[2024-10-22T09:34:38.115+0000] {processor.py:208} INFO - Processing /home/airflow/.local/lib/python3.12/site-packages/airflow/example_dags/example_xcomargs.py took 0.216 seconds
[2024-10-22T09:35:09.468+0000] {processor.py:186} INFO - Started process (PID=1388) to work on /home/airflow/.local/lib/python3.12/site-packages/airflow/example_dags/example_xcomargs.py
[2024-10-22T09:35:09.470+0000] {processor.py:914} INFO - Processing file /home/airflow/.local/lib/python3.12/site-packages/airflow/example_dags/example_xcomargs.py for tasks to queue
[2024-10-22T09:35:09.476+0000] {logging_mixin.py:190} INFO - [2024-10-22T09:35:09.476+0000] {dagbag.py:588} INFO - Filling up the DagBag from /home/airflow/.local/lib/python3.12/site-packages/airflow/example_dags/example_xcomargs.py
[2024-10-22T09:35:09.506+0000] {processor.py:925} INFO - DAG(s) 'example_xcom_args_with_operators', 'example_xcom_args' retrieved from /home/airflow/.local/lib/python3.12/site-packages/airflow/example_dags/example_xcomargs.py
[2024-10-22T09:35:09.597+0000] {logging_mixin.py:190} INFO - [2024-10-22T09:35:09.597+0000] {dag.py:3239} INFO - Sync 2 DAGs
[2024-10-22T09:35:09.634+0000] {logging_mixin.py:190} INFO - [2024-10-22T09:35:09.634+0000] {dag.py:4180} INFO - Setting next_dagrun for example_xcom_args to None, run_after=None
[2024-10-22T09:35:09.643+0000] {logging_mixin.py:190} INFO - [2024-10-22T09:35:09.642+0000] {dag.py:4180} INFO - Setting next_dagrun for example_xcom_args_with_operators to None, run_after=None
[2024-10-22T09:35:09.703+0000] {processor.py:208} INFO - Processing /home/airflow/.local/lib/python3.12/site-packages/airflow/example_dags/example_xcomargs.py took 0.253 seconds
[2024-10-22T09:35:40.255+0000] {processor.py:186} INFO - Started process (PID=1451) to work on /home/airflow/.local/lib/python3.12/site-packages/airflow/example_dags/example_xcomargs.py
[2024-10-22T09:35:40.257+0000] {processor.py:914} INFO - Processing file /home/airflow/.local/lib/python3.12/site-packages/airflow/example_dags/example_xcomargs.py for tasks to queue
[2024-10-22T09:35:40.263+0000] {logging_mixin.py:190} INFO - [2024-10-22T09:35:40.262+0000] {dagbag.py:588} INFO - Filling up the DagBag from /home/airflow/.local/lib/python3.12/site-packages/airflow/example_dags/example_xcomargs.py
[2024-10-22T09:35:40.289+0000] {processor.py:925} INFO - DAG(s) 'example_xcom_args_with_operators', 'example_xcom_args' retrieved from /home/airflow/.local/lib/python3.12/site-packages/airflow/example_dags/example_xcomargs.py
[2024-10-22T09:35:40.339+0000] {logging_mixin.py:190} INFO - [2024-10-22T09:35:40.338+0000] {dag.py:3239} INFO - Sync 2 DAGs
[2024-10-22T09:35:40.381+0000] {logging_mixin.py:190} INFO - [2024-10-22T09:35:40.381+0000] {dag.py:4180} INFO - Setting next_dagrun for example_xcom_args to None, run_after=None
[2024-10-22T09:35:40.391+0000] {logging_mixin.py:190} INFO - [2024-10-22T09:35:40.391+0000] {dag.py:4180} INFO - Setting next_dagrun for example_xcom_args_with_operators to None, run_after=None
[2024-10-22T09:35:40.422+0000] {processor.py:208} INFO - Processing /home/airflow/.local/lib/python3.12/site-packages/airflow/example_dags/example_xcomargs.py took 0.183 seconds
[2024-10-22T09:36:10.935+0000] {processor.py:186} INFO - Started process (PID=1514) to work on /home/airflow/.local/lib/python3.12/site-packages/airflow/example_dags/example_xcomargs.py
[2024-10-22T09:36:10.937+0000] {processor.py:914} INFO - Processing file /home/airflow/.local/lib/python3.12/site-packages/airflow/example_dags/example_xcomargs.py for tasks to queue
[2024-10-22T09:36:10.941+0000] {logging_mixin.py:190} INFO - [2024-10-22T09:36:10.941+0000] {dagbag.py:588} INFO - Filling up the DagBag from /home/airflow/.local/lib/python3.12/site-packages/airflow/example_dags/example_xcomargs.py
[2024-10-22T09:36:10.966+0000] {processor.py:925} INFO - DAG(s) 'example_xcom_args_with_operators', 'example_xcom_args' retrieved from /home/airflow/.local/lib/python3.12/site-packages/airflow/example_dags/example_xcomargs.py
[2024-10-22T09:36:11.012+0000] {logging_mixin.py:190} INFO - [2024-10-22T09:36:11.012+0000] {dag.py:3239} INFO - Sync 2 DAGs
[2024-10-22T09:36:11.050+0000] {logging_mixin.py:190} INFO - [2024-10-22T09:36:11.049+0000] {dag.py:4180} INFO - Setting next_dagrun for example_xcom_args to None, run_after=None
[2024-10-22T09:36:11.059+0000] {logging_mixin.py:190} INFO - [2024-10-22T09:36:11.058+0000] {dag.py:4180} INFO - Setting next_dagrun for example_xcom_args_with_operators to None, run_after=None
[2024-10-22T09:36:11.087+0000] {processor.py:208} INFO - Processing /home/airflow/.local/lib/python3.12/site-packages/airflow/example_dags/example_xcomargs.py took 0.166 seconds
[2024-10-22T09:36:41.523+0000] {processor.py:186} INFO - Started process (PID=1577) to work on /home/airflow/.local/lib/python3.12/site-packages/airflow/example_dags/example_xcomargs.py
[2024-10-22T09:36:41.527+0000] {processor.py:914} INFO - Processing file /home/airflow/.local/lib/python3.12/site-packages/airflow/example_dags/example_xcomargs.py for tasks to queue
[2024-10-22T09:36:41.533+0000] {logging_mixin.py:190} INFO - [2024-10-22T09:36:41.532+0000] {dagbag.py:588} INFO - Filling up the DagBag from /home/airflow/.local/lib/python3.12/site-packages/airflow/example_dags/example_xcomargs.py
[2024-10-22T09:36:41.560+0000] {processor.py:925} INFO - DAG(s) 'example_xcom_args_with_operators', 'example_xcom_args' retrieved from /home/airflow/.local/lib/python3.12/site-packages/airflow/example_dags/example_xcomargs.py
[2024-10-22T09:36:41.610+0000] {logging_mixin.py:190} INFO - [2024-10-22T09:36:41.609+0000] {dag.py:3239} INFO - Sync 2 DAGs
[2024-10-22T09:36:41.644+0000] {logging_mixin.py:190} INFO - [2024-10-22T09:36:41.644+0000] {dag.py:4180} INFO - Setting next_dagrun for example_xcom_args to None, run_after=None
[2024-10-22T09:36:41.653+0000] {logging_mixin.py:190} INFO - [2024-10-22T09:36:41.652+0000] {dag.py:4180} INFO - Setting next_dagrun for example_xcom_args_with_operators to None, run_after=None
[2024-10-22T09:36:41.680+0000] {processor.py:208} INFO - Processing /home/airflow/.local/lib/python3.12/site-packages/airflow/example_dags/example_xcomargs.py took 0.170 seconds
[2024-10-22T09:37:12.122+0000] {processor.py:186} INFO - Started process (PID=1638) to work on /home/airflow/.local/lib/python3.12/site-packages/airflow/example_dags/example_xcomargs.py
[2024-10-22T09:37:12.125+0000] {processor.py:914} INFO - Processing file /home/airflow/.local/lib/python3.12/site-packages/airflow/example_dags/example_xcomargs.py for tasks to queue
[2024-10-22T09:37:12.132+0000] {logging_mixin.py:190} INFO - [2024-10-22T09:37:12.131+0000] {dagbag.py:588} INFO - Filling up the DagBag from /home/airflow/.local/lib/python3.12/site-packages/airflow/example_dags/example_xcomargs.py
[2024-10-22T09:37:12.165+0000] {processor.py:925} INFO - DAG(s) 'example_xcom_args_with_operators', 'example_xcom_args' retrieved from /home/airflow/.local/lib/python3.12/site-packages/airflow/example_dags/example_xcomargs.py
[2024-10-22T09:37:12.219+0000] {logging_mixin.py:190} INFO - [2024-10-22T09:37:12.219+0000] {dag.py:3239} INFO - Sync 2 DAGs
[2024-10-22T09:37:12.262+0000] {logging_mixin.py:190} INFO - [2024-10-22T09:37:12.261+0000] {dag.py:4180} INFO - Setting next_dagrun for example_xcom_args to None, run_after=None
[2024-10-22T09:37:12.271+0000] {logging_mixin.py:190} INFO - [2024-10-22T09:37:12.270+0000] {dag.py:4180} INFO - Setting next_dagrun for example_xcom_args_with_operators to None, run_after=None
[2024-10-22T09:37:12.316+0000] {processor.py:208} INFO - Processing /home/airflow/.local/lib/python3.12/site-packages/airflow/example_dags/example_xcomargs.py took 0.210 seconds
[2024-10-22T09:37:42.451+0000] {processor.py:186} INFO - Started process (PID=1700) to work on /home/airflow/.local/lib/python3.12/site-packages/airflow/example_dags/example_xcomargs.py
[2024-10-22T09:37:42.453+0000] {processor.py:914} INFO - Processing file /home/airflow/.local/lib/python3.12/site-packages/airflow/example_dags/example_xcomargs.py for tasks to queue
[2024-10-22T09:37:42.459+0000] {logging_mixin.py:190} INFO - [2024-10-22T09:37:42.458+0000] {dagbag.py:588} INFO - Filling up the DagBag from /home/airflow/.local/lib/python3.12/site-packages/airflow/example_dags/example_xcomargs.py
[2024-10-22T09:37:42.481+0000] {processor.py:925} INFO - DAG(s) 'example_xcom_args', 'example_xcom_args_with_operators' retrieved from /home/airflow/.local/lib/python3.12/site-packages/airflow/example_dags/example_xcomargs.py
[2024-10-22T09:37:42.537+0000] {logging_mixin.py:190} INFO - [2024-10-22T09:37:42.536+0000] {dag.py:3239} INFO - Sync 2 DAGs
[2024-10-22T09:37:42.575+0000] {logging_mixin.py:190} INFO - [2024-10-22T09:37:42.574+0000] {dag.py:4180} INFO - Setting next_dagrun for example_xcom_args to None, run_after=None
[2024-10-22T09:37:42.582+0000] {logging_mixin.py:190} INFO - [2024-10-22T09:37:42.581+0000] {dag.py:4180} INFO - Setting next_dagrun for example_xcom_args_with_operators to None, run_after=None
[2024-10-22T09:37:42.624+0000] {processor.py:208} INFO - Processing /home/airflow/.local/lib/python3.12/site-packages/airflow/example_dags/example_xcomargs.py took 0.196 seconds
[2024-10-22T09:38:12.710+0000] {processor.py:186} INFO - Started process (PID=1762) to work on /home/airflow/.local/lib/python3.12/site-packages/airflow/example_dags/example_xcomargs.py
[2024-10-22T09:38:12.712+0000] {processor.py:914} INFO - Processing file /home/airflow/.local/lib/python3.12/site-packages/airflow/example_dags/example_xcomargs.py for tasks to queue
[2024-10-22T09:38:12.717+0000] {logging_mixin.py:190} INFO - [2024-10-22T09:38:12.717+0000] {dagbag.py:588} INFO - Filling up the DagBag from /home/airflow/.local/lib/python3.12/site-packages/airflow/example_dags/example_xcomargs.py
[2024-10-22T09:38:12.738+0000] {processor.py:925} INFO - DAG(s) 'example_xcom_args', 'example_xcom_args_with_operators' retrieved from /home/airflow/.local/lib/python3.12/site-packages/airflow/example_dags/example_xcomargs.py
[2024-10-22T09:38:12.786+0000] {logging_mixin.py:190} INFO - [2024-10-22T09:38:12.785+0000] {dag.py:3239} INFO - Sync 2 DAGs
[2024-10-22T09:38:12.819+0000] {logging_mixin.py:190} INFO - [2024-10-22T09:38:12.819+0000] {dag.py:4180} INFO - Setting next_dagrun for example_xcom_args to None, run_after=None
[2024-10-22T09:38:12.837+0000] {logging_mixin.py:190} INFO - [2024-10-22T09:38:12.835+0000] {dag.py:4180} INFO - Setting next_dagrun for example_xcom_args_with_operators to None, run_after=None
[2024-10-22T09:38:12.921+0000] {processor.py:208} INFO - Processing /home/airflow/.local/lib/python3.12/site-packages/airflow/example_dags/example_xcomargs.py took 0.223 seconds
[2024-10-22T09:38:43.531+0000] {processor.py:186} INFO - Started process (PID=1823) to work on /home/airflow/.local/lib/python3.12/site-packages/airflow/example_dags/example_xcomargs.py
[2024-10-22T09:38:43.533+0000] {processor.py:914} INFO - Processing file /home/airflow/.local/lib/python3.12/site-packages/airflow/example_dags/example_xcomargs.py for tasks to queue
[2024-10-22T09:38:43.545+0000] {logging_mixin.py:190} INFO - [2024-10-22T09:38:43.544+0000] {dagbag.py:588} INFO - Filling up the DagBag from /home/airflow/.local/lib/python3.12/site-packages/airflow/example_dags/example_xcomargs.py
[2024-10-22T09:38:43.581+0000] {processor.py:925} INFO - DAG(s) 'example_xcom_args', 'example_xcom_args_with_operators' retrieved from /home/airflow/.local/lib/python3.12/site-packages/airflow/example_dags/example_xcomargs.py
[2024-10-22T09:38:43.688+0000] {logging_mixin.py:190} INFO - [2024-10-22T09:38:43.687+0000] {dag.py:3239} INFO - Sync 2 DAGs
[2024-10-22T09:38:43.806+0000] {logging_mixin.py:190} INFO - [2024-10-22T09:38:43.805+0000] {dag.py:4180} INFO - Setting next_dagrun for example_xcom_args to None, run_after=None
[2024-10-22T09:38:43.835+0000] {logging_mixin.py:190} INFO - [2024-10-22T09:38:43.835+0000] {dag.py:4180} INFO - Setting next_dagrun for example_xcom_args_with_operators to None, run_after=None
[2024-10-22T09:38:43.926+0000] {processor.py:208} INFO - Processing /home/airflow/.local/lib/python3.12/site-packages/airflow/example_dags/example_xcomargs.py took 0.412 seconds
[2024-10-22T09:39:15.637+0000] {processor.py:186} INFO - Started process (PID=1886) to work on /home/airflow/.local/lib/python3.12/site-packages/airflow/example_dags/example_xcomargs.py
[2024-10-22T09:39:15.639+0000] {processor.py:914} INFO - Processing file /home/airflow/.local/lib/python3.12/site-packages/airflow/example_dags/example_xcomargs.py for tasks to queue
[2024-10-22T09:39:15.643+0000] {logging_mixin.py:190} INFO - [2024-10-22T09:39:15.643+0000] {dagbag.py:588} INFO - Filling up the DagBag from /home/airflow/.local/lib/python3.12/site-packages/airflow/example_dags/example_xcomargs.py
[2024-10-22T09:39:15.663+0000] {processor.py:925} INFO - DAG(s) 'example_xcom_args_with_operators', 'example_xcom_args' retrieved from /home/airflow/.local/lib/python3.12/site-packages/airflow/example_dags/example_xcomargs.py
[2024-10-22T09:39:15.711+0000] {logging_mixin.py:190} INFO - [2024-10-22T09:39:15.711+0000] {dag.py:3239} INFO - Sync 2 DAGs
[2024-10-22T09:39:15.743+0000] {logging_mixin.py:190} INFO - [2024-10-22T09:39:15.742+0000] {dag.py:4180} INFO - Setting next_dagrun for example_xcom_args to None, run_after=None
[2024-10-22T09:39:15.750+0000] {logging_mixin.py:190} INFO - [2024-10-22T09:39:15.750+0000] {dag.py:4180} INFO - Setting next_dagrun for example_xcom_args_with_operators to None, run_after=None
[2024-10-22T09:39:15.786+0000] {processor.py:208} INFO - Processing /home/airflow/.local/lib/python3.12/site-packages/airflow/example_dags/example_xcomargs.py took 0.163 seconds
[2024-10-22T09:39:46.034+0000] {processor.py:186} INFO - Started process (PID=1947) to work on /home/airflow/.local/lib/python3.12/site-packages/airflow/example_dags/example_xcomargs.py
[2024-10-22T09:39:46.036+0000] {processor.py:914} INFO - Processing file /home/airflow/.local/lib/python3.12/site-packages/airflow/example_dags/example_xcomargs.py for tasks to queue
[2024-10-22T09:39:46.043+0000] {logging_mixin.py:190} INFO - [2024-10-22T09:39:46.042+0000] {dagbag.py:588} INFO - Filling up the DagBag from /home/airflow/.local/lib/python3.12/site-packages/airflow/example_dags/example_xcomargs.py
[2024-10-22T09:39:46.068+0000] {processor.py:925} INFO - DAG(s) 'example_xcom_args', 'example_xcom_args_with_operators' retrieved from /home/airflow/.local/lib/python3.12/site-packages/airflow/example_dags/example_xcomargs.py
[2024-10-22T09:39:46.116+0000] {logging_mixin.py:190} INFO - [2024-10-22T09:39:46.116+0000] {dag.py:3239} INFO - Sync 2 DAGs
[2024-10-22T09:39:46.156+0000] {logging_mixin.py:190} INFO - [2024-10-22T09:39:46.155+0000] {dag.py:4180} INFO - Setting next_dagrun for example_xcom_args to None, run_after=None
[2024-10-22T09:39:46.164+0000] {logging_mixin.py:190} INFO - [2024-10-22T09:39:46.164+0000] {dag.py:4180} INFO - Setting next_dagrun for example_xcom_args_with_operators to None, run_after=None
[2024-10-22T09:39:46.192+0000] {processor.py:208} INFO - Processing /home/airflow/.local/lib/python3.12/site-packages/airflow/example_dags/example_xcomargs.py took 0.171 seconds
[2024-10-22T09:40:16.592+0000] {processor.py:186} INFO - Started process (PID=2009) to work on /home/airflow/.local/lib/python3.12/site-packages/airflow/example_dags/example_xcomargs.py
[2024-10-22T09:40:16.594+0000] {processor.py:914} INFO - Processing file /home/airflow/.local/lib/python3.12/site-packages/airflow/example_dags/example_xcomargs.py for tasks to queue
[2024-10-22T09:40:16.602+0000] {logging_mixin.py:190} INFO - [2024-10-22T09:40:16.601+0000] {dagbag.py:588} INFO - Filling up the DagBag from /home/airflow/.local/lib/python3.12/site-packages/airflow/example_dags/example_xcomargs.py
[2024-10-22T09:40:16.685+0000] {processor.py:925} INFO - DAG(s) 'example_xcom_args_with_operators', 'example_xcom_args' retrieved from /home/airflow/.local/lib/python3.12/site-packages/airflow/example_dags/example_xcomargs.py
[2024-10-22T09:40:16.808+0000] {logging_mixin.py:190} INFO - [2024-10-22T09:40:16.808+0000] {dag.py:3239} INFO - Sync 2 DAGs
[2024-10-22T09:40:16.865+0000] {logging_mixin.py:190} INFO - [2024-10-22T09:40:16.865+0000] {dag.py:4180} INFO - Setting next_dagrun for example_xcom_args to None, run_after=None
[2024-10-22T09:40:16.877+0000] {logging_mixin.py:190} INFO - [2024-10-22T09:40:16.876+0000] {dag.py:4180} INFO - Setting next_dagrun for example_xcom_args_with_operators to None, run_after=None
[2024-10-22T09:40:16.966+0000] {processor.py:208} INFO - Processing /home/airflow/.local/lib/python3.12/site-packages/airflow/example_dags/example_xcomargs.py took 0.392 seconds
[2024-10-22T09:40:47.435+0000] {processor.py:186} INFO - Started process (PID=2071) to work on /home/airflow/.local/lib/python3.12/site-packages/airflow/example_dags/example_xcomargs.py
[2024-10-22T09:40:47.437+0000] {processor.py:914} INFO - Processing file /home/airflow/.local/lib/python3.12/site-packages/airflow/example_dags/example_xcomargs.py for tasks to queue
[2024-10-22T09:40:47.441+0000] {logging_mixin.py:190} INFO - [2024-10-22T09:40:47.441+0000] {dagbag.py:588} INFO - Filling up the DagBag from /home/airflow/.local/lib/python3.12/site-packages/airflow/example_dags/example_xcomargs.py
[2024-10-22T09:40:47.467+0000] {processor.py:925} INFO - DAG(s) 'example_xcom_args', 'example_xcom_args_with_operators' retrieved from /home/airflow/.local/lib/python3.12/site-packages/airflow/example_dags/example_xcomargs.py
[2024-10-22T09:40:47.511+0000] {logging_mixin.py:190} INFO - [2024-10-22T09:40:47.510+0000] {dag.py:3239} INFO - Sync 2 DAGs
[2024-10-22T09:40:47.543+0000] {logging_mixin.py:190} INFO - [2024-10-22T09:40:47.542+0000] {dag.py:4180} INFO - Setting next_dagrun for example_xcom_args to None, run_after=None
[2024-10-22T09:40:47.553+0000] {logging_mixin.py:190} INFO - [2024-10-22T09:40:47.552+0000] {dag.py:4180} INFO - Setting next_dagrun for example_xcom_args_with_operators to None, run_after=None
[2024-10-22T09:40:47.585+0000] {processor.py:208} INFO - Processing /home/airflow/.local/lib/python3.12/site-packages/airflow/example_dags/example_xcomargs.py took 0.162 seconds
[2024-10-22T09:41:18.660+0000] {processor.py:186} INFO - Started process (PID=2133) to work on /home/airflow/.local/lib/python3.12/site-packages/airflow/example_dags/example_xcomargs.py
[2024-10-22T09:41:18.662+0000] {processor.py:914} INFO - Processing file /home/airflow/.local/lib/python3.12/site-packages/airflow/example_dags/example_xcomargs.py for tasks to queue
[2024-10-22T09:41:18.667+0000] {logging_mixin.py:190} INFO - [2024-10-22T09:41:18.666+0000] {dagbag.py:588} INFO - Filling up the DagBag from /home/airflow/.local/lib/python3.12/site-packages/airflow/example_dags/example_xcomargs.py
[2024-10-22T09:41:18.694+0000] {processor.py:925} INFO - DAG(s) 'example_xcom_args', 'example_xcom_args_with_operators' retrieved from /home/airflow/.local/lib/python3.12/site-packages/airflow/example_dags/example_xcomargs.py
[2024-10-22T09:41:18.779+0000] {logging_mixin.py:190} INFO - [2024-10-22T09:41:18.778+0000] {dag.py:3239} INFO - Sync 2 DAGs
[2024-10-22T09:41:18.816+0000] {logging_mixin.py:190} INFO - [2024-10-22T09:41:18.816+0000] {dag.py:4180} INFO - Setting next_dagrun for example_xcom_args to None, run_after=None
[2024-10-22T09:41:18.826+0000] {logging_mixin.py:190} INFO - [2024-10-22T09:41:18.826+0000] {dag.py:4180} INFO - Setting next_dagrun for example_xcom_args_with_operators to None, run_after=None
[2024-10-22T09:41:18.870+0000] {processor.py:208} INFO - Processing /home/airflow/.local/lib/python3.12/site-packages/airflow/example_dags/example_xcomargs.py took 0.225 seconds
[2024-10-22T09:41:49.645+0000] {processor.py:186} INFO - Started process (PID=2195) to work on /home/airflow/.local/lib/python3.12/site-packages/airflow/example_dags/example_xcomargs.py
[2024-10-22T09:41:49.647+0000] {processor.py:914} INFO - Processing file /home/airflow/.local/lib/python3.12/site-packages/airflow/example_dags/example_xcomargs.py for tasks to queue
[2024-10-22T09:41:49.652+0000] {logging_mixin.py:190} INFO - [2024-10-22T09:41:49.651+0000] {dagbag.py:588} INFO - Filling up the DagBag from /home/airflow/.local/lib/python3.12/site-packages/airflow/example_dags/example_xcomargs.py
[2024-10-22T09:41:49.679+0000] {processor.py:925} INFO - DAG(s) 'example_xcom_args_with_operators', 'example_xcom_args' retrieved from /home/airflow/.local/lib/python3.12/site-packages/airflow/example_dags/example_xcomargs.py
[2024-10-22T09:41:49.738+0000] {logging_mixin.py:190} INFO - [2024-10-22T09:41:49.738+0000] {dag.py:3239} INFO - Sync 2 DAGs
[2024-10-22T09:41:49.774+0000] {logging_mixin.py:190} INFO - [2024-10-22T09:41:49.774+0000] {dag.py:4180} INFO - Setting next_dagrun for example_xcom_args to None, run_after=None
[2024-10-22T09:41:49.782+0000] {logging_mixin.py:190} INFO - [2024-10-22T09:41:49.782+0000] {dag.py:4180} INFO - Setting next_dagrun for example_xcom_args_with_operators to None, run_after=None
[2024-10-22T09:41:49.818+0000] {processor.py:208} INFO - Processing /home/airflow/.local/lib/python3.12/site-packages/airflow/example_dags/example_xcomargs.py took 0.190 seconds
[2024-10-22T09:42:23.474+0000] {processor.py:186} INFO - Started process (PID=2258) to work on /home/airflow/.local/lib/python3.12/site-packages/airflow/example_dags/example_xcomargs.py
[2024-10-22T09:42:23.476+0000] {processor.py:914} INFO - Processing file /home/airflow/.local/lib/python3.12/site-packages/airflow/example_dags/example_xcomargs.py for tasks to queue
[2024-10-22T09:42:23.481+0000] {logging_mixin.py:190} INFO - [2024-10-22T09:42:23.480+0000] {dagbag.py:588} INFO - Filling up the DagBag from /home/airflow/.local/lib/python3.12/site-packages/airflow/example_dags/example_xcomargs.py
[2024-10-22T09:42:23.499+0000] {processor.py:925} INFO - DAG(s) 'example_xcom_args_with_operators', 'example_xcom_args' retrieved from /home/airflow/.local/lib/python3.12/site-packages/airflow/example_dags/example_xcomargs.py
[2024-10-22T09:42:23.551+0000] {logging_mixin.py:190} INFO - [2024-10-22T09:42:23.550+0000] {dag.py:3239} INFO - Sync 2 DAGs
[2024-10-22T09:42:23.585+0000] {logging_mixin.py:190} INFO - [2024-10-22T09:42:23.585+0000] {dag.py:4180} INFO - Setting next_dagrun for example_xcom_args to None, run_after=None
[2024-10-22T09:42:23.594+0000] {logging_mixin.py:190} INFO - [2024-10-22T09:42:23.594+0000] {dag.py:4180} INFO - Setting next_dagrun for example_xcom_args_with_operators to None, run_after=None
[2024-10-22T09:42:23.631+0000] {processor.py:208} INFO - Processing /home/airflow/.local/lib/python3.12/site-packages/airflow/example_dags/example_xcomargs.py took 0.169 seconds
[2024-10-22T09:42:54.658+0000] {processor.py:186} INFO - Started process (PID=2320) to work on /home/airflow/.local/lib/python3.12/site-packages/airflow/example_dags/example_xcomargs.py
[2024-10-22T09:42:54.660+0000] {processor.py:914} INFO - Processing file /home/airflow/.local/lib/python3.12/site-packages/airflow/example_dags/example_xcomargs.py for tasks to queue
[2024-10-22T09:42:54.666+0000] {logging_mixin.py:190} INFO - [2024-10-22T09:42:54.666+0000] {dagbag.py:588} INFO - Filling up the DagBag from /home/airflow/.local/lib/python3.12/site-packages/airflow/example_dags/example_xcomargs.py
[2024-10-22T09:42:54.686+0000] {processor.py:925} INFO - DAG(s) 'example_xcom_args_with_operators', 'example_xcom_args' retrieved from /home/airflow/.local/lib/python3.12/site-packages/airflow/example_dags/example_xcomargs.py
[2024-10-22T09:42:54.732+0000] {logging_mixin.py:190} INFO - [2024-10-22T09:42:54.732+0000] {dag.py:3239} INFO - Sync 2 DAGs
[2024-10-22T09:42:54.772+0000] {logging_mixin.py:190} INFO - [2024-10-22T09:42:54.771+0000] {dag.py:4180} INFO - Setting next_dagrun for example_xcom_args to None, run_after=None
[2024-10-22T09:42:54.780+0000] {logging_mixin.py:190} INFO - [2024-10-22T09:42:54.780+0000] {dag.py:4180} INFO - Setting next_dagrun for example_xcom_args_with_operators to None, run_after=None
[2024-10-22T09:42:54.822+0000] {processor.py:208} INFO - Processing /home/airflow/.local/lib/python3.12/site-packages/airflow/example_dags/example_xcomargs.py took 0.177 seconds
[2024-10-22T09:43:24.951+0000] {processor.py:186} INFO - Started process (PID=2381) to work on /home/airflow/.local/lib/python3.12/site-packages/airflow/example_dags/example_xcomargs.py
[2024-10-22T09:43:24.957+0000] {processor.py:914} INFO - Processing file /home/airflow/.local/lib/python3.12/site-packages/airflow/example_dags/example_xcomargs.py for tasks to queue
[2024-10-22T09:43:24.963+0000] {logging_mixin.py:190} INFO - [2024-10-22T09:43:24.963+0000] {dagbag.py:588} INFO - Filling up the DagBag from /home/airflow/.local/lib/python3.12/site-packages/airflow/example_dags/example_xcomargs.py
[2024-10-22T09:43:24.986+0000] {processor.py:925} INFO - DAG(s) 'example_xcom_args_with_operators', 'example_xcom_args' retrieved from /home/airflow/.local/lib/python3.12/site-packages/airflow/example_dags/example_xcomargs.py
[2024-10-22T09:43:25.046+0000] {logging_mixin.py:190} INFO - [2024-10-22T09:43:25.046+0000] {dag.py:3239} INFO - Sync 2 DAGs
[2024-10-22T09:43:25.087+0000] {logging_mixin.py:190} INFO - [2024-10-22T09:43:25.086+0000] {dag.py:4180} INFO - Setting next_dagrun for example_xcom_args to None, run_after=None
[2024-10-22T09:43:25.097+0000] {logging_mixin.py:190} INFO - [2024-10-22T09:43:25.097+0000] {dag.py:4180} INFO - Setting next_dagrun for example_xcom_args_with_operators to None, run_after=None
[2024-10-22T09:43:25.148+0000] {processor.py:208} INFO - Processing /home/airflow/.local/lib/python3.12/site-packages/airflow/example_dags/example_xcomargs.py took 0.213 seconds
[2024-10-22T09:43:55.619+0000] {processor.py:186} INFO - Started process (PID=2443) to work on /home/airflow/.local/lib/python3.12/site-packages/airflow/example_dags/example_xcomargs.py
[2024-10-22T09:43:55.621+0000] {processor.py:914} INFO - Processing file /home/airflow/.local/lib/python3.12/site-packages/airflow/example_dags/example_xcomargs.py for tasks to queue
[2024-10-22T09:43:55.626+0000] {logging_mixin.py:190} INFO - [2024-10-22T09:43:55.625+0000] {dagbag.py:588} INFO - Filling up the DagBag from /home/airflow/.local/lib/python3.12/site-packages/airflow/example_dags/example_xcomargs.py
[2024-10-22T09:43:55.653+0000] {processor.py:925} INFO - DAG(s) 'example_xcom_args', 'example_xcom_args_with_operators' retrieved from /home/airflow/.local/lib/python3.12/site-packages/airflow/example_dags/example_xcomargs.py
[2024-10-22T09:43:55.715+0000] {logging_mixin.py:190} INFO - [2024-10-22T09:43:55.715+0000] {dag.py:3239} INFO - Sync 2 DAGs
[2024-10-22T09:43:55.760+0000] {logging_mixin.py:190} INFO - [2024-10-22T09:43:55.759+0000] {dag.py:4180} INFO - Setting next_dagrun for example_xcom_args to None, run_after=None
[2024-10-22T09:43:55.769+0000] {logging_mixin.py:190} INFO - [2024-10-22T09:43:55.768+0000] {dag.py:4180} INFO - Setting next_dagrun for example_xcom_args_with_operators to None, run_after=None
[2024-10-22T09:43:55.808+0000] {processor.py:208} INFO - Processing /home/airflow/.local/lib/python3.12/site-packages/airflow/example_dags/example_xcomargs.py took 0.203 seconds
