[2024-10-22T09:23:32.613+0000] {processor.py:186} INFO - Started process (PID=102) to work on /home/airflow/.local/lib/python3.12/site-packages/airflow/example_dags/example_external_task_marker_dag.py
[2024-10-22T09:23:32.616+0000] {processor.py:914} INFO - Processing file /home/airflow/.local/lib/python3.12/site-packages/airflow/example_dags/example_external_task_marker_dag.py for tasks to queue
[2024-10-22T09:23:32.637+0000] {logging_mixin.py:190} INFO - [2024-10-22T09:23:32.636+0000] {dagbag.py:588} INFO - Filling up the DagBag from /home/airflow/.local/lib/python3.12/site-packages/airflow/example_dags/example_external_task_marker_dag.py
[2024-10-22T09:23:32.703+0000] {processor.py:925} INFO - DAG(s) 'example_external_task_marker_parent', 'example_external_task_marker_child' retrieved from /home/airflow/.local/lib/python3.12/site-packages/airflow/example_dags/example_external_task_marker_dag.py
[2024-10-22T09:23:32.868+0000] {logging_mixin.py:190} INFO - [2024-10-22T09:23:32.868+0000] {dag.py:3239} INFO - Sync 2 DAGs
[2024-10-22T09:23:32.931+0000] {logging_mixin.py:190} INFO - [2024-10-22T09:23:32.930+0000] {dag.py:4180} INFO - Setting next_dagrun for example_external_task_marker_child to None, run_after=None
[2024-10-22T09:23:32.947+0000] {logging_mixin.py:190} INFO - [2024-10-22T09:23:32.947+0000] {dag.py:4180} INFO - Setting next_dagrun for example_external_task_marker_parent to None, run_after=None
[2024-10-22T09:23:33.047+0000] {processor.py:208} INFO - Processing /home/airflow/.local/lib/python3.12/site-packages/airflow/example_dags/example_external_task_marker_dag.py took 0.469 seconds
[2024-10-22T09:24:24.703+0000] {processor.py:186} INFO - Started process (PID=181) to work on /home/airflow/.local/lib/python3.12/site-packages/airflow/example_dags/example_external_task_marker_dag.py
[2024-10-22T09:24:24.705+0000] {processor.py:914} INFO - Processing file /home/airflow/.local/lib/python3.12/site-packages/airflow/example_dags/example_external_task_marker_dag.py for tasks to queue
[2024-10-22T09:24:24.710+0000] {logging_mixin.py:190} INFO - [2024-10-22T09:24:24.710+0000] {dagbag.py:588} INFO - Filling up the DagBag from /home/airflow/.local/lib/python3.12/site-packages/airflow/example_dags/example_external_task_marker_dag.py
[2024-10-22T09:24:24.727+0000] {processor.py:925} INFO - DAG(s) 'example_external_task_marker_parent', 'example_external_task_marker_child' retrieved from /home/airflow/.local/lib/python3.12/site-packages/airflow/example_dags/example_external_task_marker_dag.py
[2024-10-22T09:24:24.785+0000] {logging_mixin.py:190} INFO - [2024-10-22T09:24:24.784+0000] {dag.py:3239} INFO - Sync 2 DAGs
[2024-10-22T09:24:24.820+0000] {logging_mixin.py:190} INFO - [2024-10-22T09:24:24.819+0000] {dag.py:4180} INFO - Setting next_dagrun for example_external_task_marker_child to None, run_after=None
[2024-10-22T09:24:24.827+0000] {logging_mixin.py:190} INFO - [2024-10-22T09:24:24.826+0000] {dag.py:4180} INFO - Setting next_dagrun for example_external_task_marker_parent to None, run_after=None
[2024-10-22T09:24:25.317+0000] {processor.py:208} INFO - Processing /home/airflow/.local/lib/python3.12/site-packages/airflow/example_dags/example_external_task_marker_dag.py took 0.627 seconds
[2024-10-22T09:25:02.686+0000] {processor.py:186} INFO - Started process (PID=243) to work on /home/airflow/.local/lib/python3.12/site-packages/airflow/example_dags/example_external_task_marker_dag.py
[2024-10-22T09:25:02.704+0000] {processor.py:914} INFO - Processing file /home/airflow/.local/lib/python3.12/site-packages/airflow/example_dags/example_external_task_marker_dag.py for tasks to queue
[2024-10-22T09:25:02.736+0000] {logging_mixin.py:190} INFO - [2024-10-22T09:25:02.735+0000] {dagbag.py:588} INFO - Filling up the DagBag from /home/airflow/.local/lib/python3.12/site-packages/airflow/example_dags/example_external_task_marker_dag.py
[2024-10-22T09:25:02.790+0000] {processor.py:925} INFO - DAG(s) 'example_external_task_marker_child', 'example_external_task_marker_parent' retrieved from /home/airflow/.local/lib/python3.12/site-packages/airflow/example_dags/example_external_task_marker_dag.py
[2024-10-22T09:25:02.868+0000] {logging_mixin.py:190} INFO - [2024-10-22T09:25:02.866+0000] {dag.py:3239} INFO - Sync 2 DAGs
[2024-10-22T09:25:02.910+0000] {logging_mixin.py:190} INFO - [2024-10-22T09:25:02.909+0000] {dag.py:4180} INFO - Setting next_dagrun for example_external_task_marker_child to None, run_after=None
[2024-10-22T09:25:02.926+0000] {logging_mixin.py:190} INFO - [2024-10-22T09:25:02.925+0000] {dag.py:4180} INFO - Setting next_dagrun for example_external_task_marker_parent to None, run_after=None
[2024-10-22T09:25:02.986+0000] {processor.py:208} INFO - Processing /home/airflow/.local/lib/python3.12/site-packages/airflow/example_dags/example_external_task_marker_dag.py took 0.349 seconds
[2024-10-22T09:25:34.083+0000] {processor.py:186} INFO - Started process (PID=305) to work on /home/airflow/.local/lib/python3.12/site-packages/airflow/example_dags/example_external_task_marker_dag.py
[2024-10-22T09:25:34.085+0000] {processor.py:914} INFO - Processing file /home/airflow/.local/lib/python3.12/site-packages/airflow/example_dags/example_external_task_marker_dag.py for tasks to queue
[2024-10-22T09:25:34.090+0000] {logging_mixin.py:190} INFO - [2024-10-22T09:25:34.089+0000] {dagbag.py:588} INFO - Filling up the DagBag from /home/airflow/.local/lib/python3.12/site-packages/airflow/example_dags/example_external_task_marker_dag.py
[2024-10-22T09:25:34.108+0000] {processor.py:925} INFO - DAG(s) 'example_external_task_marker_child', 'example_external_task_marker_parent' retrieved from /home/airflow/.local/lib/python3.12/site-packages/airflow/example_dags/example_external_task_marker_dag.py
[2024-10-22T09:25:34.158+0000] {logging_mixin.py:190} INFO - [2024-10-22T09:25:34.158+0000] {dag.py:3239} INFO - Sync 2 DAGs
[2024-10-22T09:25:34.194+0000] {logging_mixin.py:190} INFO - [2024-10-22T09:25:34.194+0000] {dag.py:4180} INFO - Setting next_dagrun for example_external_task_marker_child to None, run_after=None
[2024-10-22T09:25:34.203+0000] {logging_mixin.py:190} INFO - [2024-10-22T09:25:34.203+0000] {dag.py:4180} INFO - Setting next_dagrun for example_external_task_marker_parent to None, run_after=None
[2024-10-22T09:25:34.476+0000] {processor.py:208} INFO - Processing /home/airflow/.local/lib/python3.12/site-packages/airflow/example_dags/example_external_task_marker_dag.py took 0.409 seconds
[2024-10-22T09:26:08.207+0000] {processor.py:186} INFO - Started process (PID=368) to work on /home/airflow/.local/lib/python3.12/site-packages/airflow/example_dags/example_external_task_marker_dag.py
[2024-10-22T09:26:08.214+0000] {processor.py:914} INFO - Processing file /home/airflow/.local/lib/python3.12/site-packages/airflow/example_dags/example_external_task_marker_dag.py for tasks to queue
[2024-10-22T09:26:08.222+0000] {logging_mixin.py:190} INFO - [2024-10-22T09:26:08.221+0000] {dagbag.py:588} INFO - Filling up the DagBag from /home/airflow/.local/lib/python3.12/site-packages/airflow/example_dags/example_external_task_marker_dag.py
[2024-10-22T09:26:08.250+0000] {processor.py:925} INFO - DAG(s) 'example_external_task_marker_parent', 'example_external_task_marker_child' retrieved from /home/airflow/.local/lib/python3.12/site-packages/airflow/example_dags/example_external_task_marker_dag.py
[2024-10-22T09:26:08.376+0000] {logging_mixin.py:190} INFO - [2024-10-22T09:26:08.375+0000] {dag.py:3239} INFO - Sync 2 DAGs
[2024-10-22T09:26:08.423+0000] {logging_mixin.py:190} INFO - [2024-10-22T09:26:08.422+0000] {dag.py:4180} INFO - Setting next_dagrun for example_external_task_marker_child to None, run_after=None
[2024-10-22T09:26:08.439+0000] {logging_mixin.py:190} INFO - [2024-10-22T09:26:08.438+0000] {dag.py:4180} INFO - Setting next_dagrun for example_external_task_marker_parent to None, run_after=None
[2024-10-22T09:26:08.506+0000] {processor.py:208} INFO - Processing /home/airflow/.local/lib/python3.12/site-packages/airflow/example_dags/example_external_task_marker_dag.py took 0.332 seconds
[2024-10-22T09:26:52.164+0000] {processor.py:186} INFO - Started process (PID=439) to work on /home/airflow/.local/lib/python3.12/site-packages/airflow/example_dags/example_external_task_marker_dag.py
[2024-10-22T09:26:52.447+0000] {processor.py:914} INFO - Processing file /home/airflow/.local/lib/python3.12/site-packages/airflow/example_dags/example_external_task_marker_dag.py for tasks to queue
[2024-10-22T09:26:52.547+0000] {logging_mixin.py:190} INFO - [2024-10-22T09:26:52.546+0000] {dagbag.py:588} INFO - Filling up the DagBag from /home/airflow/.local/lib/python3.12/site-packages/airflow/example_dags/example_external_task_marker_dag.py
[2024-10-22T09:26:52.661+0000] {processor.py:925} INFO - DAG(s) 'example_external_task_marker_parent', 'example_external_task_marker_child' retrieved from /home/airflow/.local/lib/python3.12/site-packages/airflow/example_dags/example_external_task_marker_dag.py
[2024-10-22T09:26:52.848+0000] {logging_mixin.py:190} INFO - [2024-10-22T09:26:52.848+0000] {dag.py:3239} INFO - Sync 2 DAGs
[2024-10-22T09:26:53.034+0000] {logging_mixin.py:190} INFO - [2024-10-22T09:26:53.033+0000] {dag.py:4180} INFO - Setting next_dagrun for example_external_task_marker_child to None, run_after=None
[2024-10-22T09:26:53.114+0000] {logging_mixin.py:190} INFO - [2024-10-22T09:26:53.113+0000] {dag.py:4180} INFO - Setting next_dagrun for example_external_task_marker_parent to None, run_after=None
[2024-10-22T09:26:53.415+0000] {processor.py:208} INFO - Processing /home/airflow/.local/lib/python3.12/site-packages/airflow/example_dags/example_external_task_marker_dag.py took 1.306 seconds
[2024-10-22T09:27:23.733+0000] {processor.py:186} INFO - Started process (PID=500) to work on /home/airflow/.local/lib/python3.12/site-packages/airflow/example_dags/example_external_task_marker_dag.py
[2024-10-22T09:27:23.736+0000] {processor.py:914} INFO - Processing file /home/airflow/.local/lib/python3.12/site-packages/airflow/example_dags/example_external_task_marker_dag.py for tasks to queue
[2024-10-22T09:27:23.741+0000] {logging_mixin.py:190} INFO - [2024-10-22T09:27:23.740+0000] {dagbag.py:588} INFO - Filling up the DagBag from /home/airflow/.local/lib/python3.12/site-packages/airflow/example_dags/example_external_task_marker_dag.py
[2024-10-22T09:27:23.756+0000] {processor.py:925} INFO - DAG(s) 'example_external_task_marker_child', 'example_external_task_marker_parent' retrieved from /home/airflow/.local/lib/python3.12/site-packages/airflow/example_dags/example_external_task_marker_dag.py
[2024-10-22T09:27:23.801+0000] {logging_mixin.py:190} INFO - [2024-10-22T09:27:23.801+0000] {dag.py:3239} INFO - Sync 2 DAGs
[2024-10-22T09:27:23.832+0000] {logging_mixin.py:190} INFO - [2024-10-22T09:27:23.832+0000] {dag.py:4180} INFO - Setting next_dagrun for example_external_task_marker_child to None, run_after=None
[2024-10-22T09:27:23.839+0000] {logging_mixin.py:190} INFO - [2024-10-22T09:27:23.839+0000] {dag.py:4180} INFO - Setting next_dagrun for example_external_task_marker_parent to None, run_after=None
[2024-10-22T09:27:24.090+0000] {processor.py:208} INFO - Processing /home/airflow/.local/lib/python3.12/site-packages/airflow/example_dags/example_external_task_marker_dag.py took 0.369 seconds
[2024-10-22T09:27:54.732+0000] {processor.py:186} INFO - Started process (PID=562) to work on /home/airflow/.local/lib/python3.12/site-packages/airflow/example_dags/example_external_task_marker_dag.py
[2024-10-22T09:27:54.737+0000] {processor.py:914} INFO - Processing file /home/airflow/.local/lib/python3.12/site-packages/airflow/example_dags/example_external_task_marker_dag.py for tasks to queue
[2024-10-22T09:27:54.753+0000] {logging_mixin.py:190} INFO - [2024-10-22T09:27:54.752+0000] {dagbag.py:588} INFO - Filling up the DagBag from /home/airflow/.local/lib/python3.12/site-packages/airflow/example_dags/example_external_task_marker_dag.py
[2024-10-22T09:27:54.797+0000] {processor.py:925} INFO - DAG(s) 'example_external_task_marker_parent', 'example_external_task_marker_child' retrieved from /home/airflow/.local/lib/python3.12/site-packages/airflow/example_dags/example_external_task_marker_dag.py
[2024-10-22T09:27:54.948+0000] {logging_mixin.py:190} INFO - [2024-10-22T09:27:54.947+0000] {dag.py:3239} INFO - Sync 2 DAGs
[2024-10-22T09:27:55.057+0000] {logging_mixin.py:190} INFO - [2024-10-22T09:27:55.057+0000] {dag.py:4180} INFO - Setting next_dagrun for example_external_task_marker_child to None, run_after=None
[2024-10-22T09:27:55.071+0000] {logging_mixin.py:190} INFO - [2024-10-22T09:27:55.070+0000] {dag.py:4180} INFO - Setting next_dagrun for example_external_task_marker_parent to None, run_after=None
[2024-10-22T09:27:55.164+0000] {processor.py:208} INFO - Processing /home/airflow/.local/lib/python3.12/site-packages/airflow/example_dags/example_external_task_marker_dag.py took 0.487 seconds
[2024-10-22T09:28:27.070+0000] {processor.py:186} INFO - Started process (PID=626) to work on /home/airflow/.local/lib/python3.12/site-packages/airflow/example_dags/example_external_task_marker_dag.py
[2024-10-22T09:28:27.072+0000] {processor.py:914} INFO - Processing file /home/airflow/.local/lib/python3.12/site-packages/airflow/example_dags/example_external_task_marker_dag.py for tasks to queue
[2024-10-22T09:28:27.078+0000] {logging_mixin.py:190} INFO - [2024-10-22T09:28:27.077+0000] {dagbag.py:588} INFO - Filling up the DagBag from /home/airflow/.local/lib/python3.12/site-packages/airflow/example_dags/example_external_task_marker_dag.py
[2024-10-22T09:28:27.095+0000] {processor.py:925} INFO - DAG(s) 'example_external_task_marker_child', 'example_external_task_marker_parent' retrieved from /home/airflow/.local/lib/python3.12/site-packages/airflow/example_dags/example_external_task_marker_dag.py
[2024-10-22T09:28:27.166+0000] {logging_mixin.py:190} INFO - [2024-10-22T09:28:27.165+0000] {dag.py:3239} INFO - Sync 2 DAGs
[2024-10-22T09:28:27.205+0000] {logging_mixin.py:190} INFO - [2024-10-22T09:28:27.204+0000] {dag.py:4180} INFO - Setting next_dagrun for example_external_task_marker_child to None, run_after=None
[2024-10-22T09:28:27.212+0000] {logging_mixin.py:190} INFO - [2024-10-22T09:28:27.211+0000] {dag.py:4180} INFO - Setting next_dagrun for example_external_task_marker_parent to None, run_after=None
[2024-10-22T09:28:27.282+0000] {processor.py:208} INFO - Processing /home/airflow/.local/lib/python3.12/site-packages/airflow/example_dags/example_external_task_marker_dag.py took 0.228 seconds
[2024-10-22T09:28:57.860+0000] {processor.py:186} INFO - Started process (PID=687) to work on /home/airflow/.local/lib/python3.12/site-packages/airflow/example_dags/example_external_task_marker_dag.py
[2024-10-22T09:28:57.863+0000] {processor.py:914} INFO - Processing file /home/airflow/.local/lib/python3.12/site-packages/airflow/example_dags/example_external_task_marker_dag.py for tasks to queue
[2024-10-22T09:28:57.871+0000] {logging_mixin.py:190} INFO - [2024-10-22T09:28:57.869+0000] {dagbag.py:588} INFO - Filling up the DagBag from /home/airflow/.local/lib/python3.12/site-packages/airflow/example_dags/example_external_task_marker_dag.py
[2024-10-22T09:28:57.912+0000] {processor.py:925} INFO - DAG(s) 'example_external_task_marker_child', 'example_external_task_marker_parent' retrieved from /home/airflow/.local/lib/python3.12/site-packages/airflow/example_dags/example_external_task_marker_dag.py
[2024-10-22T09:28:57.984+0000] {logging_mixin.py:190} INFO - [2024-10-22T09:28:57.984+0000] {dag.py:3239} INFO - Sync 2 DAGs
[2024-10-22T09:28:58.018+0000] {logging_mixin.py:190} INFO - [2024-10-22T09:28:58.018+0000] {dag.py:4180} INFO - Setting next_dagrun for example_external_task_marker_child to None, run_after=None
[2024-10-22T09:28:58.026+0000] {logging_mixin.py:190} INFO - [2024-10-22T09:28:58.025+0000] {dag.py:4180} INFO - Setting next_dagrun for example_external_task_marker_parent to None, run_after=None
[2024-10-22T09:28:58.065+0000] {processor.py:208} INFO - Processing /home/airflow/.local/lib/python3.12/site-packages/airflow/example_dags/example_external_task_marker_dag.py took 0.225 seconds
[2024-10-22T09:29:29.220+0000] {processor.py:186} INFO - Started process (PID=750) to work on /home/airflow/.local/lib/python3.12/site-packages/airflow/example_dags/example_external_task_marker_dag.py
[2024-10-22T09:29:29.221+0000] {processor.py:914} INFO - Processing file /home/airflow/.local/lib/python3.12/site-packages/airflow/example_dags/example_external_task_marker_dag.py for tasks to queue
[2024-10-22T09:29:29.227+0000] {logging_mixin.py:190} INFO - [2024-10-22T09:29:29.226+0000] {dagbag.py:588} INFO - Filling up the DagBag from /home/airflow/.local/lib/python3.12/site-packages/airflow/example_dags/example_external_task_marker_dag.py
[2024-10-22T09:29:29.248+0000] {processor.py:925} INFO - DAG(s) 'example_external_task_marker_parent', 'example_external_task_marker_child' retrieved from /home/airflow/.local/lib/python3.12/site-packages/airflow/example_dags/example_external_task_marker_dag.py
[2024-10-22T09:29:29.345+0000] {logging_mixin.py:190} INFO - [2024-10-22T09:29:29.344+0000] {dag.py:3239} INFO - Sync 2 DAGs
[2024-10-22T09:29:29.411+0000] {logging_mixin.py:190} INFO - [2024-10-22T09:29:29.410+0000] {dag.py:4180} INFO - Setting next_dagrun for example_external_task_marker_child to None, run_after=None
[2024-10-22T09:29:29.431+0000] {logging_mixin.py:190} INFO - [2024-10-22T09:29:29.430+0000] {dag.py:4180} INFO - Setting next_dagrun for example_external_task_marker_parent to None, run_after=None
[2024-10-22T09:29:29.492+0000] {processor.py:208} INFO - Processing /home/airflow/.local/lib/python3.12/site-packages/airflow/example_dags/example_external_task_marker_dag.py took 0.291 seconds
[2024-10-22T09:30:00.282+0000] {processor.py:186} INFO - Started process (PID=812) to work on /home/airflow/.local/lib/python3.12/site-packages/airflow/example_dags/example_external_task_marker_dag.py
[2024-10-22T09:30:00.300+0000] {processor.py:914} INFO - Processing file /home/airflow/.local/lib/python3.12/site-packages/airflow/example_dags/example_external_task_marker_dag.py for tasks to queue
[2024-10-22T09:30:00.308+0000] {logging_mixin.py:190} INFO - [2024-10-22T09:30:00.307+0000] {dagbag.py:588} INFO - Filling up the DagBag from /home/airflow/.local/lib/python3.12/site-packages/airflow/example_dags/example_external_task_marker_dag.py
[2024-10-22T09:30:00.355+0000] {processor.py:925} INFO - DAG(s) 'example_external_task_marker_child', 'example_external_task_marker_parent' retrieved from /home/airflow/.local/lib/python3.12/site-packages/airflow/example_dags/example_external_task_marker_dag.py
[2024-10-22T09:30:00.469+0000] {logging_mixin.py:190} INFO - [2024-10-22T09:30:00.469+0000] {dag.py:3239} INFO - Sync 2 DAGs
[2024-10-22T09:30:00.537+0000] {logging_mixin.py:190} INFO - [2024-10-22T09:30:00.536+0000] {dag.py:4180} INFO - Setting next_dagrun for example_external_task_marker_child to None, run_after=None
[2024-10-22T09:30:00.562+0000] {logging_mixin.py:190} INFO - [2024-10-22T09:30:00.561+0000] {dag.py:4180} INFO - Setting next_dagrun for example_external_task_marker_parent to None, run_after=None
[2024-10-22T09:30:00.614+0000] {processor.py:208} INFO - Processing /home/airflow/.local/lib/python3.12/site-packages/airflow/example_dags/example_external_task_marker_dag.py took 0.374 seconds
[2024-10-22T09:30:31.353+0000] {processor.py:186} INFO - Started process (PID=874) to work on /home/airflow/.local/lib/python3.12/site-packages/airflow/example_dags/example_external_task_marker_dag.py
[2024-10-22T09:30:31.356+0000] {processor.py:914} INFO - Processing file /home/airflow/.local/lib/python3.12/site-packages/airflow/example_dags/example_external_task_marker_dag.py for tasks to queue
[2024-10-22T09:30:31.362+0000] {logging_mixin.py:190} INFO - [2024-10-22T09:30:31.361+0000] {dagbag.py:588} INFO - Filling up the DagBag from /home/airflow/.local/lib/python3.12/site-packages/airflow/example_dags/example_external_task_marker_dag.py
[2024-10-22T09:30:31.385+0000] {processor.py:925} INFO - DAG(s) 'example_external_task_marker_parent', 'example_external_task_marker_child' retrieved from /home/airflow/.local/lib/python3.12/site-packages/airflow/example_dags/example_external_task_marker_dag.py
[2024-10-22T09:30:31.459+0000] {logging_mixin.py:190} INFO - [2024-10-22T09:30:31.458+0000] {dag.py:3239} INFO - Sync 2 DAGs
[2024-10-22T09:30:31.533+0000] {logging_mixin.py:190} INFO - [2024-10-22T09:30:31.533+0000] {dag.py:4180} INFO - Setting next_dagrun for example_external_task_marker_child to None, run_after=None
[2024-10-22T09:30:31.552+0000] {logging_mixin.py:190} INFO - [2024-10-22T09:30:31.552+0000] {dag.py:4180} INFO - Setting next_dagrun for example_external_task_marker_parent to None, run_after=None
[2024-10-22T09:30:31.641+0000] {processor.py:208} INFO - Processing /home/airflow/.local/lib/python3.12/site-packages/airflow/example_dags/example_external_task_marker_dag.py took 0.312 seconds
[2024-10-22T09:31:02.250+0000] {processor.py:186} INFO - Started process (PID=936) to work on /home/airflow/.local/lib/python3.12/site-packages/airflow/example_dags/example_external_task_marker_dag.py
[2024-10-22T09:31:02.254+0000] {processor.py:914} INFO - Processing file /home/airflow/.local/lib/python3.12/site-packages/airflow/example_dags/example_external_task_marker_dag.py for tasks to queue
[2024-10-22T09:31:02.268+0000] {logging_mixin.py:190} INFO - [2024-10-22T09:31:02.267+0000] {dagbag.py:588} INFO - Filling up the DagBag from /home/airflow/.local/lib/python3.12/site-packages/airflow/example_dags/example_external_task_marker_dag.py
[2024-10-22T09:31:02.303+0000] {processor.py:925} INFO - DAG(s) 'example_external_task_marker_child', 'example_external_task_marker_parent' retrieved from /home/airflow/.local/lib/python3.12/site-packages/airflow/example_dags/example_external_task_marker_dag.py
[2024-10-22T09:31:02.403+0000] {logging_mixin.py:190} INFO - [2024-10-22T09:31:02.402+0000] {dag.py:3239} INFO - Sync 2 DAGs
[2024-10-22T09:31:02.471+0000] {logging_mixin.py:190} INFO - [2024-10-22T09:31:02.471+0000] {dag.py:4180} INFO - Setting next_dagrun for example_external_task_marker_child to None, run_after=None
[2024-10-22T09:31:02.482+0000] {logging_mixin.py:190} INFO - [2024-10-22T09:31:02.481+0000] {dag.py:4180} INFO - Setting next_dagrun for example_external_task_marker_parent to None, run_after=None
[2024-10-22T09:31:02.528+0000] {processor.py:208} INFO - Processing /home/airflow/.local/lib/python3.12/site-packages/airflow/example_dags/example_external_task_marker_dag.py took 0.315 seconds
[2024-10-22T09:31:42.858+0000] {processor.py:186} INFO - Started process (PID=1001) to work on /home/airflow/.local/lib/python3.12/site-packages/airflow/example_dags/example_external_task_marker_dag.py
[2024-10-22T09:31:42.861+0000] {processor.py:914} INFO - Processing file /home/airflow/.local/lib/python3.12/site-packages/airflow/example_dags/example_external_task_marker_dag.py for tasks to queue
[2024-10-22T09:31:42.878+0000] {logging_mixin.py:190} INFO - [2024-10-22T09:31:42.877+0000] {dagbag.py:588} INFO - Filling up the DagBag from /home/airflow/.local/lib/python3.12/site-packages/airflow/example_dags/example_external_task_marker_dag.py
[2024-10-22T09:31:42.929+0000] {processor.py:925} INFO - DAG(s) 'example_external_task_marker_child', 'example_external_task_marker_parent' retrieved from /home/airflow/.local/lib/python3.12/site-packages/airflow/example_dags/example_external_task_marker_dag.py
[2024-10-22T09:31:43.115+0000] {logging_mixin.py:190} INFO - [2024-10-22T09:31:43.104+0000] {dag.py:3239} INFO - Sync 2 DAGs
[2024-10-22T09:31:43.266+0000] {logging_mixin.py:190} INFO - [2024-10-22T09:31:43.266+0000] {dag.py:4180} INFO - Setting next_dagrun for example_external_task_marker_child to None, run_after=None
[2024-10-22T09:31:43.298+0000] {logging_mixin.py:190} INFO - [2024-10-22T09:31:43.297+0000] {dag.py:4180} INFO - Setting next_dagrun for example_external_task_marker_parent to None, run_after=None
[2024-10-22T09:31:43.445+0000] {processor.py:208} INFO - Processing /home/airflow/.local/lib/python3.12/site-packages/airflow/example_dags/example_external_task_marker_dag.py took 0.634 seconds
[2024-10-22T09:32:27.047+0000] {processor.py:186} INFO - Started process (PID=1071) to work on /home/airflow/.local/lib/python3.12/site-packages/airflow/example_dags/example_external_task_marker_dag.py
[2024-10-22T09:32:27.059+0000] {processor.py:914} INFO - Processing file /home/airflow/.local/lib/python3.12/site-packages/airflow/example_dags/example_external_task_marker_dag.py for tasks to queue
[2024-10-22T09:32:27.075+0000] {logging_mixin.py:190} INFO - [2024-10-22T09:32:27.066+0000] {dagbag.py:588} INFO - Filling up the DagBag from /home/airflow/.local/lib/python3.12/site-packages/airflow/example_dags/example_external_task_marker_dag.py
[2024-10-22T09:32:27.140+0000] {processor.py:925} INFO - DAG(s) 'example_external_task_marker_child', 'example_external_task_marker_parent' retrieved from /home/airflow/.local/lib/python3.12/site-packages/airflow/example_dags/example_external_task_marker_dag.py
[2024-10-22T09:32:27.294+0000] {logging_mixin.py:190} INFO - [2024-10-22T09:32:27.294+0000] {dag.py:3239} INFO - Sync 2 DAGs
[2024-10-22T09:32:27.413+0000] {logging_mixin.py:190} INFO - [2024-10-22T09:32:27.412+0000] {dag.py:4180} INFO - Setting next_dagrun for example_external_task_marker_child to None, run_after=None
[2024-10-22T09:32:27.474+0000] {logging_mixin.py:190} INFO - [2024-10-22T09:32:27.465+0000] {dag.py:4180} INFO - Setting next_dagrun for example_external_task_marker_parent to None, run_after=None
[2024-10-22T09:32:27.637+0000] {processor.py:208} INFO - Processing /home/airflow/.local/lib/python3.12/site-packages/airflow/example_dags/example_external_task_marker_dag.py took 0.646 seconds
[2024-10-22T09:33:05.451+0000] {processor.py:186} INFO - Started process (PID=1139) to work on /home/airflow/.local/lib/python3.12/site-packages/airflow/example_dags/example_external_task_marker_dag.py
[2024-10-22T09:33:05.457+0000] {processor.py:914} INFO - Processing file /home/airflow/.local/lib/python3.12/site-packages/airflow/example_dags/example_external_task_marker_dag.py for tasks to queue
[2024-10-22T09:33:05.463+0000] {logging_mixin.py:190} INFO - [2024-10-22T09:33:05.462+0000] {dagbag.py:588} INFO - Filling up the DagBag from /home/airflow/.local/lib/python3.12/site-packages/airflow/example_dags/example_external_task_marker_dag.py
[2024-10-22T09:33:05.487+0000] {processor.py:925} INFO - DAG(s) 'example_external_task_marker_parent', 'example_external_task_marker_child' retrieved from /home/airflow/.local/lib/python3.12/site-packages/airflow/example_dags/example_external_task_marker_dag.py
[2024-10-22T09:33:05.566+0000] {logging_mixin.py:190} INFO - [2024-10-22T09:33:05.565+0000] {dag.py:3239} INFO - Sync 2 DAGs
[2024-10-22T09:33:05.645+0000] {logging_mixin.py:190} INFO - [2024-10-22T09:33:05.644+0000] {dag.py:4180} INFO - Setting next_dagrun for example_external_task_marker_child to None, run_after=None
[2024-10-22T09:33:05.660+0000] {logging_mixin.py:190} INFO - [2024-10-22T09:33:05.659+0000] {dag.py:4180} INFO - Setting next_dagrun for example_external_task_marker_parent to None, run_after=None
[2024-10-22T09:33:05.732+0000] {processor.py:208} INFO - Processing /home/airflow/.local/lib/python3.12/site-packages/airflow/example_dags/example_external_task_marker_dag.py took 0.299 seconds
[2024-10-22T09:33:35.929+0000] {processor.py:186} INFO - Started process (PID=1201) to work on /home/airflow/.local/lib/python3.12/site-packages/airflow/example_dags/example_external_task_marker_dag.py
[2024-10-22T09:33:35.931+0000] {processor.py:914} INFO - Processing file /home/airflow/.local/lib/python3.12/site-packages/airflow/example_dags/example_external_task_marker_dag.py for tasks to queue
[2024-10-22T09:33:35.938+0000] {logging_mixin.py:190} INFO - [2024-10-22T09:33:35.937+0000] {dagbag.py:588} INFO - Filling up the DagBag from /home/airflow/.local/lib/python3.12/site-packages/airflow/example_dags/example_external_task_marker_dag.py
[2024-10-22T09:33:35.957+0000] {processor.py:925} INFO - DAG(s) 'example_external_task_marker_child', 'example_external_task_marker_parent' retrieved from /home/airflow/.local/lib/python3.12/site-packages/airflow/example_dags/example_external_task_marker_dag.py
[2024-10-22T09:33:36.086+0000] {logging_mixin.py:190} INFO - [2024-10-22T09:33:36.085+0000] {dag.py:3239} INFO - Sync 2 DAGs
[2024-10-22T09:33:36.121+0000] {logging_mixin.py:190} INFO - [2024-10-22T09:33:36.120+0000] {dag.py:4180} INFO - Setting next_dagrun for example_external_task_marker_child to None, run_after=None
[2024-10-22T09:33:36.130+0000] {logging_mixin.py:190} INFO - [2024-10-22T09:33:36.130+0000] {dag.py:4180} INFO - Setting next_dagrun for example_external_task_marker_parent to None, run_after=None
[2024-10-22T09:33:36.170+0000] {processor.py:208} INFO - Processing /home/airflow/.local/lib/python3.12/site-packages/airflow/example_dags/example_external_task_marker_dag.py took 0.258 seconds
[2024-10-22T09:34:06.469+0000] {processor.py:186} INFO - Started process (PID=1263) to work on /home/airflow/.local/lib/python3.12/site-packages/airflow/example_dags/example_external_task_marker_dag.py
[2024-10-22T09:34:06.471+0000] {processor.py:914} INFO - Processing file /home/airflow/.local/lib/python3.12/site-packages/airflow/example_dags/example_external_task_marker_dag.py for tasks to queue
[2024-10-22T09:34:06.477+0000] {logging_mixin.py:190} INFO - [2024-10-22T09:34:06.476+0000] {dagbag.py:588} INFO - Filling up the DagBag from /home/airflow/.local/lib/python3.12/site-packages/airflow/example_dags/example_external_task_marker_dag.py
[2024-10-22T09:34:06.497+0000] {processor.py:925} INFO - DAG(s) 'example_external_task_marker_child', 'example_external_task_marker_parent' retrieved from /home/airflow/.local/lib/python3.12/site-packages/airflow/example_dags/example_external_task_marker_dag.py
[2024-10-22T09:34:06.547+0000] {logging_mixin.py:190} INFO - [2024-10-22T09:34:06.546+0000] {dag.py:3239} INFO - Sync 2 DAGs
[2024-10-22T09:34:06.579+0000] {logging_mixin.py:190} INFO - [2024-10-22T09:34:06.578+0000] {dag.py:4180} INFO - Setting next_dagrun for example_external_task_marker_child to None, run_after=None
[2024-10-22T09:34:06.588+0000] {logging_mixin.py:190} INFO - [2024-10-22T09:34:06.587+0000] {dag.py:4180} INFO - Setting next_dagrun for example_external_task_marker_parent to None, run_after=None
[2024-10-22T09:34:06.624+0000] {processor.py:208} INFO - Processing /home/airflow/.local/lib/python3.12/site-packages/airflow/example_dags/example_external_task_marker_dag.py took 0.168 seconds
[2024-10-22T09:34:37.722+0000] {processor.py:186} INFO - Started process (PID=1325) to work on /home/airflow/.local/lib/python3.12/site-packages/airflow/example_dags/example_external_task_marker_dag.py
[2024-10-22T09:34:37.725+0000] {processor.py:914} INFO - Processing file /home/airflow/.local/lib/python3.12/site-packages/airflow/example_dags/example_external_task_marker_dag.py for tasks to queue
[2024-10-22T09:34:37.736+0000] {logging_mixin.py:190} INFO - [2024-10-22T09:34:37.735+0000] {dagbag.py:588} INFO - Filling up the DagBag from /home/airflow/.local/lib/python3.12/site-packages/airflow/example_dags/example_external_task_marker_dag.py
[2024-10-22T09:34:37.764+0000] {processor.py:925} INFO - DAG(s) 'example_external_task_marker_parent', 'example_external_task_marker_child' retrieved from /home/airflow/.local/lib/python3.12/site-packages/airflow/example_dags/example_external_task_marker_dag.py
[2024-10-22T09:34:37.865+0000] {logging_mixin.py:190} INFO - [2024-10-22T09:34:37.865+0000] {dag.py:3239} INFO - Sync 2 DAGs
[2024-10-22T09:34:37.909+0000] {logging_mixin.py:190} INFO - [2024-10-22T09:34:37.908+0000] {dag.py:4180} INFO - Setting next_dagrun for example_external_task_marker_child to None, run_after=None
[2024-10-22T09:34:37.927+0000] {logging_mixin.py:190} INFO - [2024-10-22T09:34:37.926+0000] {dag.py:4180} INFO - Setting next_dagrun for example_external_task_marker_parent to None, run_after=None
[2024-10-22T09:34:37.962+0000] {processor.py:208} INFO - Processing /home/airflow/.local/lib/python3.12/site-packages/airflow/example_dags/example_external_task_marker_dag.py took 0.263 seconds
[2024-10-22T09:35:09.267+0000] {processor.py:186} INFO - Started process (PID=1387) to work on /home/airflow/.local/lib/python3.12/site-packages/airflow/example_dags/example_external_task_marker_dag.py
[2024-10-22T09:35:09.270+0000] {processor.py:914} INFO - Processing file /home/airflow/.local/lib/python3.12/site-packages/airflow/example_dags/example_external_task_marker_dag.py for tasks to queue
[2024-10-22T09:35:09.276+0000] {logging_mixin.py:190} INFO - [2024-10-22T09:35:09.275+0000] {dagbag.py:588} INFO - Filling up the DagBag from /home/airflow/.local/lib/python3.12/site-packages/airflow/example_dags/example_external_task_marker_dag.py
[2024-10-22T09:35:09.290+0000] {processor.py:925} INFO - DAG(s) 'example_external_task_marker_parent', 'example_external_task_marker_child' retrieved from /home/airflow/.local/lib/python3.12/site-packages/airflow/example_dags/example_external_task_marker_dag.py
[2024-10-22T09:35:09.344+0000] {logging_mixin.py:190} INFO - [2024-10-22T09:35:09.343+0000] {dag.py:3239} INFO - Sync 2 DAGs
[2024-10-22T09:35:09.396+0000] {logging_mixin.py:190} INFO - [2024-10-22T09:35:09.395+0000] {dag.py:4180} INFO - Setting next_dagrun for example_external_task_marker_child to None, run_after=None
[2024-10-22T09:35:09.414+0000] {logging_mixin.py:190} INFO - [2024-10-22T09:35:09.413+0000] {dag.py:4180} INFO - Setting next_dagrun for example_external_task_marker_parent to None, run_after=None
[2024-10-22T09:35:09.463+0000] {processor.py:208} INFO - Processing /home/airflow/.local/lib/python3.12/site-packages/airflow/example_dags/example_external_task_marker_dag.py took 0.212 seconds
[2024-10-22T09:35:39.975+0000] {processor.py:186} INFO - Started process (PID=1449) to work on /home/airflow/.local/lib/python3.12/site-packages/airflow/example_dags/example_external_task_marker_dag.py
[2024-10-22T09:35:39.976+0000] {processor.py:914} INFO - Processing file /home/airflow/.local/lib/python3.12/site-packages/airflow/example_dags/example_external_task_marker_dag.py for tasks to queue
[2024-10-22T09:35:39.983+0000] {logging_mixin.py:190} INFO - [2024-10-22T09:35:39.982+0000] {dagbag.py:588} INFO - Filling up the DagBag from /home/airflow/.local/lib/python3.12/site-packages/airflow/example_dags/example_external_task_marker_dag.py
[2024-10-22T09:35:40.002+0000] {processor.py:925} INFO - DAG(s) 'example_external_task_marker_child', 'example_external_task_marker_parent' retrieved from /home/airflow/.local/lib/python3.12/site-packages/airflow/example_dags/example_external_task_marker_dag.py
[2024-10-22T09:35:40.048+0000] {logging_mixin.py:190} INFO - [2024-10-22T09:35:40.048+0000] {dag.py:3239} INFO - Sync 2 DAGs
[2024-10-22T09:35:40.075+0000] {logging_mixin.py:190} INFO - [2024-10-22T09:35:40.075+0000] {dag.py:4180} INFO - Setting next_dagrun for example_external_task_marker_child to None, run_after=None
[2024-10-22T09:35:40.083+0000] {logging_mixin.py:190} INFO - [2024-10-22T09:35:40.082+0000] {dag.py:4180} INFO - Setting next_dagrun for example_external_task_marker_parent to None, run_after=None
[2024-10-22T09:35:40.117+0000] {processor.py:208} INFO - Processing /home/airflow/.local/lib/python3.12/site-packages/airflow/example_dags/example_external_task_marker_dag.py took 0.160 seconds
[2024-10-22T09:36:10.606+0000] {processor.py:186} INFO - Started process (PID=1511) to work on /home/airflow/.local/lib/python3.12/site-packages/airflow/example_dags/example_external_task_marker_dag.py
[2024-10-22T09:36:10.609+0000] {processor.py:914} INFO - Processing file /home/airflow/.local/lib/python3.12/site-packages/airflow/example_dags/example_external_task_marker_dag.py for tasks to queue
[2024-10-22T09:36:10.616+0000] {logging_mixin.py:190} INFO - [2024-10-22T09:36:10.615+0000] {dagbag.py:588} INFO - Filling up the DagBag from /home/airflow/.local/lib/python3.12/site-packages/airflow/example_dags/example_external_task_marker_dag.py
[2024-10-22T09:36:10.637+0000] {processor.py:925} INFO - DAG(s) 'example_external_task_marker_child', 'example_external_task_marker_parent' retrieved from /home/airflow/.local/lib/python3.12/site-packages/airflow/example_dags/example_external_task_marker_dag.py
[2024-10-22T09:36:10.685+0000] {logging_mixin.py:190} INFO - [2024-10-22T09:36:10.684+0000] {dag.py:3239} INFO - Sync 2 DAGs
[2024-10-22T09:36:10.716+0000] {logging_mixin.py:190} INFO - [2024-10-22T09:36:10.716+0000] {dag.py:4180} INFO - Setting next_dagrun for example_external_task_marker_child to None, run_after=None
[2024-10-22T09:36:10.723+0000] {logging_mixin.py:190} INFO - [2024-10-22T09:36:10.723+0000] {dag.py:4180} INFO - Setting next_dagrun for example_external_task_marker_parent to None, run_after=None
[2024-10-22T09:36:10.757+0000] {processor.py:208} INFO - Processing /home/airflow/.local/lib/python3.12/site-packages/airflow/example_dags/example_external_task_marker_dag.py took 0.176 seconds
[2024-10-22T09:36:41.294+0000] {processor.py:186} INFO - Started process (PID=1574) to work on /home/airflow/.local/lib/python3.12/site-packages/airflow/example_dags/example_external_task_marker_dag.py
[2024-10-22T09:36:41.296+0000] {processor.py:914} INFO - Processing file /home/airflow/.local/lib/python3.12/site-packages/airflow/example_dags/example_external_task_marker_dag.py for tasks to queue
[2024-10-22T09:36:41.301+0000] {logging_mixin.py:190} INFO - [2024-10-22T09:36:41.300+0000] {dagbag.py:588} INFO - Filling up the DagBag from /home/airflow/.local/lib/python3.12/site-packages/airflow/example_dags/example_external_task_marker_dag.py
[2024-10-22T09:36:41.321+0000] {processor.py:925} INFO - DAG(s) 'example_external_task_marker_child', 'example_external_task_marker_parent' retrieved from /home/airflow/.local/lib/python3.12/site-packages/airflow/example_dags/example_external_task_marker_dag.py
[2024-10-22T09:36:41.363+0000] {logging_mixin.py:190} INFO - [2024-10-22T09:36:41.363+0000] {dag.py:3239} INFO - Sync 2 DAGs
[2024-10-22T09:36:41.396+0000] {logging_mixin.py:190} INFO - [2024-10-22T09:36:41.395+0000] {dag.py:4180} INFO - Setting next_dagrun for example_external_task_marker_child to None, run_after=None
[2024-10-22T09:36:41.404+0000] {logging_mixin.py:190} INFO - [2024-10-22T09:36:41.404+0000] {dag.py:4180} INFO - Setting next_dagrun for example_external_task_marker_parent to None, run_after=None
[2024-10-22T09:36:41.451+0000] {processor.py:208} INFO - Processing /home/airflow/.local/lib/python3.12/site-packages/airflow/example_dags/example_external_task_marker_dag.py took 0.171 seconds
[2024-10-22T09:37:11.940+0000] {processor.py:186} INFO - Started process (PID=1637) to work on /home/airflow/.local/lib/python3.12/site-packages/airflow/example_dags/example_external_task_marker_dag.py
[2024-10-22T09:37:11.942+0000] {processor.py:914} INFO - Processing file /home/airflow/.local/lib/python3.12/site-packages/airflow/example_dags/example_external_task_marker_dag.py for tasks to queue
[2024-10-22T09:37:11.948+0000] {logging_mixin.py:190} INFO - [2024-10-22T09:37:11.947+0000] {dagbag.py:588} INFO - Filling up the DagBag from /home/airflow/.local/lib/python3.12/site-packages/airflow/example_dags/example_external_task_marker_dag.py
[2024-10-22T09:37:11.970+0000] {processor.py:925} INFO - DAG(s) 'example_external_task_marker_parent', 'example_external_task_marker_child' retrieved from /home/airflow/.local/lib/python3.12/site-packages/airflow/example_dags/example_external_task_marker_dag.py
[2024-10-22T09:37:12.035+0000] {logging_mixin.py:190} INFO - [2024-10-22T09:37:12.034+0000] {dag.py:3239} INFO - Sync 2 DAGs
[2024-10-22T09:37:12.083+0000] {logging_mixin.py:190} INFO - [2024-10-22T09:37:12.083+0000] {dag.py:4180} INFO - Setting next_dagrun for example_external_task_marker_child to None, run_after=None
[2024-10-22T09:37:12.092+0000] {logging_mixin.py:190} INFO - [2024-10-22T09:37:12.092+0000] {dag.py:4180} INFO - Setting next_dagrun for example_external_task_marker_parent to None, run_after=None
[2024-10-22T09:37:12.135+0000] {processor.py:208} INFO - Processing /home/airflow/.local/lib/python3.12/site-packages/airflow/example_dags/example_external_task_marker_dag.py took 0.210 seconds
[2024-10-22T09:37:42.444+0000] {processor.py:186} INFO - Started process (PID=1699) to work on /home/airflow/.local/lib/python3.12/site-packages/airflow/example_dags/example_external_task_marker_dag.py
[2024-10-22T09:37:42.447+0000] {processor.py:914} INFO - Processing file /home/airflow/.local/lib/python3.12/site-packages/airflow/example_dags/example_external_task_marker_dag.py for tasks to queue
[2024-10-22T09:37:42.453+0000] {logging_mixin.py:190} INFO - [2024-10-22T09:37:42.453+0000] {dagbag.py:588} INFO - Filling up the DagBag from /home/airflow/.local/lib/python3.12/site-packages/airflow/example_dags/example_external_task_marker_dag.py
[2024-10-22T09:37:42.474+0000] {processor.py:925} INFO - DAG(s) 'example_external_task_marker_parent', 'example_external_task_marker_child' retrieved from /home/airflow/.local/lib/python3.12/site-packages/airflow/example_dags/example_external_task_marker_dag.py
[2024-10-22T09:37:42.527+0000] {logging_mixin.py:190} INFO - [2024-10-22T09:37:42.527+0000] {dag.py:3239} INFO - Sync 2 DAGs
[2024-10-22T09:37:42.565+0000] {logging_mixin.py:190} INFO - [2024-10-22T09:37:42.564+0000] {dag.py:4180} INFO - Setting next_dagrun for example_external_task_marker_child to None, run_after=None
[2024-10-22T09:37:42.573+0000] {logging_mixin.py:190} INFO - [2024-10-22T09:37:42.572+0000] {dag.py:4180} INFO - Setting next_dagrun for example_external_task_marker_parent to None, run_after=None
[2024-10-22T09:37:42.611+0000] {processor.py:208} INFO - Processing /home/airflow/.local/lib/python3.12/site-packages/airflow/example_dags/example_external_task_marker_dag.py took 0.189 seconds
[2024-10-22T09:38:12.705+0000] {processor.py:186} INFO - Started process (PID=1761) to work on /home/airflow/.local/lib/python3.12/site-packages/airflow/example_dags/example_external_task_marker_dag.py
[2024-10-22T09:38:12.707+0000] {processor.py:914} INFO - Processing file /home/airflow/.local/lib/python3.12/site-packages/airflow/example_dags/example_external_task_marker_dag.py for tasks to queue
[2024-10-22T09:38:12.712+0000] {logging_mixin.py:190} INFO - [2024-10-22T09:38:12.711+0000] {dagbag.py:588} INFO - Filling up the DagBag from /home/airflow/.local/lib/python3.12/site-packages/airflow/example_dags/example_external_task_marker_dag.py
[2024-10-22T09:38:12.727+0000] {processor.py:925} INFO - DAG(s) 'example_external_task_marker_parent', 'example_external_task_marker_child' retrieved from /home/airflow/.local/lib/python3.12/site-packages/airflow/example_dags/example_external_task_marker_dag.py
[2024-10-22T09:38:12.775+0000] {logging_mixin.py:190} INFO - [2024-10-22T09:38:12.774+0000] {dag.py:3239} INFO - Sync 2 DAGs
[2024-10-22T09:38:12.806+0000] {logging_mixin.py:190} INFO - [2024-10-22T09:38:12.806+0000] {dag.py:4180} INFO - Setting next_dagrun for example_external_task_marker_child to None, run_after=None
[2024-10-22T09:38:12.816+0000] {logging_mixin.py:190} INFO - [2024-10-22T09:38:12.816+0000] {dag.py:4180} INFO - Setting next_dagrun for example_external_task_marker_parent to None, run_after=None
[2024-10-22T09:38:12.875+0000] {processor.py:208} INFO - Processing /home/airflow/.local/lib/python3.12/site-packages/airflow/example_dags/example_external_task_marker_dag.py took 0.181 seconds
[2024-10-22T09:38:43.296+0000] {processor.py:186} INFO - Started process (PID=1822) to work on /home/airflow/.local/lib/python3.12/site-packages/airflow/example_dags/example_external_task_marker_dag.py
[2024-10-22T09:38:43.298+0000] {processor.py:914} INFO - Processing file /home/airflow/.local/lib/python3.12/site-packages/airflow/example_dags/example_external_task_marker_dag.py for tasks to queue
[2024-10-22T09:38:43.303+0000] {logging_mixin.py:190} INFO - [2024-10-22T09:38:43.302+0000] {dagbag.py:588} INFO - Filling up the DagBag from /home/airflow/.local/lib/python3.12/site-packages/airflow/example_dags/example_external_task_marker_dag.py
[2024-10-22T09:38:43.321+0000] {processor.py:925} INFO - DAG(s) 'example_external_task_marker_child', 'example_external_task_marker_parent' retrieved from /home/airflow/.local/lib/python3.12/site-packages/airflow/example_dags/example_external_task_marker_dag.py
[2024-10-22T09:38:43.367+0000] {logging_mixin.py:190} INFO - [2024-10-22T09:38:43.367+0000] {dag.py:3239} INFO - Sync 2 DAGs
[2024-10-22T09:38:43.398+0000] {logging_mixin.py:190} INFO - [2024-10-22T09:38:43.398+0000] {dag.py:4180} INFO - Setting next_dagrun for example_external_task_marker_child to None, run_after=None
[2024-10-22T09:38:43.405+0000] {logging_mixin.py:190} INFO - [2024-10-22T09:38:43.405+0000] {dag.py:4180} INFO - Setting next_dagrun for example_external_task_marker_parent to None, run_after=None
[2024-10-22T09:38:43.451+0000] {processor.py:208} INFO - Processing /home/airflow/.local/lib/python3.12/site-packages/airflow/example_dags/example_external_task_marker_dag.py took 0.170 seconds
[2024-10-22T09:39:15.416+0000] {processor.py:186} INFO - Started process (PID=1885) to work on /home/airflow/.local/lib/python3.12/site-packages/airflow/example_dags/example_external_task_marker_dag.py
[2024-10-22T09:39:15.419+0000] {processor.py:914} INFO - Processing file /home/airflow/.local/lib/python3.12/site-packages/airflow/example_dags/example_external_task_marker_dag.py for tasks to queue
[2024-10-22T09:39:15.430+0000] {logging_mixin.py:190} INFO - [2024-10-22T09:39:15.428+0000] {dagbag.py:588} INFO - Filling up the DagBag from /home/airflow/.local/lib/python3.12/site-packages/airflow/example_dags/example_external_task_marker_dag.py
[2024-10-22T09:39:15.448+0000] {processor.py:925} INFO - DAG(s) 'example_external_task_marker_parent', 'example_external_task_marker_child' retrieved from /home/airflow/.local/lib/python3.12/site-packages/airflow/example_dags/example_external_task_marker_dag.py
[2024-10-22T09:39:15.503+0000] {logging_mixin.py:190} INFO - [2024-10-22T09:39:15.502+0000] {dag.py:3239} INFO - Sync 2 DAGs
[2024-10-22T09:39:15.535+0000] {logging_mixin.py:190} INFO - [2024-10-22T09:39:15.534+0000] {dag.py:4180} INFO - Setting next_dagrun for example_external_task_marker_child to None, run_after=None
[2024-10-22T09:39:15.542+0000] {logging_mixin.py:190} INFO - [2024-10-22T09:39:15.541+0000] {dag.py:4180} INFO - Setting next_dagrun for example_external_task_marker_parent to None, run_after=None
[2024-10-22T09:39:15.573+0000] {processor.py:208} INFO - Processing /home/airflow/.local/lib/python3.12/site-packages/airflow/example_dags/example_external_task_marker_dag.py took 0.181 seconds
[2024-10-22T09:39:46.033+0000] {processor.py:186} INFO - Started process (PID=1946) to work on /home/airflow/.local/lib/python3.12/site-packages/airflow/example_dags/example_external_task_marker_dag.py
[2024-10-22T09:39:46.035+0000] {processor.py:914} INFO - Processing file /home/airflow/.local/lib/python3.12/site-packages/airflow/example_dags/example_external_task_marker_dag.py for tasks to queue
[2024-10-22T09:39:46.041+0000] {logging_mixin.py:190} INFO - [2024-10-22T09:39:46.040+0000] {dagbag.py:588} INFO - Filling up the DagBag from /home/airflow/.local/lib/python3.12/site-packages/airflow/example_dags/example_external_task_marker_dag.py
[2024-10-22T09:39:46.061+0000] {processor.py:925} INFO - DAG(s) 'example_external_task_marker_parent', 'example_external_task_marker_child' retrieved from /home/airflow/.local/lib/python3.12/site-packages/airflow/example_dags/example_external_task_marker_dag.py
[2024-10-22T09:39:46.109+0000] {logging_mixin.py:190} INFO - [2024-10-22T09:39:46.108+0000] {dag.py:3239} INFO - Sync 2 DAGs
[2024-10-22T09:39:46.148+0000] {logging_mixin.py:190} INFO - [2024-10-22T09:39:46.148+0000] {dag.py:4180} INFO - Setting next_dagrun for example_external_task_marker_child to None, run_after=None
[2024-10-22T09:39:46.158+0000] {logging_mixin.py:190} INFO - [2024-10-22T09:39:46.157+0000] {dag.py:4180} INFO - Setting next_dagrun for example_external_task_marker_parent to None, run_after=None
[2024-10-22T09:39:46.187+0000] {processor.py:208} INFO - Processing /home/airflow/.local/lib/python3.12/site-packages/airflow/example_dags/example_external_task_marker_dag.py took 0.167 seconds
[2024-10-22T09:40:16.585+0000] {processor.py:186} INFO - Started process (PID=2008) to work on /home/airflow/.local/lib/python3.12/site-packages/airflow/example_dags/example_external_task_marker_dag.py
[2024-10-22T09:40:16.587+0000] {processor.py:914} INFO - Processing file /home/airflow/.local/lib/python3.12/site-packages/airflow/example_dags/example_external_task_marker_dag.py for tasks to queue
[2024-10-22T09:40:16.595+0000] {logging_mixin.py:190} INFO - [2024-10-22T09:40:16.594+0000] {dagbag.py:588} INFO - Filling up the DagBag from /home/airflow/.local/lib/python3.12/site-packages/airflow/example_dags/example_external_task_marker_dag.py
[2024-10-22T09:40:16.638+0000] {processor.py:925} INFO - DAG(s) 'example_external_task_marker_child', 'example_external_task_marker_parent' retrieved from /home/airflow/.local/lib/python3.12/site-packages/airflow/example_dags/example_external_task_marker_dag.py
[2024-10-22T09:40:16.756+0000] {logging_mixin.py:190} INFO - [2024-10-22T09:40:16.755+0000] {dag.py:3239} INFO - Sync 2 DAGs
[2024-10-22T09:40:16.808+0000] {logging_mixin.py:190} INFO - [2024-10-22T09:40:16.807+0000] {dag.py:4180} INFO - Setting next_dagrun for example_external_task_marker_child to None, run_after=None
[2024-10-22T09:40:16.820+0000] {logging_mixin.py:190} INFO - [2024-10-22T09:40:16.819+0000] {dag.py:4180} INFO - Setting next_dagrun for example_external_task_marker_parent to None, run_after=None
[2024-10-22T09:40:16.871+0000] {processor.py:208} INFO - Processing /home/airflow/.local/lib/python3.12/site-packages/airflow/example_dags/example_external_task_marker_dag.py took 0.309 seconds
[2024-10-22T09:40:47.257+0000] {processor.py:186} INFO - Started process (PID=2070) to work on /home/airflow/.local/lib/python3.12/site-packages/airflow/example_dags/example_external_task_marker_dag.py
[2024-10-22T09:40:47.258+0000] {processor.py:914} INFO - Processing file /home/airflow/.local/lib/python3.12/site-packages/airflow/example_dags/example_external_task_marker_dag.py for tasks to queue
[2024-10-22T09:40:47.263+0000] {logging_mixin.py:190} INFO - [2024-10-22T09:40:47.262+0000] {dagbag.py:588} INFO - Filling up the DagBag from /home/airflow/.local/lib/python3.12/site-packages/airflow/example_dags/example_external_task_marker_dag.py
[2024-10-22T09:40:47.277+0000] {processor.py:925} INFO - DAG(s) 'example_external_task_marker_parent', 'example_external_task_marker_child' retrieved from /home/airflow/.local/lib/python3.12/site-packages/airflow/example_dags/example_external_task_marker_dag.py
[2024-10-22T09:40:47.317+0000] {logging_mixin.py:190} INFO - [2024-10-22T09:40:47.316+0000] {dag.py:3239} INFO - Sync 2 DAGs
[2024-10-22T09:40:47.343+0000] {logging_mixin.py:190} INFO - [2024-10-22T09:40:47.343+0000] {dag.py:4180} INFO - Setting next_dagrun for example_external_task_marker_child to None, run_after=None
[2024-10-22T09:40:47.351+0000] {logging_mixin.py:190} INFO - [2024-10-22T09:40:47.350+0000] {dag.py:4180} INFO - Setting next_dagrun for example_external_task_marker_parent to None, run_after=None
[2024-10-22T09:40:47.379+0000] {processor.py:208} INFO - Processing /home/airflow/.local/lib/python3.12/site-packages/airflow/example_dags/example_external_task_marker_dag.py took 0.134 seconds
[2024-10-22T09:41:18.407+0000] {processor.py:186} INFO - Started process (PID=2132) to work on /home/airflow/.local/lib/python3.12/site-packages/airflow/example_dags/example_external_task_marker_dag.py
[2024-10-22T09:41:18.410+0000] {processor.py:914} INFO - Processing file /home/airflow/.local/lib/python3.12/site-packages/airflow/example_dags/example_external_task_marker_dag.py for tasks to queue
[2024-10-22T09:41:18.416+0000] {logging_mixin.py:190} INFO - [2024-10-22T09:41:18.415+0000] {dagbag.py:588} INFO - Filling up the DagBag from /home/airflow/.local/lib/python3.12/site-packages/airflow/example_dags/example_external_task_marker_dag.py
[2024-10-22T09:41:18.436+0000] {processor.py:925} INFO - DAG(s) 'example_external_task_marker_parent', 'example_external_task_marker_child' retrieved from /home/airflow/.local/lib/python3.12/site-packages/airflow/example_dags/example_external_task_marker_dag.py
[2024-10-22T09:41:18.479+0000] {logging_mixin.py:190} INFO - [2024-10-22T09:41:18.478+0000] {dag.py:3239} INFO - Sync 2 DAGs
[2024-10-22T09:41:18.517+0000] {logging_mixin.py:190} INFO - [2024-10-22T09:41:18.517+0000] {dag.py:4180} INFO - Setting next_dagrun for example_external_task_marker_child to None, run_after=None
[2024-10-22T09:41:18.524+0000] {logging_mixin.py:190} INFO - [2024-10-22T09:41:18.524+0000] {dag.py:4180} INFO - Setting next_dagrun for example_external_task_marker_parent to None, run_after=None
[2024-10-22T09:41:18.559+0000] {processor.py:208} INFO - Processing /home/airflow/.local/lib/python3.12/site-packages/airflow/example_dags/example_external_task_marker_dag.py took 0.168 seconds
[2024-10-22T09:41:49.435+0000] {processor.py:186} INFO - Started process (PID=2193) to work on /home/airflow/.local/lib/python3.12/site-packages/airflow/example_dags/example_external_task_marker_dag.py
[2024-10-22T09:41:49.437+0000] {processor.py:914} INFO - Processing file /home/airflow/.local/lib/python3.12/site-packages/airflow/example_dags/example_external_task_marker_dag.py for tasks to queue
[2024-10-22T09:41:49.441+0000] {logging_mixin.py:190} INFO - [2024-10-22T09:41:49.441+0000] {dagbag.py:588} INFO - Filling up the DagBag from /home/airflow/.local/lib/python3.12/site-packages/airflow/example_dags/example_external_task_marker_dag.py
[2024-10-22T09:41:49.454+0000] {processor.py:925} INFO - DAG(s) 'example_external_task_marker_parent', 'example_external_task_marker_child' retrieved from /home/airflow/.local/lib/python3.12/site-packages/airflow/example_dags/example_external_task_marker_dag.py
[2024-10-22T09:41:49.497+0000] {logging_mixin.py:190} INFO - [2024-10-22T09:41:49.497+0000] {dag.py:3239} INFO - Sync 2 DAGs
[2024-10-22T09:41:49.524+0000] {logging_mixin.py:190} INFO - [2024-10-22T09:41:49.523+0000] {dag.py:4180} INFO - Setting next_dagrun for example_external_task_marker_child to None, run_after=None
[2024-10-22T09:41:49.531+0000] {logging_mixin.py:190} INFO - [2024-10-22T09:41:49.531+0000] {dag.py:4180} INFO - Setting next_dagrun for example_external_task_marker_parent to None, run_after=None
[2024-10-22T09:41:49.558+0000] {processor.py:208} INFO - Processing /home/airflow/.local/lib/python3.12/site-packages/airflow/example_dags/example_external_task_marker_dag.py took 0.134 seconds
[2024-10-22T09:42:22.731+0000] {processor.py:186} INFO - Started process (PID=2255) to work on /home/airflow/.local/lib/python3.12/site-packages/airflow/example_dags/example_external_task_marker_dag.py
[2024-10-22T09:42:22.733+0000] {processor.py:914} INFO - Processing file /home/airflow/.local/lib/python3.12/site-packages/airflow/example_dags/example_external_task_marker_dag.py for tasks to queue
[2024-10-22T09:42:22.737+0000] {logging_mixin.py:190} INFO - [2024-10-22T09:42:22.736+0000] {dagbag.py:588} INFO - Filling up the DagBag from /home/airflow/.local/lib/python3.12/site-packages/airflow/example_dags/example_external_task_marker_dag.py
[2024-10-22T09:42:22.750+0000] {processor.py:925} INFO - DAG(s) 'example_external_task_marker_child', 'example_external_task_marker_parent' retrieved from /home/airflow/.local/lib/python3.12/site-packages/airflow/example_dags/example_external_task_marker_dag.py
[2024-10-22T09:42:22.800+0000] {logging_mixin.py:190} INFO - [2024-10-22T09:42:22.800+0000] {dag.py:3239} INFO - Sync 2 DAGs
[2024-10-22T09:42:22.842+0000] {logging_mixin.py:190} INFO - [2024-10-22T09:42:22.841+0000] {dag.py:4180} INFO - Setting next_dagrun for example_external_task_marker_child to None, run_after=None
[2024-10-22T09:42:22.852+0000] {logging_mixin.py:190} INFO - [2024-10-22T09:42:22.852+0000] {dag.py:4180} INFO - Setting next_dagrun for example_external_task_marker_parent to None, run_after=None
[2024-10-22T09:42:22.957+0000] {processor.py:208} INFO - Processing /home/airflow/.local/lib/python3.12/site-packages/airflow/example_dags/example_external_task_marker_dag.py took 0.237 seconds
[2024-10-22T09:42:53.185+0000] {processor.py:186} INFO - Started process (PID=2317) to work on /home/airflow/.local/lib/python3.12/site-packages/airflow/example_dags/example_external_task_marker_dag.py
[2024-10-22T09:42:53.187+0000] {processor.py:914} INFO - Processing file /home/airflow/.local/lib/python3.12/site-packages/airflow/example_dags/example_external_task_marker_dag.py for tasks to queue
[2024-10-22T09:42:53.197+0000] {logging_mixin.py:190} INFO - [2024-10-22T09:42:53.195+0000] {dagbag.py:588} INFO - Filling up the DagBag from /home/airflow/.local/lib/python3.12/site-packages/airflow/example_dags/example_external_task_marker_dag.py
[2024-10-22T09:42:53.215+0000] {processor.py:925} INFO - DAG(s) 'example_external_task_marker_parent', 'example_external_task_marker_child' retrieved from /home/airflow/.local/lib/python3.12/site-packages/airflow/example_dags/example_external_task_marker_dag.py
[2024-10-22T09:42:53.263+0000] {logging_mixin.py:190} INFO - [2024-10-22T09:42:53.263+0000] {dag.py:3239} INFO - Sync 2 DAGs
[2024-10-22T09:42:53.294+0000] {logging_mixin.py:190} INFO - [2024-10-22T09:42:53.293+0000] {dag.py:4180} INFO - Setting next_dagrun for example_external_task_marker_child to None, run_after=None
[2024-10-22T09:42:53.304+0000] {logging_mixin.py:190} INFO - [2024-10-22T09:42:53.303+0000] {dag.py:4180} INFO - Setting next_dagrun for example_external_task_marker_parent to None, run_after=None
[2024-10-22T09:42:53.345+0000] {processor.py:208} INFO - Processing /home/airflow/.local/lib/python3.12/site-packages/airflow/example_dags/example_external_task_marker_dag.py took 0.173 seconds
[2024-10-22T09:43:23.661+0000] {processor.py:186} INFO - Started process (PID=2379) to work on /home/airflow/.local/lib/python3.12/site-packages/airflow/example_dags/example_external_task_marker_dag.py
[2024-10-22T09:43:23.665+0000] {processor.py:914} INFO - Processing file /home/airflow/.local/lib/python3.12/site-packages/airflow/example_dags/example_external_task_marker_dag.py for tasks to queue
[2024-10-22T09:43:23.673+0000] {logging_mixin.py:190} INFO - [2024-10-22T09:43:23.672+0000] {dagbag.py:588} INFO - Filling up the DagBag from /home/airflow/.local/lib/python3.12/site-packages/airflow/example_dags/example_external_task_marker_dag.py
[2024-10-22T09:43:23.702+0000] {processor.py:925} INFO - DAG(s) 'example_external_task_marker_parent', 'example_external_task_marker_child' retrieved from /home/airflow/.local/lib/python3.12/site-packages/airflow/example_dags/example_external_task_marker_dag.py
[2024-10-22T09:43:23.759+0000] {logging_mixin.py:190} INFO - [2024-10-22T09:43:23.759+0000] {dag.py:3239} INFO - Sync 2 DAGs
[2024-10-22T09:43:23.802+0000] {logging_mixin.py:190} INFO - [2024-10-22T09:43:23.801+0000] {dag.py:4180} INFO - Setting next_dagrun for example_external_task_marker_child to None, run_after=None
[2024-10-22T09:43:23.812+0000] {logging_mixin.py:190} INFO - [2024-10-22T09:43:23.812+0000] {dag.py:4180} INFO - Setting next_dagrun for example_external_task_marker_parent to None, run_after=None
[2024-10-22T09:43:23.853+0000] {processor.py:208} INFO - Processing /home/airflow/.local/lib/python3.12/site-packages/airflow/example_dags/example_external_task_marker_dag.py took 0.218 seconds
[2024-10-22T09:43:54.597+0000] {processor.py:186} INFO - Started process (PID=2441) to work on /home/airflow/.local/lib/python3.12/site-packages/airflow/example_dags/example_external_task_marker_dag.py
[2024-10-22T09:43:54.600+0000] {processor.py:914} INFO - Processing file /home/airflow/.local/lib/python3.12/site-packages/airflow/example_dags/example_external_task_marker_dag.py for tasks to queue
[2024-10-22T09:43:54.606+0000] {logging_mixin.py:190} INFO - [2024-10-22T09:43:54.605+0000] {dagbag.py:588} INFO - Filling up the DagBag from /home/airflow/.local/lib/python3.12/site-packages/airflow/example_dags/example_external_task_marker_dag.py
[2024-10-22T09:43:54.626+0000] {processor.py:925} INFO - DAG(s) 'example_external_task_marker_parent', 'example_external_task_marker_child' retrieved from /home/airflow/.local/lib/python3.12/site-packages/airflow/example_dags/example_external_task_marker_dag.py
[2024-10-22T09:43:54.668+0000] {logging_mixin.py:190} INFO - [2024-10-22T09:43:54.668+0000] {dag.py:3239} INFO - Sync 2 DAGs
[2024-10-22T09:43:54.696+0000] {logging_mixin.py:190} INFO - [2024-10-22T09:43:54.696+0000] {dag.py:4180} INFO - Setting next_dagrun for example_external_task_marker_child to None, run_after=None
[2024-10-22T09:43:54.708+0000] {logging_mixin.py:190} INFO - [2024-10-22T09:43:54.708+0000] {dag.py:4180} INFO - Setting next_dagrun for example_external_task_marker_parent to None, run_after=None
[2024-10-22T09:43:54.763+0000] {processor.py:208} INFO - Processing /home/airflow/.local/lib/python3.12/site-packages/airflow/example_dags/example_external_task_marker_dag.py took 0.181 seconds
