[2024-10-22T09:23:23.837+0000] {processor.py:186} INFO - Started process (PID=80) to work on /home/airflow/.local/lib/python3.12/site-packages/airflow/example_dags/tutorial_dag.py
[2024-10-22T09:23:23.840+0000] {processor.py:914} INFO - Processing file /home/airflow/.local/lib/python3.12/site-packages/airflow/example_dags/tutorial_dag.py for tasks to queue
[2024-10-22T09:23:23.870+0000] {logging_mixin.py:190} INFO - [2024-10-22T09:23:23.869+0000] {dagbag.py:588} INFO - Filling up the DagBag from /home/airflow/.local/lib/python3.12/site-packages/airflow/example_dags/tutorial_dag.py
[2024-10-22T09:23:23.916+0000] {processor.py:925} INFO - DAG(s) 'tutorial_dag' retrieved from /home/airflow/.local/lib/python3.12/site-packages/airflow/example_dags/tutorial_dag.py
[2024-10-22T09:23:24.053+0000] {logging_mixin.py:190} INFO - [2024-10-22T09:23:24.052+0000] {dag.py:3239} INFO - Sync 1 DAGs
[2024-10-22T09:23:24.172+0000] {logging_mixin.py:190} INFO - [2024-10-22T09:23:24.172+0000] {dag.py:4180} INFO - Setting next_dagrun for tutorial_dag to None, run_after=None
[2024-10-22T09:23:24.330+0000] {processor.py:208} INFO - Processing /home/airflow/.local/lib/python3.12/site-packages/airflow/example_dags/tutorial_dag.py took 0.535 seconds
[2024-10-22T09:24:04.814+0000] {processor.py:186} INFO - Started process (PID=142) to work on /home/airflow/.local/lib/python3.12/site-packages/airflow/example_dags/tutorial_dag.py
[2024-10-22T09:24:04.829+0000] {processor.py:914} INFO - Processing file /home/airflow/.local/lib/python3.12/site-packages/airflow/example_dags/tutorial_dag.py for tasks to queue
[2024-10-22T09:24:04.850+0000] {logging_mixin.py:190} INFO - [2024-10-22T09:24:04.838+0000] {dagbag.py:588} INFO - Filling up the DagBag from /home/airflow/.local/lib/python3.12/site-packages/airflow/example_dags/tutorial_dag.py
[2024-10-22T09:24:05.089+0000] {processor.py:925} INFO - DAG(s) 'tutorial_dag' retrieved from /home/airflow/.local/lib/python3.12/site-packages/airflow/example_dags/tutorial_dag.py
[2024-10-22T09:24:05.885+0000] {logging_mixin.py:190} INFO - [2024-10-22T09:24:05.883+0000] {dag.py:3239} INFO - Sync 1 DAGs
[2024-10-22T09:24:06.190+0000] {logging_mixin.py:190} INFO - [2024-10-22T09:24:06.189+0000] {dag.py:4180} INFO - Setting next_dagrun for tutorial_dag to None, run_after=None
[2024-10-22T09:24:06.634+0000] {processor.py:208} INFO - Processing /home/airflow/.local/lib/python3.12/site-packages/airflow/example_dags/tutorial_dag.py took 1.945 seconds
[2024-10-22T09:24:42.106+0000] {processor.py:186} INFO - Started process (PID=211) to work on /home/airflow/.local/lib/python3.12/site-packages/airflow/example_dags/tutorial_dag.py
[2024-10-22T09:24:42.159+0000] {processor.py:914} INFO - Processing file /home/airflow/.local/lib/python3.12/site-packages/airflow/example_dags/tutorial_dag.py for tasks to queue
[2024-10-22T09:24:42.178+0000] {logging_mixin.py:190} INFO - [2024-10-22T09:24:42.176+0000] {dagbag.py:588} INFO - Filling up the DagBag from /home/airflow/.local/lib/python3.12/site-packages/airflow/example_dags/tutorial_dag.py
[2024-10-22T09:24:42.245+0000] {processor.py:925} INFO - DAG(s) 'tutorial_dag' retrieved from /home/airflow/.local/lib/python3.12/site-packages/airflow/example_dags/tutorial_dag.py
[2024-10-22T09:24:42.478+0000] {logging_mixin.py:190} INFO - [2024-10-22T09:24:42.477+0000] {dag.py:3239} INFO - Sync 1 DAGs
[2024-10-22T09:24:42.576+0000] {logging_mixin.py:190} INFO - [2024-10-22T09:24:42.576+0000] {dag.py:4180} INFO - Setting next_dagrun for tutorial_dag to None, run_after=None
[2024-10-22T09:24:43.620+0000] {processor.py:208} INFO - Processing /home/airflow/.local/lib/python3.12/site-packages/airflow/example_dags/tutorial_dag.py took 1.558 seconds
[2024-10-22T09:25:17.857+0000] {processor.py:186} INFO - Started process (PID=273) to work on /home/airflow/.local/lib/python3.12/site-packages/airflow/example_dags/tutorial_dag.py
[2024-10-22T09:25:17.862+0000] {processor.py:914} INFO - Processing file /home/airflow/.local/lib/python3.12/site-packages/airflow/example_dags/tutorial_dag.py for tasks to queue
[2024-10-22T09:25:17.881+0000] {logging_mixin.py:190} INFO - [2024-10-22T09:25:17.880+0000] {dagbag.py:588} INFO - Filling up the DagBag from /home/airflow/.local/lib/python3.12/site-packages/airflow/example_dags/tutorial_dag.py
[2024-10-22T09:25:17.921+0000] {processor.py:925} INFO - DAG(s) 'tutorial_dag' retrieved from /home/airflow/.local/lib/python3.12/site-packages/airflow/example_dags/tutorial_dag.py
[2024-10-22T09:25:18.012+0000] {logging_mixin.py:190} INFO - [2024-10-22T09:25:18.011+0000] {dag.py:3239} INFO - Sync 1 DAGs
[2024-10-22T09:25:18.081+0000] {logging_mixin.py:190} INFO - [2024-10-22T09:25:18.081+0000] {dag.py:4180} INFO - Setting next_dagrun for tutorial_dag to None, run_after=None
[2024-10-22T09:25:18.150+0000] {processor.py:208} INFO - Processing /home/airflow/.local/lib/python3.12/site-packages/airflow/example_dags/tutorial_dag.py took 0.343 seconds
[2024-10-22T09:25:48.685+0000] {processor.py:186} INFO - Started process (PID=335) to work on /home/airflow/.local/lib/python3.12/site-packages/airflow/example_dags/tutorial_dag.py
[2024-10-22T09:25:48.691+0000] {processor.py:914} INFO - Processing file /home/airflow/.local/lib/python3.12/site-packages/airflow/example_dags/tutorial_dag.py for tasks to queue
[2024-10-22T09:25:48.705+0000] {logging_mixin.py:190} INFO - [2024-10-22T09:25:48.697+0000] {dagbag.py:588} INFO - Filling up the DagBag from /home/airflow/.local/lib/python3.12/site-packages/airflow/example_dags/tutorial_dag.py
[2024-10-22T09:25:48.735+0000] {processor.py:925} INFO - DAG(s) 'tutorial_dag' retrieved from /home/airflow/.local/lib/python3.12/site-packages/airflow/example_dags/tutorial_dag.py
[2024-10-22T09:25:48.807+0000] {logging_mixin.py:190} INFO - [2024-10-22T09:25:48.805+0000] {dag.py:3239} INFO - Sync 1 DAGs
[2024-10-22T09:25:48.865+0000] {logging_mixin.py:190} INFO - [2024-10-22T09:25:48.864+0000] {dag.py:4180} INFO - Setting next_dagrun for tutorial_dag to None, run_after=None
[2024-10-22T09:25:48.970+0000] {processor.py:208} INFO - Processing /home/airflow/.local/lib/python3.12/site-packages/airflow/example_dags/tutorial_dag.py took 0.313 seconds
[2024-10-22T09:26:19.702+0000] {processor.py:186} INFO - Started process (PID=398) to work on /home/airflow/.local/lib/python3.12/site-packages/airflow/example_dags/tutorial_dag.py
[2024-10-22T09:26:19.704+0000] {processor.py:914} INFO - Processing file /home/airflow/.local/lib/python3.12/site-packages/airflow/example_dags/tutorial_dag.py for tasks to queue
[2024-10-22T09:26:19.709+0000] {logging_mixin.py:190} INFO - [2024-10-22T09:26:19.708+0000] {dagbag.py:588} INFO - Filling up the DagBag from /home/airflow/.local/lib/python3.12/site-packages/airflow/example_dags/tutorial_dag.py
[2024-10-22T09:26:19.724+0000] {processor.py:925} INFO - DAG(s) 'tutorial_dag' retrieved from /home/airflow/.local/lib/python3.12/site-packages/airflow/example_dags/tutorial_dag.py
[2024-10-22T09:26:19.801+0000] {logging_mixin.py:190} INFO - [2024-10-22T09:26:19.800+0000] {dag.py:3239} INFO - Sync 1 DAGs
[2024-10-22T09:26:19.862+0000] {logging_mixin.py:190} INFO - [2024-10-22T09:26:19.861+0000] {dag.py:4180} INFO - Setting next_dagrun for tutorial_dag to None, run_after=None
[2024-10-22T09:26:19.942+0000] {processor.py:208} INFO - Processing /home/airflow/.local/lib/python3.12/site-packages/airflow/example_dags/tutorial_dag.py took 0.254 seconds
[2024-10-22T09:27:04.137+0000] {processor.py:186} INFO - Started process (PID=464) to work on /home/airflow/.local/lib/python3.12/site-packages/airflow/example_dags/tutorial_dag.py
[2024-10-22T09:27:04.140+0000] {processor.py:914} INFO - Processing file /home/airflow/.local/lib/python3.12/site-packages/airflow/example_dags/tutorial_dag.py for tasks to queue
[2024-10-22T09:27:04.157+0000] {logging_mixin.py:190} INFO - [2024-10-22T09:27:04.156+0000] {dagbag.py:588} INFO - Filling up the DagBag from /home/airflow/.local/lib/python3.12/site-packages/airflow/example_dags/tutorial_dag.py
[2024-10-22T09:27:04.205+0000] {processor.py:925} INFO - DAG(s) 'tutorial_dag' retrieved from /home/airflow/.local/lib/python3.12/site-packages/airflow/example_dags/tutorial_dag.py
[2024-10-22T09:27:04.313+0000] {logging_mixin.py:190} INFO - [2024-10-22T09:27:04.313+0000] {dag.py:3239} INFO - Sync 1 DAGs
[2024-10-22T09:27:04.434+0000] {logging_mixin.py:190} INFO - [2024-10-22T09:27:04.422+0000] {dag.py:4180} INFO - Setting next_dagrun for tutorial_dag to None, run_after=None
[2024-10-22T09:27:04.583+0000] {processor.py:208} INFO - Processing /home/airflow/.local/lib/python3.12/site-packages/airflow/example_dags/tutorial_dag.py took 0.496 seconds
[2024-10-22T09:27:34.729+0000] {processor.py:186} INFO - Started process (PID=525) to work on /home/airflow/.local/lib/python3.12/site-packages/airflow/example_dags/tutorial_dag.py
[2024-10-22T09:27:34.732+0000] {processor.py:914} INFO - Processing file /home/airflow/.local/lib/python3.12/site-packages/airflow/example_dags/tutorial_dag.py for tasks to queue
[2024-10-22T09:27:34.740+0000] {logging_mixin.py:190} INFO - [2024-10-22T09:27:34.739+0000] {dagbag.py:588} INFO - Filling up the DagBag from /home/airflow/.local/lib/python3.12/site-packages/airflow/example_dags/tutorial_dag.py
[2024-10-22T09:27:34.759+0000] {processor.py:925} INFO - DAG(s) 'tutorial_dag' retrieved from /home/airflow/.local/lib/python3.12/site-packages/airflow/example_dags/tutorial_dag.py
[2024-10-22T09:27:34.810+0000] {logging_mixin.py:190} INFO - [2024-10-22T09:27:34.809+0000] {dag.py:3239} INFO - Sync 1 DAGs
[2024-10-22T09:27:34.868+0000] {logging_mixin.py:190} INFO - [2024-10-22T09:27:34.867+0000] {dag.py:4180} INFO - Setting next_dagrun for tutorial_dag to None, run_after=None
[2024-10-22T09:27:34.919+0000] {processor.py:208} INFO - Processing /home/airflow/.local/lib/python3.12/site-packages/airflow/example_dags/tutorial_dag.py took 0.218 seconds
[2024-10-22T09:28:05.185+0000] {processor.py:186} INFO - Started process (PID=587) to work on /home/airflow/.local/lib/python3.12/site-packages/airflow/example_dags/tutorial_dag.py
[2024-10-22T09:28:05.188+0000] {processor.py:914} INFO - Processing file /home/airflow/.local/lib/python3.12/site-packages/airflow/example_dags/tutorial_dag.py for tasks to queue
[2024-10-22T09:28:05.195+0000] {logging_mixin.py:190} INFO - [2024-10-22T09:28:05.194+0000] {dagbag.py:588} INFO - Filling up the DagBag from /home/airflow/.local/lib/python3.12/site-packages/airflow/example_dags/tutorial_dag.py
[2024-10-22T09:28:05.216+0000] {processor.py:925} INFO - DAG(s) 'tutorial_dag' retrieved from /home/airflow/.local/lib/python3.12/site-packages/airflow/example_dags/tutorial_dag.py
[2024-10-22T09:28:05.268+0000] {logging_mixin.py:190} INFO - [2024-10-22T09:28:05.268+0000] {dag.py:3239} INFO - Sync 1 DAGs
[2024-10-22T09:28:05.312+0000] {logging_mixin.py:190} INFO - [2024-10-22T09:28:05.312+0000] {dag.py:4180} INFO - Setting next_dagrun for tutorial_dag to None, run_after=None
[2024-10-22T09:28:05.362+0000] {processor.py:208} INFO - Processing /home/airflow/.local/lib/python3.12/site-packages/airflow/example_dags/tutorial_dag.py took 0.193 seconds
[2024-10-22T09:28:37.199+0000] {processor.py:186} INFO - Started process (PID=649) to work on /home/airflow/.local/lib/python3.12/site-packages/airflow/example_dags/tutorial_dag.py
[2024-10-22T09:28:37.202+0000] {processor.py:914} INFO - Processing file /home/airflow/.local/lib/python3.12/site-packages/airflow/example_dags/tutorial_dag.py for tasks to queue
[2024-10-22T09:28:37.212+0000] {logging_mixin.py:190} INFO - [2024-10-22T09:28:37.211+0000] {dagbag.py:588} INFO - Filling up the DagBag from /home/airflow/.local/lib/python3.12/site-packages/airflow/example_dags/tutorial_dag.py
[2024-10-22T09:28:37.238+0000] {processor.py:925} INFO - DAG(s) 'tutorial_dag' retrieved from /home/airflow/.local/lib/python3.12/site-packages/airflow/example_dags/tutorial_dag.py
[2024-10-22T09:28:37.303+0000] {logging_mixin.py:190} INFO - [2024-10-22T09:28:37.303+0000] {dag.py:3239} INFO - Sync 1 DAGs
[2024-10-22T09:28:37.355+0000] {logging_mixin.py:190} INFO - [2024-10-22T09:28:37.355+0000] {dag.py:4180} INFO - Setting next_dagrun for tutorial_dag to None, run_after=None
[2024-10-22T09:28:37.419+0000] {processor.py:208} INFO - Processing /home/airflow/.local/lib/python3.12/site-packages/airflow/example_dags/tutorial_dag.py took 0.236 seconds
[2024-10-22T09:29:07.951+0000] {processor.py:186} INFO - Started process (PID=711) to work on /home/airflow/.local/lib/python3.12/site-packages/airflow/example_dags/tutorial_dag.py
[2024-10-22T09:29:07.953+0000] {processor.py:914} INFO - Processing file /home/airflow/.local/lib/python3.12/site-packages/airflow/example_dags/tutorial_dag.py for tasks to queue
[2024-10-22T09:29:07.960+0000] {logging_mixin.py:190} INFO - [2024-10-22T09:29:07.959+0000] {dagbag.py:588} INFO - Filling up the DagBag from /home/airflow/.local/lib/python3.12/site-packages/airflow/example_dags/tutorial_dag.py
[2024-10-22T09:29:07.981+0000] {processor.py:925} INFO - DAG(s) 'tutorial_dag' retrieved from /home/airflow/.local/lib/python3.12/site-packages/airflow/example_dags/tutorial_dag.py
[2024-10-22T09:29:08.024+0000] {logging_mixin.py:190} INFO - [2024-10-22T09:29:08.024+0000] {dag.py:3239} INFO - Sync 1 DAGs
[2024-10-22T09:29:08.056+0000] {logging_mixin.py:190} INFO - [2024-10-22T09:29:08.056+0000] {dag.py:4180} INFO - Setting next_dagrun for tutorial_dag to None, run_after=None
[2024-10-22T09:29:08.100+0000] {processor.py:208} INFO - Processing /home/airflow/.local/lib/python3.12/site-packages/airflow/example_dags/tutorial_dag.py took 0.168 seconds
[2024-10-22T09:29:38.220+0000] {processor.py:186} INFO - Started process (PID=774) to work on /home/airflow/.local/lib/python3.12/site-packages/airflow/example_dags/tutorial_dag.py
[2024-10-22T09:29:38.222+0000] {processor.py:914} INFO - Processing file /home/airflow/.local/lib/python3.12/site-packages/airflow/example_dags/tutorial_dag.py for tasks to queue
[2024-10-22T09:29:38.228+0000] {logging_mixin.py:190} INFO - [2024-10-22T09:29:38.228+0000] {dagbag.py:588} INFO - Filling up the DagBag from /home/airflow/.local/lib/python3.12/site-packages/airflow/example_dags/tutorial_dag.py
[2024-10-22T09:29:38.249+0000] {processor.py:925} INFO - DAG(s) 'tutorial_dag' retrieved from /home/airflow/.local/lib/python3.12/site-packages/airflow/example_dags/tutorial_dag.py
[2024-10-22T09:29:38.291+0000] {logging_mixin.py:190} INFO - [2024-10-22T09:29:38.290+0000] {dag.py:3239} INFO - Sync 1 DAGs
[2024-10-22T09:29:38.321+0000] {logging_mixin.py:190} INFO - [2024-10-22T09:29:38.320+0000] {dag.py:4180} INFO - Setting next_dagrun for tutorial_dag to None, run_after=None
[2024-10-22T09:29:38.354+0000] {processor.py:208} INFO - Processing /home/airflow/.local/lib/python3.12/site-packages/airflow/example_dags/tutorial_dag.py took 0.151 seconds
[2024-10-22T09:30:09.073+0000] {processor.py:186} INFO - Started process (PID=836) to work on /home/airflow/.local/lib/python3.12/site-packages/airflow/example_dags/tutorial_dag.py
[2024-10-22T09:30:09.076+0000] {processor.py:914} INFO - Processing file /home/airflow/.local/lib/python3.12/site-packages/airflow/example_dags/tutorial_dag.py for tasks to queue
[2024-10-22T09:30:09.083+0000] {logging_mixin.py:190} INFO - [2024-10-22T09:30:09.082+0000] {dagbag.py:588} INFO - Filling up the DagBag from /home/airflow/.local/lib/python3.12/site-packages/airflow/example_dags/tutorial_dag.py
[2024-10-22T09:30:09.102+0000] {processor.py:925} INFO - DAG(s) 'tutorial_dag' retrieved from /home/airflow/.local/lib/python3.12/site-packages/airflow/example_dags/tutorial_dag.py
[2024-10-22T09:30:09.190+0000] {logging_mixin.py:190} INFO - [2024-10-22T09:30:09.189+0000] {dag.py:3239} INFO - Sync 1 DAGs
[2024-10-22T09:30:09.258+0000] {logging_mixin.py:190} INFO - [2024-10-22T09:30:09.257+0000] {dag.py:4180} INFO - Setting next_dagrun for tutorial_dag to None, run_after=None
[2024-10-22T09:30:09.305+0000] {processor.py:208} INFO - Processing /home/airflow/.local/lib/python3.12/site-packages/airflow/example_dags/tutorial_dag.py took 0.246 seconds
[2024-10-22T09:30:45.018+0000] {processor.py:186} INFO - Started process (PID=898) to work on /home/airflow/.local/lib/python3.12/site-packages/airflow/example_dags/tutorial_dag.py
[2024-10-22T09:30:45.034+0000] {processor.py:914} INFO - Processing file /home/airflow/.local/lib/python3.12/site-packages/airflow/example_dags/tutorial_dag.py for tasks to queue
[2024-10-22T09:30:45.053+0000] {logging_mixin.py:190} INFO - [2024-10-22T09:30:45.052+0000] {dagbag.py:588} INFO - Filling up the DagBag from /home/airflow/.local/lib/python3.12/site-packages/airflow/example_dags/tutorial_dag.py
[2024-10-22T09:30:45.116+0000] {processor.py:925} INFO - DAG(s) 'tutorial_dag' retrieved from /home/airflow/.local/lib/python3.12/site-packages/airflow/example_dags/tutorial_dag.py
[2024-10-22T09:30:45.286+0000] {logging_mixin.py:190} INFO - [2024-10-22T09:30:45.285+0000] {dag.py:3239} INFO - Sync 1 DAGs
[2024-10-22T09:30:45.433+0000] {logging_mixin.py:190} INFO - [2024-10-22T09:30:45.432+0000] {dag.py:4180} INFO - Setting next_dagrun for tutorial_dag to None, run_after=None
[2024-10-22T09:30:45.594+0000] {processor.py:208} INFO - Processing /home/airflow/.local/lib/python3.12/site-packages/airflow/example_dags/tutorial_dag.py took 0.597 seconds
[2024-10-22T09:31:20.348+0000] {processor.py:186} INFO - Started process (PID=960) to work on /home/airflow/.local/lib/python3.12/site-packages/airflow/example_dags/tutorial_dag.py
[2024-10-22T09:31:20.350+0000] {processor.py:914} INFO - Processing file /home/airflow/.local/lib/python3.12/site-packages/airflow/example_dags/tutorial_dag.py for tasks to queue
[2024-10-22T09:31:20.374+0000] {logging_mixin.py:190} INFO - [2024-10-22T09:31:20.373+0000] {dagbag.py:588} INFO - Filling up the DagBag from /home/airflow/.local/lib/python3.12/site-packages/airflow/example_dags/tutorial_dag.py
[2024-10-22T09:31:20.432+0000] {processor.py:925} INFO - DAG(s) 'tutorial_dag' retrieved from /home/airflow/.local/lib/python3.12/site-packages/airflow/example_dags/tutorial_dag.py
[2024-10-22T09:31:20.672+0000] {logging_mixin.py:190} INFO - [2024-10-22T09:31:20.672+0000] {dag.py:3239} INFO - Sync 1 DAGs
[2024-10-22T09:31:20.814+0000] {logging_mixin.py:190} INFO - [2024-10-22T09:31:20.814+0000] {dag.py:4180} INFO - Setting next_dagrun for tutorial_dag to None, run_after=None
[2024-10-22T09:31:21.070+0000] {processor.py:208} INFO - Processing /home/airflow/.local/lib/python3.12/site-packages/airflow/example_dags/tutorial_dag.py took 0.777 seconds
[2024-10-22T09:31:55.062+0000] {processor.py:186} INFO - Started process (PID=1022) to work on /home/airflow/.local/lib/python3.12/site-packages/airflow/example_dags/tutorial_dag.py
[2024-10-22T09:31:55.065+0000] {processor.py:914} INFO - Processing file /home/airflow/.local/lib/python3.12/site-packages/airflow/example_dags/tutorial_dag.py for tasks to queue
[2024-10-22T09:31:55.097+0000] {logging_mixin.py:190} INFO - [2024-10-22T09:31:55.096+0000] {dagbag.py:588} INFO - Filling up the DagBag from /home/airflow/.local/lib/python3.12/site-packages/airflow/example_dags/tutorial_dag.py
[2024-10-22T09:31:55.162+0000] {processor.py:925} INFO - DAG(s) 'tutorial_dag' retrieved from /home/airflow/.local/lib/python3.12/site-packages/airflow/example_dags/tutorial_dag.py
[2024-10-22T09:31:55.432+0000] {logging_mixin.py:190} INFO - [2024-10-22T09:31:55.431+0000] {dag.py:3239} INFO - Sync 1 DAGs
[2024-10-22T09:31:55.608+0000] {logging_mixin.py:190} INFO - [2024-10-22T09:31:55.608+0000] {dag.py:4180} INFO - Setting next_dagrun for tutorial_dag to None, run_after=None
[2024-10-22T09:31:55.918+0000] {processor.py:208} INFO - Processing /home/airflow/.local/lib/python3.12/site-packages/airflow/example_dags/tutorial_dag.py took 0.935 seconds
[2024-10-22T09:32:33.917+0000] {processor.py:186} INFO - Started process (PID=1089) to work on /home/airflow/.local/lib/python3.12/site-packages/airflow/example_dags/tutorial_dag.py
[2024-10-22T09:32:33.945+0000] {processor.py:914} INFO - Processing file /home/airflow/.local/lib/python3.12/site-packages/airflow/example_dags/tutorial_dag.py for tasks to queue
[2024-10-22T09:32:34.013+0000] {logging_mixin.py:190} INFO - [2024-10-22T09:32:33.998+0000] {dagbag.py:588} INFO - Filling up the DagBag from /home/airflow/.local/lib/python3.12/site-packages/airflow/example_dags/tutorial_dag.py
[2024-10-22T09:32:34.137+0000] {processor.py:925} INFO - DAG(s) 'tutorial_dag' retrieved from /home/airflow/.local/lib/python3.12/site-packages/airflow/example_dags/tutorial_dag.py
[2024-10-22T09:32:34.332+0000] {logging_mixin.py:190} INFO - [2024-10-22T09:32:34.331+0000] {dag.py:3239} INFO - Sync 1 DAGs
[2024-10-22T09:32:34.506+0000] {logging_mixin.py:190} INFO - [2024-10-22T09:32:34.506+0000] {dag.py:4180} INFO - Setting next_dagrun for tutorial_dag to None, run_after=None
[2024-10-22T09:32:36.091+0000] {processor.py:208} INFO - Processing /home/airflow/.local/lib/python3.12/site-packages/airflow/example_dags/tutorial_dag.py took 2.218 seconds
[2024-10-22T09:33:08.072+0000] {processor.py:186} INFO - Started process (PID=1150) to work on /home/airflow/.local/lib/python3.12/site-packages/airflow/example_dags/tutorial_dag.py
[2024-10-22T09:33:08.086+0000] {processor.py:914} INFO - Processing file /home/airflow/.local/lib/python3.12/site-packages/airflow/example_dags/tutorial_dag.py for tasks to queue
[2024-10-22T09:33:08.106+0000] {logging_mixin.py:190} INFO - [2024-10-22T09:33:08.105+0000] {dagbag.py:588} INFO - Filling up the DagBag from /home/airflow/.local/lib/python3.12/site-packages/airflow/example_dags/tutorial_dag.py
[2024-10-22T09:33:08.151+0000] {processor.py:925} INFO - DAG(s) 'tutorial_dag' retrieved from /home/airflow/.local/lib/python3.12/site-packages/airflow/example_dags/tutorial_dag.py
[2024-10-22T09:33:08.234+0000] {logging_mixin.py:190} INFO - [2024-10-22T09:33:08.233+0000] {dag.py:3239} INFO - Sync 1 DAGs
[2024-10-22T09:33:08.330+0000] {logging_mixin.py:190} INFO - [2024-10-22T09:33:08.318+0000] {dag.py:4180} INFO - Setting next_dagrun for tutorial_dag to None, run_after=None
[2024-10-22T09:33:08.455+0000] {processor.py:208} INFO - Processing /home/airflow/.local/lib/python3.12/site-packages/airflow/example_dags/tutorial_dag.py took 0.421 seconds
[2024-10-22T09:33:39.529+0000] {processor.py:186} INFO - Started process (PID=1212) to work on /home/airflow/.local/lib/python3.12/site-packages/airflow/example_dags/tutorial_dag.py
[2024-10-22T09:33:39.531+0000] {processor.py:914} INFO - Processing file /home/airflow/.local/lib/python3.12/site-packages/airflow/example_dags/tutorial_dag.py for tasks to queue
[2024-10-22T09:33:39.536+0000] {logging_mixin.py:190} INFO - [2024-10-22T09:33:39.536+0000] {dagbag.py:588} INFO - Filling up the DagBag from /home/airflow/.local/lib/python3.12/site-packages/airflow/example_dags/tutorial_dag.py
[2024-10-22T09:33:39.553+0000] {processor.py:925} INFO - DAG(s) 'tutorial_dag' retrieved from /home/airflow/.local/lib/python3.12/site-packages/airflow/example_dags/tutorial_dag.py
[2024-10-22T09:33:39.597+0000] {logging_mixin.py:190} INFO - [2024-10-22T09:33:39.597+0000] {dag.py:3239} INFO - Sync 1 DAGs
[2024-10-22T09:33:39.631+0000] {logging_mixin.py:190} INFO - [2024-10-22T09:33:39.631+0000] {dag.py:4180} INFO - Setting next_dagrun for tutorial_dag to None, run_after=None
[2024-10-22T09:33:39.664+0000] {processor.py:208} INFO - Processing /home/airflow/.local/lib/python3.12/site-packages/airflow/example_dags/tutorial_dag.py took 0.156 seconds
[2024-10-22T09:34:10.097+0000] {processor.py:186} INFO - Started process (PID=1274) to work on /home/airflow/.local/lib/python3.12/site-packages/airflow/example_dags/tutorial_dag.py
[2024-10-22T09:34:10.099+0000] {processor.py:914} INFO - Processing file /home/airflow/.local/lib/python3.12/site-packages/airflow/example_dags/tutorial_dag.py for tasks to queue
[2024-10-22T09:34:10.105+0000] {logging_mixin.py:190} INFO - [2024-10-22T09:34:10.104+0000] {dagbag.py:588} INFO - Filling up the DagBag from /home/airflow/.local/lib/python3.12/site-packages/airflow/example_dags/tutorial_dag.py
[2024-10-22T09:34:10.124+0000] {processor.py:925} INFO - DAG(s) 'tutorial_dag' retrieved from /home/airflow/.local/lib/python3.12/site-packages/airflow/example_dags/tutorial_dag.py
[2024-10-22T09:34:10.159+0000] {logging_mixin.py:190} INFO - [2024-10-22T09:34:10.159+0000] {dag.py:3239} INFO - Sync 1 DAGs
[2024-10-22T09:34:10.186+0000] {logging_mixin.py:190} INFO - [2024-10-22T09:34:10.186+0000] {dag.py:4180} INFO - Setting next_dagrun for tutorial_dag to None, run_after=None
[2024-10-22T09:34:10.218+0000] {processor.py:208} INFO - Processing /home/airflow/.local/lib/python3.12/site-packages/airflow/example_dags/tutorial_dag.py took 0.132 seconds
[2024-10-22T09:34:41.374+0000] {processor.py:186} INFO - Started process (PID=1336) to work on /home/airflow/.local/lib/python3.12/site-packages/airflow/example_dags/tutorial_dag.py
[2024-10-22T09:34:41.376+0000] {processor.py:914} INFO - Processing file /home/airflow/.local/lib/python3.12/site-packages/airflow/example_dags/tutorial_dag.py for tasks to queue
[2024-10-22T09:34:41.382+0000] {logging_mixin.py:190} INFO - [2024-10-22T09:34:41.381+0000] {dagbag.py:588} INFO - Filling up the DagBag from /home/airflow/.local/lib/python3.12/site-packages/airflow/example_dags/tutorial_dag.py
[2024-10-22T09:34:41.407+0000] {processor.py:925} INFO - DAG(s) 'tutorial_dag' retrieved from /home/airflow/.local/lib/python3.12/site-packages/airflow/example_dags/tutorial_dag.py
[2024-10-22T09:34:41.472+0000] {logging_mixin.py:190} INFO - [2024-10-22T09:34:41.471+0000] {dag.py:3239} INFO - Sync 1 DAGs
[2024-10-22T09:34:41.518+0000] {logging_mixin.py:190} INFO - [2024-10-22T09:34:41.518+0000] {dag.py:4180} INFO - Setting next_dagrun for tutorial_dag to None, run_after=None
[2024-10-22T09:34:41.580+0000] {processor.py:208} INFO - Processing /home/airflow/.local/lib/python3.12/site-packages/airflow/example_dags/tutorial_dag.py took 0.223 seconds
[2024-10-22T09:35:14.752+0000] {processor.py:186} INFO - Started process (PID=1398) to work on /home/airflow/.local/lib/python3.12/site-packages/airflow/example_dags/tutorial_dag.py
[2024-10-22T09:35:14.757+0000] {processor.py:914} INFO - Processing file /home/airflow/.local/lib/python3.12/site-packages/airflow/example_dags/tutorial_dag.py for tasks to queue
[2024-10-22T09:35:14.763+0000] {logging_mixin.py:190} INFO - [2024-10-22T09:35:14.762+0000] {dagbag.py:588} INFO - Filling up the DagBag from /home/airflow/.local/lib/python3.12/site-packages/airflow/example_dags/tutorial_dag.py
[2024-10-22T09:35:14.803+0000] {processor.py:925} INFO - DAG(s) 'tutorial_dag' retrieved from /home/airflow/.local/lib/python3.12/site-packages/airflow/example_dags/tutorial_dag.py
[2024-10-22T09:35:14.881+0000] {logging_mixin.py:190} INFO - [2024-10-22T09:35:14.880+0000] {dag.py:3239} INFO - Sync 1 DAGs
[2024-10-22T09:35:14.953+0000] {logging_mixin.py:190} INFO - [2024-10-22T09:35:14.952+0000] {dag.py:4180} INFO - Setting next_dagrun for tutorial_dag to None, run_after=None
[2024-10-22T09:35:15.065+0000] {processor.py:208} INFO - Processing /home/airflow/.local/lib/python3.12/site-packages/airflow/example_dags/tutorial_dag.py took 0.342 seconds
[2024-10-22T09:35:45.795+0000] {processor.py:186} INFO - Started process (PID=1460) to work on /home/airflow/.local/lib/python3.12/site-packages/airflow/example_dags/tutorial_dag.py
[2024-10-22T09:35:45.797+0000] {processor.py:914} INFO - Processing file /home/airflow/.local/lib/python3.12/site-packages/airflow/example_dags/tutorial_dag.py for tasks to queue
[2024-10-22T09:35:45.802+0000] {logging_mixin.py:190} INFO - [2024-10-22T09:35:45.801+0000] {dagbag.py:588} INFO - Filling up the DagBag from /home/airflow/.local/lib/python3.12/site-packages/airflow/example_dags/tutorial_dag.py
[2024-10-22T09:35:45.819+0000] {processor.py:925} INFO - DAG(s) 'tutorial_dag' retrieved from /home/airflow/.local/lib/python3.12/site-packages/airflow/example_dags/tutorial_dag.py
[2024-10-22T09:35:45.859+0000] {logging_mixin.py:190} INFO - [2024-10-22T09:35:45.858+0000] {dag.py:3239} INFO - Sync 1 DAGs
[2024-10-22T09:35:45.889+0000] {logging_mixin.py:190} INFO - [2024-10-22T09:35:45.889+0000] {dag.py:4180} INFO - Setting next_dagrun for tutorial_dag to None, run_after=None
[2024-10-22T09:35:45.924+0000] {processor.py:208} INFO - Processing /home/airflow/.local/lib/python3.12/site-packages/airflow/example_dags/tutorial_dag.py took 0.143 seconds
[2024-10-22T09:36:16.248+0000] {processor.py:186} INFO - Started process (PID=1522) to work on /home/airflow/.local/lib/python3.12/site-packages/airflow/example_dags/tutorial_dag.py
[2024-10-22T09:36:16.249+0000] {processor.py:914} INFO - Processing file /home/airflow/.local/lib/python3.12/site-packages/airflow/example_dags/tutorial_dag.py for tasks to queue
[2024-10-22T09:36:16.255+0000] {logging_mixin.py:190} INFO - [2024-10-22T09:36:16.254+0000] {dagbag.py:588} INFO - Filling up the DagBag from /home/airflow/.local/lib/python3.12/site-packages/airflow/example_dags/tutorial_dag.py
[2024-10-22T09:36:16.273+0000] {processor.py:925} INFO - DAG(s) 'tutorial_dag' retrieved from /home/airflow/.local/lib/python3.12/site-packages/airflow/example_dags/tutorial_dag.py
[2024-10-22T09:36:16.316+0000] {logging_mixin.py:190} INFO - [2024-10-22T09:36:16.315+0000] {dag.py:3239} INFO - Sync 1 DAGs
[2024-10-22T09:36:16.350+0000] {logging_mixin.py:190} INFO - [2024-10-22T09:36:16.350+0000] {dag.py:4180} INFO - Setting next_dagrun for tutorial_dag to None, run_after=None
[2024-10-22T09:36:16.394+0000] {processor.py:208} INFO - Processing /home/airflow/.local/lib/python3.12/site-packages/airflow/example_dags/tutorial_dag.py took 0.159 seconds
[2024-10-22T09:36:46.982+0000] {processor.py:186} INFO - Started process (PID=1585) to work on /home/airflow/.local/lib/python3.12/site-packages/airflow/example_dags/tutorial_dag.py
[2024-10-22T09:36:46.984+0000] {processor.py:914} INFO - Processing file /home/airflow/.local/lib/python3.12/site-packages/airflow/example_dags/tutorial_dag.py for tasks to queue
[2024-10-22T09:36:46.989+0000] {logging_mixin.py:190} INFO - [2024-10-22T09:36:46.988+0000] {dagbag.py:588} INFO - Filling up the DagBag from /home/airflow/.local/lib/python3.12/site-packages/airflow/example_dags/tutorial_dag.py
[2024-10-22T09:36:47.004+0000] {processor.py:925} INFO - DAG(s) 'tutorial_dag' retrieved from /home/airflow/.local/lib/python3.12/site-packages/airflow/example_dags/tutorial_dag.py
[2024-10-22T09:36:47.046+0000] {logging_mixin.py:190} INFO - [2024-10-22T09:36:47.045+0000] {dag.py:3239} INFO - Sync 1 DAGs
[2024-10-22T09:36:47.100+0000] {logging_mixin.py:190} INFO - [2024-10-22T09:36:47.099+0000] {dag.py:4180} INFO - Setting next_dagrun for tutorial_dag to None, run_after=None
[2024-10-22T09:36:47.142+0000] {processor.py:208} INFO - Processing /home/airflow/.local/lib/python3.12/site-packages/airflow/example_dags/tutorial_dag.py took 0.175 seconds
[2024-10-22T09:37:17.849+0000] {processor.py:186} INFO - Started process (PID=1647) to work on /home/airflow/.local/lib/python3.12/site-packages/airflow/example_dags/tutorial_dag.py
[2024-10-22T09:37:17.853+0000] {processor.py:914} INFO - Processing file /home/airflow/.local/lib/python3.12/site-packages/airflow/example_dags/tutorial_dag.py for tasks to queue
[2024-10-22T09:37:17.860+0000] {logging_mixin.py:190} INFO - [2024-10-22T09:37:17.859+0000] {dagbag.py:588} INFO - Filling up the DagBag from /home/airflow/.local/lib/python3.12/site-packages/airflow/example_dags/tutorial_dag.py
[2024-10-22T09:37:17.880+0000] {processor.py:925} INFO - DAG(s) 'tutorial_dag' retrieved from /home/airflow/.local/lib/python3.12/site-packages/airflow/example_dags/tutorial_dag.py
[2024-10-22T09:37:17.948+0000] {logging_mixin.py:190} INFO - [2024-10-22T09:37:17.947+0000] {dag.py:3239} INFO - Sync 1 DAGs
[2024-10-22T09:37:18.039+0000] {logging_mixin.py:190} INFO - [2024-10-22T09:37:18.038+0000] {dag.py:4180} INFO - Setting next_dagrun for tutorial_dag to None, run_after=None
[2024-10-22T09:37:18.109+0000] {processor.py:208} INFO - Processing /home/airflow/.local/lib/python3.12/site-packages/airflow/example_dags/tutorial_dag.py took 0.275 seconds
[2024-10-22T09:37:49.215+0000] {processor.py:186} INFO - Started process (PID=1709) to work on /home/airflow/.local/lib/python3.12/site-packages/airflow/example_dags/tutorial_dag.py
[2024-10-22T09:37:49.217+0000] {processor.py:914} INFO - Processing file /home/airflow/.local/lib/python3.12/site-packages/airflow/example_dags/tutorial_dag.py for tasks to queue
[2024-10-22T09:37:49.224+0000] {logging_mixin.py:190} INFO - [2024-10-22T09:37:49.223+0000] {dagbag.py:588} INFO - Filling up the DagBag from /home/airflow/.local/lib/python3.12/site-packages/airflow/example_dags/tutorial_dag.py
[2024-10-22T09:37:49.248+0000] {processor.py:925} INFO - DAG(s) 'tutorial_dag' retrieved from /home/airflow/.local/lib/python3.12/site-packages/airflow/example_dags/tutorial_dag.py
[2024-10-22T09:37:49.313+0000] {logging_mixin.py:190} INFO - [2024-10-22T09:37:49.311+0000] {dag.py:3239} INFO - Sync 1 DAGs
[2024-10-22T09:37:49.354+0000] {logging_mixin.py:190} INFO - [2024-10-22T09:37:49.353+0000] {dag.py:4180} INFO - Setting next_dagrun for tutorial_dag to None, run_after=None
[2024-10-22T09:37:49.394+0000] {processor.py:208} INFO - Processing /home/airflow/.local/lib/python3.12/site-packages/airflow/example_dags/tutorial_dag.py took 0.197 seconds
[2024-10-22T09:38:20.864+0000] {processor.py:186} INFO - Started process (PID=1771) to work on /home/airflow/.local/lib/python3.12/site-packages/airflow/example_dags/tutorial_dag.py
[2024-10-22T09:38:20.867+0000] {processor.py:914} INFO - Processing file /home/airflow/.local/lib/python3.12/site-packages/airflow/example_dags/tutorial_dag.py for tasks to queue
[2024-10-22T09:38:20.874+0000] {logging_mixin.py:190} INFO - [2024-10-22T09:38:20.873+0000] {dagbag.py:588} INFO - Filling up the DagBag from /home/airflow/.local/lib/python3.12/site-packages/airflow/example_dags/tutorial_dag.py
[2024-10-22T09:38:20.895+0000] {processor.py:925} INFO - DAG(s) 'tutorial_dag' retrieved from /home/airflow/.local/lib/python3.12/site-packages/airflow/example_dags/tutorial_dag.py
[2024-10-22T09:38:20.984+0000] {logging_mixin.py:190} INFO - [2024-10-22T09:38:20.984+0000] {dag.py:3239} INFO - Sync 1 DAGs
[2024-10-22T09:38:21.025+0000] {logging_mixin.py:190} INFO - [2024-10-22T09:38:21.024+0000] {dag.py:4180} INFO - Setting next_dagrun for tutorial_dag to None, run_after=None
[2024-10-22T09:38:21.198+0000] {processor.py:208} INFO - Processing /home/airflow/.local/lib/python3.12/site-packages/airflow/example_dags/tutorial_dag.py took 0.356 seconds
[2024-10-22T09:38:51.892+0000] {processor.py:186} INFO - Started process (PID=1833) to work on /home/airflow/.local/lib/python3.12/site-packages/airflow/example_dags/tutorial_dag.py
[2024-10-22T09:38:51.894+0000] {processor.py:914} INFO - Processing file /home/airflow/.local/lib/python3.12/site-packages/airflow/example_dags/tutorial_dag.py for tasks to queue
[2024-10-22T09:38:51.898+0000] {logging_mixin.py:190} INFO - [2024-10-22T09:38:51.898+0000] {dagbag.py:588} INFO - Filling up the DagBag from /home/airflow/.local/lib/python3.12/site-packages/airflow/example_dags/tutorial_dag.py
[2024-10-22T09:38:51.915+0000] {processor.py:925} INFO - DAG(s) 'tutorial_dag' retrieved from /home/airflow/.local/lib/python3.12/site-packages/airflow/example_dags/tutorial_dag.py
[2024-10-22T09:38:51.949+0000] {logging_mixin.py:190} INFO - [2024-10-22T09:38:51.949+0000] {dag.py:3239} INFO - Sync 1 DAGs
[2024-10-22T09:38:51.995+0000] {logging_mixin.py:190} INFO - [2024-10-22T09:38:51.994+0000] {dag.py:4180} INFO - Setting next_dagrun for tutorial_dag to None, run_after=None
[2024-10-22T09:38:52.050+0000] {processor.py:208} INFO - Processing /home/airflow/.local/lib/python3.12/site-packages/airflow/example_dags/tutorial_dag.py took 0.169 seconds
[2024-10-22T09:39:25.094+0000] {processor.py:186} INFO - Started process (PID=1896) to work on /home/airflow/.local/lib/python3.12/site-packages/airflow/example_dags/tutorial_dag.py
[2024-10-22T09:39:25.096+0000] {processor.py:914} INFO - Processing file /home/airflow/.local/lib/python3.12/site-packages/airflow/example_dags/tutorial_dag.py for tasks to queue
[2024-10-22T09:39:25.102+0000] {logging_mixin.py:190} INFO - [2024-10-22T09:39:25.101+0000] {dagbag.py:588} INFO - Filling up the DagBag from /home/airflow/.local/lib/python3.12/site-packages/airflow/example_dags/tutorial_dag.py
[2024-10-22T09:39:25.119+0000] {processor.py:925} INFO - DAG(s) 'tutorial_dag' retrieved from /home/airflow/.local/lib/python3.12/site-packages/airflow/example_dags/tutorial_dag.py
[2024-10-22T09:39:25.160+0000] {logging_mixin.py:190} INFO - [2024-10-22T09:39:25.160+0000] {dag.py:3239} INFO - Sync 1 DAGs
[2024-10-22T09:39:25.195+0000] {logging_mixin.py:190} INFO - [2024-10-22T09:39:25.194+0000] {dag.py:4180} INFO - Setting next_dagrun for tutorial_dag to None, run_after=None
[2024-10-22T09:39:25.432+0000] {processor.py:208} INFO - Processing /home/airflow/.local/lib/python3.12/site-packages/airflow/example_dags/tutorial_dag.py took 0.353 seconds
[2024-10-22T09:39:56.285+0000] {processor.py:186} INFO - Started process (PID=1957) to work on /home/airflow/.local/lib/python3.12/site-packages/airflow/example_dags/tutorial_dag.py
[2024-10-22T09:39:56.287+0000] {processor.py:914} INFO - Processing file /home/airflow/.local/lib/python3.12/site-packages/airflow/example_dags/tutorial_dag.py for tasks to queue
[2024-10-22T09:39:56.293+0000] {logging_mixin.py:190} INFO - [2024-10-22T09:39:56.292+0000] {dagbag.py:588} INFO - Filling up the DagBag from /home/airflow/.local/lib/python3.12/site-packages/airflow/example_dags/tutorial_dag.py
[2024-10-22T09:39:56.315+0000] {processor.py:925} INFO - DAG(s) 'tutorial_dag' retrieved from /home/airflow/.local/lib/python3.12/site-packages/airflow/example_dags/tutorial_dag.py
[2024-10-22T09:39:56.358+0000] {logging_mixin.py:190} INFO - [2024-10-22T09:39:56.358+0000] {dag.py:3239} INFO - Sync 1 DAGs
[2024-10-22T09:39:56.401+0000] {logging_mixin.py:190} INFO - [2024-10-22T09:39:56.400+0000] {dag.py:4180} INFO - Setting next_dagrun for tutorial_dag to None, run_after=None
[2024-10-22T09:39:56.447+0000] {processor.py:208} INFO - Processing /home/airflow/.local/lib/python3.12/site-packages/airflow/example_dags/tutorial_dag.py took 0.178 seconds
[2024-10-22T09:40:27.490+0000] {processor.py:186} INFO - Started process (PID=2019) to work on /home/airflow/.local/lib/python3.12/site-packages/airflow/example_dags/tutorial_dag.py
[2024-10-22T09:40:27.492+0000] {processor.py:914} INFO - Processing file /home/airflow/.local/lib/python3.12/site-packages/airflow/example_dags/tutorial_dag.py for tasks to queue
[2024-10-22T09:40:27.498+0000] {logging_mixin.py:190} INFO - [2024-10-22T09:40:27.497+0000] {dagbag.py:588} INFO - Filling up the DagBag from /home/airflow/.local/lib/python3.12/site-packages/airflow/example_dags/tutorial_dag.py
[2024-10-22T09:40:27.516+0000] {processor.py:925} INFO - DAG(s) 'tutorial_dag' retrieved from /home/airflow/.local/lib/python3.12/site-packages/airflow/example_dags/tutorial_dag.py
[2024-10-22T09:40:27.556+0000] {logging_mixin.py:190} INFO - [2024-10-22T09:40:27.556+0000] {dag.py:3239} INFO - Sync 1 DAGs
[2024-10-22T09:40:27.585+0000] {logging_mixin.py:190} INFO - [2024-10-22T09:40:27.584+0000] {dag.py:4180} INFO - Setting next_dagrun for tutorial_dag to None, run_after=None
[2024-10-22T09:40:27.625+0000] {processor.py:208} INFO - Processing /home/airflow/.local/lib/python3.12/site-packages/airflow/example_dags/tutorial_dag.py took 0.149 seconds
[2024-10-22T09:40:58.226+0000] {processor.py:186} INFO - Started process (PID=2080) to work on /home/airflow/.local/lib/python3.12/site-packages/airflow/example_dags/tutorial_dag.py
[2024-10-22T09:40:58.228+0000] {processor.py:914} INFO - Processing file /home/airflow/.local/lib/python3.12/site-packages/airflow/example_dags/tutorial_dag.py for tasks to queue
[2024-10-22T09:40:58.234+0000] {logging_mixin.py:190} INFO - [2024-10-22T09:40:58.233+0000] {dagbag.py:588} INFO - Filling up the DagBag from /home/airflow/.local/lib/python3.12/site-packages/airflow/example_dags/tutorial_dag.py
[2024-10-22T09:40:58.254+0000] {processor.py:925} INFO - DAG(s) 'tutorial_dag' retrieved from /home/airflow/.local/lib/python3.12/site-packages/airflow/example_dags/tutorial_dag.py
[2024-10-22T09:40:58.303+0000] {logging_mixin.py:190} INFO - [2024-10-22T09:40:58.303+0000] {dag.py:3239} INFO - Sync 1 DAGs
[2024-10-22T09:40:58.350+0000] {logging_mixin.py:190} INFO - [2024-10-22T09:40:58.350+0000] {dag.py:4180} INFO - Setting next_dagrun for tutorial_dag to None, run_after=None
[2024-10-22T09:40:58.418+0000] {processor.py:208} INFO - Processing /home/airflow/.local/lib/python3.12/site-packages/airflow/example_dags/tutorial_dag.py took 0.211 seconds
[2024-10-22T09:41:28.742+0000] {processor.py:186} INFO - Started process (PID=2142) to work on /home/airflow/.local/lib/python3.12/site-packages/airflow/example_dags/tutorial_dag.py
[2024-10-22T09:41:28.743+0000] {processor.py:914} INFO - Processing file /home/airflow/.local/lib/python3.12/site-packages/airflow/example_dags/tutorial_dag.py for tasks to queue
[2024-10-22T09:41:28.748+0000] {logging_mixin.py:190} INFO - [2024-10-22T09:41:28.747+0000] {dagbag.py:588} INFO - Filling up the DagBag from /home/airflow/.local/lib/python3.12/site-packages/airflow/example_dags/tutorial_dag.py
[2024-10-22T09:41:28.761+0000] {processor.py:925} INFO - DAG(s) 'tutorial_dag' retrieved from /home/airflow/.local/lib/python3.12/site-packages/airflow/example_dags/tutorial_dag.py
[2024-10-22T09:41:28.795+0000] {logging_mixin.py:190} INFO - [2024-10-22T09:41:28.795+0000] {dag.py:3239} INFO - Sync 1 DAGs
[2024-10-22T09:41:28.829+0000] {logging_mixin.py:190} INFO - [2024-10-22T09:41:28.829+0000] {dag.py:4180} INFO - Setting next_dagrun for tutorial_dag to None, run_after=None
[2024-10-22T09:41:28.866+0000] {processor.py:208} INFO - Processing /home/airflow/.local/lib/python3.12/site-packages/airflow/example_dags/tutorial_dag.py took 0.137 seconds
[2024-10-22T09:41:58.981+0000] {processor.py:186} INFO - Started process (PID=2204) to work on /home/airflow/.local/lib/python3.12/site-packages/airflow/example_dags/tutorial_dag.py
[2024-10-22T09:41:58.983+0000] {processor.py:914} INFO - Processing file /home/airflow/.local/lib/python3.12/site-packages/airflow/example_dags/tutorial_dag.py for tasks to queue
[2024-10-22T09:41:58.987+0000] {logging_mixin.py:190} INFO - [2024-10-22T09:41:58.987+0000] {dagbag.py:588} INFO - Filling up the DagBag from /home/airflow/.local/lib/python3.12/site-packages/airflow/example_dags/tutorial_dag.py
[2024-10-22T09:41:59.001+0000] {processor.py:925} INFO - DAG(s) 'tutorial_dag' retrieved from /home/airflow/.local/lib/python3.12/site-packages/airflow/example_dags/tutorial_dag.py
[2024-10-22T09:41:59.034+0000] {logging_mixin.py:190} INFO - [2024-10-22T09:41:59.033+0000] {dag.py:3239} INFO - Sync 1 DAGs
[2024-10-22T09:41:59.063+0000] {logging_mixin.py:190} INFO - [2024-10-22T09:41:59.062+0000] {dag.py:4180} INFO - Setting next_dagrun for tutorial_dag to None, run_after=None
[2024-10-22T09:41:59.102+0000] {processor.py:208} INFO - Processing /home/airflow/.local/lib/python3.12/site-packages/airflow/example_dags/tutorial_dag.py took 0.131 seconds
[2024-10-22T09:42:29.547+0000] {processor.py:186} INFO - Started process (PID=2266) to work on /home/airflow/.local/lib/python3.12/site-packages/airflow/example_dags/tutorial_dag.py
[2024-10-22T09:42:29.548+0000] {processor.py:914} INFO - Processing file /home/airflow/.local/lib/python3.12/site-packages/airflow/example_dags/tutorial_dag.py for tasks to queue
[2024-10-22T09:42:29.553+0000] {logging_mixin.py:190} INFO - [2024-10-22T09:42:29.552+0000] {dagbag.py:588} INFO - Filling up the DagBag from /home/airflow/.local/lib/python3.12/site-packages/airflow/example_dags/tutorial_dag.py
[2024-10-22T09:42:29.571+0000] {processor.py:925} INFO - DAG(s) 'tutorial_dag' retrieved from /home/airflow/.local/lib/python3.12/site-packages/airflow/example_dags/tutorial_dag.py
[2024-10-22T09:42:29.616+0000] {logging_mixin.py:190} INFO - [2024-10-22T09:42:29.615+0000] {dag.py:3239} INFO - Sync 1 DAGs
[2024-10-22T09:42:29.664+0000] {logging_mixin.py:190} INFO - [2024-10-22T09:42:29.664+0000] {dag.py:4180} INFO - Setting next_dagrun for tutorial_dag to None, run_after=None
[2024-10-22T09:42:29.731+0000] {processor.py:208} INFO - Processing /home/airflow/.local/lib/python3.12/site-packages/airflow/example_dags/tutorial_dag.py took 0.200 seconds
[2024-10-22T09:43:00.216+0000] {processor.py:186} INFO - Started process (PID=2328) to work on /home/airflow/.local/lib/python3.12/site-packages/airflow/example_dags/tutorial_dag.py
[2024-10-22T09:43:00.218+0000] {processor.py:914} INFO - Processing file /home/airflow/.local/lib/python3.12/site-packages/airflow/example_dags/tutorial_dag.py for tasks to queue
[2024-10-22T09:43:00.222+0000] {logging_mixin.py:190} INFO - [2024-10-22T09:43:00.222+0000] {dagbag.py:588} INFO - Filling up the DagBag from /home/airflow/.local/lib/python3.12/site-packages/airflow/example_dags/tutorial_dag.py
[2024-10-22T09:43:00.235+0000] {processor.py:925} INFO - DAG(s) 'tutorial_dag' retrieved from /home/airflow/.local/lib/python3.12/site-packages/airflow/example_dags/tutorial_dag.py
[2024-10-22T09:43:00.267+0000] {logging_mixin.py:190} INFO - [2024-10-22T09:43:00.267+0000] {dag.py:3239} INFO - Sync 1 DAGs
[2024-10-22T09:43:00.291+0000] {logging_mixin.py:190} INFO - [2024-10-22T09:43:00.290+0000] {dag.py:4180} INFO - Setting next_dagrun for tutorial_dag to None, run_after=None
[2024-10-22T09:43:00.327+0000] {processor.py:208} INFO - Processing /home/airflow/.local/lib/python3.12/site-packages/airflow/example_dags/tutorial_dag.py took 0.122 seconds
[2024-10-22T09:43:30.925+0000] {processor.py:186} INFO - Started process (PID=2390) to work on /home/airflow/.local/lib/python3.12/site-packages/airflow/example_dags/tutorial_dag.py
[2024-10-22T09:43:30.928+0000] {processor.py:914} INFO - Processing file /home/airflow/.local/lib/python3.12/site-packages/airflow/example_dags/tutorial_dag.py for tasks to queue
[2024-10-22T09:43:30.933+0000] {logging_mixin.py:190} INFO - [2024-10-22T09:43:30.932+0000] {dagbag.py:588} INFO - Filling up the DagBag from /home/airflow/.local/lib/python3.12/site-packages/airflow/example_dags/tutorial_dag.py
[2024-10-22T09:43:30.951+0000] {processor.py:925} INFO - DAG(s) 'tutorial_dag' retrieved from /home/airflow/.local/lib/python3.12/site-packages/airflow/example_dags/tutorial_dag.py
[2024-10-22T09:43:31.007+0000] {logging_mixin.py:190} INFO - [2024-10-22T09:43:31.007+0000] {dag.py:3239} INFO - Sync 1 DAGs
[2024-10-22T09:43:31.045+0000] {logging_mixin.py:190} INFO - [2024-10-22T09:43:31.044+0000] {dag.py:4180} INFO - Setting next_dagrun for tutorial_dag to None, run_after=None
[2024-10-22T09:43:31.101+0000] {processor.py:208} INFO - Processing /home/airflow/.local/lib/python3.12/site-packages/airflow/example_dags/tutorial_dag.py took 0.192 seconds
[2024-10-22T09:44:01.458+0000] {processor.py:186} INFO - Started process (PID=2451) to work on /home/airflow/.local/lib/python3.12/site-packages/airflow/example_dags/tutorial_dag.py
[2024-10-22T09:44:01.460+0000] {processor.py:914} INFO - Processing file /home/airflow/.local/lib/python3.12/site-packages/airflow/example_dags/tutorial_dag.py for tasks to queue
[2024-10-22T09:44:01.465+0000] {logging_mixin.py:190} INFO - [2024-10-22T09:44:01.465+0000] {dagbag.py:588} INFO - Filling up the DagBag from /home/airflow/.local/lib/python3.12/site-packages/airflow/example_dags/tutorial_dag.py
[2024-10-22T09:44:01.482+0000] {processor.py:925} INFO - DAG(s) 'tutorial_dag' retrieved from /home/airflow/.local/lib/python3.12/site-packages/airflow/example_dags/tutorial_dag.py
[2024-10-22T09:44:01.519+0000] {logging_mixin.py:190} INFO - [2024-10-22T09:44:01.519+0000] {dag.py:3239} INFO - Sync 1 DAGs
[2024-10-22T09:44:01.575+0000] {logging_mixin.py:190} INFO - [2024-10-22T09:44:01.574+0000] {dag.py:4180} INFO - Setting next_dagrun for tutorial_dag to None, run_after=None
[2024-10-22T09:44:01.625+0000] {processor.py:208} INFO - Processing /home/airflow/.local/lib/python3.12/site-packages/airflow/example_dags/tutorial_dag.py took 0.183 seconds
