[2024-10-22T09:23:23.308+0000] {processor.py:186} INFO - Started process (PID=79) to work on /home/airflow/.local/lib/python3.12/site-packages/airflow/example_dags/tutorial.py
[2024-10-22T09:23:23.312+0000] {processor.py:914} INFO - Processing file /home/airflow/.local/lib/python3.12/site-packages/airflow/example_dags/tutorial.py for tasks to queue
[2024-10-22T09:23:23.323+0000] {logging_mixin.py:190} INFO - [2024-10-22T09:23:23.322+0000] {dagbag.py:588} INFO - Filling up the DagBag from /home/airflow/.local/lib/python3.12/site-packages/airflow/example_dags/tutorial.py
[2024-10-22T09:23:23.360+0000] {processor.py:925} INFO - DAG(s) 'tutorial' retrieved from /home/airflow/.local/lib/python3.12/site-packages/airflow/example_dags/tutorial.py
[2024-10-22T09:23:23.519+0000] {logging_mixin.py:190} INFO - [2024-10-22T09:23:23.518+0000] {dag.py:3239} INFO - Sync 1 DAGs
[2024-10-22T09:23:23.654+0000] {logging_mixin.py:190} INFO - [2024-10-22T09:23:23.654+0000] {dag.py:4180} INFO - Setting next_dagrun for tutorial to 2024-10-21 00:00:00+00:00, run_after=2024-10-22 00:00:00+00:00
[2024-10-22T09:23:23.789+0000] {processor.py:208} INFO - Processing /home/airflow/.local/lib/python3.12/site-packages/airflow/example_dags/tutorial.py took 0.511 seconds
[2024-10-22T09:24:03.324+0000] {processor.py:186} INFO - Started process (PID=141) to work on /home/airflow/.local/lib/python3.12/site-packages/airflow/example_dags/tutorial.py
[2024-10-22T09:24:03.338+0000] {processor.py:914} INFO - Processing file /home/airflow/.local/lib/python3.12/site-packages/airflow/example_dags/tutorial.py for tasks to queue
[2024-10-22T09:24:03.355+0000] {logging_mixin.py:190} INFO - [2024-10-22T09:24:03.354+0000] {dagbag.py:588} INFO - Filling up the DagBag from /home/airflow/.local/lib/python3.12/site-packages/airflow/example_dags/tutorial.py
[2024-10-22T09:24:03.413+0000] {processor.py:925} INFO - DAG(s) 'tutorial' retrieved from /home/airflow/.local/lib/python3.12/site-packages/airflow/example_dags/tutorial.py
[2024-10-22T09:24:03.548+0000] {logging_mixin.py:190} INFO - [2024-10-22T09:24:03.547+0000] {dag.py:3239} INFO - Sync 1 DAGs
[2024-10-22T09:24:03.734+0000] {logging_mixin.py:190} INFO - [2024-10-22T09:24:03.734+0000] {dag.py:4180} INFO - Setting next_dagrun for tutorial to 2024-10-21 00:00:00+00:00, run_after=2024-10-22 00:00:00+00:00
[2024-10-22T09:24:03.981+0000] {processor.py:208} INFO - Processing /home/airflow/.local/lib/python3.12/site-packages/airflow/example_dags/tutorial.py took 0.710 seconds
[2024-10-22T09:24:42.104+0000] {processor.py:186} INFO - Started process (PID=210) to work on /home/airflow/.local/lib/python3.12/site-packages/airflow/example_dags/tutorial.py
[2024-10-22T09:24:42.138+0000] {processor.py:914} INFO - Processing file /home/airflow/.local/lib/python3.12/site-packages/airflow/example_dags/tutorial.py for tasks to queue
[2024-10-22T09:24:42.145+0000] {logging_mixin.py:190} INFO - [2024-10-22T09:24:42.145+0000] {dagbag.py:588} INFO - Filling up the DagBag from /home/airflow/.local/lib/python3.12/site-packages/airflow/example_dags/tutorial.py
[2024-10-22T09:24:42.210+0000] {processor.py:925} INFO - DAG(s) 'tutorial' retrieved from /home/airflow/.local/lib/python3.12/site-packages/airflow/example_dags/tutorial.py
[2024-10-22T09:24:42.357+0000] {logging_mixin.py:190} INFO - [2024-10-22T09:24:42.356+0000] {dag.py:3239} INFO - Sync 1 DAGs
[2024-10-22T09:24:42.593+0000] {logging_mixin.py:190} INFO - [2024-10-22T09:24:42.593+0000] {dag.py:4180} INFO - Setting next_dagrun for tutorial to 2024-10-21 00:00:00+00:00, run_after=2024-10-22 00:00:00+00:00
[2024-10-22T09:24:43.842+0000] {processor.py:208} INFO - Processing /home/airflow/.local/lib/python3.12/site-packages/airflow/example_dags/tutorial.py took 1.781 seconds
[2024-10-22T09:25:17.090+0000] {processor.py:186} INFO - Started process (PID=272) to work on /home/airflow/.local/lib/python3.12/site-packages/airflow/example_dags/tutorial.py
[2024-10-22T09:25:17.179+0000] {processor.py:914} INFO - Processing file /home/airflow/.local/lib/python3.12/site-packages/airflow/example_dags/tutorial.py for tasks to queue
[2024-10-22T09:25:17.230+0000] {logging_mixin.py:190} INFO - [2024-10-22T09:25:17.229+0000] {dagbag.py:588} INFO - Filling up the DagBag from /home/airflow/.local/lib/python3.12/site-packages/airflow/example_dags/tutorial.py
[2024-10-22T09:25:17.381+0000] {processor.py:925} INFO - DAG(s) 'tutorial' retrieved from /home/airflow/.local/lib/python3.12/site-packages/airflow/example_dags/tutorial.py
[2024-10-22T09:25:17.538+0000] {logging_mixin.py:190} INFO - [2024-10-22T09:25:17.538+0000] {dag.py:3239} INFO - Sync 1 DAGs
[2024-10-22T09:25:17.831+0000] {logging_mixin.py:190} INFO - [2024-10-22T09:25:17.830+0000] {dag.py:4180} INFO - Setting next_dagrun for tutorial to 2024-10-21 00:00:00+00:00, run_after=2024-10-22 00:00:00+00:00
[2024-10-22T09:25:17.964+0000] {processor.py:208} INFO - Processing /home/airflow/.local/lib/python3.12/site-packages/airflow/example_dags/tutorial.py took 0.912 seconds
[2024-10-22T09:25:48.338+0000] {processor.py:186} INFO - Started process (PID=334) to work on /home/airflow/.local/lib/python3.12/site-packages/airflow/example_dags/tutorial.py
[2024-10-22T09:25:48.349+0000] {processor.py:914} INFO - Processing file /home/airflow/.local/lib/python3.12/site-packages/airflow/example_dags/tutorial.py for tasks to queue
[2024-10-22T09:25:48.363+0000] {logging_mixin.py:190} INFO - [2024-10-22T09:25:48.357+0000] {dagbag.py:588} INFO - Filling up the DagBag from /home/airflow/.local/lib/python3.12/site-packages/airflow/example_dags/tutorial.py
[2024-10-22T09:25:48.395+0000] {processor.py:925} INFO - DAG(s) 'tutorial' retrieved from /home/airflow/.local/lib/python3.12/site-packages/airflow/example_dags/tutorial.py
[2024-10-22T09:25:48.489+0000] {logging_mixin.py:190} INFO - [2024-10-22T09:25:48.488+0000] {dag.py:3239} INFO - Sync 1 DAGs
[2024-10-22T09:25:48.579+0000] {logging_mixin.py:190} INFO - [2024-10-22T09:25:48.579+0000] {dag.py:4180} INFO - Setting next_dagrun for tutorial to 2024-10-21 00:00:00+00:00, run_after=2024-10-22 00:00:00+00:00
[2024-10-22T09:25:48.668+0000] {processor.py:208} INFO - Processing /home/airflow/.local/lib/python3.12/site-packages/airflow/example_dags/tutorial.py took 0.354 seconds
[2024-10-22T09:26:19.129+0000] {processor.py:186} INFO - Started process (PID=397) to work on /home/airflow/.local/lib/python3.12/site-packages/airflow/example_dags/tutorial.py
[2024-10-22T09:26:19.142+0000] {processor.py:914} INFO - Processing file /home/airflow/.local/lib/python3.12/site-packages/airflow/example_dags/tutorial.py for tasks to queue
[2024-10-22T09:26:19.167+0000] {logging_mixin.py:190} INFO - [2024-10-22T09:26:19.166+0000] {dagbag.py:588} INFO - Filling up the DagBag from /home/airflow/.local/lib/python3.12/site-packages/airflow/example_dags/tutorial.py
[2024-10-22T09:26:19.262+0000] {processor.py:925} INFO - DAG(s) 'tutorial' retrieved from /home/airflow/.local/lib/python3.12/site-packages/airflow/example_dags/tutorial.py
[2024-10-22T09:26:19.484+0000] {logging_mixin.py:190} INFO - [2024-10-22T09:26:19.471+0000] {dag.py:3239} INFO - Sync 1 DAGs
[2024-10-22T09:26:19.635+0000] {logging_mixin.py:190} INFO - [2024-10-22T09:26:19.634+0000] {dag.py:4180} INFO - Setting next_dagrun for tutorial to 2024-10-21 00:00:00+00:00, run_after=2024-10-22 00:00:00+00:00
[2024-10-22T09:26:19.761+0000] {processor.py:208} INFO - Processing /home/airflow/.local/lib/python3.12/site-packages/airflow/example_dags/tutorial.py took 0.673 seconds
[2024-10-22T09:27:03.720+0000] {processor.py:186} INFO - Started process (PID=463) to work on /home/airflow/.local/lib/python3.12/site-packages/airflow/example_dags/tutorial.py
[2024-10-22T09:27:03.733+0000] {processor.py:914} INFO - Processing file /home/airflow/.local/lib/python3.12/site-packages/airflow/example_dags/tutorial.py for tasks to queue
[2024-10-22T09:27:03.741+0000] {logging_mixin.py:190} INFO - [2024-10-22T09:27:03.740+0000] {dagbag.py:588} INFO - Filling up the DagBag from /home/airflow/.local/lib/python3.12/site-packages/airflow/example_dags/tutorial.py
[2024-10-22T09:27:03.799+0000] {processor.py:925} INFO - DAG(s) 'tutorial' retrieved from /home/airflow/.local/lib/python3.12/site-packages/airflow/example_dags/tutorial.py
[2024-10-22T09:27:03.953+0000] {logging_mixin.py:190} INFO - [2024-10-22T09:27:03.953+0000] {dag.py:3239} INFO - Sync 1 DAGs
[2024-10-22T09:27:04.159+0000] {logging_mixin.py:190} INFO - [2024-10-22T09:27:04.157+0000] {dag.py:4180} INFO - Setting next_dagrun for tutorial to 2024-10-21 00:00:00+00:00, run_after=2024-10-22 00:00:00+00:00
[2024-10-22T09:27:04.257+0000] {processor.py:208} INFO - Processing /home/airflow/.local/lib/python3.12/site-packages/airflow/example_dags/tutorial.py took 0.568 seconds
[2024-10-22T09:27:34.669+0000] {processor.py:186} INFO - Started process (PID=524) to work on /home/airflow/.local/lib/python3.12/site-packages/airflow/example_dags/tutorial.py
[2024-10-22T09:27:34.672+0000] {processor.py:914} INFO - Processing file /home/airflow/.local/lib/python3.12/site-packages/airflow/example_dags/tutorial.py for tasks to queue
[2024-10-22T09:27:34.683+0000] {logging_mixin.py:190} INFO - [2024-10-22T09:27:34.682+0000] {dagbag.py:588} INFO - Filling up the DagBag from /home/airflow/.local/lib/python3.12/site-packages/airflow/example_dags/tutorial.py
[2024-10-22T09:27:34.708+0000] {processor.py:925} INFO - DAG(s) 'tutorial' retrieved from /home/airflow/.local/lib/python3.12/site-packages/airflow/example_dags/tutorial.py
[2024-10-22T09:27:34.769+0000] {logging_mixin.py:190} INFO - [2024-10-22T09:27:34.768+0000] {dag.py:3239} INFO - Sync 1 DAGs
[2024-10-22T09:27:34.843+0000] {logging_mixin.py:190} INFO - [2024-10-22T09:27:34.842+0000] {dag.py:4180} INFO - Setting next_dagrun for tutorial to 2024-10-21 00:00:00+00:00, run_after=2024-10-22 00:00:00+00:00
[2024-10-22T09:27:34.912+0000] {processor.py:208} INFO - Processing /home/airflow/.local/lib/python3.12/site-packages/airflow/example_dags/tutorial.py took 0.272 seconds
[2024-10-22T09:28:05.075+0000] {processor.py:186} INFO - Started process (PID=586) to work on /home/airflow/.local/lib/python3.12/site-packages/airflow/example_dags/tutorial.py
[2024-10-22T09:28:05.078+0000] {processor.py:914} INFO - Processing file /home/airflow/.local/lib/python3.12/site-packages/airflow/example_dags/tutorial.py for tasks to queue
[2024-10-22T09:28:05.084+0000] {logging_mixin.py:190} INFO - [2024-10-22T09:28:05.083+0000] {dagbag.py:588} INFO - Filling up the DagBag from /home/airflow/.local/lib/python3.12/site-packages/airflow/example_dags/tutorial.py
[2024-10-22T09:28:05.112+0000] {processor.py:925} INFO - DAG(s) 'tutorial' retrieved from /home/airflow/.local/lib/python3.12/site-packages/airflow/example_dags/tutorial.py
[2024-10-22T09:28:05.182+0000] {logging_mixin.py:190} INFO - [2024-10-22T09:28:05.181+0000] {dag.py:3239} INFO - Sync 1 DAGs
[2024-10-22T09:28:05.247+0000] {logging_mixin.py:190} INFO - [2024-10-22T09:28:05.247+0000] {dag.py:4180} INFO - Setting next_dagrun for tutorial to 2024-10-21 00:00:00+00:00, run_after=2024-10-22 00:00:00+00:00
[2024-10-22T09:28:05.292+0000] {processor.py:208} INFO - Processing /home/airflow/.local/lib/python3.12/site-packages/airflow/example_dags/tutorial.py took 0.236 seconds
[2024-10-22T09:28:36.764+0000] {processor.py:186} INFO - Started process (PID=648) to work on /home/airflow/.local/lib/python3.12/site-packages/airflow/example_dags/tutorial.py
[2024-10-22T09:28:36.767+0000] {processor.py:914} INFO - Processing file /home/airflow/.local/lib/python3.12/site-packages/airflow/example_dags/tutorial.py for tasks to queue
[2024-10-22T09:28:36.784+0000] {logging_mixin.py:190} INFO - [2024-10-22T09:28:36.783+0000] {dagbag.py:588} INFO - Filling up the DagBag from /home/airflow/.local/lib/python3.12/site-packages/airflow/example_dags/tutorial.py
[2024-10-22T09:28:36.834+0000] {processor.py:925} INFO - DAG(s) 'tutorial' retrieved from /home/airflow/.local/lib/python3.12/site-packages/airflow/example_dags/tutorial.py
[2024-10-22T09:28:36.913+0000] {logging_mixin.py:190} INFO - [2024-10-22T09:28:36.912+0000] {dag.py:3239} INFO - Sync 1 DAGs
[2024-10-22T09:28:37.003+0000] {logging_mixin.py:190} INFO - [2024-10-22T09:28:37.002+0000] {dag.py:4180} INFO - Setting next_dagrun for tutorial to 2024-10-21 00:00:00+00:00, run_after=2024-10-22 00:00:00+00:00
[2024-10-22T09:28:37.091+0000] {processor.py:208} INFO - Processing /home/airflow/.local/lib/python3.12/site-packages/airflow/example_dags/tutorial.py took 0.357 seconds
[2024-10-22T09:29:07.646+0000] {processor.py:186} INFO - Started process (PID=710) to work on /home/airflow/.local/lib/python3.12/site-packages/airflow/example_dags/tutorial.py
[2024-10-22T09:29:07.650+0000] {processor.py:914} INFO - Processing file /home/airflow/.local/lib/python3.12/site-packages/airflow/example_dags/tutorial.py for tasks to queue
[2024-10-22T09:29:07.658+0000] {logging_mixin.py:190} INFO - [2024-10-22T09:29:07.657+0000] {dagbag.py:588} INFO - Filling up the DagBag from /home/airflow/.local/lib/python3.12/site-packages/airflow/example_dags/tutorial.py
[2024-10-22T09:29:07.684+0000] {processor.py:925} INFO - DAG(s) 'tutorial' retrieved from /home/airflow/.local/lib/python3.12/site-packages/airflow/example_dags/tutorial.py
[2024-10-22T09:29:07.736+0000] {logging_mixin.py:190} INFO - [2024-10-22T09:29:07.735+0000] {dag.py:3239} INFO - Sync 1 DAGs
[2024-10-22T09:29:07.818+0000] {logging_mixin.py:190} INFO - [2024-10-22T09:29:07.818+0000] {dag.py:4180} INFO - Setting next_dagrun for tutorial to 2024-10-21 00:00:00+00:00, run_after=2024-10-22 00:00:00+00:00
[2024-10-22T09:29:07.870+0000] {processor.py:208} INFO - Processing /home/airflow/.local/lib/python3.12/site-packages/airflow/example_dags/tutorial.py took 0.244 seconds
[2024-10-22T09:29:38.034+0000] {processor.py:186} INFO - Started process (PID=773) to work on /home/airflow/.local/lib/python3.12/site-packages/airflow/example_dags/tutorial.py
[2024-10-22T09:29:38.037+0000] {processor.py:914} INFO - Processing file /home/airflow/.local/lib/python3.12/site-packages/airflow/example_dags/tutorial.py for tasks to queue
[2024-10-22T09:29:38.044+0000] {logging_mixin.py:190} INFO - [2024-10-22T09:29:38.043+0000] {dagbag.py:588} INFO - Filling up the DagBag from /home/airflow/.local/lib/python3.12/site-packages/airflow/example_dags/tutorial.py
[2024-10-22T09:29:38.068+0000] {processor.py:925} INFO - DAG(s) 'tutorial' retrieved from /home/airflow/.local/lib/python3.12/site-packages/airflow/example_dags/tutorial.py
[2024-10-22T09:29:38.118+0000] {logging_mixin.py:190} INFO - [2024-10-22T09:29:38.118+0000] {dag.py:3239} INFO - Sync 1 DAGs
[2024-10-22T09:29:38.184+0000] {logging_mixin.py:190} INFO - [2024-10-22T09:29:38.183+0000] {dag.py:4180} INFO - Setting next_dagrun for tutorial to 2024-10-21 00:00:00+00:00, run_after=2024-10-22 00:00:00+00:00
[2024-10-22T09:29:38.228+0000] {processor.py:208} INFO - Processing /home/airflow/.local/lib/python3.12/site-packages/airflow/example_dags/tutorial.py took 0.215 seconds
[2024-10-22T09:30:08.954+0000] {processor.py:186} INFO - Started process (PID=835) to work on /home/airflow/.local/lib/python3.12/site-packages/airflow/example_dags/tutorial.py
[2024-10-22T09:30:08.957+0000] {processor.py:914} INFO - Processing file /home/airflow/.local/lib/python3.12/site-packages/airflow/example_dags/tutorial.py for tasks to queue
[2024-10-22T09:30:08.965+0000] {logging_mixin.py:190} INFO - [2024-10-22T09:30:08.964+0000] {dagbag.py:588} INFO - Filling up the DagBag from /home/airflow/.local/lib/python3.12/site-packages/airflow/example_dags/tutorial.py
[2024-10-22T09:30:08.993+0000] {processor.py:925} INFO - DAG(s) 'tutorial' retrieved from /home/airflow/.local/lib/python3.12/site-packages/airflow/example_dags/tutorial.py
[2024-10-22T09:30:09.048+0000] {logging_mixin.py:190} INFO - [2024-10-22T09:30:09.047+0000] {dag.py:3239} INFO - Sync 1 DAGs
[2024-10-22T09:30:09.106+0000] {logging_mixin.py:190} INFO - [2024-10-22T09:30:09.105+0000] {dag.py:4180} INFO - Setting next_dagrun for tutorial to 2024-10-21 00:00:00+00:00, run_after=2024-10-22 00:00:00+00:00
[2024-10-22T09:30:09.189+0000] {processor.py:208} INFO - Processing /home/airflow/.local/lib/python3.12/site-packages/airflow/example_dags/tutorial.py took 0.254 seconds
[2024-10-22T09:30:44.202+0000] {processor.py:186} INFO - Started process (PID=897) to work on /home/airflow/.local/lib/python3.12/site-packages/airflow/example_dags/tutorial.py
[2024-10-22T09:30:44.207+0000] {processor.py:914} INFO - Processing file /home/airflow/.local/lib/python3.12/site-packages/airflow/example_dags/tutorial.py for tasks to queue
[2024-10-22T09:30:44.236+0000] {logging_mixin.py:190} INFO - [2024-10-22T09:30:44.235+0000] {dagbag.py:588} INFO - Filling up the DagBag from /home/airflow/.local/lib/python3.12/site-packages/airflow/example_dags/tutorial.py
[2024-10-22T09:30:44.319+0000] {processor.py:925} INFO - DAG(s) 'tutorial' retrieved from /home/airflow/.local/lib/python3.12/site-packages/airflow/example_dags/tutorial.py
[2024-10-22T09:30:44.498+0000] {logging_mixin.py:190} INFO - [2024-10-22T09:30:44.497+0000] {dag.py:3239} INFO - Sync 1 DAGs
[2024-10-22T09:30:44.740+0000] {logging_mixin.py:190} INFO - [2024-10-22T09:30:44.740+0000] {dag.py:4180} INFO - Setting next_dagrun for tutorial to 2024-10-21 00:00:00+00:00, run_after=2024-10-22 00:00:00+00:00
[2024-10-22T09:30:44.893+0000] {processor.py:208} INFO - Processing /home/airflow/.local/lib/python3.12/site-packages/airflow/example_dags/tutorial.py took 0.778 seconds
[2024-10-22T09:31:19.778+0000] {processor.py:186} INFO - Started process (PID=959) to work on /home/airflow/.local/lib/python3.12/site-packages/airflow/example_dags/tutorial.py
[2024-10-22T09:31:19.781+0000] {processor.py:914} INFO - Processing file /home/airflow/.local/lib/python3.12/site-packages/airflow/example_dags/tutorial.py for tasks to queue
[2024-10-22T09:31:19.810+0000] {logging_mixin.py:190} INFO - [2024-10-22T09:31:19.809+0000] {dagbag.py:588} INFO - Filling up the DagBag from /home/airflow/.local/lib/python3.12/site-packages/airflow/example_dags/tutorial.py
[2024-10-22T09:31:19.892+0000] {processor.py:925} INFO - DAG(s) 'tutorial' retrieved from /home/airflow/.local/lib/python3.12/site-packages/airflow/example_dags/tutorial.py
[2024-10-22T09:31:20.061+0000] {logging_mixin.py:190} INFO - [2024-10-22T09:31:20.061+0000] {dag.py:3239} INFO - Sync 1 DAGs
[2024-10-22T09:31:20.233+0000] {logging_mixin.py:190} INFO - [2024-10-22T09:31:20.232+0000] {dag.py:4180} INFO - Setting next_dagrun for tutorial to 2024-10-21 00:00:00+00:00, run_after=2024-10-22 00:00:00+00:00
[2024-10-22T09:31:20.408+0000] {processor.py:208} INFO - Processing /home/airflow/.local/lib/python3.12/site-packages/airflow/example_dags/tutorial.py took 0.689 seconds
[2024-10-22T09:31:54.762+0000] {processor.py:186} INFO - Started process (PID=1021) to work on /home/airflow/.local/lib/python3.12/site-packages/airflow/example_dags/tutorial.py
[2024-10-22T09:31:54.776+0000] {processor.py:914} INFO - Processing file /home/airflow/.local/lib/python3.12/site-packages/airflow/example_dags/tutorial.py for tasks to queue
[2024-10-22T09:31:54.794+0000] {logging_mixin.py:190} INFO - [2024-10-22T09:31:54.794+0000] {dagbag.py:588} INFO - Filling up the DagBag from /home/airflow/.local/lib/python3.12/site-packages/airflow/example_dags/tutorial.py
[2024-10-22T09:31:54.892+0000] {processor.py:925} INFO - DAG(s) 'tutorial' retrieved from /home/airflow/.local/lib/python3.12/site-packages/airflow/example_dags/tutorial.py
[2024-10-22T09:31:55.171+0000] {logging_mixin.py:190} INFO - [2024-10-22T09:31:55.170+0000] {dag.py:3239} INFO - Sync 1 DAGs
[2024-10-22T09:31:55.497+0000] {logging_mixin.py:190} INFO - [2024-10-22T09:31:55.481+0000] {dag.py:4180} INFO - Setting next_dagrun for tutorial to 2024-10-21 00:00:00+00:00, run_after=2024-10-22 00:00:00+00:00
[2024-10-22T09:31:55.804+0000] {processor.py:208} INFO - Processing /home/airflow/.local/lib/python3.12/site-packages/airflow/example_dags/tutorial.py took 1.092 seconds
[2024-10-22T09:32:33.008+0000] {processor.py:186} INFO - Started process (PID=1088) to work on /home/airflow/.local/lib/python3.12/site-packages/airflow/example_dags/tutorial.py
[2024-10-22T09:32:33.011+0000] {processor.py:914} INFO - Processing file /home/airflow/.local/lib/python3.12/site-packages/airflow/example_dags/tutorial.py for tasks to queue
[2024-10-22T09:32:33.041+0000] {logging_mixin.py:190} INFO - [2024-10-22T09:32:33.040+0000] {dagbag.py:588} INFO - Filling up the DagBag from /home/airflow/.local/lib/python3.12/site-packages/airflow/example_dags/tutorial.py
[2024-10-22T09:32:33.122+0000] {processor.py:925} INFO - DAG(s) 'tutorial' retrieved from /home/airflow/.local/lib/python3.12/site-packages/airflow/example_dags/tutorial.py
[2024-10-22T09:32:33.556+0000] {logging_mixin.py:190} INFO - [2024-10-22T09:32:33.555+0000] {dag.py:3239} INFO - Sync 1 DAGs
[2024-10-22T09:32:33.771+0000] {logging_mixin.py:190} INFO - [2024-10-22T09:32:33.771+0000] {dag.py:4180} INFO - Setting next_dagrun for tutorial to 2024-10-21 00:00:00+00:00, run_after=2024-10-22 00:00:00+00:00
[2024-10-22T09:32:34.127+0000] {processor.py:208} INFO - Processing /home/airflow/.local/lib/python3.12/site-packages/airflow/example_dags/tutorial.py took 1.243 seconds
[2024-10-22T09:33:07.797+0000] {processor.py:186} INFO - Started process (PID=1149) to work on /home/airflow/.local/lib/python3.12/site-packages/airflow/example_dags/tutorial.py
[2024-10-22T09:33:07.799+0000] {processor.py:914} INFO - Processing file /home/airflow/.local/lib/python3.12/site-packages/airflow/example_dags/tutorial.py for tasks to queue
[2024-10-22T09:33:07.804+0000] {logging_mixin.py:190} INFO - [2024-10-22T09:33:07.803+0000] {dagbag.py:588} INFO - Filling up the DagBag from /home/airflow/.local/lib/python3.12/site-packages/airflow/example_dags/tutorial.py
[2024-10-22T09:33:07.825+0000] {processor.py:925} INFO - DAG(s) 'tutorial' retrieved from /home/airflow/.local/lib/python3.12/site-packages/airflow/example_dags/tutorial.py
[2024-10-22T09:33:07.904+0000] {logging_mixin.py:190} INFO - [2024-10-22T09:33:07.903+0000] {dag.py:3239} INFO - Sync 1 DAGs
[2024-10-22T09:33:08.069+0000] {logging_mixin.py:190} INFO - [2024-10-22T09:33:08.067+0000] {dag.py:4180} INFO - Setting next_dagrun for tutorial to 2024-10-21 00:00:00+00:00, run_after=2024-10-22 00:00:00+00:00
[2024-10-22T09:33:08.179+0000] {processor.py:208} INFO - Processing /home/airflow/.local/lib/python3.12/site-packages/airflow/example_dags/tutorial.py took 0.399 seconds
[2024-10-22T09:33:39.321+0000] {processor.py:186} INFO - Started process (PID=1211) to work on /home/airflow/.local/lib/python3.12/site-packages/airflow/example_dags/tutorial.py
[2024-10-22T09:33:39.323+0000] {processor.py:914} INFO - Processing file /home/airflow/.local/lib/python3.12/site-packages/airflow/example_dags/tutorial.py for tasks to queue
[2024-10-22T09:33:39.327+0000] {logging_mixin.py:190} INFO - [2024-10-22T09:33:39.327+0000] {dagbag.py:588} INFO - Filling up the DagBag from /home/airflow/.local/lib/python3.12/site-packages/airflow/example_dags/tutorial.py
[2024-10-22T09:33:39.352+0000] {processor.py:925} INFO - DAG(s) 'tutorial' retrieved from /home/airflow/.local/lib/python3.12/site-packages/airflow/example_dags/tutorial.py
[2024-10-22T09:33:39.384+0000] {logging_mixin.py:190} INFO - [2024-10-22T09:33:39.384+0000] {dag.py:3239} INFO - Sync 1 DAGs
[2024-10-22T09:33:39.426+0000] {logging_mixin.py:190} INFO - [2024-10-22T09:33:39.425+0000] {dag.py:4180} INFO - Setting next_dagrun for tutorial to 2024-10-21 00:00:00+00:00, run_after=2024-10-22 00:00:00+00:00
[2024-10-22T09:33:39.457+0000] {processor.py:208} INFO - Processing /home/airflow/.local/lib/python3.12/site-packages/airflow/example_dags/tutorial.py took 0.148 seconds
[2024-10-22T09:34:09.907+0000] {processor.py:186} INFO - Started process (PID=1273) to work on /home/airflow/.local/lib/python3.12/site-packages/airflow/example_dags/tutorial.py
[2024-10-22T09:34:09.909+0000] {processor.py:914} INFO - Processing file /home/airflow/.local/lib/python3.12/site-packages/airflow/example_dags/tutorial.py for tasks to queue
[2024-10-22T09:34:09.914+0000] {logging_mixin.py:190} INFO - [2024-10-22T09:34:09.913+0000] {dagbag.py:588} INFO - Filling up the DagBag from /home/airflow/.local/lib/python3.12/site-packages/airflow/example_dags/tutorial.py
[2024-10-22T09:34:09.937+0000] {processor.py:925} INFO - DAG(s) 'tutorial' retrieved from /home/airflow/.local/lib/python3.12/site-packages/airflow/example_dags/tutorial.py
[2024-10-22T09:34:09.994+0000] {logging_mixin.py:190} INFO - [2024-10-22T09:34:09.993+0000] {dag.py:3239} INFO - Sync 1 DAGs
[2024-10-22T09:34:10.059+0000] {logging_mixin.py:190} INFO - [2024-10-22T09:34:10.058+0000] {dag.py:4180} INFO - Setting next_dagrun for tutorial to 2024-10-21 00:00:00+00:00, run_after=2024-10-22 00:00:00+00:00
[2024-10-22T09:34:10.098+0000] {processor.py:208} INFO - Processing /home/airflow/.local/lib/python3.12/site-packages/airflow/example_dags/tutorial.py took 0.207 seconds
[2024-10-22T09:34:41.189+0000] {processor.py:186} INFO - Started process (PID=1335) to work on /home/airflow/.local/lib/python3.12/site-packages/airflow/example_dags/tutorial.py
[2024-10-22T09:34:41.192+0000] {processor.py:914} INFO - Processing file /home/airflow/.local/lib/python3.12/site-packages/airflow/example_dags/tutorial.py for tasks to queue
[2024-10-22T09:34:41.201+0000] {logging_mixin.py:190} INFO - [2024-10-22T09:34:41.200+0000] {dagbag.py:588} INFO - Filling up the DagBag from /home/airflow/.local/lib/python3.12/site-packages/airflow/example_dags/tutorial.py
[2024-10-22T09:34:41.226+0000] {processor.py:925} INFO - DAG(s) 'tutorial' retrieved from /home/airflow/.local/lib/python3.12/site-packages/airflow/example_dags/tutorial.py
[2024-10-22T09:34:41.275+0000] {logging_mixin.py:190} INFO - [2024-10-22T09:34:41.274+0000] {dag.py:3239} INFO - Sync 1 DAGs
[2024-10-22T09:34:41.341+0000] {logging_mixin.py:190} INFO - [2024-10-22T09:34:41.340+0000] {dag.py:4180} INFO - Setting next_dagrun for tutorial to 2024-10-21 00:00:00+00:00, run_after=2024-10-22 00:00:00+00:00
[2024-10-22T09:34:41.400+0000] {processor.py:208} INFO - Processing /home/airflow/.local/lib/python3.12/site-packages/airflow/example_dags/tutorial.py took 0.232 seconds
[2024-10-22T09:35:14.391+0000] {processor.py:186} INFO - Started process (PID=1397) to work on /home/airflow/.local/lib/python3.12/site-packages/airflow/example_dags/tutorial.py
[2024-10-22T09:35:14.393+0000] {processor.py:914} INFO - Processing file /home/airflow/.local/lib/python3.12/site-packages/airflow/example_dags/tutorial.py for tasks to queue
[2024-10-22T09:35:14.412+0000] {logging_mixin.py:190} INFO - [2024-10-22T09:35:14.411+0000] {dagbag.py:588} INFO - Filling up the DagBag from /home/airflow/.local/lib/python3.12/site-packages/airflow/example_dags/tutorial.py
[2024-10-22T09:35:14.453+0000] {processor.py:925} INFO - DAG(s) 'tutorial' retrieved from /home/airflow/.local/lib/python3.12/site-packages/airflow/example_dags/tutorial.py
[2024-10-22T09:35:14.531+0000] {logging_mixin.py:190} INFO - [2024-10-22T09:35:14.530+0000] {dag.py:3239} INFO - Sync 1 DAGs
[2024-10-22T09:35:14.626+0000] {logging_mixin.py:190} INFO - [2024-10-22T09:35:14.625+0000] {dag.py:4180} INFO - Setting next_dagrun for tutorial to 2024-10-21 00:00:00+00:00, run_after=2024-10-22 00:00:00+00:00
[2024-10-22T09:35:14.736+0000] {processor.py:208} INFO - Processing /home/airflow/.local/lib/python3.12/site-packages/airflow/example_dags/tutorial.py took 0.365 seconds
[2024-10-22T09:35:45.615+0000] {processor.py:186} INFO - Started process (PID=1459) to work on /home/airflow/.local/lib/python3.12/site-packages/airflow/example_dags/tutorial.py
[2024-10-22T09:35:45.617+0000] {processor.py:914} INFO - Processing file /home/airflow/.local/lib/python3.12/site-packages/airflow/example_dags/tutorial.py for tasks to queue
[2024-10-22T09:35:45.622+0000] {logging_mixin.py:190} INFO - [2024-10-22T09:35:45.621+0000] {dagbag.py:588} INFO - Filling up the DagBag from /home/airflow/.local/lib/python3.12/site-packages/airflow/example_dags/tutorial.py
[2024-10-22T09:35:45.636+0000] {processor.py:925} INFO - DAG(s) 'tutorial' retrieved from /home/airflow/.local/lib/python3.12/site-packages/airflow/example_dags/tutorial.py
[2024-10-22T09:35:45.671+0000] {logging_mixin.py:190} INFO - [2024-10-22T09:35:45.670+0000] {dag.py:3239} INFO - Sync 1 DAGs
[2024-10-22T09:35:45.716+0000] {logging_mixin.py:190} INFO - [2024-10-22T09:35:45.716+0000] {dag.py:4180} INFO - Setting next_dagrun for tutorial to 2024-10-21 00:00:00+00:00, run_after=2024-10-22 00:00:00+00:00
[2024-10-22T09:35:45.762+0000] {processor.py:208} INFO - Processing /home/airflow/.local/lib/python3.12/site-packages/airflow/example_dags/tutorial.py took 0.161 seconds
[2024-10-22T09:36:16.243+0000] {processor.py:186} INFO - Started process (PID=1521) to work on /home/airflow/.local/lib/python3.12/site-packages/airflow/example_dags/tutorial.py
[2024-10-22T09:36:16.245+0000] {processor.py:914} INFO - Processing file /home/airflow/.local/lib/python3.12/site-packages/airflow/example_dags/tutorial.py for tasks to queue
[2024-10-22T09:36:16.249+0000] {logging_mixin.py:190} INFO - [2024-10-22T09:36:16.249+0000] {dagbag.py:588} INFO - Filling up the DagBag from /home/airflow/.local/lib/python3.12/site-packages/airflow/example_dags/tutorial.py
[2024-10-22T09:36:16.268+0000] {processor.py:925} INFO - DAG(s) 'tutorial' retrieved from /home/airflow/.local/lib/python3.12/site-packages/airflow/example_dags/tutorial.py
[2024-10-22T09:36:16.311+0000] {logging_mixin.py:190} INFO - [2024-10-22T09:36:16.310+0000] {dag.py:3239} INFO - Sync 1 DAGs
[2024-10-22T09:36:16.369+0000] {logging_mixin.py:190} INFO - [2024-10-22T09:36:16.368+0000] {dag.py:4180} INFO - Setting next_dagrun for tutorial to 2024-10-21 00:00:00+00:00, run_after=2024-10-22 00:00:00+00:00
[2024-10-22T09:36:16.414+0000] {processor.py:208} INFO - Processing /home/airflow/.local/lib/python3.12/site-packages/airflow/example_dags/tutorial.py took 0.184 seconds
[2024-10-22T09:36:46.937+0000] {processor.py:186} INFO - Started process (PID=1584) to work on /home/airflow/.local/lib/python3.12/site-packages/airflow/example_dags/tutorial.py
[2024-10-22T09:36:46.941+0000] {processor.py:914} INFO - Processing file /home/airflow/.local/lib/python3.12/site-packages/airflow/example_dags/tutorial.py for tasks to queue
[2024-10-22T09:36:46.947+0000] {logging_mixin.py:190} INFO - [2024-10-22T09:36:46.946+0000] {dagbag.py:588} INFO - Filling up the DagBag from /home/airflow/.local/lib/python3.12/site-packages/airflow/example_dags/tutorial.py
[2024-10-22T09:36:46.966+0000] {processor.py:925} INFO - DAG(s) 'tutorial' retrieved from /home/airflow/.local/lib/python3.12/site-packages/airflow/example_dags/tutorial.py
[2024-10-22T09:36:47.004+0000] {logging_mixin.py:190} INFO - [2024-10-22T09:36:47.004+0000] {dag.py:3239} INFO - Sync 1 DAGs
[2024-10-22T09:36:47.076+0000] {logging_mixin.py:190} INFO - [2024-10-22T09:36:47.076+0000] {dag.py:4180} INFO - Setting next_dagrun for tutorial to 2024-10-21 00:00:00+00:00, run_after=2024-10-22 00:00:00+00:00
[2024-10-22T09:36:47.128+0000] {processor.py:208} INFO - Processing /home/airflow/.local/lib/python3.12/site-packages/airflow/example_dags/tutorial.py took 0.208 seconds
[2024-10-22T09:37:17.806+0000] {processor.py:186} INFO - Started process (PID=1646) to work on /home/airflow/.local/lib/python3.12/site-packages/airflow/example_dags/tutorial.py
[2024-10-22T09:37:17.809+0000] {processor.py:914} INFO - Processing file /home/airflow/.local/lib/python3.12/site-packages/airflow/example_dags/tutorial.py for tasks to queue
[2024-10-22T09:37:17.816+0000] {logging_mixin.py:190} INFO - [2024-10-22T09:37:17.816+0000] {dagbag.py:588} INFO - Filling up the DagBag from /home/airflow/.local/lib/python3.12/site-packages/airflow/example_dags/tutorial.py
[2024-10-22T09:37:17.841+0000] {processor.py:925} INFO - DAG(s) 'tutorial' retrieved from /home/airflow/.local/lib/python3.12/site-packages/airflow/example_dags/tutorial.py
[2024-10-22T09:37:17.891+0000] {logging_mixin.py:190} INFO - [2024-10-22T09:37:17.890+0000] {dag.py:3239} INFO - Sync 1 DAGs
[2024-10-22T09:37:18.010+0000] {logging_mixin.py:190} INFO - [2024-10-22T09:37:18.009+0000] {dag.py:4180} INFO - Setting next_dagrun for tutorial to 2024-10-21 00:00:00+00:00, run_after=2024-10-22 00:00:00+00:00
[2024-10-22T09:37:18.077+0000] {processor.py:208} INFO - Processing /home/airflow/.local/lib/python3.12/site-packages/airflow/example_dags/tutorial.py took 0.302 seconds
[2024-10-22T09:37:49.010+0000] {processor.py:186} INFO - Started process (PID=1708) to work on /home/airflow/.local/lib/python3.12/site-packages/airflow/example_dags/tutorial.py
[2024-10-22T09:37:49.013+0000] {processor.py:914} INFO - Processing file /home/airflow/.local/lib/python3.12/site-packages/airflow/example_dags/tutorial.py for tasks to queue
[2024-10-22T09:37:49.020+0000] {logging_mixin.py:190} INFO - [2024-10-22T09:37:49.019+0000] {dagbag.py:588} INFO - Filling up the DagBag from /home/airflow/.local/lib/python3.12/site-packages/airflow/example_dags/tutorial.py
[2024-10-22T09:37:49.044+0000] {processor.py:925} INFO - DAG(s) 'tutorial' retrieved from /home/airflow/.local/lib/python3.12/site-packages/airflow/example_dags/tutorial.py
[2024-10-22T09:37:49.118+0000] {logging_mixin.py:190} INFO - [2024-10-22T09:37:49.117+0000] {dag.py:3239} INFO - Sync 1 DAGs
[2024-10-22T09:37:49.209+0000] {logging_mixin.py:190} INFO - [2024-10-22T09:37:49.209+0000] {dag.py:4180} INFO - Setting next_dagrun for tutorial to 2024-10-21 00:00:00+00:00, run_after=2024-10-22 00:00:00+00:00
[2024-10-22T09:37:49.263+0000] {processor.py:208} INFO - Processing /home/airflow/.local/lib/python3.12/site-packages/airflow/example_dags/tutorial.py took 0.270 seconds
[2024-10-22T09:38:20.670+0000] {processor.py:186} INFO - Started process (PID=1770) to work on /home/airflow/.local/lib/python3.12/site-packages/airflow/example_dags/tutorial.py
[2024-10-22T09:38:20.673+0000] {processor.py:914} INFO - Processing file /home/airflow/.local/lib/python3.12/site-packages/airflow/example_dags/tutorial.py for tasks to queue
[2024-10-22T09:38:20.679+0000] {logging_mixin.py:190} INFO - [2024-10-22T09:38:20.678+0000] {dagbag.py:588} INFO - Filling up the DagBag from /home/airflow/.local/lib/python3.12/site-packages/airflow/example_dags/tutorial.py
[2024-10-22T09:38:20.706+0000] {processor.py:925} INFO - DAG(s) 'tutorial' retrieved from /home/airflow/.local/lib/python3.12/site-packages/airflow/example_dags/tutorial.py
[2024-10-22T09:38:20.760+0000] {logging_mixin.py:190} INFO - [2024-10-22T09:38:20.759+0000] {dag.py:3239} INFO - Sync 1 DAGs
[2024-10-22T09:38:20.838+0000] {logging_mixin.py:190} INFO - [2024-10-22T09:38:20.837+0000] {dag.py:4180} INFO - Setting next_dagrun for tutorial to 2024-10-21 00:00:00+00:00, run_after=2024-10-22 00:00:00+00:00
[2024-10-22T09:38:21.138+0000] {processor.py:208} INFO - Processing /home/airflow/.local/lib/python3.12/site-packages/airflow/example_dags/tutorial.py took 0.485 seconds
[2024-10-22T09:38:51.873+0000] {processor.py:186} INFO - Started process (PID=1832) to work on /home/airflow/.local/lib/python3.12/site-packages/airflow/example_dags/tutorial.py
[2024-10-22T09:38:51.876+0000] {processor.py:914} INFO - Processing file /home/airflow/.local/lib/python3.12/site-packages/airflow/example_dags/tutorial.py for tasks to queue
[2024-10-22T09:38:51.881+0000] {logging_mixin.py:190} INFO - [2024-10-22T09:38:51.881+0000] {dagbag.py:588} INFO - Filling up the DagBag from /home/airflow/.local/lib/python3.12/site-packages/airflow/example_dags/tutorial.py
[2024-10-22T09:38:51.896+0000] {processor.py:925} INFO - DAG(s) 'tutorial' retrieved from /home/airflow/.local/lib/python3.12/site-packages/airflow/example_dags/tutorial.py
[2024-10-22T09:38:51.932+0000] {logging_mixin.py:190} INFO - [2024-10-22T09:38:51.932+0000] {dag.py:3239} INFO - Sync 1 DAGs
[2024-10-22T09:38:51.984+0000] {logging_mixin.py:190} INFO - [2024-10-22T09:38:51.984+0000] {dag.py:4180} INFO - Setting next_dagrun for tutorial to 2024-10-21 00:00:00+00:00, run_after=2024-10-22 00:00:00+00:00
[2024-10-22T09:38:52.038+0000] {processor.py:208} INFO - Processing /home/airflow/.local/lib/python3.12/site-packages/airflow/example_dags/tutorial.py took 0.177 seconds
[2024-10-22T09:39:25.090+0000] {processor.py:186} INFO - Started process (PID=1895) to work on /home/airflow/.local/lib/python3.12/site-packages/airflow/example_dags/tutorial.py
[2024-10-22T09:39:25.092+0000] {processor.py:914} INFO - Processing file /home/airflow/.local/lib/python3.12/site-packages/airflow/example_dags/tutorial.py for tasks to queue
[2024-10-22T09:39:25.098+0000] {logging_mixin.py:190} INFO - [2024-10-22T09:39:25.097+0000] {dagbag.py:588} INFO - Filling up the DagBag from /home/airflow/.local/lib/python3.12/site-packages/airflow/example_dags/tutorial.py
[2024-10-22T09:39:25.118+0000] {processor.py:925} INFO - DAG(s) 'tutorial' retrieved from /home/airflow/.local/lib/python3.12/site-packages/airflow/example_dags/tutorial.py
[2024-10-22T09:39:25.159+0000] {logging_mixin.py:190} INFO - [2024-10-22T09:39:25.158+0000] {dag.py:3239} INFO - Sync 1 DAGs
[2024-10-22T09:39:25.214+0000] {logging_mixin.py:190} INFO - [2024-10-22T09:39:25.213+0000] {dag.py:4180} INFO - Setting next_dagrun for tutorial to 2024-10-21 00:00:00+00:00, run_after=2024-10-22 00:00:00+00:00
[2024-10-22T09:39:25.540+0000] {processor.py:208} INFO - Processing /home/airflow/.local/lib/python3.12/site-packages/airflow/example_dags/tutorial.py took 0.466 seconds
[2024-10-22T09:39:57.482+0000] {processor.py:186} INFO - Started process (PID=1960) to work on /home/airflow/.local/lib/python3.12/site-packages/airflow/example_dags/tutorial.py
[2024-10-22T09:39:57.484+0000] {processor.py:914} INFO - Processing file /home/airflow/.local/lib/python3.12/site-packages/airflow/example_dags/tutorial.py for tasks to queue
[2024-10-22T09:39:57.489+0000] {logging_mixin.py:190} INFO - [2024-10-22T09:39:57.488+0000] {dagbag.py:588} INFO - Filling up the DagBag from /home/airflow/.local/lib/python3.12/site-packages/airflow/example_dags/tutorial.py
[2024-10-22T09:39:57.504+0000] {processor.py:925} INFO - DAG(s) 'tutorial' retrieved from /home/airflow/.local/lib/python3.12/site-packages/airflow/example_dags/tutorial.py
[2024-10-22T09:39:57.543+0000] {logging_mixin.py:190} INFO - [2024-10-22T09:39:57.542+0000] {dag.py:3239} INFO - Sync 1 DAGs
[2024-10-22T09:39:57.591+0000] {logging_mixin.py:190} INFO - [2024-10-22T09:39:57.590+0000] {dag.py:4180} INFO - Setting next_dagrun for tutorial to 2024-10-21 00:00:00+00:00, run_after=2024-10-22 00:00:00+00:00
[2024-10-22T09:39:57.627+0000] {processor.py:208} INFO - Processing /home/airflow/.local/lib/python3.12/site-packages/airflow/example_dags/tutorial.py took 0.156 seconds
[2024-10-22T09:40:28.977+0000] {processor.py:186} INFO - Started process (PID=2025) to work on /home/airflow/.local/lib/python3.12/site-packages/airflow/example_dags/tutorial.py
[2024-10-22T09:40:28.979+0000] {processor.py:914} INFO - Processing file /home/airflow/.local/lib/python3.12/site-packages/airflow/example_dags/tutorial.py for tasks to queue
[2024-10-22T09:40:28.983+0000] {logging_mixin.py:190} INFO - [2024-10-22T09:40:28.983+0000] {dagbag.py:588} INFO - Filling up the DagBag from /home/airflow/.local/lib/python3.12/site-packages/airflow/example_dags/tutorial.py
[2024-10-22T09:40:28.999+0000] {processor.py:925} INFO - DAG(s) 'tutorial' retrieved from /home/airflow/.local/lib/python3.12/site-packages/airflow/example_dags/tutorial.py
[2024-10-22T09:40:29.040+0000] {logging_mixin.py:190} INFO - [2024-10-22T09:40:29.039+0000] {dag.py:3239} INFO - Sync 1 DAGs
[2024-10-22T09:40:29.092+0000] {logging_mixin.py:190} INFO - [2024-10-22T09:40:29.091+0000] {dag.py:4180} INFO - Setting next_dagrun for tutorial to 2024-10-21 00:00:00+00:00, run_after=2024-10-22 00:00:00+00:00
[2024-10-22T09:40:29.132+0000] {processor.py:208} INFO - Processing /home/airflow/.local/lib/python3.12/site-packages/airflow/example_dags/tutorial.py took 0.167 seconds
[2024-10-22T09:41:00.171+0000] {processor.py:186} INFO - Started process (PID=2088) to work on /home/airflow/.local/lib/python3.12/site-packages/airflow/example_dags/tutorial.py
[2024-10-22T09:41:00.173+0000] {processor.py:914} INFO - Processing file /home/airflow/.local/lib/python3.12/site-packages/airflow/example_dags/tutorial.py for tasks to queue
[2024-10-22T09:41:00.177+0000] {logging_mixin.py:190} INFO - [2024-10-22T09:41:00.176+0000] {dagbag.py:588} INFO - Filling up the DagBag from /home/airflow/.local/lib/python3.12/site-packages/airflow/example_dags/tutorial.py
[2024-10-22T09:41:00.191+0000] {processor.py:925} INFO - DAG(s) 'tutorial' retrieved from /home/airflow/.local/lib/python3.12/site-packages/airflow/example_dags/tutorial.py
[2024-10-22T09:41:00.230+0000] {logging_mixin.py:190} INFO - [2024-10-22T09:41:00.229+0000] {dag.py:3239} INFO - Sync 1 DAGs
[2024-10-22T09:41:00.278+0000] {logging_mixin.py:190} INFO - [2024-10-22T09:41:00.277+0000] {dag.py:4180} INFO - Setting next_dagrun for tutorial to 2024-10-21 00:00:00+00:00, run_after=2024-10-22 00:00:00+00:00
[2024-10-22T09:41:00.317+0000] {processor.py:208} INFO - Processing /home/airflow/.local/lib/python3.12/site-packages/airflow/example_dags/tutorial.py took 0.161 seconds
[2024-10-22T09:41:31.375+0000] {processor.py:186} INFO - Started process (PID=2150) to work on /home/airflow/.local/lib/python3.12/site-packages/airflow/example_dags/tutorial.py
[2024-10-22T09:41:31.377+0000] {processor.py:914} INFO - Processing file /home/airflow/.local/lib/python3.12/site-packages/airflow/example_dags/tutorial.py for tasks to queue
[2024-10-22T09:41:31.382+0000] {logging_mixin.py:190} INFO - [2024-10-22T09:41:31.381+0000] {dagbag.py:588} INFO - Filling up the DagBag from /home/airflow/.local/lib/python3.12/site-packages/airflow/example_dags/tutorial.py
[2024-10-22T09:41:31.400+0000] {processor.py:925} INFO - DAG(s) 'tutorial' retrieved from /home/airflow/.local/lib/python3.12/site-packages/airflow/example_dags/tutorial.py
[2024-10-22T09:41:31.442+0000] {logging_mixin.py:190} INFO - [2024-10-22T09:41:31.442+0000] {dag.py:3239} INFO - Sync 1 DAGs
[2024-10-22T09:41:31.491+0000] {logging_mixin.py:190} INFO - [2024-10-22T09:41:31.490+0000] {dag.py:4180} INFO - Setting next_dagrun for tutorial to 2024-10-21 00:00:00+00:00, run_after=2024-10-22 00:00:00+00:00
[2024-10-22T09:41:31.534+0000] {processor.py:208} INFO - Processing /home/airflow/.local/lib/python3.12/site-packages/airflow/example_dags/tutorial.py took 0.173 seconds
[2024-10-22T09:42:01.893+0000] {processor.py:186} INFO - Started process (PID=2212) to work on /home/airflow/.local/lib/python3.12/site-packages/airflow/example_dags/tutorial.py
[2024-10-22T09:42:01.896+0000] {processor.py:914} INFO - Processing file /home/airflow/.local/lib/python3.12/site-packages/airflow/example_dags/tutorial.py for tasks to queue
[2024-10-22T09:42:01.902+0000] {logging_mixin.py:190} INFO - [2024-10-22T09:42:01.901+0000] {dagbag.py:588} INFO - Filling up the DagBag from /home/airflow/.local/lib/python3.12/site-packages/airflow/example_dags/tutorial.py
[2024-10-22T09:42:01.922+0000] {processor.py:925} INFO - DAG(s) 'tutorial' retrieved from /home/airflow/.local/lib/python3.12/site-packages/airflow/example_dags/tutorial.py
[2024-10-22T09:42:01.962+0000] {logging_mixin.py:190} INFO - [2024-10-22T09:42:01.961+0000] {dag.py:3239} INFO - Sync 1 DAGs
[2024-10-22T09:42:02.023+0000] {logging_mixin.py:190} INFO - [2024-10-22T09:42:02.023+0000] {dag.py:4180} INFO - Setting next_dagrun for tutorial to 2024-10-21 00:00:00+00:00, run_after=2024-10-22 00:00:00+00:00
[2024-10-22T09:42:02.073+0000] {processor.py:208} INFO - Processing /home/airflow/.local/lib/python3.12/site-packages/airflow/example_dags/tutorial.py took 0.196 seconds
[2024-10-22T09:42:32.356+0000] {processor.py:186} INFO - Started process (PID=2273) to work on /home/airflow/.local/lib/python3.12/site-packages/airflow/example_dags/tutorial.py
[2024-10-22T09:42:32.358+0000] {processor.py:914} INFO - Processing file /home/airflow/.local/lib/python3.12/site-packages/airflow/example_dags/tutorial.py for tasks to queue
[2024-10-22T09:42:32.364+0000] {logging_mixin.py:190} INFO - [2024-10-22T09:42:32.364+0000] {dagbag.py:588} INFO - Filling up the DagBag from /home/airflow/.local/lib/python3.12/site-packages/airflow/example_dags/tutorial.py
[2024-10-22T09:42:32.384+0000] {processor.py:925} INFO - DAG(s) 'tutorial' retrieved from /home/airflow/.local/lib/python3.12/site-packages/airflow/example_dags/tutorial.py
[2024-10-22T09:42:32.427+0000] {logging_mixin.py:190} INFO - [2024-10-22T09:42:32.427+0000] {dag.py:3239} INFO - Sync 1 DAGs
[2024-10-22T09:42:32.492+0000] {logging_mixin.py:190} INFO - [2024-10-22T09:42:32.491+0000] {dag.py:4180} INFO - Setting next_dagrun for tutorial to 2024-10-21 00:00:00+00:00, run_after=2024-10-22 00:00:00+00:00
[2024-10-22T09:42:32.539+0000] {processor.py:208} INFO - Processing /home/airflow/.local/lib/python3.12/site-packages/airflow/example_dags/tutorial.py took 0.198 seconds
[2024-10-22T09:43:03.086+0000] {processor.py:186} INFO - Started process (PID=2335) to work on /home/airflow/.local/lib/python3.12/site-packages/airflow/example_dags/tutorial.py
[2024-10-22T09:43:03.089+0000] {processor.py:914} INFO - Processing file /home/airflow/.local/lib/python3.12/site-packages/airflow/example_dags/tutorial.py for tasks to queue
[2024-10-22T09:43:03.096+0000] {logging_mixin.py:190} INFO - [2024-10-22T09:43:03.095+0000] {dagbag.py:588} INFO - Filling up the DagBag from /home/airflow/.local/lib/python3.12/site-packages/airflow/example_dags/tutorial.py
[2024-10-22T09:43:03.125+0000] {processor.py:925} INFO - DAG(s) 'tutorial' retrieved from /home/airflow/.local/lib/python3.12/site-packages/airflow/example_dags/tutorial.py
[2024-10-22T09:43:03.185+0000] {logging_mixin.py:190} INFO - [2024-10-22T09:43:03.184+0000] {dag.py:3239} INFO - Sync 1 DAGs
[2024-10-22T09:43:03.250+0000] {logging_mixin.py:190} INFO - [2024-10-22T09:43:03.250+0000] {dag.py:4180} INFO - Setting next_dagrun for tutorial to 2024-10-21 00:00:00+00:00, run_after=2024-10-22 00:00:00+00:00
[2024-10-22T09:43:03.302+0000] {processor.py:208} INFO - Processing /home/airflow/.local/lib/python3.12/site-packages/airflow/example_dags/tutorial.py took 0.231 seconds
[2024-10-22T09:43:34.515+0000] {processor.py:186} INFO - Started process (PID=2403) to work on /home/airflow/.local/lib/python3.12/site-packages/airflow/example_dags/tutorial.py
[2024-10-22T09:43:34.517+0000] {processor.py:914} INFO - Processing file /home/airflow/.local/lib/python3.12/site-packages/airflow/example_dags/tutorial.py for tasks to queue
[2024-10-22T09:43:34.524+0000] {logging_mixin.py:190} INFO - [2024-10-22T09:43:34.523+0000] {dagbag.py:588} INFO - Filling up the DagBag from /home/airflow/.local/lib/python3.12/site-packages/airflow/example_dags/tutorial.py
[2024-10-22T09:43:34.541+0000] {processor.py:925} INFO - DAG(s) 'tutorial' retrieved from /home/airflow/.local/lib/python3.12/site-packages/airflow/example_dags/tutorial.py
[2024-10-22T09:43:34.583+0000] {logging_mixin.py:190} INFO - [2024-10-22T09:43:34.582+0000] {dag.py:3239} INFO - Sync 1 DAGs
[2024-10-22T09:43:34.644+0000] {logging_mixin.py:190} INFO - [2024-10-22T09:43:34.644+0000] {dag.py:4180} INFO - Setting next_dagrun for tutorial to 2024-10-21 00:00:00+00:00, run_after=2024-10-22 00:00:00+00:00
[2024-10-22T09:43:34.690+0000] {processor.py:208} INFO - Processing /home/airflow/.local/lib/python3.12/site-packages/airflow/example_dags/tutorial.py took 0.188 seconds
[2024-10-22T09:44:06.344+0000] {processor.py:186} INFO - Started process (PID=2466) to work on /home/airflow/.local/lib/python3.12/site-packages/airflow/example_dags/tutorial.py
[2024-10-22T09:44:06.348+0000] {processor.py:914} INFO - Processing file /home/airflow/.local/lib/python3.12/site-packages/airflow/example_dags/tutorial.py for tasks to queue
[2024-10-22T09:44:06.363+0000] {logging_mixin.py:190} INFO - [2024-10-22T09:44:06.362+0000] {dagbag.py:588} INFO - Filling up the DagBag from /home/airflow/.local/lib/python3.12/site-packages/airflow/example_dags/tutorial.py
[2024-10-22T09:44:06.401+0000] {processor.py:925} INFO - DAG(s) 'tutorial' retrieved from /home/airflow/.local/lib/python3.12/site-packages/airflow/example_dags/tutorial.py
[2024-10-22T09:44:06.509+0000] {logging_mixin.py:190} INFO - [2024-10-22T09:44:06.508+0000] {dag.py:3239} INFO - Sync 1 DAGs
[2024-10-22T09:44:06.653+0000] {logging_mixin.py:190} INFO - [2024-10-22T09:44:06.652+0000] {dag.py:4180} INFO - Setting next_dagrun for tutorial to 2024-10-21 00:00:00+00:00, run_after=2024-10-22 00:00:00+00:00
[2024-10-22T09:44:06.788+0000] {processor.py:208} INFO - Processing /home/airflow/.local/lib/python3.12/site-packages/airflow/example_dags/tutorial.py took 0.466 seconds
